[2023-05-01T14:37:49.171+0000] {taskinstance.py:1090} INFO - Dependencies all met for dep_context=non-requeueable deps ti=<TaskInstance: space_missions_launches_to_gcp_dag.space_missions_launches_to_gcp_task manual__2023-05-01T14:37:48.266641+00:00 [queued]>
[2023-05-01T14:37:49.175+0000] {taskinstance.py:1090} INFO - Dependencies all met for dep_context=requeueable deps ti=<TaskInstance: space_missions_launches_to_gcp_dag.space_missions_launches_to_gcp_task manual__2023-05-01T14:37:48.266641+00:00 [queued]>
[2023-05-01T14:37:49.175+0000] {taskinstance.py:1288} INFO - 
--------------------------------------------------------------------------------
[2023-05-01T14:37:49.175+0000] {taskinstance.py:1289} INFO - Starting attempt 1 of 1
[2023-05-01T14:37:49.175+0000] {taskinstance.py:1290} INFO - 
--------------------------------------------------------------------------------
[2023-05-01T14:37:49.184+0000] {taskinstance.py:1309} INFO - Executing <Task(PythonOperator): space_missions_launches_to_gcp_task> on 2023-05-01 14:37:48.266641+00:00
[2023-05-01T14:37:49.189+0000] {standard_task_runner.py:55} INFO - Started process 11271 to run task
[2023-05-01T14:37:49.190+0000] {standard_task_runner.py:82} INFO - Running: ['***', 'tasks', 'run', 'space_missions_launches_to_gcp_dag', 'space_missions_launches_to_gcp_task', 'manual__2023-05-01T14:37:48.266641+00:00', '--job-id', '65', '--raw', '--subdir', 'DAGS_FOLDER/space_missions_launches_to_gcp.py', '--cfg-path', '/tmp/tmp00epx6c1']
[2023-05-01T14:37:49.191+0000] {standard_task_runner.py:83} INFO - Job 65: Subtask space_missions_launches_to_gcp_task
[2023-05-01T14:37:49.224+0000] {task_command.py:389} INFO - Running <TaskInstance: space_missions_launches_to_gcp_dag.space_missions_launches_to_gcp_task manual__2023-05-01T14:37:48.266641+00:00 [running]> on host e47d5c97588c
[2023-05-01T14:37:49.265+0000] {taskinstance.py:1518} INFO - Exporting the following env vars:
AIRFLOW_CTX_DAG_OWNER=viktoria.k
AIRFLOW_CTX_DAG_ID=space_missions_launches_to_gcp_dag
AIRFLOW_CTX_TASK_ID=space_missions_launches_to_gcp_task
AIRFLOW_CTX_EXECUTION_DATE=2023-05-01T14:37:48.266641+00:00
AIRFLOW_CTX_TRY_NUMBER=1
AIRFLOW_CTX_DAG_RUN_ID=manual__2023-05-01T14:37:48.266641+00:00
[2023-05-01T14:37:49.271+0000] {base.py:73} INFO - Using connection ID 'google_cloud_default' for task execution.
[2023-05-01T14:37:50.761+0000] {gcs.py:538} INFO - File /tmp/tmpl23ic0so uploaded to mission_launches.csv in de-camp-v1_dl bucket
[2023-05-01T14:37:50.761+0000] {python.py:177} INFO - Done. Returned value was: None
[2023-05-01T14:37:50.780+0000] {taskinstance.py:1332} INFO - Marking task as SUCCESS. dag_id=space_missions_launches_to_gcp_dag, task_id=space_missions_launches_to_gcp_task, execution_date=20230501T143748, start_date=20230501T143749, end_date=20230501T143750
[2023-05-01T14:37:50.807+0000] {local_task_job.py:212} INFO - Task exited with return code 0
[2023-05-01T14:37:50.828+0000] {taskinstance.py:2596} INFO - 1 downstream tasks scheduled from follow-on schedule check
