[2023-05-01T14:23:37.972+0000] {taskinstance.py:1090} INFO - Dependencies all met for dep_context=non-requeueable deps ti=<TaskInstance: space_missions_launches_to_gcp_dag.space_missions_launches_from_gcs_to_bq_task manual__2023-05-01T14:23:34.216508+00:00 [queued]>
[2023-05-01T14:23:37.976+0000] {taskinstance.py:1090} INFO - Dependencies all met for dep_context=requeueable deps ti=<TaskInstance: space_missions_launches_to_gcp_dag.space_missions_launches_from_gcs_to_bq_task manual__2023-05-01T14:23:34.216508+00:00 [queued]>
[2023-05-01T14:23:37.977+0000] {taskinstance.py:1288} INFO - 
--------------------------------------------------------------------------------
[2023-05-01T14:23:37.977+0000] {taskinstance.py:1289} INFO - Starting attempt 1 of 1
[2023-05-01T14:23:37.977+0000] {taskinstance.py:1290} INFO - 
--------------------------------------------------------------------------------
[2023-05-01T14:23:37.985+0000] {taskinstance.py:1309} INFO - Executing <Task(GCSToBigQueryOperator): space_missions_launches_from_gcs_to_bq_task> on 2023-05-01 14:23:34.216508+00:00
[2023-05-01T14:23:37.990+0000] {standard_task_runner.py:55} INFO - Started process 10585 to run task
[2023-05-01T14:23:37.992+0000] {standard_task_runner.py:82} INFO - Running: ['***', 'tasks', 'run', 'space_missions_launches_to_gcp_dag', 'space_missions_launches_from_gcs_to_bq_task', 'manual__2023-05-01T14:23:34.216508+00:00', '--job-id', '51', '--raw', '--subdir', 'DAGS_FOLDER/space_missions_launches_to_gcp.py', '--cfg-path', '/tmp/tmphzcqo9d_']
[2023-05-01T14:23:37.992+0000] {standard_task_runner.py:83} INFO - Job 51: Subtask space_missions_launches_from_gcs_to_bq_task
[2023-05-01T14:23:38.038+0000] {task_command.py:389} INFO - Running <TaskInstance: space_missions_launches_to_gcp_dag.space_missions_launches_from_gcs_to_bq_task manual__2023-05-01T14:23:34.216508+00:00 [running]> on host e47d5c97588c
[2023-05-01T14:23:38.078+0000] {taskinstance.py:1518} INFO - Exporting the following env vars:
AIRFLOW_CTX_DAG_OWNER=viktoria.k
AIRFLOW_CTX_DAG_ID=space_missions_launches_to_gcp_dag
AIRFLOW_CTX_TASK_ID=space_missions_launches_from_gcs_to_bq_task
AIRFLOW_CTX_EXECUTION_DATE=2023-05-01T14:23:34.216508+00:00
AIRFLOW_CTX_TRY_NUMBER=1
AIRFLOW_CTX_DAG_RUN_ID=manual__2023-05-01T14:23:34.216508+00:00
[2023-05-01T14:23:38.083+0000] {base.py:73} INFO - Using connection ID 'google_cloud_default' for task execution.
[2023-05-01T14:23:38.087+0000] {gcs_to_bigquery.py:368} INFO - Creating a new BigQuery table for storing data...
[2023-05-01T14:23:38.118+0000] {gcs_to_bigquery.py:574} INFO - Creating external table: de-camp-v1.space_mission_launches.mission_launches
[2023-05-01T14:23:38.990+0000] {gcs_to_bigquery.py:578} INFO - External table created successfully: de-camp-v1.space_mission_launches.mission_launches
[2023-05-01T14:23:39.043+0000] {taskinstance.py:1332} INFO - Marking task as SUCCESS. dag_id=space_missions_launches_to_gcp_dag, task_id=space_missions_launches_from_gcs_to_bq_task, execution_date=20230501T142334, start_date=20230501T142337, end_date=20230501T142339
[2023-05-01T14:23:39.088+0000] {local_task_job.py:212} INFO - Task exited with return code 0
[2023-05-01T14:23:39.116+0000] {taskinstance.py:2596} INFO - 0 downstream tasks scheduled from follow-on schedule check
