[2023-05-01T16:20:27.588+0000] {taskinstance.py:1090} INFO - Dependencies all met for dep_context=non-requeueable deps ti=<TaskInstance: space_missions_launches_to_gcp_dag.space_missions_launches_to_gcp_task manual__2023-05-01T16:20:26.018331+00:00 [queued]>
[2023-05-01T16:20:27.592+0000] {taskinstance.py:1090} INFO - Dependencies all met for dep_context=requeueable deps ti=<TaskInstance: space_missions_launches_to_gcp_dag.space_missions_launches_to_gcp_task manual__2023-05-01T16:20:26.018331+00:00 [queued]>
[2023-05-01T16:20:27.592+0000] {taskinstance.py:1288} INFO - 
--------------------------------------------------------------------------------
[2023-05-01T16:20:27.592+0000] {taskinstance.py:1289} INFO - Starting attempt 1 of 1
[2023-05-01T16:20:27.592+0000] {taskinstance.py:1290} INFO - 
--------------------------------------------------------------------------------
[2023-05-01T16:20:27.601+0000] {taskinstance.py:1309} INFO - Executing <Task(PythonOperator): space_missions_launches_to_gcp_task> on 2023-05-01 16:20:26.018331+00:00
[2023-05-01T16:20:27.606+0000] {standard_task_runner.py:55} INFO - Started process 16090 to run task
[2023-05-01T16:20:27.608+0000] {standard_task_runner.py:82} INFO - Running: ['***', 'tasks', 'run', 'space_missions_launches_to_gcp_dag', 'space_missions_launches_to_gcp_task', 'manual__2023-05-01T16:20:26.018331+00:00', '--job-id', '111', '--raw', '--subdir', 'DAGS_FOLDER/space_missions_launches_to_gcp.py', '--cfg-path', '/tmp/tmpg7_6mtx2']
[2023-05-01T16:20:27.608+0000] {standard_task_runner.py:83} INFO - Job 111: Subtask space_missions_launches_to_gcp_task
[2023-05-01T16:20:27.643+0000] {task_command.py:389} INFO - Running <TaskInstance: space_missions_launches_to_gcp_dag.space_missions_launches_to_gcp_task manual__2023-05-01T16:20:26.018331+00:00 [running]> on host e47d5c97588c
[2023-05-01T16:20:27.683+0000] {taskinstance.py:1518} INFO - Exporting the following env vars:
AIRFLOW_CTX_DAG_OWNER=viktoria.k
AIRFLOW_CTX_DAG_ID=space_missions_launches_to_gcp_dag
AIRFLOW_CTX_TASK_ID=space_missions_launches_to_gcp_task
AIRFLOW_CTX_EXECUTION_DATE=2023-05-01T16:20:26.018331+00:00
AIRFLOW_CTX_TRY_NUMBER=1
AIRFLOW_CTX_DAG_RUN_ID=manual__2023-05-01T16:20:26.018331+00:00
[2023-05-01T16:20:27.688+0000] {base.py:73} INFO - Using connection ID 'google_cloud_default' for task execution.
[2023-05-01T16:20:28.735+0000] {space_missions_launches_to_gcp.py:39} WARNING - !!!!!!!!!!['mission_launches_2023-05-01.csv']
[2023-05-01T16:20:29.716+0000] {logging_mixin.py:137} INFO - <class 'pandas.core.frame.DataFrame'>
Int64Index: 963 entries, 0 to 962
Data columns (total 8 columns):
 #   Column          Non-Null Count  Dtype 
---  ------          --------------  ----- 
 0   organisation    963 non-null    object
 1   location        963 non-null    object
 2   date            963 non-null    object
 3   detail          963 non-null    object
 4   rocket_status   963 non-null    object
 5   price           963 non-null    object
 6   mission_status  963 non-null    object
 7   country         963 non-null    object
dtypes: object(8)
memory usage: 67.7+ KB
[2023-05-01T16:20:29.717+0000] {space_missions_launches_to_gcp.py:45} WARNING - rea rows None organisation                                                   CASC
location          Site 9401 (SLS-2), Jiuquan Satellite Launch Ce...
date                                      2020-08-06 04:01:00+00:00
detail                          Long March 2D | Gaofen-9 04 & Q-SAT
rocket_status                                          StatusActive
price                                                         29.75
mission_status                                              Success
country                                                       China
Name: 1, dtype: object
[2023-05-01T16:20:29.717+0000] {python.py:177} INFO - Done. Returned value was: continue
[2023-05-01T16:20:29.733+0000] {taskinstance.py:1332} INFO - Marking task as SUCCESS. dag_id=space_missions_launches_to_gcp_dag, task_id=space_missions_launches_to_gcp_task, execution_date=20230501T162026, start_date=20230501T162027, end_date=20230501T162029
[2023-05-01T16:20:29.786+0000] {local_task_job.py:212} INFO - Task exited with return code 0
[2023-05-01T16:20:29.800+0000] {taskinstance.py:2596} INFO - 1 downstream tasks scheduled from follow-on schedule check
