[2023-05-01T15:21:42.158+0000] {taskinstance.py:1090} INFO - Dependencies all met for dep_context=non-requeueable deps ti=<TaskInstance: space_missions_launches_to_gcp_dag.space_missions_launches_to_gcp_task manual__2023-05-01T15:21:40.880211+00:00 [queued]>
[2023-05-01T15:21:42.163+0000] {taskinstance.py:1090} INFO - Dependencies all met for dep_context=requeueable deps ti=<TaskInstance: space_missions_launches_to_gcp_dag.space_missions_launches_to_gcp_task manual__2023-05-01T15:21:40.880211+00:00 [queued]>
[2023-05-01T15:21:42.164+0000] {taskinstance.py:1288} INFO - 
--------------------------------------------------------------------------------
[2023-05-01T15:21:42.164+0000] {taskinstance.py:1289} INFO - Starting attempt 1 of 1
[2023-05-01T15:21:42.164+0000] {taskinstance.py:1290} INFO - 
--------------------------------------------------------------------------------
[2023-05-01T15:21:42.174+0000] {taskinstance.py:1309} INFO - Executing <Task(PythonOperator): space_missions_launches_to_gcp_task> on 2023-05-01 15:21:40.880211+00:00
[2023-05-01T15:21:42.179+0000] {standard_task_runner.py:55} INFO - Started process 13324 to run task
[2023-05-01T15:21:42.181+0000] {standard_task_runner.py:82} INFO - Running: ['***', 'tasks', 'run', 'space_missions_launches_to_gcp_dag', 'space_missions_launches_to_gcp_task', 'manual__2023-05-01T15:21:40.880211+00:00', '--job-id', '80', '--raw', '--subdir', 'DAGS_FOLDER/space_missions_launches_to_gcp.py', '--cfg-path', '/tmp/tmpqvy4g020']
[2023-05-01T15:21:42.181+0000] {standard_task_runner.py:83} INFO - Job 80: Subtask space_missions_launches_to_gcp_task
[2023-05-01T15:21:42.218+0000] {task_command.py:389} INFO - Running <TaskInstance: space_missions_launches_to_gcp_dag.space_missions_launches_to_gcp_task manual__2023-05-01T15:21:40.880211+00:00 [running]> on host e47d5c97588c
[2023-05-01T15:21:42.262+0000] {taskinstance.py:1518} INFO - Exporting the following env vars:
AIRFLOW_CTX_DAG_OWNER=viktoria.k
AIRFLOW_CTX_DAG_ID=space_missions_launches_to_gcp_dag
AIRFLOW_CTX_TASK_ID=space_missions_launches_to_gcp_task
AIRFLOW_CTX_EXECUTION_DATE=2023-05-01T15:21:40.880211+00:00
AIRFLOW_CTX_TRY_NUMBER=1
AIRFLOW_CTX_DAG_RUN_ID=manual__2023-05-01T15:21:40.880211+00:00
[2023-05-01T15:21:42.268+0000] {base.py:73} INFO - Using connection ID 'google_cloud_default' for task execution.
[2023-05-01T15:21:44.611+0000] {gcs.py:538} INFO - File /tmp/tmp4f34n91i uploaded to mission_launches_2023-05-01.csv in de-camp-v1_dl bucket
[2023-05-01T15:21:44.612+0000] {python.py:177} INFO - Done. Returned value was: continue
[2023-05-01T15:21:44.665+0000] {taskinstance.py:1332} INFO - Marking task as SUCCESS. dag_id=space_missions_launches_to_gcp_dag, task_id=space_missions_launches_to_gcp_task, execution_date=20230501T152140, start_date=20230501T152142, end_date=20230501T152144
[2023-05-01T15:21:44.720+0000] {local_task_job.py:212} INFO - Task exited with return code 0
[2023-05-01T15:21:44.741+0000] {taskinstance.py:2596} INFO - 1 downstream tasks scheduled from follow-on schedule check
