[2023-05-01T13:44:23.732+0000] {taskinstance.py:1090} INFO - Dependencies all met for dep_context=non-requeueable deps ti=<TaskInstance: space_missions_launches_to_gcp_dag.space_missions_launches_to_gcp_task manual__2023-05-01T11:30:38.175260+00:00 [queued]>
[2023-05-01T13:44:23.737+0000] {taskinstance.py:1090} INFO - Dependencies all met for dep_context=requeueable deps ti=<TaskInstance: space_missions_launches_to_gcp_dag.space_missions_launches_to_gcp_task manual__2023-05-01T11:30:38.175260+00:00 [queued]>
[2023-05-01T13:44:23.737+0000] {taskinstance.py:1288} INFO - 
--------------------------------------------------------------------------------
[2023-05-01T13:44:23.737+0000] {taskinstance.py:1289} INFO - Starting attempt 20 of 20
[2023-05-01T13:44:23.737+0000] {taskinstance.py:1290} INFO - 
--------------------------------------------------------------------------------
[2023-05-01T13:44:23.746+0000] {taskinstance.py:1309} INFO - Executing <Task(PythonOperator): space_missions_launches_to_gcp_task> on 2023-05-01 11:30:38.175260+00:00
[2023-05-01T13:44:23.750+0000] {standard_task_runner.py:55} INFO - Started process 8743 to run task
[2023-05-01T13:44:23.751+0000] {standard_task_runner.py:82} INFO - Running: ['***', 'tasks', 'run', 'space_missions_launches_to_gcp_dag', 'space_missions_launches_to_gcp_task', 'manual__2023-05-01T11:30:38.175260+00:00', '--job-id', '34', '--raw', '--subdir', 'DAGS_FOLDER/space_missions_launches_to_gcp.py', '--cfg-path', '/tmp/tmp6e26i2gm']
[2023-05-01T13:44:23.752+0000] {standard_task_runner.py:83} INFO - Job 34: Subtask space_missions_launches_to_gcp_task
[2023-05-01T13:44:23.787+0000] {task_command.py:389} INFO - Running <TaskInstance: space_missions_launches_to_gcp_dag.space_missions_launches_to_gcp_task manual__2023-05-01T11:30:38.175260+00:00 [running]> on host e47d5c97588c
[2023-05-01T13:44:23.826+0000] {taskinstance.py:1518} INFO - Exporting the following env vars:
AIRFLOW_CTX_DAG_OWNER=viktoria.k
AIRFLOW_CTX_DAG_ID=space_missions_launches_to_gcp_dag
AIRFLOW_CTX_TASK_ID=space_missions_launches_to_gcp_task
AIRFLOW_CTX_EXECUTION_DATE=2023-05-01T11:30:38.175260+00:00
AIRFLOW_CTX_TRY_NUMBER=20
AIRFLOW_CTX_DAG_RUN_ID=manual__2023-05-01T11:30:38.175260+00:00
[2023-05-01T13:44:23.831+0000] {base.py:73} INFO - Using connection ID 'google_cloud_default' for task execution.
[2023-05-01T13:44:25.205+0000] {gcs.py:538} INFO - File /tmp/tmp50_jgp32 uploaded to mission_launches.csv in de-camp-v1_dl bucket
[2023-05-01T13:44:25.206+0000] {python.py:177} INFO - Done. Returned value was: None
[2023-05-01T13:44:25.212+0000] {taskinstance.py:1332} INFO - Marking task as SUCCESS. dag_id=space_missions_launches_to_gcp_dag, task_id=space_missions_launches_to_gcp_task, execution_date=20230501T113038, start_date=20230501T134423, end_date=20230501T134425
[2023-05-01T13:44:25.248+0000] {local_task_job.py:212} INFO - Task exited with return code 0
[2023-05-01T13:44:25.277+0000] {taskinstance.py:2596} INFO - 0 downstream tasks scheduled from follow-on schedule check
