[2023-05-02T19:35:17.948+0000] {taskinstance.py:1090} INFO - Dependencies all met for dep_context=non-requeueable deps ti=<TaskInstance: space_missions_launches_to_gcp_dag.space_missions_launches_to_gcp_task manual__2023-05-02T19:35:16.109236+00:00 [queued]>
[2023-05-02T19:35:17.953+0000] {taskinstance.py:1090} INFO - Dependencies all met for dep_context=requeueable deps ti=<TaskInstance: space_missions_launches_to_gcp_dag.space_missions_launches_to_gcp_task manual__2023-05-02T19:35:16.109236+00:00 [queued]>
[2023-05-02T19:35:17.954+0000] {taskinstance.py:1288} INFO - 
--------------------------------------------------------------------------------
[2023-05-02T19:35:17.954+0000] {taskinstance.py:1289} INFO - Starting attempt 1 of 1
[2023-05-02T19:35:17.954+0000] {taskinstance.py:1290} INFO - 
--------------------------------------------------------------------------------
[2023-05-02T19:35:17.965+0000] {taskinstance.py:1309} INFO - Executing <Task(PythonOperator): space_missions_launches_to_gcp_task> on 2023-05-02 19:35:16.109236+00:00
[2023-05-02T19:35:17.969+0000] {standard_task_runner.py:55} INFO - Started process 113 to run task
[2023-05-02T19:35:17.971+0000] {standard_task_runner.py:82} INFO - Running: ['***', 'tasks', 'run', 'space_missions_launches_to_gcp_dag', 'space_missions_launches_to_gcp_task', 'manual__2023-05-02T19:35:16.109236+00:00', '--job-id', '127', '--raw', '--subdir', 'DAGS_FOLDER/space_missions_launches_to_gcp.py', '--cfg-path', '/tmp/tmpcss92da6']
[2023-05-02T19:35:17.971+0000] {standard_task_runner.py:83} INFO - Job 127: Subtask space_missions_launches_to_gcp_task
[2023-05-02T19:35:18.012+0000] {task_command.py:389} INFO - Running <TaskInstance: space_missions_launches_to_gcp_dag.space_missions_launches_to_gcp_task manual__2023-05-02T19:35:16.109236+00:00 [running]> on host e47d5c97588c
[2023-05-02T19:35:18.060+0000] {taskinstance.py:1518} INFO - Exporting the following env vars:
AIRFLOW_CTX_DAG_OWNER=viktoria.k
AIRFLOW_CTX_DAG_ID=space_missions_launches_to_gcp_dag
AIRFLOW_CTX_TASK_ID=space_missions_launches_to_gcp_task
AIRFLOW_CTX_EXECUTION_DATE=2023-05-02T19:35:16.109236+00:00
AIRFLOW_CTX_TRY_NUMBER=1
AIRFLOW_CTX_DAG_RUN_ID=manual__2023-05-02T19:35:16.109236+00:00
[2023-05-02T19:35:18.067+0000] {base.py:73} INFO - Using connection ID 'google_cloud_default' for task execution.
[2023-05-02T19:35:19.672+0000] {gcs.py:538} INFO - File /tmp/tmpa2ap4i0q uploaded to mission_launches_2023-05-02.csv in de-camp-v1_dl bucket
[2023-05-02T19:35:19.672+0000] {python.py:177} INFO - Done. Returned value was: continue
[2023-05-02T19:35:19.690+0000] {taskinstance.py:1332} INFO - Marking task as SUCCESS. dag_id=space_missions_launches_to_gcp_dag, task_id=space_missions_launches_to_gcp_task, execution_date=20230502T193516, start_date=20230502T193517, end_date=20230502T193519
[2023-05-02T19:35:19.708+0000] {local_task_job.py:212} INFO - Task exited with return code 0
[2023-05-02T19:35:19.728+0000] {taskinstance.py:2596} INFO - 1 downstream tasks scheduled from follow-on schedule check
