[2023-05-01T15:06:18.300+0000] {taskinstance.py:1090} INFO - Dependencies all met for dep_context=non-requeueable deps ti=<TaskInstance: space_missions_launches_to_gcp_dag.space_missions_launches_to_gcp_task manual__2023-05-01T15:06:17.124242+00:00 [queued]>
[2023-05-01T15:06:18.306+0000] {taskinstance.py:1090} INFO - Dependencies all met for dep_context=requeueable deps ti=<TaskInstance: space_missions_launches_to_gcp_dag.space_missions_launches_to_gcp_task manual__2023-05-01T15:06:17.124242+00:00 [queued]>
[2023-05-01T15:06:18.306+0000] {taskinstance.py:1288} INFO - 
--------------------------------------------------------------------------------
[2023-05-01T15:06:18.306+0000] {taskinstance.py:1289} INFO - Starting attempt 1 of 1
[2023-05-01T15:06:18.306+0000] {taskinstance.py:1290} INFO - 
--------------------------------------------------------------------------------
[2023-05-01T15:06:18.316+0000] {taskinstance.py:1309} INFO - Executing <Task(PythonOperator): space_missions_launches_to_gcp_task> on 2023-05-01 15:06:17.124242+00:00
[2023-05-01T15:06:18.321+0000] {standard_task_runner.py:55} INFO - Started process 12584 to run task
[2023-05-01T15:06:18.323+0000] {standard_task_runner.py:82} INFO - Running: ['***', 'tasks', 'run', 'space_missions_launches_to_gcp_dag', 'space_missions_launches_to_gcp_task', 'manual__2023-05-01T15:06:17.124242+00:00', '--job-id', '73', '--raw', '--subdir', 'DAGS_FOLDER/space_missions_launches_to_gcp.py', '--cfg-path', '/tmp/tmp9q75ptc8']
[2023-05-01T15:06:18.323+0000] {standard_task_runner.py:83} INFO - Job 73: Subtask space_missions_launches_to_gcp_task
[2023-05-01T15:06:18.360+0000] {task_command.py:389} INFO - Running <TaskInstance: space_missions_launches_to_gcp_dag.space_missions_launches_to_gcp_task manual__2023-05-01T15:06:17.124242+00:00 [running]> on host e47d5c97588c
[2023-05-01T15:06:18.403+0000] {taskinstance.py:1518} INFO - Exporting the following env vars:
AIRFLOW_CTX_DAG_OWNER=viktoria.k
AIRFLOW_CTX_DAG_ID=space_missions_launches_to_gcp_dag
AIRFLOW_CTX_TASK_ID=space_missions_launches_to_gcp_task
AIRFLOW_CTX_EXECUTION_DATE=2023-05-01T15:06:17.124242+00:00
AIRFLOW_CTX_TRY_NUMBER=1
AIRFLOW_CTX_DAG_RUN_ID=manual__2023-05-01T15:06:17.124242+00:00
[2023-05-01T15:06:18.409+0000] {base.py:73} INFO - Using connection ID 'google_cloud_default' for task execution.
[2023-05-01T15:06:20.236+0000] {gcs.py:538} INFO - File /tmp/tmpnvpb4qdh uploaded to mission_launches_2023-05-01.csv in de-camp-v1_dl bucket
[2023-05-01T15:06:20.237+0000] {python.py:177} INFO - Done. Returned value was: None
[2023-05-01T15:06:20.244+0000] {taskinstance.py:1332} INFO - Marking task as SUCCESS. dag_id=space_missions_launches_to_gcp_dag, task_id=space_missions_launches_to_gcp_task, execution_date=20230501T150617, start_date=20230501T150618, end_date=20230501T150620
[2023-05-01T15:06:20.300+0000] {local_task_job.py:212} INFO - Task exited with return code 0
[2023-05-01T15:06:20.312+0000] {taskinstance.py:2596} INFO - 1 downstream tasks scheduled from follow-on schedule check
