[2023-05-01T16:52:00.069+0000] {taskinstance.py:1090} INFO - Dependencies all met for dep_context=non-requeueable deps ti=<TaskInstance: space_missions_launches_to_gcp_dag.space_missions_launches_to_gcp_task manual__2023-05-01T16:51:59.089443+00:00 [queued]>
[2023-05-01T16:52:00.073+0000] {taskinstance.py:1090} INFO - Dependencies all met for dep_context=requeueable deps ti=<TaskInstance: space_missions_launches_to_gcp_dag.space_missions_launches_to_gcp_task manual__2023-05-01T16:51:59.089443+00:00 [queued]>
[2023-05-01T16:52:00.073+0000] {taskinstance.py:1288} INFO - 
--------------------------------------------------------------------------------
[2023-05-01T16:52:00.073+0000] {taskinstance.py:1289} INFO - Starting attempt 1 of 1
[2023-05-01T16:52:00.074+0000] {taskinstance.py:1290} INFO - 
--------------------------------------------------------------------------------
[2023-05-01T16:52:00.083+0000] {taskinstance.py:1309} INFO - Executing <Task(PythonOperator): space_missions_launches_to_gcp_task> on 2023-05-01 16:51:59.089443+00:00
[2023-05-01T16:52:00.087+0000] {standard_task_runner.py:55} INFO - Started process 17535 to run task
[2023-05-01T16:52:00.089+0000] {standard_task_runner.py:82} INFO - Running: ['***', 'tasks', 'run', 'space_missions_launches_to_gcp_dag', 'space_missions_launches_to_gcp_task', 'manual__2023-05-01T16:51:59.089443+00:00', '--job-id', '115', '--raw', '--subdir', 'DAGS_FOLDER/space_missions_launches_to_gcp.py', '--cfg-path', '/tmp/tmp1phtx0_p']
[2023-05-01T16:52:00.089+0000] {standard_task_runner.py:83} INFO - Job 115: Subtask space_missions_launches_to_gcp_task
[2023-05-01T16:52:00.124+0000] {task_command.py:389} INFO - Running <TaskInstance: space_missions_launches_to_gcp_dag.space_missions_launches_to_gcp_task manual__2023-05-01T16:51:59.089443+00:00 [running]> on host e47d5c97588c
[2023-05-01T16:52:00.166+0000] {taskinstance.py:1518} INFO - Exporting the following env vars:
AIRFLOW_CTX_DAG_OWNER=viktoria.k
AIRFLOW_CTX_DAG_ID=space_missions_launches_to_gcp_dag
AIRFLOW_CTX_TASK_ID=space_missions_launches_to_gcp_task
AIRFLOW_CTX_EXECUTION_DATE=2023-05-01T16:51:59.089443+00:00
AIRFLOW_CTX_TRY_NUMBER=1
AIRFLOW_CTX_DAG_RUN_ID=manual__2023-05-01T16:51:59.089443+00:00
[2023-05-01T16:52:00.172+0000] {base.py:73} INFO - Using connection ID 'google_cloud_default' for task execution.
[2023-05-01T16:52:02.225+0000] {logging_mixin.py:137} INFO - <class 'pandas.core.frame.DataFrame'>
Int64Index: 0 entries
Data columns (total 8 columns):
 #   Column          Non-Null Count  Dtype 
---  ------          --------------  ----- 
 0   organisation    0 non-null      object
 1   location        0 non-null      object
 2   date            0 non-null      object
 3   detail          0 non-null      object
 4   rocket_status   0 non-null      object
 5   price           0 non-null      object
 6   mission_status  0 non-null      object
 7   country         0 non-null      object
dtypes: object(8)
memory usage: 0.0+ bytes
[2023-05-01T16:52:02.225+0000] {space_missions_launches_to_gcp.py:44} INFO -  ml None
[2023-05-01T16:52:02.225+0000] {space_missions_launches_to_gcp.py:55} WARNING - Nothing to update
[2023-05-01T16:52:02.226+0000] {python.py:177} INFO - Done. Returned value was: skip
[2023-05-01T16:52:02.244+0000] {taskinstance.py:1332} INFO - Marking task as SUCCESS. dag_id=space_missions_launches_to_gcp_dag, task_id=space_missions_launches_to_gcp_task, execution_date=20230501T165159, start_date=20230501T165200, end_date=20230501T165202
[2023-05-01T16:52:02.267+0000] {local_task_job.py:212} INFO - Task exited with return code 0
[2023-05-01T16:52:02.289+0000] {taskinstance.py:2596} INFO - 1 downstream tasks scheduled from follow-on schedule check
