[2023-05-01T16:52:03.094+0000] {taskinstance.py:1090} INFO - Dependencies all met for dep_context=non-requeueable deps ti=<TaskInstance: space_missions_launches_to_gcp_dag.branch_task manual__2023-05-01T16:51:59.089443+00:00 [queued]>
[2023-05-01T16:52:03.099+0000] {taskinstance.py:1090} INFO - Dependencies all met for dep_context=requeueable deps ti=<TaskInstance: space_missions_launches_to_gcp_dag.branch_task manual__2023-05-01T16:51:59.089443+00:00 [queued]>
[2023-05-01T16:52:03.099+0000] {taskinstance.py:1288} INFO - 
--------------------------------------------------------------------------------
[2023-05-01T16:52:03.099+0000] {taskinstance.py:1289} INFO - Starting attempt 1 of 1
[2023-05-01T16:52:03.099+0000] {taskinstance.py:1290} INFO - 
--------------------------------------------------------------------------------
[2023-05-01T16:52:03.109+0000] {taskinstance.py:1309} INFO - Executing <Task(_BranchPythonDecoratedOperator): branch_task> on 2023-05-01 16:51:59.089443+00:00
[2023-05-01T16:52:03.114+0000] {standard_task_runner.py:55} INFO - Started process 17538 to run task
[2023-05-01T16:52:03.117+0000] {standard_task_runner.py:82} INFO - Running: ['***', 'tasks', 'run', 'space_missions_launches_to_gcp_dag', 'branch_task', 'manual__2023-05-01T16:51:59.089443+00:00', '--job-id', '116', '--raw', '--subdir', 'DAGS_FOLDER/space_missions_launches_to_gcp.py', '--cfg-path', '/tmp/tmpf403ogue']
[2023-05-01T16:52:03.117+0000] {standard_task_runner.py:83} INFO - Job 116: Subtask branch_task
[2023-05-01T16:52:03.155+0000] {task_command.py:389} INFO - Running <TaskInstance: space_missions_launches_to_gcp_dag.branch_task manual__2023-05-01T16:51:59.089443+00:00 [running]> on host e47d5c97588c
[2023-05-01T16:52:03.197+0000] {taskinstance.py:1518} INFO - Exporting the following env vars:
AIRFLOW_CTX_DAG_OWNER=***
AIRFLOW_CTX_DAG_ID=space_missions_launches_to_gcp_dag
AIRFLOW_CTX_TASK_ID=branch_task
AIRFLOW_CTX_EXECUTION_DATE=2023-05-01T16:51:59.089443+00:00
AIRFLOW_CTX_TRY_NUMBER=1
AIRFLOW_CTX_DAG_RUN_ID=manual__2023-05-01T16:51:59.089443+00:00
[2023-05-01T16:52:03.204+0000] {python.py:177} INFO - Done. Returned value was: stop_task
[2023-05-01T16:52:03.204+0000] {python.py:211} INFO - Branch callable return stop_task
[2023-05-01T16:52:03.204+0000] {skipmixin.py:155} INFO - Following branch stop_task
[2023-05-01T16:52:03.218+0000] {taskinstance.py:1332} INFO - Marking task as SUCCESS. dag_id=space_missions_launches_to_gcp_dag, task_id=branch_task, execution_date=20230501T165159, start_date=20230501T165203, end_date=20230501T165203
[2023-05-01T16:52:03.248+0000] {local_task_job.py:212} INFO - Task exited with return code 0
[2023-05-01T16:52:03.258+0000] {taskinstance.py:2596} INFO - 0 downstream tasks scheduled from follow-on schedule check
