[2023-04-27T04:59:14.345+0000] {processor.py:153} INFO - Started process (PID=54) to work on /home/airflow/.local/lib/python3.7/site-packages/airflow/example_dags/example_complex.py
[2023-04-27T04:59:14.346+0000] {processor.py:743} INFO - Processing file /home/airflow/.local/lib/python3.7/site-packages/airflow/example_dags/example_complex.py for tasks to queue
[2023-04-27T04:59:14.347+0000] {logging_mixin.py:137} INFO - [2023-04-27T04:59:14.346+0000] {dagbag.py:532} INFO - Filling up the DagBag from /home/airflow/.local/lib/python3.7/site-packages/airflow/example_dags/example_complex.py
[2023-04-27T04:59:14.357+0000] {logging_mixin.py:137} INFO - [2023-04-27T04:59:14.357+0000] {taskmixin.py:211} WARNING - Dependency <Task(BashOperator): create_entry_group>, delete_entry_group already registered for DAG: example_complex
[2023-04-27T04:59:14.357+0000] {logging_mixin.py:137} INFO - [2023-04-27T04:59:14.357+0000] {taskmixin.py:211} WARNING - Dependency <Task(BashOperator): delete_entry_group>, create_entry_group already registered for DAG: example_complex
[2023-04-27T04:59:14.358+0000] {logging_mixin.py:137} INFO - [2023-04-27T04:59:14.358+0000] {taskmixin.py:211} WARNING - Dependency <Task(BashOperator): create_entry_gcs>, delete_entry already registered for DAG: example_complex
[2023-04-27T04:59:14.358+0000] {logging_mixin.py:137} INFO - [2023-04-27T04:59:14.358+0000] {taskmixin.py:211} WARNING - Dependency <Task(BashOperator): delete_entry>, create_entry_gcs already registered for DAG: example_complex
[2023-04-27T04:59:14.358+0000] {logging_mixin.py:137} INFO - [2023-04-27T04:59:14.358+0000] {taskmixin.py:211} WARNING - Dependency <Task(BashOperator): create_tag>, delete_tag already registered for DAG: example_complex
[2023-04-27T04:59:14.358+0000] {logging_mixin.py:137} INFO - [2023-04-27T04:59:14.358+0000] {taskmixin.py:211} WARNING - Dependency <Task(BashOperator): delete_tag>, create_tag already registered for DAG: example_complex
[2023-04-27T04:59:14.365+0000] {processor.py:753} INFO - DAG(s) dict_keys(['example_complex']) retrieved from /home/airflow/.local/lib/python3.7/site-packages/airflow/example_dags/example_complex.py
[2023-04-27T04:59:14.374+0000] {logging_mixin.py:137} INFO - [2023-04-27T04:59:14.374+0000] {dag.py:2705} INFO - Sync 1 DAGs
[2023-04-27T04:59:14.395+0000] {logging_mixin.py:137} INFO - [2023-04-27T04:59:14.395+0000] {dag.py:3456} INFO - Setting next_dagrun for example_complex to None, run_after=None
[2023-04-27T04:59:14.413+0000] {processor.py:175} INFO - Processing /home/airflow/.local/lib/python3.7/site-packages/airflow/example_dags/example_complex.py took 0.070 seconds
[2023-04-27T04:59:45.005+0000] {processor.py:153} INFO - Started process (PID=103) to work on /home/airflow/.local/lib/python3.7/site-packages/airflow/example_dags/example_complex.py
[2023-04-27T04:59:45.006+0000] {processor.py:743} INFO - Processing file /home/airflow/.local/lib/python3.7/site-packages/airflow/example_dags/example_complex.py for tasks to queue
[2023-04-27T04:59:45.006+0000] {logging_mixin.py:137} INFO - [2023-04-27T04:59:45.006+0000] {dagbag.py:532} INFO - Filling up the DagBag from /home/airflow/.local/lib/python3.7/site-packages/airflow/example_dags/example_complex.py
[2023-04-27T04:59:45.015+0000] {logging_mixin.py:137} INFO - [2023-04-27T04:59:45.015+0000] {taskmixin.py:211} WARNING - Dependency <Task(BashOperator): create_entry_group>, delete_entry_group already registered for DAG: example_complex
[2023-04-27T04:59:45.015+0000] {logging_mixin.py:137} INFO - [2023-04-27T04:59:45.015+0000] {taskmixin.py:211} WARNING - Dependency <Task(BashOperator): delete_entry_group>, create_entry_group already registered for DAG: example_complex
[2023-04-27T04:59:45.015+0000] {logging_mixin.py:137} INFO - [2023-04-27T04:59:45.015+0000] {taskmixin.py:211} WARNING - Dependency <Task(BashOperator): create_entry_gcs>, delete_entry already registered for DAG: example_complex
[2023-04-27T04:59:45.015+0000] {logging_mixin.py:137} INFO - [2023-04-27T04:59:45.015+0000] {taskmixin.py:211} WARNING - Dependency <Task(BashOperator): delete_entry>, create_entry_gcs already registered for DAG: example_complex
[2023-04-27T04:59:45.015+0000] {logging_mixin.py:137} INFO - [2023-04-27T04:59:45.015+0000] {taskmixin.py:211} WARNING - Dependency <Task(BashOperator): create_tag>, delete_tag already registered for DAG: example_complex
[2023-04-27T04:59:45.016+0000] {logging_mixin.py:137} INFO - [2023-04-27T04:59:45.015+0000] {taskmixin.py:211} WARNING - Dependency <Task(BashOperator): delete_tag>, create_tag already registered for DAG: example_complex
[2023-04-27T04:59:45.021+0000] {processor.py:753} INFO - DAG(s) dict_keys(['example_complex']) retrieved from /home/airflow/.local/lib/python3.7/site-packages/airflow/example_dags/example_complex.py
[2023-04-27T04:59:45.046+0000] {logging_mixin.py:137} INFO - [2023-04-27T04:59:45.046+0000] {dag.py:2705} INFO - Sync 1 DAGs
[2023-04-27T04:59:45.065+0000] {logging_mixin.py:137} INFO - [2023-04-27T04:59:45.065+0000] {dag.py:3456} INFO - Setting next_dagrun for example_complex to None, run_after=None
[2023-04-27T04:59:45.081+0000] {processor.py:175} INFO - Processing /home/airflow/.local/lib/python3.7/site-packages/airflow/example_dags/example_complex.py took 0.078 seconds
[2023-04-27T05:00:15.185+0000] {processor.py:153} INFO - Started process (PID=153) to work on /home/airflow/.local/lib/python3.7/site-packages/airflow/example_dags/example_complex.py
[2023-04-27T05:00:15.186+0000] {processor.py:743} INFO - Processing file /home/airflow/.local/lib/python3.7/site-packages/airflow/example_dags/example_complex.py for tasks to queue
[2023-04-27T05:00:15.186+0000] {logging_mixin.py:137} INFO - [2023-04-27T05:00:15.186+0000] {dagbag.py:532} INFO - Filling up the DagBag from /home/airflow/.local/lib/python3.7/site-packages/airflow/example_dags/example_complex.py
[2023-04-27T05:00:15.194+0000] {logging_mixin.py:137} INFO - [2023-04-27T05:00:15.194+0000] {taskmixin.py:211} WARNING - Dependency <Task(BashOperator): create_entry_group>, delete_entry_group already registered for DAG: example_complex
[2023-04-27T05:00:15.194+0000] {logging_mixin.py:137} INFO - [2023-04-27T05:00:15.194+0000] {taskmixin.py:211} WARNING - Dependency <Task(BashOperator): delete_entry_group>, create_entry_group already registered for DAG: example_complex
[2023-04-27T05:00:15.195+0000] {logging_mixin.py:137} INFO - [2023-04-27T05:00:15.195+0000] {taskmixin.py:211} WARNING - Dependency <Task(BashOperator): create_entry_gcs>, delete_entry already registered for DAG: example_complex
[2023-04-27T05:00:15.195+0000] {logging_mixin.py:137} INFO - [2023-04-27T05:00:15.195+0000] {taskmixin.py:211} WARNING - Dependency <Task(BashOperator): delete_entry>, create_entry_gcs already registered for DAG: example_complex
[2023-04-27T05:00:15.195+0000] {logging_mixin.py:137} INFO - [2023-04-27T05:00:15.195+0000] {taskmixin.py:211} WARNING - Dependency <Task(BashOperator): create_tag>, delete_tag already registered for DAG: example_complex
[2023-04-27T05:00:15.195+0000] {logging_mixin.py:137} INFO - [2023-04-27T05:00:15.195+0000] {taskmixin.py:211} WARNING - Dependency <Task(BashOperator): delete_tag>, create_tag already registered for DAG: example_complex
[2023-04-27T05:00:15.200+0000] {processor.py:753} INFO - DAG(s) dict_keys(['example_complex']) retrieved from /home/airflow/.local/lib/python3.7/site-packages/airflow/example_dags/example_complex.py
[2023-04-27T05:00:15.227+0000] {logging_mixin.py:137} INFO - [2023-04-27T05:00:15.226+0000] {dag.py:2705} INFO - Sync 1 DAGs
[2023-04-27T05:00:15.245+0000] {logging_mixin.py:137} INFO - [2023-04-27T05:00:15.245+0000] {dag.py:3456} INFO - Setting next_dagrun for example_complex to None, run_after=None
[2023-04-27T05:00:15.260+0000] {processor.py:175} INFO - Processing /home/airflow/.local/lib/python3.7/site-packages/airflow/example_dags/example_complex.py took 0.077 seconds
[2023-04-27T05:00:45.451+0000] {processor.py:153} INFO - Started process (PID=203) to work on /home/airflow/.local/lib/python3.7/site-packages/airflow/example_dags/example_complex.py
[2023-04-27T05:00:45.452+0000] {processor.py:743} INFO - Processing file /home/airflow/.local/lib/python3.7/site-packages/airflow/example_dags/example_complex.py for tasks to queue
[2023-04-27T05:00:45.452+0000] {logging_mixin.py:137} INFO - [2023-04-27T05:00:45.452+0000] {dagbag.py:532} INFO - Filling up the DagBag from /home/airflow/.local/lib/python3.7/site-packages/airflow/example_dags/example_complex.py
[2023-04-27T05:00:45.460+0000] {logging_mixin.py:137} INFO - [2023-04-27T05:00:45.460+0000] {taskmixin.py:211} WARNING - Dependency <Task(BashOperator): create_entry_group>, delete_entry_group already registered for DAG: example_complex
[2023-04-27T05:00:45.460+0000] {logging_mixin.py:137} INFO - [2023-04-27T05:00:45.460+0000] {taskmixin.py:211} WARNING - Dependency <Task(BashOperator): delete_entry_group>, create_entry_group already registered for DAG: example_complex
[2023-04-27T05:00:45.461+0000] {logging_mixin.py:137} INFO - [2023-04-27T05:00:45.461+0000] {taskmixin.py:211} WARNING - Dependency <Task(BashOperator): create_entry_gcs>, delete_entry already registered for DAG: example_complex
[2023-04-27T05:00:45.461+0000] {logging_mixin.py:137} INFO - [2023-04-27T05:00:45.461+0000] {taskmixin.py:211} WARNING - Dependency <Task(BashOperator): delete_entry>, create_entry_gcs already registered for DAG: example_complex
[2023-04-27T05:00:45.461+0000] {logging_mixin.py:137} INFO - [2023-04-27T05:00:45.461+0000] {taskmixin.py:211} WARNING - Dependency <Task(BashOperator): create_tag>, delete_tag already registered for DAG: example_complex
[2023-04-27T05:00:45.461+0000] {logging_mixin.py:137} INFO - [2023-04-27T05:00:45.461+0000] {taskmixin.py:211} WARNING - Dependency <Task(BashOperator): delete_tag>, create_tag already registered for DAG: example_complex
[2023-04-27T05:00:45.466+0000] {processor.py:753} INFO - DAG(s) dict_keys(['example_complex']) retrieved from /home/airflow/.local/lib/python3.7/site-packages/airflow/example_dags/example_complex.py
[2023-04-27T05:00:45.492+0000] {logging_mixin.py:137} INFO - [2023-04-27T05:00:45.492+0000] {dag.py:2705} INFO - Sync 1 DAGs
[2023-04-27T05:00:45.509+0000] {logging_mixin.py:137} INFO - [2023-04-27T05:00:45.509+0000] {dag.py:3456} INFO - Setting next_dagrun for example_complex to None, run_after=None
[2023-04-27T05:00:45.524+0000] {processor.py:175} INFO - Processing /home/airflow/.local/lib/python3.7/site-packages/airflow/example_dags/example_complex.py took 0.075 seconds
[2023-04-27T05:01:15.570+0000] {processor.py:153} INFO - Started process (PID=253) to work on /home/airflow/.local/lib/python3.7/site-packages/airflow/example_dags/example_complex.py
[2023-04-27T05:01:15.571+0000] {processor.py:743} INFO - Processing file /home/airflow/.local/lib/python3.7/site-packages/airflow/example_dags/example_complex.py for tasks to queue
[2023-04-27T05:01:15.571+0000] {logging_mixin.py:137} INFO - [2023-04-27T05:01:15.571+0000] {dagbag.py:532} INFO - Filling up the DagBag from /home/airflow/.local/lib/python3.7/site-packages/airflow/example_dags/example_complex.py
[2023-04-27T05:01:15.580+0000] {logging_mixin.py:137} INFO - [2023-04-27T05:01:15.580+0000] {taskmixin.py:211} WARNING - Dependency <Task(BashOperator): create_entry_group>, delete_entry_group already registered for DAG: example_complex
[2023-04-27T05:01:15.581+0000] {logging_mixin.py:137} INFO - [2023-04-27T05:01:15.581+0000] {taskmixin.py:211} WARNING - Dependency <Task(BashOperator): delete_entry_group>, create_entry_group already registered for DAG: example_complex
[2023-04-27T05:01:15.581+0000] {logging_mixin.py:137} INFO - [2023-04-27T05:01:15.581+0000] {taskmixin.py:211} WARNING - Dependency <Task(BashOperator): create_entry_gcs>, delete_entry already registered for DAG: example_complex
[2023-04-27T05:01:15.581+0000] {logging_mixin.py:137} INFO - [2023-04-27T05:01:15.581+0000] {taskmixin.py:211} WARNING - Dependency <Task(BashOperator): delete_entry>, create_entry_gcs already registered for DAG: example_complex
[2023-04-27T05:01:15.581+0000] {logging_mixin.py:137} INFO - [2023-04-27T05:01:15.581+0000] {taskmixin.py:211} WARNING - Dependency <Task(BashOperator): create_tag>, delete_tag already registered for DAG: example_complex
[2023-04-27T05:01:15.581+0000] {logging_mixin.py:137} INFO - [2023-04-27T05:01:15.581+0000] {taskmixin.py:211} WARNING - Dependency <Task(BashOperator): delete_tag>, create_tag already registered for DAG: example_complex
[2023-04-27T05:01:15.587+0000] {processor.py:753} INFO - DAG(s) dict_keys(['example_complex']) retrieved from /home/airflow/.local/lib/python3.7/site-packages/airflow/example_dags/example_complex.py
[2023-04-27T05:01:15.596+0000] {logging_mixin.py:137} INFO - [2023-04-27T05:01:15.596+0000] {dag.py:2705} INFO - Sync 1 DAGs
[2023-04-27T05:01:15.617+0000] {logging_mixin.py:137} INFO - [2023-04-27T05:01:15.617+0000] {dag.py:3456} INFO - Setting next_dagrun for example_complex to None, run_after=None
[2023-04-27T05:01:15.634+0000] {processor.py:175} INFO - Processing /home/airflow/.local/lib/python3.7/site-packages/airflow/example_dags/example_complex.py took 0.066 seconds
[2023-04-27T05:01:45.880+0000] {processor.py:153} INFO - Started process (PID=302) to work on /home/airflow/.local/lib/python3.7/site-packages/airflow/example_dags/example_complex.py
[2023-04-27T05:01:45.880+0000] {processor.py:743} INFO - Processing file /home/airflow/.local/lib/python3.7/site-packages/airflow/example_dags/example_complex.py for tasks to queue
[2023-04-27T05:01:45.880+0000] {logging_mixin.py:137} INFO - [2023-04-27T05:01:45.880+0000] {dagbag.py:532} INFO - Filling up the DagBag from /home/airflow/.local/lib/python3.7/site-packages/airflow/example_dags/example_complex.py
[2023-04-27T05:01:45.890+0000] {logging_mixin.py:137} INFO - [2023-04-27T05:01:45.890+0000] {taskmixin.py:211} WARNING - Dependency <Task(BashOperator): create_entry_group>, delete_entry_group already registered for DAG: example_complex
[2023-04-27T05:01:45.890+0000] {logging_mixin.py:137} INFO - [2023-04-27T05:01:45.890+0000] {taskmixin.py:211} WARNING - Dependency <Task(BashOperator): delete_entry_group>, create_entry_group already registered for DAG: example_complex
[2023-04-27T05:01:45.890+0000] {logging_mixin.py:137} INFO - [2023-04-27T05:01:45.890+0000] {taskmixin.py:211} WARNING - Dependency <Task(BashOperator): create_entry_gcs>, delete_entry already registered for DAG: example_complex
[2023-04-27T05:01:45.890+0000] {logging_mixin.py:137} INFO - [2023-04-27T05:01:45.890+0000] {taskmixin.py:211} WARNING - Dependency <Task(BashOperator): delete_entry>, create_entry_gcs already registered for DAG: example_complex
[2023-04-27T05:01:45.890+0000] {logging_mixin.py:137} INFO - [2023-04-27T05:01:45.890+0000] {taskmixin.py:211} WARNING - Dependency <Task(BashOperator): create_tag>, delete_tag already registered for DAG: example_complex
[2023-04-27T05:01:45.890+0000] {logging_mixin.py:137} INFO - [2023-04-27T05:01:45.890+0000] {taskmixin.py:211} WARNING - Dependency <Task(BashOperator): delete_tag>, create_tag already registered for DAG: example_complex
[2023-04-27T05:01:45.896+0000] {processor.py:753} INFO - DAG(s) dict_keys(['example_complex']) retrieved from /home/airflow/.local/lib/python3.7/site-packages/airflow/example_dags/example_complex.py
[2023-04-27T05:01:45.923+0000] {logging_mixin.py:137} INFO - [2023-04-27T05:01:45.923+0000] {dag.py:2705} INFO - Sync 1 DAGs
[2023-04-27T05:01:45.944+0000] {logging_mixin.py:137} INFO - [2023-04-27T05:01:45.944+0000] {dag.py:3456} INFO - Setting next_dagrun for example_complex to None, run_after=None
[2023-04-27T05:01:45.963+0000] {processor.py:175} INFO - Processing /home/airflow/.local/lib/python3.7/site-packages/airflow/example_dags/example_complex.py took 0.086 seconds
[2023-04-27T05:02:16.045+0000] {processor.py:153} INFO - Started process (PID=352) to work on /home/airflow/.local/lib/python3.7/site-packages/airflow/example_dags/example_complex.py
[2023-04-27T05:02:16.045+0000] {processor.py:743} INFO - Processing file /home/airflow/.local/lib/python3.7/site-packages/airflow/example_dags/example_complex.py for tasks to queue
[2023-04-27T05:02:16.046+0000] {logging_mixin.py:137} INFO - [2023-04-27T05:02:16.046+0000] {dagbag.py:532} INFO - Filling up the DagBag from /home/airflow/.local/lib/python3.7/site-packages/airflow/example_dags/example_complex.py
[2023-04-27T05:02:16.054+0000] {logging_mixin.py:137} INFO - [2023-04-27T05:02:16.054+0000] {taskmixin.py:211} WARNING - Dependency <Task(BashOperator): create_entry_group>, delete_entry_group already registered for DAG: example_complex
[2023-04-27T05:02:16.054+0000] {logging_mixin.py:137} INFO - [2023-04-27T05:02:16.054+0000] {taskmixin.py:211} WARNING - Dependency <Task(BashOperator): delete_entry_group>, create_entry_group already registered for DAG: example_complex
[2023-04-27T05:02:16.054+0000] {logging_mixin.py:137} INFO - [2023-04-27T05:02:16.054+0000] {taskmixin.py:211} WARNING - Dependency <Task(BashOperator): create_entry_gcs>, delete_entry already registered for DAG: example_complex
[2023-04-27T05:02:16.054+0000] {logging_mixin.py:137} INFO - [2023-04-27T05:02:16.054+0000] {taskmixin.py:211} WARNING - Dependency <Task(BashOperator): delete_entry>, create_entry_gcs already registered for DAG: example_complex
[2023-04-27T05:02:16.054+0000] {logging_mixin.py:137} INFO - [2023-04-27T05:02:16.054+0000] {taskmixin.py:211} WARNING - Dependency <Task(BashOperator): create_tag>, delete_tag already registered for DAG: example_complex
[2023-04-27T05:02:16.055+0000] {logging_mixin.py:137} INFO - [2023-04-27T05:02:16.055+0000] {taskmixin.py:211} WARNING - Dependency <Task(BashOperator): delete_tag>, create_tag already registered for DAG: example_complex
[2023-04-27T05:02:16.060+0000] {processor.py:753} INFO - DAG(s) dict_keys(['example_complex']) retrieved from /home/airflow/.local/lib/python3.7/site-packages/airflow/example_dags/example_complex.py
[2023-04-27T05:02:16.087+0000] {logging_mixin.py:137} INFO - [2023-04-27T05:02:16.087+0000] {dag.py:2705} INFO - Sync 1 DAGs
[2023-04-27T05:02:16.108+0000] {logging_mixin.py:137} INFO - [2023-04-27T05:02:16.108+0000] {dag.py:3456} INFO - Setting next_dagrun for example_complex to None, run_after=None
[2023-04-27T05:02:16.131+0000] {processor.py:175} INFO - Processing /home/airflow/.local/lib/python3.7/site-packages/airflow/example_dags/example_complex.py took 0.089 seconds
[2023-04-27T05:02:46.571+0000] {processor.py:153} INFO - Started process (PID=402) to work on /home/airflow/.local/lib/python3.7/site-packages/airflow/example_dags/example_complex.py
[2023-04-27T05:02:46.572+0000] {processor.py:743} INFO - Processing file /home/airflow/.local/lib/python3.7/site-packages/airflow/example_dags/example_complex.py for tasks to queue
[2023-04-27T05:02:46.572+0000] {logging_mixin.py:137} INFO - [2023-04-27T05:02:46.572+0000] {dagbag.py:532} INFO - Filling up the DagBag from /home/airflow/.local/lib/python3.7/site-packages/airflow/example_dags/example_complex.py
[2023-04-27T05:02:46.582+0000] {logging_mixin.py:137} INFO - [2023-04-27T05:02:46.581+0000] {taskmixin.py:211} WARNING - Dependency <Task(BashOperator): create_entry_group>, delete_entry_group already registered for DAG: example_complex
[2023-04-27T05:02:46.582+0000] {logging_mixin.py:137} INFO - [2023-04-27T05:02:46.582+0000] {taskmixin.py:211} WARNING - Dependency <Task(BashOperator): delete_entry_group>, create_entry_group already registered for DAG: example_complex
[2023-04-27T05:02:46.582+0000] {logging_mixin.py:137} INFO - [2023-04-27T05:02:46.582+0000] {taskmixin.py:211} WARNING - Dependency <Task(BashOperator): create_entry_gcs>, delete_entry already registered for DAG: example_complex
[2023-04-27T05:02:46.582+0000] {logging_mixin.py:137} INFO - [2023-04-27T05:02:46.582+0000] {taskmixin.py:211} WARNING - Dependency <Task(BashOperator): delete_entry>, create_entry_gcs already registered for DAG: example_complex
[2023-04-27T05:02:46.582+0000] {logging_mixin.py:137} INFO - [2023-04-27T05:02:46.582+0000] {taskmixin.py:211} WARNING - Dependency <Task(BashOperator): create_tag>, delete_tag already registered for DAG: example_complex
[2023-04-27T05:02:46.582+0000] {logging_mixin.py:137} INFO - [2023-04-27T05:02:46.582+0000] {taskmixin.py:211} WARNING - Dependency <Task(BashOperator): delete_tag>, create_tag already registered for DAG: example_complex
[2023-04-27T05:02:46.589+0000] {processor.py:753} INFO - DAG(s) dict_keys(['example_complex']) retrieved from /home/airflow/.local/lib/python3.7/site-packages/airflow/example_dags/example_complex.py
[2023-04-27T05:02:46.619+0000] {logging_mixin.py:137} INFO - [2023-04-27T05:02:46.619+0000] {dag.py:2705} INFO - Sync 1 DAGs
[2023-04-27T05:02:46.640+0000] {logging_mixin.py:137} INFO - [2023-04-27T05:02:46.640+0000] {dag.py:3456} INFO - Setting next_dagrun for example_complex to None, run_after=None
[2023-04-27T05:02:46.656+0000] {processor.py:175} INFO - Processing /home/airflow/.local/lib/python3.7/site-packages/airflow/example_dags/example_complex.py took 0.087 seconds
[2023-04-27T05:03:17.201+0000] {processor.py:153} INFO - Started process (PID=452) to work on /home/airflow/.local/lib/python3.7/site-packages/airflow/example_dags/example_complex.py
[2023-04-27T05:03:17.201+0000] {processor.py:743} INFO - Processing file /home/airflow/.local/lib/python3.7/site-packages/airflow/example_dags/example_complex.py for tasks to queue
[2023-04-27T05:03:17.202+0000] {logging_mixin.py:137} INFO - [2023-04-27T05:03:17.201+0000] {dagbag.py:532} INFO - Filling up the DagBag from /home/airflow/.local/lib/python3.7/site-packages/airflow/example_dags/example_complex.py
[2023-04-27T05:03:17.210+0000] {logging_mixin.py:137} INFO - [2023-04-27T05:03:17.210+0000] {taskmixin.py:211} WARNING - Dependency <Task(BashOperator): create_entry_group>, delete_entry_group already registered for DAG: example_complex
[2023-04-27T05:03:17.210+0000] {logging_mixin.py:137} INFO - [2023-04-27T05:03:17.210+0000] {taskmixin.py:211} WARNING - Dependency <Task(BashOperator): delete_entry_group>, create_entry_group already registered for DAG: example_complex
[2023-04-27T05:03:17.210+0000] {logging_mixin.py:137} INFO - [2023-04-27T05:03:17.210+0000] {taskmixin.py:211} WARNING - Dependency <Task(BashOperator): create_entry_gcs>, delete_entry already registered for DAG: example_complex
[2023-04-27T05:03:17.210+0000] {logging_mixin.py:137} INFO - [2023-04-27T05:03:17.210+0000] {taskmixin.py:211} WARNING - Dependency <Task(BashOperator): delete_entry>, create_entry_gcs already registered for DAG: example_complex
[2023-04-27T05:03:17.211+0000] {logging_mixin.py:137} INFO - [2023-04-27T05:03:17.211+0000] {taskmixin.py:211} WARNING - Dependency <Task(BashOperator): create_tag>, delete_tag already registered for DAG: example_complex
[2023-04-27T05:03:17.211+0000] {logging_mixin.py:137} INFO - [2023-04-27T05:03:17.211+0000] {taskmixin.py:211} WARNING - Dependency <Task(BashOperator): delete_tag>, create_tag already registered for DAG: example_complex
[2023-04-27T05:03:17.216+0000] {processor.py:753} INFO - DAG(s) dict_keys(['example_complex']) retrieved from /home/airflow/.local/lib/python3.7/site-packages/airflow/example_dags/example_complex.py
[2023-04-27T05:03:17.242+0000] {logging_mixin.py:137} INFO - [2023-04-27T05:03:17.242+0000] {dag.py:2705} INFO - Sync 1 DAGs
[2023-04-27T05:03:17.260+0000] {logging_mixin.py:137} INFO - [2023-04-27T05:03:17.260+0000] {dag.py:3456} INFO - Setting next_dagrun for example_complex to None, run_after=None
[2023-04-27T05:03:17.277+0000] {processor.py:175} INFO - Processing /home/airflow/.local/lib/python3.7/site-packages/airflow/example_dags/example_complex.py took 0.078 seconds
[2023-04-27T05:03:47.667+0000] {processor.py:153} INFO - Started process (PID=502) to work on /home/airflow/.local/lib/python3.7/site-packages/airflow/example_dags/example_complex.py
[2023-04-27T05:03:47.667+0000] {processor.py:743} INFO - Processing file /home/airflow/.local/lib/python3.7/site-packages/airflow/example_dags/example_complex.py for tasks to queue
[2023-04-27T05:03:47.668+0000] {logging_mixin.py:137} INFO - [2023-04-27T05:03:47.667+0000] {dagbag.py:532} INFO - Filling up the DagBag from /home/airflow/.local/lib/python3.7/site-packages/airflow/example_dags/example_complex.py
[2023-04-27T05:03:47.676+0000] {logging_mixin.py:137} INFO - [2023-04-27T05:03:47.676+0000] {taskmixin.py:211} WARNING - Dependency <Task(BashOperator): create_entry_group>, delete_entry_group already registered for DAG: example_complex
[2023-04-27T05:03:47.676+0000] {logging_mixin.py:137} INFO - [2023-04-27T05:03:47.676+0000] {taskmixin.py:211} WARNING - Dependency <Task(BashOperator): delete_entry_group>, create_entry_group already registered for DAG: example_complex
[2023-04-27T05:03:47.676+0000] {logging_mixin.py:137} INFO - [2023-04-27T05:03:47.676+0000] {taskmixin.py:211} WARNING - Dependency <Task(BashOperator): create_entry_gcs>, delete_entry already registered for DAG: example_complex
[2023-04-27T05:03:47.676+0000] {logging_mixin.py:137} INFO - [2023-04-27T05:03:47.676+0000] {taskmixin.py:211} WARNING - Dependency <Task(BashOperator): delete_entry>, create_entry_gcs already registered for DAG: example_complex
[2023-04-27T05:03:47.677+0000] {logging_mixin.py:137} INFO - [2023-04-27T05:03:47.677+0000] {taskmixin.py:211} WARNING - Dependency <Task(BashOperator): create_tag>, delete_tag already registered for DAG: example_complex
[2023-04-27T05:03:47.677+0000] {logging_mixin.py:137} INFO - [2023-04-27T05:03:47.677+0000] {taskmixin.py:211} WARNING - Dependency <Task(BashOperator): delete_tag>, create_tag already registered for DAG: example_complex
[2023-04-27T05:03:47.682+0000] {processor.py:753} INFO - DAG(s) dict_keys(['example_complex']) retrieved from /home/airflow/.local/lib/python3.7/site-packages/airflow/example_dags/example_complex.py
[2023-04-27T05:03:47.708+0000] {logging_mixin.py:137} INFO - [2023-04-27T05:03:47.708+0000] {dag.py:2705} INFO - Sync 1 DAGs
[2023-04-27T05:03:47.728+0000] {logging_mixin.py:137} INFO - [2023-04-27T05:03:47.728+0000] {dag.py:3456} INFO - Setting next_dagrun for example_complex to None, run_after=None
[2023-04-27T05:03:47.744+0000] {processor.py:175} INFO - Processing /home/airflow/.local/lib/python3.7/site-packages/airflow/example_dags/example_complex.py took 0.079 seconds
[2023-04-27T05:04:18.050+0000] {processor.py:153} INFO - Started process (PID=551) to work on /home/airflow/.local/lib/python3.7/site-packages/airflow/example_dags/example_complex.py
[2023-04-27T05:04:18.050+0000] {processor.py:743} INFO - Processing file /home/airflow/.local/lib/python3.7/site-packages/airflow/example_dags/example_complex.py for tasks to queue
[2023-04-27T05:04:18.051+0000] {logging_mixin.py:137} INFO - [2023-04-27T05:04:18.051+0000] {dagbag.py:532} INFO - Filling up the DagBag from /home/airflow/.local/lib/python3.7/site-packages/airflow/example_dags/example_complex.py
[2023-04-27T05:04:18.059+0000] {logging_mixin.py:137} INFO - [2023-04-27T05:04:18.059+0000] {taskmixin.py:211} WARNING - Dependency <Task(BashOperator): create_entry_group>, delete_entry_group already registered for DAG: example_complex
[2023-04-27T05:04:18.060+0000] {logging_mixin.py:137} INFO - [2023-04-27T05:04:18.059+0000] {taskmixin.py:211} WARNING - Dependency <Task(BashOperator): delete_entry_group>, create_entry_group already registered for DAG: example_complex
[2023-04-27T05:04:18.060+0000] {logging_mixin.py:137} INFO - [2023-04-27T05:04:18.060+0000] {taskmixin.py:211} WARNING - Dependency <Task(BashOperator): create_entry_gcs>, delete_entry already registered for DAG: example_complex
[2023-04-27T05:04:18.060+0000] {logging_mixin.py:137} INFO - [2023-04-27T05:04:18.060+0000] {taskmixin.py:211} WARNING - Dependency <Task(BashOperator): delete_entry>, create_entry_gcs already registered for DAG: example_complex
[2023-04-27T05:04:18.060+0000] {logging_mixin.py:137} INFO - [2023-04-27T05:04:18.060+0000] {taskmixin.py:211} WARNING - Dependency <Task(BashOperator): create_tag>, delete_tag already registered for DAG: example_complex
[2023-04-27T05:04:18.060+0000] {logging_mixin.py:137} INFO - [2023-04-27T05:04:18.060+0000] {taskmixin.py:211} WARNING - Dependency <Task(BashOperator): delete_tag>, create_tag already registered for DAG: example_complex
[2023-04-27T05:04:18.065+0000] {processor.py:753} INFO - DAG(s) dict_keys(['example_complex']) retrieved from /home/airflow/.local/lib/python3.7/site-packages/airflow/example_dags/example_complex.py
[2023-04-27T05:04:18.093+0000] {logging_mixin.py:137} INFO - [2023-04-27T05:04:18.092+0000] {dag.py:2705} INFO - Sync 1 DAGs
[2023-04-27T05:04:18.111+0000] {logging_mixin.py:137} INFO - [2023-04-27T05:04:18.111+0000] {dag.py:3456} INFO - Setting next_dagrun for example_complex to None, run_after=None
[2023-04-27T05:04:18.127+0000] {processor.py:175} INFO - Processing /home/airflow/.local/lib/python3.7/site-packages/airflow/example_dags/example_complex.py took 0.080 seconds
[2023-04-27T05:04:48.243+0000] {processor.py:153} INFO - Started process (PID=601) to work on /home/airflow/.local/lib/python3.7/site-packages/airflow/example_dags/example_complex.py
[2023-04-27T05:04:48.243+0000] {processor.py:743} INFO - Processing file /home/airflow/.local/lib/python3.7/site-packages/airflow/example_dags/example_complex.py for tasks to queue
[2023-04-27T05:04:48.244+0000] {logging_mixin.py:137} INFO - [2023-04-27T05:04:48.244+0000] {dagbag.py:532} INFO - Filling up the DagBag from /home/airflow/.local/lib/python3.7/site-packages/airflow/example_dags/example_complex.py
[2023-04-27T05:04:48.253+0000] {logging_mixin.py:137} INFO - [2023-04-27T05:04:48.253+0000] {taskmixin.py:211} WARNING - Dependency <Task(BashOperator): create_entry_group>, delete_entry_group already registered for DAG: example_complex
[2023-04-27T05:04:48.253+0000] {logging_mixin.py:137} INFO - [2023-04-27T05:04:48.253+0000] {taskmixin.py:211} WARNING - Dependency <Task(BashOperator): delete_entry_group>, create_entry_group already registered for DAG: example_complex
[2023-04-27T05:04:48.253+0000] {logging_mixin.py:137} INFO - [2023-04-27T05:04:48.253+0000] {taskmixin.py:211} WARNING - Dependency <Task(BashOperator): create_entry_gcs>, delete_entry already registered for DAG: example_complex
[2023-04-27T05:04:48.253+0000] {logging_mixin.py:137} INFO - [2023-04-27T05:04:48.253+0000] {taskmixin.py:211} WARNING - Dependency <Task(BashOperator): delete_entry>, create_entry_gcs already registered for DAG: example_complex
[2023-04-27T05:04:48.254+0000] {logging_mixin.py:137} INFO - [2023-04-27T05:04:48.254+0000] {taskmixin.py:211} WARNING - Dependency <Task(BashOperator): create_tag>, delete_tag already registered for DAG: example_complex
[2023-04-27T05:04:48.254+0000] {logging_mixin.py:137} INFO - [2023-04-27T05:04:48.254+0000] {taskmixin.py:211} WARNING - Dependency <Task(BashOperator): delete_tag>, create_tag already registered for DAG: example_complex
[2023-04-27T05:04:48.259+0000] {processor.py:753} INFO - DAG(s) dict_keys(['example_complex']) retrieved from /home/airflow/.local/lib/python3.7/site-packages/airflow/example_dags/example_complex.py
[2023-04-27T05:04:48.286+0000] {logging_mixin.py:137} INFO - [2023-04-27T05:04:48.286+0000] {dag.py:2705} INFO - Sync 1 DAGs
[2023-04-27T05:04:48.305+0000] {logging_mixin.py:137} INFO - [2023-04-27T05:04:48.305+0000] {dag.py:3456} INFO - Setting next_dagrun for example_complex to None, run_after=None
[2023-04-27T05:04:48.321+0000] {processor.py:175} INFO - Processing /home/airflow/.local/lib/python3.7/site-packages/airflow/example_dags/example_complex.py took 0.080 seconds
[2023-04-27T05:05:18.414+0000] {processor.py:153} INFO - Started process (PID=651) to work on /home/airflow/.local/lib/python3.7/site-packages/airflow/example_dags/example_complex.py
[2023-04-27T05:05:18.414+0000] {processor.py:743} INFO - Processing file /home/airflow/.local/lib/python3.7/site-packages/airflow/example_dags/example_complex.py for tasks to queue
[2023-04-27T05:05:18.415+0000] {logging_mixin.py:137} INFO - [2023-04-27T05:05:18.415+0000] {dagbag.py:532} INFO - Filling up the DagBag from /home/airflow/.local/lib/python3.7/site-packages/airflow/example_dags/example_complex.py
[2023-04-27T05:05:18.423+0000] {logging_mixin.py:137} INFO - [2023-04-27T05:05:18.423+0000] {taskmixin.py:211} WARNING - Dependency <Task(BashOperator): create_entry_group>, delete_entry_group already registered for DAG: example_complex
[2023-04-27T05:05:18.423+0000] {logging_mixin.py:137} INFO - [2023-04-27T05:05:18.423+0000] {taskmixin.py:211} WARNING - Dependency <Task(BashOperator): delete_entry_group>, create_entry_group already registered for DAG: example_complex
[2023-04-27T05:05:18.424+0000] {logging_mixin.py:137} INFO - [2023-04-27T05:05:18.423+0000] {taskmixin.py:211} WARNING - Dependency <Task(BashOperator): create_entry_gcs>, delete_entry already registered for DAG: example_complex
[2023-04-27T05:05:18.424+0000] {logging_mixin.py:137} INFO - [2023-04-27T05:05:18.424+0000] {taskmixin.py:211} WARNING - Dependency <Task(BashOperator): delete_entry>, create_entry_gcs already registered for DAG: example_complex
[2023-04-27T05:05:18.424+0000] {logging_mixin.py:137} INFO - [2023-04-27T05:05:18.424+0000] {taskmixin.py:211} WARNING - Dependency <Task(BashOperator): create_tag>, delete_tag already registered for DAG: example_complex
[2023-04-27T05:05:18.424+0000] {logging_mixin.py:137} INFO - [2023-04-27T05:05:18.424+0000] {taskmixin.py:211} WARNING - Dependency <Task(BashOperator): delete_tag>, create_tag already registered for DAG: example_complex
[2023-04-27T05:05:18.429+0000] {processor.py:753} INFO - DAG(s) dict_keys(['example_complex']) retrieved from /home/airflow/.local/lib/python3.7/site-packages/airflow/example_dags/example_complex.py
[2023-04-27T05:05:18.456+0000] {logging_mixin.py:137} INFO - [2023-04-27T05:05:18.456+0000] {dag.py:2705} INFO - Sync 1 DAGs
[2023-04-27T05:05:18.476+0000] {logging_mixin.py:137} INFO - [2023-04-27T05:05:18.476+0000] {dag.py:3456} INFO - Setting next_dagrun for example_complex to None, run_after=None
[2023-04-27T05:05:18.491+0000] {processor.py:175} INFO - Processing /home/airflow/.local/lib/python3.7/site-packages/airflow/example_dags/example_complex.py took 0.080 seconds
[2023-04-27T05:05:48.613+0000] {processor.py:153} INFO - Started process (PID=701) to work on /home/airflow/.local/lib/python3.7/site-packages/airflow/example_dags/example_complex.py
[2023-04-27T05:05:48.613+0000] {processor.py:743} INFO - Processing file /home/airflow/.local/lib/python3.7/site-packages/airflow/example_dags/example_complex.py for tasks to queue
[2023-04-27T05:05:48.613+0000] {logging_mixin.py:137} INFO - [2023-04-27T05:05:48.613+0000] {dagbag.py:532} INFO - Filling up the DagBag from /home/airflow/.local/lib/python3.7/site-packages/airflow/example_dags/example_complex.py
[2023-04-27T05:05:48.623+0000] {logging_mixin.py:137} INFO - [2023-04-27T05:05:48.622+0000] {taskmixin.py:211} WARNING - Dependency <Task(BashOperator): create_entry_group>, delete_entry_group already registered for DAG: example_complex
[2023-04-27T05:05:48.623+0000] {logging_mixin.py:137} INFO - [2023-04-27T05:05:48.623+0000] {taskmixin.py:211} WARNING - Dependency <Task(BashOperator): delete_entry_group>, create_entry_group already registered for DAG: example_complex
[2023-04-27T05:05:48.623+0000] {logging_mixin.py:137} INFO - [2023-04-27T05:05:48.623+0000] {taskmixin.py:211} WARNING - Dependency <Task(BashOperator): create_entry_gcs>, delete_entry already registered for DAG: example_complex
[2023-04-27T05:05:48.623+0000] {logging_mixin.py:137} INFO - [2023-04-27T05:05:48.623+0000] {taskmixin.py:211} WARNING - Dependency <Task(BashOperator): delete_entry>, create_entry_gcs already registered for DAG: example_complex
[2023-04-27T05:05:48.623+0000] {logging_mixin.py:137} INFO - [2023-04-27T05:05:48.623+0000] {taskmixin.py:211} WARNING - Dependency <Task(BashOperator): create_tag>, delete_tag already registered for DAG: example_complex
[2023-04-27T05:05:48.623+0000] {logging_mixin.py:137} INFO - [2023-04-27T05:05:48.623+0000] {taskmixin.py:211} WARNING - Dependency <Task(BashOperator): delete_tag>, create_tag already registered for DAG: example_complex
[2023-04-27T05:05:48.628+0000] {processor.py:753} INFO - DAG(s) dict_keys(['example_complex']) retrieved from /home/airflow/.local/lib/python3.7/site-packages/airflow/example_dags/example_complex.py
[2023-04-27T05:05:48.655+0000] {logging_mixin.py:137} INFO - [2023-04-27T05:05:48.655+0000] {dag.py:2705} INFO - Sync 1 DAGs
[2023-04-27T05:05:48.674+0000] {logging_mixin.py:137} INFO - [2023-04-27T05:05:48.674+0000] {dag.py:3456} INFO - Setting next_dagrun for example_complex to None, run_after=None
[2023-04-27T05:05:48.690+0000] {processor.py:175} INFO - Processing /home/airflow/.local/lib/python3.7/site-packages/airflow/example_dags/example_complex.py took 0.080 seconds
[2023-04-27T05:06:18.852+0000] {processor.py:153} INFO - Started process (PID=751) to work on /home/airflow/.local/lib/python3.7/site-packages/airflow/example_dags/example_complex.py
[2023-04-27T05:06:18.853+0000] {processor.py:743} INFO - Processing file /home/airflow/.local/lib/python3.7/site-packages/airflow/example_dags/example_complex.py for tasks to queue
[2023-04-27T05:06:18.853+0000] {logging_mixin.py:137} INFO - [2023-04-27T05:06:18.853+0000] {dagbag.py:532} INFO - Filling up the DagBag from /home/airflow/.local/lib/python3.7/site-packages/airflow/example_dags/example_complex.py
[2023-04-27T05:06:18.862+0000] {logging_mixin.py:137} INFO - [2023-04-27T05:06:18.861+0000] {taskmixin.py:211} WARNING - Dependency <Task(BashOperator): create_entry_group>, delete_entry_group already registered for DAG: example_complex
[2023-04-27T05:06:18.862+0000] {logging_mixin.py:137} INFO - [2023-04-27T05:06:18.862+0000] {taskmixin.py:211} WARNING - Dependency <Task(BashOperator): delete_entry_group>, create_entry_group already registered for DAG: example_complex
[2023-04-27T05:06:18.862+0000] {logging_mixin.py:137} INFO - [2023-04-27T05:06:18.862+0000] {taskmixin.py:211} WARNING - Dependency <Task(BashOperator): create_entry_gcs>, delete_entry already registered for DAG: example_complex
[2023-04-27T05:06:18.862+0000] {logging_mixin.py:137} INFO - [2023-04-27T05:06:18.862+0000] {taskmixin.py:211} WARNING - Dependency <Task(BashOperator): delete_entry>, create_entry_gcs already registered for DAG: example_complex
[2023-04-27T05:06:18.862+0000] {logging_mixin.py:137} INFO - [2023-04-27T05:06:18.862+0000] {taskmixin.py:211} WARNING - Dependency <Task(BashOperator): create_tag>, delete_tag already registered for DAG: example_complex
[2023-04-27T05:06:18.862+0000] {logging_mixin.py:137} INFO - [2023-04-27T05:06:18.862+0000] {taskmixin.py:211} WARNING - Dependency <Task(BashOperator): delete_tag>, create_tag already registered for DAG: example_complex
[2023-04-27T05:06:18.868+0000] {processor.py:753} INFO - DAG(s) dict_keys(['example_complex']) retrieved from /home/airflow/.local/lib/python3.7/site-packages/airflow/example_dags/example_complex.py
[2023-04-27T05:06:18.896+0000] {logging_mixin.py:137} INFO - [2023-04-27T05:06:18.896+0000] {dag.py:2705} INFO - Sync 1 DAGs
[2023-04-27T05:06:18.915+0000] {logging_mixin.py:137} INFO - [2023-04-27T05:06:18.915+0000] {dag.py:3456} INFO - Setting next_dagrun for example_complex to None, run_after=None
[2023-04-27T05:06:18.930+0000] {processor.py:175} INFO - Processing /home/airflow/.local/lib/python3.7/site-packages/airflow/example_dags/example_complex.py took 0.080 seconds
[2023-04-27T05:06:49.093+0000] {processor.py:153} INFO - Started process (PID=801) to work on /home/airflow/.local/lib/python3.7/site-packages/airflow/example_dags/example_complex.py
[2023-04-27T05:06:49.094+0000] {processor.py:743} INFO - Processing file /home/airflow/.local/lib/python3.7/site-packages/airflow/example_dags/example_complex.py for tasks to queue
[2023-04-27T05:06:49.094+0000] {logging_mixin.py:137} INFO - [2023-04-27T05:06:49.094+0000] {dagbag.py:532} INFO - Filling up the DagBag from /home/airflow/.local/lib/python3.7/site-packages/airflow/example_dags/example_complex.py
[2023-04-27T05:06:49.103+0000] {logging_mixin.py:137} INFO - [2023-04-27T05:06:49.103+0000] {taskmixin.py:211} WARNING - Dependency <Task(BashOperator): create_entry_group>, delete_entry_group already registered for DAG: example_complex
[2023-04-27T05:06:49.103+0000] {logging_mixin.py:137} INFO - [2023-04-27T05:06:49.103+0000] {taskmixin.py:211} WARNING - Dependency <Task(BashOperator): delete_entry_group>, create_entry_group already registered for DAG: example_complex
[2023-04-27T05:06:49.104+0000] {logging_mixin.py:137} INFO - [2023-04-27T05:06:49.104+0000] {taskmixin.py:211} WARNING - Dependency <Task(BashOperator): create_entry_gcs>, delete_entry already registered for DAG: example_complex
[2023-04-27T05:06:49.104+0000] {logging_mixin.py:137} INFO - [2023-04-27T05:06:49.104+0000] {taskmixin.py:211} WARNING - Dependency <Task(BashOperator): delete_entry>, create_entry_gcs already registered for DAG: example_complex
[2023-04-27T05:06:49.104+0000] {logging_mixin.py:137} INFO - [2023-04-27T05:06:49.104+0000] {taskmixin.py:211} WARNING - Dependency <Task(BashOperator): create_tag>, delete_tag already registered for DAG: example_complex
[2023-04-27T05:06:49.104+0000] {logging_mixin.py:137} INFO - [2023-04-27T05:06:49.104+0000] {taskmixin.py:211} WARNING - Dependency <Task(BashOperator): delete_tag>, create_tag already registered for DAG: example_complex
[2023-04-27T05:06:49.109+0000] {processor.py:753} INFO - DAG(s) dict_keys(['example_complex']) retrieved from /home/airflow/.local/lib/python3.7/site-packages/airflow/example_dags/example_complex.py
[2023-04-27T05:06:49.137+0000] {logging_mixin.py:137} INFO - [2023-04-27T05:06:49.137+0000] {dag.py:2705} INFO - Sync 1 DAGs
[2023-04-27T05:06:49.156+0000] {logging_mixin.py:137} INFO - [2023-04-27T05:06:49.156+0000] {dag.py:3456} INFO - Setting next_dagrun for example_complex to None, run_after=None
[2023-04-27T05:06:49.174+0000] {processor.py:175} INFO - Processing /home/airflow/.local/lib/python3.7/site-packages/airflow/example_dags/example_complex.py took 0.083 seconds
[2023-04-27T05:07:19.289+0000] {processor.py:153} INFO - Started process (PID=851) to work on /home/airflow/.local/lib/python3.7/site-packages/airflow/example_dags/example_complex.py
[2023-04-27T05:07:19.289+0000] {processor.py:743} INFO - Processing file /home/airflow/.local/lib/python3.7/site-packages/airflow/example_dags/example_complex.py for tasks to queue
[2023-04-27T05:07:19.290+0000] {logging_mixin.py:137} INFO - [2023-04-27T05:07:19.290+0000] {dagbag.py:532} INFO - Filling up the DagBag from /home/airflow/.local/lib/python3.7/site-packages/airflow/example_dags/example_complex.py
[2023-04-27T05:07:19.298+0000] {logging_mixin.py:137} INFO - [2023-04-27T05:07:19.298+0000] {taskmixin.py:211} WARNING - Dependency <Task(BashOperator): create_entry_group>, delete_entry_group already registered for DAG: example_complex
[2023-04-27T05:07:19.298+0000] {logging_mixin.py:137} INFO - [2023-04-27T05:07:19.298+0000] {taskmixin.py:211} WARNING - Dependency <Task(BashOperator): delete_entry_group>, create_entry_group already registered for DAG: example_complex
[2023-04-27T05:07:19.299+0000] {logging_mixin.py:137} INFO - [2023-04-27T05:07:19.298+0000] {taskmixin.py:211} WARNING - Dependency <Task(BashOperator): create_entry_gcs>, delete_entry already registered for DAG: example_complex
[2023-04-27T05:07:19.299+0000] {logging_mixin.py:137} INFO - [2023-04-27T05:07:19.299+0000] {taskmixin.py:211} WARNING - Dependency <Task(BashOperator): delete_entry>, create_entry_gcs already registered for DAG: example_complex
[2023-04-27T05:07:19.299+0000] {logging_mixin.py:137} INFO - [2023-04-27T05:07:19.299+0000] {taskmixin.py:211} WARNING - Dependency <Task(BashOperator): create_tag>, delete_tag already registered for DAG: example_complex
[2023-04-27T05:07:19.299+0000] {logging_mixin.py:137} INFO - [2023-04-27T05:07:19.299+0000] {taskmixin.py:211} WARNING - Dependency <Task(BashOperator): delete_tag>, create_tag already registered for DAG: example_complex
[2023-04-27T05:07:19.304+0000] {processor.py:753} INFO - DAG(s) dict_keys(['example_complex']) retrieved from /home/airflow/.local/lib/python3.7/site-packages/airflow/example_dags/example_complex.py
[2023-04-27T05:07:19.330+0000] {logging_mixin.py:137} INFO - [2023-04-27T05:07:19.330+0000] {dag.py:2705} INFO - Sync 1 DAGs
[2023-04-27T05:07:19.349+0000] {logging_mixin.py:137} INFO - [2023-04-27T05:07:19.349+0000] {dag.py:3456} INFO - Setting next_dagrun for example_complex to None, run_after=None
[2023-04-27T05:07:19.365+0000] {processor.py:175} INFO - Processing /home/airflow/.local/lib/python3.7/site-packages/airflow/example_dags/example_complex.py took 0.078 seconds
[2023-04-27T05:07:49.416+0000] {processor.py:153} INFO - Started process (PID=901) to work on /home/airflow/.local/lib/python3.7/site-packages/airflow/example_dags/example_complex.py
[2023-04-27T05:07:49.416+0000] {processor.py:743} INFO - Processing file /home/airflow/.local/lib/python3.7/site-packages/airflow/example_dags/example_complex.py for tasks to queue
[2023-04-27T05:07:49.417+0000] {logging_mixin.py:137} INFO - [2023-04-27T05:07:49.417+0000] {dagbag.py:532} INFO - Filling up the DagBag from /home/airflow/.local/lib/python3.7/site-packages/airflow/example_dags/example_complex.py
[2023-04-27T05:07:49.425+0000] {logging_mixin.py:137} INFO - [2023-04-27T05:07:49.425+0000] {taskmixin.py:211} WARNING - Dependency <Task(BashOperator): create_entry_group>, delete_entry_group already registered for DAG: example_complex
[2023-04-27T05:07:49.425+0000] {logging_mixin.py:137} INFO - [2023-04-27T05:07:49.425+0000] {taskmixin.py:211} WARNING - Dependency <Task(BashOperator): delete_entry_group>, create_entry_group already registered for DAG: example_complex
[2023-04-27T05:07:49.425+0000] {logging_mixin.py:137} INFO - [2023-04-27T05:07:49.425+0000] {taskmixin.py:211} WARNING - Dependency <Task(BashOperator): create_entry_gcs>, delete_entry already registered for DAG: example_complex
[2023-04-27T05:07:49.425+0000] {logging_mixin.py:137} INFO - [2023-04-27T05:07:49.425+0000] {taskmixin.py:211} WARNING - Dependency <Task(BashOperator): delete_entry>, create_entry_gcs already registered for DAG: example_complex
[2023-04-27T05:07:49.426+0000] {logging_mixin.py:137} INFO - [2023-04-27T05:07:49.426+0000] {taskmixin.py:211} WARNING - Dependency <Task(BashOperator): create_tag>, delete_tag already registered for DAG: example_complex
[2023-04-27T05:07:49.426+0000] {logging_mixin.py:137} INFO - [2023-04-27T05:07:49.426+0000] {taskmixin.py:211} WARNING - Dependency <Task(BashOperator): delete_tag>, create_tag already registered for DAG: example_complex
[2023-04-27T05:07:49.431+0000] {processor.py:753} INFO - DAG(s) dict_keys(['example_complex']) retrieved from /home/airflow/.local/lib/python3.7/site-packages/airflow/example_dags/example_complex.py
[2023-04-27T05:07:49.457+0000] {logging_mixin.py:137} INFO - [2023-04-27T05:07:49.457+0000] {dag.py:2705} INFO - Sync 1 DAGs
[2023-04-27T05:07:49.475+0000] {logging_mixin.py:137} INFO - [2023-04-27T05:07:49.475+0000] {dag.py:3456} INFO - Setting next_dagrun for example_complex to None, run_after=None
[2023-04-27T05:07:49.490+0000] {processor.py:175} INFO - Processing /home/airflow/.local/lib/python3.7/site-packages/airflow/example_dags/example_complex.py took 0.076 seconds
[2023-04-27T05:08:19.637+0000] {processor.py:153} INFO - Started process (PID=951) to work on /home/airflow/.local/lib/python3.7/site-packages/airflow/example_dags/example_complex.py
[2023-04-27T05:08:19.637+0000] {processor.py:743} INFO - Processing file /home/airflow/.local/lib/python3.7/site-packages/airflow/example_dags/example_complex.py for tasks to queue
[2023-04-27T05:08:19.638+0000] {logging_mixin.py:137} INFO - [2023-04-27T05:08:19.638+0000] {dagbag.py:532} INFO - Filling up the DagBag from /home/airflow/.local/lib/python3.7/site-packages/airflow/example_dags/example_complex.py
[2023-04-27T05:08:19.646+0000] {logging_mixin.py:137} INFO - [2023-04-27T05:08:19.646+0000] {taskmixin.py:211} WARNING - Dependency <Task(BashOperator): create_entry_group>, delete_entry_group already registered for DAG: example_complex
[2023-04-27T05:08:19.646+0000] {logging_mixin.py:137} INFO - [2023-04-27T05:08:19.646+0000] {taskmixin.py:211} WARNING - Dependency <Task(BashOperator): delete_entry_group>, create_entry_group already registered for DAG: example_complex
[2023-04-27T05:08:19.646+0000] {logging_mixin.py:137} INFO - [2023-04-27T05:08:19.646+0000] {taskmixin.py:211} WARNING - Dependency <Task(BashOperator): create_entry_gcs>, delete_entry already registered for DAG: example_complex
[2023-04-27T05:08:19.646+0000] {logging_mixin.py:137} INFO - [2023-04-27T05:08:19.646+0000] {taskmixin.py:211} WARNING - Dependency <Task(BashOperator): delete_entry>, create_entry_gcs already registered for DAG: example_complex
[2023-04-27T05:08:19.647+0000] {logging_mixin.py:137} INFO - [2023-04-27T05:08:19.646+0000] {taskmixin.py:211} WARNING - Dependency <Task(BashOperator): create_tag>, delete_tag already registered for DAG: example_complex
[2023-04-27T05:08:19.647+0000] {logging_mixin.py:137} INFO - [2023-04-27T05:08:19.647+0000] {taskmixin.py:211} WARNING - Dependency <Task(BashOperator): delete_tag>, create_tag already registered for DAG: example_complex
[2023-04-27T05:08:19.652+0000] {processor.py:753} INFO - DAG(s) dict_keys(['example_complex']) retrieved from /home/airflow/.local/lib/python3.7/site-packages/airflow/example_dags/example_complex.py
[2023-04-27T05:08:19.676+0000] {logging_mixin.py:137} INFO - [2023-04-27T05:08:19.676+0000] {dag.py:2705} INFO - Sync 1 DAGs
[2023-04-27T05:08:19.694+0000] {logging_mixin.py:137} INFO - [2023-04-27T05:08:19.694+0000] {dag.py:3456} INFO - Setting next_dagrun for example_complex to None, run_after=None
[2023-04-27T05:08:19.707+0000] {processor.py:175} INFO - Processing /home/airflow/.local/lib/python3.7/site-packages/airflow/example_dags/example_complex.py took 0.072 seconds
[2023-04-27T05:08:49.884+0000] {processor.py:153} INFO - Started process (PID=1001) to work on /home/airflow/.local/lib/python3.7/site-packages/airflow/example_dags/example_complex.py
[2023-04-27T05:08:49.884+0000] {processor.py:743} INFO - Processing file /home/airflow/.local/lib/python3.7/site-packages/airflow/example_dags/example_complex.py for tasks to queue
[2023-04-27T05:08:49.884+0000] {logging_mixin.py:137} INFO - [2023-04-27T05:08:49.884+0000] {dagbag.py:532} INFO - Filling up the DagBag from /home/airflow/.local/lib/python3.7/site-packages/airflow/example_dags/example_complex.py
[2023-04-27T05:08:49.893+0000] {logging_mixin.py:137} INFO - [2023-04-27T05:08:49.893+0000] {taskmixin.py:211} WARNING - Dependency <Task(BashOperator): create_entry_group>, delete_entry_group already registered for DAG: example_complex
[2023-04-27T05:08:49.893+0000] {logging_mixin.py:137} INFO - [2023-04-27T05:08:49.893+0000] {taskmixin.py:211} WARNING - Dependency <Task(BashOperator): delete_entry_group>, create_entry_group already registered for DAG: example_complex
[2023-04-27T05:08:49.893+0000] {logging_mixin.py:137} INFO - [2023-04-27T05:08:49.893+0000] {taskmixin.py:211} WARNING - Dependency <Task(BashOperator): create_entry_gcs>, delete_entry already registered for DAG: example_complex
[2023-04-27T05:08:49.893+0000] {logging_mixin.py:137} INFO - [2023-04-27T05:08:49.893+0000] {taskmixin.py:211} WARNING - Dependency <Task(BashOperator): delete_entry>, create_entry_gcs already registered for DAG: example_complex
[2023-04-27T05:08:49.894+0000] {logging_mixin.py:137} INFO - [2023-04-27T05:08:49.893+0000] {taskmixin.py:211} WARNING - Dependency <Task(BashOperator): create_tag>, delete_tag already registered for DAG: example_complex
[2023-04-27T05:08:49.894+0000] {logging_mixin.py:137} INFO - [2023-04-27T05:08:49.894+0000] {taskmixin.py:211} WARNING - Dependency <Task(BashOperator): delete_tag>, create_tag already registered for DAG: example_complex
[2023-04-27T05:08:49.898+0000] {processor.py:753} INFO - DAG(s) dict_keys(['example_complex']) retrieved from /home/airflow/.local/lib/python3.7/site-packages/airflow/example_dags/example_complex.py
[2023-04-27T05:08:49.923+0000] {logging_mixin.py:137} INFO - [2023-04-27T05:08:49.923+0000] {dag.py:2705} INFO - Sync 1 DAGs
[2023-04-27T05:08:49.941+0000] {logging_mixin.py:137} INFO - [2023-04-27T05:08:49.941+0000] {dag.py:3456} INFO - Setting next_dagrun for example_complex to None, run_after=None
[2023-04-27T05:08:49.956+0000] {processor.py:175} INFO - Processing /home/airflow/.local/lib/python3.7/site-packages/airflow/example_dags/example_complex.py took 0.075 seconds
[2023-04-27T05:09:20.153+0000] {processor.py:153} INFO - Started process (PID=1051) to work on /home/airflow/.local/lib/python3.7/site-packages/airflow/example_dags/example_complex.py
[2023-04-27T05:09:20.153+0000] {processor.py:743} INFO - Processing file /home/airflow/.local/lib/python3.7/site-packages/airflow/example_dags/example_complex.py for tasks to queue
[2023-04-27T05:09:20.154+0000] {logging_mixin.py:137} INFO - [2023-04-27T05:09:20.154+0000] {dagbag.py:532} INFO - Filling up the DagBag from /home/airflow/.local/lib/python3.7/site-packages/airflow/example_dags/example_complex.py
[2023-04-27T05:09:20.162+0000] {logging_mixin.py:137} INFO - [2023-04-27T05:09:20.162+0000] {taskmixin.py:211} WARNING - Dependency <Task(BashOperator): create_entry_group>, delete_entry_group already registered for DAG: example_complex
[2023-04-27T05:09:20.162+0000] {logging_mixin.py:137} INFO - [2023-04-27T05:09:20.162+0000] {taskmixin.py:211} WARNING - Dependency <Task(BashOperator): delete_entry_group>, create_entry_group already registered for DAG: example_complex
[2023-04-27T05:09:20.162+0000] {logging_mixin.py:137} INFO - [2023-04-27T05:09:20.162+0000] {taskmixin.py:211} WARNING - Dependency <Task(BashOperator): create_entry_gcs>, delete_entry already registered for DAG: example_complex
[2023-04-27T05:09:20.162+0000] {logging_mixin.py:137} INFO - [2023-04-27T05:09:20.162+0000] {taskmixin.py:211} WARNING - Dependency <Task(BashOperator): delete_entry>, create_entry_gcs already registered for DAG: example_complex
[2023-04-27T05:09:20.162+0000] {logging_mixin.py:137} INFO - [2023-04-27T05:09:20.162+0000] {taskmixin.py:211} WARNING - Dependency <Task(BashOperator): create_tag>, delete_tag already registered for DAG: example_complex
[2023-04-27T05:09:20.163+0000] {logging_mixin.py:137} INFO - [2023-04-27T05:09:20.163+0000] {taskmixin.py:211} WARNING - Dependency <Task(BashOperator): delete_tag>, create_tag already registered for DAG: example_complex
[2023-04-27T05:09:20.167+0000] {processor.py:753} INFO - DAG(s) dict_keys(['example_complex']) retrieved from /home/airflow/.local/lib/python3.7/site-packages/airflow/example_dags/example_complex.py
[2023-04-27T05:09:20.192+0000] {logging_mixin.py:137} INFO - [2023-04-27T05:09:20.192+0000] {dag.py:2705} INFO - Sync 1 DAGs
[2023-04-27T05:09:20.210+0000] {logging_mixin.py:137} INFO - [2023-04-27T05:09:20.210+0000] {dag.py:3456} INFO - Setting next_dagrun for example_complex to None, run_after=None
[2023-04-27T05:09:20.224+0000] {processor.py:175} INFO - Processing /home/airflow/.local/lib/python3.7/site-packages/airflow/example_dags/example_complex.py took 0.073 seconds
[2023-04-27T05:09:50.450+0000] {processor.py:153} INFO - Started process (PID=1101) to work on /home/airflow/.local/lib/python3.7/site-packages/airflow/example_dags/example_complex.py
[2023-04-27T05:09:50.451+0000] {processor.py:743} INFO - Processing file /home/airflow/.local/lib/python3.7/site-packages/airflow/example_dags/example_complex.py for tasks to queue
[2023-04-27T05:09:50.451+0000] {logging_mixin.py:137} INFO - [2023-04-27T05:09:50.451+0000] {dagbag.py:532} INFO - Filling up the DagBag from /home/airflow/.local/lib/python3.7/site-packages/airflow/example_dags/example_complex.py
[2023-04-27T05:09:50.459+0000] {logging_mixin.py:137} INFO - [2023-04-27T05:09:50.459+0000] {taskmixin.py:211} WARNING - Dependency <Task(BashOperator): create_entry_group>, delete_entry_group already registered for DAG: example_complex
[2023-04-27T05:09:50.459+0000] {logging_mixin.py:137} INFO - [2023-04-27T05:09:50.459+0000] {taskmixin.py:211} WARNING - Dependency <Task(BashOperator): delete_entry_group>, create_entry_group already registered for DAG: example_complex
[2023-04-27T05:09:50.459+0000] {logging_mixin.py:137} INFO - [2023-04-27T05:09:50.459+0000] {taskmixin.py:211} WARNING - Dependency <Task(BashOperator): create_entry_gcs>, delete_entry already registered for DAG: example_complex
[2023-04-27T05:09:50.459+0000] {logging_mixin.py:137} INFO - [2023-04-27T05:09:50.459+0000] {taskmixin.py:211} WARNING - Dependency <Task(BashOperator): delete_entry>, create_entry_gcs already registered for DAG: example_complex
[2023-04-27T05:09:50.460+0000] {logging_mixin.py:137} INFO - [2023-04-27T05:09:50.459+0000] {taskmixin.py:211} WARNING - Dependency <Task(BashOperator): create_tag>, delete_tag already registered for DAG: example_complex
[2023-04-27T05:09:50.460+0000] {logging_mixin.py:137} INFO - [2023-04-27T05:09:50.460+0000] {taskmixin.py:211} WARNING - Dependency <Task(BashOperator): delete_tag>, create_tag already registered for DAG: example_complex
[2023-04-27T05:09:50.465+0000] {processor.py:753} INFO - DAG(s) dict_keys(['example_complex']) retrieved from /home/airflow/.local/lib/python3.7/site-packages/airflow/example_dags/example_complex.py
[2023-04-27T05:09:50.490+0000] {logging_mixin.py:137} INFO - [2023-04-27T05:09:50.490+0000] {dag.py:2705} INFO - Sync 1 DAGs
[2023-04-27T05:09:50.508+0000] {logging_mixin.py:137} INFO - [2023-04-27T05:09:50.507+0000] {dag.py:3456} INFO - Setting next_dagrun for example_complex to None, run_after=None
[2023-04-27T05:09:50.524+0000] {processor.py:175} INFO - Processing /home/airflow/.local/lib/python3.7/site-packages/airflow/example_dags/example_complex.py took 0.076 seconds
[2023-04-27T05:10:20.614+0000] {processor.py:153} INFO - Started process (PID=1151) to work on /home/airflow/.local/lib/python3.7/site-packages/airflow/example_dags/example_complex.py
[2023-04-27T05:10:20.614+0000] {processor.py:743} INFO - Processing file /home/airflow/.local/lib/python3.7/site-packages/airflow/example_dags/example_complex.py for tasks to queue
[2023-04-27T05:10:20.614+0000] {logging_mixin.py:137} INFO - [2023-04-27T05:10:20.614+0000] {dagbag.py:532} INFO - Filling up the DagBag from /home/airflow/.local/lib/python3.7/site-packages/airflow/example_dags/example_complex.py
[2023-04-27T05:10:20.623+0000] {logging_mixin.py:137} INFO - [2023-04-27T05:10:20.622+0000] {taskmixin.py:211} WARNING - Dependency <Task(BashOperator): create_entry_group>, delete_entry_group already registered for DAG: example_complex
[2023-04-27T05:10:20.623+0000] {logging_mixin.py:137} INFO - [2023-04-27T05:10:20.623+0000] {taskmixin.py:211} WARNING - Dependency <Task(BashOperator): delete_entry_group>, create_entry_group already registered for DAG: example_complex
[2023-04-27T05:10:20.623+0000] {logging_mixin.py:137} INFO - [2023-04-27T05:10:20.623+0000] {taskmixin.py:211} WARNING - Dependency <Task(BashOperator): create_entry_gcs>, delete_entry already registered for DAG: example_complex
[2023-04-27T05:10:20.623+0000] {logging_mixin.py:137} INFO - [2023-04-27T05:10:20.623+0000] {taskmixin.py:211} WARNING - Dependency <Task(BashOperator): delete_entry>, create_entry_gcs already registered for DAG: example_complex
[2023-04-27T05:10:20.623+0000] {logging_mixin.py:137} INFO - [2023-04-27T05:10:20.623+0000] {taskmixin.py:211} WARNING - Dependency <Task(BashOperator): create_tag>, delete_tag already registered for DAG: example_complex
[2023-04-27T05:10:20.623+0000] {logging_mixin.py:137} INFO - [2023-04-27T05:10:20.623+0000] {taskmixin.py:211} WARNING - Dependency <Task(BashOperator): delete_tag>, create_tag already registered for DAG: example_complex
[2023-04-27T05:10:20.628+0000] {processor.py:753} INFO - DAG(s) dict_keys(['example_complex']) retrieved from /home/airflow/.local/lib/python3.7/site-packages/airflow/example_dags/example_complex.py
[2023-04-27T05:10:20.653+0000] {logging_mixin.py:137} INFO - [2023-04-27T05:10:20.653+0000] {dag.py:2705} INFO - Sync 1 DAGs
[2023-04-27T05:10:20.670+0000] {logging_mixin.py:137} INFO - [2023-04-27T05:10:20.670+0000] {dag.py:3456} INFO - Setting next_dagrun for example_complex to None, run_after=None
[2023-04-27T05:10:20.684+0000] {processor.py:175} INFO - Processing /home/airflow/.local/lib/python3.7/site-packages/airflow/example_dags/example_complex.py took 0.072 seconds
[2023-04-27T05:10:50.826+0000] {processor.py:153} INFO - Started process (PID=1200) to work on /home/airflow/.local/lib/python3.7/site-packages/airflow/example_dags/example_complex.py
[2023-04-27T05:10:50.826+0000] {processor.py:743} INFO - Processing file /home/airflow/.local/lib/python3.7/site-packages/airflow/example_dags/example_complex.py for tasks to queue
[2023-04-27T05:10:50.827+0000] {logging_mixin.py:137} INFO - [2023-04-27T05:10:50.827+0000] {dagbag.py:532} INFO - Filling up the DagBag from /home/airflow/.local/lib/python3.7/site-packages/airflow/example_dags/example_complex.py
[2023-04-27T05:10:50.835+0000] {logging_mixin.py:137} INFO - [2023-04-27T05:10:50.835+0000] {taskmixin.py:211} WARNING - Dependency <Task(BashOperator): create_entry_group>, delete_entry_group already registered for DAG: example_complex
[2023-04-27T05:10:50.835+0000] {logging_mixin.py:137} INFO - [2023-04-27T05:10:50.835+0000] {taskmixin.py:211} WARNING - Dependency <Task(BashOperator): delete_entry_group>, create_entry_group already registered for DAG: example_complex
[2023-04-27T05:10:50.835+0000] {logging_mixin.py:137} INFO - [2023-04-27T05:10:50.835+0000] {taskmixin.py:211} WARNING - Dependency <Task(BashOperator): create_entry_gcs>, delete_entry already registered for DAG: example_complex
[2023-04-27T05:10:50.835+0000] {logging_mixin.py:137} INFO - [2023-04-27T05:10:50.835+0000] {taskmixin.py:211} WARNING - Dependency <Task(BashOperator): delete_entry>, create_entry_gcs already registered for DAG: example_complex
[2023-04-27T05:10:50.835+0000] {logging_mixin.py:137} INFO - [2023-04-27T05:10:50.835+0000] {taskmixin.py:211} WARNING - Dependency <Task(BashOperator): create_tag>, delete_tag already registered for DAG: example_complex
[2023-04-27T05:10:50.835+0000] {logging_mixin.py:137} INFO - [2023-04-27T05:10:50.835+0000] {taskmixin.py:211} WARNING - Dependency <Task(BashOperator): delete_tag>, create_tag already registered for DAG: example_complex
[2023-04-27T05:10:50.841+0000] {processor.py:753} INFO - DAG(s) dict_keys(['example_complex']) retrieved from /home/airflow/.local/lib/python3.7/site-packages/airflow/example_dags/example_complex.py
[2023-04-27T05:10:50.866+0000] {logging_mixin.py:137} INFO - [2023-04-27T05:10:50.866+0000] {dag.py:2705} INFO - Sync 1 DAGs
[2023-04-27T05:10:50.884+0000] {logging_mixin.py:137} INFO - [2023-04-27T05:10:50.883+0000] {dag.py:3456} INFO - Setting next_dagrun for example_complex to None, run_after=None
[2023-04-27T05:10:50.897+0000] {processor.py:175} INFO - Processing /home/airflow/.local/lib/python3.7/site-packages/airflow/example_dags/example_complex.py took 0.073 seconds
[2023-04-27T05:11:21.097+0000] {processor.py:153} INFO - Started process (PID=1250) to work on /home/airflow/.local/lib/python3.7/site-packages/airflow/example_dags/example_complex.py
[2023-04-27T05:11:21.098+0000] {processor.py:743} INFO - Processing file /home/airflow/.local/lib/python3.7/site-packages/airflow/example_dags/example_complex.py for tasks to queue
[2023-04-27T05:11:21.098+0000] {logging_mixin.py:137} INFO - [2023-04-27T05:11:21.098+0000] {dagbag.py:532} INFO - Filling up the DagBag from /home/airflow/.local/lib/python3.7/site-packages/airflow/example_dags/example_complex.py
[2023-04-27T05:11:21.107+0000] {logging_mixin.py:137} INFO - [2023-04-27T05:11:21.107+0000] {taskmixin.py:211} WARNING - Dependency <Task(BashOperator): create_entry_group>, delete_entry_group already registered for DAG: example_complex
[2023-04-27T05:11:21.107+0000] {logging_mixin.py:137} INFO - [2023-04-27T05:11:21.107+0000] {taskmixin.py:211} WARNING - Dependency <Task(BashOperator): delete_entry_group>, create_entry_group already registered for DAG: example_complex
[2023-04-27T05:11:21.107+0000] {logging_mixin.py:137} INFO - [2023-04-27T05:11:21.107+0000] {taskmixin.py:211} WARNING - Dependency <Task(BashOperator): create_entry_gcs>, delete_entry already registered for DAG: example_complex
[2023-04-27T05:11:21.107+0000] {logging_mixin.py:137} INFO - [2023-04-27T05:11:21.107+0000] {taskmixin.py:211} WARNING - Dependency <Task(BashOperator): delete_entry>, create_entry_gcs already registered for DAG: example_complex
[2023-04-27T05:11:21.107+0000] {logging_mixin.py:137} INFO - [2023-04-27T05:11:21.107+0000] {taskmixin.py:211} WARNING - Dependency <Task(BashOperator): create_tag>, delete_tag already registered for DAG: example_complex
[2023-04-27T05:11:21.107+0000] {logging_mixin.py:137} INFO - [2023-04-27T05:11:21.107+0000] {taskmixin.py:211} WARNING - Dependency <Task(BashOperator): delete_tag>, create_tag already registered for DAG: example_complex
[2023-04-27T05:11:21.112+0000] {processor.py:753} INFO - DAG(s) dict_keys(['example_complex']) retrieved from /home/airflow/.local/lib/python3.7/site-packages/airflow/example_dags/example_complex.py
[2023-04-27T05:11:21.138+0000] {logging_mixin.py:137} INFO - [2023-04-27T05:11:21.137+0000] {dag.py:2705} INFO - Sync 1 DAGs
[2023-04-27T05:11:21.155+0000] {logging_mixin.py:137} INFO - [2023-04-27T05:11:21.155+0000] {dag.py:3456} INFO - Setting next_dagrun for example_complex to None, run_after=None
[2023-04-27T05:11:21.169+0000] {processor.py:175} INFO - Processing /home/airflow/.local/lib/python3.7/site-packages/airflow/example_dags/example_complex.py took 0.073 seconds
[2023-04-27T05:11:51.361+0000] {processor.py:153} INFO - Started process (PID=1300) to work on /home/airflow/.local/lib/python3.7/site-packages/airflow/example_dags/example_complex.py
[2023-04-27T05:11:51.361+0000] {processor.py:743} INFO - Processing file /home/airflow/.local/lib/python3.7/site-packages/airflow/example_dags/example_complex.py for tasks to queue
[2023-04-27T05:11:51.361+0000] {logging_mixin.py:137} INFO - [2023-04-27T05:11:51.361+0000] {dagbag.py:532} INFO - Filling up the DagBag from /home/airflow/.local/lib/python3.7/site-packages/airflow/example_dags/example_complex.py
[2023-04-27T05:11:51.369+0000] {logging_mixin.py:137} INFO - [2023-04-27T05:11:51.369+0000] {taskmixin.py:211} WARNING - Dependency <Task(BashOperator): create_entry_group>, delete_entry_group already registered for DAG: example_complex
[2023-04-27T05:11:51.369+0000] {logging_mixin.py:137} INFO - [2023-04-27T05:11:51.369+0000] {taskmixin.py:211} WARNING - Dependency <Task(BashOperator): delete_entry_group>, create_entry_group already registered for DAG: example_complex
[2023-04-27T05:11:51.369+0000] {logging_mixin.py:137} INFO - [2023-04-27T05:11:51.369+0000] {taskmixin.py:211} WARNING - Dependency <Task(BashOperator): create_entry_gcs>, delete_entry already registered for DAG: example_complex
[2023-04-27T05:11:51.369+0000] {logging_mixin.py:137} INFO - [2023-04-27T05:11:51.369+0000] {taskmixin.py:211} WARNING - Dependency <Task(BashOperator): delete_entry>, create_entry_gcs already registered for DAG: example_complex
[2023-04-27T05:11:51.370+0000] {logging_mixin.py:137} INFO - [2023-04-27T05:11:51.370+0000] {taskmixin.py:211} WARNING - Dependency <Task(BashOperator): create_tag>, delete_tag already registered for DAG: example_complex
[2023-04-27T05:11:51.370+0000] {logging_mixin.py:137} INFO - [2023-04-27T05:11:51.370+0000] {taskmixin.py:211} WARNING - Dependency <Task(BashOperator): delete_tag>, create_tag already registered for DAG: example_complex
[2023-04-27T05:11:51.375+0000] {processor.py:753} INFO - DAG(s) dict_keys(['example_complex']) retrieved from /home/airflow/.local/lib/python3.7/site-packages/airflow/example_dags/example_complex.py
[2023-04-27T05:11:51.399+0000] {logging_mixin.py:137} INFO - [2023-04-27T05:11:51.399+0000] {dag.py:2705} INFO - Sync 1 DAGs
[2023-04-27T05:11:51.417+0000] {logging_mixin.py:137} INFO - [2023-04-27T05:11:51.416+0000] {dag.py:3456} INFO - Setting next_dagrun for example_complex to None, run_after=None
[2023-04-27T05:11:51.431+0000] {processor.py:175} INFO - Processing /home/airflow/.local/lib/python3.7/site-packages/airflow/example_dags/example_complex.py took 0.073 seconds
[2023-04-27T05:12:21.605+0000] {processor.py:153} INFO - Started process (PID=1350) to work on /home/airflow/.local/lib/python3.7/site-packages/airflow/example_dags/example_complex.py
[2023-04-27T05:12:21.605+0000] {processor.py:743} INFO - Processing file /home/airflow/.local/lib/python3.7/site-packages/airflow/example_dags/example_complex.py for tasks to queue
[2023-04-27T05:12:21.606+0000] {logging_mixin.py:137} INFO - [2023-04-27T05:12:21.606+0000] {dagbag.py:532} INFO - Filling up the DagBag from /home/airflow/.local/lib/python3.7/site-packages/airflow/example_dags/example_complex.py
[2023-04-27T05:12:21.614+0000] {logging_mixin.py:137} INFO - [2023-04-27T05:12:21.614+0000] {taskmixin.py:211} WARNING - Dependency <Task(BashOperator): create_entry_group>, delete_entry_group already registered for DAG: example_complex
[2023-04-27T05:12:21.614+0000] {logging_mixin.py:137} INFO - [2023-04-27T05:12:21.614+0000] {taskmixin.py:211} WARNING - Dependency <Task(BashOperator): delete_entry_group>, create_entry_group already registered for DAG: example_complex
[2023-04-27T05:12:21.614+0000] {logging_mixin.py:137} INFO - [2023-04-27T05:12:21.614+0000] {taskmixin.py:211} WARNING - Dependency <Task(BashOperator): create_entry_gcs>, delete_entry already registered for DAG: example_complex
[2023-04-27T05:12:21.614+0000] {logging_mixin.py:137} INFO - [2023-04-27T05:12:21.614+0000] {taskmixin.py:211} WARNING - Dependency <Task(BashOperator): delete_entry>, create_entry_gcs already registered for DAG: example_complex
[2023-04-27T05:12:21.614+0000] {logging_mixin.py:137} INFO - [2023-04-27T05:12:21.614+0000] {taskmixin.py:211} WARNING - Dependency <Task(BashOperator): create_tag>, delete_tag already registered for DAG: example_complex
[2023-04-27T05:12:21.614+0000] {logging_mixin.py:137} INFO - [2023-04-27T05:12:21.614+0000] {taskmixin.py:211} WARNING - Dependency <Task(BashOperator): delete_tag>, create_tag already registered for DAG: example_complex
[2023-04-27T05:12:21.619+0000] {processor.py:753} INFO - DAG(s) dict_keys(['example_complex']) retrieved from /home/airflow/.local/lib/python3.7/site-packages/airflow/example_dags/example_complex.py
[2023-04-27T05:12:21.644+0000] {logging_mixin.py:137} INFO - [2023-04-27T05:12:21.644+0000] {dag.py:2705} INFO - Sync 1 DAGs
[2023-04-27T05:12:21.663+0000] {logging_mixin.py:137} INFO - [2023-04-27T05:12:21.662+0000] {dag.py:3456} INFO - Setting next_dagrun for example_complex to None, run_after=None
[2023-04-27T05:12:21.678+0000] {processor.py:175} INFO - Processing /home/airflow/.local/lib/python3.7/site-packages/airflow/example_dags/example_complex.py took 0.075 seconds
[2023-04-27T05:12:51.800+0000] {processor.py:153} INFO - Started process (PID=1400) to work on /home/airflow/.local/lib/python3.7/site-packages/airflow/example_dags/example_complex.py
[2023-04-27T05:12:51.800+0000] {processor.py:743} INFO - Processing file /home/airflow/.local/lib/python3.7/site-packages/airflow/example_dags/example_complex.py for tasks to queue
[2023-04-27T05:12:51.800+0000] {logging_mixin.py:137} INFO - [2023-04-27T05:12:51.800+0000] {dagbag.py:532} INFO - Filling up the DagBag from /home/airflow/.local/lib/python3.7/site-packages/airflow/example_dags/example_complex.py
[2023-04-27T05:12:51.809+0000] {logging_mixin.py:137} INFO - [2023-04-27T05:12:51.809+0000] {taskmixin.py:211} WARNING - Dependency <Task(BashOperator): create_entry_group>, delete_entry_group already registered for DAG: example_complex
[2023-04-27T05:12:51.809+0000] {logging_mixin.py:137} INFO - [2023-04-27T05:12:51.809+0000] {taskmixin.py:211} WARNING - Dependency <Task(BashOperator): delete_entry_group>, create_entry_group already registered for DAG: example_complex
[2023-04-27T05:12:51.809+0000] {logging_mixin.py:137} INFO - [2023-04-27T05:12:51.809+0000] {taskmixin.py:211} WARNING - Dependency <Task(BashOperator): create_entry_gcs>, delete_entry already registered for DAG: example_complex
[2023-04-27T05:12:51.809+0000] {logging_mixin.py:137} INFO - [2023-04-27T05:12:51.809+0000] {taskmixin.py:211} WARNING - Dependency <Task(BashOperator): delete_entry>, create_entry_gcs already registered for DAG: example_complex
[2023-04-27T05:12:51.809+0000] {logging_mixin.py:137} INFO - [2023-04-27T05:12:51.809+0000] {taskmixin.py:211} WARNING - Dependency <Task(BashOperator): create_tag>, delete_tag already registered for DAG: example_complex
[2023-04-27T05:12:51.809+0000] {logging_mixin.py:137} INFO - [2023-04-27T05:12:51.809+0000] {taskmixin.py:211} WARNING - Dependency <Task(BashOperator): delete_tag>, create_tag already registered for DAG: example_complex
[2023-04-27T05:12:51.814+0000] {processor.py:753} INFO - DAG(s) dict_keys(['example_complex']) retrieved from /home/airflow/.local/lib/python3.7/site-packages/airflow/example_dags/example_complex.py
[2023-04-27T05:12:51.839+0000] {logging_mixin.py:137} INFO - [2023-04-27T05:12:51.839+0000] {dag.py:2705} INFO - Sync 1 DAGs
[2023-04-27T05:12:51.858+0000] {logging_mixin.py:137} INFO - [2023-04-27T05:12:51.857+0000] {dag.py:3456} INFO - Setting next_dagrun for example_complex to None, run_after=None
[2023-04-27T05:12:51.871+0000] {processor.py:175} INFO - Processing /home/airflow/.local/lib/python3.7/site-packages/airflow/example_dags/example_complex.py took 0.074 seconds
[2023-04-27T05:13:22.115+0000] {processor.py:153} INFO - Started process (PID=1450) to work on /home/airflow/.local/lib/python3.7/site-packages/airflow/example_dags/example_complex.py
[2023-04-27T05:13:22.116+0000] {processor.py:743} INFO - Processing file /home/airflow/.local/lib/python3.7/site-packages/airflow/example_dags/example_complex.py for tasks to queue
[2023-04-27T05:13:22.116+0000] {logging_mixin.py:137} INFO - [2023-04-27T05:13:22.116+0000] {dagbag.py:532} INFO - Filling up the DagBag from /home/airflow/.local/lib/python3.7/site-packages/airflow/example_dags/example_complex.py
[2023-04-27T05:13:22.126+0000] {logging_mixin.py:137} INFO - [2023-04-27T05:13:22.125+0000] {taskmixin.py:211} WARNING - Dependency <Task(BashOperator): create_entry_group>, delete_entry_group already registered for DAG: example_complex
[2023-04-27T05:13:22.126+0000] {logging_mixin.py:137} INFO - [2023-04-27T05:13:22.126+0000] {taskmixin.py:211} WARNING - Dependency <Task(BashOperator): delete_entry_group>, create_entry_group already registered for DAG: example_complex
[2023-04-27T05:13:22.126+0000] {logging_mixin.py:137} INFO - [2023-04-27T05:13:22.126+0000] {taskmixin.py:211} WARNING - Dependency <Task(BashOperator): create_entry_gcs>, delete_entry already registered for DAG: example_complex
[2023-04-27T05:13:22.126+0000] {logging_mixin.py:137} INFO - [2023-04-27T05:13:22.126+0000] {taskmixin.py:211} WARNING - Dependency <Task(BashOperator): delete_entry>, create_entry_gcs already registered for DAG: example_complex
[2023-04-27T05:13:22.126+0000] {logging_mixin.py:137} INFO - [2023-04-27T05:13:22.126+0000] {taskmixin.py:211} WARNING - Dependency <Task(BashOperator): create_tag>, delete_tag already registered for DAG: example_complex
[2023-04-27T05:13:22.126+0000] {logging_mixin.py:137} INFO - [2023-04-27T05:13:22.126+0000] {taskmixin.py:211} WARNING - Dependency <Task(BashOperator): delete_tag>, create_tag already registered for DAG: example_complex
[2023-04-27T05:13:22.132+0000] {processor.py:753} INFO - DAG(s) dict_keys(['example_complex']) retrieved from /home/airflow/.local/lib/python3.7/site-packages/airflow/example_dags/example_complex.py
[2023-04-27T05:13:22.162+0000] {logging_mixin.py:137} INFO - [2023-04-27T05:13:22.162+0000] {dag.py:2705} INFO - Sync 1 DAGs
[2023-04-27T05:13:22.183+0000] {logging_mixin.py:137} INFO - [2023-04-27T05:13:22.182+0000] {dag.py:3456} INFO - Setting next_dagrun for example_complex to None, run_after=None
[2023-04-27T05:13:22.200+0000] {processor.py:175} INFO - Processing /home/airflow/.local/lib/python3.7/site-packages/airflow/example_dags/example_complex.py took 0.087 seconds
[2023-04-27T05:13:52.271+0000] {processor.py:153} INFO - Started process (PID=1500) to work on /home/airflow/.local/lib/python3.7/site-packages/airflow/example_dags/example_complex.py
[2023-04-27T05:13:52.271+0000] {processor.py:743} INFO - Processing file /home/airflow/.local/lib/python3.7/site-packages/airflow/example_dags/example_complex.py for tasks to queue
[2023-04-27T05:13:52.272+0000] {logging_mixin.py:137} INFO - [2023-04-27T05:13:52.272+0000] {dagbag.py:532} INFO - Filling up the DagBag from /home/airflow/.local/lib/python3.7/site-packages/airflow/example_dags/example_complex.py
[2023-04-27T05:13:52.279+0000] {logging_mixin.py:137} INFO - [2023-04-27T05:13:52.279+0000] {taskmixin.py:211} WARNING - Dependency <Task(BashOperator): create_entry_group>, delete_entry_group already registered for DAG: example_complex
[2023-04-27T05:13:52.280+0000] {logging_mixin.py:137} INFO - [2023-04-27T05:13:52.280+0000] {taskmixin.py:211} WARNING - Dependency <Task(BashOperator): delete_entry_group>, create_entry_group already registered for DAG: example_complex
[2023-04-27T05:13:52.280+0000] {logging_mixin.py:137} INFO - [2023-04-27T05:13:52.280+0000] {taskmixin.py:211} WARNING - Dependency <Task(BashOperator): create_entry_gcs>, delete_entry already registered for DAG: example_complex
[2023-04-27T05:13:52.280+0000] {logging_mixin.py:137} INFO - [2023-04-27T05:13:52.280+0000] {taskmixin.py:211} WARNING - Dependency <Task(BashOperator): delete_entry>, create_entry_gcs already registered for DAG: example_complex
[2023-04-27T05:13:52.280+0000] {logging_mixin.py:137} INFO - [2023-04-27T05:13:52.280+0000] {taskmixin.py:211} WARNING - Dependency <Task(BashOperator): create_tag>, delete_tag already registered for DAG: example_complex
[2023-04-27T05:13:52.280+0000] {logging_mixin.py:137} INFO - [2023-04-27T05:13:52.280+0000] {taskmixin.py:211} WARNING - Dependency <Task(BashOperator): delete_tag>, create_tag already registered for DAG: example_complex
[2023-04-27T05:13:52.285+0000] {processor.py:753} INFO - DAG(s) dict_keys(['example_complex']) retrieved from /home/airflow/.local/lib/python3.7/site-packages/airflow/example_dags/example_complex.py
[2023-04-27T05:13:52.310+0000] {logging_mixin.py:137} INFO - [2023-04-27T05:13:52.310+0000] {dag.py:2705} INFO - Sync 1 DAGs
[2023-04-27T05:13:52.327+0000] {logging_mixin.py:137} INFO - [2023-04-27T05:13:52.327+0000] {dag.py:3456} INFO - Setting next_dagrun for example_complex to None, run_after=None
[2023-04-27T05:13:52.341+0000] {processor.py:175} INFO - Processing /home/airflow/.local/lib/python3.7/site-packages/airflow/example_dags/example_complex.py took 0.073 seconds
[2023-04-27T05:14:22.518+0000] {processor.py:153} INFO - Started process (PID=1550) to work on /home/airflow/.local/lib/python3.7/site-packages/airflow/example_dags/example_complex.py
[2023-04-27T05:14:22.518+0000] {processor.py:743} INFO - Processing file /home/airflow/.local/lib/python3.7/site-packages/airflow/example_dags/example_complex.py for tasks to queue
[2023-04-27T05:14:22.519+0000] {logging_mixin.py:137} INFO - [2023-04-27T05:14:22.519+0000] {dagbag.py:532} INFO - Filling up the DagBag from /home/airflow/.local/lib/python3.7/site-packages/airflow/example_dags/example_complex.py
[2023-04-27T05:14:22.527+0000] {logging_mixin.py:137} INFO - [2023-04-27T05:14:22.527+0000] {taskmixin.py:211} WARNING - Dependency <Task(BashOperator): create_entry_group>, delete_entry_group already registered for DAG: example_complex
[2023-04-27T05:14:22.527+0000] {logging_mixin.py:137} INFO - [2023-04-27T05:14:22.527+0000] {taskmixin.py:211} WARNING - Dependency <Task(BashOperator): delete_entry_group>, create_entry_group already registered for DAG: example_complex
[2023-04-27T05:14:22.527+0000] {logging_mixin.py:137} INFO - [2023-04-27T05:14:22.527+0000] {taskmixin.py:211} WARNING - Dependency <Task(BashOperator): create_entry_gcs>, delete_entry already registered for DAG: example_complex
[2023-04-27T05:14:22.527+0000] {logging_mixin.py:137} INFO - [2023-04-27T05:14:22.527+0000] {taskmixin.py:211} WARNING - Dependency <Task(BashOperator): delete_entry>, create_entry_gcs already registered for DAG: example_complex
[2023-04-27T05:14:22.527+0000] {logging_mixin.py:137} INFO - [2023-04-27T05:14:22.527+0000] {taskmixin.py:211} WARNING - Dependency <Task(BashOperator): create_tag>, delete_tag already registered for DAG: example_complex
[2023-04-27T05:14:22.527+0000] {logging_mixin.py:137} INFO - [2023-04-27T05:14:22.527+0000] {taskmixin.py:211} WARNING - Dependency <Task(BashOperator): delete_tag>, create_tag already registered for DAG: example_complex
[2023-04-27T05:14:22.533+0000] {processor.py:753} INFO - DAG(s) dict_keys(['example_complex']) retrieved from /home/airflow/.local/lib/python3.7/site-packages/airflow/example_dags/example_complex.py
[2023-04-27T05:14:22.558+0000] {logging_mixin.py:137} INFO - [2023-04-27T05:14:22.558+0000] {dag.py:2705} INFO - Sync 1 DAGs
[2023-04-27T05:14:22.576+0000] {logging_mixin.py:137} INFO - [2023-04-27T05:14:22.576+0000] {dag.py:3456} INFO - Setting next_dagrun for example_complex to None, run_after=None
[2023-04-27T05:14:22.590+0000] {processor.py:175} INFO - Processing /home/airflow/.local/lib/python3.7/site-packages/airflow/example_dags/example_complex.py took 0.074 seconds
[2023-04-27T05:14:52.784+0000] {processor.py:153} INFO - Started process (PID=1599) to work on /home/airflow/.local/lib/python3.7/site-packages/airflow/example_dags/example_complex.py
[2023-04-27T05:14:52.785+0000] {processor.py:743} INFO - Processing file /home/airflow/.local/lib/python3.7/site-packages/airflow/example_dags/example_complex.py for tasks to queue
[2023-04-27T05:14:52.785+0000] {logging_mixin.py:137} INFO - [2023-04-27T05:14:52.785+0000] {dagbag.py:532} INFO - Filling up the DagBag from /home/airflow/.local/lib/python3.7/site-packages/airflow/example_dags/example_complex.py
[2023-04-27T05:14:52.794+0000] {logging_mixin.py:137} INFO - [2023-04-27T05:14:52.794+0000] {taskmixin.py:211} WARNING - Dependency <Task(BashOperator): create_entry_group>, delete_entry_group already registered for DAG: example_complex
[2023-04-27T05:14:52.795+0000] {logging_mixin.py:137} INFO - [2023-04-27T05:14:52.795+0000] {taskmixin.py:211} WARNING - Dependency <Task(BashOperator): delete_entry_group>, create_entry_group already registered for DAG: example_complex
[2023-04-27T05:14:52.795+0000] {logging_mixin.py:137} INFO - [2023-04-27T05:14:52.795+0000] {taskmixin.py:211} WARNING - Dependency <Task(BashOperator): create_entry_gcs>, delete_entry already registered for DAG: example_complex
[2023-04-27T05:14:52.795+0000] {logging_mixin.py:137} INFO - [2023-04-27T05:14:52.795+0000] {taskmixin.py:211} WARNING - Dependency <Task(BashOperator): delete_entry>, create_entry_gcs already registered for DAG: example_complex
[2023-04-27T05:14:52.795+0000] {logging_mixin.py:137} INFO - [2023-04-27T05:14:52.795+0000] {taskmixin.py:211} WARNING - Dependency <Task(BashOperator): create_tag>, delete_tag already registered for DAG: example_complex
[2023-04-27T05:14:52.795+0000] {logging_mixin.py:137} INFO - [2023-04-27T05:14:52.795+0000] {taskmixin.py:211} WARNING - Dependency <Task(BashOperator): delete_tag>, create_tag already registered for DAG: example_complex
[2023-04-27T05:14:52.801+0000] {processor.py:753} INFO - DAG(s) dict_keys(['example_complex']) retrieved from /home/airflow/.local/lib/python3.7/site-packages/airflow/example_dags/example_complex.py
[2023-04-27T05:14:52.830+0000] {logging_mixin.py:137} INFO - [2023-04-27T05:14:52.830+0000] {dag.py:2705} INFO - Sync 1 DAGs
[2023-04-27T05:14:52.851+0000] {logging_mixin.py:137} INFO - [2023-04-27T05:14:52.851+0000] {dag.py:3456} INFO - Setting next_dagrun for example_complex to None, run_after=None
[2023-04-27T05:14:52.869+0000] {processor.py:175} INFO - Processing /home/airflow/.local/lib/python3.7/site-packages/airflow/example_dags/example_complex.py took 0.087 seconds
