[2023-04-27T04:59:13.991+0000] {processor.py:153} INFO - Started process (PID=47) to work on /home/airflow/.local/lib/python3.7/site-packages/airflow/example_dags/example_external_task_marker_dag.py
[2023-04-27T04:59:13.992+0000] {processor.py:743} INFO - Processing file /home/airflow/.local/lib/python3.7/site-packages/airflow/example_dags/example_external_task_marker_dag.py for tasks to queue
[2023-04-27T04:59:13.992+0000] {logging_mixin.py:137} INFO - [2023-04-27T04:59:13.992+0000] {dagbag.py:532} INFO - Filling up the DagBag from /home/airflow/.local/lib/python3.7/site-packages/airflow/example_dags/example_external_task_marker_dag.py
[2023-04-27T04:59:14.023+0000] {processor.py:753} INFO - DAG(s) dict_keys(['example_external_task_marker_parent', 'example_external_task_marker_child']) retrieved from /home/airflow/.local/lib/python3.7/site-packages/airflow/example_dags/example_external_task_marker_dag.py
[2023-04-27T04:59:14.048+0000] {logging_mixin.py:137} INFO - [2023-04-27T04:59:14.048+0000] {dag.py:2705} INFO - Sync 2 DAGs
[2023-04-27T04:59:14.072+0000] {logging_mixin.py:137} INFO - [2023-04-27T04:59:14.072+0000] {dag.py:3456} INFO - Setting next_dagrun for example_external_task_marker_child to None, run_after=None
[2023-04-27T04:59:14.075+0000] {logging_mixin.py:137} INFO - [2023-04-27T04:59:14.075+0000] {dag.py:3456} INFO - Setting next_dagrun for example_external_task_marker_parent to None, run_after=None
[2023-04-27T04:59:14.091+0000] {processor.py:175} INFO - Processing /home/airflow/.local/lib/python3.7/site-packages/airflow/example_dags/example_external_task_marker_dag.py took 0.102 seconds
[2023-04-27T04:59:44.643+0000] {processor.py:153} INFO - Started process (PID=96) to work on /home/airflow/.local/lib/python3.7/site-packages/airflow/example_dags/example_external_task_marker_dag.py
[2023-04-27T04:59:44.652+0000] {processor.py:743} INFO - Processing file /home/airflow/.local/lib/python3.7/site-packages/airflow/example_dags/example_external_task_marker_dag.py for tasks to queue
[2023-04-27T04:59:44.652+0000] {logging_mixin.py:137} INFO - [2023-04-27T04:59:44.652+0000] {dagbag.py:532} INFO - Filling up the DagBag from /home/airflow/.local/lib/python3.7/site-packages/airflow/example_dags/example_external_task_marker_dag.py
[2023-04-27T04:59:44.661+0000] {processor.py:753} INFO - DAG(s) dict_keys(['example_external_task_marker_child', 'example_external_task_marker_parent']) retrieved from /home/airflow/.local/lib/python3.7/site-packages/airflow/example_dags/example_external_task_marker_dag.py
[2023-04-27T04:59:44.716+0000] {logging_mixin.py:137} INFO - [2023-04-27T04:59:44.716+0000] {dag.py:2705} INFO - Sync 2 DAGs
[2023-04-27T04:59:44.734+0000] {logging_mixin.py:137} INFO - [2023-04-27T04:59:44.734+0000] {dag.py:3456} INFO - Setting next_dagrun for example_external_task_marker_child to None, run_after=None
[2023-04-27T04:59:44.737+0000] {logging_mixin.py:137} INFO - [2023-04-27T04:59:44.737+0000] {dag.py:3456} INFO - Setting next_dagrun for example_external_task_marker_parent to None, run_after=None
[2023-04-27T04:59:44.752+0000] {processor.py:175} INFO - Processing /home/airflow/.local/lib/python3.7/site-packages/airflow/example_dags/example_external_task_marker_dag.py took 0.111 seconds
[2023-04-27T05:00:14.868+0000] {processor.py:153} INFO - Started process (PID=146) to work on /home/airflow/.local/lib/python3.7/site-packages/airflow/example_dags/example_external_task_marker_dag.py
[2023-04-27T05:00:14.878+0000] {processor.py:743} INFO - Processing file /home/airflow/.local/lib/python3.7/site-packages/airflow/example_dags/example_external_task_marker_dag.py for tasks to queue
[2023-04-27T05:00:14.878+0000] {logging_mixin.py:137} INFO - [2023-04-27T05:00:14.878+0000] {dagbag.py:532} INFO - Filling up the DagBag from /home/airflow/.local/lib/python3.7/site-packages/airflow/example_dags/example_external_task_marker_dag.py
[2023-04-27T05:00:14.888+0000] {processor.py:753} INFO - DAG(s) dict_keys(['example_external_task_marker_child', 'example_external_task_marker_parent']) retrieved from /home/airflow/.local/lib/python3.7/site-packages/airflow/example_dags/example_external_task_marker_dag.py
[2023-04-27T05:00:14.908+0000] {logging_mixin.py:137} INFO - [2023-04-27T05:00:14.908+0000] {dag.py:2705} INFO - Sync 2 DAGs
[2023-04-27T05:00:14.927+0000] {logging_mixin.py:137} INFO - [2023-04-27T05:00:14.927+0000] {dag.py:3456} INFO - Setting next_dagrun for example_external_task_marker_child to None, run_after=None
[2023-04-27T05:00:14.930+0000] {logging_mixin.py:137} INFO - [2023-04-27T05:00:14.929+0000] {dag.py:3456} INFO - Setting next_dagrun for example_external_task_marker_parent to None, run_after=None
[2023-04-27T05:00:14.943+0000] {processor.py:175} INFO - Processing /home/airflow/.local/lib/python3.7/site-packages/airflow/example_dags/example_external_task_marker_dag.py took 0.078 seconds
[2023-04-27T05:00:45.152+0000] {processor.py:153} INFO - Started process (PID=196) to work on /home/airflow/.local/lib/python3.7/site-packages/airflow/example_dags/example_external_task_marker_dag.py
[2023-04-27T05:00:45.152+0000] {processor.py:743} INFO - Processing file /home/airflow/.local/lib/python3.7/site-packages/airflow/example_dags/example_external_task_marker_dag.py for tasks to queue
[2023-04-27T05:00:45.153+0000] {logging_mixin.py:137} INFO - [2023-04-27T05:00:45.152+0000] {dagbag.py:532} INFO - Filling up the DagBag from /home/airflow/.local/lib/python3.7/site-packages/airflow/example_dags/example_external_task_marker_dag.py
[2023-04-27T05:00:45.163+0000] {processor.py:753} INFO - DAG(s) dict_keys(['example_external_task_marker_parent', 'example_external_task_marker_child']) retrieved from /home/airflow/.local/lib/python3.7/site-packages/airflow/example_dags/example_external_task_marker_dag.py
[2023-04-27T05:00:45.182+0000] {logging_mixin.py:137} INFO - [2023-04-27T05:00:45.182+0000] {dag.py:2705} INFO - Sync 2 DAGs
[2023-04-27T05:00:45.200+0000] {logging_mixin.py:137} INFO - [2023-04-27T05:00:45.200+0000] {dag.py:3456} INFO - Setting next_dagrun for example_external_task_marker_child to None, run_after=None
[2023-04-27T05:00:45.202+0000] {logging_mixin.py:137} INFO - [2023-04-27T05:00:45.202+0000] {dag.py:3456} INFO - Setting next_dagrun for example_external_task_marker_parent to None, run_after=None
[2023-04-27T05:00:45.215+0000] {processor.py:175} INFO - Processing /home/airflow/.local/lib/python3.7/site-packages/airflow/example_dags/example_external_task_marker_dag.py took 0.066 seconds
[2023-04-27T05:01:15.303+0000] {processor.py:153} INFO - Started process (PID=247) to work on /home/airflow/.local/lib/python3.7/site-packages/airflow/example_dags/example_external_task_marker_dag.py
[2023-04-27T05:01:15.304+0000] {processor.py:743} INFO - Processing file /home/airflow/.local/lib/python3.7/site-packages/airflow/example_dags/example_external_task_marker_dag.py for tasks to queue
[2023-04-27T05:01:15.304+0000] {logging_mixin.py:137} INFO - [2023-04-27T05:01:15.304+0000] {dagbag.py:532} INFO - Filling up the DagBag from /home/airflow/.local/lib/python3.7/site-packages/airflow/example_dags/example_external_task_marker_dag.py
[2023-04-27T05:01:15.313+0000] {processor.py:753} INFO - DAG(s) dict_keys(['example_external_task_marker_parent', 'example_external_task_marker_child']) retrieved from /home/airflow/.local/lib/python3.7/site-packages/airflow/example_dags/example_external_task_marker_dag.py
[2023-04-27T05:01:15.324+0000] {logging_mixin.py:137} INFO - [2023-04-27T05:01:15.324+0000] {dag.py:2705} INFO - Sync 2 DAGs
[2023-04-27T05:01:15.345+0000] {logging_mixin.py:137} INFO - [2023-04-27T05:01:15.345+0000] {dag.py:3456} INFO - Setting next_dagrun for example_external_task_marker_child to None, run_after=None
[2023-04-27T05:01:15.348+0000] {logging_mixin.py:137} INFO - [2023-04-27T05:01:15.347+0000] {dag.py:3456} INFO - Setting next_dagrun for example_external_task_marker_parent to None, run_after=None
[2023-04-27T05:01:15.361+0000] {processor.py:175} INFO - Processing /home/airflow/.local/lib/python3.7/site-packages/airflow/example_dags/example_external_task_marker_dag.py took 0.060 seconds
[2023-04-27T05:01:45.522+0000] {processor.py:153} INFO - Started process (PID=295) to work on /home/airflow/.local/lib/python3.7/site-packages/airflow/example_dags/example_external_task_marker_dag.py
[2023-04-27T05:01:45.531+0000] {processor.py:743} INFO - Processing file /home/airflow/.local/lib/python3.7/site-packages/airflow/example_dags/example_external_task_marker_dag.py for tasks to queue
[2023-04-27T05:01:45.532+0000] {logging_mixin.py:137} INFO - [2023-04-27T05:01:45.532+0000] {dagbag.py:532} INFO - Filling up the DagBag from /home/airflow/.local/lib/python3.7/site-packages/airflow/example_dags/example_external_task_marker_dag.py
[2023-04-27T05:01:45.544+0000] {processor.py:753} INFO - DAG(s) dict_keys(['example_external_task_marker_child', 'example_external_task_marker_parent']) retrieved from /home/airflow/.local/lib/python3.7/site-packages/airflow/example_dags/example_external_task_marker_dag.py
[2023-04-27T05:01:45.564+0000] {logging_mixin.py:137} INFO - [2023-04-27T05:01:45.564+0000] {dag.py:2705} INFO - Sync 2 DAGs
[2023-04-27T05:01:45.585+0000] {logging_mixin.py:137} INFO - [2023-04-27T05:01:45.585+0000] {dag.py:3456} INFO - Setting next_dagrun for example_external_task_marker_child to None, run_after=None
[2023-04-27T05:01:45.587+0000] {logging_mixin.py:137} INFO - [2023-04-27T05:01:45.587+0000] {dag.py:3456} INFO - Setting next_dagrun for example_external_task_marker_parent to None, run_after=None
[2023-04-27T05:01:45.605+0000] {processor.py:175} INFO - Processing /home/airflow/.local/lib/python3.7/site-packages/airflow/example_dags/example_external_task_marker_dag.py took 0.085 seconds
[2023-04-27T05:02:15.625+0000] {processor.py:153} INFO - Started process (PID=345) to work on /home/airflow/.local/lib/python3.7/site-packages/airflow/example_dags/example_external_task_marker_dag.py
[2023-04-27T05:02:15.634+0000] {processor.py:743} INFO - Processing file /home/airflow/.local/lib/python3.7/site-packages/airflow/example_dags/example_external_task_marker_dag.py for tasks to queue
[2023-04-27T05:02:15.635+0000] {logging_mixin.py:137} INFO - [2023-04-27T05:02:15.635+0000] {dagbag.py:532} INFO - Filling up the DagBag from /home/airflow/.local/lib/python3.7/site-packages/airflow/example_dags/example_external_task_marker_dag.py
[2023-04-27T05:02:15.647+0000] {processor.py:753} INFO - DAG(s) dict_keys(['example_external_task_marker_child', 'example_external_task_marker_parent']) retrieved from /home/airflow/.local/lib/python3.7/site-packages/airflow/example_dags/example_external_task_marker_dag.py
[2023-04-27T05:02:15.672+0000] {logging_mixin.py:137} INFO - [2023-04-27T05:02:15.672+0000] {dag.py:2705} INFO - Sync 2 DAGs
[2023-04-27T05:02:15.695+0000] {logging_mixin.py:137} INFO - [2023-04-27T05:02:15.695+0000] {dag.py:3456} INFO - Setting next_dagrun for example_external_task_marker_child to None, run_after=None
[2023-04-27T05:02:15.698+0000] {logging_mixin.py:137} INFO - [2023-04-27T05:02:15.698+0000] {dag.py:3456} INFO - Setting next_dagrun for example_external_task_marker_parent to None, run_after=None
[2023-04-27T05:02:15.724+0000] {processor.py:175} INFO - Processing /home/airflow/.local/lib/python3.7/site-packages/airflow/example_dags/example_external_task_marker_dag.py took 0.102 seconds
[2023-04-27T05:02:46.226+0000] {processor.py:153} INFO - Started process (PID=395) to work on /home/airflow/.local/lib/python3.7/site-packages/airflow/example_dags/example_external_task_marker_dag.py
[2023-04-27T05:02:46.228+0000] {processor.py:743} INFO - Processing file /home/airflow/.local/lib/python3.7/site-packages/airflow/example_dags/example_external_task_marker_dag.py for tasks to queue
[2023-04-27T05:02:46.228+0000] {logging_mixin.py:137} INFO - [2023-04-27T05:02:46.228+0000] {dagbag.py:532} INFO - Filling up the DagBag from /home/airflow/.local/lib/python3.7/site-packages/airflow/example_dags/example_external_task_marker_dag.py
[2023-04-27T05:02:46.239+0000] {processor.py:753} INFO - DAG(s) dict_keys(['example_external_task_marker_child', 'example_external_task_marker_parent']) retrieved from /home/airflow/.local/lib/python3.7/site-packages/airflow/example_dags/example_external_task_marker_dag.py
[2023-04-27T05:02:46.262+0000] {logging_mixin.py:137} INFO - [2023-04-27T05:02:46.262+0000] {dag.py:2705} INFO - Sync 2 DAGs
[2023-04-27T05:02:46.283+0000] {logging_mixin.py:137} INFO - [2023-04-27T05:02:46.282+0000] {dag.py:3456} INFO - Setting next_dagrun for example_external_task_marker_child to None, run_after=None
[2023-04-27T05:02:46.286+0000] {logging_mixin.py:137} INFO - [2023-04-27T05:02:46.285+0000] {dag.py:3456} INFO - Setting next_dagrun for example_external_task_marker_parent to None, run_after=None
[2023-04-27T05:02:46.302+0000] {processor.py:175} INFO - Processing /home/airflow/.local/lib/python3.7/site-packages/airflow/example_dags/example_external_task_marker_dag.py took 0.078 seconds
[2023-04-27T05:03:16.905+0000] {processor.py:153} INFO - Started process (PID=445) to work on /home/airflow/.local/lib/python3.7/site-packages/airflow/example_dags/example_external_task_marker_dag.py
[2023-04-27T05:03:16.914+0000] {processor.py:743} INFO - Processing file /home/airflow/.local/lib/python3.7/site-packages/airflow/example_dags/example_external_task_marker_dag.py for tasks to queue
[2023-04-27T05:03:16.915+0000] {logging_mixin.py:137} INFO - [2023-04-27T05:03:16.915+0000] {dagbag.py:532} INFO - Filling up the DagBag from /home/airflow/.local/lib/python3.7/site-packages/airflow/example_dags/example_external_task_marker_dag.py
[2023-04-27T05:03:16.925+0000] {processor.py:753} INFO - DAG(s) dict_keys(['example_external_task_marker_parent', 'example_external_task_marker_child']) retrieved from /home/airflow/.local/lib/python3.7/site-packages/airflow/example_dags/example_external_task_marker_dag.py
[2023-04-27T05:03:16.945+0000] {logging_mixin.py:137} INFO - [2023-04-27T05:03:16.945+0000] {dag.py:2705} INFO - Sync 2 DAGs
[2023-04-27T05:03:16.962+0000] {logging_mixin.py:137} INFO - [2023-04-27T05:03:16.962+0000] {dag.py:3456} INFO - Setting next_dagrun for example_external_task_marker_child to None, run_after=None
[2023-04-27T05:03:16.965+0000] {logging_mixin.py:137} INFO - [2023-04-27T05:03:16.965+0000] {dag.py:3456} INFO - Setting next_dagrun for example_external_task_marker_parent to None, run_after=None
[2023-04-27T05:03:16.978+0000] {processor.py:175} INFO - Processing /home/airflow/.local/lib/python3.7/site-packages/airflow/example_dags/example_external_task_marker_dag.py took 0.075 seconds
[2023-04-27T05:03:47.363+0000] {processor.py:153} INFO - Started process (PID=495) to work on /home/airflow/.local/lib/python3.7/site-packages/airflow/example_dags/example_external_task_marker_dag.py
[2023-04-27T05:03:47.367+0000] {processor.py:743} INFO - Processing file /home/airflow/.local/lib/python3.7/site-packages/airflow/example_dags/example_external_task_marker_dag.py for tasks to queue
[2023-04-27T05:03:47.367+0000] {logging_mixin.py:137} INFO - [2023-04-27T05:03:47.367+0000] {dagbag.py:532} INFO - Filling up the DagBag from /home/airflow/.local/lib/python3.7/site-packages/airflow/example_dags/example_external_task_marker_dag.py
[2023-04-27T05:03:47.377+0000] {processor.py:753} INFO - DAG(s) dict_keys(['example_external_task_marker_parent', 'example_external_task_marker_child']) retrieved from /home/airflow/.local/lib/python3.7/site-packages/airflow/example_dags/example_external_task_marker_dag.py
[2023-04-27T05:03:47.398+0000] {logging_mixin.py:137} INFO - [2023-04-27T05:03:47.398+0000] {dag.py:2705} INFO - Sync 2 DAGs
[2023-04-27T05:03:47.417+0000] {logging_mixin.py:137} INFO - [2023-04-27T05:03:47.416+0000] {dag.py:3456} INFO - Setting next_dagrun for example_external_task_marker_child to None, run_after=None
[2023-04-27T05:03:47.419+0000] {logging_mixin.py:137} INFO - [2023-04-27T05:03:47.419+0000] {dag.py:3456} INFO - Setting next_dagrun for example_external_task_marker_parent to None, run_after=None
[2023-04-27T05:03:47.433+0000] {processor.py:175} INFO - Processing /home/airflow/.local/lib/python3.7/site-packages/airflow/example_dags/example_external_task_marker_dag.py took 0.071 seconds
[2023-04-27T05:04:17.712+0000] {processor.py:153} INFO - Started process (PID=544) to work on /home/airflow/.local/lib/python3.7/site-packages/airflow/example_dags/example_external_task_marker_dag.py
[2023-04-27T05:04:17.721+0000] {processor.py:743} INFO - Processing file /home/airflow/.local/lib/python3.7/site-packages/airflow/example_dags/example_external_task_marker_dag.py for tasks to queue
[2023-04-27T05:04:17.722+0000] {logging_mixin.py:137} INFO - [2023-04-27T05:04:17.722+0000] {dagbag.py:532} INFO - Filling up the DagBag from /home/airflow/.local/lib/python3.7/site-packages/airflow/example_dags/example_external_task_marker_dag.py
[2023-04-27T05:04:17.743+0000] {processor.py:753} INFO - DAG(s) dict_keys(['example_external_task_marker_child', 'example_external_task_marker_parent']) retrieved from /home/airflow/.local/lib/python3.7/site-packages/airflow/example_dags/example_external_task_marker_dag.py
[2023-04-27T05:04:17.768+0000] {logging_mixin.py:137} INFO - [2023-04-27T05:04:17.768+0000] {dag.py:2705} INFO - Sync 2 DAGs
[2023-04-27T05:04:17.787+0000] {logging_mixin.py:137} INFO - [2023-04-27T05:04:17.787+0000] {dag.py:3456} INFO - Setting next_dagrun for example_external_task_marker_child to None, run_after=None
[2023-04-27T05:04:17.789+0000] {logging_mixin.py:137} INFO - [2023-04-27T05:04:17.789+0000] {dag.py:3456} INFO - Setting next_dagrun for example_external_task_marker_parent to None, run_after=None
[2023-04-27T05:04:17.806+0000] {processor.py:175} INFO - Processing /home/airflow/.local/lib/python3.7/site-packages/airflow/example_dags/example_external_task_marker_dag.py took 0.096 seconds
[2023-04-27T05:04:47.900+0000] {processor.py:153} INFO - Started process (PID=594) to work on /home/airflow/.local/lib/python3.7/site-packages/airflow/example_dags/example_external_task_marker_dag.py
[2023-04-27T05:04:47.910+0000] {processor.py:743} INFO - Processing file /home/airflow/.local/lib/python3.7/site-packages/airflow/example_dags/example_external_task_marker_dag.py for tasks to queue
[2023-04-27T05:04:47.911+0000] {logging_mixin.py:137} INFO - [2023-04-27T05:04:47.911+0000] {dagbag.py:532} INFO - Filling up the DagBag from /home/airflow/.local/lib/python3.7/site-packages/airflow/example_dags/example_external_task_marker_dag.py
[2023-04-27T05:04:47.924+0000] {processor.py:753} INFO - DAG(s) dict_keys(['example_external_task_marker_child', 'example_external_task_marker_parent']) retrieved from /home/airflow/.local/lib/python3.7/site-packages/airflow/example_dags/example_external_task_marker_dag.py
[2023-04-27T05:04:47.958+0000] {logging_mixin.py:137} INFO - [2023-04-27T05:04:47.958+0000] {dag.py:2705} INFO - Sync 2 DAGs
[2023-04-27T05:04:47.978+0000] {logging_mixin.py:137} INFO - [2023-04-27T05:04:47.978+0000] {dag.py:3456} INFO - Setting next_dagrun for example_external_task_marker_child to None, run_after=None
[2023-04-27T05:04:47.981+0000] {logging_mixin.py:137} INFO - [2023-04-27T05:04:47.980+0000] {dag.py:3456} INFO - Setting next_dagrun for example_external_task_marker_parent to None, run_after=None
[2023-04-27T05:04:47.995+0000] {processor.py:175} INFO - Processing /home/airflow/.local/lib/python3.7/site-packages/airflow/example_dags/example_external_task_marker_dag.py took 0.100 seconds
[2023-04-27T05:05:18.087+0000] {processor.py:153} INFO - Started process (PID=644) to work on /home/airflow/.local/lib/python3.7/site-packages/airflow/example_dags/example_external_task_marker_dag.py
[2023-04-27T05:05:18.096+0000] {processor.py:743} INFO - Processing file /home/airflow/.local/lib/python3.7/site-packages/airflow/example_dags/example_external_task_marker_dag.py for tasks to queue
[2023-04-27T05:05:18.096+0000] {logging_mixin.py:137} INFO - [2023-04-27T05:05:18.096+0000] {dagbag.py:532} INFO - Filling up the DagBag from /home/airflow/.local/lib/python3.7/site-packages/airflow/example_dags/example_external_task_marker_dag.py
[2023-04-27T05:05:18.110+0000] {processor.py:753} INFO - DAG(s) dict_keys(['example_external_task_marker_child', 'example_external_task_marker_parent']) retrieved from /home/airflow/.local/lib/python3.7/site-packages/airflow/example_dags/example_external_task_marker_dag.py
[2023-04-27T05:05:18.130+0000] {logging_mixin.py:137} INFO - [2023-04-27T05:05:18.129+0000] {dag.py:2705} INFO - Sync 2 DAGs
[2023-04-27T05:05:18.149+0000] {logging_mixin.py:137} INFO - [2023-04-27T05:05:18.149+0000] {dag.py:3456} INFO - Setting next_dagrun for example_external_task_marker_child to None, run_after=None
[2023-04-27T05:05:18.153+0000] {logging_mixin.py:137} INFO - [2023-04-27T05:05:18.153+0000] {dag.py:3456} INFO - Setting next_dagrun for example_external_task_marker_parent to None, run_after=None
[2023-04-27T05:05:18.167+0000] {processor.py:175} INFO - Processing /home/airflow/.local/lib/python3.7/site-packages/airflow/example_dags/example_external_task_marker_dag.py took 0.083 seconds
[2023-04-27T05:05:48.289+0000] {processor.py:153} INFO - Started process (PID=694) to work on /home/airflow/.local/lib/python3.7/site-packages/airflow/example_dags/example_external_task_marker_dag.py
[2023-04-27T05:05:48.298+0000] {processor.py:743} INFO - Processing file /home/airflow/.local/lib/python3.7/site-packages/airflow/example_dags/example_external_task_marker_dag.py for tasks to queue
[2023-04-27T05:05:48.299+0000] {logging_mixin.py:137} INFO - [2023-04-27T05:05:48.299+0000] {dagbag.py:532} INFO - Filling up the DagBag from /home/airflow/.local/lib/python3.7/site-packages/airflow/example_dags/example_external_task_marker_dag.py
[2023-04-27T05:05:48.308+0000] {processor.py:753} INFO - DAG(s) dict_keys(['example_external_task_marker_child', 'example_external_task_marker_parent']) retrieved from /home/airflow/.local/lib/python3.7/site-packages/airflow/example_dags/example_external_task_marker_dag.py
[2023-04-27T05:05:48.329+0000] {logging_mixin.py:137} INFO - [2023-04-27T05:05:48.329+0000] {dag.py:2705} INFO - Sync 2 DAGs
[2023-04-27T05:05:48.349+0000] {logging_mixin.py:137} INFO - [2023-04-27T05:05:48.348+0000] {dag.py:3456} INFO - Setting next_dagrun for example_external_task_marker_child to None, run_after=None
[2023-04-27T05:05:48.351+0000] {logging_mixin.py:137} INFO - [2023-04-27T05:05:48.351+0000] {dag.py:3456} INFO - Setting next_dagrun for example_external_task_marker_parent to None, run_after=None
[2023-04-27T05:05:48.366+0000] {processor.py:175} INFO - Processing /home/airflow/.local/lib/python3.7/site-packages/airflow/example_dags/example_external_task_marker_dag.py took 0.080 seconds
[2023-04-27T05:06:18.533+0000] {processor.py:153} INFO - Started process (PID=744) to work on /home/airflow/.local/lib/python3.7/site-packages/airflow/example_dags/example_external_task_marker_dag.py
[2023-04-27T05:06:18.533+0000] {processor.py:743} INFO - Processing file /home/airflow/.local/lib/python3.7/site-packages/airflow/example_dags/example_external_task_marker_dag.py for tasks to queue
[2023-04-27T05:06:18.534+0000] {logging_mixin.py:137} INFO - [2023-04-27T05:06:18.534+0000] {dagbag.py:532} INFO - Filling up the DagBag from /home/airflow/.local/lib/python3.7/site-packages/airflow/example_dags/example_external_task_marker_dag.py
[2023-04-27T05:06:18.544+0000] {processor.py:753} INFO - DAG(s) dict_keys(['example_external_task_marker_parent', 'example_external_task_marker_child']) retrieved from /home/airflow/.local/lib/python3.7/site-packages/airflow/example_dags/example_external_task_marker_dag.py
[2023-04-27T05:06:18.567+0000] {logging_mixin.py:137} INFO - [2023-04-27T05:06:18.566+0000] {dag.py:2705} INFO - Sync 2 DAGs
[2023-04-27T05:06:18.586+0000] {logging_mixin.py:137} INFO - [2023-04-27T05:06:18.586+0000] {dag.py:3456} INFO - Setting next_dagrun for example_external_task_marker_child to None, run_after=None
[2023-04-27T05:06:18.588+0000] {logging_mixin.py:137} INFO - [2023-04-27T05:06:18.588+0000] {dag.py:3456} INFO - Setting next_dagrun for example_external_task_marker_parent to None, run_after=None
[2023-04-27T05:06:18.604+0000] {processor.py:175} INFO - Processing /home/airflow/.local/lib/python3.7/site-packages/airflow/example_dags/example_external_task_marker_dag.py took 0.074 seconds
[2023-04-27T05:06:48.778+0000] {processor.py:153} INFO - Started process (PID=794) to work on /home/airflow/.local/lib/python3.7/site-packages/airflow/example_dags/example_external_task_marker_dag.py
[2023-04-27T05:06:48.779+0000] {processor.py:743} INFO - Processing file /home/airflow/.local/lib/python3.7/site-packages/airflow/example_dags/example_external_task_marker_dag.py for tasks to queue
[2023-04-27T05:06:48.779+0000] {logging_mixin.py:137} INFO - [2023-04-27T05:06:48.779+0000] {dagbag.py:532} INFO - Filling up the DagBag from /home/airflow/.local/lib/python3.7/site-packages/airflow/example_dags/example_external_task_marker_dag.py
[2023-04-27T05:06:48.789+0000] {processor.py:753} INFO - DAG(s) dict_keys(['example_external_task_marker_parent', 'example_external_task_marker_child']) retrieved from /home/airflow/.local/lib/python3.7/site-packages/airflow/example_dags/example_external_task_marker_dag.py
[2023-04-27T05:06:48.810+0000] {logging_mixin.py:137} INFO - [2023-04-27T05:06:48.810+0000] {dag.py:2705} INFO - Sync 2 DAGs
[2023-04-27T05:06:48.829+0000] {logging_mixin.py:137} INFO - [2023-04-27T05:06:48.829+0000] {dag.py:3456} INFO - Setting next_dagrun for example_external_task_marker_child to None, run_after=None
[2023-04-27T05:06:48.832+0000] {logging_mixin.py:137} INFO - [2023-04-27T05:06:48.832+0000] {dag.py:3456} INFO - Setting next_dagrun for example_external_task_marker_parent to None, run_after=None
[2023-04-27T05:06:48.846+0000] {processor.py:175} INFO - Processing /home/airflow/.local/lib/python3.7/site-packages/airflow/example_dags/example_external_task_marker_dag.py took 0.072 seconds
[2023-04-27T05:07:18.960+0000] {processor.py:153} INFO - Started process (PID=844) to work on /home/airflow/.local/lib/python3.7/site-packages/airflow/example_dags/example_external_task_marker_dag.py
[2023-04-27T05:07:18.960+0000] {processor.py:743} INFO - Processing file /home/airflow/.local/lib/python3.7/site-packages/airflow/example_dags/example_external_task_marker_dag.py for tasks to queue
[2023-04-27T05:07:18.961+0000] {logging_mixin.py:137} INFO - [2023-04-27T05:07:18.961+0000] {dagbag.py:532} INFO - Filling up the DagBag from /home/airflow/.local/lib/python3.7/site-packages/airflow/example_dags/example_external_task_marker_dag.py
[2023-04-27T05:07:18.970+0000] {processor.py:753} INFO - DAG(s) dict_keys(['example_external_task_marker_parent', 'example_external_task_marker_child']) retrieved from /home/airflow/.local/lib/python3.7/site-packages/airflow/example_dags/example_external_task_marker_dag.py
[2023-04-27T05:07:18.991+0000] {logging_mixin.py:137} INFO - [2023-04-27T05:07:18.991+0000] {dag.py:2705} INFO - Sync 2 DAGs
[2023-04-27T05:07:19.011+0000] {logging_mixin.py:137} INFO - [2023-04-27T05:07:19.011+0000] {dag.py:3456} INFO - Setting next_dagrun for example_external_task_marker_child to None, run_after=None
[2023-04-27T05:07:19.014+0000] {logging_mixin.py:137} INFO - [2023-04-27T05:07:19.014+0000] {dag.py:3456} INFO - Setting next_dagrun for example_external_task_marker_parent to None, run_after=None
[2023-04-27T05:07:19.034+0000] {processor.py:175} INFO - Processing /home/airflow/.local/lib/python3.7/site-packages/airflow/example_dags/example_external_task_marker_dag.py took 0.076 seconds
[2023-04-27T05:07:49.104+0000] {processor.py:153} INFO - Started process (PID=894) to work on /home/airflow/.local/lib/python3.7/site-packages/airflow/example_dags/example_external_task_marker_dag.py
[2023-04-27T05:07:49.113+0000] {processor.py:743} INFO - Processing file /home/airflow/.local/lib/python3.7/site-packages/airflow/example_dags/example_external_task_marker_dag.py for tasks to queue
[2023-04-27T05:07:49.114+0000] {logging_mixin.py:137} INFO - [2023-04-27T05:07:49.114+0000] {dagbag.py:532} INFO - Filling up the DagBag from /home/airflow/.local/lib/python3.7/site-packages/airflow/example_dags/example_external_task_marker_dag.py
[2023-04-27T05:07:49.125+0000] {processor.py:753} INFO - DAG(s) dict_keys(['example_external_task_marker_child', 'example_external_task_marker_parent']) retrieved from /home/airflow/.local/lib/python3.7/site-packages/airflow/example_dags/example_external_task_marker_dag.py
[2023-04-27T05:07:49.144+0000] {logging_mixin.py:137} INFO - [2023-04-27T05:07:49.144+0000] {dag.py:2705} INFO - Sync 2 DAGs
[2023-04-27T05:07:49.165+0000] {logging_mixin.py:137} INFO - [2023-04-27T05:07:49.165+0000] {dag.py:3456} INFO - Setting next_dagrun for example_external_task_marker_child to None, run_after=None
[2023-04-27T05:07:49.168+0000] {logging_mixin.py:137} INFO - [2023-04-27T05:07:49.167+0000] {dag.py:3456} INFO - Setting next_dagrun for example_external_task_marker_parent to None, run_after=None
[2023-04-27T05:07:49.181+0000] {processor.py:175} INFO - Processing /home/airflow/.local/lib/python3.7/site-packages/airflow/example_dags/example_external_task_marker_dag.py took 0.079 seconds
[2023-04-27T05:08:19.350+0000] {processor.py:153} INFO - Started process (PID=944) to work on /home/airflow/.local/lib/python3.7/site-packages/airflow/example_dags/example_external_task_marker_dag.py
[2023-04-27T05:08:19.350+0000] {processor.py:743} INFO - Processing file /home/airflow/.local/lib/python3.7/site-packages/airflow/example_dags/example_external_task_marker_dag.py for tasks to queue
[2023-04-27T05:08:19.350+0000] {logging_mixin.py:137} INFO - [2023-04-27T05:08:19.350+0000] {dagbag.py:532} INFO - Filling up the DagBag from /home/airflow/.local/lib/python3.7/site-packages/airflow/example_dags/example_external_task_marker_dag.py
[2023-04-27T05:08:19.360+0000] {processor.py:753} INFO - DAG(s) dict_keys(['example_external_task_marker_parent', 'example_external_task_marker_child']) retrieved from /home/airflow/.local/lib/python3.7/site-packages/airflow/example_dags/example_external_task_marker_dag.py
[2023-04-27T05:08:19.380+0000] {logging_mixin.py:137} INFO - [2023-04-27T05:08:19.380+0000] {dag.py:2705} INFO - Sync 2 DAGs
[2023-04-27T05:08:19.397+0000] {logging_mixin.py:137} INFO - [2023-04-27T05:08:19.397+0000] {dag.py:3456} INFO - Setting next_dagrun for example_external_task_marker_child to None, run_after=None
[2023-04-27T05:08:19.400+0000] {logging_mixin.py:137} INFO - [2023-04-27T05:08:19.400+0000] {dag.py:3456} INFO - Setting next_dagrun for example_external_task_marker_parent to None, run_after=None
[2023-04-27T05:08:19.414+0000] {processor.py:175} INFO - Processing /home/airflow/.local/lib/python3.7/site-packages/airflow/example_dags/example_external_task_marker_dag.py took 0.066 seconds
[2023-04-27T05:08:49.596+0000] {processor.py:153} INFO - Started process (PID=994) to work on /home/airflow/.local/lib/python3.7/site-packages/airflow/example_dags/example_external_task_marker_dag.py
[2023-04-27T05:08:49.596+0000] {processor.py:743} INFO - Processing file /home/airflow/.local/lib/python3.7/site-packages/airflow/example_dags/example_external_task_marker_dag.py for tasks to queue
[2023-04-27T05:08:49.597+0000] {logging_mixin.py:137} INFO - [2023-04-27T05:08:49.597+0000] {dagbag.py:532} INFO - Filling up the DagBag from /home/airflow/.local/lib/python3.7/site-packages/airflow/example_dags/example_external_task_marker_dag.py
[2023-04-27T05:08:49.606+0000] {processor.py:753} INFO - DAG(s) dict_keys(['example_external_task_marker_child', 'example_external_task_marker_parent']) retrieved from /home/airflow/.local/lib/python3.7/site-packages/airflow/example_dags/example_external_task_marker_dag.py
[2023-04-27T05:08:49.626+0000] {logging_mixin.py:137} INFO - [2023-04-27T05:08:49.626+0000] {dag.py:2705} INFO - Sync 2 DAGs
[2023-04-27T05:08:49.643+0000] {logging_mixin.py:137} INFO - [2023-04-27T05:08:49.643+0000] {dag.py:3456} INFO - Setting next_dagrun for example_external_task_marker_child to None, run_after=None
[2023-04-27T05:08:49.646+0000] {logging_mixin.py:137} INFO - [2023-04-27T05:08:49.645+0000] {dag.py:3456} INFO - Setting next_dagrun for example_external_task_marker_parent to None, run_after=None
[2023-04-27T05:08:49.658+0000] {processor.py:175} INFO - Processing /home/airflow/.local/lib/python3.7/site-packages/airflow/example_dags/example_external_task_marker_dag.py took 0.064 seconds
[2023-04-27T05:09:19.840+0000] {processor.py:153} INFO - Started process (PID=1044) to work on /home/airflow/.local/lib/python3.7/site-packages/airflow/example_dags/example_external_task_marker_dag.py
[2023-04-27T05:09:19.850+0000] {processor.py:743} INFO - Processing file /home/airflow/.local/lib/python3.7/site-packages/airflow/example_dags/example_external_task_marker_dag.py for tasks to queue
[2023-04-27T05:09:19.851+0000] {logging_mixin.py:137} INFO - [2023-04-27T05:09:19.850+0000] {dagbag.py:532} INFO - Filling up the DagBag from /home/airflow/.local/lib/python3.7/site-packages/airflow/example_dags/example_external_task_marker_dag.py
[2023-04-27T05:09:19.862+0000] {processor.py:753} INFO - DAG(s) dict_keys(['example_external_task_marker_child', 'example_external_task_marker_parent']) retrieved from /home/airflow/.local/lib/python3.7/site-packages/airflow/example_dags/example_external_task_marker_dag.py
[2023-04-27T05:09:19.882+0000] {logging_mixin.py:137} INFO - [2023-04-27T05:09:19.882+0000] {dag.py:2705} INFO - Sync 2 DAGs
[2023-04-27T05:09:19.901+0000] {logging_mixin.py:137} INFO - [2023-04-27T05:09:19.901+0000] {dag.py:3456} INFO - Setting next_dagrun for example_external_task_marker_child to None, run_after=None
[2023-04-27T05:09:19.904+0000] {logging_mixin.py:137} INFO - [2023-04-27T05:09:19.904+0000] {dag.py:3456} INFO - Setting next_dagrun for example_external_task_marker_parent to None, run_after=None
[2023-04-27T05:09:19.919+0000] {processor.py:175} INFO - Processing /home/airflow/.local/lib/python3.7/site-packages/airflow/example_dags/example_external_task_marker_dag.py took 0.082 seconds
[2023-04-27T05:09:50.152+0000] {processor.py:153} INFO - Started process (PID=1094) to work on /home/airflow/.local/lib/python3.7/site-packages/airflow/example_dags/example_external_task_marker_dag.py
[2023-04-27T05:09:50.162+0000] {processor.py:743} INFO - Processing file /home/airflow/.local/lib/python3.7/site-packages/airflow/example_dags/example_external_task_marker_dag.py for tasks to queue
[2023-04-27T05:09:50.163+0000] {logging_mixin.py:137} INFO - [2023-04-27T05:09:50.162+0000] {dagbag.py:532} INFO - Filling up the DagBag from /home/airflow/.local/lib/python3.7/site-packages/airflow/example_dags/example_external_task_marker_dag.py
[2023-04-27T05:09:50.173+0000] {processor.py:753} INFO - DAG(s) dict_keys(['example_external_task_marker_parent', 'example_external_task_marker_child']) retrieved from /home/airflow/.local/lib/python3.7/site-packages/airflow/example_dags/example_external_task_marker_dag.py
[2023-04-27T05:09:50.193+0000] {logging_mixin.py:137} INFO - [2023-04-27T05:09:50.193+0000] {dag.py:2705} INFO - Sync 2 DAGs
[2023-04-27T05:09:50.211+0000] {logging_mixin.py:137} INFO - [2023-04-27T05:09:50.211+0000] {dag.py:3456} INFO - Setting next_dagrun for example_external_task_marker_child to None, run_after=None
[2023-04-27T05:09:50.213+0000] {logging_mixin.py:137} INFO - [2023-04-27T05:09:50.213+0000] {dag.py:3456} INFO - Setting next_dagrun for example_external_task_marker_parent to None, run_after=None
[2023-04-27T05:09:50.227+0000] {processor.py:175} INFO - Processing /home/airflow/.local/lib/python3.7/site-packages/airflow/example_dags/example_external_task_marker_dag.py took 0.076 seconds
[2023-04-27T05:10:20.312+0000] {processor.py:153} INFO - Started process (PID=1144) to work on /home/airflow/.local/lib/python3.7/site-packages/airflow/example_dags/example_external_task_marker_dag.py
[2023-04-27T05:10:20.322+0000] {processor.py:743} INFO - Processing file /home/airflow/.local/lib/python3.7/site-packages/airflow/example_dags/example_external_task_marker_dag.py for tasks to queue
[2023-04-27T05:10:20.323+0000] {logging_mixin.py:137} INFO - [2023-04-27T05:10:20.323+0000] {dagbag.py:532} INFO - Filling up the DagBag from /home/airflow/.local/lib/python3.7/site-packages/airflow/example_dags/example_external_task_marker_dag.py
[2023-04-27T05:10:20.334+0000] {processor.py:753} INFO - DAG(s) dict_keys(['example_external_task_marker_child', 'example_external_task_marker_parent']) retrieved from /home/airflow/.local/lib/python3.7/site-packages/airflow/example_dags/example_external_task_marker_dag.py
[2023-04-27T05:10:20.353+0000] {logging_mixin.py:137} INFO - [2023-04-27T05:10:20.353+0000] {dag.py:2705} INFO - Sync 2 DAGs
[2023-04-27T05:10:20.371+0000] {logging_mixin.py:137} INFO - [2023-04-27T05:10:20.371+0000] {dag.py:3456} INFO - Setting next_dagrun for example_external_task_marker_child to None, run_after=None
[2023-04-27T05:10:20.374+0000] {logging_mixin.py:137} INFO - [2023-04-27T05:10:20.374+0000] {dag.py:3456} INFO - Setting next_dagrun for example_external_task_marker_parent to None, run_after=None
[2023-04-27T05:10:20.387+0000] {processor.py:175} INFO - Processing /home/airflow/.local/lib/python3.7/site-packages/airflow/example_dags/example_external_task_marker_dag.py took 0.077 seconds
[2023-04-27T05:10:50.533+0000] {processor.py:153} INFO - Started process (PID=1193) to work on /home/airflow/.local/lib/python3.7/site-packages/airflow/example_dags/example_external_task_marker_dag.py
[2023-04-27T05:10:50.539+0000] {processor.py:743} INFO - Processing file /home/airflow/.local/lib/python3.7/site-packages/airflow/example_dags/example_external_task_marker_dag.py for tasks to queue
[2023-04-27T05:10:50.540+0000] {logging_mixin.py:137} INFO - [2023-04-27T05:10:50.539+0000] {dagbag.py:532} INFO - Filling up the DagBag from /home/airflow/.local/lib/python3.7/site-packages/airflow/example_dags/example_external_task_marker_dag.py
[2023-04-27T05:10:50.550+0000] {processor.py:753} INFO - DAG(s) dict_keys(['example_external_task_marker_parent', 'example_external_task_marker_child']) retrieved from /home/airflow/.local/lib/python3.7/site-packages/airflow/example_dags/example_external_task_marker_dag.py
[2023-04-27T05:10:50.570+0000] {logging_mixin.py:137} INFO - [2023-04-27T05:10:50.569+0000] {dag.py:2705} INFO - Sync 2 DAGs
[2023-04-27T05:10:50.588+0000] {logging_mixin.py:137} INFO - [2023-04-27T05:10:50.587+0000] {dag.py:3456} INFO - Setting next_dagrun for example_external_task_marker_child to None, run_after=None
[2023-04-27T05:10:50.590+0000] {logging_mixin.py:137} INFO - [2023-04-27T05:10:50.590+0000] {dag.py:3456} INFO - Setting next_dagrun for example_external_task_marker_parent to None, run_after=None
[2023-04-27T05:10:50.603+0000] {processor.py:175} INFO - Processing /home/airflow/.local/lib/python3.7/site-packages/airflow/example_dags/example_external_task_marker_dag.py took 0.072 seconds
[2023-04-27T05:11:20.812+0000] {processor.py:153} INFO - Started process (PID=1243) to work on /home/airflow/.local/lib/python3.7/site-packages/airflow/example_dags/example_external_task_marker_dag.py
[2023-04-27T05:11:20.812+0000] {processor.py:743} INFO - Processing file /home/airflow/.local/lib/python3.7/site-packages/airflow/example_dags/example_external_task_marker_dag.py for tasks to queue
[2023-04-27T05:11:20.812+0000] {logging_mixin.py:137} INFO - [2023-04-27T05:11:20.812+0000] {dagbag.py:532} INFO - Filling up the DagBag from /home/airflow/.local/lib/python3.7/site-packages/airflow/example_dags/example_external_task_marker_dag.py
[2023-04-27T05:11:20.821+0000] {processor.py:753} INFO - DAG(s) dict_keys(['example_external_task_marker_parent', 'example_external_task_marker_child']) retrieved from /home/airflow/.local/lib/python3.7/site-packages/airflow/example_dags/example_external_task_marker_dag.py
[2023-04-27T05:11:20.841+0000] {logging_mixin.py:137} INFO - [2023-04-27T05:11:20.841+0000] {dag.py:2705} INFO - Sync 2 DAGs
[2023-04-27T05:11:20.859+0000] {logging_mixin.py:137} INFO - [2023-04-27T05:11:20.859+0000] {dag.py:3456} INFO - Setting next_dagrun for example_external_task_marker_child to None, run_after=None
[2023-04-27T05:11:20.862+0000] {logging_mixin.py:137} INFO - [2023-04-27T05:11:20.861+0000] {dag.py:3456} INFO - Setting next_dagrun for example_external_task_marker_parent to None, run_after=None
[2023-04-27T05:11:20.875+0000] {processor.py:175} INFO - Processing /home/airflow/.local/lib/python3.7/site-packages/airflow/example_dags/example_external_task_marker_dag.py took 0.065 seconds
[2023-04-27T05:11:51.061+0000] {processor.py:153} INFO - Started process (PID=1293) to work on /home/airflow/.local/lib/python3.7/site-packages/airflow/example_dags/example_external_task_marker_dag.py
[2023-04-27T05:11:51.070+0000] {processor.py:743} INFO - Processing file /home/airflow/.local/lib/python3.7/site-packages/airflow/example_dags/example_external_task_marker_dag.py for tasks to queue
[2023-04-27T05:11:51.071+0000] {logging_mixin.py:137} INFO - [2023-04-27T05:11:51.071+0000] {dagbag.py:532} INFO - Filling up the DagBag from /home/airflow/.local/lib/python3.7/site-packages/airflow/example_dags/example_external_task_marker_dag.py
[2023-04-27T05:11:51.083+0000] {processor.py:753} INFO - DAG(s) dict_keys(['example_external_task_marker_child', 'example_external_task_marker_parent']) retrieved from /home/airflow/.local/lib/python3.7/site-packages/airflow/example_dags/example_external_task_marker_dag.py
[2023-04-27T05:11:51.106+0000] {logging_mixin.py:137} INFO - [2023-04-27T05:11:51.106+0000] {dag.py:2705} INFO - Sync 2 DAGs
[2023-04-27T05:11:51.124+0000] {logging_mixin.py:137} INFO - [2023-04-27T05:11:51.124+0000] {dag.py:3456} INFO - Setting next_dagrun for example_external_task_marker_child to None, run_after=None
[2023-04-27T05:11:51.126+0000] {logging_mixin.py:137} INFO - [2023-04-27T05:11:51.126+0000] {dag.py:3456} INFO - Setting next_dagrun for example_external_task_marker_parent to None, run_after=None
[2023-04-27T05:11:51.140+0000] {processor.py:175} INFO - Processing /home/airflow/.local/lib/python3.7/site-packages/airflow/example_dags/example_external_task_marker_dag.py took 0.080 seconds
[2023-04-27T05:12:21.301+0000] {processor.py:153} INFO - Started process (PID=1343) to work on /home/airflow/.local/lib/python3.7/site-packages/airflow/example_dags/example_external_task_marker_dag.py
[2023-04-27T05:12:21.311+0000] {processor.py:743} INFO - Processing file /home/airflow/.local/lib/python3.7/site-packages/airflow/example_dags/example_external_task_marker_dag.py for tasks to queue
[2023-04-27T05:12:21.312+0000] {logging_mixin.py:137} INFO - [2023-04-27T05:12:21.311+0000] {dagbag.py:532} INFO - Filling up the DagBag from /home/airflow/.local/lib/python3.7/site-packages/airflow/example_dags/example_external_task_marker_dag.py
[2023-04-27T05:12:21.324+0000] {processor.py:753} INFO - DAG(s) dict_keys(['example_external_task_marker_child', 'example_external_task_marker_parent']) retrieved from /home/airflow/.local/lib/python3.7/site-packages/airflow/example_dags/example_external_task_marker_dag.py
[2023-04-27T05:12:21.344+0000] {logging_mixin.py:137} INFO - [2023-04-27T05:12:21.343+0000] {dag.py:2705} INFO - Sync 2 DAGs
[2023-04-27T05:12:21.361+0000] {logging_mixin.py:137} INFO - [2023-04-27T05:12:21.361+0000] {dag.py:3456} INFO - Setting next_dagrun for example_external_task_marker_child to None, run_after=None
[2023-04-27T05:12:21.364+0000] {logging_mixin.py:137} INFO - [2023-04-27T05:12:21.364+0000] {dag.py:3456} INFO - Setting next_dagrun for example_external_task_marker_parent to None, run_after=None
[2023-04-27T05:12:21.378+0000] {processor.py:175} INFO - Processing /home/airflow/.local/lib/python3.7/site-packages/airflow/example_dags/example_external_task_marker_dag.py took 0.079 seconds
[2023-04-27T05:12:51.495+0000] {processor.py:153} INFO - Started process (PID=1393) to work on /home/airflow/.local/lib/python3.7/site-packages/airflow/example_dags/example_external_task_marker_dag.py
[2023-04-27T05:12:51.504+0000] {processor.py:743} INFO - Processing file /home/airflow/.local/lib/python3.7/site-packages/airflow/example_dags/example_external_task_marker_dag.py for tasks to queue
[2023-04-27T05:12:51.505+0000] {logging_mixin.py:137} INFO - [2023-04-27T05:12:51.505+0000] {dagbag.py:532} INFO - Filling up the DagBag from /home/airflow/.local/lib/python3.7/site-packages/airflow/example_dags/example_external_task_marker_dag.py
[2023-04-27T05:12:51.516+0000] {processor.py:753} INFO - DAG(s) dict_keys(['example_external_task_marker_parent', 'example_external_task_marker_child']) retrieved from /home/airflow/.local/lib/python3.7/site-packages/airflow/example_dags/example_external_task_marker_dag.py
[2023-04-27T05:12:51.539+0000] {logging_mixin.py:137} INFO - [2023-04-27T05:12:51.539+0000] {dag.py:2705} INFO - Sync 2 DAGs
[2023-04-27T05:12:51.558+0000] {logging_mixin.py:137} INFO - [2023-04-27T05:12:51.557+0000] {dag.py:3456} INFO - Setting next_dagrun for example_external_task_marker_child to None, run_after=None
[2023-04-27T05:12:51.560+0000] {logging_mixin.py:137} INFO - [2023-04-27T05:12:51.560+0000] {dag.py:3456} INFO - Setting next_dagrun for example_external_task_marker_parent to None, run_after=None
[2023-04-27T05:12:51.574+0000] {processor.py:175} INFO - Processing /home/airflow/.local/lib/python3.7/site-packages/airflow/example_dags/example_external_task_marker_dag.py took 0.081 seconds
[2023-04-27T05:13:21.758+0000] {processor.py:153} INFO - Started process (PID=1443) to work on /home/airflow/.local/lib/python3.7/site-packages/airflow/example_dags/example_external_task_marker_dag.py
[2023-04-27T05:13:21.768+0000] {processor.py:743} INFO - Processing file /home/airflow/.local/lib/python3.7/site-packages/airflow/example_dags/example_external_task_marker_dag.py for tasks to queue
[2023-04-27T05:13:21.768+0000] {logging_mixin.py:137} INFO - [2023-04-27T05:13:21.768+0000] {dagbag.py:532} INFO - Filling up the DagBag from /home/airflow/.local/lib/python3.7/site-packages/airflow/example_dags/example_external_task_marker_dag.py
[2023-04-27T05:13:21.779+0000] {processor.py:753} INFO - DAG(s) dict_keys(['example_external_task_marker_child', 'example_external_task_marker_parent']) retrieved from /home/airflow/.local/lib/python3.7/site-packages/airflow/example_dags/example_external_task_marker_dag.py
[2023-04-27T05:13:21.803+0000] {logging_mixin.py:137} INFO - [2023-04-27T05:13:21.803+0000] {dag.py:2705} INFO - Sync 2 DAGs
[2023-04-27T05:13:21.824+0000] {logging_mixin.py:137} INFO - [2023-04-27T05:13:21.824+0000] {dag.py:3456} INFO - Setting next_dagrun for example_external_task_marker_child to None, run_after=None
[2023-04-27T05:13:21.827+0000] {logging_mixin.py:137} INFO - [2023-04-27T05:13:21.827+0000] {dag.py:3456} INFO - Setting next_dagrun for example_external_task_marker_parent to None, run_after=None
[2023-04-27T05:13:21.843+0000] {processor.py:175} INFO - Processing /home/airflow/.local/lib/python3.7/site-packages/airflow/example_dags/example_external_task_marker_dag.py took 0.087 seconds
[2023-04-27T05:13:51.975+0000] {processor.py:153} INFO - Started process (PID=1493) to work on /home/airflow/.local/lib/python3.7/site-packages/airflow/example_dags/example_external_task_marker_dag.py
[2023-04-27T05:13:51.984+0000] {processor.py:743} INFO - Processing file /home/airflow/.local/lib/python3.7/site-packages/airflow/example_dags/example_external_task_marker_dag.py for tasks to queue
[2023-04-27T05:13:51.985+0000] {logging_mixin.py:137} INFO - [2023-04-27T05:13:51.985+0000] {dagbag.py:532} INFO - Filling up the DagBag from /home/airflow/.local/lib/python3.7/site-packages/airflow/example_dags/example_external_task_marker_dag.py
[2023-04-27T05:13:51.995+0000] {processor.py:753} INFO - DAG(s) dict_keys(['example_external_task_marker_child', 'example_external_task_marker_parent']) retrieved from /home/airflow/.local/lib/python3.7/site-packages/airflow/example_dags/example_external_task_marker_dag.py
[2023-04-27T05:13:52.014+0000] {logging_mixin.py:137} INFO - [2023-04-27T05:13:52.014+0000] {dag.py:2705} INFO - Sync 2 DAGs
[2023-04-27T05:13:52.032+0000] {logging_mixin.py:137} INFO - [2023-04-27T05:13:52.032+0000] {dag.py:3456} INFO - Setting next_dagrun for example_external_task_marker_child to None, run_after=None
[2023-04-27T05:13:52.034+0000] {logging_mixin.py:137} INFO - [2023-04-27T05:13:52.034+0000] {dag.py:3456} INFO - Setting next_dagrun for example_external_task_marker_parent to None, run_after=None
[2023-04-27T05:13:52.047+0000] {processor.py:175} INFO - Processing /home/airflow/.local/lib/python3.7/site-packages/airflow/example_dags/example_external_task_marker_dag.py took 0.073 seconds
[2023-04-27T05:14:22.203+0000] {processor.py:153} INFO - Started process (PID=1543) to work on /home/airflow/.local/lib/python3.7/site-packages/airflow/example_dags/example_external_task_marker_dag.py
[2023-04-27T05:14:22.204+0000] {processor.py:743} INFO - Processing file /home/airflow/.local/lib/python3.7/site-packages/airflow/example_dags/example_external_task_marker_dag.py for tasks to queue
[2023-04-27T05:14:22.204+0000] {logging_mixin.py:137} INFO - [2023-04-27T05:14:22.204+0000] {dagbag.py:532} INFO - Filling up the DagBag from /home/airflow/.local/lib/python3.7/site-packages/airflow/example_dags/example_external_task_marker_dag.py
[2023-04-27T05:14:22.215+0000] {processor.py:753} INFO - DAG(s) dict_keys(['example_external_task_marker_parent', 'example_external_task_marker_child']) retrieved from /home/airflow/.local/lib/python3.7/site-packages/airflow/example_dags/example_external_task_marker_dag.py
[2023-04-27T05:14:22.240+0000] {logging_mixin.py:137} INFO - [2023-04-27T05:14:22.239+0000] {dag.py:2705} INFO - Sync 2 DAGs
[2023-04-27T05:14:22.260+0000] {logging_mixin.py:137} INFO - [2023-04-27T05:14:22.259+0000] {dag.py:3456} INFO - Setting next_dagrun for example_external_task_marker_child to None, run_after=None
[2023-04-27T05:14:22.264+0000] {logging_mixin.py:137} INFO - [2023-04-27T05:14:22.263+0000] {dag.py:3456} INFO - Setting next_dagrun for example_external_task_marker_parent to None, run_after=None
[2023-04-27T05:14:22.280+0000] {processor.py:175} INFO - Processing /home/airflow/.local/lib/python3.7/site-packages/airflow/example_dags/example_external_task_marker_dag.py took 0.079 seconds
[2023-04-27T05:14:52.442+0000] {processor.py:153} INFO - Started process (PID=1592) to work on /home/airflow/.local/lib/python3.7/site-packages/airflow/example_dags/example_external_task_marker_dag.py
[2023-04-27T05:14:52.443+0000] {processor.py:743} INFO - Processing file /home/airflow/.local/lib/python3.7/site-packages/airflow/example_dags/example_external_task_marker_dag.py for tasks to queue
[2023-04-27T05:14:52.443+0000] {logging_mixin.py:137} INFO - [2023-04-27T05:14:52.443+0000] {dagbag.py:532} INFO - Filling up the DagBag from /home/airflow/.local/lib/python3.7/site-packages/airflow/example_dags/example_external_task_marker_dag.py
[2023-04-27T05:14:52.455+0000] {processor.py:753} INFO - DAG(s) dict_keys(['example_external_task_marker_child', 'example_external_task_marker_parent']) retrieved from /home/airflow/.local/lib/python3.7/site-packages/airflow/example_dags/example_external_task_marker_dag.py
[2023-04-27T05:14:52.477+0000] {logging_mixin.py:137} INFO - [2023-04-27T05:14:52.477+0000] {dag.py:2705} INFO - Sync 2 DAGs
[2023-04-27T05:14:52.499+0000] {logging_mixin.py:137} INFO - [2023-04-27T05:14:52.499+0000] {dag.py:3456} INFO - Setting next_dagrun for example_external_task_marker_child to None, run_after=None
[2023-04-27T05:14:52.502+0000] {logging_mixin.py:137} INFO - [2023-04-27T05:14:52.502+0000] {dag.py:3456} INFO - Setting next_dagrun for example_external_task_marker_parent to None, run_after=None
[2023-04-27T05:14:52.517+0000] {processor.py:175} INFO - Processing /home/airflow/.local/lib/python3.7/site-packages/airflow/example_dags/example_external_task_marker_dag.py took 0.077 seconds
