[2023-04-27T04:59:14.186+0000] {processor.py:153} INFO - Started process (PID=50) to work on /home/airflow/.local/lib/python3.7/site-packages/airflow/example_dags/example_bash_operator.py
[2023-04-27T04:59:14.187+0000] {processor.py:743} INFO - Processing file /home/airflow/.local/lib/python3.7/site-packages/airflow/example_dags/example_bash_operator.py for tasks to queue
[2023-04-27T04:59:14.187+0000] {logging_mixin.py:137} INFO - [2023-04-27T04:59:14.187+0000] {dagbag.py:532} INFO - Filling up the DagBag from /home/airflow/.local/lib/python3.7/site-packages/airflow/example_dags/example_bash_operator.py
[2023-04-27T04:59:14.207+0000] {processor.py:753} INFO - DAG(s) dict_keys(['example_bash_operator']) retrieved from /home/airflow/.local/lib/python3.7/site-packages/airflow/example_dags/example_bash_operator.py
[2023-04-27T04:59:14.216+0000] {logging_mixin.py:137} INFO - [2023-04-27T04:59:14.216+0000] {dag.py:2705} INFO - Sync 1 DAGs
[2023-04-27T04:59:14.238+0000] {logging_mixin.py:137} INFO - [2023-04-27T04:59:14.238+0000] {dag.py:3456} INFO - Setting next_dagrun for example_bash_operator to 2023-04-26T00:00:00+00:00, run_after=2023-04-27T00:00:00+00:00
[2023-04-27T04:59:14.255+0000] {processor.py:175} INFO - Processing /home/airflow/.local/lib/python3.7/site-packages/airflow/example_dags/example_bash_operator.py took 0.071 seconds
[2023-04-27T04:59:44.767+0000] {processor.py:153} INFO - Started process (PID=99) to work on /home/airflow/.local/lib/python3.7/site-packages/airflow/example_dags/example_bash_operator.py
[2023-04-27T04:59:44.767+0000] {processor.py:743} INFO - Processing file /home/airflow/.local/lib/python3.7/site-packages/airflow/example_dags/example_bash_operator.py for tasks to queue
[2023-04-27T04:59:44.767+0000] {logging_mixin.py:137} INFO - [2023-04-27T04:59:44.767+0000] {dagbag.py:532} INFO - Filling up the DagBag from /home/airflow/.local/lib/python3.7/site-packages/airflow/example_dags/example_bash_operator.py
[2023-04-27T04:59:44.783+0000] {processor.py:753} INFO - DAG(s) dict_keys(['example_bash_operator']) retrieved from /home/airflow/.local/lib/python3.7/site-packages/airflow/example_dags/example_bash_operator.py
[2023-04-27T04:59:44.811+0000] {logging_mixin.py:137} INFO - [2023-04-27T04:59:44.811+0000] {dag.py:2705} INFO - Sync 1 DAGs
[2023-04-27T04:59:44.831+0000] {logging_mixin.py:137} INFO - [2023-04-27T04:59:44.831+0000] {dag.py:3456} INFO - Setting next_dagrun for example_bash_operator to 2023-04-26T00:00:00+00:00, run_after=2023-04-27T00:00:00+00:00
[2023-04-27T04:59:44.846+0000] {processor.py:175} INFO - Processing /home/airflow/.local/lib/python3.7/site-packages/airflow/example_dags/example_bash_operator.py took 0.082 seconds
[2023-04-27T05:00:15.020+0000] {processor.py:153} INFO - Started process (PID=149) to work on /home/airflow/.local/lib/python3.7/site-packages/airflow/example_dags/example_bash_operator.py
[2023-04-27T05:00:15.020+0000] {processor.py:743} INFO - Processing file /home/airflow/.local/lib/python3.7/site-packages/airflow/example_dags/example_bash_operator.py for tasks to queue
[2023-04-27T05:00:15.021+0000] {logging_mixin.py:137} INFO - [2023-04-27T05:00:15.021+0000] {dagbag.py:532} INFO - Filling up the DagBag from /home/airflow/.local/lib/python3.7/site-packages/airflow/example_dags/example_bash_operator.py
[2023-04-27T05:00:15.033+0000] {processor.py:753} INFO - DAG(s) dict_keys(['example_bash_operator']) retrieved from /home/airflow/.local/lib/python3.7/site-packages/airflow/example_dags/example_bash_operator.py
[2023-04-27T05:00:15.057+0000] {logging_mixin.py:137} INFO - [2023-04-27T05:00:15.057+0000] {dag.py:2705} INFO - Sync 1 DAGs
[2023-04-27T05:00:15.074+0000] {logging_mixin.py:137} INFO - [2023-04-27T05:00:15.073+0000] {dag.py:3456} INFO - Setting next_dagrun for example_bash_operator to 2023-04-26T00:00:00+00:00, run_after=2023-04-27T00:00:00+00:00
[2023-04-27T05:00:15.085+0000] {processor.py:175} INFO - Processing /home/airflow/.local/lib/python3.7/site-packages/airflow/example_dags/example_bash_operator.py took 0.067 seconds
[2023-04-27T05:00:45.289+0000] {processor.py:153} INFO - Started process (PID=199) to work on /home/airflow/.local/lib/python3.7/site-packages/airflow/example_dags/example_bash_operator.py
[2023-04-27T05:00:45.289+0000] {processor.py:743} INFO - Processing file /home/airflow/.local/lib/python3.7/site-packages/airflow/example_dags/example_bash_operator.py for tasks to queue
[2023-04-27T05:00:45.290+0000] {logging_mixin.py:137} INFO - [2023-04-27T05:00:45.290+0000] {dagbag.py:532} INFO - Filling up the DagBag from /home/airflow/.local/lib/python3.7/site-packages/airflow/example_dags/example_bash_operator.py
[2023-04-27T05:00:45.302+0000] {processor.py:753} INFO - DAG(s) dict_keys(['example_bash_operator']) retrieved from /home/airflow/.local/lib/python3.7/site-packages/airflow/example_dags/example_bash_operator.py
[2023-04-27T05:00:45.325+0000] {logging_mixin.py:137} INFO - [2023-04-27T05:00:45.325+0000] {dag.py:2705} INFO - Sync 1 DAGs
[2023-04-27T05:00:45.342+0000] {logging_mixin.py:137} INFO - [2023-04-27T05:00:45.342+0000] {dag.py:3456} INFO - Setting next_dagrun for example_bash_operator to 2023-04-26T00:00:00+00:00, run_after=2023-04-27T00:00:00+00:00
[2023-04-27T05:00:45.354+0000] {processor.py:175} INFO - Processing /home/airflow/.local/lib/python3.7/site-packages/airflow/example_dags/example_bash_operator.py took 0.066 seconds
[2023-04-27T05:01:15.374+0000] {processor.py:153} INFO - Started process (PID=249) to work on /home/airflow/.local/lib/python3.7/site-packages/airflow/example_dags/example_bash_operator.py
[2023-04-27T05:01:15.374+0000] {processor.py:743} INFO - Processing file /home/airflow/.local/lib/python3.7/site-packages/airflow/example_dags/example_bash_operator.py for tasks to queue
[2023-04-27T05:01:15.375+0000] {logging_mixin.py:137} INFO - [2023-04-27T05:01:15.374+0000] {dagbag.py:532} INFO - Filling up the DagBag from /home/airflow/.local/lib/python3.7/site-packages/airflow/example_dags/example_bash_operator.py
[2023-04-27T05:01:15.391+0000] {processor.py:753} INFO - DAG(s) dict_keys(['example_bash_operator']) retrieved from /home/airflow/.local/lib/python3.7/site-packages/airflow/example_dags/example_bash_operator.py
[2023-04-27T05:01:15.398+0000] {logging_mixin.py:137} INFO - [2023-04-27T05:01:15.398+0000] {dag.py:2705} INFO - Sync 1 DAGs
[2023-04-27T05:01:15.416+0000] {logging_mixin.py:137} INFO - [2023-04-27T05:01:15.416+0000] {dag.py:3456} INFO - Setting next_dagrun for example_bash_operator to 2023-04-26T00:00:00+00:00, run_after=2023-04-27T00:00:00+00:00
[2023-04-27T05:01:15.429+0000] {processor.py:175} INFO - Processing /home/airflow/.local/lib/python3.7/site-packages/airflow/example_dags/example_bash_operator.py took 0.057 seconds
[2023-04-27T05:01:45.686+0000] {processor.py:153} INFO - Started process (PID=298) to work on /home/airflow/.local/lib/python3.7/site-packages/airflow/example_dags/example_bash_operator.py
[2023-04-27T05:01:45.686+0000] {processor.py:743} INFO - Processing file /home/airflow/.local/lib/python3.7/site-packages/airflow/example_dags/example_bash_operator.py for tasks to queue
[2023-04-27T05:01:45.687+0000] {logging_mixin.py:137} INFO - [2023-04-27T05:01:45.687+0000] {dagbag.py:532} INFO - Filling up the DagBag from /home/airflow/.local/lib/python3.7/site-packages/airflow/example_dags/example_bash_operator.py
[2023-04-27T05:01:45.703+0000] {processor.py:753} INFO - DAG(s) dict_keys(['example_bash_operator']) retrieved from /home/airflow/.local/lib/python3.7/site-packages/airflow/example_dags/example_bash_operator.py
[2023-04-27T05:01:45.732+0000] {logging_mixin.py:137} INFO - [2023-04-27T05:01:45.732+0000] {dag.py:2705} INFO - Sync 1 DAGs
[2023-04-27T05:01:45.753+0000] {logging_mixin.py:137} INFO - [2023-04-27T05:01:45.752+0000] {dag.py:3456} INFO - Setting next_dagrun for example_bash_operator to 2023-04-26T00:00:00+00:00, run_after=2023-04-27T00:00:00+00:00
[2023-04-27T05:01:45.773+0000] {processor.py:175} INFO - Processing /home/airflow/.local/lib/python3.7/site-packages/airflow/example_dags/example_bash_operator.py took 0.089 seconds
[2023-04-27T05:02:15.835+0000] {processor.py:153} INFO - Started process (PID=348) to work on /home/airflow/.local/lib/python3.7/site-packages/airflow/example_dags/example_bash_operator.py
[2023-04-27T05:02:15.836+0000] {processor.py:743} INFO - Processing file /home/airflow/.local/lib/python3.7/site-packages/airflow/example_dags/example_bash_operator.py for tasks to queue
[2023-04-27T05:02:15.836+0000] {logging_mixin.py:137} INFO - [2023-04-27T05:02:15.836+0000] {dagbag.py:532} INFO - Filling up the DagBag from /home/airflow/.local/lib/python3.7/site-packages/airflow/example_dags/example_bash_operator.py
[2023-04-27T05:02:15.855+0000] {processor.py:753} INFO - DAG(s) dict_keys(['example_bash_operator']) retrieved from /home/airflow/.local/lib/python3.7/site-packages/airflow/example_dags/example_bash_operator.py
[2023-04-27T05:02:15.889+0000] {logging_mixin.py:137} INFO - [2023-04-27T05:02:15.889+0000] {dag.py:2705} INFO - Sync 1 DAGs
[2023-04-27T05:02:15.912+0000] {logging_mixin.py:137} INFO - [2023-04-27T05:02:15.912+0000] {dag.py:3456} INFO - Setting next_dagrun for example_bash_operator to 2023-04-26T00:00:00+00:00, run_after=2023-04-27T00:00:00+00:00
[2023-04-27T05:02:15.931+0000] {processor.py:175} INFO - Processing /home/airflow/.local/lib/python3.7/site-packages/airflow/example_dags/example_bash_operator.py took 0.099 seconds
[2023-04-27T05:02:46.393+0000] {processor.py:153} INFO - Started process (PID=398) to work on /home/airflow/.local/lib/python3.7/site-packages/airflow/example_dags/example_bash_operator.py
[2023-04-27T05:02:46.394+0000] {processor.py:743} INFO - Processing file /home/airflow/.local/lib/python3.7/site-packages/airflow/example_dags/example_bash_operator.py for tasks to queue
[2023-04-27T05:02:46.394+0000] {logging_mixin.py:137} INFO - [2023-04-27T05:02:46.394+0000] {dagbag.py:532} INFO - Filling up the DagBag from /home/airflow/.local/lib/python3.7/site-packages/airflow/example_dags/example_bash_operator.py
[2023-04-27T05:02:46.411+0000] {processor.py:753} INFO - DAG(s) dict_keys(['example_bash_operator']) retrieved from /home/airflow/.local/lib/python3.7/site-packages/airflow/example_dags/example_bash_operator.py
[2023-04-27T05:02:46.443+0000] {logging_mixin.py:137} INFO - [2023-04-27T05:02:46.443+0000] {dag.py:2705} INFO - Sync 1 DAGs
[2023-04-27T05:02:46.465+0000] {logging_mixin.py:137} INFO - [2023-04-27T05:02:46.464+0000] {dag.py:3456} INFO - Setting next_dagrun for example_bash_operator to 2023-04-26T00:00:00+00:00, run_after=2023-04-27T00:00:00+00:00
[2023-04-27T05:02:46.481+0000] {processor.py:175} INFO - Processing /home/airflow/.local/lib/python3.7/site-packages/airflow/example_dags/example_bash_operator.py took 0.091 seconds
[2023-04-27T05:03:17.052+0000] {processor.py:153} INFO - Started process (PID=448) to work on /home/airflow/.local/lib/python3.7/site-packages/airflow/example_dags/example_bash_operator.py
[2023-04-27T05:03:17.053+0000] {processor.py:743} INFO - Processing file /home/airflow/.local/lib/python3.7/site-packages/airflow/example_dags/example_bash_operator.py for tasks to queue
[2023-04-27T05:03:17.053+0000] {logging_mixin.py:137} INFO - [2023-04-27T05:03:17.053+0000] {dagbag.py:532} INFO - Filling up the DagBag from /home/airflow/.local/lib/python3.7/site-packages/airflow/example_dags/example_bash_operator.py
[2023-04-27T05:03:17.068+0000] {processor.py:753} INFO - DAG(s) dict_keys(['example_bash_operator']) retrieved from /home/airflow/.local/lib/python3.7/site-packages/airflow/example_dags/example_bash_operator.py
[2023-04-27T05:03:17.096+0000] {logging_mixin.py:137} INFO - [2023-04-27T05:03:17.096+0000] {dag.py:2705} INFO - Sync 1 DAGs
[2023-04-27T05:03:17.116+0000] {logging_mixin.py:137} INFO - [2023-04-27T05:03:17.116+0000] {dag.py:3456} INFO - Setting next_dagrun for example_bash_operator to 2023-04-26T00:00:00+00:00, run_after=2023-04-27T00:00:00+00:00
[2023-04-27T05:03:17.130+0000] {processor.py:175} INFO - Processing /home/airflow/.local/lib/python3.7/site-packages/airflow/example_dags/example_bash_operator.py took 0.080 seconds
[2023-04-27T05:03:47.510+0000] {processor.py:153} INFO - Started process (PID=498) to work on /home/airflow/.local/lib/python3.7/site-packages/airflow/example_dags/example_bash_operator.py
[2023-04-27T05:03:47.511+0000] {processor.py:743} INFO - Processing file /home/airflow/.local/lib/python3.7/site-packages/airflow/example_dags/example_bash_operator.py for tasks to queue
[2023-04-27T05:03:47.511+0000] {logging_mixin.py:137} INFO - [2023-04-27T05:03:47.511+0000] {dagbag.py:532} INFO - Filling up the DagBag from /home/airflow/.local/lib/python3.7/site-packages/airflow/example_dags/example_bash_operator.py
[2023-04-27T05:03:47.526+0000] {processor.py:753} INFO - DAG(s) dict_keys(['example_bash_operator']) retrieved from /home/airflow/.local/lib/python3.7/site-packages/airflow/example_dags/example_bash_operator.py
[2023-04-27T05:03:47.555+0000] {logging_mixin.py:137} INFO - [2023-04-27T05:03:47.555+0000] {dag.py:2705} INFO - Sync 1 DAGs
[2023-04-27T05:03:47.575+0000] {logging_mixin.py:137} INFO - [2023-04-27T05:03:47.575+0000] {dag.py:3456} INFO - Setting next_dagrun for example_bash_operator to 2023-04-26T00:00:00+00:00, run_after=2023-04-27T00:00:00+00:00
[2023-04-27T05:03:47.590+0000] {processor.py:175} INFO - Processing /home/airflow/.local/lib/python3.7/site-packages/airflow/example_dags/example_bash_operator.py took 0.082 seconds
[2023-04-27T05:04:17.891+0000] {processor.py:153} INFO - Started process (PID=547) to work on /home/airflow/.local/lib/python3.7/site-packages/airflow/example_dags/example_bash_operator.py
[2023-04-27T05:04:17.892+0000] {processor.py:743} INFO - Processing file /home/airflow/.local/lib/python3.7/site-packages/airflow/example_dags/example_bash_operator.py for tasks to queue
[2023-04-27T05:04:17.892+0000] {logging_mixin.py:137} INFO - [2023-04-27T05:04:17.892+0000] {dagbag.py:532} INFO - Filling up the DagBag from /home/airflow/.local/lib/python3.7/site-packages/airflow/example_dags/example_bash_operator.py
[2023-04-27T05:04:17.908+0000] {processor.py:753} INFO - DAG(s) dict_keys(['example_bash_operator']) retrieved from /home/airflow/.local/lib/python3.7/site-packages/airflow/example_dags/example_bash_operator.py
[2023-04-27T05:04:17.939+0000] {logging_mixin.py:137} INFO - [2023-04-27T05:04:17.939+0000] {dag.py:2705} INFO - Sync 1 DAGs
[2023-04-27T05:04:17.959+0000] {logging_mixin.py:137} INFO - [2023-04-27T05:04:17.958+0000] {dag.py:3456} INFO - Setting next_dagrun for example_bash_operator to 2023-04-26T00:00:00+00:00, run_after=2023-04-27T00:00:00+00:00
[2023-04-27T05:04:17.974+0000] {processor.py:175} INFO - Processing /home/airflow/.local/lib/python3.7/site-packages/airflow/example_dags/example_bash_operator.py took 0.085 seconds
[2023-04-27T05:04:48.080+0000] {processor.py:153} INFO - Started process (PID=597) to work on /home/airflow/.local/lib/python3.7/site-packages/airflow/example_dags/example_bash_operator.py
[2023-04-27T05:04:48.080+0000] {processor.py:743} INFO - Processing file /home/airflow/.local/lib/python3.7/site-packages/airflow/example_dags/example_bash_operator.py for tasks to queue
[2023-04-27T05:04:48.081+0000] {logging_mixin.py:137} INFO - [2023-04-27T05:04:48.081+0000] {dagbag.py:532} INFO - Filling up the DagBag from /home/airflow/.local/lib/python3.7/site-packages/airflow/example_dags/example_bash_operator.py
[2023-04-27T05:04:48.097+0000] {processor.py:753} INFO - DAG(s) dict_keys(['example_bash_operator']) retrieved from /home/airflow/.local/lib/python3.7/site-packages/airflow/example_dags/example_bash_operator.py
[2023-04-27T05:04:48.127+0000] {logging_mixin.py:137} INFO - [2023-04-27T05:04:48.127+0000] {dag.py:2705} INFO - Sync 1 DAGs
[2023-04-27T05:04:48.148+0000] {logging_mixin.py:137} INFO - [2023-04-27T05:04:48.148+0000] {dag.py:3456} INFO - Setting next_dagrun for example_bash_operator to 2023-04-26T00:00:00+00:00, run_after=2023-04-27T00:00:00+00:00
[2023-04-27T05:04:48.164+0000] {processor.py:175} INFO - Processing /home/airflow/.local/lib/python3.7/site-packages/airflow/example_dags/example_bash_operator.py took 0.086 seconds
[2023-04-27T05:05:18.251+0000] {processor.py:153} INFO - Started process (PID=647) to work on /home/airflow/.local/lib/python3.7/site-packages/airflow/example_dags/example_bash_operator.py
[2023-04-27T05:05:18.252+0000] {processor.py:743} INFO - Processing file /home/airflow/.local/lib/python3.7/site-packages/airflow/example_dags/example_bash_operator.py for tasks to queue
[2023-04-27T05:05:18.252+0000] {logging_mixin.py:137} INFO - [2023-04-27T05:05:18.252+0000] {dagbag.py:532} INFO - Filling up the DagBag from /home/airflow/.local/lib/python3.7/site-packages/airflow/example_dags/example_bash_operator.py
[2023-04-27T05:05:18.269+0000] {processor.py:753} INFO - DAG(s) dict_keys(['example_bash_operator']) retrieved from /home/airflow/.local/lib/python3.7/site-packages/airflow/example_dags/example_bash_operator.py
[2023-04-27T05:05:18.303+0000] {logging_mixin.py:137} INFO - [2023-04-27T05:05:18.303+0000] {dag.py:2705} INFO - Sync 1 DAGs
[2023-04-27T05:05:18.324+0000] {logging_mixin.py:137} INFO - [2023-04-27T05:05:18.324+0000] {dag.py:3456} INFO - Setting next_dagrun for example_bash_operator to 2023-04-26T00:00:00+00:00, run_after=2023-04-27T00:00:00+00:00
[2023-04-27T05:05:18.340+0000] {processor.py:175} INFO - Processing /home/airflow/.local/lib/python3.7/site-packages/airflow/example_dags/example_bash_operator.py took 0.091 seconds
[2023-04-27T05:05:48.451+0000] {processor.py:153} INFO - Started process (PID=697) to work on /home/airflow/.local/lib/python3.7/site-packages/airflow/example_dags/example_bash_operator.py
[2023-04-27T05:05:48.451+0000] {processor.py:743} INFO - Processing file /home/airflow/.local/lib/python3.7/site-packages/airflow/example_dags/example_bash_operator.py for tasks to queue
[2023-04-27T05:05:48.452+0000] {logging_mixin.py:137} INFO - [2023-04-27T05:05:48.452+0000] {dagbag.py:532} INFO - Filling up the DagBag from /home/airflow/.local/lib/python3.7/site-packages/airflow/example_dags/example_bash_operator.py
[2023-04-27T05:05:48.468+0000] {processor.py:753} INFO - DAG(s) dict_keys(['example_bash_operator']) retrieved from /home/airflow/.local/lib/python3.7/site-packages/airflow/example_dags/example_bash_operator.py
[2023-04-27T05:05:48.499+0000] {logging_mixin.py:137} INFO - [2023-04-27T05:05:48.498+0000] {dag.py:2705} INFO - Sync 1 DAGs
[2023-04-27T05:05:48.519+0000] {logging_mixin.py:137} INFO - [2023-04-27T05:05:48.519+0000] {dag.py:3456} INFO - Setting next_dagrun for example_bash_operator to 2023-04-26T00:00:00+00:00, run_after=2023-04-27T00:00:00+00:00
[2023-04-27T05:05:48.535+0000] {processor.py:175} INFO - Processing /home/airflow/.local/lib/python3.7/site-packages/airflow/example_dags/example_bash_operator.py took 0.086 seconds
[2023-04-27T05:06:18.688+0000] {processor.py:153} INFO - Started process (PID=747) to work on /home/airflow/.local/lib/python3.7/site-packages/airflow/example_dags/example_bash_operator.py
[2023-04-27T05:06:18.688+0000] {processor.py:743} INFO - Processing file /home/airflow/.local/lib/python3.7/site-packages/airflow/example_dags/example_bash_operator.py for tasks to queue
[2023-04-27T05:06:18.689+0000] {logging_mixin.py:137} INFO - [2023-04-27T05:06:18.689+0000] {dagbag.py:532} INFO - Filling up the DagBag from /home/airflow/.local/lib/python3.7/site-packages/airflow/example_dags/example_bash_operator.py
[2023-04-27T05:06:18.705+0000] {processor.py:753} INFO - DAG(s) dict_keys(['example_bash_operator']) retrieved from /home/airflow/.local/lib/python3.7/site-packages/airflow/example_dags/example_bash_operator.py
[2023-04-27T05:06:18.736+0000] {logging_mixin.py:137} INFO - [2023-04-27T05:06:18.736+0000] {dag.py:2705} INFO - Sync 1 DAGs
[2023-04-27T05:06:18.758+0000] {logging_mixin.py:137} INFO - [2023-04-27T05:06:18.758+0000] {dag.py:3456} INFO - Setting next_dagrun for example_bash_operator to 2023-04-26T00:00:00+00:00, run_after=2023-04-27T00:00:00+00:00
[2023-04-27T05:06:18.775+0000] {processor.py:175} INFO - Processing /home/airflow/.local/lib/python3.7/site-packages/airflow/example_dags/example_bash_operator.py took 0.089 seconds
[2023-04-27T05:06:48.931+0000] {processor.py:153} INFO - Started process (PID=797) to work on /home/airflow/.local/lib/python3.7/site-packages/airflow/example_dags/example_bash_operator.py
[2023-04-27T05:06:48.931+0000] {processor.py:743} INFO - Processing file /home/airflow/.local/lib/python3.7/site-packages/airflow/example_dags/example_bash_operator.py for tasks to queue
[2023-04-27T05:06:48.932+0000] {logging_mixin.py:137} INFO - [2023-04-27T05:06:48.932+0000] {dagbag.py:532} INFO - Filling up the DagBag from /home/airflow/.local/lib/python3.7/site-packages/airflow/example_dags/example_bash_operator.py
[2023-04-27T05:06:48.948+0000] {processor.py:753} INFO - DAG(s) dict_keys(['example_bash_operator']) retrieved from /home/airflow/.local/lib/python3.7/site-packages/airflow/example_dags/example_bash_operator.py
[2023-04-27T05:06:48.979+0000] {logging_mixin.py:137} INFO - [2023-04-27T05:06:48.979+0000] {dag.py:2705} INFO - Sync 1 DAGs
[2023-04-27T05:06:49.000+0000] {logging_mixin.py:137} INFO - [2023-04-27T05:06:49.000+0000] {dag.py:3456} INFO - Setting next_dagrun for example_bash_operator to 2023-04-26T00:00:00+00:00, run_after=2023-04-27T00:00:00+00:00
[2023-04-27T05:06:49.016+0000] {processor.py:175} INFO - Processing /home/airflow/.local/lib/python3.7/site-packages/airflow/example_dags/example_bash_operator.py took 0.088 seconds
[2023-04-27T05:07:19.121+0000] {processor.py:153} INFO - Started process (PID=847) to work on /home/airflow/.local/lib/python3.7/site-packages/airflow/example_dags/example_bash_operator.py
[2023-04-27T05:07:19.122+0000] {processor.py:743} INFO - Processing file /home/airflow/.local/lib/python3.7/site-packages/airflow/example_dags/example_bash_operator.py for tasks to queue
[2023-04-27T05:07:19.122+0000] {logging_mixin.py:137} INFO - [2023-04-27T05:07:19.122+0000] {dagbag.py:532} INFO - Filling up the DagBag from /home/airflow/.local/lib/python3.7/site-packages/airflow/example_dags/example_bash_operator.py
[2023-04-27T05:07:19.138+0000] {processor.py:753} INFO - DAG(s) dict_keys(['example_bash_operator']) retrieved from /home/airflow/.local/lib/python3.7/site-packages/airflow/example_dags/example_bash_operator.py
[2023-04-27T05:07:19.169+0000] {logging_mixin.py:137} INFO - [2023-04-27T05:07:19.169+0000] {dag.py:2705} INFO - Sync 1 DAGs
[2023-04-27T05:07:19.190+0000] {logging_mixin.py:137} INFO - [2023-04-27T05:07:19.190+0000] {dag.py:3456} INFO - Setting next_dagrun for example_bash_operator to 2023-04-26T00:00:00+00:00, run_after=2023-04-27T00:00:00+00:00
[2023-04-27T05:07:19.210+0000] {processor.py:175} INFO - Processing /home/airflow/.local/lib/python3.7/site-packages/airflow/example_dags/example_bash_operator.py took 0.091 seconds
[2023-04-27T05:07:49.261+0000] {processor.py:153} INFO - Started process (PID=897) to work on /home/airflow/.local/lib/python3.7/site-packages/airflow/example_dags/example_bash_operator.py
[2023-04-27T05:07:49.262+0000] {processor.py:743} INFO - Processing file /home/airflow/.local/lib/python3.7/site-packages/airflow/example_dags/example_bash_operator.py for tasks to queue
[2023-04-27T05:07:49.262+0000] {logging_mixin.py:137} INFO - [2023-04-27T05:07:49.262+0000] {dagbag.py:532} INFO - Filling up the DagBag from /home/airflow/.local/lib/python3.7/site-packages/airflow/example_dags/example_bash_operator.py
[2023-04-27T05:07:49.278+0000] {processor.py:753} INFO - DAG(s) dict_keys(['example_bash_operator']) retrieved from /home/airflow/.local/lib/python3.7/site-packages/airflow/example_dags/example_bash_operator.py
[2023-04-27T05:07:49.307+0000] {logging_mixin.py:137} INFO - [2023-04-27T05:07:49.307+0000] {dag.py:2705} INFO - Sync 1 DAGs
[2023-04-27T05:07:49.326+0000] {logging_mixin.py:137} INFO - [2023-04-27T05:07:49.326+0000] {dag.py:3456} INFO - Setting next_dagrun for example_bash_operator to 2023-04-26T00:00:00+00:00, run_after=2023-04-27T00:00:00+00:00
[2023-04-27T05:07:49.341+0000] {processor.py:175} INFO - Processing /home/airflow/.local/lib/python3.7/site-packages/airflow/example_dags/example_bash_operator.py took 0.082 seconds
[2023-04-27T05:08:19.488+0000] {processor.py:153} INFO - Started process (PID=947) to work on /home/airflow/.local/lib/python3.7/site-packages/airflow/example_dags/example_bash_operator.py
[2023-04-27T05:08:19.488+0000] {processor.py:743} INFO - Processing file /home/airflow/.local/lib/python3.7/site-packages/airflow/example_dags/example_bash_operator.py for tasks to queue
[2023-04-27T05:08:19.489+0000] {logging_mixin.py:137} INFO - [2023-04-27T05:08:19.489+0000] {dagbag.py:532} INFO - Filling up the DagBag from /home/airflow/.local/lib/python3.7/site-packages/airflow/example_dags/example_bash_operator.py
[2023-04-27T05:08:19.504+0000] {processor.py:753} INFO - DAG(s) dict_keys(['example_bash_operator']) retrieved from /home/airflow/.local/lib/python3.7/site-packages/airflow/example_dags/example_bash_operator.py
[2023-04-27T05:08:19.532+0000] {logging_mixin.py:137} INFO - [2023-04-27T05:08:19.532+0000] {dag.py:2705} INFO - Sync 1 DAGs
[2023-04-27T05:08:19.551+0000] {logging_mixin.py:137} INFO - [2023-04-27T05:08:19.550+0000] {dag.py:3456} INFO - Setting next_dagrun for example_bash_operator to 2023-04-26T00:00:00+00:00, run_after=2023-04-27T00:00:00+00:00
[2023-04-27T05:08:19.566+0000] {processor.py:175} INFO - Processing /home/airflow/.local/lib/python3.7/site-packages/airflow/example_dags/example_bash_operator.py took 0.080 seconds
[2023-04-27T05:08:49.734+0000] {processor.py:153} INFO - Started process (PID=997) to work on /home/airflow/.local/lib/python3.7/site-packages/airflow/example_dags/example_bash_operator.py
[2023-04-27T05:08:49.734+0000] {processor.py:743} INFO - Processing file /home/airflow/.local/lib/python3.7/site-packages/airflow/example_dags/example_bash_operator.py for tasks to queue
[2023-04-27T05:08:49.734+0000] {logging_mixin.py:137} INFO - [2023-04-27T05:08:49.734+0000] {dagbag.py:532} INFO - Filling up the DagBag from /home/airflow/.local/lib/python3.7/site-packages/airflow/example_dags/example_bash_operator.py
[2023-04-27T05:08:49.749+0000] {processor.py:753} INFO - DAG(s) dict_keys(['example_bash_operator']) retrieved from /home/airflow/.local/lib/python3.7/site-packages/airflow/example_dags/example_bash_operator.py
[2023-04-27T05:08:49.777+0000] {logging_mixin.py:137} INFO - [2023-04-27T05:08:49.777+0000] {dag.py:2705} INFO - Sync 1 DAGs
[2023-04-27T05:08:49.797+0000] {logging_mixin.py:137} INFO - [2023-04-27T05:08:49.797+0000] {dag.py:3456} INFO - Setting next_dagrun for example_bash_operator to 2023-04-26T00:00:00+00:00, run_after=2023-04-27T00:00:00+00:00
[2023-04-27T05:08:49.812+0000] {processor.py:175} INFO - Processing /home/airflow/.local/lib/python3.7/site-packages/airflow/example_dags/example_bash_operator.py took 0.080 seconds
[2023-04-27T05:09:19.998+0000] {processor.py:153} INFO - Started process (PID=1047) to work on /home/airflow/.local/lib/python3.7/site-packages/airflow/example_dags/example_bash_operator.py
[2023-04-27T05:09:19.999+0000] {processor.py:743} INFO - Processing file /home/airflow/.local/lib/python3.7/site-packages/airflow/example_dags/example_bash_operator.py for tasks to queue
[2023-04-27T05:09:19.999+0000] {logging_mixin.py:137} INFO - [2023-04-27T05:09:19.999+0000] {dagbag.py:532} INFO - Filling up the DagBag from /home/airflow/.local/lib/python3.7/site-packages/airflow/example_dags/example_bash_operator.py
[2023-04-27T05:09:20.014+0000] {processor.py:753} INFO - DAG(s) dict_keys(['example_bash_operator']) retrieved from /home/airflow/.local/lib/python3.7/site-packages/airflow/example_dags/example_bash_operator.py
[2023-04-27T05:09:20.042+0000] {logging_mixin.py:137} INFO - [2023-04-27T05:09:20.041+0000] {dag.py:2705} INFO - Sync 1 DAGs
[2023-04-27T05:09:20.061+0000] {logging_mixin.py:137} INFO - [2023-04-27T05:09:20.061+0000] {dag.py:3456} INFO - Setting next_dagrun for example_bash_operator to 2023-04-26T00:00:00+00:00, run_after=2023-04-27T00:00:00+00:00
[2023-04-27T05:09:20.078+0000] {processor.py:175} INFO - Processing /home/airflow/.local/lib/python3.7/site-packages/airflow/example_dags/example_bash_operator.py took 0.082 seconds
[2023-04-27T05:09:50.300+0000] {processor.py:153} INFO - Started process (PID=1097) to work on /home/airflow/.local/lib/python3.7/site-packages/airflow/example_dags/example_bash_operator.py
[2023-04-27T05:09:50.301+0000] {processor.py:743} INFO - Processing file /home/airflow/.local/lib/python3.7/site-packages/airflow/example_dags/example_bash_operator.py for tasks to queue
[2023-04-27T05:09:50.301+0000] {logging_mixin.py:137} INFO - [2023-04-27T05:09:50.301+0000] {dagbag.py:532} INFO - Filling up the DagBag from /home/airflow/.local/lib/python3.7/site-packages/airflow/example_dags/example_bash_operator.py
[2023-04-27T05:09:50.316+0000] {processor.py:753} INFO - DAG(s) dict_keys(['example_bash_operator']) retrieved from /home/airflow/.local/lib/python3.7/site-packages/airflow/example_dags/example_bash_operator.py
[2023-04-27T05:09:50.345+0000] {logging_mixin.py:137} INFO - [2023-04-27T05:09:50.344+0000] {dag.py:2705} INFO - Sync 1 DAGs
[2023-04-27T05:09:50.363+0000] {logging_mixin.py:137} INFO - [2023-04-27T05:09:50.363+0000] {dag.py:3456} INFO - Setting next_dagrun for example_bash_operator to 2023-04-26T00:00:00+00:00, run_after=2023-04-27T00:00:00+00:00
[2023-04-27T05:09:50.378+0000] {processor.py:175} INFO - Processing /home/airflow/.local/lib/python3.7/site-packages/airflow/example_dags/example_bash_operator.py took 0.081 seconds
[2023-04-27T05:10:20.464+0000] {processor.py:153} INFO - Started process (PID=1147) to work on /home/airflow/.local/lib/python3.7/site-packages/airflow/example_dags/example_bash_operator.py
[2023-04-27T05:10:20.464+0000] {processor.py:743} INFO - Processing file /home/airflow/.local/lib/python3.7/site-packages/airflow/example_dags/example_bash_operator.py for tasks to queue
[2023-04-27T05:10:20.464+0000] {logging_mixin.py:137} INFO - [2023-04-27T05:10:20.464+0000] {dagbag.py:532} INFO - Filling up the DagBag from /home/airflow/.local/lib/python3.7/site-packages/airflow/example_dags/example_bash_operator.py
[2023-04-27T05:10:20.479+0000] {processor.py:753} INFO - DAG(s) dict_keys(['example_bash_operator']) retrieved from /home/airflow/.local/lib/python3.7/site-packages/airflow/example_dags/example_bash_operator.py
[2023-04-27T05:10:20.507+0000] {logging_mixin.py:137} INFO - [2023-04-27T05:10:20.507+0000] {dag.py:2705} INFO - Sync 1 DAGs
[2023-04-27T05:10:20.527+0000] {logging_mixin.py:137} INFO - [2023-04-27T05:10:20.527+0000] {dag.py:3456} INFO - Setting next_dagrun for example_bash_operator to 2023-04-26T00:00:00+00:00, run_after=2023-04-27T00:00:00+00:00
[2023-04-27T05:10:20.541+0000] {processor.py:175} INFO - Processing /home/airflow/.local/lib/python3.7/site-packages/airflow/example_dags/example_bash_operator.py took 0.080 seconds
[2023-04-27T05:10:50.677+0000] {processor.py:153} INFO - Started process (PID=1196) to work on /home/airflow/.local/lib/python3.7/site-packages/airflow/example_dags/example_bash_operator.py
[2023-04-27T05:10:50.678+0000] {processor.py:743} INFO - Processing file /home/airflow/.local/lib/python3.7/site-packages/airflow/example_dags/example_bash_operator.py for tasks to queue
[2023-04-27T05:10:50.678+0000] {logging_mixin.py:137} INFO - [2023-04-27T05:10:50.678+0000] {dagbag.py:532} INFO - Filling up the DagBag from /home/airflow/.local/lib/python3.7/site-packages/airflow/example_dags/example_bash_operator.py
[2023-04-27T05:10:50.694+0000] {processor.py:753} INFO - DAG(s) dict_keys(['example_bash_operator']) retrieved from /home/airflow/.local/lib/python3.7/site-packages/airflow/example_dags/example_bash_operator.py
[2023-04-27T05:10:50.722+0000] {logging_mixin.py:137} INFO - [2023-04-27T05:10:50.722+0000] {dag.py:2705} INFO - Sync 1 DAGs
[2023-04-27T05:10:50.741+0000] {logging_mixin.py:137} INFO - [2023-04-27T05:10:50.741+0000] {dag.py:3456} INFO - Setting next_dagrun for example_bash_operator to 2023-04-26T00:00:00+00:00, run_after=2023-04-27T00:00:00+00:00
[2023-04-27T05:10:50.756+0000] {processor.py:175} INFO - Processing /home/airflow/.local/lib/python3.7/site-packages/airflow/example_dags/example_bash_operator.py took 0.080 seconds
[2023-04-27T05:11:20.952+0000] {processor.py:153} INFO - Started process (PID=1246) to work on /home/airflow/.local/lib/python3.7/site-packages/airflow/example_dags/example_bash_operator.py
[2023-04-27T05:11:20.952+0000] {processor.py:743} INFO - Processing file /home/airflow/.local/lib/python3.7/site-packages/airflow/example_dags/example_bash_operator.py for tasks to queue
[2023-04-27T05:11:20.952+0000] {logging_mixin.py:137} INFO - [2023-04-27T05:11:20.952+0000] {dagbag.py:532} INFO - Filling up the DagBag from /home/airflow/.local/lib/python3.7/site-packages/airflow/example_dags/example_bash_operator.py
[2023-04-27T05:11:20.967+0000] {processor.py:753} INFO - DAG(s) dict_keys(['example_bash_operator']) retrieved from /home/airflow/.local/lib/python3.7/site-packages/airflow/example_dags/example_bash_operator.py
[2023-04-27T05:11:20.996+0000] {logging_mixin.py:137} INFO - [2023-04-27T05:11:20.996+0000] {dag.py:2705} INFO - Sync 1 DAGs
[2023-04-27T05:11:21.015+0000] {logging_mixin.py:137} INFO - [2023-04-27T05:11:21.015+0000] {dag.py:3456} INFO - Setting next_dagrun for example_bash_operator to 2023-04-26T00:00:00+00:00, run_after=2023-04-27T00:00:00+00:00
[2023-04-27T05:11:21.030+0000] {processor.py:175} INFO - Processing /home/airflow/.local/lib/python3.7/site-packages/airflow/example_dags/example_bash_operator.py took 0.080 seconds
[2023-04-27T05:11:51.213+0000] {processor.py:153} INFO - Started process (PID=1296) to work on /home/airflow/.local/lib/python3.7/site-packages/airflow/example_dags/example_bash_operator.py
[2023-04-27T05:11:51.214+0000] {processor.py:743} INFO - Processing file /home/airflow/.local/lib/python3.7/site-packages/airflow/example_dags/example_bash_operator.py for tasks to queue
[2023-04-27T05:11:51.214+0000] {logging_mixin.py:137} INFO - [2023-04-27T05:11:51.214+0000] {dagbag.py:532} INFO - Filling up the DagBag from /home/airflow/.local/lib/python3.7/site-packages/airflow/example_dags/example_bash_operator.py
[2023-04-27T05:11:51.229+0000] {processor.py:753} INFO - DAG(s) dict_keys(['example_bash_operator']) retrieved from /home/airflow/.local/lib/python3.7/site-packages/airflow/example_dags/example_bash_operator.py
[2023-04-27T05:11:51.258+0000] {logging_mixin.py:137} INFO - [2023-04-27T05:11:51.258+0000] {dag.py:2705} INFO - Sync 1 DAGs
[2023-04-27T05:11:51.277+0000] {logging_mixin.py:137} INFO - [2023-04-27T05:11:51.276+0000] {dag.py:3456} INFO - Setting next_dagrun for example_bash_operator to 2023-04-26T00:00:00+00:00, run_after=2023-04-27T00:00:00+00:00
[2023-04-27T05:11:51.291+0000] {processor.py:175} INFO - Processing /home/airflow/.local/lib/python3.7/site-packages/airflow/example_dags/example_bash_operator.py took 0.080 seconds
[2023-04-27T05:12:21.455+0000] {processor.py:153} INFO - Started process (PID=1346) to work on /home/airflow/.local/lib/python3.7/site-packages/airflow/example_dags/example_bash_operator.py
[2023-04-27T05:12:21.455+0000] {processor.py:743} INFO - Processing file /home/airflow/.local/lib/python3.7/site-packages/airflow/example_dags/example_bash_operator.py for tasks to queue
[2023-04-27T05:12:21.456+0000] {logging_mixin.py:137} INFO - [2023-04-27T05:12:21.455+0000] {dagbag.py:532} INFO - Filling up the DagBag from /home/airflow/.local/lib/python3.7/site-packages/airflow/example_dags/example_bash_operator.py
[2023-04-27T05:12:21.473+0000] {processor.py:753} INFO - DAG(s) dict_keys(['example_bash_operator']) retrieved from /home/airflow/.local/lib/python3.7/site-packages/airflow/example_dags/example_bash_operator.py
[2023-04-27T05:12:21.502+0000] {logging_mixin.py:137} INFO - [2023-04-27T05:12:21.502+0000] {dag.py:2705} INFO - Sync 1 DAGs
[2023-04-27T05:12:21.521+0000] {logging_mixin.py:137} INFO - [2023-04-27T05:12:21.521+0000] {dag.py:3456} INFO - Setting next_dagrun for example_bash_operator to 2023-04-26T00:00:00+00:00, run_after=2023-04-27T00:00:00+00:00
[2023-04-27T05:12:21.535+0000] {processor.py:175} INFO - Processing /home/airflow/.local/lib/python3.7/site-packages/airflow/example_dags/example_bash_operator.py took 0.083 seconds
[2023-04-27T05:12:51.649+0000] {processor.py:153} INFO - Started process (PID=1396) to work on /home/airflow/.local/lib/python3.7/site-packages/airflow/example_dags/example_bash_operator.py
[2023-04-27T05:12:51.649+0000] {processor.py:743} INFO - Processing file /home/airflow/.local/lib/python3.7/site-packages/airflow/example_dags/example_bash_operator.py for tasks to queue
[2023-04-27T05:12:51.650+0000] {logging_mixin.py:137} INFO - [2023-04-27T05:12:51.650+0000] {dagbag.py:532} INFO - Filling up the DagBag from /home/airflow/.local/lib/python3.7/site-packages/airflow/example_dags/example_bash_operator.py
[2023-04-27T05:12:51.665+0000] {processor.py:753} INFO - DAG(s) dict_keys(['example_bash_operator']) retrieved from /home/airflow/.local/lib/python3.7/site-packages/airflow/example_dags/example_bash_operator.py
[2023-04-27T05:12:51.693+0000] {logging_mixin.py:137} INFO - [2023-04-27T05:12:51.693+0000] {dag.py:2705} INFO - Sync 1 DAGs
[2023-04-27T05:12:51.712+0000] {logging_mixin.py:137} INFO - [2023-04-27T05:12:51.712+0000] {dag.py:3456} INFO - Setting next_dagrun for example_bash_operator to 2023-04-26T00:00:00+00:00, run_after=2023-04-27T00:00:00+00:00
[2023-04-27T05:12:51.727+0000] {processor.py:175} INFO - Processing /home/airflow/.local/lib/python3.7/site-packages/airflow/example_dags/example_bash_operator.py took 0.081 seconds
[2023-04-27T05:13:21.935+0000] {processor.py:153} INFO - Started process (PID=1446) to work on /home/airflow/.local/lib/python3.7/site-packages/airflow/example_dags/example_bash_operator.py
[2023-04-27T05:13:21.936+0000] {processor.py:743} INFO - Processing file /home/airflow/.local/lib/python3.7/site-packages/airflow/example_dags/example_bash_operator.py for tasks to queue
[2023-04-27T05:13:21.936+0000] {logging_mixin.py:137} INFO - [2023-04-27T05:13:21.936+0000] {dagbag.py:532} INFO - Filling up the DagBag from /home/airflow/.local/lib/python3.7/site-packages/airflow/example_dags/example_bash_operator.py
[2023-04-27T05:13:21.953+0000] {processor.py:753} INFO - DAG(s) dict_keys(['example_bash_operator']) retrieved from /home/airflow/.local/lib/python3.7/site-packages/airflow/example_dags/example_bash_operator.py
[2023-04-27T05:13:21.987+0000] {logging_mixin.py:137} INFO - [2023-04-27T05:13:21.986+0000] {dag.py:2705} INFO - Sync 1 DAGs
[2023-04-27T05:13:22.009+0000] {logging_mixin.py:137} INFO - [2023-04-27T05:13:22.008+0000] {dag.py:3456} INFO - Setting next_dagrun for example_bash_operator to 2023-04-26T00:00:00+00:00, run_after=2023-04-27T00:00:00+00:00
[2023-04-27T05:13:22.026+0000] {processor.py:175} INFO - Processing /home/airflow/.local/lib/python3.7/site-packages/airflow/example_dags/example_bash_operator.py took 0.093 seconds
[2023-04-27T05:13:52.120+0000] {processor.py:153} INFO - Started process (PID=1496) to work on /home/airflow/.local/lib/python3.7/site-packages/airflow/example_dags/example_bash_operator.py
[2023-04-27T05:13:52.120+0000] {processor.py:743} INFO - Processing file /home/airflow/.local/lib/python3.7/site-packages/airflow/example_dags/example_bash_operator.py for tasks to queue
[2023-04-27T05:13:52.120+0000] {logging_mixin.py:137} INFO - [2023-04-27T05:13:52.120+0000] {dagbag.py:532} INFO - Filling up the DagBag from /home/airflow/.local/lib/python3.7/site-packages/airflow/example_dags/example_bash_operator.py
[2023-04-27T05:13:52.136+0000] {processor.py:753} INFO - DAG(s) dict_keys(['example_bash_operator']) retrieved from /home/airflow/.local/lib/python3.7/site-packages/airflow/example_dags/example_bash_operator.py
[2023-04-27T05:13:52.163+0000] {logging_mixin.py:137} INFO - [2023-04-27T05:13:52.163+0000] {dag.py:2705} INFO - Sync 1 DAGs
[2023-04-27T05:13:52.182+0000] {logging_mixin.py:137} INFO - [2023-04-27T05:13:52.181+0000] {dag.py:3456} INFO - Setting next_dagrun for example_bash_operator to 2023-04-26T00:00:00+00:00, run_after=2023-04-27T00:00:00+00:00
[2023-04-27T05:13:52.196+0000] {processor.py:175} INFO - Processing /home/airflow/.local/lib/python3.7/site-packages/airflow/example_dags/example_bash_operator.py took 0.078 seconds
[2023-04-27T05:14:22.370+0000] {processor.py:153} INFO - Started process (PID=1546) to work on /home/airflow/.local/lib/python3.7/site-packages/airflow/example_dags/example_bash_operator.py
[2023-04-27T05:14:22.370+0000] {processor.py:743} INFO - Processing file /home/airflow/.local/lib/python3.7/site-packages/airflow/example_dags/example_bash_operator.py for tasks to queue
[2023-04-27T05:14:22.371+0000] {logging_mixin.py:137} INFO - [2023-04-27T05:14:22.371+0000] {dagbag.py:532} INFO - Filling up the DagBag from /home/airflow/.local/lib/python3.7/site-packages/airflow/example_dags/example_bash_operator.py
[2023-04-27T05:14:22.386+0000] {processor.py:753} INFO - DAG(s) dict_keys(['example_bash_operator']) retrieved from /home/airflow/.local/lib/python3.7/site-packages/airflow/example_dags/example_bash_operator.py
[2023-04-27T05:14:22.414+0000] {logging_mixin.py:137} INFO - [2023-04-27T05:14:22.414+0000] {dag.py:2705} INFO - Sync 1 DAGs
[2023-04-27T05:14:22.433+0000] {logging_mixin.py:137} INFO - [2023-04-27T05:14:22.433+0000] {dag.py:3456} INFO - Setting next_dagrun for example_bash_operator to 2023-04-26T00:00:00+00:00, run_after=2023-04-27T00:00:00+00:00
[2023-04-27T05:14:22.448+0000] {processor.py:175} INFO - Processing /home/airflow/.local/lib/python3.7/site-packages/airflow/example_dags/example_bash_operator.py took 0.081 seconds
[2023-04-27T05:14:52.610+0000] {processor.py:153} INFO - Started process (PID=1595) to work on /home/airflow/.local/lib/python3.7/site-packages/airflow/example_dags/example_bash_operator.py
[2023-04-27T05:14:52.611+0000] {processor.py:743} INFO - Processing file /home/airflow/.local/lib/python3.7/site-packages/airflow/example_dags/example_bash_operator.py for tasks to queue
[2023-04-27T05:14:52.611+0000] {logging_mixin.py:137} INFO - [2023-04-27T05:14:52.611+0000] {dagbag.py:532} INFO - Filling up the DagBag from /home/airflow/.local/lib/python3.7/site-packages/airflow/example_dags/example_bash_operator.py
[2023-04-27T05:14:52.628+0000] {processor.py:753} INFO - DAG(s) dict_keys(['example_bash_operator']) retrieved from /home/airflow/.local/lib/python3.7/site-packages/airflow/example_dags/example_bash_operator.py
[2023-04-27T05:14:52.661+0000] {logging_mixin.py:137} INFO - [2023-04-27T05:14:52.661+0000] {dag.py:2705} INFO - Sync 1 DAGs
[2023-04-27T05:14:52.683+0000] {logging_mixin.py:137} INFO - [2023-04-27T05:14:52.683+0000] {dag.py:3456} INFO - Setting next_dagrun for example_bash_operator to 2023-04-26T00:00:00+00:00, run_after=2023-04-27T00:00:00+00:00
[2023-04-27T05:14:52.700+0000] {processor.py:175} INFO - Processing /home/airflow/.local/lib/python3.7/site-packages/airflow/example_dags/example_bash_operator.py took 0.093 seconds
