[2023-04-27T04:59:14.428+0000] {processor.py:153} INFO - Started process (PID=56) to work on /home/airflow/.local/lib/python3.7/site-packages/airflow/example_dags/example_nested_branch_dag.py
[2023-04-27T04:59:14.429+0000] {processor.py:743} INFO - Processing file /home/airflow/.local/lib/python3.7/site-packages/airflow/example_dags/example_nested_branch_dag.py for tasks to queue
[2023-04-27T04:59:14.429+0000] {logging_mixin.py:137} INFO - [2023-04-27T04:59:14.429+0000] {dagbag.py:532} INFO - Filling up the DagBag from /home/airflow/.local/lib/python3.7/site-packages/airflow/example_dags/example_nested_branch_dag.py
[2023-04-27T04:59:14.452+0000] {processor.py:753} INFO - DAG(s) dict_keys(['example_nested_branch_dag']) retrieved from /home/airflow/.local/lib/python3.7/site-packages/airflow/example_dags/example_nested_branch_dag.py
[2023-04-27T04:59:14.461+0000] {logging_mixin.py:137} INFO - [2023-04-27T04:59:14.461+0000] {dag.py:2705} INFO - Sync 1 DAGs
[2023-04-27T04:59:14.485+0000] {logging_mixin.py:137} INFO - [2023-04-27T04:59:14.484+0000] {dag.py:3456} INFO - Setting next_dagrun for example_nested_branch_dag to 2023-04-26T00:00:00+00:00, run_after=2023-04-27T00:00:00+00:00
[2023-04-27T04:59:14.505+0000] {processor.py:175} INFO - Processing /home/airflow/.local/lib/python3.7/site-packages/airflow/example_dags/example_nested_branch_dag.py took 0.079 seconds
[2023-04-27T04:59:45.088+0000] {processor.py:153} INFO - Started process (PID=105) to work on /home/airflow/.local/lib/python3.7/site-packages/airflow/example_dags/example_nested_branch_dag.py
[2023-04-27T04:59:45.089+0000] {processor.py:743} INFO - Processing file /home/airflow/.local/lib/python3.7/site-packages/airflow/example_dags/example_nested_branch_dag.py for tasks to queue
[2023-04-27T04:59:45.089+0000] {logging_mixin.py:137} INFO - [2023-04-27T04:59:45.089+0000] {dagbag.py:532} INFO - Filling up the DagBag from /home/airflow/.local/lib/python3.7/site-packages/airflow/example_dags/example_nested_branch_dag.py
[2023-04-27T04:59:45.104+0000] {processor.py:753} INFO - DAG(s) dict_keys(['example_nested_branch_dag']) retrieved from /home/airflow/.local/lib/python3.7/site-packages/airflow/example_dags/example_nested_branch_dag.py
[2023-04-27T04:59:45.120+0000] {logging_mixin.py:137} INFO - [2023-04-27T04:59:45.120+0000] {dag.py:2705} INFO - Sync 1 DAGs
[2023-04-27T04:59:45.135+0000] {logging_mixin.py:137} INFO - [2023-04-27T04:59:45.135+0000] {dag.py:3456} INFO - Setting next_dagrun for example_nested_branch_dag to 2023-04-26T00:00:00+00:00, run_after=2023-04-27T00:00:00+00:00
[2023-04-27T04:59:45.146+0000] {processor.py:175} INFO - Processing /home/airflow/.local/lib/python3.7/site-packages/airflow/example_dags/example_nested_branch_dag.py took 0.060 seconds
[2023-04-27T05:00:15.275+0000] {processor.py:153} INFO - Started process (PID=155) to work on /home/airflow/.local/lib/python3.7/site-packages/airflow/example_dags/example_nested_branch_dag.py
[2023-04-27T05:00:15.276+0000] {processor.py:743} INFO - Processing file /home/airflow/.local/lib/python3.7/site-packages/airflow/example_dags/example_nested_branch_dag.py for tasks to queue
[2023-04-27T05:00:15.276+0000] {logging_mixin.py:137} INFO - [2023-04-27T05:00:15.276+0000] {dagbag.py:532} INFO - Filling up the DagBag from /home/airflow/.local/lib/python3.7/site-packages/airflow/example_dags/example_nested_branch_dag.py
[2023-04-27T05:00:15.294+0000] {processor.py:753} INFO - DAG(s) dict_keys(['example_nested_branch_dag']) retrieved from /home/airflow/.local/lib/python3.7/site-packages/airflow/example_dags/example_nested_branch_dag.py
[2023-04-27T05:00:15.314+0000] {logging_mixin.py:137} INFO - [2023-04-27T05:00:15.314+0000] {dag.py:2705} INFO - Sync 1 DAGs
[2023-04-27T05:00:15.334+0000] {logging_mixin.py:137} INFO - [2023-04-27T05:00:15.334+0000] {dag.py:3456} INFO - Setting next_dagrun for example_nested_branch_dag to 2023-04-26T00:00:00+00:00, run_after=2023-04-27T00:00:00+00:00
[2023-04-27T05:00:15.349+0000] {processor.py:175} INFO - Processing /home/airflow/.local/lib/python3.7/site-packages/airflow/example_dags/example_nested_branch_dag.py took 0.076 seconds
[2023-04-27T05:00:45.538+0000] {processor.py:153} INFO - Started process (PID=205) to work on /home/airflow/.local/lib/python3.7/site-packages/airflow/example_dags/example_nested_branch_dag.py
[2023-04-27T05:00:45.538+0000] {processor.py:743} INFO - Processing file /home/airflow/.local/lib/python3.7/site-packages/airflow/example_dags/example_nested_branch_dag.py for tasks to queue
[2023-04-27T05:00:45.539+0000] {logging_mixin.py:137} INFO - [2023-04-27T05:00:45.539+0000] {dagbag.py:532} INFO - Filling up the DagBag from /home/airflow/.local/lib/python3.7/site-packages/airflow/example_dags/example_nested_branch_dag.py
[2023-04-27T05:00:45.557+0000] {processor.py:753} INFO - DAG(s) dict_keys(['example_nested_branch_dag']) retrieved from /home/airflow/.local/lib/python3.7/site-packages/airflow/example_dags/example_nested_branch_dag.py
[2023-04-27T05:00:45.581+0000] {logging_mixin.py:137} INFO - [2023-04-27T05:00:45.581+0000] {dag.py:2705} INFO - Sync 1 DAGs
[2023-04-27T05:00:45.606+0000] {logging_mixin.py:137} INFO - [2023-04-27T05:00:45.606+0000] {dag.py:3456} INFO - Setting next_dagrun for example_nested_branch_dag to 2023-04-26T00:00:00+00:00, run_after=2023-04-27T00:00:00+00:00
[2023-04-27T05:00:45.628+0000] {processor.py:175} INFO - Processing /home/airflow/.local/lib/python3.7/site-packages/airflow/example_dags/example_nested_branch_dag.py took 0.092 seconds
[2023-04-27T05:01:15.704+0000] {processor.py:153} INFO - Started process (PID=255) to work on /home/airflow/.local/lib/python3.7/site-packages/airflow/example_dags/example_nested_branch_dag.py
[2023-04-27T05:01:15.705+0000] {processor.py:743} INFO - Processing file /home/airflow/.local/lib/python3.7/site-packages/airflow/example_dags/example_nested_branch_dag.py for tasks to queue
[2023-04-27T05:01:15.705+0000] {logging_mixin.py:137} INFO - [2023-04-27T05:01:15.705+0000] {dagbag.py:532} INFO - Filling up the DagBag from /home/airflow/.local/lib/python3.7/site-packages/airflow/example_dags/example_nested_branch_dag.py
[2023-04-27T05:01:15.719+0000] {processor.py:753} INFO - DAG(s) dict_keys(['example_nested_branch_dag']) retrieved from /home/airflow/.local/lib/python3.7/site-packages/airflow/example_dags/example_nested_branch_dag.py
[2023-04-27T05:01:15.726+0000] {logging_mixin.py:137} INFO - [2023-04-27T05:01:15.726+0000] {dag.py:2705} INFO - Sync 1 DAGs
[2023-04-27T05:01:15.742+0000] {logging_mixin.py:137} INFO - [2023-04-27T05:01:15.742+0000] {dag.py:3456} INFO - Setting next_dagrun for example_nested_branch_dag to 2023-04-26T00:00:00+00:00, run_after=2023-04-27T00:00:00+00:00
[2023-04-27T05:01:15.755+0000] {processor.py:175} INFO - Processing /home/airflow/.local/lib/python3.7/site-packages/airflow/example_dags/example_nested_branch_dag.py took 0.052 seconds
[2023-04-27T05:01:45.976+0000] {processor.py:153} INFO - Started process (PID=304) to work on /home/airflow/.local/lib/python3.7/site-packages/airflow/example_dags/example_nested_branch_dag.py
[2023-04-27T05:01:45.976+0000] {processor.py:743} INFO - Processing file /home/airflow/.local/lib/python3.7/site-packages/airflow/example_dags/example_nested_branch_dag.py for tasks to queue
[2023-04-27T05:01:45.977+0000] {logging_mixin.py:137} INFO - [2023-04-27T05:01:45.977+0000] {dagbag.py:532} INFO - Filling up the DagBag from /home/airflow/.local/lib/python3.7/site-packages/airflow/example_dags/example_nested_branch_dag.py
[2023-04-27T05:01:45.994+0000] {processor.py:753} INFO - DAG(s) dict_keys(['example_nested_branch_dag']) retrieved from /home/airflow/.local/lib/python3.7/site-packages/airflow/example_dags/example_nested_branch_dag.py
[2023-04-27T05:01:46.010+0000] {logging_mixin.py:137} INFO - [2023-04-27T05:01:46.010+0000] {dag.py:2705} INFO - Sync 1 DAGs
[2023-04-27T05:01:46.028+0000] {logging_mixin.py:137} INFO - [2023-04-27T05:01:46.028+0000] {dag.py:3456} INFO - Setting next_dagrun for example_nested_branch_dag to 2023-04-26T00:00:00+00:00, run_after=2023-04-27T00:00:00+00:00
[2023-04-27T05:01:46.045+0000] {processor.py:175} INFO - Processing /home/airflow/.local/lib/python3.7/site-packages/airflow/example_dags/example_nested_branch_dag.py took 0.071 seconds
[2023-04-27T05:02:16.231+0000] {processor.py:153} INFO - Started process (PID=354) to work on /home/airflow/.local/lib/python3.7/site-packages/airflow/example_dags/example_nested_branch_dag.py
[2023-04-27T05:02:16.231+0000] {processor.py:743} INFO - Processing file /home/airflow/.local/lib/python3.7/site-packages/airflow/example_dags/example_nested_branch_dag.py for tasks to queue
[2023-04-27T05:02:16.232+0000] {logging_mixin.py:137} INFO - [2023-04-27T05:02:16.232+0000] {dagbag.py:532} INFO - Filling up the DagBag from /home/airflow/.local/lib/python3.7/site-packages/airflow/example_dags/example_nested_branch_dag.py
[2023-04-27T05:02:16.253+0000] {processor.py:753} INFO - DAG(s) dict_keys(['example_nested_branch_dag']) retrieved from /home/airflow/.local/lib/python3.7/site-packages/airflow/example_dags/example_nested_branch_dag.py
[2023-04-27T05:02:16.290+0000] {logging_mixin.py:137} INFO - [2023-04-27T05:02:16.290+0000] {dag.py:2705} INFO - Sync 1 DAGs
[2023-04-27T05:02:16.351+0000] {logging_mixin.py:137} INFO - [2023-04-27T05:02:16.350+0000] {dag.py:3456} INFO - Setting next_dagrun for example_nested_branch_dag to 2023-04-26T00:00:00+00:00, run_after=2023-04-27T00:00:00+00:00
[2023-04-27T05:02:16.394+0000] {processor.py:175} INFO - Processing /home/airflow/.local/lib/python3.7/site-packages/airflow/example_dags/example_nested_branch_dag.py took 0.165 seconds
[2023-04-27T05:02:46.743+0000] {processor.py:153} INFO - Started process (PID=404) to work on /home/airflow/.local/lib/python3.7/site-packages/airflow/example_dags/example_nested_branch_dag.py
[2023-04-27T05:02:46.743+0000] {processor.py:743} INFO - Processing file /home/airflow/.local/lib/python3.7/site-packages/airflow/example_dags/example_nested_branch_dag.py for tasks to queue
[2023-04-27T05:02:46.744+0000] {logging_mixin.py:137} INFO - [2023-04-27T05:02:46.744+0000] {dagbag.py:532} INFO - Filling up the DagBag from /home/airflow/.local/lib/python3.7/site-packages/airflow/example_dags/example_nested_branch_dag.py
[2023-04-27T05:02:46.765+0000] {processor.py:753} INFO - DAG(s) dict_keys(['example_nested_branch_dag']) retrieved from /home/airflow/.local/lib/python3.7/site-packages/airflow/example_dags/example_nested_branch_dag.py
[2023-04-27T05:02:46.787+0000] {logging_mixin.py:137} INFO - [2023-04-27T05:02:46.787+0000] {dag.py:2705} INFO - Sync 1 DAGs
[2023-04-27T05:02:46.809+0000] {logging_mixin.py:137} INFO - [2023-04-27T05:02:46.809+0000] {dag.py:3456} INFO - Setting next_dagrun for example_nested_branch_dag to 2023-04-26T00:00:00+00:00, run_after=2023-04-27T00:00:00+00:00
[2023-04-27T05:02:46.826+0000] {processor.py:175} INFO - Processing /home/airflow/.local/lib/python3.7/site-packages/airflow/example_dags/example_nested_branch_dag.py took 0.086 seconds
[2023-04-27T05:03:17.290+0000] {processor.py:153} INFO - Started process (PID=454) to work on /home/airflow/.local/lib/python3.7/site-packages/airflow/example_dags/example_nested_branch_dag.py
[2023-04-27T05:03:17.290+0000] {processor.py:743} INFO - Processing file /home/airflow/.local/lib/python3.7/site-packages/airflow/example_dags/example_nested_branch_dag.py for tasks to queue
[2023-04-27T05:03:17.291+0000] {logging_mixin.py:137} INFO - [2023-04-27T05:03:17.291+0000] {dagbag.py:532} INFO - Filling up the DagBag from /home/airflow/.local/lib/python3.7/site-packages/airflow/example_dags/example_nested_branch_dag.py
[2023-04-27T05:03:17.308+0000] {processor.py:753} INFO - DAG(s) dict_keys(['example_nested_branch_dag']) retrieved from /home/airflow/.local/lib/python3.7/site-packages/airflow/example_dags/example_nested_branch_dag.py
[2023-04-27T05:03:17.328+0000] {logging_mixin.py:137} INFO - [2023-04-27T05:03:17.328+0000] {dag.py:2705} INFO - Sync 1 DAGs
[2023-04-27T05:03:17.348+0000] {logging_mixin.py:137} INFO - [2023-04-27T05:03:17.348+0000] {dag.py:3456} INFO - Setting next_dagrun for example_nested_branch_dag to 2023-04-26T00:00:00+00:00, run_after=2023-04-27T00:00:00+00:00
[2023-04-27T05:03:17.365+0000] {processor.py:175} INFO - Processing /home/airflow/.local/lib/python3.7/site-packages/airflow/example_dags/example_nested_branch_dag.py took 0.077 seconds
[2023-04-27T05:03:47.759+0000] {processor.py:153} INFO - Started process (PID=504) to work on /home/airflow/.local/lib/python3.7/site-packages/airflow/example_dags/example_nested_branch_dag.py
[2023-04-27T05:03:47.760+0000] {processor.py:743} INFO - Processing file /home/airflow/.local/lib/python3.7/site-packages/airflow/example_dags/example_nested_branch_dag.py for tasks to queue
[2023-04-27T05:03:47.760+0000] {logging_mixin.py:137} INFO - [2023-04-27T05:03:47.760+0000] {dagbag.py:532} INFO - Filling up the DagBag from /home/airflow/.local/lib/python3.7/site-packages/airflow/example_dags/example_nested_branch_dag.py
[2023-04-27T05:03:47.779+0000] {processor.py:753} INFO - DAG(s) dict_keys(['example_nested_branch_dag']) retrieved from /home/airflow/.local/lib/python3.7/site-packages/airflow/example_dags/example_nested_branch_dag.py
[2023-04-27T05:03:47.799+0000] {logging_mixin.py:137} INFO - [2023-04-27T05:03:47.799+0000] {dag.py:2705} INFO - Sync 1 DAGs
[2023-04-27T05:03:47.820+0000] {logging_mixin.py:137} INFO - [2023-04-27T05:03:47.820+0000] {dag.py:3456} INFO - Setting next_dagrun for example_nested_branch_dag to 2023-04-26T00:00:00+00:00, run_after=2023-04-27T00:00:00+00:00
[2023-04-27T05:03:47.837+0000] {processor.py:175} INFO - Processing /home/airflow/.local/lib/python3.7/site-packages/airflow/example_dags/example_nested_branch_dag.py took 0.080 seconds
[2023-04-27T05:04:18.142+0000] {processor.py:153} INFO - Started process (PID=553) to work on /home/airflow/.local/lib/python3.7/site-packages/airflow/example_dags/example_nested_branch_dag.py
[2023-04-27T05:04:18.142+0000] {processor.py:743} INFO - Processing file /home/airflow/.local/lib/python3.7/site-packages/airflow/example_dags/example_nested_branch_dag.py for tasks to queue
[2023-04-27T05:04:18.143+0000] {logging_mixin.py:137} INFO - [2023-04-27T05:04:18.143+0000] {dagbag.py:532} INFO - Filling up the DagBag from /home/airflow/.local/lib/python3.7/site-packages/airflow/example_dags/example_nested_branch_dag.py
[2023-04-27T05:04:18.162+0000] {processor.py:753} INFO - DAG(s) dict_keys(['example_nested_branch_dag']) retrieved from /home/airflow/.local/lib/python3.7/site-packages/airflow/example_dags/example_nested_branch_dag.py
[2023-04-27T05:04:18.181+0000] {logging_mixin.py:137} INFO - [2023-04-27T05:04:18.181+0000] {dag.py:2705} INFO - Sync 1 DAGs
[2023-04-27T05:04:18.202+0000] {logging_mixin.py:137} INFO - [2023-04-27T05:04:18.202+0000] {dag.py:3456} INFO - Setting next_dagrun for example_nested_branch_dag to 2023-04-26T00:00:00+00:00, run_after=2023-04-27T00:00:00+00:00
[2023-04-27T05:04:18.218+0000] {processor.py:175} INFO - Processing /home/airflow/.local/lib/python3.7/site-packages/airflow/example_dags/example_nested_branch_dag.py took 0.078 seconds
[2023-04-27T05:04:48.335+0000] {processor.py:153} INFO - Started process (PID=603) to work on /home/airflow/.local/lib/python3.7/site-packages/airflow/example_dags/example_nested_branch_dag.py
[2023-04-27T05:04:48.336+0000] {processor.py:743} INFO - Processing file /home/airflow/.local/lib/python3.7/site-packages/airflow/example_dags/example_nested_branch_dag.py for tasks to queue
[2023-04-27T05:04:48.336+0000] {logging_mixin.py:137} INFO - [2023-04-27T05:04:48.336+0000] {dagbag.py:532} INFO - Filling up the DagBag from /home/airflow/.local/lib/python3.7/site-packages/airflow/example_dags/example_nested_branch_dag.py
[2023-04-27T05:04:48.355+0000] {processor.py:753} INFO - DAG(s) dict_keys(['example_nested_branch_dag']) retrieved from /home/airflow/.local/lib/python3.7/site-packages/airflow/example_dags/example_nested_branch_dag.py
[2023-04-27T05:04:48.375+0000] {logging_mixin.py:137} INFO - [2023-04-27T05:04:48.375+0000] {dag.py:2705} INFO - Sync 1 DAGs
[2023-04-27T05:04:48.394+0000] {logging_mixin.py:137} INFO - [2023-04-27T05:04:48.394+0000] {dag.py:3456} INFO - Setting next_dagrun for example_nested_branch_dag to 2023-04-26T00:00:00+00:00, run_after=2023-04-27T00:00:00+00:00
[2023-04-27T05:04:48.410+0000] {processor.py:175} INFO - Processing /home/airflow/.local/lib/python3.7/site-packages/airflow/example_dags/example_nested_branch_dag.py took 0.077 seconds
[2023-04-27T05:05:18.506+0000] {processor.py:153} INFO - Started process (PID=653) to work on /home/airflow/.local/lib/python3.7/site-packages/airflow/example_dags/example_nested_branch_dag.py
[2023-04-27T05:05:18.507+0000] {processor.py:743} INFO - Processing file /home/airflow/.local/lib/python3.7/site-packages/airflow/example_dags/example_nested_branch_dag.py for tasks to queue
[2023-04-27T05:05:18.507+0000] {logging_mixin.py:137} INFO - [2023-04-27T05:05:18.507+0000] {dagbag.py:532} INFO - Filling up the DagBag from /home/airflow/.local/lib/python3.7/site-packages/airflow/example_dags/example_nested_branch_dag.py
[2023-04-27T05:05:18.526+0000] {processor.py:753} INFO - DAG(s) dict_keys(['example_nested_branch_dag']) retrieved from /home/airflow/.local/lib/python3.7/site-packages/airflow/example_dags/example_nested_branch_dag.py
[2023-04-27T05:05:18.549+0000] {logging_mixin.py:137} INFO - [2023-04-27T05:05:18.549+0000] {dag.py:2705} INFO - Sync 1 DAGs
[2023-04-27T05:05:18.572+0000] {logging_mixin.py:137} INFO - [2023-04-27T05:05:18.572+0000] {dag.py:3456} INFO - Setting next_dagrun for example_nested_branch_dag to 2023-04-26T00:00:00+00:00, run_after=2023-04-27T00:00:00+00:00
[2023-04-27T05:05:18.588+0000] {processor.py:175} INFO - Processing /home/airflow/.local/lib/python3.7/site-packages/airflow/example_dags/example_nested_branch_dag.py took 0.084 seconds
[2023-04-27T05:05:48.704+0000] {processor.py:153} INFO - Started process (PID=703) to work on /home/airflow/.local/lib/python3.7/site-packages/airflow/example_dags/example_nested_branch_dag.py
[2023-04-27T05:05:48.705+0000] {processor.py:743} INFO - Processing file /home/airflow/.local/lib/python3.7/site-packages/airflow/example_dags/example_nested_branch_dag.py for tasks to queue
[2023-04-27T05:05:48.705+0000] {logging_mixin.py:137} INFO - [2023-04-27T05:05:48.705+0000] {dagbag.py:532} INFO - Filling up the DagBag from /home/airflow/.local/lib/python3.7/site-packages/airflow/example_dags/example_nested_branch_dag.py
[2023-04-27T05:05:48.723+0000] {processor.py:753} INFO - DAG(s) dict_keys(['example_nested_branch_dag']) retrieved from /home/airflow/.local/lib/python3.7/site-packages/airflow/example_dags/example_nested_branch_dag.py
[2023-04-27T05:05:48.745+0000] {logging_mixin.py:137} INFO - [2023-04-27T05:05:48.745+0000] {dag.py:2705} INFO - Sync 1 DAGs
[2023-04-27T05:05:48.765+0000] {logging_mixin.py:137} INFO - [2023-04-27T05:05:48.765+0000] {dag.py:3456} INFO - Setting next_dagrun for example_nested_branch_dag to 2023-04-26T00:00:00+00:00, run_after=2023-04-27T00:00:00+00:00
[2023-04-27T05:05:48.781+0000] {processor.py:175} INFO - Processing /home/airflow/.local/lib/python3.7/site-packages/airflow/example_dags/example_nested_branch_dag.py took 0.079 seconds
[2023-04-27T05:06:18.945+0000] {processor.py:153} INFO - Started process (PID=753) to work on /home/airflow/.local/lib/python3.7/site-packages/airflow/example_dags/example_nested_branch_dag.py
[2023-04-27T05:06:18.946+0000] {processor.py:743} INFO - Processing file /home/airflow/.local/lib/python3.7/site-packages/airflow/example_dags/example_nested_branch_dag.py for tasks to queue
[2023-04-27T05:06:18.946+0000] {logging_mixin.py:137} INFO - [2023-04-27T05:06:18.946+0000] {dagbag.py:532} INFO - Filling up the DagBag from /home/airflow/.local/lib/python3.7/site-packages/airflow/example_dags/example_nested_branch_dag.py
[2023-04-27T05:06:18.966+0000] {processor.py:753} INFO - DAG(s) dict_keys(['example_nested_branch_dag']) retrieved from /home/airflow/.local/lib/python3.7/site-packages/airflow/example_dags/example_nested_branch_dag.py
[2023-04-27T05:06:18.986+0000] {logging_mixin.py:137} INFO - [2023-04-27T05:06:18.986+0000] {dag.py:2705} INFO - Sync 1 DAGs
[2023-04-27T05:06:19.006+0000] {logging_mixin.py:137} INFO - [2023-04-27T05:06:19.006+0000] {dag.py:3456} INFO - Setting next_dagrun for example_nested_branch_dag to 2023-04-26T00:00:00+00:00, run_after=2023-04-27T00:00:00+00:00
[2023-04-27T05:06:19.021+0000] {processor.py:175} INFO - Processing /home/airflow/.local/lib/python3.7/site-packages/airflow/example_dags/example_nested_branch_dag.py took 0.078 seconds
[2023-04-27T05:06:49.189+0000] {processor.py:153} INFO - Started process (PID=803) to work on /home/airflow/.local/lib/python3.7/site-packages/airflow/example_dags/example_nested_branch_dag.py
[2023-04-27T05:06:49.189+0000] {processor.py:743} INFO - Processing file /home/airflow/.local/lib/python3.7/site-packages/airflow/example_dags/example_nested_branch_dag.py for tasks to queue
[2023-04-27T05:06:49.189+0000] {logging_mixin.py:137} INFO - [2023-04-27T05:06:49.189+0000] {dagbag.py:532} INFO - Filling up the DagBag from /home/airflow/.local/lib/python3.7/site-packages/airflow/example_dags/example_nested_branch_dag.py
[2023-04-27T05:06:49.208+0000] {processor.py:753} INFO - DAG(s) dict_keys(['example_nested_branch_dag']) retrieved from /home/airflow/.local/lib/python3.7/site-packages/airflow/example_dags/example_nested_branch_dag.py
[2023-04-27T05:06:49.228+0000] {logging_mixin.py:137} INFO - [2023-04-27T05:06:49.228+0000] {dag.py:2705} INFO - Sync 1 DAGs
[2023-04-27T05:06:49.248+0000] {logging_mixin.py:137} INFO - [2023-04-27T05:06:49.248+0000] {dag.py:3456} INFO - Setting next_dagrun for example_nested_branch_dag to 2023-04-26T00:00:00+00:00, run_after=2023-04-27T00:00:00+00:00
[2023-04-27T05:06:49.264+0000] {processor.py:175} INFO - Processing /home/airflow/.local/lib/python3.7/site-packages/airflow/example_dags/example_nested_branch_dag.py took 0.078 seconds
[2023-04-27T05:07:19.440+0000] {processor.py:153} INFO - Started process (PID=853) to work on /home/airflow/.local/lib/python3.7/site-packages/airflow/example_dags/example_nested_branch_dag.py
[2023-04-27T05:07:19.440+0000] {processor.py:743} INFO - Processing file /home/airflow/.local/lib/python3.7/site-packages/airflow/example_dags/example_nested_branch_dag.py for tasks to queue
[2023-04-27T05:07:19.440+0000] {logging_mixin.py:137} INFO - [2023-04-27T05:07:19.440+0000] {dagbag.py:532} INFO - Filling up the DagBag from /home/airflow/.local/lib/python3.7/site-packages/airflow/example_dags/example_nested_branch_dag.py
[2023-04-27T05:07:19.456+0000] {processor.py:753} INFO - DAG(s) dict_keys(['example_nested_branch_dag']) retrieved from /home/airflow/.local/lib/python3.7/site-packages/airflow/example_dags/example_nested_branch_dag.py
[2023-04-27T05:07:19.471+0000] {logging_mixin.py:137} INFO - [2023-04-27T05:07:19.471+0000] {dag.py:2705} INFO - Sync 1 DAGs
[2023-04-27T05:07:19.487+0000] {logging_mixin.py:137} INFO - [2023-04-27T05:07:19.487+0000] {dag.py:3456} INFO - Setting next_dagrun for example_nested_branch_dag to 2023-04-26T00:00:00+00:00, run_after=2023-04-27T00:00:00+00:00
[2023-04-27T05:07:19.503+0000] {processor.py:175} INFO - Processing /home/airflow/.local/lib/python3.7/site-packages/airflow/example_dags/example_nested_branch_dag.py took 0.065 seconds
[2023-04-27T05:07:49.566+0000] {processor.py:153} INFO - Started process (PID=903) to work on /home/airflow/.local/lib/python3.7/site-packages/airflow/example_dags/example_nested_branch_dag.py
[2023-04-27T05:07:49.566+0000] {processor.py:743} INFO - Processing file /home/airflow/.local/lib/python3.7/site-packages/airflow/example_dags/example_nested_branch_dag.py for tasks to queue
[2023-04-27T05:07:49.567+0000] {logging_mixin.py:137} INFO - [2023-04-27T05:07:49.566+0000] {dagbag.py:532} INFO - Filling up the DagBag from /home/airflow/.local/lib/python3.7/site-packages/airflow/example_dags/example_nested_branch_dag.py
[2023-04-27T05:07:49.581+0000] {processor.py:753} INFO - DAG(s) dict_keys(['example_nested_branch_dag']) retrieved from /home/airflow/.local/lib/python3.7/site-packages/airflow/example_dags/example_nested_branch_dag.py
[2023-04-27T05:07:49.599+0000] {logging_mixin.py:137} INFO - [2023-04-27T05:07:49.599+0000] {dag.py:2705} INFO - Sync 1 DAGs
[2023-04-27T05:07:49.615+0000] {logging_mixin.py:137} INFO - [2023-04-27T05:07:49.615+0000] {dag.py:3456} INFO - Setting next_dagrun for example_nested_branch_dag to 2023-04-26T00:00:00+00:00, run_after=2023-04-27T00:00:00+00:00
[2023-04-27T05:07:49.628+0000] {processor.py:175} INFO - Processing /home/airflow/.local/lib/python3.7/site-packages/airflow/example_dags/example_nested_branch_dag.py took 0.064 seconds
[2023-04-27T05:08:19.777+0000] {processor.py:153} INFO - Started process (PID=953) to work on /home/airflow/.local/lib/python3.7/site-packages/airflow/example_dags/example_nested_branch_dag.py
[2023-04-27T05:08:19.778+0000] {processor.py:743} INFO - Processing file /home/airflow/.local/lib/python3.7/site-packages/airflow/example_dags/example_nested_branch_dag.py for tasks to queue
[2023-04-27T05:08:19.778+0000] {logging_mixin.py:137} INFO - [2023-04-27T05:08:19.778+0000] {dagbag.py:532} INFO - Filling up the DagBag from /home/airflow/.local/lib/python3.7/site-packages/airflow/example_dags/example_nested_branch_dag.py
[2023-04-27T05:08:19.796+0000] {processor.py:753} INFO - DAG(s) dict_keys(['example_nested_branch_dag']) retrieved from /home/airflow/.local/lib/python3.7/site-packages/airflow/example_dags/example_nested_branch_dag.py
[2023-04-27T05:08:19.815+0000] {logging_mixin.py:137} INFO - [2023-04-27T05:08:19.815+0000] {dag.py:2705} INFO - Sync 1 DAGs
[2023-04-27T05:08:19.833+0000] {logging_mixin.py:137} INFO - [2023-04-27T05:08:19.833+0000] {dag.py:3456} INFO - Setting next_dagrun for example_nested_branch_dag to 2023-04-26T00:00:00+00:00, run_after=2023-04-27T00:00:00+00:00
[2023-04-27T05:08:19.848+0000] {processor.py:175} INFO - Processing /home/airflow/.local/lib/python3.7/site-packages/airflow/example_dags/example_nested_branch_dag.py took 0.073 seconds
[2023-04-27T05:08:49.970+0000] {processor.py:153} INFO - Started process (PID=1003) to work on /home/airflow/.local/lib/python3.7/site-packages/airflow/example_dags/example_nested_branch_dag.py
[2023-04-27T05:08:49.971+0000] {processor.py:743} INFO - Processing file /home/airflow/.local/lib/python3.7/site-packages/airflow/example_dags/example_nested_branch_dag.py for tasks to queue
[2023-04-27T05:08:49.971+0000] {logging_mixin.py:137} INFO - [2023-04-27T05:08:49.971+0000] {dagbag.py:532} INFO - Filling up the DagBag from /home/airflow/.local/lib/python3.7/site-packages/airflow/example_dags/example_nested_branch_dag.py
[2023-04-27T05:08:49.988+0000] {processor.py:753} INFO - DAG(s) dict_keys(['example_nested_branch_dag']) retrieved from /home/airflow/.local/lib/python3.7/site-packages/airflow/example_dags/example_nested_branch_dag.py
[2023-04-27T05:08:50.007+0000] {logging_mixin.py:137} INFO - [2023-04-27T05:08:50.007+0000] {dag.py:2705} INFO - Sync 1 DAGs
[2023-04-27T05:08:50.026+0000] {logging_mixin.py:137} INFO - [2023-04-27T05:08:50.025+0000] {dag.py:3456} INFO - Setting next_dagrun for example_nested_branch_dag to 2023-04-26T00:00:00+00:00, run_after=2023-04-27T00:00:00+00:00
[2023-04-27T05:08:50.040+0000] {processor.py:175} INFO - Processing /home/airflow/.local/lib/python3.7/site-packages/airflow/example_dags/example_nested_branch_dag.py took 0.072 seconds
[2023-04-27T05:09:20.238+0000] {processor.py:153} INFO - Started process (PID=1053) to work on /home/airflow/.local/lib/python3.7/site-packages/airflow/example_dags/example_nested_branch_dag.py
[2023-04-27T05:09:20.239+0000] {processor.py:743} INFO - Processing file /home/airflow/.local/lib/python3.7/site-packages/airflow/example_dags/example_nested_branch_dag.py for tasks to queue
[2023-04-27T05:09:20.239+0000] {logging_mixin.py:137} INFO - [2023-04-27T05:09:20.239+0000] {dagbag.py:532} INFO - Filling up the DagBag from /home/airflow/.local/lib/python3.7/site-packages/airflow/example_dags/example_nested_branch_dag.py
[2023-04-27T05:09:20.257+0000] {processor.py:753} INFO - DAG(s) dict_keys(['example_nested_branch_dag']) retrieved from /home/airflow/.local/lib/python3.7/site-packages/airflow/example_dags/example_nested_branch_dag.py
[2023-04-27T05:09:20.276+0000] {logging_mixin.py:137} INFO - [2023-04-27T05:09:20.275+0000] {dag.py:2705} INFO - Sync 1 DAGs
[2023-04-27T05:09:20.293+0000] {logging_mixin.py:137} INFO - [2023-04-27T05:09:20.293+0000] {dag.py:3456} INFO - Setting next_dagrun for example_nested_branch_dag to 2023-04-26T00:00:00+00:00, run_after=2023-04-27T00:00:00+00:00
[2023-04-27T05:09:20.308+0000] {processor.py:175} INFO - Processing /home/airflow/.local/lib/python3.7/site-packages/airflow/example_dags/example_nested_branch_dag.py took 0.072 seconds
[2023-04-27T05:09:50.538+0000] {processor.py:153} INFO - Started process (PID=1103) to work on /home/airflow/.local/lib/python3.7/site-packages/airflow/example_dags/example_nested_branch_dag.py
[2023-04-27T05:09:50.538+0000] {processor.py:743} INFO - Processing file /home/airflow/.local/lib/python3.7/site-packages/airflow/example_dags/example_nested_branch_dag.py for tasks to queue
[2023-04-27T05:09:50.539+0000] {logging_mixin.py:137} INFO - [2023-04-27T05:09:50.539+0000] {dagbag.py:532} INFO - Filling up the DagBag from /home/airflow/.local/lib/python3.7/site-packages/airflow/example_dags/example_nested_branch_dag.py
[2023-04-27T05:09:50.556+0000] {processor.py:753} INFO - DAG(s) dict_keys(['example_nested_branch_dag']) retrieved from /home/airflow/.local/lib/python3.7/site-packages/airflow/example_dags/example_nested_branch_dag.py
[2023-04-27T05:09:50.575+0000] {logging_mixin.py:137} INFO - [2023-04-27T05:09:50.574+0000] {dag.py:2705} INFO - Sync 1 DAGs
[2023-04-27T05:09:50.593+0000] {logging_mixin.py:137} INFO - [2023-04-27T05:09:50.593+0000] {dag.py:3456} INFO - Setting next_dagrun for example_nested_branch_dag to 2023-04-26T00:00:00+00:00, run_after=2023-04-27T00:00:00+00:00
[2023-04-27T05:09:50.608+0000] {processor.py:175} INFO - Processing /home/airflow/.local/lib/python3.7/site-packages/airflow/example_dags/example_nested_branch_dag.py took 0.073 seconds
[2023-04-27T05:10:20.698+0000] {processor.py:153} INFO - Started process (PID=1153) to work on /home/airflow/.local/lib/python3.7/site-packages/airflow/example_dags/example_nested_branch_dag.py
[2023-04-27T05:10:20.699+0000] {processor.py:743} INFO - Processing file /home/airflow/.local/lib/python3.7/site-packages/airflow/example_dags/example_nested_branch_dag.py for tasks to queue
[2023-04-27T05:10:20.699+0000] {logging_mixin.py:137} INFO - [2023-04-27T05:10:20.699+0000] {dagbag.py:532} INFO - Filling up the DagBag from /home/airflow/.local/lib/python3.7/site-packages/airflow/example_dags/example_nested_branch_dag.py
[2023-04-27T05:10:20.716+0000] {processor.py:753} INFO - DAG(s) dict_keys(['example_nested_branch_dag']) retrieved from /home/airflow/.local/lib/python3.7/site-packages/airflow/example_dags/example_nested_branch_dag.py
[2023-04-27T05:10:20.735+0000] {logging_mixin.py:137} INFO - [2023-04-27T05:10:20.735+0000] {dag.py:2705} INFO - Sync 1 DAGs
[2023-04-27T05:10:20.753+0000] {logging_mixin.py:137} INFO - [2023-04-27T05:10:20.753+0000] {dag.py:3456} INFO - Setting next_dagrun for example_nested_branch_dag to 2023-04-26T00:00:00+00:00, run_after=2023-04-27T00:00:00+00:00
[2023-04-27T05:10:20.769+0000] {processor.py:175} INFO - Processing /home/airflow/.local/lib/python3.7/site-packages/airflow/example_dags/example_nested_branch_dag.py took 0.073 seconds
[2023-04-27T05:10:50.911+0000] {processor.py:153} INFO - Started process (PID=1202) to work on /home/airflow/.local/lib/python3.7/site-packages/airflow/example_dags/example_nested_branch_dag.py
[2023-04-27T05:10:50.912+0000] {processor.py:743} INFO - Processing file /home/airflow/.local/lib/python3.7/site-packages/airflow/example_dags/example_nested_branch_dag.py for tasks to queue
[2023-04-27T05:10:50.912+0000] {logging_mixin.py:137} INFO - [2023-04-27T05:10:50.912+0000] {dagbag.py:532} INFO - Filling up the DagBag from /home/airflow/.local/lib/python3.7/site-packages/airflow/example_dags/example_nested_branch_dag.py
[2023-04-27T05:10:50.930+0000] {processor.py:753} INFO - DAG(s) dict_keys(['example_nested_branch_dag']) retrieved from /home/airflow/.local/lib/python3.7/site-packages/airflow/example_dags/example_nested_branch_dag.py
[2023-04-27T05:10:50.948+0000] {logging_mixin.py:137} INFO - [2023-04-27T05:10:50.948+0000] {dag.py:2705} INFO - Sync 1 DAGs
[2023-04-27T05:10:50.967+0000] {logging_mixin.py:137} INFO - [2023-04-27T05:10:50.967+0000] {dag.py:3456} INFO - Setting next_dagrun for example_nested_branch_dag to 2023-04-26T00:00:00+00:00, run_after=2023-04-27T00:00:00+00:00
[2023-04-27T05:10:50.982+0000] {processor.py:175} INFO - Processing /home/airflow/.local/lib/python3.7/site-packages/airflow/example_dags/example_nested_branch_dag.py took 0.073 seconds
[2023-04-27T05:11:21.182+0000] {processor.py:153} INFO - Started process (PID=1252) to work on /home/airflow/.local/lib/python3.7/site-packages/airflow/example_dags/example_nested_branch_dag.py
[2023-04-27T05:11:21.183+0000] {processor.py:743} INFO - Processing file /home/airflow/.local/lib/python3.7/site-packages/airflow/example_dags/example_nested_branch_dag.py for tasks to queue
[2023-04-27T05:11:21.183+0000] {logging_mixin.py:137} INFO - [2023-04-27T05:11:21.183+0000] {dagbag.py:532} INFO - Filling up the DagBag from /home/airflow/.local/lib/python3.7/site-packages/airflow/example_dags/example_nested_branch_dag.py
[2023-04-27T05:11:21.200+0000] {processor.py:753} INFO - DAG(s) dict_keys(['example_nested_branch_dag']) retrieved from /home/airflow/.local/lib/python3.7/site-packages/airflow/example_dags/example_nested_branch_dag.py
[2023-04-27T05:11:21.220+0000] {logging_mixin.py:137} INFO - [2023-04-27T05:11:21.220+0000] {dag.py:2705} INFO - Sync 1 DAGs
[2023-04-27T05:11:21.238+0000] {logging_mixin.py:137} INFO - [2023-04-27T05:11:21.238+0000] {dag.py:3456} INFO - Setting next_dagrun for example_nested_branch_dag to 2023-04-26T00:00:00+00:00, run_after=2023-04-27T00:00:00+00:00
[2023-04-27T05:11:21.254+0000] {processor.py:175} INFO - Processing /home/airflow/.local/lib/python3.7/site-packages/airflow/example_dags/example_nested_branch_dag.py took 0.074 seconds
[2023-04-27T05:11:51.500+0000] {processor.py:153} INFO - Started process (PID=1302) to work on /home/airflow/.local/lib/python3.7/site-packages/airflow/example_dags/example_nested_branch_dag.py
[2023-04-27T05:11:51.500+0000] {processor.py:743} INFO - Processing file /home/airflow/.local/lib/python3.7/site-packages/airflow/example_dags/example_nested_branch_dag.py for tasks to queue
[2023-04-27T05:11:51.501+0000] {logging_mixin.py:137} INFO - [2023-04-27T05:11:51.501+0000] {dagbag.py:532} INFO - Filling up the DagBag from /home/airflow/.local/lib/python3.7/site-packages/airflow/example_dags/example_nested_branch_dag.py
[2023-04-27T05:11:51.515+0000] {processor.py:753} INFO - DAG(s) dict_keys(['example_nested_branch_dag']) retrieved from /home/airflow/.local/lib/python3.7/site-packages/airflow/example_dags/example_nested_branch_dag.py
[2023-04-27T05:11:51.530+0000] {logging_mixin.py:137} INFO - [2023-04-27T05:11:51.530+0000] {dag.py:2705} INFO - Sync 1 DAGs
[2023-04-27T05:11:51.545+0000] {logging_mixin.py:137} INFO - [2023-04-27T05:11:51.545+0000] {dag.py:3456} INFO - Setting next_dagrun for example_nested_branch_dag to 2023-04-26T00:00:00+00:00, run_after=2023-04-27T00:00:00+00:00
[2023-04-27T05:11:51.557+0000] {processor.py:175} INFO - Processing /home/airflow/.local/lib/python3.7/site-packages/airflow/example_dags/example_nested_branch_dag.py took 0.059 seconds
[2023-04-27T05:12:21.691+0000] {processor.py:153} INFO - Started process (PID=1352) to work on /home/airflow/.local/lib/python3.7/site-packages/airflow/example_dags/example_nested_branch_dag.py
[2023-04-27T05:12:21.691+0000] {processor.py:743} INFO - Processing file /home/airflow/.local/lib/python3.7/site-packages/airflow/example_dags/example_nested_branch_dag.py for tasks to queue
[2023-04-27T05:12:21.692+0000] {logging_mixin.py:137} INFO - [2023-04-27T05:12:21.692+0000] {dagbag.py:532} INFO - Filling up the DagBag from /home/airflow/.local/lib/python3.7/site-packages/airflow/example_dags/example_nested_branch_dag.py
[2023-04-27T05:12:21.709+0000] {processor.py:753} INFO - DAG(s) dict_keys(['example_nested_branch_dag']) retrieved from /home/airflow/.local/lib/python3.7/site-packages/airflow/example_dags/example_nested_branch_dag.py
[2023-04-27T05:12:21.728+0000] {logging_mixin.py:137} INFO - [2023-04-27T05:12:21.728+0000] {dag.py:2705} INFO - Sync 1 DAGs
[2023-04-27T05:12:21.747+0000] {logging_mixin.py:137} INFO - [2023-04-27T05:12:21.747+0000] {dag.py:3456} INFO - Setting next_dagrun for example_nested_branch_dag to 2023-04-26T00:00:00+00:00, run_after=2023-04-27T00:00:00+00:00
[2023-04-27T05:12:21.762+0000] {processor.py:175} INFO - Processing /home/airflow/.local/lib/python3.7/site-packages/airflow/example_dags/example_nested_branch_dag.py took 0.073 seconds
[2023-04-27T05:12:51.885+0000] {processor.py:153} INFO - Started process (PID=1402) to work on /home/airflow/.local/lib/python3.7/site-packages/airflow/example_dags/example_nested_branch_dag.py
[2023-04-27T05:12:51.885+0000] {processor.py:743} INFO - Processing file /home/airflow/.local/lib/python3.7/site-packages/airflow/example_dags/example_nested_branch_dag.py for tasks to queue
[2023-04-27T05:12:51.886+0000] {logging_mixin.py:137} INFO - [2023-04-27T05:12:51.886+0000] {dagbag.py:532} INFO - Filling up the DagBag from /home/airflow/.local/lib/python3.7/site-packages/airflow/example_dags/example_nested_branch_dag.py
[2023-04-27T05:12:51.908+0000] {processor.py:753} INFO - DAG(s) dict_keys(['example_nested_branch_dag']) retrieved from /home/airflow/.local/lib/python3.7/site-packages/airflow/example_dags/example_nested_branch_dag.py
[2023-04-27T05:12:51.930+0000] {logging_mixin.py:137} INFO - [2023-04-27T05:12:51.930+0000] {dag.py:2705} INFO - Sync 1 DAGs
[2023-04-27T05:12:51.949+0000] {logging_mixin.py:137} INFO - [2023-04-27T05:12:51.949+0000] {dag.py:3456} INFO - Setting next_dagrun for example_nested_branch_dag to 2023-04-26T00:00:00+00:00, run_after=2023-04-27T00:00:00+00:00
[2023-04-27T05:12:51.964+0000] {processor.py:175} INFO - Processing /home/airflow/.local/lib/python3.7/site-packages/airflow/example_dags/example_nested_branch_dag.py took 0.081 seconds
[2023-04-27T05:13:22.215+0000] {processor.py:153} INFO - Started process (PID=1452) to work on /home/airflow/.local/lib/python3.7/site-packages/airflow/example_dags/example_nested_branch_dag.py
[2023-04-27T05:13:22.216+0000] {processor.py:743} INFO - Processing file /home/airflow/.local/lib/python3.7/site-packages/airflow/example_dags/example_nested_branch_dag.py for tasks to queue
[2023-04-27T05:13:22.216+0000] {logging_mixin.py:137} INFO - [2023-04-27T05:13:22.216+0000] {dagbag.py:532} INFO - Filling up the DagBag from /home/airflow/.local/lib/python3.7/site-packages/airflow/example_dags/example_nested_branch_dag.py
[2023-04-27T05:13:22.237+0000] {processor.py:753} INFO - DAG(s) dict_keys(['example_nested_branch_dag']) retrieved from /home/airflow/.local/lib/python3.7/site-packages/airflow/example_dags/example_nested_branch_dag.py
[2023-04-27T05:13:22.259+0000] {logging_mixin.py:137} INFO - [2023-04-27T05:13:22.259+0000] {dag.py:2705} INFO - Sync 1 DAGs
[2023-04-27T05:13:22.282+0000] {logging_mixin.py:137} INFO - [2023-04-27T05:13:22.282+0000] {dag.py:3456} INFO - Setting next_dagrun for example_nested_branch_dag to 2023-04-26T00:00:00+00:00, run_after=2023-04-27T00:00:00+00:00
[2023-04-27T05:13:22.300+0000] {processor.py:175} INFO - Processing /home/airflow/.local/lib/python3.7/site-packages/airflow/example_dags/example_nested_branch_dag.py took 0.087 seconds
[2023-04-27T05:13:52.355+0000] {processor.py:153} INFO - Started process (PID=1502) to work on /home/airflow/.local/lib/python3.7/site-packages/airflow/example_dags/example_nested_branch_dag.py
[2023-04-27T05:13:52.356+0000] {processor.py:743} INFO - Processing file /home/airflow/.local/lib/python3.7/site-packages/airflow/example_dags/example_nested_branch_dag.py for tasks to queue
[2023-04-27T05:13:52.356+0000] {logging_mixin.py:137} INFO - [2023-04-27T05:13:52.356+0000] {dagbag.py:532} INFO - Filling up the DagBag from /home/airflow/.local/lib/python3.7/site-packages/airflow/example_dags/example_nested_branch_dag.py
[2023-04-27T05:13:52.374+0000] {processor.py:753} INFO - DAG(s) dict_keys(['example_nested_branch_dag']) retrieved from /home/airflow/.local/lib/python3.7/site-packages/airflow/example_dags/example_nested_branch_dag.py
[2023-04-27T05:13:52.392+0000] {logging_mixin.py:137} INFO - [2023-04-27T05:13:52.392+0000] {dag.py:2705} INFO - Sync 1 DAGs
[2023-04-27T05:13:52.410+0000] {logging_mixin.py:137} INFO - [2023-04-27T05:13:52.410+0000] {dag.py:3456} INFO - Setting next_dagrun for example_nested_branch_dag to 2023-04-26T00:00:00+00:00, run_after=2023-04-27T00:00:00+00:00
[2023-04-27T05:13:52.426+0000] {processor.py:175} INFO - Processing /home/airflow/.local/lib/python3.7/site-packages/airflow/example_dags/example_nested_branch_dag.py took 0.072 seconds
[2023-04-27T05:14:22.604+0000] {processor.py:153} INFO - Started process (PID=1552) to work on /home/airflow/.local/lib/python3.7/site-packages/airflow/example_dags/example_nested_branch_dag.py
[2023-04-27T05:14:22.604+0000] {processor.py:743} INFO - Processing file /home/airflow/.local/lib/python3.7/site-packages/airflow/example_dags/example_nested_branch_dag.py for tasks to queue
[2023-04-27T05:14:22.605+0000] {logging_mixin.py:137} INFO - [2023-04-27T05:14:22.605+0000] {dagbag.py:532} INFO - Filling up the DagBag from /home/airflow/.local/lib/python3.7/site-packages/airflow/example_dags/example_nested_branch_dag.py
[2023-04-27T05:14:22.622+0000] {processor.py:753} INFO - DAG(s) dict_keys(['example_nested_branch_dag']) retrieved from /home/airflow/.local/lib/python3.7/site-packages/airflow/example_dags/example_nested_branch_dag.py
[2023-04-27T05:14:22.641+0000] {logging_mixin.py:137} INFO - [2023-04-27T05:14:22.641+0000] {dag.py:2705} INFO - Sync 1 DAGs
[2023-04-27T05:14:22.660+0000] {logging_mixin.py:137} INFO - [2023-04-27T05:14:22.659+0000] {dag.py:3456} INFO - Setting next_dagrun for example_nested_branch_dag to 2023-04-26T00:00:00+00:00, run_after=2023-04-27T00:00:00+00:00
[2023-04-27T05:14:22.674+0000] {processor.py:175} INFO - Processing /home/airflow/.local/lib/python3.7/site-packages/airflow/example_dags/example_nested_branch_dag.py took 0.072 seconds
[2023-04-27T05:14:52.884+0000] {processor.py:153} INFO - Started process (PID=1601) to work on /home/airflow/.local/lib/python3.7/site-packages/airflow/example_dags/example_nested_branch_dag.py
[2023-04-27T05:14:52.885+0000] {processor.py:743} INFO - Processing file /home/airflow/.local/lib/python3.7/site-packages/airflow/example_dags/example_nested_branch_dag.py for tasks to queue
[2023-04-27T05:14:52.885+0000] {logging_mixin.py:137} INFO - [2023-04-27T05:14:52.885+0000] {dagbag.py:532} INFO - Filling up the DagBag from /home/airflow/.local/lib/python3.7/site-packages/airflow/example_dags/example_nested_branch_dag.py
[2023-04-27T05:14:52.905+0000] {processor.py:753} INFO - DAG(s) dict_keys(['example_nested_branch_dag']) retrieved from /home/airflow/.local/lib/python3.7/site-packages/airflow/example_dags/example_nested_branch_dag.py
[2023-04-27T05:14:52.928+0000] {logging_mixin.py:137} INFO - [2023-04-27T05:14:52.927+0000] {dag.py:2705} INFO - Sync 1 DAGs
[2023-04-27T05:14:52.949+0000] {logging_mixin.py:137} INFO - [2023-04-27T05:14:52.949+0000] {dag.py:3456} INFO - Setting next_dagrun for example_nested_branch_dag to 2023-04-26T00:00:00+00:00, run_after=2023-04-27T00:00:00+00:00
[2023-04-27T05:14:52.967+0000] {processor.py:175} INFO - Processing /home/airflow/.local/lib/python3.7/site-packages/airflow/example_dags/example_nested_branch_dag.py took 0.085 seconds
