[2023-04-27T04:59:14.440+0000] {processor.py:153} INFO - Started process (PID=57) to work on /home/airflow/.local/lib/python3.7/site-packages/airflow/example_dags/example_branch_python_dop_operator_3.py
[2023-04-27T04:59:14.440+0000] {processor.py:743} INFO - Processing file /home/airflow/.local/lib/python3.7/site-packages/airflow/example_dags/example_branch_python_dop_operator_3.py for tasks to queue
[2023-04-27T04:59:14.440+0000] {logging_mixin.py:137} INFO - [2023-04-27T04:59:14.440+0000] {dagbag.py:532} INFO - Filling up the DagBag from /home/airflow/.local/lib/python3.7/site-packages/airflow/example_dags/example_branch_python_dop_operator_3.py
[2023-04-27T04:59:14.463+0000] {processor.py:753} INFO - DAG(s) dict_keys(['example_branch_dop_operator_v3']) retrieved from /home/airflow/.local/lib/python3.7/site-packages/airflow/example_dags/example_branch_python_dop_operator_3.py
[2023-04-27T04:59:14.472+0000] {logging_mixin.py:137} INFO - [2023-04-27T04:59:14.472+0000] {dag.py:2705} INFO - Sync 1 DAGs
[2023-04-27T04:59:14.500+0000] {logging_mixin.py:137} INFO - [2023-04-27T04:59:14.500+0000] {dag.py:3456} INFO - Setting next_dagrun for example_branch_dop_operator_v3 to 2023-04-27T04:58:00+00:00, run_after=2023-04-27T04:59:00+00:00
[2023-04-27T04:59:14.520+0000] {processor.py:175} INFO - Processing /home/airflow/.local/lib/python3.7/site-packages/airflow/example_dags/example_branch_python_dop_operator_3.py took 0.083 seconds
[2023-04-27T04:59:45.157+0000] {processor.py:153} INFO - Started process (PID=106) to work on /home/airflow/.local/lib/python3.7/site-packages/airflow/example_dags/example_branch_python_dop_operator_3.py
[2023-04-27T04:59:45.158+0000] {processor.py:743} INFO - Processing file /home/airflow/.local/lib/python3.7/site-packages/airflow/example_dags/example_branch_python_dop_operator_3.py for tasks to queue
[2023-04-27T04:59:45.158+0000] {logging_mixin.py:137} INFO - [2023-04-27T04:59:45.158+0000] {dagbag.py:532} INFO - Filling up the DagBag from /home/airflow/.local/lib/python3.7/site-packages/airflow/example_dags/example_branch_python_dop_operator_3.py
[2023-04-27T04:59:45.175+0000] {processor.py:753} INFO - DAG(s) dict_keys(['example_branch_dop_operator_v3']) retrieved from /home/airflow/.local/lib/python3.7/site-packages/airflow/example_dags/example_branch_python_dop_operator_3.py
[2023-04-27T04:59:45.193+0000] {logging_mixin.py:137} INFO - [2023-04-27T04:59:45.193+0000] {dag.py:2705} INFO - Sync 1 DAGs
[2023-04-27T04:59:45.216+0000] {logging_mixin.py:137} INFO - [2023-04-27T04:59:45.216+0000] {dag.py:3456} INFO - Setting next_dagrun for example_branch_dop_operator_v3 to 2023-04-27T04:58:00+00:00, run_after=2023-04-27T04:59:00+00:00
[2023-04-27T04:59:45.231+0000] {processor.py:175} INFO - Processing /home/airflow/.local/lib/python3.7/site-packages/airflow/example_dags/example_branch_python_dop_operator_3.py took 0.076 seconds
[2023-04-27T05:00:15.336+0000] {processor.py:153} INFO - Started process (PID=156) to work on /home/airflow/.local/lib/python3.7/site-packages/airflow/example_dags/example_branch_python_dop_operator_3.py
[2023-04-27T05:00:15.336+0000] {processor.py:743} INFO - Processing file /home/airflow/.local/lib/python3.7/site-packages/airflow/example_dags/example_branch_python_dop_operator_3.py for tasks to queue
[2023-04-27T05:00:15.337+0000] {logging_mixin.py:137} INFO - [2023-04-27T05:00:15.337+0000] {dagbag.py:532} INFO - Filling up the DagBag from /home/airflow/.local/lib/python3.7/site-packages/airflow/example_dags/example_branch_python_dop_operator_3.py
[2023-04-27T05:00:15.353+0000] {processor.py:753} INFO - DAG(s) dict_keys(['example_branch_dop_operator_v3']) retrieved from /home/airflow/.local/lib/python3.7/site-packages/airflow/example_dags/example_branch_python_dop_operator_3.py
[2023-04-27T05:00:15.373+0000] {logging_mixin.py:137} INFO - [2023-04-27T05:00:15.373+0000] {dag.py:2705} INFO - Sync 1 DAGs
[2023-04-27T05:00:15.395+0000] {logging_mixin.py:137} INFO - [2023-04-27T05:00:15.395+0000] {dag.py:3456} INFO - Setting next_dagrun for example_branch_dop_operator_v3 to 2023-04-27T04:59:00+00:00, run_after=2023-04-27T05:00:00+00:00
[2023-04-27T05:00:15.411+0000] {processor.py:175} INFO - Processing /home/airflow/.local/lib/python3.7/site-packages/airflow/example_dags/example_branch_python_dop_operator_3.py took 0.078 seconds
[2023-04-27T05:00:45.609+0000] {processor.py:153} INFO - Started process (PID=206) to work on /home/airflow/.local/lib/python3.7/site-packages/airflow/example_dags/example_branch_python_dop_operator_3.py
[2023-04-27T05:00:45.610+0000] {processor.py:743} INFO - Processing file /home/airflow/.local/lib/python3.7/site-packages/airflow/example_dags/example_branch_python_dop_operator_3.py for tasks to queue
[2023-04-27T05:00:45.611+0000] {logging_mixin.py:137} INFO - [2023-04-27T05:00:45.611+0000] {dagbag.py:532} INFO - Filling up the DagBag from /home/airflow/.local/lib/python3.7/site-packages/airflow/example_dags/example_branch_python_dop_operator_3.py
[2023-04-27T05:00:45.634+0000] {processor.py:753} INFO - DAG(s) dict_keys(['example_branch_dop_operator_v3']) retrieved from /home/airflow/.local/lib/python3.7/site-packages/airflow/example_dags/example_branch_python_dop_operator_3.py
[2023-04-27T05:00:45.653+0000] {logging_mixin.py:137} INFO - [2023-04-27T05:00:45.652+0000] {dag.py:2705} INFO - Sync 1 DAGs
[2023-04-27T05:00:45.675+0000] {logging_mixin.py:137} INFO - [2023-04-27T05:00:45.675+0000] {dag.py:3456} INFO - Setting next_dagrun for example_branch_dop_operator_v3 to 2023-04-27T04:59:00+00:00, run_after=2023-04-27T05:00:00+00:00
[2023-04-27T05:00:45.690+0000] {processor.py:175} INFO - Processing /home/airflow/.local/lib/python3.7/site-packages/airflow/example_dags/example_branch_python_dop_operator_3.py took 0.084 seconds
[2023-04-27T05:01:15.766+0000] {processor.py:153} INFO - Started process (PID=256) to work on /home/airflow/.local/lib/python3.7/site-packages/airflow/example_dags/example_branch_python_dop_operator_3.py
[2023-04-27T05:01:15.766+0000] {processor.py:743} INFO - Processing file /home/airflow/.local/lib/python3.7/site-packages/airflow/example_dags/example_branch_python_dop_operator_3.py for tasks to queue
[2023-04-27T05:01:15.767+0000] {logging_mixin.py:137} INFO - [2023-04-27T05:01:15.767+0000] {dagbag.py:532} INFO - Filling up the DagBag from /home/airflow/.local/lib/python3.7/site-packages/airflow/example_dags/example_branch_python_dop_operator_3.py
[2023-04-27T05:01:15.784+0000] {processor.py:753} INFO - DAG(s) dict_keys(['example_branch_dop_operator_v3']) retrieved from /home/airflow/.local/lib/python3.7/site-packages/airflow/example_dags/example_branch_python_dop_operator_3.py
[2023-04-27T05:01:15.793+0000] {logging_mixin.py:137} INFO - [2023-04-27T05:01:15.793+0000] {dag.py:2705} INFO - Sync 1 DAGs
[2023-04-27T05:01:15.816+0000] {logging_mixin.py:137} INFO - [2023-04-27T05:01:15.816+0000] {dag.py:3456} INFO - Setting next_dagrun for example_branch_dop_operator_v3 to 2023-04-27T05:00:00+00:00, run_after=2023-04-27T05:01:00+00:00
[2023-04-27T05:01:15.832+0000] {processor.py:175} INFO - Processing /home/airflow/.local/lib/python3.7/site-packages/airflow/example_dags/example_branch_python_dop_operator_3.py took 0.069 seconds
[2023-04-27T05:01:46.057+0000] {processor.py:153} INFO - Started process (PID=305) to work on /home/airflow/.local/lib/python3.7/site-packages/airflow/example_dags/example_branch_python_dop_operator_3.py
[2023-04-27T05:01:46.057+0000] {processor.py:743} INFO - Processing file /home/airflow/.local/lib/python3.7/site-packages/airflow/example_dags/example_branch_python_dop_operator_3.py for tasks to queue
[2023-04-27T05:01:46.058+0000] {logging_mixin.py:137} INFO - [2023-04-27T05:01:46.058+0000] {dagbag.py:532} INFO - Filling up the DagBag from /home/airflow/.local/lib/python3.7/site-packages/airflow/example_dags/example_branch_python_dop_operator_3.py
[2023-04-27T05:01:46.076+0000] {processor.py:753} INFO - DAG(s) dict_keys(['example_branch_dop_operator_v3']) retrieved from /home/airflow/.local/lib/python3.7/site-packages/airflow/example_dags/example_branch_python_dop_operator_3.py
[2023-04-27T05:01:46.094+0000] {logging_mixin.py:137} INFO - [2023-04-27T05:01:46.094+0000] {dag.py:2705} INFO - Sync 1 DAGs
[2023-04-27T05:01:46.117+0000] {logging_mixin.py:137} INFO - [2023-04-27T05:01:46.117+0000] {dag.py:3456} INFO - Setting next_dagrun for example_branch_dop_operator_v3 to 2023-04-27T05:00:00+00:00, run_after=2023-04-27T05:01:00+00:00
[2023-04-27T05:01:46.134+0000] {processor.py:175} INFO - Processing /home/airflow/.local/lib/python3.7/site-packages/airflow/example_dags/example_branch_python_dop_operator_3.py took 0.080 seconds
[2023-04-27T05:02:16.234+0000] {processor.py:153} INFO - Started process (PID=355) to work on /home/airflow/.local/lib/python3.7/site-packages/airflow/example_dags/example_branch_python_dop_operator_3.py
[2023-04-27T05:02:16.234+0000] {processor.py:743} INFO - Processing file /home/airflow/.local/lib/python3.7/site-packages/airflow/example_dags/example_branch_python_dop_operator_3.py for tasks to queue
[2023-04-27T05:02:16.235+0000] {logging_mixin.py:137} INFO - [2023-04-27T05:02:16.235+0000] {dagbag.py:532} INFO - Filling up the DagBag from /home/airflow/.local/lib/python3.7/site-packages/airflow/example_dags/example_branch_python_dop_operator_3.py
[2023-04-27T05:02:16.255+0000] {processor.py:753} INFO - DAG(s) dict_keys(['example_branch_dop_operator_v3']) retrieved from /home/airflow/.local/lib/python3.7/site-packages/airflow/example_dags/example_branch_python_dop_operator_3.py
[2023-04-27T05:02:16.288+0000] {logging_mixin.py:137} INFO - [2023-04-27T05:02:16.287+0000] {dag.py:2705} INFO - Sync 1 DAGs
[2023-04-27T05:02:16.358+0000] {logging_mixin.py:137} INFO - [2023-04-27T05:02:16.358+0000] {dag.py:3456} INFO - Setting next_dagrun for example_branch_dop_operator_v3 to 2023-04-27T05:01:00+00:00, run_after=2023-04-27T05:02:00+00:00
[2023-04-27T05:02:16.395+0000] {processor.py:175} INFO - Processing /home/airflow/.local/lib/python3.7/site-packages/airflow/example_dags/example_branch_python_dop_operator_3.py took 0.164 seconds
[2023-04-27T05:02:46.746+0000] {processor.py:153} INFO - Started process (PID=405) to work on /home/airflow/.local/lib/python3.7/site-packages/airflow/example_dags/example_branch_python_dop_operator_3.py
[2023-04-27T05:02:46.746+0000] {processor.py:743} INFO - Processing file /home/airflow/.local/lib/python3.7/site-packages/airflow/example_dags/example_branch_python_dop_operator_3.py for tasks to queue
[2023-04-27T05:02:46.747+0000] {logging_mixin.py:137} INFO - [2023-04-27T05:02:46.747+0000] {dagbag.py:532} INFO - Filling up the DagBag from /home/airflow/.local/lib/python3.7/site-packages/airflow/example_dags/example_branch_python_dop_operator_3.py
[2023-04-27T05:02:46.766+0000] {processor.py:753} INFO - DAG(s) dict_keys(['example_branch_dop_operator_v3']) retrieved from /home/airflow/.local/lib/python3.7/site-packages/airflow/example_dags/example_branch_python_dop_operator_3.py
[2023-04-27T05:02:46.786+0000] {logging_mixin.py:137} INFO - [2023-04-27T05:02:46.786+0000] {dag.py:2705} INFO - Sync 1 DAGs
[2023-04-27T05:02:46.812+0000] {logging_mixin.py:137} INFO - [2023-04-27T05:02:46.811+0000] {dag.py:3456} INFO - Setting next_dagrun for example_branch_dop_operator_v3 to 2023-04-27T05:01:00+00:00, run_after=2023-04-27T05:02:00+00:00
[2023-04-27T05:02:46.828+0000] {processor.py:175} INFO - Processing /home/airflow/.local/lib/python3.7/site-packages/airflow/example_dags/example_branch_python_dop_operator_3.py took 0.084 seconds
[2023-04-27T05:03:17.359+0000] {processor.py:153} INFO - Started process (PID=455) to work on /home/airflow/.local/lib/python3.7/site-packages/airflow/example_dags/example_branch_python_dop_operator_3.py
[2023-04-27T05:03:17.360+0000] {processor.py:743} INFO - Processing file /home/airflow/.local/lib/python3.7/site-packages/airflow/example_dags/example_branch_python_dop_operator_3.py for tasks to queue
[2023-04-27T05:03:17.361+0000] {logging_mixin.py:137} INFO - [2023-04-27T05:03:17.361+0000] {dagbag.py:532} INFO - Filling up the DagBag from /home/airflow/.local/lib/python3.7/site-packages/airflow/example_dags/example_branch_python_dop_operator_3.py
[2023-04-27T05:03:17.378+0000] {processor.py:753} INFO - DAG(s) dict_keys(['example_branch_dop_operator_v3']) retrieved from /home/airflow/.local/lib/python3.7/site-packages/airflow/example_dags/example_branch_python_dop_operator_3.py
[2023-04-27T05:03:17.398+0000] {logging_mixin.py:137} INFO - [2023-04-27T05:03:17.397+0000] {dag.py:2705} INFO - Sync 1 DAGs
[2023-04-27T05:03:17.422+0000] {logging_mixin.py:137} INFO - [2023-04-27T05:03:17.422+0000] {dag.py:3456} INFO - Setting next_dagrun for example_branch_dop_operator_v3 to 2023-04-27T05:02:00+00:00, run_after=2023-04-27T05:03:00+00:00
[2023-04-27T05:03:17.437+0000] {processor.py:175} INFO - Processing /home/airflow/.local/lib/python3.7/site-packages/airflow/example_dags/example_branch_python_dop_operator_3.py took 0.080 seconds
[2023-04-27T05:03:47.835+0000] {processor.py:153} INFO - Started process (PID=505) to work on /home/airflow/.local/lib/python3.7/site-packages/airflow/example_dags/example_branch_python_dop_operator_3.py
[2023-04-27T05:03:47.836+0000] {processor.py:743} INFO - Processing file /home/airflow/.local/lib/python3.7/site-packages/airflow/example_dags/example_branch_python_dop_operator_3.py for tasks to queue
[2023-04-27T05:03:47.836+0000] {logging_mixin.py:137} INFO - [2023-04-27T05:03:47.836+0000] {dagbag.py:532} INFO - Filling up the DagBag from /home/airflow/.local/lib/python3.7/site-packages/airflow/example_dags/example_branch_python_dop_operator_3.py
[2023-04-27T05:03:47.855+0000] {processor.py:753} INFO - DAG(s) dict_keys(['example_branch_dop_operator_v3']) retrieved from /home/airflow/.local/lib/python3.7/site-packages/airflow/example_dags/example_branch_python_dop_operator_3.py
[2023-04-27T05:03:47.874+0000] {logging_mixin.py:137} INFO - [2023-04-27T05:03:47.874+0000] {dag.py:2705} INFO - Sync 1 DAGs
[2023-04-27T05:03:47.899+0000] {logging_mixin.py:137} INFO - [2023-04-27T05:03:47.899+0000] {dag.py:3456} INFO - Setting next_dagrun for example_branch_dop_operator_v3 to 2023-04-27T05:02:00+00:00, run_after=2023-04-27T05:03:00+00:00
[2023-04-27T05:03:47.914+0000] {processor.py:175} INFO - Processing /home/airflow/.local/lib/python3.7/site-packages/airflow/example_dags/example_branch_python_dop_operator_3.py took 0.081 seconds
[2023-04-27T05:04:18.215+0000] {processor.py:153} INFO - Started process (PID=554) to work on /home/airflow/.local/lib/python3.7/site-packages/airflow/example_dags/example_branch_python_dop_operator_3.py
[2023-04-27T05:04:18.216+0000] {processor.py:743} INFO - Processing file /home/airflow/.local/lib/python3.7/site-packages/airflow/example_dags/example_branch_python_dop_operator_3.py for tasks to queue
[2023-04-27T05:04:18.216+0000] {logging_mixin.py:137} INFO - [2023-04-27T05:04:18.216+0000] {dagbag.py:532} INFO - Filling up the DagBag from /home/airflow/.local/lib/python3.7/site-packages/airflow/example_dags/example_branch_python_dop_operator_3.py
[2023-04-27T05:04:18.235+0000] {processor.py:753} INFO - DAG(s) dict_keys(['example_branch_dop_operator_v3']) retrieved from /home/airflow/.local/lib/python3.7/site-packages/airflow/example_dags/example_branch_python_dop_operator_3.py
[2023-04-27T05:04:18.253+0000] {logging_mixin.py:137} INFO - [2023-04-27T05:04:18.253+0000] {dag.py:2705} INFO - Sync 1 DAGs
[2023-04-27T05:04:18.277+0000] {logging_mixin.py:137} INFO - [2023-04-27T05:04:18.277+0000] {dag.py:3456} INFO - Setting next_dagrun for example_branch_dop_operator_v3 to 2023-04-27T05:03:00+00:00, run_after=2023-04-27T05:04:00+00:00
[2023-04-27T05:04:18.293+0000] {processor.py:175} INFO - Processing /home/airflow/.local/lib/python3.7/site-packages/airflow/example_dags/example_branch_python_dop_operator_3.py took 0.081 seconds
[2023-04-27T05:04:48.411+0000] {processor.py:153} INFO - Started process (PID=604) to work on /home/airflow/.local/lib/python3.7/site-packages/airflow/example_dags/example_branch_python_dop_operator_3.py
[2023-04-27T05:04:48.411+0000] {processor.py:743} INFO - Processing file /home/airflow/.local/lib/python3.7/site-packages/airflow/example_dags/example_branch_python_dop_operator_3.py for tasks to queue
[2023-04-27T05:04:48.411+0000] {logging_mixin.py:137} INFO - [2023-04-27T05:04:48.411+0000] {dagbag.py:532} INFO - Filling up the DagBag from /home/airflow/.local/lib/python3.7/site-packages/airflow/example_dags/example_branch_python_dop_operator_3.py
[2023-04-27T05:04:48.430+0000] {processor.py:753} INFO - DAG(s) dict_keys(['example_branch_dop_operator_v3']) retrieved from /home/airflow/.local/lib/python3.7/site-packages/airflow/example_dags/example_branch_python_dop_operator_3.py
[2023-04-27T05:04:48.448+0000] {logging_mixin.py:137} INFO - [2023-04-27T05:04:48.448+0000] {dag.py:2705} INFO - Sync 1 DAGs
[2023-04-27T05:04:48.472+0000] {logging_mixin.py:137} INFO - [2023-04-27T05:04:48.471+0000] {dag.py:3456} INFO - Setting next_dagrun for example_branch_dop_operator_v3 to 2023-04-27T05:03:00+00:00, run_after=2023-04-27T05:04:00+00:00
[2023-04-27T05:04:48.488+0000] {processor.py:175} INFO - Processing /home/airflow/.local/lib/python3.7/site-packages/airflow/example_dags/example_branch_python_dop_operator_3.py took 0.080 seconds
[2023-04-27T05:05:18.584+0000] {processor.py:153} INFO - Started process (PID=654) to work on /home/airflow/.local/lib/python3.7/site-packages/airflow/example_dags/example_branch_python_dop_operator_3.py
[2023-04-27T05:05:18.584+0000] {processor.py:743} INFO - Processing file /home/airflow/.local/lib/python3.7/site-packages/airflow/example_dags/example_branch_python_dop_operator_3.py for tasks to queue
[2023-04-27T05:05:18.585+0000] {logging_mixin.py:137} INFO - [2023-04-27T05:05:18.585+0000] {dagbag.py:532} INFO - Filling up the DagBag from /home/airflow/.local/lib/python3.7/site-packages/airflow/example_dags/example_branch_python_dop_operator_3.py
[2023-04-27T05:05:18.604+0000] {processor.py:753} INFO - DAG(s) dict_keys(['example_branch_dop_operator_v3']) retrieved from /home/airflow/.local/lib/python3.7/site-packages/airflow/example_dags/example_branch_python_dop_operator_3.py
[2023-04-27T05:05:18.624+0000] {logging_mixin.py:137} INFO - [2023-04-27T05:05:18.623+0000] {dag.py:2705} INFO - Sync 1 DAGs
[2023-04-27T05:05:18.648+0000] {logging_mixin.py:137} INFO - [2023-04-27T05:05:18.647+0000] {dag.py:3456} INFO - Setting next_dagrun for example_branch_dop_operator_v3 to 2023-04-27T05:04:00+00:00, run_after=2023-04-27T05:05:00+00:00
[2023-04-27T05:05:18.662+0000] {processor.py:175} INFO - Processing /home/airflow/.local/lib/python3.7/site-packages/airflow/example_dags/example_branch_python_dop_operator_3.py took 0.081 seconds
[2023-04-27T05:05:48.780+0000] {processor.py:153} INFO - Started process (PID=704) to work on /home/airflow/.local/lib/python3.7/site-packages/airflow/example_dags/example_branch_python_dop_operator_3.py
[2023-04-27T05:05:48.781+0000] {processor.py:743} INFO - Processing file /home/airflow/.local/lib/python3.7/site-packages/airflow/example_dags/example_branch_python_dop_operator_3.py for tasks to queue
[2023-04-27T05:05:48.781+0000] {logging_mixin.py:137} INFO - [2023-04-27T05:05:48.781+0000] {dagbag.py:532} INFO - Filling up the DagBag from /home/airflow/.local/lib/python3.7/site-packages/airflow/example_dags/example_branch_python_dop_operator_3.py
[2023-04-27T05:05:48.800+0000] {processor.py:753} INFO - DAG(s) dict_keys(['example_branch_dop_operator_v3']) retrieved from /home/airflow/.local/lib/python3.7/site-packages/airflow/example_dags/example_branch_python_dop_operator_3.py
[2023-04-27T05:05:48.819+0000] {logging_mixin.py:137} INFO - [2023-04-27T05:05:48.819+0000] {dag.py:2705} INFO - Sync 1 DAGs
[2023-04-27T05:05:48.842+0000] {logging_mixin.py:137} INFO - [2023-04-27T05:05:48.842+0000] {dag.py:3456} INFO - Setting next_dagrun for example_branch_dop_operator_v3 to 2023-04-27T05:04:00+00:00, run_after=2023-04-27T05:05:00+00:00
[2023-04-27T05:05:48.859+0000] {processor.py:175} INFO - Processing /home/airflow/.local/lib/python3.7/site-packages/airflow/example_dags/example_branch_python_dop_operator_3.py took 0.081 seconds
[2023-04-27T05:06:19.023+0000] {processor.py:153} INFO - Started process (PID=754) to work on /home/airflow/.local/lib/python3.7/site-packages/airflow/example_dags/example_branch_python_dop_operator_3.py
[2023-04-27T05:06:19.024+0000] {processor.py:743} INFO - Processing file /home/airflow/.local/lib/python3.7/site-packages/airflow/example_dags/example_branch_python_dop_operator_3.py for tasks to queue
[2023-04-27T05:06:19.024+0000] {logging_mixin.py:137} INFO - [2023-04-27T05:06:19.024+0000] {dagbag.py:532} INFO - Filling up the DagBag from /home/airflow/.local/lib/python3.7/site-packages/airflow/example_dags/example_branch_python_dop_operator_3.py
[2023-04-27T05:06:19.043+0000] {processor.py:753} INFO - DAG(s) dict_keys(['example_branch_dop_operator_v3']) retrieved from /home/airflow/.local/lib/python3.7/site-packages/airflow/example_dags/example_branch_python_dop_operator_3.py
[2023-04-27T05:06:19.061+0000] {logging_mixin.py:137} INFO - [2023-04-27T05:06:19.061+0000] {dag.py:2705} INFO - Sync 1 DAGs
[2023-04-27T05:06:19.084+0000] {logging_mixin.py:137} INFO - [2023-04-27T05:06:19.084+0000] {dag.py:3456} INFO - Setting next_dagrun for example_branch_dop_operator_v3 to 2023-04-27T05:05:00+00:00, run_after=2023-04-27T05:06:00+00:00
[2023-04-27T05:06:19.101+0000] {processor.py:175} INFO - Processing /home/airflow/.local/lib/python3.7/site-packages/airflow/example_dags/example_branch_python_dop_operator_3.py took 0.080 seconds
[2023-04-27T05:06:49.263+0000] {processor.py:153} INFO - Started process (PID=804) to work on /home/airflow/.local/lib/python3.7/site-packages/airflow/example_dags/example_branch_python_dop_operator_3.py
[2023-04-27T05:06:49.263+0000] {processor.py:743} INFO - Processing file /home/airflow/.local/lib/python3.7/site-packages/airflow/example_dags/example_branch_python_dop_operator_3.py for tasks to queue
[2023-04-27T05:06:49.264+0000] {logging_mixin.py:137} INFO - [2023-04-27T05:06:49.264+0000] {dagbag.py:532} INFO - Filling up the DagBag from /home/airflow/.local/lib/python3.7/site-packages/airflow/example_dags/example_branch_python_dop_operator_3.py
[2023-04-27T05:06:49.281+0000] {processor.py:753} INFO - DAG(s) dict_keys(['example_branch_dop_operator_v3']) retrieved from /home/airflow/.local/lib/python3.7/site-packages/airflow/example_dags/example_branch_python_dop_operator_3.py
[2023-04-27T05:06:49.299+0000] {logging_mixin.py:137} INFO - [2023-04-27T05:06:49.299+0000] {dag.py:2705} INFO - Sync 1 DAGs
[2023-04-27T05:06:49.321+0000] {logging_mixin.py:137} INFO - [2023-04-27T05:06:49.321+0000] {dag.py:3456} INFO - Setting next_dagrun for example_branch_dop_operator_v3 to 2023-04-27T05:05:00+00:00, run_after=2023-04-27T05:06:00+00:00
[2023-04-27T05:06:49.338+0000] {processor.py:175} INFO - Processing /home/airflow/.local/lib/python3.7/site-packages/airflow/example_dags/example_branch_python_dop_operator_3.py took 0.078 seconds
[2023-04-27T05:07:19.514+0000] {processor.py:153} INFO - Started process (PID=854) to work on /home/airflow/.local/lib/python3.7/site-packages/airflow/example_dags/example_branch_python_dop_operator_3.py
[2023-04-27T05:07:19.514+0000] {processor.py:743} INFO - Processing file /home/airflow/.local/lib/python3.7/site-packages/airflow/example_dags/example_branch_python_dop_operator_3.py for tasks to queue
[2023-04-27T05:07:19.515+0000] {logging_mixin.py:137} INFO - [2023-04-27T05:07:19.515+0000] {dagbag.py:532} INFO - Filling up the DagBag from /home/airflow/.local/lib/python3.7/site-packages/airflow/example_dags/example_branch_python_dop_operator_3.py
[2023-04-27T05:07:19.532+0000] {processor.py:753} INFO - DAG(s) dict_keys(['example_branch_dop_operator_v3']) retrieved from /home/airflow/.local/lib/python3.7/site-packages/airflow/example_dags/example_branch_python_dop_operator_3.py
[2023-04-27T05:07:19.551+0000] {logging_mixin.py:137} INFO - [2023-04-27T05:07:19.551+0000] {dag.py:2705} INFO - Sync 1 DAGs
[2023-04-27T05:07:19.575+0000] {logging_mixin.py:137} INFO - [2023-04-27T05:07:19.574+0000] {dag.py:3456} INFO - Setting next_dagrun for example_branch_dop_operator_v3 to 2023-04-27T05:06:00+00:00, run_after=2023-04-27T05:07:00+00:00
[2023-04-27T05:07:19.595+0000] {processor.py:175} INFO - Processing /home/airflow/.local/lib/python3.7/site-packages/airflow/example_dags/example_branch_python_dop_operator_3.py took 0.083 seconds
[2023-04-27T05:07:49.641+0000] {processor.py:153} INFO - Started process (PID=904) to work on /home/airflow/.local/lib/python3.7/site-packages/airflow/example_dags/example_branch_python_dop_operator_3.py
[2023-04-27T05:07:49.641+0000] {processor.py:743} INFO - Processing file /home/airflow/.local/lib/python3.7/site-packages/airflow/example_dags/example_branch_python_dop_operator_3.py for tasks to queue
[2023-04-27T05:07:49.642+0000] {logging_mixin.py:137} INFO - [2023-04-27T05:07:49.641+0000] {dagbag.py:532} INFO - Filling up the DagBag from /home/airflow/.local/lib/python3.7/site-packages/airflow/example_dags/example_branch_python_dop_operator_3.py
[2023-04-27T05:07:49.659+0000] {processor.py:753} INFO - DAG(s) dict_keys(['example_branch_dop_operator_v3']) retrieved from /home/airflow/.local/lib/python3.7/site-packages/airflow/example_dags/example_branch_python_dop_operator_3.py
[2023-04-27T05:07:49.679+0000] {logging_mixin.py:137} INFO - [2023-04-27T05:07:49.679+0000] {dag.py:2705} INFO - Sync 1 DAGs
[2023-04-27T05:07:49.702+0000] {logging_mixin.py:137} INFO - [2023-04-27T05:07:49.702+0000] {dag.py:3456} INFO - Setting next_dagrun for example_branch_dop_operator_v3 to 2023-04-27T05:06:00+00:00, run_after=2023-04-27T05:07:00+00:00
[2023-04-27T05:07:49.717+0000] {processor.py:175} INFO - Processing /home/airflow/.local/lib/python3.7/site-packages/airflow/example_dags/example_branch_python_dop_operator_3.py took 0.079 seconds
[2023-04-27T05:08:19.780+0000] {processor.py:153} INFO - Started process (PID=954) to work on /home/airflow/.local/lib/python3.7/site-packages/airflow/example_dags/example_branch_python_dop_operator_3.py
[2023-04-27T05:08:19.780+0000] {processor.py:743} INFO - Processing file /home/airflow/.local/lib/python3.7/site-packages/airflow/example_dags/example_branch_python_dop_operator_3.py for tasks to queue
[2023-04-27T05:08:19.781+0000] {logging_mixin.py:137} INFO - [2023-04-27T05:08:19.781+0000] {dagbag.py:532} INFO - Filling up the DagBag from /home/airflow/.local/lib/python3.7/site-packages/airflow/example_dags/example_branch_python_dop_operator_3.py
[2023-04-27T05:08:19.797+0000] {processor.py:753} INFO - DAG(s) dict_keys(['example_branch_dop_operator_v3']) retrieved from /home/airflow/.local/lib/python3.7/site-packages/airflow/example_dags/example_branch_python_dop_operator_3.py
[2023-04-27T05:08:19.814+0000] {logging_mixin.py:137} INFO - [2023-04-27T05:08:19.814+0000] {dag.py:2705} INFO - Sync 1 DAGs
[2023-04-27T05:08:19.835+0000] {logging_mixin.py:137} INFO - [2023-04-27T05:08:19.835+0000] {dag.py:3456} INFO - Setting next_dagrun for example_branch_dop_operator_v3 to 2023-04-27T05:07:00+00:00, run_after=2023-04-27T05:08:00+00:00
[2023-04-27T05:08:19.850+0000] {processor.py:175} INFO - Processing /home/airflow/.local/lib/python3.7/site-packages/airflow/example_dags/example_branch_python_dop_operator_3.py took 0.073 seconds
[2023-04-27T05:08:50.037+0000] {processor.py:153} INFO - Started process (PID=1004) to work on /home/airflow/.local/lib/python3.7/site-packages/airflow/example_dags/example_branch_python_dop_operator_3.py
[2023-04-27T05:08:50.038+0000] {processor.py:743} INFO - Processing file /home/airflow/.local/lib/python3.7/site-packages/airflow/example_dags/example_branch_python_dop_operator_3.py for tasks to queue
[2023-04-27T05:08:50.038+0000] {logging_mixin.py:137} INFO - [2023-04-27T05:08:50.038+0000] {dagbag.py:532} INFO - Filling up the DagBag from /home/airflow/.local/lib/python3.7/site-packages/airflow/example_dags/example_branch_python_dop_operator_3.py
[2023-04-27T05:08:50.055+0000] {processor.py:753} INFO - DAG(s) dict_keys(['example_branch_dop_operator_v3']) retrieved from /home/airflow/.local/lib/python3.7/site-packages/airflow/example_dags/example_branch_python_dop_operator_3.py
[2023-04-27T05:08:50.072+0000] {logging_mixin.py:137} INFO - [2023-04-27T05:08:50.072+0000] {dag.py:2705} INFO - Sync 1 DAGs
[2023-04-27T05:08:50.094+0000] {logging_mixin.py:137} INFO - [2023-04-27T05:08:50.094+0000] {dag.py:3456} INFO - Setting next_dagrun for example_branch_dop_operator_v3 to 2023-04-27T05:07:00+00:00, run_after=2023-04-27T05:08:00+00:00
[2023-04-27T05:08:50.109+0000] {processor.py:175} INFO - Processing /home/airflow/.local/lib/python3.7/site-packages/airflow/example_dags/example_branch_python_dop_operator_3.py took 0.074 seconds
[2023-04-27T05:09:20.314+0000] {processor.py:153} INFO - Started process (PID=1054) to work on /home/airflow/.local/lib/python3.7/site-packages/airflow/example_dags/example_branch_python_dop_operator_3.py
[2023-04-27T05:09:20.314+0000] {processor.py:743} INFO - Processing file /home/airflow/.local/lib/python3.7/site-packages/airflow/example_dags/example_branch_python_dop_operator_3.py for tasks to queue
[2023-04-27T05:09:20.315+0000] {logging_mixin.py:137} INFO - [2023-04-27T05:09:20.315+0000] {dagbag.py:532} INFO - Filling up the DagBag from /home/airflow/.local/lib/python3.7/site-packages/airflow/example_dags/example_branch_python_dop_operator_3.py
[2023-04-27T05:09:20.331+0000] {processor.py:753} INFO - DAG(s) dict_keys(['example_branch_dop_operator_v3']) retrieved from /home/airflow/.local/lib/python3.7/site-packages/airflow/example_dags/example_branch_python_dop_operator_3.py
[2023-04-27T05:09:20.349+0000] {logging_mixin.py:137} INFO - [2023-04-27T05:09:20.349+0000] {dag.py:2705} INFO - Sync 1 DAGs
[2023-04-27T05:09:20.370+0000] {logging_mixin.py:137} INFO - [2023-04-27T05:09:20.370+0000] {dag.py:3456} INFO - Setting next_dagrun for example_branch_dop_operator_v3 to 2023-04-27T05:08:00+00:00, run_after=2023-04-27T05:09:00+00:00
[2023-04-27T05:09:20.390+0000] {processor.py:175} INFO - Processing /home/airflow/.local/lib/python3.7/site-packages/airflow/example_dags/example_branch_python_dop_operator_3.py took 0.078 seconds
[2023-04-27T05:09:50.607+0000] {processor.py:153} INFO - Started process (PID=1104) to work on /home/airflow/.local/lib/python3.7/site-packages/airflow/example_dags/example_branch_python_dop_operator_3.py
[2023-04-27T05:09:50.607+0000] {processor.py:743} INFO - Processing file /home/airflow/.local/lib/python3.7/site-packages/airflow/example_dags/example_branch_python_dop_operator_3.py for tasks to queue
[2023-04-27T05:09:50.608+0000] {logging_mixin.py:137} INFO - [2023-04-27T05:09:50.608+0000] {dagbag.py:532} INFO - Filling up the DagBag from /home/airflow/.local/lib/python3.7/site-packages/airflow/example_dags/example_branch_python_dop_operator_3.py
[2023-04-27T05:09:50.625+0000] {processor.py:753} INFO - DAG(s) dict_keys(['example_branch_dop_operator_v3']) retrieved from /home/airflow/.local/lib/python3.7/site-packages/airflow/example_dags/example_branch_python_dop_operator_3.py
[2023-04-27T05:09:50.642+0000] {logging_mixin.py:137} INFO - [2023-04-27T05:09:50.642+0000] {dag.py:2705} INFO - Sync 1 DAGs
[2023-04-27T05:09:50.663+0000] {logging_mixin.py:137} INFO - [2023-04-27T05:09:50.663+0000] {dag.py:3456} INFO - Setting next_dagrun for example_branch_dop_operator_v3 to 2023-04-27T05:08:00+00:00, run_after=2023-04-27T05:09:00+00:00
[2023-04-27T05:09:50.678+0000] {processor.py:175} INFO - Processing /home/airflow/.local/lib/python3.7/site-packages/airflow/example_dags/example_branch_python_dop_operator_3.py took 0.074 seconds
[2023-04-27T05:10:20.767+0000] {processor.py:153} INFO - Started process (PID=1154) to work on /home/airflow/.local/lib/python3.7/site-packages/airflow/example_dags/example_branch_python_dop_operator_3.py
[2023-04-27T05:10:20.767+0000] {processor.py:743} INFO - Processing file /home/airflow/.local/lib/python3.7/site-packages/airflow/example_dags/example_branch_python_dop_operator_3.py for tasks to queue
[2023-04-27T05:10:20.767+0000] {logging_mixin.py:137} INFO - [2023-04-27T05:10:20.767+0000] {dagbag.py:532} INFO - Filling up the DagBag from /home/airflow/.local/lib/python3.7/site-packages/airflow/example_dags/example_branch_python_dop_operator_3.py
[2023-04-27T05:10:20.785+0000] {processor.py:753} INFO - DAG(s) dict_keys(['example_branch_dop_operator_v3']) retrieved from /home/airflow/.local/lib/python3.7/site-packages/airflow/example_dags/example_branch_python_dop_operator_3.py
[2023-04-27T05:10:20.802+0000] {logging_mixin.py:137} INFO - [2023-04-27T05:10:20.802+0000] {dag.py:2705} INFO - Sync 1 DAGs
[2023-04-27T05:10:20.823+0000] {logging_mixin.py:137} INFO - [2023-04-27T05:10:20.823+0000] {dag.py:3456} INFO - Setting next_dagrun for example_branch_dop_operator_v3 to 2023-04-27T05:09:00+00:00, run_after=2023-04-27T05:10:00+00:00
[2023-04-27T05:10:20.839+0000] {processor.py:175} INFO - Processing /home/airflow/.local/lib/python3.7/site-packages/airflow/example_dags/example_branch_python_dop_operator_3.py took 0.075 seconds
[2023-04-27T05:10:50.983+0000] {processor.py:153} INFO - Started process (PID=1203) to work on /home/airflow/.local/lib/python3.7/site-packages/airflow/example_dags/example_branch_python_dop_operator_3.py
[2023-04-27T05:10:50.984+0000] {processor.py:743} INFO - Processing file /home/airflow/.local/lib/python3.7/site-packages/airflow/example_dags/example_branch_python_dop_operator_3.py for tasks to queue
[2023-04-27T05:10:50.984+0000] {logging_mixin.py:137} INFO - [2023-04-27T05:10:50.984+0000] {dagbag.py:532} INFO - Filling up the DagBag from /home/airflow/.local/lib/python3.7/site-packages/airflow/example_dags/example_branch_python_dop_operator_3.py
[2023-04-27T05:10:51.001+0000] {processor.py:753} INFO - DAG(s) dict_keys(['example_branch_dop_operator_v3']) retrieved from /home/airflow/.local/lib/python3.7/site-packages/airflow/example_dags/example_branch_python_dop_operator_3.py
[2023-04-27T05:10:51.018+0000] {logging_mixin.py:137} INFO - [2023-04-27T05:10:51.018+0000] {dag.py:2705} INFO - Sync 1 DAGs
[2023-04-27T05:10:51.040+0000] {logging_mixin.py:137} INFO - [2023-04-27T05:10:51.040+0000] {dag.py:3456} INFO - Setting next_dagrun for example_branch_dop_operator_v3 to 2023-04-27T05:09:00+00:00, run_after=2023-04-27T05:10:00+00:00
[2023-04-27T05:10:51.055+0000] {processor.py:175} INFO - Processing /home/airflow/.local/lib/python3.7/site-packages/airflow/example_dags/example_branch_python_dop_operator_3.py took 0.074 seconds
[2023-04-27T05:11:21.250+0000] {processor.py:153} INFO - Started process (PID=1253) to work on /home/airflow/.local/lib/python3.7/site-packages/airflow/example_dags/example_branch_python_dop_operator_3.py
[2023-04-27T05:11:21.251+0000] {processor.py:743} INFO - Processing file /home/airflow/.local/lib/python3.7/site-packages/airflow/example_dags/example_branch_python_dop_operator_3.py for tasks to queue
[2023-04-27T05:11:21.251+0000] {logging_mixin.py:137} INFO - [2023-04-27T05:11:21.251+0000] {dagbag.py:532} INFO - Filling up the DagBag from /home/airflow/.local/lib/python3.7/site-packages/airflow/example_dags/example_branch_python_dop_operator_3.py
[2023-04-27T05:11:21.268+0000] {processor.py:753} INFO - DAG(s) dict_keys(['example_branch_dop_operator_v3']) retrieved from /home/airflow/.local/lib/python3.7/site-packages/airflow/example_dags/example_branch_python_dop_operator_3.py
[2023-04-27T05:11:21.286+0000] {logging_mixin.py:137} INFO - [2023-04-27T05:11:21.286+0000] {dag.py:2705} INFO - Sync 1 DAGs
[2023-04-27T05:11:21.307+0000] {logging_mixin.py:137} INFO - [2023-04-27T05:11:21.307+0000] {dag.py:3456} INFO - Setting next_dagrun for example_branch_dop_operator_v3 to 2023-04-27T05:10:00+00:00, run_after=2023-04-27T05:11:00+00:00
[2023-04-27T05:11:21.322+0000] {processor.py:175} INFO - Processing /home/airflow/.local/lib/python3.7/site-packages/airflow/example_dags/example_branch_python_dop_operator_3.py took 0.074 seconds
[2023-04-27T05:11:51.569+0000] {processor.py:153} INFO - Started process (PID=1303) to work on /home/airflow/.local/lib/python3.7/site-packages/airflow/example_dags/example_branch_python_dop_operator_3.py
[2023-04-27T05:11:51.569+0000] {processor.py:743} INFO - Processing file /home/airflow/.local/lib/python3.7/site-packages/airflow/example_dags/example_branch_python_dop_operator_3.py for tasks to queue
[2023-04-27T05:11:51.570+0000] {logging_mixin.py:137} INFO - [2023-04-27T05:11:51.570+0000] {dagbag.py:532} INFO - Filling up the DagBag from /home/airflow/.local/lib/python3.7/site-packages/airflow/example_dags/example_branch_python_dop_operator_3.py
[2023-04-27T05:11:51.587+0000] {processor.py:753} INFO - DAG(s) dict_keys(['example_branch_dop_operator_v3']) retrieved from /home/airflow/.local/lib/python3.7/site-packages/airflow/example_dags/example_branch_python_dop_operator_3.py
[2023-04-27T05:11:51.605+0000] {logging_mixin.py:137} INFO - [2023-04-27T05:11:51.605+0000] {dag.py:2705} INFO - Sync 1 DAGs
[2023-04-27T05:11:51.626+0000] {logging_mixin.py:137} INFO - [2023-04-27T05:11:51.626+0000] {dag.py:3456} INFO - Setting next_dagrun for example_branch_dop_operator_v3 to 2023-04-27T05:10:00+00:00, run_after=2023-04-27T05:11:00+00:00
[2023-04-27T05:11:51.641+0000] {processor.py:175} INFO - Processing /home/airflow/.local/lib/python3.7/site-packages/airflow/example_dags/example_branch_python_dop_operator_3.py took 0.075 seconds
[2023-04-27T05:12:21.761+0000] {processor.py:153} INFO - Started process (PID=1353) to work on /home/airflow/.local/lib/python3.7/site-packages/airflow/example_dags/example_branch_python_dop_operator_3.py
[2023-04-27T05:12:21.761+0000] {processor.py:743} INFO - Processing file /home/airflow/.local/lib/python3.7/site-packages/airflow/example_dags/example_branch_python_dop_operator_3.py for tasks to queue
[2023-04-27T05:12:21.762+0000] {logging_mixin.py:137} INFO - [2023-04-27T05:12:21.762+0000] {dagbag.py:532} INFO - Filling up the DagBag from /home/airflow/.local/lib/python3.7/site-packages/airflow/example_dags/example_branch_python_dop_operator_3.py
[2023-04-27T05:12:21.778+0000] {processor.py:753} INFO - DAG(s) dict_keys(['example_branch_dop_operator_v3']) retrieved from /home/airflow/.local/lib/python3.7/site-packages/airflow/example_dags/example_branch_python_dop_operator_3.py
[2023-04-27T05:12:21.795+0000] {logging_mixin.py:137} INFO - [2023-04-27T05:12:21.795+0000] {dag.py:2705} INFO - Sync 1 DAGs
[2023-04-27T05:12:21.818+0000] {logging_mixin.py:137} INFO - [2023-04-27T05:12:21.818+0000] {dag.py:3456} INFO - Setting next_dagrun for example_branch_dop_operator_v3 to 2023-04-27T05:11:00+00:00, run_after=2023-04-27T05:12:00+00:00
[2023-04-27T05:12:21.833+0000] {processor.py:175} INFO - Processing /home/airflow/.local/lib/python3.7/site-packages/airflow/example_dags/example_branch_python_dop_operator_3.py took 0.074 seconds
[2023-04-27T05:12:51.957+0000] {processor.py:153} INFO - Started process (PID=1403) to work on /home/airflow/.local/lib/python3.7/site-packages/airflow/example_dags/example_branch_python_dop_operator_3.py
[2023-04-27T05:12:51.957+0000] {processor.py:743} INFO - Processing file /home/airflow/.local/lib/python3.7/site-packages/airflow/example_dags/example_branch_python_dop_operator_3.py for tasks to queue
[2023-04-27T05:12:51.957+0000] {logging_mixin.py:137} INFO - [2023-04-27T05:12:51.957+0000] {dagbag.py:532} INFO - Filling up the DagBag from /home/airflow/.local/lib/python3.7/site-packages/airflow/example_dags/example_branch_python_dop_operator_3.py
[2023-04-27T05:12:51.975+0000] {processor.py:753} INFO - DAG(s) dict_keys(['example_branch_dop_operator_v3']) retrieved from /home/airflow/.local/lib/python3.7/site-packages/airflow/example_dags/example_branch_python_dop_operator_3.py
[2023-04-27T05:12:51.992+0000] {logging_mixin.py:137} INFO - [2023-04-27T05:12:51.992+0000] {dag.py:2705} INFO - Sync 1 DAGs
[2023-04-27T05:12:52.014+0000] {logging_mixin.py:137} INFO - [2023-04-27T05:12:52.014+0000] {dag.py:3456} INFO - Setting next_dagrun for example_branch_dop_operator_v3 to 2023-04-27T05:11:00+00:00, run_after=2023-04-27T05:12:00+00:00
[2023-04-27T05:12:52.028+0000] {processor.py:175} INFO - Processing /home/airflow/.local/lib/python3.7/site-packages/airflow/example_dags/example_branch_python_dop_operator_3.py took 0.074 seconds
[2023-04-27T05:13:22.300+0000] {processor.py:153} INFO - Started process (PID=1453) to work on /home/airflow/.local/lib/python3.7/site-packages/airflow/example_dags/example_branch_python_dop_operator_3.py
[2023-04-27T05:13:22.300+0000] {processor.py:743} INFO - Processing file /home/airflow/.local/lib/python3.7/site-packages/airflow/example_dags/example_branch_python_dop_operator_3.py for tasks to queue
[2023-04-27T05:13:22.301+0000] {logging_mixin.py:137} INFO - [2023-04-27T05:13:22.301+0000] {dagbag.py:532} INFO - Filling up the DagBag from /home/airflow/.local/lib/python3.7/site-packages/airflow/example_dags/example_branch_python_dop_operator_3.py
[2023-04-27T05:13:22.320+0000] {processor.py:753} INFO - DAG(s) dict_keys(['example_branch_dop_operator_v3']) retrieved from /home/airflow/.local/lib/python3.7/site-packages/airflow/example_dags/example_branch_python_dop_operator_3.py
[2023-04-27T05:13:22.341+0000] {logging_mixin.py:137} INFO - [2023-04-27T05:13:22.341+0000] {dag.py:2705} INFO - Sync 1 DAGs
[2023-04-27T05:13:22.366+0000] {logging_mixin.py:137} INFO - [2023-04-27T05:13:22.366+0000] {dag.py:3456} INFO - Setting next_dagrun for example_branch_dop_operator_v3 to 2023-04-27T05:12:00+00:00, run_after=2023-04-27T05:13:00+00:00
[2023-04-27T05:13:22.384+0000] {processor.py:175} INFO - Processing /home/airflow/.local/lib/python3.7/site-packages/airflow/example_dags/example_branch_python_dop_operator_3.py took 0.087 seconds
[2023-04-27T05:13:52.426+0000] {processor.py:153} INFO - Started process (PID=1503) to work on /home/airflow/.local/lib/python3.7/site-packages/airflow/example_dags/example_branch_python_dop_operator_3.py
[2023-04-27T05:13:52.426+0000] {processor.py:743} INFO - Processing file /home/airflow/.local/lib/python3.7/site-packages/airflow/example_dags/example_branch_python_dop_operator_3.py for tasks to queue
[2023-04-27T05:13:52.427+0000] {logging_mixin.py:137} INFO - [2023-04-27T05:13:52.427+0000] {dagbag.py:532} INFO - Filling up the DagBag from /home/airflow/.local/lib/python3.7/site-packages/airflow/example_dags/example_branch_python_dop_operator_3.py
[2023-04-27T05:13:52.444+0000] {processor.py:753} INFO - DAG(s) dict_keys(['example_branch_dop_operator_v3']) retrieved from /home/airflow/.local/lib/python3.7/site-packages/airflow/example_dags/example_branch_python_dop_operator_3.py
[2023-04-27T05:13:52.463+0000] {logging_mixin.py:137} INFO - [2023-04-27T05:13:52.463+0000] {dag.py:2705} INFO - Sync 1 DAGs
[2023-04-27T05:13:52.484+0000] {logging_mixin.py:137} INFO - [2023-04-27T05:13:52.484+0000] {dag.py:3456} INFO - Setting next_dagrun for example_branch_dop_operator_v3 to 2023-04-27T05:12:00+00:00, run_after=2023-04-27T05:13:00+00:00
[2023-04-27T05:13:52.498+0000] {processor.py:175} INFO - Processing /home/airflow/.local/lib/python3.7/site-packages/airflow/example_dags/example_branch_python_dop_operator_3.py took 0.074 seconds
[2023-04-27T05:14:22.674+0000] {processor.py:153} INFO - Started process (PID=1553) to work on /home/airflow/.local/lib/python3.7/site-packages/airflow/example_dags/example_branch_python_dop_operator_3.py
[2023-04-27T05:14:22.674+0000] {processor.py:743} INFO - Processing file /home/airflow/.local/lib/python3.7/site-packages/airflow/example_dags/example_branch_python_dop_operator_3.py for tasks to queue
[2023-04-27T05:14:22.675+0000] {logging_mixin.py:137} INFO - [2023-04-27T05:14:22.675+0000] {dagbag.py:532} INFO - Filling up the DagBag from /home/airflow/.local/lib/python3.7/site-packages/airflow/example_dags/example_branch_python_dop_operator_3.py
[2023-04-27T05:14:22.692+0000] {processor.py:753} INFO - DAG(s) dict_keys(['example_branch_dop_operator_v3']) retrieved from /home/airflow/.local/lib/python3.7/site-packages/airflow/example_dags/example_branch_python_dop_operator_3.py
[2023-04-27T05:14:22.709+0000] {logging_mixin.py:137} INFO - [2023-04-27T05:14:22.709+0000] {dag.py:2705} INFO - Sync 1 DAGs
[2023-04-27T05:14:22.731+0000] {logging_mixin.py:137} INFO - [2023-04-27T05:14:22.731+0000] {dag.py:3456} INFO - Setting next_dagrun for example_branch_dop_operator_v3 to 2023-04-27T05:13:00+00:00, run_after=2023-04-27T05:14:00+00:00
[2023-04-27T05:14:22.747+0000] {processor.py:175} INFO - Processing /home/airflow/.local/lib/python3.7/site-packages/airflow/example_dags/example_branch_python_dop_operator_3.py took 0.075 seconds
[2023-04-27T05:14:52.964+0000] {processor.py:153} INFO - Started process (PID=1602) to work on /home/airflow/.local/lib/python3.7/site-packages/airflow/example_dags/example_branch_python_dop_operator_3.py
[2023-04-27T05:14:52.965+0000] {processor.py:743} INFO - Processing file /home/airflow/.local/lib/python3.7/site-packages/airflow/example_dags/example_branch_python_dop_operator_3.py for tasks to queue
[2023-04-27T05:14:52.966+0000] {logging_mixin.py:137} INFO - [2023-04-27T05:14:52.965+0000] {dagbag.py:532} INFO - Filling up the DagBag from /home/airflow/.local/lib/python3.7/site-packages/airflow/example_dags/example_branch_python_dop_operator_3.py
[2023-04-27T05:14:52.984+0000] {processor.py:753} INFO - DAG(s) dict_keys(['example_branch_dop_operator_v3']) retrieved from /home/airflow/.local/lib/python3.7/site-packages/airflow/example_dags/example_branch_python_dop_operator_3.py
[2023-04-27T05:14:53.005+0000] {logging_mixin.py:137} INFO - [2023-04-27T05:14:53.005+0000] {dag.py:2705} INFO - Sync 1 DAGs
[2023-04-27T05:14:53.029+0000] {logging_mixin.py:137} INFO - [2023-04-27T05:14:53.029+0000] {dag.py:3456} INFO - Setting next_dagrun for example_branch_dop_operator_v3 to 2023-04-27T05:13:00+00:00, run_after=2023-04-27T05:14:00+00:00
[2023-04-27T05:14:53.046+0000] {processor.py:175} INFO - Processing /home/airflow/.local/lib/python3.7/site-packages/airflow/example_dags/example_branch_python_dop_operator_3.py took 0.085 seconds
