[2023-04-27T04:59:15.400+0000] {processor.py:153} INFO - Started process (PID=78) to work on /home/airflow/.local/lib/python3.7/site-packages/airflow/example_dags/example_short_circuit_decorator.py
[2023-04-27T04:59:15.401+0000] {processor.py:743} INFO - Processing file /home/airflow/.local/lib/python3.7/site-packages/airflow/example_dags/example_short_circuit_decorator.py for tasks to queue
[2023-04-27T04:59:15.401+0000] {logging_mixin.py:137} INFO - [2023-04-27T04:59:15.401+0000] {dagbag.py:532} INFO - Filling up the DagBag from /home/airflow/.local/lib/python3.7/site-packages/airflow/example_dags/example_short_circuit_decorator.py
[2023-04-27T04:59:15.426+0000] {processor.py:753} INFO - DAG(s) dict_keys(['example_short_circuit_decorator']) retrieved from /home/airflow/.local/lib/python3.7/site-packages/airflow/example_dags/example_short_circuit_decorator.py
[2023-04-27T04:59:15.436+0000] {logging_mixin.py:137} INFO - [2023-04-27T04:59:15.435+0000] {dag.py:2705} INFO - Sync 1 DAGs
[2023-04-27T04:59:15.457+0000] {logging_mixin.py:137} INFO - [2023-04-27T04:59:15.457+0000] {dag.py:3456} INFO - Setting next_dagrun for example_short_circuit_decorator to 2023-04-26T04:59:15.457417+00:00, run_after=2023-04-27T04:59:15.457417+00:00
[2023-04-27T04:59:15.473+0000] {processor.py:175} INFO - Processing /home/airflow/.local/lib/python3.7/site-packages/airflow/example_dags/example_short_circuit_decorator.py took 0.076 seconds
[2023-04-27T04:59:46.228+0000] {processor.py:153} INFO - Started process (PID=127) to work on /home/airflow/.local/lib/python3.7/site-packages/airflow/example_dags/example_short_circuit_decorator.py
[2023-04-27T04:59:46.228+0000] {processor.py:743} INFO - Processing file /home/airflow/.local/lib/python3.7/site-packages/airflow/example_dags/example_short_circuit_decorator.py for tasks to queue
[2023-04-27T04:59:46.229+0000] {logging_mixin.py:137} INFO - [2023-04-27T04:59:46.229+0000] {dagbag.py:532} INFO - Filling up the DagBag from /home/airflow/.local/lib/python3.7/site-packages/airflow/example_dags/example_short_circuit_decorator.py
[2023-04-27T04:59:46.248+0000] {processor.py:753} INFO - DAG(s) dict_keys(['example_short_circuit_decorator']) retrieved from /home/airflow/.local/lib/python3.7/site-packages/airflow/example_dags/example_short_circuit_decorator.py
[2023-04-27T04:59:46.269+0000] {logging_mixin.py:137} INFO - [2023-04-27T04:59:46.269+0000] {dag.py:2705} INFO - Sync 1 DAGs
[2023-04-27T04:59:46.293+0000] {logging_mixin.py:137} INFO - [2023-04-27T04:59:46.293+0000] {dag.py:3456} INFO - Setting next_dagrun for example_short_circuit_decorator to 2023-04-26T04:59:46.293198+00:00, run_after=2023-04-27T04:59:46.293198+00:00
[2023-04-27T04:59:46.309+0000] {processor.py:175} INFO - Processing /home/airflow/.local/lib/python3.7/site-packages/airflow/example_dags/example_short_circuit_decorator.py took 0.083 seconds
[2023-04-27T05:00:17.309+0000] {processor.py:153} INFO - Started process (PID=177) to work on /home/airflow/.local/lib/python3.7/site-packages/airflow/example_dags/example_short_circuit_decorator.py
[2023-04-27T05:00:17.310+0000] {processor.py:743} INFO - Processing file /home/airflow/.local/lib/python3.7/site-packages/airflow/example_dags/example_short_circuit_decorator.py for tasks to queue
[2023-04-27T05:00:17.310+0000] {logging_mixin.py:137} INFO - [2023-04-27T05:00:17.310+0000] {dagbag.py:532} INFO - Filling up the DagBag from /home/airflow/.local/lib/python3.7/site-packages/airflow/example_dags/example_short_circuit_decorator.py
[2023-04-27T05:00:17.328+0000] {processor.py:753} INFO - DAG(s) dict_keys(['example_short_circuit_decorator']) retrieved from /home/airflow/.local/lib/python3.7/site-packages/airflow/example_dags/example_short_circuit_decorator.py
[2023-04-27T05:00:17.348+0000] {logging_mixin.py:137} INFO - [2023-04-27T05:00:17.348+0000] {dag.py:2705} INFO - Sync 1 DAGs
[2023-04-27T05:00:17.367+0000] {logging_mixin.py:137} INFO - [2023-04-27T05:00:17.367+0000] {dag.py:3456} INFO - Setting next_dagrun for example_short_circuit_decorator to 2023-04-26T05:00:17.367322+00:00, run_after=2023-04-27T05:00:17.367322+00:00
[2023-04-27T05:00:17.382+0000] {processor.py:175} INFO - Processing /home/airflow/.local/lib/python3.7/site-packages/airflow/example_dags/example_short_circuit_decorator.py took 0.075 seconds
[2023-04-27T05:00:47.609+0000] {processor.py:153} INFO - Started process (PID=227) to work on /home/airflow/.local/lib/python3.7/site-packages/airflow/example_dags/example_short_circuit_decorator.py
[2023-04-27T05:00:47.610+0000] {processor.py:743} INFO - Processing file /home/airflow/.local/lib/python3.7/site-packages/airflow/example_dags/example_short_circuit_decorator.py for tasks to queue
[2023-04-27T05:00:47.610+0000] {logging_mixin.py:137} INFO - [2023-04-27T05:00:47.610+0000] {dagbag.py:532} INFO - Filling up the DagBag from /home/airflow/.local/lib/python3.7/site-packages/airflow/example_dags/example_short_circuit_decorator.py
[2023-04-27T05:00:47.625+0000] {processor.py:753} INFO - DAG(s) dict_keys(['example_short_circuit_decorator']) retrieved from /home/airflow/.local/lib/python3.7/site-packages/airflow/example_dags/example_short_circuit_decorator.py
[2023-04-27T05:00:47.641+0000] {logging_mixin.py:137} INFO - [2023-04-27T05:00:47.640+0000] {dag.py:2705} INFO - Sync 1 DAGs
[2023-04-27T05:00:47.656+0000] {logging_mixin.py:137} INFO - [2023-04-27T05:00:47.656+0000] {dag.py:3456} INFO - Setting next_dagrun for example_short_circuit_decorator to 2023-04-26T05:00:47.656211+00:00, run_after=2023-04-27T05:00:47.656211+00:00
[2023-04-27T05:00:47.668+0000] {processor.py:175} INFO - Processing /home/airflow/.local/lib/python3.7/site-packages/airflow/example_dags/example_short_circuit_decorator.py took 0.060 seconds
[2023-04-27T05:01:17.813+0000] {processor.py:153} INFO - Started process (PID=277) to work on /home/airflow/.local/lib/python3.7/site-packages/airflow/example_dags/example_short_circuit_decorator.py
[2023-04-27T05:01:17.814+0000] {processor.py:743} INFO - Processing file /home/airflow/.local/lib/python3.7/site-packages/airflow/example_dags/example_short_circuit_decorator.py for tasks to queue
[2023-04-27T05:01:17.815+0000] {logging_mixin.py:137} INFO - [2023-04-27T05:01:17.815+0000] {dagbag.py:532} INFO - Filling up the DagBag from /home/airflow/.local/lib/python3.7/site-packages/airflow/example_dags/example_short_circuit_decorator.py
[2023-04-27T05:01:17.860+0000] {processor.py:753} INFO - DAG(s) dict_keys(['example_short_circuit_decorator']) retrieved from /home/airflow/.local/lib/python3.7/site-packages/airflow/example_dags/example_short_circuit_decorator.py
[2023-04-27T05:01:17.883+0000] {logging_mixin.py:137} INFO - [2023-04-27T05:01:17.883+0000] {dag.py:2705} INFO - Sync 1 DAGs
[2023-04-27T05:01:17.929+0000] {logging_mixin.py:137} INFO - [2023-04-27T05:01:17.929+0000] {dag.py:3456} INFO - Setting next_dagrun for example_short_circuit_decorator to 2023-04-26T05:01:17.929250+00:00, run_after=2023-04-27T05:01:17.929250+00:00
[2023-04-27T05:01:17.951+0000] {processor.py:175} INFO - Processing /home/airflow/.local/lib/python3.7/site-packages/airflow/example_dags/example_short_circuit_decorator.py took 0.142 seconds
[2023-04-27T05:01:48.052+0000] {processor.py:153} INFO - Started process (PID=326) to work on /home/airflow/.local/lib/python3.7/site-packages/airflow/example_dags/example_short_circuit_decorator.py
[2023-04-27T05:01:48.053+0000] {processor.py:743} INFO - Processing file /home/airflow/.local/lib/python3.7/site-packages/airflow/example_dags/example_short_circuit_decorator.py for tasks to queue
[2023-04-27T05:01:48.053+0000] {logging_mixin.py:137} INFO - [2023-04-27T05:01:48.053+0000] {dagbag.py:532} INFO - Filling up the DagBag from /home/airflow/.local/lib/python3.7/site-packages/airflow/example_dags/example_short_circuit_decorator.py
[2023-04-27T05:01:48.071+0000] {processor.py:753} INFO - DAG(s) dict_keys(['example_short_circuit_decorator']) retrieved from /home/airflow/.local/lib/python3.7/site-packages/airflow/example_dags/example_short_circuit_decorator.py
[2023-04-27T05:01:48.090+0000] {logging_mixin.py:137} INFO - [2023-04-27T05:01:48.090+0000] {dag.py:2705} INFO - Sync 1 DAGs
[2023-04-27T05:01:48.108+0000] {logging_mixin.py:137} INFO - [2023-04-27T05:01:48.108+0000] {dag.py:3456} INFO - Setting next_dagrun for example_short_circuit_decorator to 2023-04-26T05:01:48.108526+00:00, run_after=2023-04-27T05:01:48.108526+00:00
[2023-04-27T05:01:48.123+0000] {processor.py:175} INFO - Processing /home/airflow/.local/lib/python3.7/site-packages/airflow/example_dags/example_short_circuit_decorator.py took 0.072 seconds
[2023-04-27T05:02:18.566+0000] {processor.py:153} INFO - Started process (PID=376) to work on /home/airflow/.local/lib/python3.7/site-packages/airflow/example_dags/example_short_circuit_decorator.py
[2023-04-27T05:02:18.566+0000] {processor.py:743} INFO - Processing file /home/airflow/.local/lib/python3.7/site-packages/airflow/example_dags/example_short_circuit_decorator.py for tasks to queue
[2023-04-27T05:02:18.566+0000] {logging_mixin.py:137} INFO - [2023-04-27T05:02:18.566+0000] {dagbag.py:532} INFO - Filling up the DagBag from /home/airflow/.local/lib/python3.7/site-packages/airflow/example_dags/example_short_circuit_decorator.py
[2023-04-27T05:02:18.582+0000] {processor.py:753} INFO - DAG(s) dict_keys(['example_short_circuit_decorator']) retrieved from /home/airflow/.local/lib/python3.7/site-packages/airflow/example_dags/example_short_circuit_decorator.py
[2023-04-27T05:02:18.600+0000] {logging_mixin.py:137} INFO - [2023-04-27T05:02:18.600+0000] {dag.py:2705} INFO - Sync 1 DAGs
[2023-04-27T05:02:18.617+0000] {logging_mixin.py:137} INFO - [2023-04-27T05:02:18.617+0000] {dag.py:3456} INFO - Setting next_dagrun for example_short_circuit_decorator to 2023-04-26T05:02:18.617575+00:00, run_after=2023-04-27T05:02:18.617575+00:00
[2023-04-27T05:02:18.635+0000] {processor.py:175} INFO - Processing /home/airflow/.local/lib/python3.7/site-packages/airflow/example_dags/example_short_circuit_decorator.py took 0.071 seconds
[2023-04-27T05:02:49.236+0000] {processor.py:153} INFO - Started process (PID=426) to work on /home/airflow/.local/lib/python3.7/site-packages/airflow/example_dags/example_short_circuit_decorator.py
[2023-04-27T05:02:49.236+0000] {processor.py:743} INFO - Processing file /home/airflow/.local/lib/python3.7/site-packages/airflow/example_dags/example_short_circuit_decorator.py for tasks to queue
[2023-04-27T05:02:49.237+0000] {logging_mixin.py:137} INFO - [2023-04-27T05:02:49.237+0000] {dagbag.py:532} INFO - Filling up the DagBag from /home/airflow/.local/lib/python3.7/site-packages/airflow/example_dags/example_short_circuit_decorator.py
[2023-04-27T05:02:49.258+0000] {processor.py:753} INFO - DAG(s) dict_keys(['example_short_circuit_decorator']) retrieved from /home/airflow/.local/lib/python3.7/site-packages/airflow/example_dags/example_short_circuit_decorator.py
[2023-04-27T05:02:49.285+0000] {logging_mixin.py:137} INFO - [2023-04-27T05:02:49.285+0000] {dag.py:2705} INFO - Sync 1 DAGs
[2023-04-27T05:02:49.311+0000] {logging_mixin.py:137} INFO - [2023-04-27T05:02:49.311+0000] {dag.py:3456} INFO - Setting next_dagrun for example_short_circuit_decorator to 2023-04-26T05:02:49.310886+00:00, run_after=2023-04-27T05:02:49.310886+00:00
[2023-04-27T05:02:49.334+0000] {processor.py:175} INFO - Processing /home/airflow/.local/lib/python3.7/site-packages/airflow/example_dags/example_short_circuit_decorator.py took 0.101 seconds
[2023-04-27T05:03:19.518+0000] {processor.py:153} INFO - Started process (PID=476) to work on /home/airflow/.local/lib/python3.7/site-packages/airflow/example_dags/example_short_circuit_decorator.py
[2023-04-27T05:03:19.519+0000] {processor.py:743} INFO - Processing file /home/airflow/.local/lib/python3.7/site-packages/airflow/example_dags/example_short_circuit_decorator.py for tasks to queue
[2023-04-27T05:03:19.519+0000] {logging_mixin.py:137} INFO - [2023-04-27T05:03:19.519+0000] {dagbag.py:532} INFO - Filling up the DagBag from /home/airflow/.local/lib/python3.7/site-packages/airflow/example_dags/example_short_circuit_decorator.py
[2023-04-27T05:03:19.540+0000] {processor.py:753} INFO - DAG(s) dict_keys(['example_short_circuit_decorator']) retrieved from /home/airflow/.local/lib/python3.7/site-packages/airflow/example_dags/example_short_circuit_decorator.py
[2023-04-27T05:03:19.563+0000] {logging_mixin.py:137} INFO - [2023-04-27T05:03:19.563+0000] {dag.py:2705} INFO - Sync 1 DAGs
[2023-04-27T05:03:19.592+0000] {logging_mixin.py:137} INFO - [2023-04-27T05:03:19.591+0000] {dag.py:3456} INFO - Setting next_dagrun for example_short_circuit_decorator to 2023-04-26T05:03:19.591665+00:00, run_after=2023-04-27T05:03:19.591665+00:00
[2023-04-27T05:03:19.613+0000] {processor.py:175} INFO - Processing /home/airflow/.local/lib/python3.7/site-packages/airflow/example_dags/example_short_circuit_decorator.py took 0.097 seconds
[2023-04-27T05:03:49.887+0000] {processor.py:153} INFO - Started process (PID=526) to work on /home/airflow/.local/lib/python3.7/site-packages/airflow/example_dags/example_short_circuit_decorator.py
[2023-04-27T05:03:49.888+0000] {processor.py:743} INFO - Processing file /home/airflow/.local/lib/python3.7/site-packages/airflow/example_dags/example_short_circuit_decorator.py for tasks to queue
[2023-04-27T05:03:49.889+0000] {logging_mixin.py:137} INFO - [2023-04-27T05:03:49.889+0000] {dagbag.py:532} INFO - Filling up the DagBag from /home/airflow/.local/lib/python3.7/site-packages/airflow/example_dags/example_short_circuit_decorator.py
[2023-04-27T05:03:49.912+0000] {processor.py:753} INFO - DAG(s) dict_keys(['example_short_circuit_decorator']) retrieved from /home/airflow/.local/lib/python3.7/site-packages/airflow/example_dags/example_short_circuit_decorator.py
[2023-04-27T05:03:49.948+0000] {logging_mixin.py:137} INFO - [2023-04-27T05:03:49.948+0000] {dag.py:2705} INFO - Sync 1 DAGs
[2023-04-27T05:03:49.974+0000] {logging_mixin.py:137} INFO - [2023-04-27T05:03:49.973+0000] {dag.py:3456} INFO - Setting next_dagrun for example_short_circuit_decorator to 2023-04-26T05:03:49.973643+00:00, run_after=2023-04-27T05:03:49.973643+00:00
[2023-04-27T05:03:49.993+0000] {processor.py:175} INFO - Processing /home/airflow/.local/lib/python3.7/site-packages/airflow/example_dags/example_short_circuit_decorator.py took 0.109 seconds
[2023-04-27T05:04:20.209+0000] {processor.py:153} INFO - Started process (PID=575) to work on /home/airflow/.local/lib/python3.7/site-packages/airflow/example_dags/example_short_circuit_decorator.py
[2023-04-27T05:04:20.210+0000] {processor.py:743} INFO - Processing file /home/airflow/.local/lib/python3.7/site-packages/airflow/example_dags/example_short_circuit_decorator.py for tasks to queue
[2023-04-27T05:04:20.210+0000] {logging_mixin.py:137} INFO - [2023-04-27T05:04:20.210+0000] {dagbag.py:532} INFO - Filling up the DagBag from /home/airflow/.local/lib/python3.7/site-packages/airflow/example_dags/example_short_circuit_decorator.py
[2023-04-27T05:04:20.230+0000] {processor.py:753} INFO - DAG(s) dict_keys(['example_short_circuit_decorator']) retrieved from /home/airflow/.local/lib/python3.7/site-packages/airflow/example_dags/example_short_circuit_decorator.py
[2023-04-27T05:04:20.249+0000] {logging_mixin.py:137} INFO - [2023-04-27T05:04:20.249+0000] {dag.py:2705} INFO - Sync 1 DAGs
[2023-04-27T05:04:20.264+0000] {logging_mixin.py:137} INFO - [2023-04-27T05:04:20.264+0000] {dag.py:3456} INFO - Setting next_dagrun for example_short_circuit_decorator to 2023-04-26T05:04:20.264741+00:00, run_after=2023-04-27T05:04:20.264741+00:00
[2023-04-27T05:04:20.282+0000] {processor.py:175} INFO - Processing /home/airflow/.local/lib/python3.7/site-packages/airflow/example_dags/example_short_circuit_decorator.py took 0.075 seconds
[2023-04-27T05:04:50.401+0000] {processor.py:153} INFO - Started process (PID=625) to work on /home/airflow/.local/lib/python3.7/site-packages/airflow/example_dags/example_short_circuit_decorator.py
[2023-04-27T05:04:50.401+0000] {processor.py:743} INFO - Processing file /home/airflow/.local/lib/python3.7/site-packages/airflow/example_dags/example_short_circuit_decorator.py for tasks to queue
[2023-04-27T05:04:50.402+0000] {logging_mixin.py:137} INFO - [2023-04-27T05:04:50.402+0000] {dagbag.py:532} INFO - Filling up the DagBag from /home/airflow/.local/lib/python3.7/site-packages/airflow/example_dags/example_short_circuit_decorator.py
[2023-04-27T05:04:50.425+0000] {processor.py:753} INFO - DAG(s) dict_keys(['example_short_circuit_decorator']) retrieved from /home/airflow/.local/lib/python3.7/site-packages/airflow/example_dags/example_short_circuit_decorator.py
[2023-04-27T05:04:50.485+0000] {logging_mixin.py:137} INFO - [2023-04-27T05:04:50.485+0000] {dag.py:2705} INFO - Sync 1 DAGs
[2023-04-27T05:04:50.511+0000] {logging_mixin.py:137} INFO - [2023-04-27T05:04:50.511+0000] {dag.py:3456} INFO - Setting next_dagrun for example_short_circuit_decorator to 2023-04-26T05:04:50.509989+00:00, run_after=2023-04-27T05:04:50.509989+00:00
[2023-04-27T05:04:50.530+0000] {processor.py:175} INFO - Processing /home/airflow/.local/lib/python3.7/site-packages/airflow/example_dags/example_short_circuit_decorator.py took 0.131 seconds
[2023-04-27T05:05:20.695+0000] {processor.py:153} INFO - Started process (PID=675) to work on /home/airflow/.local/lib/python3.7/site-packages/airflow/example_dags/example_short_circuit_decorator.py
[2023-04-27T05:05:20.695+0000] {processor.py:743} INFO - Processing file /home/airflow/.local/lib/python3.7/site-packages/airflow/example_dags/example_short_circuit_decorator.py for tasks to queue
[2023-04-27T05:05:20.695+0000] {logging_mixin.py:137} INFO - [2023-04-27T05:05:20.695+0000] {dagbag.py:532} INFO - Filling up the DagBag from /home/airflow/.local/lib/python3.7/site-packages/airflow/example_dags/example_short_circuit_decorator.py
[2023-04-27T05:05:20.713+0000] {processor.py:753} INFO - DAG(s) dict_keys(['example_short_circuit_decorator']) retrieved from /home/airflow/.local/lib/python3.7/site-packages/airflow/example_dags/example_short_circuit_decorator.py
[2023-04-27T05:05:20.738+0000] {logging_mixin.py:137} INFO - [2023-04-27T05:05:20.737+0000] {dag.py:2705} INFO - Sync 1 DAGs
[2023-04-27T05:05:20.765+0000] {logging_mixin.py:137} INFO - [2023-04-27T05:05:20.765+0000] {dag.py:3456} INFO - Setting next_dagrun for example_short_circuit_decorator to 2023-04-26T05:05:20.765597+00:00, run_after=2023-04-27T05:05:20.765597+00:00
[2023-04-27T05:05:20.788+0000] {processor.py:175} INFO - Processing /home/airflow/.local/lib/python3.7/site-packages/airflow/example_dags/example_short_circuit_decorator.py took 0.096 seconds
[2023-04-27T05:05:50.861+0000] {processor.py:153} INFO - Started process (PID=726) to work on /home/airflow/.local/lib/python3.7/site-packages/airflow/example_dags/example_short_circuit_decorator.py
[2023-04-27T05:05:50.861+0000] {processor.py:743} INFO - Processing file /home/airflow/.local/lib/python3.7/site-packages/airflow/example_dags/example_short_circuit_decorator.py for tasks to queue
[2023-04-27T05:05:50.861+0000] {logging_mixin.py:137} INFO - [2023-04-27T05:05:50.861+0000] {dagbag.py:532} INFO - Filling up the DagBag from /home/airflow/.local/lib/python3.7/site-packages/airflow/example_dags/example_short_circuit_decorator.py
[2023-04-27T05:05:50.876+0000] {processor.py:753} INFO - DAG(s) dict_keys(['example_short_circuit_decorator']) retrieved from /home/airflow/.local/lib/python3.7/site-packages/airflow/example_dags/example_short_circuit_decorator.py
[2023-04-27T05:05:50.892+0000] {logging_mixin.py:137} INFO - [2023-04-27T05:05:50.892+0000] {dag.py:2705} INFO - Sync 1 DAGs
[2023-04-27T05:05:50.908+0000] {logging_mixin.py:137} INFO - [2023-04-27T05:05:50.908+0000] {dag.py:3456} INFO - Setting next_dagrun for example_short_circuit_decorator to 2023-04-26T05:05:50.908249+00:00, run_after=2023-04-27T05:05:50.908249+00:00
[2023-04-27T05:05:50.920+0000] {processor.py:175} INFO - Processing /home/airflow/.local/lib/python3.7/site-packages/airflow/example_dags/example_short_circuit_decorator.py took 0.061 seconds
[2023-04-27T05:06:20.941+0000] {processor.py:153} INFO - Started process (PID=775) to work on /home/airflow/.local/lib/python3.7/site-packages/airflow/example_dags/example_short_circuit_decorator.py
[2023-04-27T05:06:20.942+0000] {processor.py:743} INFO - Processing file /home/airflow/.local/lib/python3.7/site-packages/airflow/example_dags/example_short_circuit_decorator.py for tasks to queue
[2023-04-27T05:06:20.942+0000] {logging_mixin.py:137} INFO - [2023-04-27T05:06:20.942+0000] {dagbag.py:532} INFO - Filling up the DagBag from /home/airflow/.local/lib/python3.7/site-packages/airflow/example_dags/example_short_circuit_decorator.py
[2023-04-27T05:06:20.960+0000] {processor.py:753} INFO - DAG(s) dict_keys(['example_short_circuit_decorator']) retrieved from /home/airflow/.local/lib/python3.7/site-packages/airflow/example_dags/example_short_circuit_decorator.py
[2023-04-27T05:06:20.980+0000] {logging_mixin.py:137} INFO - [2023-04-27T05:06:20.980+0000] {dag.py:2705} INFO - Sync 1 DAGs
[2023-04-27T05:06:20.998+0000] {logging_mixin.py:137} INFO - [2023-04-27T05:06:20.998+0000] {dag.py:3456} INFO - Setting next_dagrun for example_short_circuit_decorator to 2023-04-26T05:06:20.997937+00:00, run_after=2023-04-27T05:06:20.997937+00:00
[2023-04-27T05:06:21.013+0000] {processor.py:175} INFO - Processing /home/airflow/.local/lib/python3.7/site-packages/airflow/example_dags/example_short_circuit_decorator.py took 0.074 seconds
[2023-04-27T05:06:51.162+0000] {processor.py:153} INFO - Started process (PID=825) to work on /home/airflow/.local/lib/python3.7/site-packages/airflow/example_dags/example_short_circuit_decorator.py
[2023-04-27T05:06:51.162+0000] {processor.py:743} INFO - Processing file /home/airflow/.local/lib/python3.7/site-packages/airflow/example_dags/example_short_circuit_decorator.py for tasks to queue
[2023-04-27T05:06:51.163+0000] {logging_mixin.py:137} INFO - [2023-04-27T05:06:51.163+0000] {dagbag.py:532} INFO - Filling up the DagBag from /home/airflow/.local/lib/python3.7/site-packages/airflow/example_dags/example_short_circuit_decorator.py
[2023-04-27T05:06:51.180+0000] {processor.py:753} INFO - DAG(s) dict_keys(['example_short_circuit_decorator']) retrieved from /home/airflow/.local/lib/python3.7/site-packages/airflow/example_dags/example_short_circuit_decorator.py
[2023-04-27T05:06:51.200+0000] {logging_mixin.py:137} INFO - [2023-04-27T05:06:51.200+0000] {dag.py:2705} INFO - Sync 1 DAGs
[2023-04-27T05:06:51.218+0000] {logging_mixin.py:137} INFO - [2023-04-27T05:06:51.218+0000] {dag.py:3456} INFO - Setting next_dagrun for example_short_circuit_decorator to 2023-04-26T05:06:51.218349+00:00, run_after=2023-04-27T05:06:51.218349+00:00
[2023-04-27T05:06:51.233+0000] {processor.py:175} INFO - Processing /home/airflow/.local/lib/python3.7/site-packages/airflow/example_dags/example_short_circuit_decorator.py took 0.073 seconds
[2023-04-27T05:07:21.547+0000] {processor.py:153} INFO - Started process (PID=875) to work on /home/airflow/.local/lib/python3.7/site-packages/airflow/example_dags/example_short_circuit_decorator.py
[2023-04-27T05:07:21.547+0000] {processor.py:743} INFO - Processing file /home/airflow/.local/lib/python3.7/site-packages/airflow/example_dags/example_short_circuit_decorator.py for tasks to queue
[2023-04-27T05:07:21.547+0000] {logging_mixin.py:137} INFO - [2023-04-27T05:07:21.547+0000] {dagbag.py:532} INFO - Filling up the DagBag from /home/airflow/.local/lib/python3.7/site-packages/airflow/example_dags/example_short_circuit_decorator.py
[2023-04-27T05:07:21.565+0000] {processor.py:753} INFO - DAG(s) dict_keys(['example_short_circuit_decorator']) retrieved from /home/airflow/.local/lib/python3.7/site-packages/airflow/example_dags/example_short_circuit_decorator.py
[2023-04-27T05:07:21.584+0000] {logging_mixin.py:137} INFO - [2023-04-27T05:07:21.584+0000] {dag.py:2705} INFO - Sync 1 DAGs
[2023-04-27T05:07:21.603+0000] {logging_mixin.py:137} INFO - [2023-04-27T05:07:21.603+0000] {dag.py:3456} INFO - Setting next_dagrun for example_short_circuit_decorator to 2023-04-26T05:07:21.603194+00:00, run_after=2023-04-27T05:07:21.603194+00:00
[2023-04-27T05:07:21.617+0000] {processor.py:175} INFO - Processing /home/airflow/.local/lib/python3.7/site-packages/airflow/example_dags/example_short_circuit_decorator.py took 0.073 seconds
[2023-04-27T05:07:51.720+0000] {processor.py:153} INFO - Started process (PID=925) to work on /home/airflow/.local/lib/python3.7/site-packages/airflow/example_dags/example_short_circuit_decorator.py
[2023-04-27T05:07:51.721+0000] {processor.py:743} INFO - Processing file /home/airflow/.local/lib/python3.7/site-packages/airflow/example_dags/example_short_circuit_decorator.py for tasks to queue
[2023-04-27T05:07:51.721+0000] {logging_mixin.py:137} INFO - [2023-04-27T05:07:51.721+0000] {dagbag.py:532} INFO - Filling up the DagBag from /home/airflow/.local/lib/python3.7/site-packages/airflow/example_dags/example_short_circuit_decorator.py
[2023-04-27T05:07:51.739+0000] {processor.py:753} INFO - DAG(s) dict_keys(['example_short_circuit_decorator']) retrieved from /home/airflow/.local/lib/python3.7/site-packages/airflow/example_dags/example_short_circuit_decorator.py
[2023-04-27T05:07:51.759+0000] {logging_mixin.py:137} INFO - [2023-04-27T05:07:51.759+0000] {dag.py:2705} INFO - Sync 1 DAGs
[2023-04-27T05:07:51.777+0000] {logging_mixin.py:137} INFO - [2023-04-27T05:07:51.777+0000] {dag.py:3456} INFO - Setting next_dagrun for example_short_circuit_decorator to 2023-04-26T05:07:51.777734+00:00, run_after=2023-04-27T05:07:51.777734+00:00
[2023-04-27T05:07:51.793+0000] {processor.py:175} INFO - Processing /home/airflow/.local/lib/python3.7/site-packages/airflow/example_dags/example_short_circuit_decorator.py took 0.074 seconds
[2023-04-27T05:08:22.800+0000] {processor.py:153} INFO - Started process (PID=975) to work on /home/airflow/.local/lib/python3.7/site-packages/airflow/example_dags/example_short_circuit_decorator.py
[2023-04-27T05:08:22.800+0000] {processor.py:743} INFO - Processing file /home/airflow/.local/lib/python3.7/site-packages/airflow/example_dags/example_short_circuit_decorator.py for tasks to queue
[2023-04-27T05:08:22.801+0000] {logging_mixin.py:137} INFO - [2023-04-27T05:08:22.800+0000] {dagbag.py:532} INFO - Filling up the DagBag from /home/airflow/.local/lib/python3.7/site-packages/airflow/example_dags/example_short_circuit_decorator.py
[2023-04-27T05:08:22.818+0000] {processor.py:753} INFO - DAG(s) dict_keys(['example_short_circuit_decorator']) retrieved from /home/airflow/.local/lib/python3.7/site-packages/airflow/example_dags/example_short_circuit_decorator.py
[2023-04-27T05:08:22.837+0000] {logging_mixin.py:137} INFO - [2023-04-27T05:08:22.837+0000] {dag.py:2705} INFO - Sync 1 DAGs
[2023-04-27T05:08:22.855+0000] {logging_mixin.py:137} INFO - [2023-04-27T05:08:22.855+0000] {dag.py:3456} INFO - Setting next_dagrun for example_short_circuit_decorator to 2023-04-26T05:08:22.855450+00:00, run_after=2023-04-27T05:08:22.855450+00:00
[2023-04-27T05:08:22.871+0000] {processor.py:175} INFO - Processing /home/airflow/.local/lib/python3.7/site-packages/airflow/example_dags/example_short_circuit_decorator.py took 0.073 seconds
[2023-04-27T05:08:53.069+0000] {processor.py:153} INFO - Started process (PID=1025) to work on /home/airflow/.local/lib/python3.7/site-packages/airflow/example_dags/example_short_circuit_decorator.py
[2023-04-27T05:08:53.069+0000] {processor.py:743} INFO - Processing file /home/airflow/.local/lib/python3.7/site-packages/airflow/example_dags/example_short_circuit_decorator.py for tasks to queue
[2023-04-27T05:08:53.069+0000] {logging_mixin.py:137} INFO - [2023-04-27T05:08:53.069+0000] {dagbag.py:532} INFO - Filling up the DagBag from /home/airflow/.local/lib/python3.7/site-packages/airflow/example_dags/example_short_circuit_decorator.py
[2023-04-27T05:08:53.087+0000] {processor.py:753} INFO - DAG(s) dict_keys(['example_short_circuit_decorator']) retrieved from /home/airflow/.local/lib/python3.7/site-packages/airflow/example_dags/example_short_circuit_decorator.py
[2023-04-27T05:08:53.106+0000] {logging_mixin.py:137} INFO - [2023-04-27T05:08:53.106+0000] {dag.py:2705} INFO - Sync 1 DAGs
[2023-04-27T05:08:53.124+0000] {logging_mixin.py:137} INFO - [2023-04-27T05:08:53.124+0000] {dag.py:3456} INFO - Setting next_dagrun for example_short_circuit_decorator to 2023-04-26T05:08:53.124358+00:00, run_after=2023-04-27T05:08:53.124358+00:00
[2023-04-27T05:08:53.138+0000] {processor.py:175} INFO - Processing /home/airflow/.local/lib/python3.7/site-packages/airflow/example_dags/example_short_circuit_decorator.py took 0.072 seconds
[2023-04-27T05:09:23.362+0000] {processor.py:153} INFO - Started process (PID=1075) to work on /home/airflow/.local/lib/python3.7/site-packages/airflow/example_dags/example_short_circuit_decorator.py
[2023-04-27T05:09:23.362+0000] {processor.py:743} INFO - Processing file /home/airflow/.local/lib/python3.7/site-packages/airflow/example_dags/example_short_circuit_decorator.py for tasks to queue
[2023-04-27T05:09:23.363+0000] {logging_mixin.py:137} INFO - [2023-04-27T05:09:23.363+0000] {dagbag.py:532} INFO - Filling up the DagBag from /home/airflow/.local/lib/python3.7/site-packages/airflow/example_dags/example_short_circuit_decorator.py
[2023-04-27T05:09:23.380+0000] {processor.py:753} INFO - DAG(s) dict_keys(['example_short_circuit_decorator']) retrieved from /home/airflow/.local/lib/python3.7/site-packages/airflow/example_dags/example_short_circuit_decorator.py
[2023-04-27T05:09:23.400+0000] {logging_mixin.py:137} INFO - [2023-04-27T05:09:23.400+0000] {dag.py:2705} INFO - Sync 1 DAGs
[2023-04-27T05:09:23.419+0000] {logging_mixin.py:137} INFO - [2023-04-27T05:09:23.419+0000] {dag.py:3456} INFO - Setting next_dagrun for example_short_circuit_decorator to 2023-04-26T05:09:23.418939+00:00, run_after=2023-04-27T05:09:23.418939+00:00
[2023-04-27T05:09:23.440+0000] {processor.py:175} INFO - Processing /home/airflow/.local/lib/python3.7/site-packages/airflow/example_dags/example_short_circuit_decorator.py took 0.080 seconds
[2023-04-27T05:09:53.526+0000] {processor.py:153} INFO - Started process (PID=1125) to work on /home/airflow/.local/lib/python3.7/site-packages/airflow/example_dags/example_short_circuit_decorator.py
[2023-04-27T05:09:53.526+0000] {processor.py:743} INFO - Processing file /home/airflow/.local/lib/python3.7/site-packages/airflow/example_dags/example_short_circuit_decorator.py for tasks to queue
[2023-04-27T05:09:53.527+0000] {logging_mixin.py:137} INFO - [2023-04-27T05:09:53.527+0000] {dagbag.py:532} INFO - Filling up the DagBag from /home/airflow/.local/lib/python3.7/site-packages/airflow/example_dags/example_short_circuit_decorator.py
[2023-04-27T05:09:53.544+0000] {processor.py:753} INFO - DAG(s) dict_keys(['example_short_circuit_decorator']) retrieved from /home/airflow/.local/lib/python3.7/site-packages/airflow/example_dags/example_short_circuit_decorator.py
[2023-04-27T05:09:53.563+0000] {logging_mixin.py:137} INFO - [2023-04-27T05:09:53.563+0000] {dag.py:2705} INFO - Sync 1 DAGs
[2023-04-27T05:09:53.582+0000] {logging_mixin.py:137} INFO - [2023-04-27T05:09:53.581+0000] {dag.py:3456} INFO - Setting next_dagrun for example_short_circuit_decorator to 2023-04-26T05:09:53.581710+00:00, run_after=2023-04-27T05:09:53.581710+00:00
[2023-04-27T05:09:53.596+0000] {processor.py:175} INFO - Processing /home/airflow/.local/lib/python3.7/site-packages/airflow/example_dags/example_short_circuit_decorator.py took 0.073 seconds
[2023-04-27T05:10:23.662+0000] {processor.py:153} INFO - Started process (PID=1175) to work on /home/airflow/.local/lib/python3.7/site-packages/airflow/example_dags/example_short_circuit_decorator.py
[2023-04-27T05:10:23.663+0000] {processor.py:743} INFO - Processing file /home/airflow/.local/lib/python3.7/site-packages/airflow/example_dags/example_short_circuit_decorator.py for tasks to queue
[2023-04-27T05:10:23.663+0000] {logging_mixin.py:137} INFO - [2023-04-27T05:10:23.663+0000] {dagbag.py:532} INFO - Filling up the DagBag from /home/airflow/.local/lib/python3.7/site-packages/airflow/example_dags/example_short_circuit_decorator.py
[2023-04-27T05:10:23.684+0000] {processor.py:753} INFO - DAG(s) dict_keys(['example_short_circuit_decorator']) retrieved from /home/airflow/.local/lib/python3.7/site-packages/airflow/example_dags/example_short_circuit_decorator.py
[2023-04-27T05:10:23.715+0000] {logging_mixin.py:137} INFO - [2023-04-27T05:10:23.715+0000] {dag.py:2705} INFO - Sync 1 DAGs
[2023-04-27T05:10:23.742+0000] {logging_mixin.py:137} INFO - [2023-04-27T05:10:23.742+0000] {dag.py:3456} INFO - Setting next_dagrun for example_short_circuit_decorator to 2023-04-26T05:10:23.742425+00:00, run_after=2023-04-27T05:10:23.742425+00:00
[2023-04-27T05:10:23.759+0000] {processor.py:175} INFO - Processing /home/airflow/.local/lib/python3.7/site-packages/airflow/example_dags/example_short_circuit_decorator.py took 0.100 seconds
[2023-04-27T05:10:54.060+0000] {processor.py:153} INFO - Started process (PID=1224) to work on /home/airflow/.local/lib/python3.7/site-packages/airflow/example_dags/example_short_circuit_decorator.py
[2023-04-27T05:10:54.061+0000] {processor.py:743} INFO - Processing file /home/airflow/.local/lib/python3.7/site-packages/airflow/example_dags/example_short_circuit_decorator.py for tasks to queue
[2023-04-27T05:10:54.061+0000] {logging_mixin.py:137} INFO - [2023-04-27T05:10:54.061+0000] {dagbag.py:532} INFO - Filling up the DagBag from /home/airflow/.local/lib/python3.7/site-packages/airflow/example_dags/example_short_circuit_decorator.py
[2023-04-27T05:10:54.078+0000] {processor.py:753} INFO - DAG(s) dict_keys(['example_short_circuit_decorator']) retrieved from /home/airflow/.local/lib/python3.7/site-packages/airflow/example_dags/example_short_circuit_decorator.py
[2023-04-27T05:10:54.097+0000] {logging_mixin.py:137} INFO - [2023-04-27T05:10:54.097+0000] {dag.py:2705} INFO - Sync 1 DAGs
[2023-04-27T05:10:54.116+0000] {logging_mixin.py:137} INFO - [2023-04-27T05:10:54.116+0000] {dag.py:3456} INFO - Setting next_dagrun for example_short_circuit_decorator to 2023-04-26T05:10:54.115850+00:00, run_after=2023-04-27T05:10:54.115850+00:00
[2023-04-27T05:10:54.130+0000] {processor.py:175} INFO - Processing /home/airflow/.local/lib/python3.7/site-packages/airflow/example_dags/example_short_circuit_decorator.py took 0.072 seconds
[2023-04-27T05:11:24.176+0000] {processor.py:153} INFO - Started process (PID=1274) to work on /home/airflow/.local/lib/python3.7/site-packages/airflow/example_dags/example_short_circuit_decorator.py
[2023-04-27T05:11:24.177+0000] {processor.py:743} INFO - Processing file /home/airflow/.local/lib/python3.7/site-packages/airflow/example_dags/example_short_circuit_decorator.py for tasks to queue
[2023-04-27T05:11:24.177+0000] {logging_mixin.py:137} INFO - [2023-04-27T05:11:24.177+0000] {dagbag.py:532} INFO - Filling up the DagBag from /home/airflow/.local/lib/python3.7/site-packages/airflow/example_dags/example_short_circuit_decorator.py
[2023-04-27T05:11:24.202+0000] {processor.py:753} INFO - DAG(s) dict_keys(['example_short_circuit_decorator']) retrieved from /home/airflow/.local/lib/python3.7/site-packages/airflow/example_dags/example_short_circuit_decorator.py
[2023-04-27T05:11:24.314+0000] {logging_mixin.py:137} INFO - [2023-04-27T05:11:24.314+0000] {dag.py:2705} INFO - Sync 1 DAGs
[2023-04-27T05:11:24.336+0000] {logging_mixin.py:137} INFO - [2023-04-27T05:11:24.336+0000] {dag.py:3456} INFO - Setting next_dagrun for example_short_circuit_decorator to 2023-04-26T05:11:24.336143+00:00, run_after=2023-04-27T05:11:24.336143+00:00
[2023-04-27T05:11:24.352+0000] {processor.py:175} INFO - Processing /home/airflow/.local/lib/python3.7/site-packages/airflow/example_dags/example_short_circuit_decorator.py took 0.178 seconds
[2023-04-27T05:11:54.462+0000] {processor.py:153} INFO - Started process (PID=1324) to work on /home/airflow/.local/lib/python3.7/site-packages/airflow/example_dags/example_short_circuit_decorator.py
[2023-04-27T05:11:54.462+0000] {processor.py:743} INFO - Processing file /home/airflow/.local/lib/python3.7/site-packages/airflow/example_dags/example_short_circuit_decorator.py for tasks to queue
[2023-04-27T05:11:54.463+0000] {logging_mixin.py:137} INFO - [2023-04-27T05:11:54.463+0000] {dagbag.py:532} INFO - Filling up the DagBag from /home/airflow/.local/lib/python3.7/site-packages/airflow/example_dags/example_short_circuit_decorator.py
[2023-04-27T05:11:54.480+0000] {processor.py:753} INFO - DAG(s) dict_keys(['example_short_circuit_decorator']) retrieved from /home/airflow/.local/lib/python3.7/site-packages/airflow/example_dags/example_short_circuit_decorator.py
[2023-04-27T05:11:54.499+0000] {logging_mixin.py:137} INFO - [2023-04-27T05:11:54.499+0000] {dag.py:2705} INFO - Sync 1 DAGs
[2023-04-27T05:11:54.516+0000] {logging_mixin.py:137} INFO - [2023-04-27T05:11:54.516+0000] {dag.py:3456} INFO - Setting next_dagrun for example_short_circuit_decorator to 2023-04-26T05:11:54.516168+00:00, run_after=2023-04-27T05:11:54.516168+00:00
[2023-04-27T05:11:54.532+0000] {processor.py:175} INFO - Processing /home/airflow/.local/lib/python3.7/site-packages/airflow/example_dags/example_short_circuit_decorator.py took 0.072 seconds
[2023-04-27T05:12:24.693+0000] {processor.py:153} INFO - Started process (PID=1374) to work on /home/airflow/.local/lib/python3.7/site-packages/airflow/example_dags/example_short_circuit_decorator.py
[2023-04-27T05:12:24.694+0000] {processor.py:743} INFO - Processing file /home/airflow/.local/lib/python3.7/site-packages/airflow/example_dags/example_short_circuit_decorator.py for tasks to queue
[2023-04-27T05:12:24.694+0000] {logging_mixin.py:137} INFO - [2023-04-27T05:12:24.694+0000] {dagbag.py:532} INFO - Filling up the DagBag from /home/airflow/.local/lib/python3.7/site-packages/airflow/example_dags/example_short_circuit_decorator.py
[2023-04-27T05:12:24.711+0000] {processor.py:753} INFO - DAG(s) dict_keys(['example_short_circuit_decorator']) retrieved from /home/airflow/.local/lib/python3.7/site-packages/airflow/example_dags/example_short_circuit_decorator.py
[2023-04-27T05:12:24.730+0000] {logging_mixin.py:137} INFO - [2023-04-27T05:12:24.730+0000] {dag.py:2705} INFO - Sync 1 DAGs
[2023-04-27T05:12:24.748+0000] {logging_mixin.py:137} INFO - [2023-04-27T05:12:24.748+0000] {dag.py:3456} INFO - Setting next_dagrun for example_short_circuit_decorator to 2023-04-26T05:12:24.748180+00:00, run_after=2023-04-27T05:12:24.748180+00:00
[2023-04-27T05:12:24.762+0000] {processor.py:175} INFO - Processing /home/airflow/.local/lib/python3.7/site-packages/airflow/example_dags/example_short_circuit_decorator.py took 0.071 seconds
[2023-04-27T05:12:54.966+0000] {processor.py:153} INFO - Started process (PID=1424) to work on /home/airflow/.local/lib/python3.7/site-packages/airflow/example_dags/example_short_circuit_decorator.py
[2023-04-27T05:12:54.967+0000] {processor.py:743} INFO - Processing file /home/airflow/.local/lib/python3.7/site-packages/airflow/example_dags/example_short_circuit_decorator.py for tasks to queue
[2023-04-27T05:12:54.967+0000] {logging_mixin.py:137} INFO - [2023-04-27T05:12:54.967+0000] {dagbag.py:532} INFO - Filling up the DagBag from /home/airflow/.local/lib/python3.7/site-packages/airflow/example_dags/example_short_circuit_decorator.py
[2023-04-27T05:12:54.986+0000] {processor.py:753} INFO - DAG(s) dict_keys(['example_short_circuit_decorator']) retrieved from /home/airflow/.local/lib/python3.7/site-packages/airflow/example_dags/example_short_circuit_decorator.py
[2023-04-27T05:12:55.006+0000] {logging_mixin.py:137} INFO - [2023-04-27T05:12:55.006+0000] {dag.py:2705} INFO - Sync 1 DAGs
[2023-04-27T05:12:55.024+0000] {logging_mixin.py:137} INFO - [2023-04-27T05:12:55.024+0000] {dag.py:3456} INFO - Setting next_dagrun for example_short_circuit_decorator to 2023-04-26T05:12:55.024599+00:00, run_after=2023-04-27T05:12:55.024599+00:00
[2023-04-27T05:12:55.038+0000] {processor.py:175} INFO - Processing /home/airflow/.local/lib/python3.7/site-packages/airflow/example_dags/example_short_circuit_decorator.py took 0.074 seconds
[2023-04-27T05:13:25.394+0000] {processor.py:153} INFO - Started process (PID=1474) to work on /home/airflow/.local/lib/python3.7/site-packages/airflow/example_dags/example_short_circuit_decorator.py
[2023-04-27T05:13:25.395+0000] {processor.py:743} INFO - Processing file /home/airflow/.local/lib/python3.7/site-packages/airflow/example_dags/example_short_circuit_decorator.py for tasks to queue
[2023-04-27T05:13:25.395+0000] {logging_mixin.py:137} INFO - [2023-04-27T05:13:25.395+0000] {dagbag.py:532} INFO - Filling up the DagBag from /home/airflow/.local/lib/python3.7/site-packages/airflow/example_dags/example_short_circuit_decorator.py
[2023-04-27T05:13:25.413+0000] {processor.py:753} INFO - DAG(s) dict_keys(['example_short_circuit_decorator']) retrieved from /home/airflow/.local/lib/python3.7/site-packages/airflow/example_dags/example_short_circuit_decorator.py
[2023-04-27T05:13:25.432+0000] {logging_mixin.py:137} INFO - [2023-04-27T05:13:25.431+0000] {dag.py:2705} INFO - Sync 1 DAGs
[2023-04-27T05:13:25.449+0000] {logging_mixin.py:137} INFO - [2023-04-27T05:13:25.449+0000] {dag.py:3456} INFO - Setting next_dagrun for example_short_circuit_decorator to 2023-04-26T05:13:25.449319+00:00, run_after=2023-04-27T05:13:25.449319+00:00
[2023-04-27T05:13:25.465+0000] {processor.py:175} INFO - Processing /home/airflow/.local/lib/python3.7/site-packages/airflow/example_dags/example_short_circuit_decorator.py took 0.073 seconds
[2023-04-27T05:13:55.550+0000] {processor.py:153} INFO - Started process (PID=1524) to work on /home/airflow/.local/lib/python3.7/site-packages/airflow/example_dags/example_short_circuit_decorator.py
[2023-04-27T05:13:55.551+0000] {processor.py:743} INFO - Processing file /home/airflow/.local/lib/python3.7/site-packages/airflow/example_dags/example_short_circuit_decorator.py for tasks to queue
[2023-04-27T05:13:55.552+0000] {logging_mixin.py:137} INFO - [2023-04-27T05:13:55.551+0000] {dagbag.py:532} INFO - Filling up the DagBag from /home/airflow/.local/lib/python3.7/site-packages/airflow/example_dags/example_short_circuit_decorator.py
[2023-04-27T05:13:55.569+0000] {processor.py:753} INFO - DAG(s) dict_keys(['example_short_circuit_decorator']) retrieved from /home/airflow/.local/lib/python3.7/site-packages/airflow/example_dags/example_short_circuit_decorator.py
[2023-04-27T05:13:55.588+0000] {logging_mixin.py:137} INFO - [2023-04-27T05:13:55.587+0000] {dag.py:2705} INFO - Sync 1 DAGs
[2023-04-27T05:13:55.605+0000] {logging_mixin.py:137} INFO - [2023-04-27T05:13:55.605+0000] {dag.py:3456} INFO - Setting next_dagrun for example_short_circuit_decorator to 2023-04-26T05:13:55.605631+00:00, run_after=2023-04-27T05:13:55.605631+00:00
[2023-04-27T05:13:55.623+0000] {processor.py:175} INFO - Processing /home/airflow/.local/lib/python3.7/site-packages/airflow/example_dags/example_short_circuit_decorator.py took 0.074 seconds
[2023-04-27T05:14:25.785+0000] {processor.py:153} INFO - Started process (PID=1574) to work on /home/airflow/.local/lib/python3.7/site-packages/airflow/example_dags/example_short_circuit_decorator.py
[2023-04-27T05:14:25.786+0000] {processor.py:743} INFO - Processing file /home/airflow/.local/lib/python3.7/site-packages/airflow/example_dags/example_short_circuit_decorator.py for tasks to queue
[2023-04-27T05:14:25.786+0000] {logging_mixin.py:137} INFO - [2023-04-27T05:14:25.786+0000] {dagbag.py:532} INFO - Filling up the DagBag from /home/airflow/.local/lib/python3.7/site-packages/airflow/example_dags/example_short_circuit_decorator.py
[2023-04-27T05:14:25.806+0000] {processor.py:753} INFO - DAG(s) dict_keys(['example_short_circuit_decorator']) retrieved from /home/airflow/.local/lib/python3.7/site-packages/airflow/example_dags/example_short_circuit_decorator.py
[2023-04-27T05:14:25.828+0000] {logging_mixin.py:137} INFO - [2023-04-27T05:14:25.828+0000] {dag.py:2705} INFO - Sync 1 DAGs
[2023-04-27T05:14:25.849+0000] {logging_mixin.py:137} INFO - [2023-04-27T05:14:25.849+0000] {dag.py:3456} INFO - Setting next_dagrun for example_short_circuit_decorator to 2023-04-26T05:14:25.849402+00:00, run_after=2023-04-27T05:14:25.849402+00:00
[2023-04-27T05:14:25.867+0000] {processor.py:175} INFO - Processing /home/airflow/.local/lib/python3.7/site-packages/airflow/example_dags/example_short_circuit_decorator.py took 0.084 seconds
[2023-04-27T05:14:55.950+0000] {processor.py:153} INFO - Started process (PID=1623) to work on /home/airflow/.local/lib/python3.7/site-packages/airflow/example_dags/example_short_circuit_decorator.py
[2023-04-27T05:14:55.950+0000] {processor.py:743} INFO - Processing file /home/airflow/.local/lib/python3.7/site-packages/airflow/example_dags/example_short_circuit_decorator.py for tasks to queue
[2023-04-27T05:14:55.951+0000] {logging_mixin.py:137} INFO - [2023-04-27T05:14:55.950+0000] {dagbag.py:532} INFO - Filling up the DagBag from /home/airflow/.local/lib/python3.7/site-packages/airflow/example_dags/example_short_circuit_decorator.py
[2023-04-27T05:14:55.969+0000] {processor.py:753} INFO - DAG(s) dict_keys(['example_short_circuit_decorator']) retrieved from /home/airflow/.local/lib/python3.7/site-packages/airflow/example_dags/example_short_circuit_decorator.py
[2023-04-27T05:14:55.989+0000] {logging_mixin.py:137} INFO - [2023-04-27T05:14:55.989+0000] {dag.py:2705} INFO - Sync 1 DAGs
[2023-04-27T05:14:56.011+0000] {logging_mixin.py:137} INFO - [2023-04-27T05:14:56.011+0000] {dag.py:3456} INFO - Setting next_dagrun for example_short_circuit_decorator to 2023-04-26T05:14:56.011351+00:00, run_after=2023-04-27T05:14:56.011351+00:00
[2023-04-27T05:14:56.029+0000] {processor.py:175} INFO - Processing /home/airflow/.local/lib/python3.7/site-packages/airflow/example_dags/example_short_circuit_decorator.py took 0.082 seconds
