[2023-04-27T04:59:14.841+0000] {processor.py:153} INFO - Started process (PID=65) to work on /home/airflow/.local/lib/python3.7/site-packages/airflow/example_dags/example_subdag_operator.py
[2023-04-27T04:59:14.842+0000] {processor.py:743} INFO - Processing file /home/airflow/.local/lib/python3.7/site-packages/airflow/example_dags/example_subdag_operator.py for tasks to queue
[2023-04-27T04:59:14.842+0000] {logging_mixin.py:137} INFO - [2023-04-27T04:59:14.842+0000] {dagbag.py:532} INFO - Filling up the DagBag from /home/airflow/.local/lib/python3.7/site-packages/airflow/example_dags/example_subdag_operator.py
[2023-04-27T04:59:14.872+0000] {processor.py:753} INFO - DAG(s) dict_keys(['example_subdag_operator.section-1', 'example_subdag_operator.section-2', 'example_subdag_operator']) retrieved from /home/airflow/.local/lib/python3.7/site-packages/airflow/example_dags/example_subdag_operator.py
[2023-04-27T04:59:14.875+0000] {logging_mixin.py:137} INFO - [2023-04-27T04:59:14.875+0000] {dag.py:2705} INFO - Sync 3 DAGs
[2023-04-27T04:59:14.897+0000] {logging_mixin.py:137} INFO - [2023-04-27T04:59:14.897+0000] {dag.py:3456} INFO - Setting next_dagrun for example_subdag_operator to 2022-01-01T00:00:00+00:00, run_after=2022-01-01T00:00:00+00:00
[2023-04-27T04:59:14.900+0000] {logging_mixin.py:137} INFO - [2023-04-27T04:59:14.900+0000] {dag.py:3456} INFO - Setting next_dagrun for example_subdag_operator.section-1 to None, run_after=None
[2023-04-27T04:59:14.901+0000] {logging_mixin.py:137} INFO - [2023-04-27T04:59:14.901+0000] {dag.py:3456} INFO - Setting next_dagrun for example_subdag_operator.section-2 to None, run_after=None
[2023-04-27T04:59:14.907+0000] {logging_mixin.py:137} INFO - [2023-04-27T04:59:14.907+0000] {dag.py:2705} INFO - Sync 2 DAGs
[2023-04-27T04:59:14.912+0000] {logging_mixin.py:137} INFO - [2023-04-27T04:59:14.912+0000] {dag.py:3456} INFO - Setting next_dagrun for example_subdag_operator.section-1 to None, run_after=None
[2023-04-27T04:59:14.912+0000] {logging_mixin.py:137} INFO - [2023-04-27T04:59:14.912+0000] {dag.py:3456} INFO - Setting next_dagrun for example_subdag_operator.section-2 to None, run_after=None
[2023-04-27T04:59:14.922+0000] {processor.py:175} INFO - Processing /home/airflow/.local/lib/python3.7/site-packages/airflow/example_dags/example_subdag_operator.py took 0.083 seconds
[2023-04-27T04:59:45.570+0000] {processor.py:153} INFO - Started process (PID=114) to work on /home/airflow/.local/lib/python3.7/site-packages/airflow/example_dags/example_subdag_operator.py
[2023-04-27T04:59:45.570+0000] {processor.py:743} INFO - Processing file /home/airflow/.local/lib/python3.7/site-packages/airflow/example_dags/example_subdag_operator.py for tasks to queue
[2023-04-27T04:59:45.571+0000] {logging_mixin.py:137} INFO - [2023-04-27T04:59:45.571+0000] {dagbag.py:532} INFO - Filling up the DagBag from /home/airflow/.local/lib/python3.7/site-packages/airflow/example_dags/example_subdag_operator.py
[2023-04-27T04:59:45.595+0000] {processor.py:753} INFO - DAG(s) dict_keys(['example_subdag_operator.section-1', 'example_subdag_operator.section-2', 'example_subdag_operator']) retrieved from /home/airflow/.local/lib/python3.7/site-packages/airflow/example_dags/example_subdag_operator.py
[2023-04-27T04:59:45.611+0000] {logging_mixin.py:137} INFO - [2023-04-27T04:59:45.611+0000] {dag.py:2705} INFO - Sync 3 DAGs
[2023-04-27T04:59:45.633+0000] {logging_mixin.py:137} INFO - [2023-04-27T04:59:45.632+0000] {dag.py:3456} INFO - Setting next_dagrun for example_subdag_operator to 2022-01-01T00:00:00+00:00, run_after=2022-01-01T00:00:00+00:00
[2023-04-27T04:59:45.635+0000] {logging_mixin.py:137} INFO - [2023-04-27T04:59:45.635+0000] {dag.py:3456} INFO - Setting next_dagrun for example_subdag_operator.section-1 to None, run_after=None
[2023-04-27T04:59:45.636+0000] {logging_mixin.py:137} INFO - [2023-04-27T04:59:45.636+0000] {dag.py:3456} INFO - Setting next_dagrun for example_subdag_operator.section-2 to None, run_after=None
[2023-04-27T04:59:45.641+0000] {logging_mixin.py:137} INFO - [2023-04-27T04:59:45.641+0000] {dag.py:2705} INFO - Sync 2 DAGs
[2023-04-27T04:59:45.646+0000] {logging_mixin.py:137} INFO - [2023-04-27T04:59:45.646+0000] {dag.py:3456} INFO - Setting next_dagrun for example_subdag_operator.section-1 to None, run_after=None
[2023-04-27T04:59:45.646+0000] {logging_mixin.py:137} INFO - [2023-04-27T04:59:45.646+0000] {dag.py:3456} INFO - Setting next_dagrun for example_subdag_operator.section-2 to None, run_after=None
[2023-04-27T04:59:45.656+0000] {processor.py:175} INFO - Processing /home/airflow/.local/lib/python3.7/site-packages/airflow/example_dags/example_subdag_operator.py took 0.088 seconds
[2023-04-27T05:00:15.698+0000] {processor.py:153} INFO - Started process (PID=164) to work on /home/airflow/.local/lib/python3.7/site-packages/airflow/example_dags/example_subdag_operator.py
[2023-04-27T05:00:15.699+0000] {processor.py:743} INFO - Processing file /home/airflow/.local/lib/python3.7/site-packages/airflow/example_dags/example_subdag_operator.py for tasks to queue
[2023-04-27T05:00:15.699+0000] {logging_mixin.py:137} INFO - [2023-04-27T05:00:15.699+0000] {dagbag.py:532} INFO - Filling up the DagBag from /home/airflow/.local/lib/python3.7/site-packages/airflow/example_dags/example_subdag_operator.py
[2023-04-27T05:00:15.721+0000] {processor.py:753} INFO - DAG(s) dict_keys(['example_subdag_operator.section-1', 'example_subdag_operator.section-2', 'example_subdag_operator']) retrieved from /home/airflow/.local/lib/python3.7/site-packages/airflow/example_dags/example_subdag_operator.py
[2023-04-27T05:00:15.735+0000] {logging_mixin.py:137} INFO - [2023-04-27T05:00:15.735+0000] {dag.py:2705} INFO - Sync 3 DAGs
[2023-04-27T05:00:15.754+0000] {logging_mixin.py:137} INFO - [2023-04-27T05:00:15.754+0000] {dag.py:3456} INFO - Setting next_dagrun for example_subdag_operator to 2022-01-01T00:00:00+00:00, run_after=2022-01-01T00:00:00+00:00
[2023-04-27T05:00:15.757+0000] {logging_mixin.py:137} INFO - [2023-04-27T05:00:15.757+0000] {dag.py:3456} INFO - Setting next_dagrun for example_subdag_operator.section-1 to None, run_after=None
[2023-04-27T05:00:15.758+0000] {logging_mixin.py:137} INFO - [2023-04-27T05:00:15.757+0000] {dag.py:3456} INFO - Setting next_dagrun for example_subdag_operator.section-2 to None, run_after=None
[2023-04-27T05:00:15.763+0000] {logging_mixin.py:137} INFO - [2023-04-27T05:00:15.763+0000] {dag.py:2705} INFO - Sync 2 DAGs
[2023-04-27T05:00:15.767+0000] {logging_mixin.py:137} INFO - [2023-04-27T05:00:15.767+0000] {dag.py:3456} INFO - Setting next_dagrun for example_subdag_operator.section-1 to None, run_after=None
[2023-04-27T05:00:15.767+0000] {logging_mixin.py:137} INFO - [2023-04-27T05:00:15.767+0000] {dag.py:3456} INFO - Setting next_dagrun for example_subdag_operator.section-2 to None, run_after=None
[2023-04-27T05:00:15.777+0000] {processor.py:175} INFO - Processing /home/airflow/.local/lib/python3.7/site-packages/airflow/example_dags/example_subdag_operator.py took 0.080 seconds
[2023-04-27T05:00:46.005+0000] {processor.py:153} INFO - Started process (PID=214) to work on /home/airflow/.local/lib/python3.7/site-packages/airflow/example_dags/example_subdag_operator.py
[2023-04-27T05:00:46.006+0000] {processor.py:743} INFO - Processing file /home/airflow/.local/lib/python3.7/site-packages/airflow/example_dags/example_subdag_operator.py for tasks to queue
[2023-04-27T05:00:46.007+0000] {logging_mixin.py:137} INFO - [2023-04-27T05:00:46.006+0000] {dagbag.py:532} INFO - Filling up the DagBag from /home/airflow/.local/lib/python3.7/site-packages/airflow/example_dags/example_subdag_operator.py
[2023-04-27T05:00:46.032+0000] {processor.py:753} INFO - DAG(s) dict_keys(['example_subdag_operator.section-1', 'example_subdag_operator.section-2', 'example_subdag_operator']) retrieved from /home/airflow/.local/lib/python3.7/site-packages/airflow/example_dags/example_subdag_operator.py
[2023-04-27T05:00:46.048+0000] {logging_mixin.py:137} INFO - [2023-04-27T05:00:46.048+0000] {dag.py:2705} INFO - Sync 3 DAGs
[2023-04-27T05:00:46.067+0000] {logging_mixin.py:137} INFO - [2023-04-27T05:00:46.067+0000] {dag.py:3456} INFO - Setting next_dagrun for example_subdag_operator to 2022-01-01T00:00:00+00:00, run_after=2022-01-01T00:00:00+00:00
[2023-04-27T05:00:46.069+0000] {logging_mixin.py:137} INFO - [2023-04-27T05:00:46.069+0000] {dag.py:3456} INFO - Setting next_dagrun for example_subdag_operator.section-1 to None, run_after=None
[2023-04-27T05:00:46.070+0000] {logging_mixin.py:137} INFO - [2023-04-27T05:00:46.070+0000] {dag.py:3456} INFO - Setting next_dagrun for example_subdag_operator.section-2 to None, run_after=None
[2023-04-27T05:00:46.076+0000] {logging_mixin.py:137} INFO - [2023-04-27T05:00:46.075+0000] {dag.py:2705} INFO - Sync 2 DAGs
[2023-04-27T05:00:46.081+0000] {logging_mixin.py:137} INFO - [2023-04-27T05:00:46.081+0000] {dag.py:3456} INFO - Setting next_dagrun for example_subdag_operator.section-1 to None, run_after=None
[2023-04-27T05:00:46.081+0000] {logging_mixin.py:137} INFO - [2023-04-27T05:00:46.081+0000] {dag.py:3456} INFO - Setting next_dagrun for example_subdag_operator.section-2 to None, run_after=None
[2023-04-27T05:00:46.091+0000] {processor.py:175} INFO - Processing /home/airflow/.local/lib/python3.7/site-packages/airflow/example_dags/example_subdag_operator.py took 0.089 seconds
[2023-04-27T05:01:16.171+0000] {processor.py:153} INFO - Started process (PID=264) to work on /home/airflow/.local/lib/python3.7/site-packages/airflow/example_dags/example_subdag_operator.py
[2023-04-27T05:01:16.171+0000] {processor.py:743} INFO - Processing file /home/airflow/.local/lib/python3.7/site-packages/airflow/example_dags/example_subdag_operator.py for tasks to queue
[2023-04-27T05:01:16.172+0000] {logging_mixin.py:137} INFO - [2023-04-27T05:01:16.172+0000] {dagbag.py:532} INFO - Filling up the DagBag from /home/airflow/.local/lib/python3.7/site-packages/airflow/example_dags/example_subdag_operator.py
[2023-04-27T05:01:16.194+0000] {processor.py:753} INFO - DAG(s) dict_keys(['example_subdag_operator.section-1', 'example_subdag_operator.section-2', 'example_subdag_operator']) retrieved from /home/airflow/.local/lib/python3.7/site-packages/airflow/example_dags/example_subdag_operator.py
[2023-04-27T05:01:16.197+0000] {logging_mixin.py:137} INFO - [2023-04-27T05:01:16.197+0000] {dag.py:2705} INFO - Sync 3 DAGs
[2023-04-27T05:01:16.216+0000] {logging_mixin.py:137} INFO - [2023-04-27T05:01:16.216+0000] {dag.py:3456} INFO - Setting next_dagrun for example_subdag_operator to 2022-01-01T00:00:00+00:00, run_after=2022-01-01T00:00:00+00:00
[2023-04-27T05:01:16.218+0000] {logging_mixin.py:137} INFO - [2023-04-27T05:01:16.218+0000] {dag.py:3456} INFO - Setting next_dagrun for example_subdag_operator.section-1 to None, run_after=None
[2023-04-27T05:01:16.219+0000] {logging_mixin.py:137} INFO - [2023-04-27T05:01:16.219+0000] {dag.py:3456} INFO - Setting next_dagrun for example_subdag_operator.section-2 to None, run_after=None
[2023-04-27T05:01:16.224+0000] {logging_mixin.py:137} INFO - [2023-04-27T05:01:16.224+0000] {dag.py:2705} INFO - Sync 2 DAGs
[2023-04-27T05:01:16.229+0000] {logging_mixin.py:137} INFO - [2023-04-27T05:01:16.229+0000] {dag.py:3456} INFO - Setting next_dagrun for example_subdag_operator.section-1 to None, run_after=None
[2023-04-27T05:01:16.229+0000] {logging_mixin.py:137} INFO - [2023-04-27T05:01:16.229+0000] {dag.py:3456} INFO - Setting next_dagrun for example_subdag_operator.section-2 to None, run_after=None
[2023-04-27T05:01:16.238+0000] {processor.py:175} INFO - Processing /home/airflow/.local/lib/python3.7/site-packages/airflow/example_dags/example_subdag_operator.py took 0.069 seconds
[2023-04-27T05:01:46.469+0000] {processor.py:153} INFO - Started process (PID=313) to work on /home/airflow/.local/lib/python3.7/site-packages/airflow/example_dags/example_subdag_operator.py
[2023-04-27T05:01:46.470+0000] {processor.py:743} INFO - Processing file /home/airflow/.local/lib/python3.7/site-packages/airflow/example_dags/example_subdag_operator.py for tasks to queue
[2023-04-27T05:01:46.470+0000] {logging_mixin.py:137} INFO - [2023-04-27T05:01:46.470+0000] {dagbag.py:532} INFO - Filling up the DagBag from /home/airflow/.local/lib/python3.7/site-packages/airflow/example_dags/example_subdag_operator.py
[2023-04-27T05:01:46.493+0000] {processor.py:753} INFO - DAG(s) dict_keys(['example_subdag_operator.section-1', 'example_subdag_operator.section-2', 'example_subdag_operator']) retrieved from /home/airflow/.local/lib/python3.7/site-packages/airflow/example_dags/example_subdag_operator.py
[2023-04-27T05:01:46.508+0000] {logging_mixin.py:137} INFO - [2023-04-27T05:01:46.507+0000] {dag.py:2705} INFO - Sync 3 DAGs
[2023-04-27T05:01:46.527+0000] {logging_mixin.py:137} INFO - [2023-04-27T05:01:46.527+0000] {dag.py:3456} INFO - Setting next_dagrun for example_subdag_operator to 2022-01-01T00:00:00+00:00, run_after=2022-01-01T00:00:00+00:00
[2023-04-27T05:01:46.529+0000] {logging_mixin.py:137} INFO - [2023-04-27T05:01:46.529+0000] {dag.py:3456} INFO - Setting next_dagrun for example_subdag_operator.section-1 to None, run_after=None
[2023-04-27T05:01:46.530+0000] {logging_mixin.py:137} INFO - [2023-04-27T05:01:46.530+0000] {dag.py:3456} INFO - Setting next_dagrun for example_subdag_operator.section-2 to None, run_after=None
[2023-04-27T05:01:46.536+0000] {logging_mixin.py:137} INFO - [2023-04-27T05:01:46.536+0000] {dag.py:2705} INFO - Sync 2 DAGs
[2023-04-27T05:01:46.540+0000] {logging_mixin.py:137} INFO - [2023-04-27T05:01:46.540+0000] {dag.py:3456} INFO - Setting next_dagrun for example_subdag_operator.section-1 to None, run_after=None
[2023-04-27T05:01:46.540+0000] {logging_mixin.py:137} INFO - [2023-04-27T05:01:46.540+0000] {dag.py:3456} INFO - Setting next_dagrun for example_subdag_operator.section-2 to None, run_after=None
[2023-04-27T05:01:46.552+0000] {processor.py:175} INFO - Processing /home/airflow/.local/lib/python3.7/site-packages/airflow/example_dags/example_subdag_operator.py took 0.086 seconds
[2023-04-27T05:02:16.892+0000] {processor.py:153} INFO - Started process (PID=363) to work on /home/airflow/.local/lib/python3.7/site-packages/airflow/example_dags/example_subdag_operator.py
[2023-04-27T05:02:16.893+0000] {processor.py:743} INFO - Processing file /home/airflow/.local/lib/python3.7/site-packages/airflow/example_dags/example_subdag_operator.py for tasks to queue
[2023-04-27T05:02:16.893+0000] {logging_mixin.py:137} INFO - [2023-04-27T05:02:16.893+0000] {dagbag.py:532} INFO - Filling up the DagBag from /home/airflow/.local/lib/python3.7/site-packages/airflow/example_dags/example_subdag_operator.py
[2023-04-27T05:02:16.919+0000] {processor.py:753} INFO - DAG(s) dict_keys(['example_subdag_operator.section-1', 'example_subdag_operator.section-2', 'example_subdag_operator']) retrieved from /home/airflow/.local/lib/python3.7/site-packages/airflow/example_dags/example_subdag_operator.py
[2023-04-27T05:02:16.937+0000] {logging_mixin.py:137} INFO - [2023-04-27T05:02:16.937+0000] {dag.py:2705} INFO - Sync 3 DAGs
[2023-04-27T05:02:16.959+0000] {logging_mixin.py:137} INFO - [2023-04-27T05:02:16.959+0000] {dag.py:3456} INFO - Setting next_dagrun for example_subdag_operator to 2022-01-01T00:00:00+00:00, run_after=2022-01-01T00:00:00+00:00
[2023-04-27T05:02:16.962+0000] {logging_mixin.py:137} INFO - [2023-04-27T05:02:16.961+0000] {dag.py:3456} INFO - Setting next_dagrun for example_subdag_operator.section-1 to None, run_after=None
[2023-04-27T05:02:16.963+0000] {logging_mixin.py:137} INFO - [2023-04-27T05:02:16.962+0000] {dag.py:3456} INFO - Setting next_dagrun for example_subdag_operator.section-2 to None, run_after=None
[2023-04-27T05:02:16.969+0000] {logging_mixin.py:137} INFO - [2023-04-27T05:02:16.969+0000] {dag.py:2705} INFO - Sync 2 DAGs
[2023-04-27T05:02:16.974+0000] {logging_mixin.py:137} INFO - [2023-04-27T05:02:16.974+0000] {dag.py:3456} INFO - Setting next_dagrun for example_subdag_operator.section-1 to None, run_after=None
[2023-04-27T05:02:16.974+0000] {logging_mixin.py:137} INFO - [2023-04-27T05:02:16.974+0000] {dag.py:3456} INFO - Setting next_dagrun for example_subdag_operator.section-2 to None, run_after=None
[2023-04-27T05:02:16.989+0000] {processor.py:175} INFO - Processing /home/airflow/.local/lib/python3.7/site-packages/airflow/example_dags/example_subdag_operator.py took 0.099 seconds
[2023-04-27T05:02:47.476+0000] {processor.py:153} INFO - Started process (PID=413) to work on /home/airflow/.local/lib/python3.7/site-packages/airflow/example_dags/example_subdag_operator.py
[2023-04-27T05:02:47.476+0000] {processor.py:743} INFO - Processing file /home/airflow/.local/lib/python3.7/site-packages/airflow/example_dags/example_subdag_operator.py for tasks to queue
[2023-04-27T05:02:47.477+0000] {logging_mixin.py:137} INFO - [2023-04-27T05:02:47.477+0000] {dagbag.py:532} INFO - Filling up the DagBag from /home/airflow/.local/lib/python3.7/site-packages/airflow/example_dags/example_subdag_operator.py
[2023-04-27T05:02:47.509+0000] {processor.py:753} INFO - DAG(s) dict_keys(['example_subdag_operator.section-1', 'example_subdag_operator.section-2', 'example_subdag_operator']) retrieved from /home/airflow/.local/lib/python3.7/site-packages/airflow/example_dags/example_subdag_operator.py
[2023-04-27T05:02:47.531+0000] {logging_mixin.py:137} INFO - [2023-04-27T05:02:47.530+0000] {dag.py:2705} INFO - Sync 3 DAGs
[2023-04-27T05:02:47.560+0000] {logging_mixin.py:137} INFO - [2023-04-27T05:02:47.559+0000] {dag.py:3456} INFO - Setting next_dagrun for example_subdag_operator to 2022-01-01T00:00:00+00:00, run_after=2022-01-01T00:00:00+00:00
[2023-04-27T05:02:47.563+0000] {logging_mixin.py:137} INFO - [2023-04-27T05:02:47.563+0000] {dag.py:3456} INFO - Setting next_dagrun for example_subdag_operator.section-1 to None, run_after=None
[2023-04-27T05:02:47.565+0000] {logging_mixin.py:137} INFO - [2023-04-27T05:02:47.564+0000] {dag.py:3456} INFO - Setting next_dagrun for example_subdag_operator.section-2 to None, run_after=None
[2023-04-27T05:02:47.572+0000] {logging_mixin.py:137} INFO - [2023-04-27T05:02:47.572+0000] {dag.py:2705} INFO - Sync 2 DAGs
[2023-04-27T05:02:47.578+0000] {logging_mixin.py:137} INFO - [2023-04-27T05:02:47.578+0000] {dag.py:3456} INFO - Setting next_dagrun for example_subdag_operator.section-1 to None, run_after=None
[2023-04-27T05:02:47.578+0000] {logging_mixin.py:137} INFO - [2023-04-27T05:02:47.578+0000] {dag.py:3456} INFO - Setting next_dagrun for example_subdag_operator.section-2 to None, run_after=None
[2023-04-27T05:02:47.590+0000] {processor.py:175} INFO - Processing /home/airflow/.local/lib/python3.7/site-packages/airflow/example_dags/example_subdag_operator.py took 0.123 seconds
[2023-04-27T05:03:17.726+0000] {processor.py:153} INFO - Started process (PID=463) to work on /home/airflow/.local/lib/python3.7/site-packages/airflow/example_dags/example_subdag_operator.py
[2023-04-27T05:03:17.726+0000] {processor.py:743} INFO - Processing file /home/airflow/.local/lib/python3.7/site-packages/airflow/example_dags/example_subdag_operator.py for tasks to queue
[2023-04-27T05:03:17.727+0000] {logging_mixin.py:137} INFO - [2023-04-27T05:03:17.727+0000] {dagbag.py:532} INFO - Filling up the DagBag from /home/airflow/.local/lib/python3.7/site-packages/airflow/example_dags/example_subdag_operator.py
[2023-04-27T05:03:17.746+0000] {processor.py:753} INFO - DAG(s) dict_keys(['example_subdag_operator.section-1', 'example_subdag_operator.section-2', 'example_subdag_operator']) retrieved from /home/airflow/.local/lib/python3.7/site-packages/airflow/example_dags/example_subdag_operator.py
[2023-04-27T05:03:17.760+0000] {logging_mixin.py:137} INFO - [2023-04-27T05:03:17.760+0000] {dag.py:2705} INFO - Sync 3 DAGs
[2023-04-27T05:03:17.775+0000] {logging_mixin.py:137} INFO - [2023-04-27T05:03:17.775+0000] {dag.py:3456} INFO - Setting next_dagrun for example_subdag_operator to 2022-01-01T00:00:00+00:00, run_after=2022-01-01T00:00:00+00:00
[2023-04-27T05:03:17.778+0000] {logging_mixin.py:137} INFO - [2023-04-27T05:03:17.778+0000] {dag.py:3456} INFO - Setting next_dagrun for example_subdag_operator.section-1 to None, run_after=None
[2023-04-27T05:03:17.779+0000] {logging_mixin.py:137} INFO - [2023-04-27T05:03:17.779+0000] {dag.py:3456} INFO - Setting next_dagrun for example_subdag_operator.section-2 to None, run_after=None
[2023-04-27T05:03:17.783+0000] {logging_mixin.py:137} INFO - [2023-04-27T05:03:17.783+0000] {dag.py:2705} INFO - Sync 2 DAGs
[2023-04-27T05:03:17.787+0000] {logging_mixin.py:137} INFO - [2023-04-27T05:03:17.787+0000] {dag.py:3456} INFO - Setting next_dagrun for example_subdag_operator.section-1 to None, run_after=None
[2023-04-27T05:03:17.787+0000] {logging_mixin.py:137} INFO - [2023-04-27T05:03:17.787+0000] {dag.py:3456} INFO - Setting next_dagrun for example_subdag_operator.section-2 to None, run_after=None
[2023-04-27T05:03:17.796+0000] {processor.py:175} INFO - Processing /home/airflow/.local/lib/python3.7/site-packages/airflow/example_dags/example_subdag_operator.py took 0.072 seconds
[2023-04-27T05:03:48.206+0000] {processor.py:153} INFO - Started process (PID=513) to work on /home/airflow/.local/lib/python3.7/site-packages/airflow/example_dags/example_subdag_operator.py
[2023-04-27T05:03:48.207+0000] {processor.py:743} INFO - Processing file /home/airflow/.local/lib/python3.7/site-packages/airflow/example_dags/example_subdag_operator.py for tasks to queue
[2023-04-27T05:03:48.207+0000] {logging_mixin.py:137} INFO - [2023-04-27T05:03:48.207+0000] {dagbag.py:532} INFO - Filling up the DagBag from /home/airflow/.local/lib/python3.7/site-packages/airflow/example_dags/example_subdag_operator.py
[2023-04-27T05:03:48.226+0000] {processor.py:753} INFO - DAG(s) dict_keys(['example_subdag_operator.section-1', 'example_subdag_operator.section-2', 'example_subdag_operator']) retrieved from /home/airflow/.local/lib/python3.7/site-packages/airflow/example_dags/example_subdag_operator.py
[2023-04-27T05:03:48.239+0000] {logging_mixin.py:137} INFO - [2023-04-27T05:03:48.239+0000] {dag.py:2705} INFO - Sync 3 DAGs
[2023-04-27T05:03:48.255+0000] {logging_mixin.py:137} INFO - [2023-04-27T05:03:48.255+0000] {dag.py:3456} INFO - Setting next_dagrun for example_subdag_operator to 2022-01-01T00:00:00+00:00, run_after=2022-01-01T00:00:00+00:00
[2023-04-27T05:03:48.257+0000] {logging_mixin.py:137} INFO - [2023-04-27T05:03:48.257+0000] {dag.py:3456} INFO - Setting next_dagrun for example_subdag_operator.section-1 to None, run_after=None
[2023-04-27T05:03:48.257+0000] {logging_mixin.py:137} INFO - [2023-04-27T05:03:48.257+0000] {dag.py:3456} INFO - Setting next_dagrun for example_subdag_operator.section-2 to None, run_after=None
[2023-04-27T05:03:48.262+0000] {logging_mixin.py:137} INFO - [2023-04-27T05:03:48.262+0000] {dag.py:2705} INFO - Sync 2 DAGs
[2023-04-27T05:03:48.266+0000] {logging_mixin.py:137} INFO - [2023-04-27T05:03:48.266+0000] {dag.py:3456} INFO - Setting next_dagrun for example_subdag_operator.section-1 to None, run_after=None
[2023-04-27T05:03:48.266+0000] {logging_mixin.py:137} INFO - [2023-04-27T05:03:48.266+0000] {dag.py:3456} INFO - Setting next_dagrun for example_subdag_operator.section-2 to None, run_after=None
[2023-04-27T05:03:48.274+0000] {processor.py:175} INFO - Processing /home/airflow/.local/lib/python3.7/site-packages/airflow/example_dags/example_subdag_operator.py took 0.069 seconds
[2023-04-27T05:04:18.581+0000] {processor.py:153} INFO - Started process (PID=562) to work on /home/airflow/.local/lib/python3.7/site-packages/airflow/example_dags/example_subdag_operator.py
[2023-04-27T05:04:18.581+0000] {processor.py:743} INFO - Processing file /home/airflow/.local/lib/python3.7/site-packages/airflow/example_dags/example_subdag_operator.py for tasks to queue
[2023-04-27T05:04:18.582+0000] {logging_mixin.py:137} INFO - [2023-04-27T05:04:18.582+0000] {dagbag.py:532} INFO - Filling up the DagBag from /home/airflow/.local/lib/python3.7/site-packages/airflow/example_dags/example_subdag_operator.py
[2023-04-27T05:04:18.601+0000] {processor.py:753} INFO - DAG(s) dict_keys(['example_subdag_operator.section-1', 'example_subdag_operator.section-2', 'example_subdag_operator']) retrieved from /home/airflow/.local/lib/python3.7/site-packages/airflow/example_dags/example_subdag_operator.py
[2023-04-27T05:04:18.617+0000] {logging_mixin.py:137} INFO - [2023-04-27T05:04:18.616+0000] {dag.py:2705} INFO - Sync 3 DAGs
[2023-04-27T05:04:18.632+0000] {logging_mixin.py:137} INFO - [2023-04-27T05:04:18.632+0000] {dag.py:3456} INFO - Setting next_dagrun for example_subdag_operator to 2022-01-01T00:00:00+00:00, run_after=2022-01-01T00:00:00+00:00
[2023-04-27T05:04:18.635+0000] {logging_mixin.py:137} INFO - [2023-04-27T05:04:18.634+0000] {dag.py:3456} INFO - Setting next_dagrun for example_subdag_operator.section-1 to None, run_after=None
[2023-04-27T05:04:18.635+0000] {logging_mixin.py:137} INFO - [2023-04-27T05:04:18.635+0000] {dag.py:3456} INFO - Setting next_dagrun for example_subdag_operator.section-2 to None, run_after=None
[2023-04-27T05:04:18.640+0000] {logging_mixin.py:137} INFO - [2023-04-27T05:04:18.640+0000] {dag.py:2705} INFO - Sync 2 DAGs
[2023-04-27T05:04:18.643+0000] {logging_mixin.py:137} INFO - [2023-04-27T05:04:18.643+0000] {dag.py:3456} INFO - Setting next_dagrun for example_subdag_operator.section-1 to None, run_after=None
[2023-04-27T05:04:18.643+0000] {logging_mixin.py:137} INFO - [2023-04-27T05:04:18.643+0000] {dag.py:3456} INFO - Setting next_dagrun for example_subdag_operator.section-2 to None, run_after=None
[2023-04-27T05:04:18.652+0000] {processor.py:175} INFO - Processing /home/airflow/.local/lib/python3.7/site-packages/airflow/example_dags/example_subdag_operator.py took 0.074 seconds
[2023-04-27T05:04:48.781+0000] {processor.py:153} INFO - Started process (PID=612) to work on /home/airflow/.local/lib/python3.7/site-packages/airflow/example_dags/example_subdag_operator.py
[2023-04-27T05:04:48.781+0000] {processor.py:743} INFO - Processing file /home/airflow/.local/lib/python3.7/site-packages/airflow/example_dags/example_subdag_operator.py for tasks to queue
[2023-04-27T05:04:48.782+0000] {logging_mixin.py:137} INFO - [2023-04-27T05:04:48.782+0000] {dagbag.py:532} INFO - Filling up the DagBag from /home/airflow/.local/lib/python3.7/site-packages/airflow/example_dags/example_subdag_operator.py
[2023-04-27T05:04:48.801+0000] {processor.py:753} INFO - DAG(s) dict_keys(['example_subdag_operator.section-1', 'example_subdag_operator.section-2', 'example_subdag_operator']) retrieved from /home/airflow/.local/lib/python3.7/site-packages/airflow/example_dags/example_subdag_operator.py
[2023-04-27T05:04:48.813+0000] {logging_mixin.py:137} INFO - [2023-04-27T05:04:48.813+0000] {dag.py:2705} INFO - Sync 3 DAGs
[2023-04-27T05:04:48.829+0000] {logging_mixin.py:137} INFO - [2023-04-27T05:04:48.829+0000] {dag.py:3456} INFO - Setting next_dagrun for example_subdag_operator to 2022-01-01T00:00:00+00:00, run_after=2022-01-01T00:00:00+00:00
[2023-04-27T05:04:48.831+0000] {logging_mixin.py:137} INFO - [2023-04-27T05:04:48.831+0000] {dag.py:3456} INFO - Setting next_dagrun for example_subdag_operator.section-1 to None, run_after=None
[2023-04-27T05:04:48.832+0000] {logging_mixin.py:137} INFO - [2023-04-27T05:04:48.832+0000] {dag.py:3456} INFO - Setting next_dagrun for example_subdag_operator.section-2 to None, run_after=None
[2023-04-27T05:04:48.836+0000] {logging_mixin.py:137} INFO - [2023-04-27T05:04:48.836+0000] {dag.py:2705} INFO - Sync 2 DAGs
[2023-04-27T05:04:48.840+0000] {logging_mixin.py:137} INFO - [2023-04-27T05:04:48.839+0000] {dag.py:3456} INFO - Setting next_dagrun for example_subdag_operator.section-1 to None, run_after=None
[2023-04-27T05:04:48.840+0000] {logging_mixin.py:137} INFO - [2023-04-27T05:04:48.840+0000] {dag.py:3456} INFO - Setting next_dagrun for example_subdag_operator.section-2 to None, run_after=None
[2023-04-27T05:04:48.848+0000] {processor.py:175} INFO - Processing /home/airflow/.local/lib/python3.7/site-packages/airflow/example_dags/example_subdag_operator.py took 0.070 seconds
[2023-04-27T05:05:18.961+0000] {processor.py:153} INFO - Started process (PID=662) to work on /home/airflow/.local/lib/python3.7/site-packages/airflow/example_dags/example_subdag_operator.py
[2023-04-27T05:05:18.961+0000] {processor.py:743} INFO - Processing file /home/airflow/.local/lib/python3.7/site-packages/airflow/example_dags/example_subdag_operator.py for tasks to queue
[2023-04-27T05:05:18.962+0000] {logging_mixin.py:137} INFO - [2023-04-27T05:05:18.962+0000] {dagbag.py:532} INFO - Filling up the DagBag from /home/airflow/.local/lib/python3.7/site-packages/airflow/example_dags/example_subdag_operator.py
[2023-04-27T05:05:18.981+0000] {processor.py:753} INFO - DAG(s) dict_keys(['example_subdag_operator.section-1', 'example_subdag_operator.section-2', 'example_subdag_operator']) retrieved from /home/airflow/.local/lib/python3.7/site-packages/airflow/example_dags/example_subdag_operator.py
[2023-04-27T05:05:18.993+0000] {logging_mixin.py:137} INFO - [2023-04-27T05:05:18.993+0000] {dag.py:2705} INFO - Sync 3 DAGs
[2023-04-27T05:05:19.010+0000] {logging_mixin.py:137} INFO - [2023-04-27T05:05:19.010+0000] {dag.py:3456} INFO - Setting next_dagrun for example_subdag_operator to 2022-01-01T00:00:00+00:00, run_after=2022-01-01T00:00:00+00:00
[2023-04-27T05:05:19.012+0000] {logging_mixin.py:137} INFO - [2023-04-27T05:05:19.012+0000] {dag.py:3456} INFO - Setting next_dagrun for example_subdag_operator.section-1 to None, run_after=None
[2023-04-27T05:05:19.013+0000] {logging_mixin.py:137} INFO - [2023-04-27T05:05:19.013+0000] {dag.py:3456} INFO - Setting next_dagrun for example_subdag_operator.section-2 to None, run_after=None
[2023-04-27T05:05:19.018+0000] {logging_mixin.py:137} INFO - [2023-04-27T05:05:19.018+0000] {dag.py:2705} INFO - Sync 2 DAGs
[2023-04-27T05:05:19.021+0000] {logging_mixin.py:137} INFO - [2023-04-27T05:05:19.021+0000] {dag.py:3456} INFO - Setting next_dagrun for example_subdag_operator.section-1 to None, run_after=None
[2023-04-27T05:05:19.021+0000] {logging_mixin.py:137} INFO - [2023-04-27T05:05:19.021+0000] {dag.py:3456} INFO - Setting next_dagrun for example_subdag_operator.section-2 to None, run_after=None
[2023-04-27T05:05:19.028+0000] {processor.py:175} INFO - Processing /home/airflow/.local/lib/python3.7/site-packages/airflow/example_dags/example_subdag_operator.py took 0.069 seconds
[2023-04-27T05:05:49.209+0000] {processor.py:153} INFO - Started process (PID=712) to work on /home/airflow/.local/lib/python3.7/site-packages/airflow/example_dags/example_subdag_operator.py
[2023-04-27T05:05:49.209+0000] {processor.py:743} INFO - Processing file /home/airflow/.local/lib/python3.7/site-packages/airflow/example_dags/example_subdag_operator.py for tasks to queue
[2023-04-27T05:05:49.210+0000] {logging_mixin.py:137} INFO - [2023-04-27T05:05:49.210+0000] {dagbag.py:532} INFO - Filling up the DagBag from /home/airflow/.local/lib/python3.7/site-packages/airflow/example_dags/example_subdag_operator.py
[2023-04-27T05:05:49.232+0000] {processor.py:753} INFO - DAG(s) dict_keys(['example_subdag_operator.section-1', 'example_subdag_operator.section-2', 'example_subdag_operator']) retrieved from /home/airflow/.local/lib/python3.7/site-packages/airflow/example_dags/example_subdag_operator.py
[2023-04-27T05:05:49.247+0000] {logging_mixin.py:137} INFO - [2023-04-27T05:05:49.247+0000] {dag.py:2705} INFO - Sync 3 DAGs
[2023-04-27T05:05:49.267+0000] {logging_mixin.py:137} INFO - [2023-04-27T05:05:49.267+0000] {dag.py:3456} INFO - Setting next_dagrun for example_subdag_operator to 2022-01-01T00:00:00+00:00, run_after=2022-01-01T00:00:00+00:00
[2023-04-27T05:05:49.269+0000] {logging_mixin.py:137} INFO - [2023-04-27T05:05:49.269+0000] {dag.py:3456} INFO - Setting next_dagrun for example_subdag_operator.section-1 to None, run_after=None
[2023-04-27T05:05:49.270+0000] {logging_mixin.py:137} INFO - [2023-04-27T05:05:49.270+0000] {dag.py:3456} INFO - Setting next_dagrun for example_subdag_operator.section-2 to None, run_after=None
[2023-04-27T05:05:49.275+0000] {logging_mixin.py:137} INFO - [2023-04-27T05:05:49.275+0000] {dag.py:2705} INFO - Sync 2 DAGs
[2023-04-27T05:05:49.280+0000] {logging_mixin.py:137} INFO - [2023-04-27T05:05:49.279+0000] {dag.py:3456} INFO - Setting next_dagrun for example_subdag_operator.section-1 to None, run_after=None
[2023-04-27T05:05:49.280+0000] {logging_mixin.py:137} INFO - [2023-04-27T05:05:49.280+0000] {dag.py:3456} INFO - Setting next_dagrun for example_subdag_operator.section-2 to None, run_after=None
[2023-04-27T05:05:49.289+0000] {processor.py:175} INFO - Processing /home/airflow/.local/lib/python3.7/site-packages/airflow/example_dags/example_subdag_operator.py took 0.082 seconds
[2023-04-27T05:06:19.376+0000] {processor.py:153} INFO - Started process (PID=762) to work on /home/airflow/.local/lib/python3.7/site-packages/airflow/example_dags/example_subdag_operator.py
[2023-04-27T05:06:19.377+0000] {processor.py:743} INFO - Processing file /home/airflow/.local/lib/python3.7/site-packages/airflow/example_dags/example_subdag_operator.py for tasks to queue
[2023-04-27T05:06:19.377+0000] {logging_mixin.py:137} INFO - [2023-04-27T05:06:19.377+0000] {dagbag.py:532} INFO - Filling up the DagBag from /home/airflow/.local/lib/python3.7/site-packages/airflow/example_dags/example_subdag_operator.py
[2023-04-27T05:06:19.402+0000] {processor.py:753} INFO - DAG(s) dict_keys(['example_subdag_operator.section-1', 'example_subdag_operator.section-2', 'example_subdag_operator']) retrieved from /home/airflow/.local/lib/python3.7/site-packages/airflow/example_dags/example_subdag_operator.py
[2023-04-27T05:06:19.418+0000] {logging_mixin.py:137} INFO - [2023-04-27T05:06:19.418+0000] {dag.py:2705} INFO - Sync 3 DAGs
[2023-04-27T05:06:19.436+0000] {logging_mixin.py:137} INFO - [2023-04-27T05:06:19.436+0000] {dag.py:3456} INFO - Setting next_dagrun for example_subdag_operator to 2022-01-01T00:00:00+00:00, run_after=2022-01-01T00:00:00+00:00
[2023-04-27T05:06:19.438+0000] {logging_mixin.py:137} INFO - [2023-04-27T05:06:19.438+0000] {dag.py:3456} INFO - Setting next_dagrun for example_subdag_operator.section-1 to None, run_after=None
[2023-04-27T05:06:19.439+0000] {logging_mixin.py:137} INFO - [2023-04-27T05:06:19.439+0000] {dag.py:3456} INFO - Setting next_dagrun for example_subdag_operator.section-2 to None, run_after=None
[2023-04-27T05:06:19.445+0000] {logging_mixin.py:137} INFO - [2023-04-27T05:06:19.445+0000] {dag.py:2705} INFO - Sync 2 DAGs
[2023-04-27T05:06:19.449+0000] {logging_mixin.py:137} INFO - [2023-04-27T05:06:19.449+0000] {dag.py:3456} INFO - Setting next_dagrun for example_subdag_operator.section-1 to None, run_after=None
[2023-04-27T05:06:19.449+0000] {logging_mixin.py:137} INFO - [2023-04-27T05:06:19.449+0000] {dag.py:3456} INFO - Setting next_dagrun for example_subdag_operator.section-2 to None, run_after=None
[2023-04-27T05:06:19.459+0000] {processor.py:175} INFO - Processing /home/airflow/.local/lib/python3.7/site-packages/airflow/example_dags/example_subdag_operator.py took 0.085 seconds
[2023-04-27T05:06:49.612+0000] {processor.py:153} INFO - Started process (PID=812) to work on /home/airflow/.local/lib/python3.7/site-packages/airflow/example_dags/example_subdag_operator.py
[2023-04-27T05:06:49.612+0000] {processor.py:743} INFO - Processing file /home/airflow/.local/lib/python3.7/site-packages/airflow/example_dags/example_subdag_operator.py for tasks to queue
[2023-04-27T05:06:49.613+0000] {logging_mixin.py:137} INFO - [2023-04-27T05:06:49.613+0000] {dagbag.py:532} INFO - Filling up the DagBag from /home/airflow/.local/lib/python3.7/site-packages/airflow/example_dags/example_subdag_operator.py
[2023-04-27T05:06:49.635+0000] {processor.py:753} INFO - DAG(s) dict_keys(['example_subdag_operator.section-1', 'example_subdag_operator.section-2', 'example_subdag_operator']) retrieved from /home/airflow/.local/lib/python3.7/site-packages/airflow/example_dags/example_subdag_operator.py
[2023-04-27T05:06:49.649+0000] {logging_mixin.py:137} INFO - [2023-04-27T05:06:49.649+0000] {dag.py:2705} INFO - Sync 3 DAGs
[2023-04-27T05:06:49.668+0000] {logging_mixin.py:137} INFO - [2023-04-27T05:06:49.668+0000] {dag.py:3456} INFO - Setting next_dagrun for example_subdag_operator to 2022-01-01T00:00:00+00:00, run_after=2022-01-01T00:00:00+00:00
[2023-04-27T05:06:49.670+0000] {logging_mixin.py:137} INFO - [2023-04-27T05:06:49.670+0000] {dag.py:3456} INFO - Setting next_dagrun for example_subdag_operator.section-1 to None, run_after=None
[2023-04-27T05:06:49.671+0000] {logging_mixin.py:137} INFO - [2023-04-27T05:06:49.671+0000] {dag.py:3456} INFO - Setting next_dagrun for example_subdag_operator.section-2 to None, run_after=None
[2023-04-27T05:06:49.677+0000] {logging_mixin.py:137} INFO - [2023-04-27T05:06:49.677+0000] {dag.py:2705} INFO - Sync 2 DAGs
[2023-04-27T05:06:49.682+0000] {logging_mixin.py:137} INFO - [2023-04-27T05:06:49.682+0000] {dag.py:3456} INFO - Setting next_dagrun for example_subdag_operator.section-1 to None, run_after=None
[2023-04-27T05:06:49.682+0000] {logging_mixin.py:137} INFO - [2023-04-27T05:06:49.682+0000] {dag.py:3456} INFO - Setting next_dagrun for example_subdag_operator.section-2 to None, run_after=None
[2023-04-27T05:06:49.692+0000] {processor.py:175} INFO - Processing /home/airflow/.local/lib/python3.7/site-packages/airflow/example_dags/example_subdag_operator.py took 0.082 seconds
[2023-04-27T05:07:19.927+0000] {processor.py:153} INFO - Started process (PID=862) to work on /home/airflow/.local/lib/python3.7/site-packages/airflow/example_dags/example_subdag_operator.py
[2023-04-27T05:07:19.928+0000] {processor.py:743} INFO - Processing file /home/airflow/.local/lib/python3.7/site-packages/airflow/example_dags/example_subdag_operator.py for tasks to queue
[2023-04-27T05:07:19.928+0000] {logging_mixin.py:137} INFO - [2023-04-27T05:07:19.928+0000] {dagbag.py:532} INFO - Filling up the DagBag from /home/airflow/.local/lib/python3.7/site-packages/airflow/example_dags/example_subdag_operator.py
[2023-04-27T05:07:19.950+0000] {processor.py:753} INFO - DAG(s) dict_keys(['example_subdag_operator.section-1', 'example_subdag_operator.section-2', 'example_subdag_operator']) retrieved from /home/airflow/.local/lib/python3.7/site-packages/airflow/example_dags/example_subdag_operator.py
[2023-04-27T05:07:19.968+0000] {logging_mixin.py:137} INFO - [2023-04-27T05:07:19.967+0000] {dag.py:2705} INFO - Sync 3 DAGs
[2023-04-27T05:07:19.987+0000] {logging_mixin.py:137} INFO - [2023-04-27T05:07:19.987+0000] {dag.py:3456} INFO - Setting next_dagrun for example_subdag_operator to 2022-01-01T00:00:00+00:00, run_after=2022-01-01T00:00:00+00:00
[2023-04-27T05:07:19.989+0000] {logging_mixin.py:137} INFO - [2023-04-27T05:07:19.989+0000] {dag.py:3456} INFO - Setting next_dagrun for example_subdag_operator.section-1 to None, run_after=None
[2023-04-27T05:07:19.990+0000] {logging_mixin.py:137} INFO - [2023-04-27T05:07:19.990+0000] {dag.py:3456} INFO - Setting next_dagrun for example_subdag_operator.section-2 to None, run_after=None
[2023-04-27T05:07:19.996+0000] {logging_mixin.py:137} INFO - [2023-04-27T05:07:19.996+0000] {dag.py:2705} INFO - Sync 2 DAGs
[2023-04-27T05:07:20.000+0000] {logging_mixin.py:137} INFO - [2023-04-27T05:07:20.000+0000] {dag.py:3456} INFO - Setting next_dagrun for example_subdag_operator.section-1 to None, run_after=None
[2023-04-27T05:07:20.000+0000] {logging_mixin.py:137} INFO - [2023-04-27T05:07:20.000+0000] {dag.py:3456} INFO - Setting next_dagrun for example_subdag_operator.section-2 to None, run_after=None
[2023-04-27T05:07:20.013+0000] {processor.py:175} INFO - Processing /home/airflow/.local/lib/python3.7/site-packages/airflow/example_dags/example_subdag_operator.py took 0.088 seconds
[2023-04-27T05:07:50.040+0000] {processor.py:153} INFO - Started process (PID=912) to work on /home/airflow/.local/lib/python3.7/site-packages/airflow/example_dags/example_subdag_operator.py
[2023-04-27T05:07:50.041+0000] {processor.py:743} INFO - Processing file /home/airflow/.local/lib/python3.7/site-packages/airflow/example_dags/example_subdag_operator.py for tasks to queue
[2023-04-27T05:07:50.041+0000] {logging_mixin.py:137} INFO - [2023-04-27T05:07:50.041+0000] {dagbag.py:532} INFO - Filling up the DagBag from /home/airflow/.local/lib/python3.7/site-packages/airflow/example_dags/example_subdag_operator.py
[2023-04-27T05:07:50.063+0000] {processor.py:753} INFO - DAG(s) dict_keys(['example_subdag_operator.section-1', 'example_subdag_operator.section-2', 'example_subdag_operator']) retrieved from /home/airflow/.local/lib/python3.7/site-packages/airflow/example_dags/example_subdag_operator.py
[2023-04-27T05:07:50.077+0000] {logging_mixin.py:137} INFO - [2023-04-27T05:07:50.077+0000] {dag.py:2705} INFO - Sync 3 DAGs
[2023-04-27T05:07:50.095+0000] {logging_mixin.py:137} INFO - [2023-04-27T05:07:50.095+0000] {dag.py:3456} INFO - Setting next_dagrun for example_subdag_operator to 2022-01-01T00:00:00+00:00, run_after=2022-01-01T00:00:00+00:00
[2023-04-27T05:07:50.097+0000] {logging_mixin.py:137} INFO - [2023-04-27T05:07:50.097+0000] {dag.py:3456} INFO - Setting next_dagrun for example_subdag_operator.section-1 to None, run_after=None
[2023-04-27T05:07:50.098+0000] {logging_mixin.py:137} INFO - [2023-04-27T05:07:50.098+0000] {dag.py:3456} INFO - Setting next_dagrun for example_subdag_operator.section-2 to None, run_after=None
[2023-04-27T05:07:50.103+0000] {logging_mixin.py:137} INFO - [2023-04-27T05:07:50.103+0000] {dag.py:2705} INFO - Sync 2 DAGs
[2023-04-27T05:07:50.108+0000] {logging_mixin.py:137} INFO - [2023-04-27T05:07:50.108+0000] {dag.py:3456} INFO - Setting next_dagrun for example_subdag_operator.section-1 to None, run_after=None
[2023-04-27T05:07:50.108+0000] {logging_mixin.py:137} INFO - [2023-04-27T05:07:50.108+0000] {dag.py:3456} INFO - Setting next_dagrun for example_subdag_operator.section-2 to None, run_after=None
[2023-04-27T05:07:50.117+0000] {processor.py:175} INFO - Processing /home/airflow/.local/lib/python3.7/site-packages/airflow/example_dags/example_subdag_operator.py took 0.079 seconds
[2023-04-27T05:08:20.176+0000] {processor.py:153} INFO - Started process (PID=962) to work on /home/airflow/.local/lib/python3.7/site-packages/airflow/example_dags/example_subdag_operator.py
[2023-04-27T05:08:20.176+0000] {processor.py:743} INFO - Processing file /home/airflow/.local/lib/python3.7/site-packages/airflow/example_dags/example_subdag_operator.py for tasks to queue
[2023-04-27T05:08:20.177+0000] {logging_mixin.py:137} INFO - [2023-04-27T05:08:20.177+0000] {dagbag.py:532} INFO - Filling up the DagBag from /home/airflow/.local/lib/python3.7/site-packages/airflow/example_dags/example_subdag_operator.py
[2023-04-27T05:08:20.198+0000] {processor.py:753} INFO - DAG(s) dict_keys(['example_subdag_operator.section-1', 'example_subdag_operator.section-2', 'example_subdag_operator']) retrieved from /home/airflow/.local/lib/python3.7/site-packages/airflow/example_dags/example_subdag_operator.py
[2023-04-27T05:08:20.212+0000] {logging_mixin.py:137} INFO - [2023-04-27T05:08:20.212+0000] {dag.py:2705} INFO - Sync 3 DAGs
[2023-04-27T05:08:20.230+0000] {logging_mixin.py:137} INFO - [2023-04-27T05:08:20.230+0000] {dag.py:3456} INFO - Setting next_dagrun for example_subdag_operator to 2022-01-01T00:00:00+00:00, run_after=2022-01-01T00:00:00+00:00
[2023-04-27T05:08:20.232+0000] {logging_mixin.py:137} INFO - [2023-04-27T05:08:20.232+0000] {dag.py:3456} INFO - Setting next_dagrun for example_subdag_operator.section-1 to None, run_after=None
[2023-04-27T05:08:20.233+0000] {logging_mixin.py:137} INFO - [2023-04-27T05:08:20.233+0000] {dag.py:3456} INFO - Setting next_dagrun for example_subdag_operator.section-2 to None, run_after=None
[2023-04-27T05:08:20.238+0000] {logging_mixin.py:137} INFO - [2023-04-27T05:08:20.238+0000] {dag.py:2705} INFO - Sync 2 DAGs
[2023-04-27T05:08:20.242+0000] {logging_mixin.py:137} INFO - [2023-04-27T05:08:20.242+0000] {dag.py:3456} INFO - Setting next_dagrun for example_subdag_operator.section-1 to None, run_after=None
[2023-04-27T05:08:20.242+0000] {logging_mixin.py:137} INFO - [2023-04-27T05:08:20.242+0000] {dag.py:3456} INFO - Setting next_dagrun for example_subdag_operator.section-2 to None, run_after=None
[2023-04-27T05:08:20.251+0000] {processor.py:175} INFO - Processing /home/airflow/.local/lib/python3.7/site-packages/airflow/example_dags/example_subdag_operator.py took 0.077 seconds
[2023-04-27T05:08:50.377+0000] {processor.py:153} INFO - Started process (PID=1012) to work on /home/airflow/.local/lib/python3.7/site-packages/airflow/example_dags/example_subdag_operator.py
[2023-04-27T05:08:50.378+0000] {processor.py:743} INFO - Processing file /home/airflow/.local/lib/python3.7/site-packages/airflow/example_dags/example_subdag_operator.py for tasks to queue
[2023-04-27T05:08:50.378+0000] {logging_mixin.py:137} INFO - [2023-04-27T05:08:50.378+0000] {dagbag.py:532} INFO - Filling up the DagBag from /home/airflow/.local/lib/python3.7/site-packages/airflow/example_dags/example_subdag_operator.py
[2023-04-27T05:08:50.397+0000] {processor.py:753} INFO - DAG(s) dict_keys(['example_subdag_operator.section-1', 'example_subdag_operator.section-2', 'example_subdag_operator']) retrieved from /home/airflow/.local/lib/python3.7/site-packages/airflow/example_dags/example_subdag_operator.py
[2023-04-27T05:08:50.408+0000] {logging_mixin.py:137} INFO - [2023-04-27T05:08:50.408+0000] {dag.py:2705} INFO - Sync 3 DAGs
[2023-04-27T05:08:50.423+0000] {logging_mixin.py:137} INFO - [2023-04-27T05:08:50.423+0000] {dag.py:3456} INFO - Setting next_dagrun for example_subdag_operator to 2022-01-01T00:00:00+00:00, run_after=2022-01-01T00:00:00+00:00
[2023-04-27T05:08:50.425+0000] {logging_mixin.py:137} INFO - [2023-04-27T05:08:50.425+0000] {dag.py:3456} INFO - Setting next_dagrun for example_subdag_operator.section-1 to None, run_after=None
[2023-04-27T05:08:50.426+0000] {logging_mixin.py:137} INFO - [2023-04-27T05:08:50.426+0000] {dag.py:3456} INFO - Setting next_dagrun for example_subdag_operator.section-2 to None, run_after=None
[2023-04-27T05:08:50.430+0000] {logging_mixin.py:137} INFO - [2023-04-27T05:08:50.430+0000] {dag.py:2705} INFO - Sync 2 DAGs
[2023-04-27T05:08:50.433+0000] {logging_mixin.py:137} INFO - [2023-04-27T05:08:50.433+0000] {dag.py:3456} INFO - Setting next_dagrun for example_subdag_operator.section-1 to None, run_after=None
[2023-04-27T05:08:50.433+0000] {logging_mixin.py:137} INFO - [2023-04-27T05:08:50.433+0000] {dag.py:3456} INFO - Setting next_dagrun for example_subdag_operator.section-2 to None, run_after=None
[2023-04-27T05:08:50.441+0000] {processor.py:175} INFO - Processing /home/airflow/.local/lib/python3.7/site-packages/airflow/example_dags/example_subdag_operator.py took 0.065 seconds
[2023-04-27T05:09:20.715+0000] {processor.py:153} INFO - Started process (PID=1062) to work on /home/airflow/.local/lib/python3.7/site-packages/airflow/example_dags/example_subdag_operator.py
[2023-04-27T05:09:20.716+0000] {processor.py:743} INFO - Processing file /home/airflow/.local/lib/python3.7/site-packages/airflow/example_dags/example_subdag_operator.py for tasks to queue
[2023-04-27T05:09:20.716+0000] {logging_mixin.py:137} INFO - [2023-04-27T05:09:20.716+0000] {dagbag.py:532} INFO - Filling up the DagBag from /home/airflow/.local/lib/python3.7/site-packages/airflow/example_dags/example_subdag_operator.py
[2023-04-27T05:09:20.735+0000] {processor.py:753} INFO - DAG(s) dict_keys(['example_subdag_operator.section-1', 'example_subdag_operator.section-2', 'example_subdag_operator']) retrieved from /home/airflow/.local/lib/python3.7/site-packages/airflow/example_dags/example_subdag_operator.py
[2023-04-27T05:09:20.747+0000] {logging_mixin.py:137} INFO - [2023-04-27T05:09:20.747+0000] {dag.py:2705} INFO - Sync 3 DAGs
[2023-04-27T05:09:20.762+0000] {logging_mixin.py:137} INFO - [2023-04-27T05:09:20.762+0000] {dag.py:3456} INFO - Setting next_dagrun for example_subdag_operator to 2022-01-01T00:00:00+00:00, run_after=2022-01-01T00:00:00+00:00
[2023-04-27T05:09:20.764+0000] {logging_mixin.py:137} INFO - [2023-04-27T05:09:20.764+0000] {dag.py:3456} INFO - Setting next_dagrun for example_subdag_operator.section-1 to None, run_after=None
[2023-04-27T05:09:20.764+0000] {logging_mixin.py:137} INFO - [2023-04-27T05:09:20.764+0000] {dag.py:3456} INFO - Setting next_dagrun for example_subdag_operator.section-2 to None, run_after=None
[2023-04-27T05:09:20.769+0000] {logging_mixin.py:137} INFO - [2023-04-27T05:09:20.769+0000] {dag.py:2705} INFO - Sync 2 DAGs
[2023-04-27T05:09:20.772+0000] {logging_mixin.py:137} INFO - [2023-04-27T05:09:20.772+0000] {dag.py:3456} INFO - Setting next_dagrun for example_subdag_operator.section-1 to None, run_after=None
[2023-04-27T05:09:20.772+0000] {logging_mixin.py:137} INFO - [2023-04-27T05:09:20.772+0000] {dag.py:3456} INFO - Setting next_dagrun for example_subdag_operator.section-2 to None, run_after=None
[2023-04-27T05:09:20.784+0000] {processor.py:175} INFO - Processing /home/airflow/.local/lib/python3.7/site-packages/airflow/example_dags/example_subdag_operator.py took 0.071 seconds
[2023-04-27T05:09:50.949+0000] {processor.py:153} INFO - Started process (PID=1112) to work on /home/airflow/.local/lib/python3.7/site-packages/airflow/example_dags/example_subdag_operator.py
[2023-04-27T05:09:50.949+0000] {processor.py:743} INFO - Processing file /home/airflow/.local/lib/python3.7/site-packages/airflow/example_dags/example_subdag_operator.py for tasks to queue
[2023-04-27T05:09:50.949+0000] {logging_mixin.py:137} INFO - [2023-04-27T05:09:50.949+0000] {dagbag.py:532} INFO - Filling up the DagBag from /home/airflow/.local/lib/python3.7/site-packages/airflow/example_dags/example_subdag_operator.py
[2023-04-27T05:09:50.968+0000] {processor.py:753} INFO - DAG(s) dict_keys(['example_subdag_operator.section-1', 'example_subdag_operator.section-2', 'example_subdag_operator']) retrieved from /home/airflow/.local/lib/python3.7/site-packages/airflow/example_dags/example_subdag_operator.py
[2023-04-27T05:09:50.980+0000] {logging_mixin.py:137} INFO - [2023-04-27T05:09:50.980+0000] {dag.py:2705} INFO - Sync 3 DAGs
[2023-04-27T05:09:50.994+0000] {logging_mixin.py:137} INFO - [2023-04-27T05:09:50.994+0000] {dag.py:3456} INFO - Setting next_dagrun for example_subdag_operator to 2022-01-01T00:00:00+00:00, run_after=2022-01-01T00:00:00+00:00
[2023-04-27T05:09:50.996+0000] {logging_mixin.py:137} INFO - [2023-04-27T05:09:50.996+0000] {dag.py:3456} INFO - Setting next_dagrun for example_subdag_operator.section-1 to None, run_after=None
[2023-04-27T05:09:50.997+0000] {logging_mixin.py:137} INFO - [2023-04-27T05:09:50.997+0000] {dag.py:3456} INFO - Setting next_dagrun for example_subdag_operator.section-2 to None, run_after=None
[2023-04-27T05:09:51.001+0000] {logging_mixin.py:137} INFO - [2023-04-27T05:09:51.001+0000] {dag.py:2705} INFO - Sync 2 DAGs
[2023-04-27T05:09:51.004+0000] {logging_mixin.py:137} INFO - [2023-04-27T05:09:51.004+0000] {dag.py:3456} INFO - Setting next_dagrun for example_subdag_operator.section-1 to None, run_after=None
[2023-04-27T05:09:51.004+0000] {logging_mixin.py:137} INFO - [2023-04-27T05:09:51.004+0000] {dag.py:3456} INFO - Setting next_dagrun for example_subdag_operator.section-2 to None, run_after=None
[2023-04-27T05:09:51.014+0000] {processor.py:175} INFO - Processing /home/airflow/.local/lib/python3.7/site-packages/airflow/example_dags/example_subdag_operator.py took 0.066 seconds
[2023-04-27T05:10:21.102+0000] {processor.py:153} INFO - Started process (PID=1162) to work on /home/airflow/.local/lib/python3.7/site-packages/airflow/example_dags/example_subdag_operator.py
[2023-04-27T05:10:21.102+0000] {processor.py:743} INFO - Processing file /home/airflow/.local/lib/python3.7/site-packages/airflow/example_dags/example_subdag_operator.py for tasks to queue
[2023-04-27T05:10:21.103+0000] {logging_mixin.py:137} INFO - [2023-04-27T05:10:21.103+0000] {dagbag.py:532} INFO - Filling up the DagBag from /home/airflow/.local/lib/python3.7/site-packages/airflow/example_dags/example_subdag_operator.py
[2023-04-27T05:10:21.124+0000] {processor.py:753} INFO - DAG(s) dict_keys(['example_subdag_operator.section-1', 'example_subdag_operator.section-2', 'example_subdag_operator']) retrieved from /home/airflow/.local/lib/python3.7/site-packages/airflow/example_dags/example_subdag_operator.py
[2023-04-27T05:10:21.139+0000] {logging_mixin.py:137} INFO - [2023-04-27T05:10:21.138+0000] {dag.py:2705} INFO - Sync 3 DAGs
[2023-04-27T05:10:21.156+0000] {logging_mixin.py:137} INFO - [2023-04-27T05:10:21.156+0000] {dag.py:3456} INFO - Setting next_dagrun for example_subdag_operator to 2022-01-01T00:00:00+00:00, run_after=2022-01-01T00:00:00+00:00
[2023-04-27T05:10:21.158+0000] {logging_mixin.py:137} INFO - [2023-04-27T05:10:21.158+0000] {dag.py:3456} INFO - Setting next_dagrun for example_subdag_operator.section-1 to None, run_after=None
[2023-04-27T05:10:21.159+0000] {logging_mixin.py:137} INFO - [2023-04-27T05:10:21.159+0000] {dag.py:3456} INFO - Setting next_dagrun for example_subdag_operator.section-2 to None, run_after=None
[2023-04-27T05:10:21.164+0000] {logging_mixin.py:137} INFO - [2023-04-27T05:10:21.164+0000] {dag.py:2705} INFO - Sync 2 DAGs
[2023-04-27T05:10:21.169+0000] {logging_mixin.py:137} INFO - [2023-04-27T05:10:21.169+0000] {dag.py:3456} INFO - Setting next_dagrun for example_subdag_operator.section-1 to None, run_after=None
[2023-04-27T05:10:21.169+0000] {logging_mixin.py:137} INFO - [2023-04-27T05:10:21.169+0000] {dag.py:3456} INFO - Setting next_dagrun for example_subdag_operator.section-2 to None, run_after=None
[2023-04-27T05:10:21.180+0000] {processor.py:175} INFO - Processing /home/airflow/.local/lib/python3.7/site-packages/airflow/example_dags/example_subdag_operator.py took 0.080 seconds
[2023-04-27T05:10:51.377+0000] {processor.py:153} INFO - Started process (PID=1211) to work on /home/airflow/.local/lib/python3.7/site-packages/airflow/example_dags/example_subdag_operator.py
[2023-04-27T05:10:51.378+0000] {processor.py:743} INFO - Processing file /home/airflow/.local/lib/python3.7/site-packages/airflow/example_dags/example_subdag_operator.py for tasks to queue
[2023-04-27T05:10:51.378+0000] {logging_mixin.py:137} INFO - [2023-04-27T05:10:51.378+0000] {dagbag.py:532} INFO - Filling up the DagBag from /home/airflow/.local/lib/python3.7/site-packages/airflow/example_dags/example_subdag_operator.py
[2023-04-27T05:10:51.399+0000] {processor.py:753} INFO - DAG(s) dict_keys(['example_subdag_operator.section-1', 'example_subdag_operator.section-2', 'example_subdag_operator']) retrieved from /home/airflow/.local/lib/python3.7/site-packages/airflow/example_dags/example_subdag_operator.py
[2023-04-27T05:10:51.413+0000] {logging_mixin.py:137} INFO - [2023-04-27T05:10:51.413+0000] {dag.py:2705} INFO - Sync 3 DAGs
[2023-04-27T05:10:51.432+0000] {logging_mixin.py:137} INFO - [2023-04-27T05:10:51.432+0000] {dag.py:3456} INFO - Setting next_dagrun for example_subdag_operator to 2022-01-01T00:00:00+00:00, run_after=2022-01-01T00:00:00+00:00
[2023-04-27T05:10:51.435+0000] {logging_mixin.py:137} INFO - [2023-04-27T05:10:51.434+0000] {dag.py:3456} INFO - Setting next_dagrun for example_subdag_operator.section-1 to None, run_after=None
[2023-04-27T05:10:51.436+0000] {logging_mixin.py:137} INFO - [2023-04-27T05:10:51.435+0000] {dag.py:3456} INFO - Setting next_dagrun for example_subdag_operator.section-2 to None, run_after=None
[2023-04-27T05:10:51.441+0000] {logging_mixin.py:137} INFO - [2023-04-27T05:10:51.441+0000] {dag.py:2705} INFO - Sync 2 DAGs
[2023-04-27T05:10:51.445+0000] {logging_mixin.py:137} INFO - [2023-04-27T05:10:51.445+0000] {dag.py:3456} INFO - Setting next_dagrun for example_subdag_operator.section-1 to None, run_after=None
[2023-04-27T05:10:51.445+0000] {logging_mixin.py:137} INFO - [2023-04-27T05:10:51.445+0000] {dag.py:3456} INFO - Setting next_dagrun for example_subdag_operator.section-2 to None, run_after=None
[2023-04-27T05:10:51.455+0000] {processor.py:175} INFO - Processing /home/airflow/.local/lib/python3.7/site-packages/airflow/example_dags/example_subdag_operator.py took 0.081 seconds
[2023-04-27T05:11:21.590+0000] {processor.py:153} INFO - Started process (PID=1261) to work on /home/airflow/.local/lib/python3.7/site-packages/airflow/example_dags/example_subdag_operator.py
[2023-04-27T05:11:21.590+0000] {processor.py:743} INFO - Processing file /home/airflow/.local/lib/python3.7/site-packages/airflow/example_dags/example_subdag_operator.py for tasks to queue
[2023-04-27T05:11:21.591+0000] {logging_mixin.py:137} INFO - [2023-04-27T05:11:21.590+0000] {dagbag.py:532} INFO - Filling up the DagBag from /home/airflow/.local/lib/python3.7/site-packages/airflow/example_dags/example_subdag_operator.py
[2023-04-27T05:11:21.608+0000] {processor.py:753} INFO - DAG(s) dict_keys(['example_subdag_operator.section-1', 'example_subdag_operator.section-2', 'example_subdag_operator']) retrieved from /home/airflow/.local/lib/python3.7/site-packages/airflow/example_dags/example_subdag_operator.py
[2023-04-27T05:11:21.620+0000] {logging_mixin.py:137} INFO - [2023-04-27T05:11:21.620+0000] {dag.py:2705} INFO - Sync 3 DAGs
[2023-04-27T05:11:21.634+0000] {logging_mixin.py:137} INFO - [2023-04-27T05:11:21.634+0000] {dag.py:3456} INFO - Setting next_dagrun for example_subdag_operator to 2022-01-01T00:00:00+00:00, run_after=2022-01-01T00:00:00+00:00
[2023-04-27T05:11:21.637+0000] {logging_mixin.py:137} INFO - [2023-04-27T05:11:21.636+0000] {dag.py:3456} INFO - Setting next_dagrun for example_subdag_operator.section-1 to None, run_after=None
[2023-04-27T05:11:21.637+0000] {logging_mixin.py:137} INFO - [2023-04-27T05:11:21.637+0000] {dag.py:3456} INFO - Setting next_dagrun for example_subdag_operator.section-2 to None, run_after=None
[2023-04-27T05:11:21.642+0000] {logging_mixin.py:137} INFO - [2023-04-27T05:11:21.641+0000] {dag.py:2705} INFO - Sync 2 DAGs
[2023-04-27T05:11:21.645+0000] {logging_mixin.py:137} INFO - [2023-04-27T05:11:21.645+0000] {dag.py:3456} INFO - Setting next_dagrun for example_subdag_operator.section-1 to None, run_after=None
[2023-04-27T05:11:21.645+0000] {logging_mixin.py:137} INFO - [2023-04-27T05:11:21.645+0000] {dag.py:3456} INFO - Setting next_dagrun for example_subdag_operator.section-2 to None, run_after=None
[2023-04-27T05:11:21.653+0000] {processor.py:175} INFO - Processing /home/airflow/.local/lib/python3.7/site-packages/airflow/example_dags/example_subdag_operator.py took 0.065 seconds
[2023-04-27T05:11:51.954+0000] {processor.py:153} INFO - Started process (PID=1311) to work on /home/airflow/.local/lib/python3.7/site-packages/airflow/example_dags/example_subdag_operator.py
[2023-04-27T05:11:51.955+0000] {processor.py:743} INFO - Processing file /home/airflow/.local/lib/python3.7/site-packages/airflow/example_dags/example_subdag_operator.py for tasks to queue
[2023-04-27T05:11:51.955+0000] {logging_mixin.py:137} INFO - [2023-04-27T05:11:51.955+0000] {dagbag.py:532} INFO - Filling up the DagBag from /home/airflow/.local/lib/python3.7/site-packages/airflow/example_dags/example_subdag_operator.py
[2023-04-27T05:11:51.977+0000] {processor.py:753} INFO - DAG(s) dict_keys(['example_subdag_operator.section-1', 'example_subdag_operator.section-2', 'example_subdag_operator']) retrieved from /home/airflow/.local/lib/python3.7/site-packages/airflow/example_dags/example_subdag_operator.py
[2023-04-27T05:11:51.992+0000] {logging_mixin.py:137} INFO - [2023-04-27T05:11:51.991+0000] {dag.py:2705} INFO - Sync 3 DAGs
[2023-04-27T05:11:52.009+0000] {logging_mixin.py:137} INFO - [2023-04-27T05:11:52.009+0000] {dag.py:3456} INFO - Setting next_dagrun for example_subdag_operator to 2022-01-01T00:00:00+00:00, run_after=2022-01-01T00:00:00+00:00
[2023-04-27T05:11:52.012+0000] {logging_mixin.py:137} INFO - [2023-04-27T05:11:52.012+0000] {dag.py:3456} INFO - Setting next_dagrun for example_subdag_operator.section-1 to None, run_after=None
[2023-04-27T05:11:52.013+0000] {logging_mixin.py:137} INFO - [2023-04-27T05:11:52.013+0000] {dag.py:3456} INFO - Setting next_dagrun for example_subdag_operator.section-2 to None, run_after=None
[2023-04-27T05:11:52.018+0000] {logging_mixin.py:137} INFO - [2023-04-27T05:11:52.018+0000] {dag.py:2705} INFO - Sync 2 DAGs
[2023-04-27T05:11:52.022+0000] {logging_mixin.py:137} INFO - [2023-04-27T05:11:52.022+0000] {dag.py:3456} INFO - Setting next_dagrun for example_subdag_operator.section-1 to None, run_after=None
[2023-04-27T05:11:52.022+0000] {logging_mixin.py:137} INFO - [2023-04-27T05:11:52.022+0000] {dag.py:3456} INFO - Setting next_dagrun for example_subdag_operator.section-2 to None, run_after=None
[2023-04-27T05:11:52.032+0000] {processor.py:175} INFO - Processing /home/airflow/.local/lib/python3.7/site-packages/airflow/example_dags/example_subdag_operator.py took 0.080 seconds
[2023-04-27T05:12:22.153+0000] {processor.py:153} INFO - Started process (PID=1361) to work on /home/airflow/.local/lib/python3.7/site-packages/airflow/example_dags/example_subdag_operator.py
[2023-04-27T05:12:22.153+0000] {processor.py:743} INFO - Processing file /home/airflow/.local/lib/python3.7/site-packages/airflow/example_dags/example_subdag_operator.py for tasks to queue
[2023-04-27T05:12:22.154+0000] {logging_mixin.py:137} INFO - [2023-04-27T05:12:22.154+0000] {dagbag.py:532} INFO - Filling up the DagBag from /home/airflow/.local/lib/python3.7/site-packages/airflow/example_dags/example_subdag_operator.py
[2023-04-27T05:12:22.175+0000] {processor.py:753} INFO - DAG(s) dict_keys(['example_subdag_operator.section-1', 'example_subdag_operator.section-2', 'example_subdag_operator']) retrieved from /home/airflow/.local/lib/python3.7/site-packages/airflow/example_dags/example_subdag_operator.py
[2023-04-27T05:12:22.189+0000] {logging_mixin.py:137} INFO - [2023-04-27T05:12:22.189+0000] {dag.py:2705} INFO - Sync 3 DAGs
[2023-04-27T05:12:22.207+0000] {logging_mixin.py:137} INFO - [2023-04-27T05:12:22.207+0000] {dag.py:3456} INFO - Setting next_dagrun for example_subdag_operator to 2022-01-01T00:00:00+00:00, run_after=2022-01-01T00:00:00+00:00
[2023-04-27T05:12:22.209+0000] {logging_mixin.py:137} INFO - [2023-04-27T05:12:22.209+0000] {dag.py:3456} INFO - Setting next_dagrun for example_subdag_operator.section-1 to None, run_after=None
[2023-04-27T05:12:22.210+0000] {logging_mixin.py:137} INFO - [2023-04-27T05:12:22.210+0000] {dag.py:3456} INFO - Setting next_dagrun for example_subdag_operator.section-2 to None, run_after=None
[2023-04-27T05:12:22.216+0000] {logging_mixin.py:137} INFO - [2023-04-27T05:12:22.216+0000] {dag.py:2705} INFO - Sync 2 DAGs
[2023-04-27T05:12:22.220+0000] {logging_mixin.py:137} INFO - [2023-04-27T05:12:22.220+0000] {dag.py:3456} INFO - Setting next_dagrun for example_subdag_operator.section-1 to None, run_after=None
[2023-04-27T05:12:22.220+0000] {logging_mixin.py:137} INFO - [2023-04-27T05:12:22.220+0000] {dag.py:3456} INFO - Setting next_dagrun for example_subdag_operator.section-2 to None, run_after=None
[2023-04-27T05:12:22.231+0000] {processor.py:175} INFO - Processing /home/airflow/.local/lib/python3.7/site-packages/airflow/example_dags/example_subdag_operator.py took 0.080 seconds
[2023-04-27T05:12:52.373+0000] {processor.py:153} INFO - Started process (PID=1412) to work on /home/airflow/.local/lib/python3.7/site-packages/airflow/example_dags/example_subdag_operator.py
[2023-04-27T05:12:52.373+0000] {processor.py:743} INFO - Processing file /home/airflow/.local/lib/python3.7/site-packages/airflow/example_dags/example_subdag_operator.py for tasks to queue
[2023-04-27T05:12:52.374+0000] {logging_mixin.py:137} INFO - [2023-04-27T05:12:52.374+0000] {dagbag.py:532} INFO - Filling up the DagBag from /home/airflow/.local/lib/python3.7/site-packages/airflow/example_dags/example_subdag_operator.py
[2023-04-27T05:12:52.396+0000] {processor.py:753} INFO - DAG(s) dict_keys(['example_subdag_operator.section-1', 'example_subdag_operator.section-2', 'example_subdag_operator']) retrieved from /home/airflow/.local/lib/python3.7/site-packages/airflow/example_dags/example_subdag_operator.py
[2023-04-27T05:12:52.411+0000] {logging_mixin.py:137} INFO - [2023-04-27T05:12:52.411+0000] {dag.py:2705} INFO - Sync 3 DAGs
[2023-04-27T05:12:52.429+0000] {logging_mixin.py:137} INFO - [2023-04-27T05:12:52.429+0000] {dag.py:3456} INFO - Setting next_dagrun for example_subdag_operator to 2022-01-01T00:00:00+00:00, run_after=2022-01-01T00:00:00+00:00
[2023-04-27T05:12:52.432+0000] {logging_mixin.py:137} INFO - [2023-04-27T05:12:52.431+0000] {dag.py:3456} INFO - Setting next_dagrun for example_subdag_operator.section-1 to None, run_after=None
[2023-04-27T05:12:52.432+0000] {logging_mixin.py:137} INFO - [2023-04-27T05:12:52.432+0000] {dag.py:3456} INFO - Setting next_dagrun for example_subdag_operator.section-2 to None, run_after=None
[2023-04-27T05:12:52.437+0000] {logging_mixin.py:137} INFO - [2023-04-27T05:12:52.437+0000] {dag.py:2705} INFO - Sync 2 DAGs
[2023-04-27T05:12:52.441+0000] {logging_mixin.py:137} INFO - [2023-04-27T05:12:52.441+0000] {dag.py:3456} INFO - Setting next_dagrun for example_subdag_operator.section-1 to None, run_after=None
[2023-04-27T05:12:52.441+0000] {logging_mixin.py:137} INFO - [2023-04-27T05:12:52.441+0000] {dag.py:3456} INFO - Setting next_dagrun for example_subdag_operator.section-2 to None, run_after=None
[2023-04-27T05:12:52.451+0000] {processor.py:175} INFO - Processing /home/airflow/.local/lib/python3.7/site-packages/airflow/example_dags/example_subdag_operator.py took 0.080 seconds
[2023-04-27T05:13:22.764+0000] {processor.py:153} INFO - Started process (PID=1461) to work on /home/airflow/.local/lib/python3.7/site-packages/airflow/example_dags/example_subdag_operator.py
[2023-04-27T05:13:22.764+0000] {processor.py:743} INFO - Processing file /home/airflow/.local/lib/python3.7/site-packages/airflow/example_dags/example_subdag_operator.py for tasks to queue
[2023-04-27T05:13:22.765+0000] {logging_mixin.py:137} INFO - [2023-04-27T05:13:22.765+0000] {dagbag.py:532} INFO - Filling up the DagBag from /home/airflow/.local/lib/python3.7/site-packages/airflow/example_dags/example_subdag_operator.py
[2023-04-27T05:13:22.791+0000] {processor.py:753} INFO - DAG(s) dict_keys(['example_subdag_operator.section-1', 'example_subdag_operator.section-2', 'example_subdag_operator']) retrieved from /home/airflow/.local/lib/python3.7/site-packages/airflow/example_dags/example_subdag_operator.py
[2023-04-27T05:13:22.807+0000] {logging_mixin.py:137} INFO - [2023-04-27T05:13:22.807+0000] {dag.py:2705} INFO - Sync 3 DAGs
[2023-04-27T05:13:22.828+0000] {logging_mixin.py:137} INFO - [2023-04-27T05:13:22.828+0000] {dag.py:3456} INFO - Setting next_dagrun for example_subdag_operator to 2022-01-01T00:00:00+00:00, run_after=2022-01-01T00:00:00+00:00
[2023-04-27T05:13:22.831+0000] {logging_mixin.py:137} INFO - [2023-04-27T05:13:22.831+0000] {dag.py:3456} INFO - Setting next_dagrun for example_subdag_operator.section-1 to None, run_after=None
[2023-04-27T05:13:22.832+0000] {logging_mixin.py:137} INFO - [2023-04-27T05:13:22.832+0000] {dag.py:3456} INFO - Setting next_dagrun for example_subdag_operator.section-2 to None, run_after=None
[2023-04-27T05:13:22.838+0000] {logging_mixin.py:137} INFO - [2023-04-27T05:13:22.838+0000] {dag.py:2705} INFO - Sync 2 DAGs
[2023-04-27T05:13:22.843+0000] {logging_mixin.py:137} INFO - [2023-04-27T05:13:22.843+0000] {dag.py:3456} INFO - Setting next_dagrun for example_subdag_operator.section-1 to None, run_after=None
[2023-04-27T05:13:22.843+0000] {logging_mixin.py:137} INFO - [2023-04-27T05:13:22.843+0000] {dag.py:3456} INFO - Setting next_dagrun for example_subdag_operator.section-2 to None, run_after=None
[2023-04-27T05:13:22.855+0000] {processor.py:175} INFO - Processing /home/airflow/.local/lib/python3.7/site-packages/airflow/example_dags/example_subdag_operator.py took 0.094 seconds
[2023-04-27T05:13:52.878+0000] {processor.py:153} INFO - Started process (PID=1511) to work on /home/airflow/.local/lib/python3.7/site-packages/airflow/example_dags/example_subdag_operator.py
[2023-04-27T05:13:52.879+0000] {processor.py:743} INFO - Processing file /home/airflow/.local/lib/python3.7/site-packages/airflow/example_dags/example_subdag_operator.py for tasks to queue
[2023-04-27T05:13:52.879+0000] {logging_mixin.py:137} INFO - [2023-04-27T05:13:52.879+0000] {dagbag.py:532} INFO - Filling up the DagBag from /home/airflow/.local/lib/python3.7/site-packages/airflow/example_dags/example_subdag_operator.py
[2023-04-27T05:13:52.901+0000] {processor.py:753} INFO - DAG(s) dict_keys(['example_subdag_operator.section-1', 'example_subdag_operator.section-2', 'example_subdag_operator']) retrieved from /home/airflow/.local/lib/python3.7/site-packages/airflow/example_dags/example_subdag_operator.py
[2023-04-27T05:13:52.915+0000] {logging_mixin.py:137} INFO - [2023-04-27T05:13:52.915+0000] {dag.py:2705} INFO - Sync 3 DAGs
[2023-04-27T05:13:52.933+0000] {logging_mixin.py:137} INFO - [2023-04-27T05:13:52.932+0000] {dag.py:3456} INFO - Setting next_dagrun for example_subdag_operator to 2022-01-01T00:00:00+00:00, run_after=2022-01-01T00:00:00+00:00
[2023-04-27T05:13:52.935+0000] {logging_mixin.py:137} INFO - [2023-04-27T05:13:52.935+0000] {dag.py:3456} INFO - Setting next_dagrun for example_subdag_operator.section-1 to None, run_after=None
[2023-04-27T05:13:52.936+0000] {logging_mixin.py:137} INFO - [2023-04-27T05:13:52.936+0000] {dag.py:3456} INFO - Setting next_dagrun for example_subdag_operator.section-2 to None, run_after=None
[2023-04-27T05:13:52.941+0000] {logging_mixin.py:137} INFO - [2023-04-27T05:13:52.941+0000] {dag.py:2705} INFO - Sync 2 DAGs
[2023-04-27T05:13:52.944+0000] {logging_mixin.py:137} INFO - [2023-04-27T05:13:52.944+0000] {dag.py:3456} INFO - Setting next_dagrun for example_subdag_operator.section-1 to None, run_after=None
[2023-04-27T05:13:52.944+0000] {logging_mixin.py:137} INFO - [2023-04-27T05:13:52.944+0000] {dag.py:3456} INFO - Setting next_dagrun for example_subdag_operator.section-2 to None, run_after=None
[2023-04-27T05:13:52.954+0000] {processor.py:175} INFO - Processing /home/airflow/.local/lib/python3.7/site-packages/airflow/example_dags/example_subdag_operator.py took 0.078 seconds
[2023-04-27T05:14:23.066+0000] {processor.py:153} INFO - Started process (PID=1561) to work on /home/airflow/.local/lib/python3.7/site-packages/airflow/example_dags/example_subdag_operator.py
[2023-04-27T05:14:23.066+0000] {processor.py:743} INFO - Processing file /home/airflow/.local/lib/python3.7/site-packages/airflow/example_dags/example_subdag_operator.py for tasks to queue
[2023-04-27T05:14:23.066+0000] {logging_mixin.py:137} INFO - [2023-04-27T05:14:23.066+0000] {dagbag.py:532} INFO - Filling up the DagBag from /home/airflow/.local/lib/python3.7/site-packages/airflow/example_dags/example_subdag_operator.py
[2023-04-27T05:14:23.088+0000] {processor.py:753} INFO - DAG(s) dict_keys(['example_subdag_operator.section-1', 'example_subdag_operator.section-2', 'example_subdag_operator']) retrieved from /home/airflow/.local/lib/python3.7/site-packages/airflow/example_dags/example_subdag_operator.py
[2023-04-27T05:14:23.102+0000] {logging_mixin.py:137} INFO - [2023-04-27T05:14:23.102+0000] {dag.py:2705} INFO - Sync 3 DAGs
[2023-04-27T05:14:23.123+0000] {logging_mixin.py:137} INFO - [2023-04-27T05:14:23.123+0000] {dag.py:3456} INFO - Setting next_dagrun for example_subdag_operator to 2022-01-01T00:00:00+00:00, run_after=2022-01-01T00:00:00+00:00
[2023-04-27T05:14:23.126+0000] {logging_mixin.py:137} INFO - [2023-04-27T05:14:23.126+0000] {dag.py:3456} INFO - Setting next_dagrun for example_subdag_operator.section-1 to None, run_after=None
[2023-04-27T05:14:23.127+0000] {logging_mixin.py:137} INFO - [2023-04-27T05:14:23.127+0000] {dag.py:3456} INFO - Setting next_dagrun for example_subdag_operator.section-2 to None, run_after=None
[2023-04-27T05:14:23.132+0000] {logging_mixin.py:137} INFO - [2023-04-27T05:14:23.132+0000] {dag.py:2705} INFO - Sync 2 DAGs
[2023-04-27T05:14:23.136+0000] {logging_mixin.py:137} INFO - [2023-04-27T05:14:23.136+0000] {dag.py:3456} INFO - Setting next_dagrun for example_subdag_operator.section-1 to None, run_after=None
[2023-04-27T05:14:23.136+0000] {logging_mixin.py:137} INFO - [2023-04-27T05:14:23.136+0000] {dag.py:3456} INFO - Setting next_dagrun for example_subdag_operator.section-2 to None, run_after=None
[2023-04-27T05:14:23.148+0000] {processor.py:175} INFO - Processing /home/airflow/.local/lib/python3.7/site-packages/airflow/example_dags/example_subdag_operator.py took 0.084 seconds
[2023-04-27T05:14:53.360+0000] {processor.py:153} INFO - Started process (PID=1610) to work on /home/airflow/.local/lib/python3.7/site-packages/airflow/example_dags/example_subdag_operator.py
[2023-04-27T05:14:53.360+0000] {processor.py:743} INFO - Processing file /home/airflow/.local/lib/python3.7/site-packages/airflow/example_dags/example_subdag_operator.py for tasks to queue
[2023-04-27T05:14:53.361+0000] {logging_mixin.py:137} INFO - [2023-04-27T05:14:53.361+0000] {dagbag.py:532} INFO - Filling up the DagBag from /home/airflow/.local/lib/python3.7/site-packages/airflow/example_dags/example_subdag_operator.py
[2023-04-27T05:14:53.390+0000] {processor.py:753} INFO - DAG(s) dict_keys(['example_subdag_operator.section-1', 'example_subdag_operator.section-2', 'example_subdag_operator']) retrieved from /home/airflow/.local/lib/python3.7/site-packages/airflow/example_dags/example_subdag_operator.py
[2023-04-27T05:14:53.408+0000] {logging_mixin.py:137} INFO - [2023-04-27T05:14:53.408+0000] {dag.py:2705} INFO - Sync 3 DAGs
[2023-04-27T05:14:53.431+0000] {logging_mixin.py:137} INFO - [2023-04-27T05:14:53.431+0000] {dag.py:3456} INFO - Setting next_dagrun for example_subdag_operator to 2022-01-01T00:00:00+00:00, run_after=2022-01-01T00:00:00+00:00
[2023-04-27T05:14:53.434+0000] {logging_mixin.py:137} INFO - [2023-04-27T05:14:53.433+0000] {dag.py:3456} INFO - Setting next_dagrun for example_subdag_operator.section-1 to None, run_after=None
[2023-04-27T05:14:53.434+0000] {logging_mixin.py:137} INFO - [2023-04-27T05:14:53.434+0000] {dag.py:3456} INFO - Setting next_dagrun for example_subdag_operator.section-2 to None, run_after=None
[2023-04-27T05:14:53.440+0000] {logging_mixin.py:137} INFO - [2023-04-27T05:14:53.440+0000] {dag.py:2705} INFO - Sync 2 DAGs
[2023-04-27T05:14:53.445+0000] {logging_mixin.py:137} INFO - [2023-04-27T05:14:53.445+0000] {dag.py:3456} INFO - Setting next_dagrun for example_subdag_operator.section-1 to None, run_after=None
[2023-04-27T05:14:53.446+0000] {logging_mixin.py:137} INFO - [2023-04-27T05:14:53.445+0000] {dag.py:3456} INFO - Setting next_dagrun for example_subdag_operator.section-2 to None, run_after=None
[2023-04-27T05:14:53.456+0000] {processor.py:175} INFO - Processing /home/airflow/.local/lib/python3.7/site-packages/airflow/example_dags/example_subdag_operator.py took 0.099 seconds
