[2023-04-27T04:59:15.124+0000] {processor.py:153} INFO - Started process (PID=72) to work on /home/airflow/.local/lib/python3.7/site-packages/airflow/example_dags/example_datasets.py
[2023-04-27T04:59:15.125+0000] {processor.py:743} INFO - Processing file /home/airflow/.local/lib/python3.7/site-packages/airflow/example_dags/example_datasets.py for tasks to queue
[2023-04-27T04:59:15.125+0000] {logging_mixin.py:137} INFO - [2023-04-27T04:59:15.125+0000] {dagbag.py:532} INFO - Filling up the DagBag from /home/airflow/.local/lib/python3.7/site-packages/airflow/example_dags/example_datasets.py
[2023-04-27T04:59:15.140+0000] {processor.py:753} INFO - DAG(s) dict_keys(['dataset_consumes_1', 'dataset_consumes_1_and_2', 'dataset_consumes_1_never_scheduled', 'dataset_produces_1', 'dataset_produces_2', 'dataset_consumes_unknown_never_scheduled']) retrieved from /home/airflow/.local/lib/python3.7/site-packages/airflow/example_dags/example_datasets.py
[2023-04-27T04:59:15.152+0000] {logging_mixin.py:137} INFO - [2023-04-27T04:59:15.152+0000] {dag.py:2705} INFO - Sync 6 DAGs
[2023-04-27T04:59:15.176+0000] {logging_mixin.py:137} INFO - [2023-04-27T04:59:15.176+0000] {dag.py:3456} INFO - Setting next_dagrun for dataset_consumes_1 to None, run_after=None
[2023-04-27T04:59:15.179+0000] {logging_mixin.py:137} INFO - [2023-04-27T04:59:15.179+0000] {dag.py:3456} INFO - Setting next_dagrun for dataset_consumes_1_and_2 to None, run_after=None
[2023-04-27T04:59:15.180+0000] {logging_mixin.py:137} INFO - [2023-04-27T04:59:15.180+0000] {dag.py:3456} INFO - Setting next_dagrun for dataset_consumes_1_never_scheduled to None, run_after=None
[2023-04-27T04:59:15.181+0000] {logging_mixin.py:137} INFO - [2023-04-27T04:59:15.181+0000] {dag.py:3456} INFO - Setting next_dagrun for dataset_consumes_unknown_never_scheduled to None, run_after=None
[2023-04-27T04:59:15.184+0000] {logging_mixin.py:137} INFO - [2023-04-27T04:59:15.184+0000] {dag.py:3456} INFO - Setting next_dagrun for dataset_produces_1 to 2023-04-26T00:00:00+00:00, run_after=2023-04-27T00:00:00+00:00
[2023-04-27T04:59:15.185+0000] {logging_mixin.py:137} INFO - [2023-04-27T04:59:15.185+0000] {dag.py:3456} INFO - Setting next_dagrun for dataset_produces_2 to None, run_after=None
[2023-04-27T04:59:15.216+0000] {processor.py:175} INFO - Processing /home/airflow/.local/lib/python3.7/site-packages/airflow/example_dags/example_datasets.py took 0.094 seconds
[2023-04-27T04:59:45.885+0000] {processor.py:153} INFO - Started process (PID=121) to work on /home/airflow/.local/lib/python3.7/site-packages/airflow/example_dags/example_datasets.py
[2023-04-27T04:59:45.885+0000] {processor.py:743} INFO - Processing file /home/airflow/.local/lib/python3.7/site-packages/airflow/example_dags/example_datasets.py for tasks to queue
[2023-04-27T04:59:45.885+0000] {logging_mixin.py:137} INFO - [2023-04-27T04:59:45.885+0000] {dagbag.py:532} INFO - Filling up the DagBag from /home/airflow/.local/lib/python3.7/site-packages/airflow/example_dags/example_datasets.py
[2023-04-27T04:59:45.897+0000] {processor.py:753} INFO - DAG(s) dict_keys(['dataset_consumes_1_and_2', 'dataset_produces_1', 'dataset_consumes_unknown_never_scheduled', 'dataset_consumes_1_never_scheduled', 'dataset_produces_2', 'dataset_consumes_1']) retrieved from /home/airflow/.local/lib/python3.7/site-packages/airflow/example_dags/example_datasets.py
[2023-04-27T04:59:45.974+0000] {logging_mixin.py:137} INFO - [2023-04-27T04:59:45.974+0000] {dag.py:2705} INFO - Sync 6 DAGs
[2023-04-27T04:59:45.993+0000] {logging_mixin.py:137} INFO - [2023-04-27T04:59:45.993+0000] {dag.py:3456} INFO - Setting next_dagrun for dataset_consumes_1 to None, run_after=None
[2023-04-27T04:59:45.996+0000] {logging_mixin.py:137} INFO - [2023-04-27T04:59:45.996+0000] {dag.py:3456} INFO - Setting next_dagrun for dataset_consumes_1_and_2 to None, run_after=None
[2023-04-27T04:59:45.997+0000] {logging_mixin.py:137} INFO - [2023-04-27T04:59:45.997+0000] {dag.py:3456} INFO - Setting next_dagrun for dataset_consumes_1_never_scheduled to None, run_after=None
[2023-04-27T04:59:45.998+0000] {logging_mixin.py:137} INFO - [2023-04-27T04:59:45.998+0000] {dag.py:3456} INFO - Setting next_dagrun for dataset_consumes_unknown_never_scheduled to None, run_after=None
[2023-04-27T04:59:46.000+0000] {logging_mixin.py:137} INFO - [2023-04-27T04:59:46.000+0000] {dag.py:3456} INFO - Setting next_dagrun for dataset_produces_1 to 2023-04-26T00:00:00+00:00, run_after=2023-04-27T00:00:00+00:00
[2023-04-27T04:59:46.001+0000] {logging_mixin.py:137} INFO - [2023-04-27T04:59:46.001+0000] {dag.py:3456} INFO - Setting next_dagrun for dataset_produces_2 to None, run_after=None
[2023-04-27T04:59:46.032+0000] {processor.py:175} INFO - Processing /home/airflow/.local/lib/python3.7/site-packages/airflow/example_dags/example_datasets.py took 0.150 seconds
[2023-04-27T05:00:16.952+0000] {processor.py:153} INFO - Started process (PID=171) to work on /home/airflow/.local/lib/python3.7/site-packages/airflow/example_dags/example_datasets.py
[2023-04-27T05:00:16.960+0000] {processor.py:743} INFO - Processing file /home/airflow/.local/lib/python3.7/site-packages/airflow/example_dags/example_datasets.py for tasks to queue
[2023-04-27T05:00:16.961+0000] {logging_mixin.py:137} INFO - [2023-04-27T05:00:16.961+0000] {dagbag.py:532} INFO - Filling up the DagBag from /home/airflow/.local/lib/python3.7/site-packages/airflow/example_dags/example_datasets.py
[2023-04-27T05:00:16.973+0000] {processor.py:753} INFO - DAG(s) dict_keys(['dataset_produces_2', 'dataset_consumes_1_never_scheduled', 'dataset_consumes_unknown_never_scheduled', 'dataset_consumes_1_and_2', 'dataset_produces_1', 'dataset_consumes_1']) retrieved from /home/airflow/.local/lib/python3.7/site-packages/airflow/example_dags/example_datasets.py
[2023-04-27T05:00:17.005+0000] {logging_mixin.py:137} INFO - [2023-04-27T05:00:17.005+0000] {dag.py:2705} INFO - Sync 6 DAGs
[2023-04-27T05:00:17.025+0000] {logging_mixin.py:137} INFO - [2023-04-27T05:00:17.025+0000] {dag.py:3456} INFO - Setting next_dagrun for dataset_consumes_1 to None, run_after=None
[2023-04-27T05:00:17.027+0000] {logging_mixin.py:137} INFO - [2023-04-27T05:00:17.027+0000] {dag.py:3456} INFO - Setting next_dagrun for dataset_consumes_1_and_2 to None, run_after=None
[2023-04-27T05:00:17.028+0000] {logging_mixin.py:137} INFO - [2023-04-27T05:00:17.028+0000] {dag.py:3456} INFO - Setting next_dagrun for dataset_consumes_1_never_scheduled to None, run_after=None
[2023-04-27T05:00:17.029+0000] {logging_mixin.py:137} INFO - [2023-04-27T05:00:17.029+0000] {dag.py:3456} INFO - Setting next_dagrun for dataset_consumes_unknown_never_scheduled to None, run_after=None
[2023-04-27T05:00:17.031+0000] {logging_mixin.py:137} INFO - [2023-04-27T05:00:17.031+0000] {dag.py:3456} INFO - Setting next_dagrun for dataset_produces_1 to 2023-04-26T00:00:00+00:00, run_after=2023-04-27T00:00:00+00:00
[2023-04-27T05:00:17.032+0000] {logging_mixin.py:137} INFO - [2023-04-27T05:00:17.032+0000] {dag.py:3456} INFO - Setting next_dagrun for dataset_produces_2 to None, run_after=None
[2023-04-27T05:00:17.058+0000] {processor.py:175} INFO - Processing /home/airflow/.local/lib/python3.7/site-packages/airflow/example_dags/example_datasets.py took 0.107 seconds
[2023-04-27T05:00:47.195+0000] {processor.py:153} INFO - Started process (PID=221) to work on /home/airflow/.local/lib/python3.7/site-packages/airflow/example_dags/example_datasets.py
[2023-04-27T05:00:47.196+0000] {processor.py:743} INFO - Processing file /home/airflow/.local/lib/python3.7/site-packages/airflow/example_dags/example_datasets.py for tasks to queue
[2023-04-27T05:00:47.196+0000] {logging_mixin.py:137} INFO - [2023-04-27T05:00:47.196+0000] {dagbag.py:532} INFO - Filling up the DagBag from /home/airflow/.local/lib/python3.7/site-packages/airflow/example_dags/example_datasets.py
[2023-04-27T05:00:47.209+0000] {processor.py:753} INFO - DAG(s) dict_keys(['dataset_consumes_1_and_2', 'dataset_consumes_1', 'dataset_produces_1', 'dataset_produces_2', 'dataset_consumes_1_never_scheduled', 'dataset_consumes_unknown_never_scheduled']) retrieved from /home/airflow/.local/lib/python3.7/site-packages/airflow/example_dags/example_datasets.py
[2023-04-27T05:00:47.240+0000] {logging_mixin.py:137} INFO - [2023-04-27T05:00:47.240+0000] {dag.py:2705} INFO - Sync 6 DAGs
[2023-04-27T05:00:47.260+0000] {logging_mixin.py:137} INFO - [2023-04-27T05:00:47.260+0000] {dag.py:3456} INFO - Setting next_dagrun for dataset_consumes_1 to None, run_after=None
[2023-04-27T05:00:47.263+0000] {logging_mixin.py:137} INFO - [2023-04-27T05:00:47.263+0000] {dag.py:3456} INFO - Setting next_dagrun for dataset_consumes_1_and_2 to None, run_after=None
[2023-04-27T05:00:47.265+0000] {logging_mixin.py:137} INFO - [2023-04-27T05:00:47.264+0000] {dag.py:3456} INFO - Setting next_dagrun for dataset_consumes_1_never_scheduled to None, run_after=None
[2023-04-27T05:00:47.266+0000] {logging_mixin.py:137} INFO - [2023-04-27T05:00:47.266+0000] {dag.py:3456} INFO - Setting next_dagrun for dataset_consumes_unknown_never_scheduled to None, run_after=None
[2023-04-27T05:00:47.271+0000] {logging_mixin.py:137} INFO - [2023-04-27T05:00:47.271+0000] {dag.py:3456} INFO - Setting next_dagrun for dataset_produces_1 to 2023-04-26T00:00:00+00:00, run_after=2023-04-27T00:00:00+00:00
[2023-04-27T05:00:47.272+0000] {logging_mixin.py:137} INFO - [2023-04-27T05:00:47.272+0000] {dag.py:3456} INFO - Setting next_dagrun for dataset_produces_2 to None, run_after=None
[2023-04-27T05:00:47.346+0000] {processor.py:175} INFO - Processing /home/airflow/.local/lib/python3.7/site-packages/airflow/example_dags/example_datasets.py took 0.153 seconds
[2023-04-27T05:01:17.366+0000] {processor.py:153} INFO - Started process (PID=270) to work on /home/airflow/.local/lib/python3.7/site-packages/airflow/example_dags/example_datasets.py
[2023-04-27T05:01:17.367+0000] {processor.py:743} INFO - Processing file /home/airflow/.local/lib/python3.7/site-packages/airflow/example_dags/example_datasets.py for tasks to queue
[2023-04-27T05:01:17.367+0000] {logging_mixin.py:137} INFO - [2023-04-27T05:01:17.367+0000] {dagbag.py:532} INFO - Filling up the DagBag from /home/airflow/.local/lib/python3.7/site-packages/airflow/example_dags/example_datasets.py
[2023-04-27T05:01:17.382+0000] {processor.py:753} INFO - DAG(s) dict_keys(['dataset_produces_2', 'dataset_consumes_1', 'dataset_consumes_1_and_2', 'dataset_consumes_unknown_never_scheduled', 'dataset_consumes_1_never_scheduled', 'dataset_produces_1']) retrieved from /home/airflow/.local/lib/python3.7/site-packages/airflow/example_dags/example_datasets.py
[2023-04-27T05:01:17.396+0000] {logging_mixin.py:137} INFO - [2023-04-27T05:01:17.396+0000] {dag.py:2705} INFO - Sync 6 DAGs
[2023-04-27T05:01:17.431+0000] {logging_mixin.py:137} INFO - [2023-04-27T05:01:17.430+0000] {dag.py:3456} INFO - Setting next_dagrun for dataset_consumes_1 to None, run_after=None
[2023-04-27T05:01:17.435+0000] {logging_mixin.py:137} INFO - [2023-04-27T05:01:17.435+0000] {dag.py:3456} INFO - Setting next_dagrun for dataset_consumes_1_and_2 to None, run_after=None
[2023-04-27T05:01:17.437+0000] {logging_mixin.py:137} INFO - [2023-04-27T05:01:17.437+0000] {dag.py:3456} INFO - Setting next_dagrun for dataset_consumes_1_never_scheduled to None, run_after=None
[2023-04-27T05:01:17.439+0000] {logging_mixin.py:137} INFO - [2023-04-27T05:01:17.439+0000] {dag.py:3456} INFO - Setting next_dagrun for dataset_consumes_unknown_never_scheduled to None, run_after=None
[2023-04-27T05:01:17.443+0000] {logging_mixin.py:137} INFO - [2023-04-27T05:01:17.443+0000] {dag.py:3456} INFO - Setting next_dagrun for dataset_produces_1 to 2023-04-26T00:00:00+00:00, run_after=2023-04-27T00:00:00+00:00
[2023-04-27T05:01:17.445+0000] {logging_mixin.py:137} INFO - [2023-04-27T05:01:17.445+0000] {dag.py:3456} INFO - Setting next_dagrun for dataset_produces_2 to None, run_after=None
[2023-04-27T05:01:17.487+0000] {processor.py:175} INFO - Processing /home/airflow/.local/lib/python3.7/site-packages/airflow/example_dags/example_datasets.py took 0.123 seconds
[2023-04-27T05:01:47.712+0000] {processor.py:153} INFO - Started process (PID=320) to work on /home/airflow/.local/lib/python3.7/site-packages/airflow/example_dags/example_datasets.py
[2023-04-27T05:01:47.720+0000] {processor.py:743} INFO - Processing file /home/airflow/.local/lib/python3.7/site-packages/airflow/example_dags/example_datasets.py for tasks to queue
[2023-04-27T05:01:47.721+0000] {logging_mixin.py:137} INFO - [2023-04-27T05:01:47.720+0000] {dagbag.py:532} INFO - Filling up the DagBag from /home/airflow/.local/lib/python3.7/site-packages/airflow/example_dags/example_datasets.py
[2023-04-27T05:01:47.734+0000] {processor.py:753} INFO - DAG(s) dict_keys(['dataset_consumes_1_and_2', 'dataset_produces_2', 'dataset_consumes_1_never_scheduled', 'dataset_produces_1', 'dataset_consumes_1', 'dataset_consumes_unknown_never_scheduled']) retrieved from /home/airflow/.local/lib/python3.7/site-packages/airflow/example_dags/example_datasets.py
[2023-04-27T05:01:47.808+0000] {logging_mixin.py:137} INFO - [2023-04-27T05:01:47.807+0000] {dag.py:2705} INFO - Sync 6 DAGs
[2023-04-27T05:01:47.825+0000] {logging_mixin.py:137} INFO - [2023-04-27T05:01:47.825+0000] {dag.py:3456} INFO - Setting next_dagrun for dataset_consumes_1 to None, run_after=None
[2023-04-27T05:01:47.827+0000] {logging_mixin.py:137} INFO - [2023-04-27T05:01:47.827+0000] {dag.py:3456} INFO - Setting next_dagrun for dataset_consumes_1_and_2 to None, run_after=None
[2023-04-27T05:01:47.828+0000] {logging_mixin.py:137} INFO - [2023-04-27T05:01:47.828+0000] {dag.py:3456} INFO - Setting next_dagrun for dataset_consumes_1_never_scheduled to None, run_after=None
[2023-04-27T05:01:47.829+0000] {logging_mixin.py:137} INFO - [2023-04-27T05:01:47.829+0000] {dag.py:3456} INFO - Setting next_dagrun for dataset_consumes_unknown_never_scheduled to None, run_after=None
[2023-04-27T05:01:47.831+0000] {logging_mixin.py:137} INFO - [2023-04-27T05:01:47.831+0000] {dag.py:3456} INFO - Setting next_dagrun for dataset_produces_1 to 2023-04-26T00:00:00+00:00, run_after=2023-04-27T00:00:00+00:00
[2023-04-27T05:01:47.832+0000] {logging_mixin.py:137} INFO - [2023-04-27T05:01:47.832+0000] {dag.py:3456} INFO - Setting next_dagrun for dataset_produces_2 to None, run_after=None
[2023-04-27T05:01:47.861+0000] {processor.py:175} INFO - Processing /home/airflow/.local/lib/python3.7/site-packages/airflow/example_dags/example_datasets.py took 0.151 seconds
[2023-04-27T05:02:18.188+0000] {processor.py:153} INFO - Started process (PID=370) to work on /home/airflow/.local/lib/python3.7/site-packages/airflow/example_dags/example_datasets.py
[2023-04-27T05:02:18.193+0000] {processor.py:743} INFO - Processing file /home/airflow/.local/lib/python3.7/site-packages/airflow/example_dags/example_datasets.py for tasks to queue
[2023-04-27T05:02:18.194+0000] {logging_mixin.py:137} INFO - [2023-04-27T05:02:18.194+0000] {dagbag.py:532} INFO - Filling up the DagBag from /home/airflow/.local/lib/python3.7/site-packages/airflow/example_dags/example_datasets.py
[2023-04-27T05:02:18.210+0000] {processor.py:753} INFO - DAG(s) dict_keys(['dataset_consumes_1', 'dataset_consumes_unknown_never_scheduled', 'dataset_consumes_1_and_2', 'dataset_produces_1', 'dataset_produces_2', 'dataset_consumes_1_never_scheduled']) retrieved from /home/airflow/.local/lib/python3.7/site-packages/airflow/example_dags/example_datasets.py
[2023-04-27T05:02:18.244+0000] {logging_mixin.py:137} INFO - [2023-04-27T05:02:18.244+0000] {dag.py:2705} INFO - Sync 6 DAGs
[2023-04-27T05:02:18.265+0000] {logging_mixin.py:137} INFO - [2023-04-27T05:02:18.265+0000] {dag.py:3456} INFO - Setting next_dagrun for dataset_consumes_1 to None, run_after=None
[2023-04-27T05:02:18.267+0000] {logging_mixin.py:137} INFO - [2023-04-27T05:02:18.267+0000] {dag.py:3456} INFO - Setting next_dagrun for dataset_consumes_1_and_2 to None, run_after=None
[2023-04-27T05:02:18.268+0000] {logging_mixin.py:137} INFO - [2023-04-27T05:02:18.268+0000] {dag.py:3456} INFO - Setting next_dagrun for dataset_consumes_1_never_scheduled to None, run_after=None
[2023-04-27T05:02:18.269+0000] {logging_mixin.py:137} INFO - [2023-04-27T05:02:18.269+0000] {dag.py:3456} INFO - Setting next_dagrun for dataset_consumes_unknown_never_scheduled to None, run_after=None
[2023-04-27T05:02:18.271+0000] {logging_mixin.py:137} INFO - [2023-04-27T05:02:18.271+0000] {dag.py:3456} INFO - Setting next_dagrun for dataset_produces_1 to 2023-04-26T00:00:00+00:00, run_after=2023-04-27T00:00:00+00:00
[2023-04-27T05:02:18.272+0000] {logging_mixin.py:137} INFO - [2023-04-27T05:02:18.271+0000] {dag.py:3456} INFO - Setting next_dagrun for dataset_produces_2 to None, run_after=None
[2023-04-27T05:02:18.302+0000] {processor.py:175} INFO - Processing /home/airflow/.local/lib/python3.7/site-packages/airflow/example_dags/example_datasets.py took 0.118 seconds
[2023-04-27T05:02:48.810+0000] {processor.py:153} INFO - Started process (PID=420) to work on /home/airflow/.local/lib/python3.7/site-packages/airflow/example_dags/example_datasets.py
[2023-04-27T05:02:48.816+0000] {processor.py:743} INFO - Processing file /home/airflow/.local/lib/python3.7/site-packages/airflow/example_dags/example_datasets.py for tasks to queue
[2023-04-27T05:02:48.816+0000] {logging_mixin.py:137} INFO - [2023-04-27T05:02:48.816+0000] {dagbag.py:532} INFO - Filling up the DagBag from /home/airflow/.local/lib/python3.7/site-packages/airflow/example_dags/example_datasets.py
[2023-04-27T05:02:48.830+0000] {processor.py:753} INFO - DAG(s) dict_keys(['dataset_consumes_unknown_never_scheduled', 'dataset_produces_2', 'dataset_produces_1', 'dataset_consumes_1_and_2', 'dataset_consumes_1_never_scheduled', 'dataset_consumes_1']) retrieved from /home/airflow/.local/lib/python3.7/site-packages/airflow/example_dags/example_datasets.py
[2023-04-27T05:02:48.867+0000] {logging_mixin.py:137} INFO - [2023-04-27T05:02:48.867+0000] {dag.py:2705} INFO - Sync 6 DAGs
[2023-04-27T05:02:48.891+0000] {logging_mixin.py:137} INFO - [2023-04-27T05:02:48.890+0000] {dag.py:3456} INFO - Setting next_dagrun for dataset_consumes_1 to None, run_after=None
[2023-04-27T05:02:48.894+0000] {logging_mixin.py:137} INFO - [2023-04-27T05:02:48.894+0000] {dag.py:3456} INFO - Setting next_dagrun for dataset_consumes_1_and_2 to None, run_after=None
[2023-04-27T05:02:48.895+0000] {logging_mixin.py:137} INFO - [2023-04-27T05:02:48.895+0000] {dag.py:3456} INFO - Setting next_dagrun for dataset_consumes_1_never_scheduled to None, run_after=None
[2023-04-27T05:02:48.896+0000] {logging_mixin.py:137} INFO - [2023-04-27T05:02:48.896+0000] {dag.py:3456} INFO - Setting next_dagrun for dataset_consumes_unknown_never_scheduled to None, run_after=None
[2023-04-27T05:02:48.898+0000] {logging_mixin.py:137} INFO - [2023-04-27T05:02:48.898+0000] {dag.py:3456} INFO - Setting next_dagrun for dataset_produces_1 to 2023-04-26T00:00:00+00:00, run_after=2023-04-27T00:00:00+00:00
[2023-04-27T05:02:48.900+0000] {logging_mixin.py:137} INFO - [2023-04-27T05:02:48.899+0000] {dag.py:3456} INFO - Setting next_dagrun for dataset_produces_2 to None, run_after=None
[2023-04-27T05:02:48.934+0000] {processor.py:175} INFO - Processing /home/airflow/.local/lib/python3.7/site-packages/airflow/example_dags/example_datasets.py took 0.126 seconds
[2023-04-27T05:03:19.116+0000] {processor.py:153} INFO - Started process (PID=470) to work on /home/airflow/.local/lib/python3.7/site-packages/airflow/example_dags/example_datasets.py
[2023-04-27T05:03:19.117+0000] {processor.py:743} INFO - Processing file /home/airflow/.local/lib/python3.7/site-packages/airflow/example_dags/example_datasets.py for tasks to queue
[2023-04-27T05:03:19.117+0000] {logging_mixin.py:137} INFO - [2023-04-27T05:03:19.117+0000] {dagbag.py:532} INFO - Filling up the DagBag from /home/airflow/.local/lib/python3.7/site-packages/airflow/example_dags/example_datasets.py
[2023-04-27T05:03:19.130+0000] {processor.py:753} INFO - DAG(s) dict_keys(['dataset_consumes_1', 'dataset_produces_2', 'dataset_consumes_1_never_scheduled', 'dataset_produces_1', 'dataset_consumes_unknown_never_scheduled', 'dataset_consumes_1_and_2']) retrieved from /home/airflow/.local/lib/python3.7/site-packages/airflow/example_dags/example_datasets.py
[2023-04-27T05:03:19.166+0000] {logging_mixin.py:137} INFO - [2023-04-27T05:03:19.166+0000] {dag.py:2705} INFO - Sync 6 DAGs
[2023-04-27T05:03:19.203+0000] {logging_mixin.py:137} INFO - [2023-04-27T05:03:19.202+0000] {dag.py:3456} INFO - Setting next_dagrun for dataset_consumes_1 to None, run_after=None
[2023-04-27T05:03:19.210+0000] {logging_mixin.py:137} INFO - [2023-04-27T05:03:19.210+0000] {dag.py:3456} INFO - Setting next_dagrun for dataset_consumes_1_and_2 to None, run_after=None
[2023-04-27T05:03:19.212+0000] {logging_mixin.py:137} INFO - [2023-04-27T05:03:19.212+0000] {dag.py:3456} INFO - Setting next_dagrun for dataset_consumes_1_never_scheduled to None, run_after=None
[2023-04-27T05:03:19.215+0000] {logging_mixin.py:137} INFO - [2023-04-27T05:03:19.215+0000] {dag.py:3456} INFO - Setting next_dagrun for dataset_consumes_unknown_never_scheduled to None, run_after=None
[2023-04-27T05:03:19.221+0000] {logging_mixin.py:137} INFO - [2023-04-27T05:03:19.221+0000] {dag.py:3456} INFO - Setting next_dagrun for dataset_produces_1 to 2023-04-26T00:00:00+00:00, run_after=2023-04-27T00:00:00+00:00
[2023-04-27T05:03:19.223+0000] {logging_mixin.py:137} INFO - [2023-04-27T05:03:19.223+0000] {dag.py:3456} INFO - Setting next_dagrun for dataset_produces_2 to None, run_after=None
[2023-04-27T05:03:19.292+0000] {processor.py:175} INFO - Processing /home/airflow/.local/lib/python3.7/site-packages/airflow/example_dags/example_datasets.py took 0.179 seconds
[2023-04-27T05:03:49.479+0000] {processor.py:153} INFO - Started process (PID=520) to work on /home/airflow/.local/lib/python3.7/site-packages/airflow/example_dags/example_datasets.py
[2023-04-27T05:03:49.480+0000] {processor.py:743} INFO - Processing file /home/airflow/.local/lib/python3.7/site-packages/airflow/example_dags/example_datasets.py for tasks to queue
[2023-04-27T05:03:49.480+0000] {logging_mixin.py:137} INFO - [2023-04-27T05:03:49.480+0000] {dagbag.py:532} INFO - Filling up the DagBag from /home/airflow/.local/lib/python3.7/site-packages/airflow/example_dags/example_datasets.py
[2023-04-27T05:03:49.491+0000] {processor.py:753} INFO - DAG(s) dict_keys(['dataset_consumes_1', 'dataset_consumes_1_and_2', 'dataset_produces_2', 'dataset_produces_1', 'dataset_consumes_unknown_never_scheduled', 'dataset_consumes_1_never_scheduled']) retrieved from /home/airflow/.local/lib/python3.7/site-packages/airflow/example_dags/example_datasets.py
[2023-04-27T05:03:49.522+0000] {logging_mixin.py:137} INFO - [2023-04-27T05:03:49.522+0000] {dag.py:2705} INFO - Sync 6 DAGs
[2023-04-27T05:03:49.542+0000] {logging_mixin.py:137} INFO - [2023-04-27T05:03:49.542+0000] {dag.py:3456} INFO - Setting next_dagrun for dataset_consumes_1 to None, run_after=None
[2023-04-27T05:03:49.545+0000] {logging_mixin.py:137} INFO - [2023-04-27T05:03:49.544+0000] {dag.py:3456} INFO - Setting next_dagrun for dataset_consumes_1_and_2 to None, run_after=None
[2023-04-27T05:03:49.546+0000] {logging_mixin.py:137} INFO - [2023-04-27T05:03:49.545+0000] {dag.py:3456} INFO - Setting next_dagrun for dataset_consumes_1_never_scheduled to None, run_after=None
[2023-04-27T05:03:49.546+0000] {logging_mixin.py:137} INFO - [2023-04-27T05:03:49.546+0000] {dag.py:3456} INFO - Setting next_dagrun for dataset_consumes_unknown_never_scheduled to None, run_after=None
[2023-04-27T05:03:49.548+0000] {logging_mixin.py:137} INFO - [2023-04-27T05:03:49.548+0000] {dag.py:3456} INFO - Setting next_dagrun for dataset_produces_1 to 2023-04-26T00:00:00+00:00, run_after=2023-04-27T00:00:00+00:00
[2023-04-27T05:03:49.549+0000] {logging_mixin.py:137} INFO - [2023-04-27T05:03:49.549+0000] {dag.py:3456} INFO - Setting next_dagrun for dataset_produces_2 to None, run_after=None
[2023-04-27T05:03:49.576+0000] {processor.py:175} INFO - Processing /home/airflow/.local/lib/python3.7/site-packages/airflow/example_dags/example_datasets.py took 0.098 seconds
[2023-04-27T05:04:19.835+0000] {processor.py:153} INFO - Started process (PID=569) to work on /home/airflow/.local/lib/python3.7/site-packages/airflow/example_dags/example_datasets.py
[2023-04-27T05:04:19.842+0000] {processor.py:743} INFO - Processing file /home/airflow/.local/lib/python3.7/site-packages/airflow/example_dags/example_datasets.py for tasks to queue
[2023-04-27T05:04:19.843+0000] {logging_mixin.py:137} INFO - [2023-04-27T05:04:19.843+0000] {dagbag.py:532} INFO - Filling up the DagBag from /home/airflow/.local/lib/python3.7/site-packages/airflow/example_dags/example_datasets.py
[2023-04-27T05:04:19.855+0000] {processor.py:753} INFO - DAG(s) dict_keys(['dataset_produces_2', 'dataset_consumes_unknown_never_scheduled', 'dataset_consumes_1_and_2', 'dataset_consumes_1_never_scheduled', 'dataset_produces_1', 'dataset_consumes_1']) retrieved from /home/airflow/.local/lib/python3.7/site-packages/airflow/example_dags/example_datasets.py
[2023-04-27T05:04:19.887+0000] {logging_mixin.py:137} INFO - [2023-04-27T05:04:19.887+0000] {dag.py:2705} INFO - Sync 6 DAGs
[2023-04-27T05:04:19.908+0000] {logging_mixin.py:137} INFO - [2023-04-27T05:04:19.908+0000] {dag.py:3456} INFO - Setting next_dagrun for dataset_consumes_1 to None, run_after=None
[2023-04-27T05:04:19.911+0000] {logging_mixin.py:137} INFO - [2023-04-27T05:04:19.911+0000] {dag.py:3456} INFO - Setting next_dagrun for dataset_consumes_1_and_2 to None, run_after=None
[2023-04-27T05:04:19.912+0000] {logging_mixin.py:137} INFO - [2023-04-27T05:04:19.912+0000] {dag.py:3456} INFO - Setting next_dagrun for dataset_consumes_1_never_scheduled to None, run_after=None
[2023-04-27T05:04:19.913+0000] {logging_mixin.py:137} INFO - [2023-04-27T05:04:19.912+0000] {dag.py:3456} INFO - Setting next_dagrun for dataset_consumes_unknown_never_scheduled to None, run_after=None
[2023-04-27T05:04:19.915+0000] {logging_mixin.py:137} INFO - [2023-04-27T05:04:19.914+0000] {dag.py:3456} INFO - Setting next_dagrun for dataset_produces_1 to 2023-04-26T00:00:00+00:00, run_after=2023-04-27T00:00:00+00:00
[2023-04-27T05:04:19.915+0000] {logging_mixin.py:137} INFO - [2023-04-27T05:04:19.915+0000] {dag.py:3456} INFO - Setting next_dagrun for dataset_produces_2 to None, run_after=None
[2023-04-27T05:04:19.942+0000] {processor.py:175} INFO - Processing /home/airflow/.local/lib/python3.7/site-packages/airflow/example_dags/example_datasets.py took 0.109 seconds
[2023-04-27T05:04:50.048+0000] {processor.py:153} INFO - Started process (PID=619) to work on /home/airflow/.local/lib/python3.7/site-packages/airflow/example_dags/example_datasets.py
[2023-04-27T05:04:50.056+0000] {processor.py:743} INFO - Processing file /home/airflow/.local/lib/python3.7/site-packages/airflow/example_dags/example_datasets.py for tasks to queue
[2023-04-27T05:04:50.057+0000] {logging_mixin.py:137} INFO - [2023-04-27T05:04:50.057+0000] {dagbag.py:532} INFO - Filling up the DagBag from /home/airflow/.local/lib/python3.7/site-packages/airflow/example_dags/example_datasets.py
[2023-04-27T05:04:50.069+0000] {processor.py:753} INFO - DAG(s) dict_keys(['dataset_consumes_1_and_2', 'dataset_produces_2', 'dataset_produces_1', 'dataset_consumes_unknown_never_scheduled', 'dataset_consumes_1', 'dataset_consumes_1_never_scheduled']) retrieved from /home/airflow/.local/lib/python3.7/site-packages/airflow/example_dags/example_datasets.py
[2023-04-27T05:04:50.100+0000] {logging_mixin.py:137} INFO - [2023-04-27T05:04:50.100+0000] {dag.py:2705} INFO - Sync 6 DAGs
[2023-04-27T05:04:50.119+0000] {logging_mixin.py:137} INFO - [2023-04-27T05:04:50.119+0000] {dag.py:3456} INFO - Setting next_dagrun for dataset_consumes_1 to None, run_after=None
[2023-04-27T05:04:50.121+0000] {logging_mixin.py:137} INFO - [2023-04-27T05:04:50.121+0000] {dag.py:3456} INFO - Setting next_dagrun for dataset_consumes_1_and_2 to None, run_after=None
[2023-04-27T05:04:50.122+0000] {logging_mixin.py:137} INFO - [2023-04-27T05:04:50.122+0000] {dag.py:3456} INFO - Setting next_dagrun for dataset_consumes_1_never_scheduled to None, run_after=None
[2023-04-27T05:04:50.123+0000] {logging_mixin.py:137} INFO - [2023-04-27T05:04:50.123+0000] {dag.py:3456} INFO - Setting next_dagrun for dataset_consumes_unknown_never_scheduled to None, run_after=None
[2023-04-27T05:04:50.125+0000] {logging_mixin.py:137} INFO - [2023-04-27T05:04:50.125+0000] {dag.py:3456} INFO - Setting next_dagrun for dataset_produces_1 to 2023-04-26T00:00:00+00:00, run_after=2023-04-27T00:00:00+00:00
[2023-04-27T05:04:50.126+0000] {logging_mixin.py:137} INFO - [2023-04-27T05:04:50.126+0000] {dag.py:3456} INFO - Setting next_dagrun for dataset_produces_2 to None, run_after=None
[2023-04-27T05:04:50.153+0000] {processor.py:175} INFO - Processing /home/airflow/.local/lib/python3.7/site-packages/airflow/example_dags/example_datasets.py took 0.106 seconds
[2023-04-27T05:05:20.286+0000] {processor.py:153} INFO - Started process (PID=669) to work on /home/airflow/.local/lib/python3.7/site-packages/airflow/example_dags/example_datasets.py
[2023-04-27T05:05:20.286+0000] {processor.py:743} INFO - Processing file /home/airflow/.local/lib/python3.7/site-packages/airflow/example_dags/example_datasets.py for tasks to queue
[2023-04-27T05:05:20.287+0000] {logging_mixin.py:137} INFO - [2023-04-27T05:05:20.287+0000] {dagbag.py:532} INFO - Filling up the DagBag from /home/airflow/.local/lib/python3.7/site-packages/airflow/example_dags/example_datasets.py
[2023-04-27T05:05:20.298+0000] {processor.py:753} INFO - DAG(s) dict_keys(['dataset_consumes_1_and_2', 'dataset_produces_1', 'dataset_consumes_unknown_never_scheduled', 'dataset_produces_2', 'dataset_consumes_1_never_scheduled', 'dataset_consumes_1']) retrieved from /home/airflow/.local/lib/python3.7/site-packages/airflow/example_dags/example_datasets.py
[2023-04-27T05:05:20.330+0000] {logging_mixin.py:137} INFO - [2023-04-27T05:05:20.330+0000] {dag.py:2705} INFO - Sync 6 DAGs
[2023-04-27T05:05:20.352+0000] {logging_mixin.py:137} INFO - [2023-04-27T05:05:20.352+0000] {dag.py:3456} INFO - Setting next_dagrun for dataset_consumes_1 to None, run_after=None
[2023-04-27T05:05:20.354+0000] {logging_mixin.py:137} INFO - [2023-04-27T05:05:20.354+0000] {dag.py:3456} INFO - Setting next_dagrun for dataset_consumes_1_and_2 to None, run_after=None
[2023-04-27T05:05:20.355+0000] {logging_mixin.py:137} INFO - [2023-04-27T05:05:20.355+0000] {dag.py:3456} INFO - Setting next_dagrun for dataset_consumes_1_never_scheduled to None, run_after=None
[2023-04-27T05:05:20.356+0000] {logging_mixin.py:137} INFO - [2023-04-27T05:05:20.356+0000] {dag.py:3456} INFO - Setting next_dagrun for dataset_consumes_unknown_never_scheduled to None, run_after=None
[2023-04-27T05:05:20.358+0000] {logging_mixin.py:137} INFO - [2023-04-27T05:05:20.358+0000] {dag.py:3456} INFO - Setting next_dagrun for dataset_produces_1 to 2023-04-26T00:00:00+00:00, run_after=2023-04-27T00:00:00+00:00
[2023-04-27T05:05:20.359+0000] {logging_mixin.py:137} INFO - [2023-04-27T05:05:20.359+0000] {dag.py:3456} INFO - Setting next_dagrun for dataset_produces_2 to None, run_after=None
[2023-04-27T05:05:20.386+0000] {processor.py:175} INFO - Processing /home/airflow/.local/lib/python3.7/site-packages/airflow/example_dags/example_datasets.py took 0.103 seconds
[2023-04-27T05:05:50.442+0000] {processor.py:153} INFO - Started process (PID=719) to work on /home/airflow/.local/lib/python3.7/site-packages/airflow/example_dags/example_datasets.py
[2023-04-27T05:05:50.450+0000] {processor.py:743} INFO - Processing file /home/airflow/.local/lib/python3.7/site-packages/airflow/example_dags/example_datasets.py for tasks to queue
[2023-04-27T05:05:50.450+0000] {logging_mixin.py:137} INFO - [2023-04-27T05:05:50.450+0000] {dagbag.py:532} INFO - Filling up the DagBag from /home/airflow/.local/lib/python3.7/site-packages/airflow/example_dags/example_datasets.py
[2023-04-27T05:05:50.462+0000] {processor.py:753} INFO - DAG(s) dict_keys(['dataset_consumes_1_never_scheduled', 'dataset_produces_2', 'dataset_consumes_1', 'dataset_produces_1', 'dataset_consumes_unknown_never_scheduled', 'dataset_consumes_1_and_2']) retrieved from /home/airflow/.local/lib/python3.7/site-packages/airflow/example_dags/example_datasets.py
[2023-04-27T05:05:50.493+0000] {logging_mixin.py:137} INFO - [2023-04-27T05:05:50.493+0000] {dag.py:2705} INFO - Sync 6 DAGs
[2023-04-27T05:05:50.513+0000] {logging_mixin.py:137} INFO - [2023-04-27T05:05:50.513+0000] {dag.py:3456} INFO - Setting next_dagrun for dataset_consumes_1 to None, run_after=None
[2023-04-27T05:05:50.515+0000] {logging_mixin.py:137} INFO - [2023-04-27T05:05:50.515+0000] {dag.py:3456} INFO - Setting next_dagrun for dataset_consumes_1_and_2 to None, run_after=None
[2023-04-27T05:05:50.516+0000] {logging_mixin.py:137} INFO - [2023-04-27T05:05:50.516+0000] {dag.py:3456} INFO - Setting next_dagrun for dataset_consumes_1_never_scheduled to None, run_after=None
[2023-04-27T05:05:50.517+0000] {logging_mixin.py:137} INFO - [2023-04-27T05:05:50.517+0000] {dag.py:3456} INFO - Setting next_dagrun for dataset_consumes_unknown_never_scheduled to None, run_after=None
[2023-04-27T05:05:50.519+0000] {logging_mixin.py:137} INFO - [2023-04-27T05:05:50.519+0000] {dag.py:3456} INFO - Setting next_dagrun for dataset_produces_1 to 2023-04-26T00:00:00+00:00, run_after=2023-04-27T00:00:00+00:00
[2023-04-27T05:05:50.520+0000] {logging_mixin.py:137} INFO - [2023-04-27T05:05:50.520+0000] {dag.py:3456} INFO - Setting next_dagrun for dataset_produces_2 to None, run_after=None
[2023-04-27T05:05:50.547+0000] {processor.py:175} INFO - Processing /home/airflow/.local/lib/python3.7/site-packages/airflow/example_dags/example_datasets.py took 0.106 seconds
[2023-04-27T05:06:20.647+0000] {processor.py:153} INFO - Started process (PID=769) to work on /home/airflow/.local/lib/python3.7/site-packages/airflow/example_dags/example_datasets.py
[2023-04-27T05:06:20.654+0000] {processor.py:743} INFO - Processing file /home/airflow/.local/lib/python3.7/site-packages/airflow/example_dags/example_datasets.py for tasks to queue
[2023-04-27T05:06:20.655+0000] {logging_mixin.py:137} INFO - [2023-04-27T05:06:20.654+0000] {dagbag.py:532} INFO - Filling up the DagBag from /home/airflow/.local/lib/python3.7/site-packages/airflow/example_dags/example_datasets.py
[2023-04-27T05:06:20.668+0000] {processor.py:753} INFO - DAG(s) dict_keys(['dataset_consumes_1_and_2', 'dataset_consumes_1', 'dataset_produces_1', 'dataset_produces_2', 'dataset_consumes_1_never_scheduled', 'dataset_consumes_unknown_never_scheduled']) retrieved from /home/airflow/.local/lib/python3.7/site-packages/airflow/example_dags/example_datasets.py
[2023-04-27T05:06:20.700+0000] {logging_mixin.py:137} INFO - [2023-04-27T05:06:20.699+0000] {dag.py:2705} INFO - Sync 6 DAGs
[2023-04-27T05:06:20.719+0000] {logging_mixin.py:137} INFO - [2023-04-27T05:06:20.719+0000] {dag.py:3456} INFO - Setting next_dagrun for dataset_consumes_1 to None, run_after=None
[2023-04-27T05:06:20.722+0000] {logging_mixin.py:137} INFO - [2023-04-27T05:06:20.721+0000] {dag.py:3456} INFO - Setting next_dagrun for dataset_consumes_1_and_2 to None, run_after=None
[2023-04-27T05:06:20.722+0000] {logging_mixin.py:137} INFO - [2023-04-27T05:06:20.722+0000] {dag.py:3456} INFO - Setting next_dagrun for dataset_consumes_1_never_scheduled to None, run_after=None
[2023-04-27T05:06:20.723+0000] {logging_mixin.py:137} INFO - [2023-04-27T05:06:20.723+0000] {dag.py:3456} INFO - Setting next_dagrun for dataset_consumes_unknown_never_scheduled to None, run_after=None
[2023-04-27T05:06:20.725+0000] {logging_mixin.py:137} INFO - [2023-04-27T05:06:20.725+0000] {dag.py:3456} INFO - Setting next_dagrun for dataset_produces_1 to 2023-04-26T00:00:00+00:00, run_after=2023-04-27T00:00:00+00:00
[2023-04-27T05:06:20.726+0000] {logging_mixin.py:137} INFO - [2023-04-27T05:06:20.726+0000] {dag.py:3456} INFO - Setting next_dagrun for dataset_produces_2 to None, run_after=None
[2023-04-27T05:06:20.756+0000] {processor.py:175} INFO - Processing /home/airflow/.local/lib/python3.7/site-packages/airflow/example_dags/example_datasets.py took 0.112 seconds
[2023-04-27T05:06:50.881+0000] {processor.py:153} INFO - Started process (PID=819) to work on /home/airflow/.local/lib/python3.7/site-packages/airflow/example_dags/example_datasets.py
[2023-04-27T05:06:50.882+0000] {processor.py:743} INFO - Processing file /home/airflow/.local/lib/python3.7/site-packages/airflow/example_dags/example_datasets.py for tasks to queue
[2023-04-27T05:06:50.883+0000] {logging_mixin.py:137} INFO - [2023-04-27T05:06:50.883+0000] {dagbag.py:532} INFO - Filling up the DagBag from /home/airflow/.local/lib/python3.7/site-packages/airflow/example_dags/example_datasets.py
[2023-04-27T05:06:50.893+0000] {processor.py:753} INFO - DAG(s) dict_keys(['dataset_consumes_1_never_scheduled', 'dataset_produces_2', 'dataset_consumes_1', 'dataset_produces_1', 'dataset_consumes_1_and_2', 'dataset_consumes_unknown_never_scheduled']) retrieved from /home/airflow/.local/lib/python3.7/site-packages/airflow/example_dags/example_datasets.py
[2023-04-27T05:06:50.924+0000] {logging_mixin.py:137} INFO - [2023-04-27T05:06:50.924+0000] {dag.py:2705} INFO - Sync 6 DAGs
[2023-04-27T05:06:50.944+0000] {logging_mixin.py:137} INFO - [2023-04-27T05:06:50.944+0000] {dag.py:3456} INFO - Setting next_dagrun for dataset_consumes_1 to None, run_after=None
[2023-04-27T05:06:50.947+0000] {logging_mixin.py:137} INFO - [2023-04-27T05:06:50.947+0000] {dag.py:3456} INFO - Setting next_dagrun for dataset_consumes_1_and_2 to None, run_after=None
[2023-04-27T05:06:50.948+0000] {logging_mixin.py:137} INFO - [2023-04-27T05:06:50.948+0000] {dag.py:3456} INFO - Setting next_dagrun for dataset_consumes_1_never_scheduled to None, run_after=None
[2023-04-27T05:06:50.949+0000] {logging_mixin.py:137} INFO - [2023-04-27T05:06:50.949+0000] {dag.py:3456} INFO - Setting next_dagrun for dataset_consumes_unknown_never_scheduled to None, run_after=None
[2023-04-27T05:06:50.951+0000] {logging_mixin.py:137} INFO - [2023-04-27T05:06:50.951+0000] {dag.py:3456} INFO - Setting next_dagrun for dataset_produces_1 to 2023-04-26T00:00:00+00:00, run_after=2023-04-27T00:00:00+00:00
[2023-04-27T05:06:50.952+0000] {logging_mixin.py:137} INFO - [2023-04-27T05:06:50.952+0000] {dag.py:3456} INFO - Setting next_dagrun for dataset_produces_2 to None, run_after=None
[2023-04-27T05:06:50.976+0000] {processor.py:175} INFO - Processing /home/airflow/.local/lib/python3.7/site-packages/airflow/example_dags/example_datasets.py took 0.097 seconds
[2023-04-27T05:07:21.204+0000] {processor.py:153} INFO - Started process (PID=869) to work on /home/airflow/.local/lib/python3.7/site-packages/airflow/example_dags/example_datasets.py
[2023-04-27T05:07:21.211+0000] {processor.py:743} INFO - Processing file /home/airflow/.local/lib/python3.7/site-packages/airflow/example_dags/example_datasets.py for tasks to queue
[2023-04-27T05:07:21.212+0000] {logging_mixin.py:137} INFO - [2023-04-27T05:07:21.212+0000] {dagbag.py:532} INFO - Filling up the DagBag from /home/airflow/.local/lib/python3.7/site-packages/airflow/example_dags/example_datasets.py
[2023-04-27T05:07:21.223+0000] {processor.py:753} INFO - DAG(s) dict_keys(['dataset_consumes_unknown_never_scheduled', 'dataset_consumes_1', 'dataset_consumes_1_never_scheduled', 'dataset_consumes_1_and_2', 'dataset_produces_1', 'dataset_produces_2']) retrieved from /home/airflow/.local/lib/python3.7/site-packages/airflow/example_dags/example_datasets.py
[2023-04-27T05:07:21.253+0000] {logging_mixin.py:137} INFO - [2023-04-27T05:07:21.253+0000] {dag.py:2705} INFO - Sync 6 DAGs
[2023-04-27T05:07:21.273+0000] {logging_mixin.py:137} INFO - [2023-04-27T05:07:21.272+0000] {dag.py:3456} INFO - Setting next_dagrun for dataset_consumes_1 to None, run_after=None
[2023-04-27T05:07:21.275+0000] {logging_mixin.py:137} INFO - [2023-04-27T05:07:21.275+0000] {dag.py:3456} INFO - Setting next_dagrun for dataset_consumes_1_and_2 to None, run_after=None
[2023-04-27T05:07:21.276+0000] {logging_mixin.py:137} INFO - [2023-04-27T05:07:21.276+0000] {dag.py:3456} INFO - Setting next_dagrun for dataset_consumes_1_never_scheduled to None, run_after=None
[2023-04-27T05:07:21.277+0000] {logging_mixin.py:137} INFO - [2023-04-27T05:07:21.277+0000] {dag.py:3456} INFO - Setting next_dagrun for dataset_consumes_unknown_never_scheduled to None, run_after=None
[2023-04-27T05:07:21.279+0000] {logging_mixin.py:137} INFO - [2023-04-27T05:07:21.279+0000] {dag.py:3456} INFO - Setting next_dagrun for dataset_produces_1 to 2023-04-26T00:00:00+00:00, run_after=2023-04-27T00:00:00+00:00
[2023-04-27T05:07:21.279+0000] {logging_mixin.py:137} INFO - [2023-04-27T05:07:21.279+0000] {dag.py:3456} INFO - Setting next_dagrun for dataset_produces_2 to None, run_after=None
[2023-04-27T05:07:21.306+0000] {processor.py:175} INFO - Processing /home/airflow/.local/lib/python3.7/site-packages/airflow/example_dags/example_datasets.py took 0.104 seconds
[2023-04-27T05:07:51.345+0000] {processor.py:153} INFO - Started process (PID=919) to work on /home/airflow/.local/lib/python3.7/site-packages/airflow/example_dags/example_datasets.py
[2023-04-27T05:07:51.346+0000] {processor.py:743} INFO - Processing file /home/airflow/.local/lib/python3.7/site-packages/airflow/example_dags/example_datasets.py for tasks to queue
[2023-04-27T05:07:51.347+0000] {logging_mixin.py:137} INFO - [2023-04-27T05:07:51.347+0000] {dagbag.py:532} INFO - Filling up the DagBag from /home/airflow/.local/lib/python3.7/site-packages/airflow/example_dags/example_datasets.py
[2023-04-27T05:07:51.364+0000] {processor.py:753} INFO - DAG(s) dict_keys(['dataset_consumes_unknown_never_scheduled', 'dataset_produces_1', 'dataset_consumes_1', 'dataset_produces_2', 'dataset_consumes_1_never_scheduled', 'dataset_consumes_1_and_2']) retrieved from /home/airflow/.local/lib/python3.7/site-packages/airflow/example_dags/example_datasets.py
[2023-04-27T05:07:51.415+0000] {logging_mixin.py:137} INFO - [2023-04-27T05:07:51.415+0000] {dag.py:2705} INFO - Sync 6 DAGs
[2023-04-27T05:07:51.439+0000] {logging_mixin.py:137} INFO - [2023-04-27T05:07:51.439+0000] {dag.py:3456} INFO - Setting next_dagrun for dataset_consumes_1 to None, run_after=None
[2023-04-27T05:07:51.442+0000] {logging_mixin.py:137} INFO - [2023-04-27T05:07:51.442+0000] {dag.py:3456} INFO - Setting next_dagrun for dataset_consumes_1_and_2 to None, run_after=None
[2023-04-27T05:07:51.443+0000] {logging_mixin.py:137} INFO - [2023-04-27T05:07:51.443+0000] {dag.py:3456} INFO - Setting next_dagrun for dataset_consumes_1_never_scheduled to None, run_after=None
[2023-04-27T05:07:51.445+0000] {logging_mixin.py:137} INFO - [2023-04-27T05:07:51.444+0000] {dag.py:3456} INFO - Setting next_dagrun for dataset_consumes_unknown_never_scheduled to None, run_after=None
[2023-04-27T05:07:51.447+0000] {logging_mixin.py:137} INFO - [2023-04-27T05:07:51.447+0000] {dag.py:3456} INFO - Setting next_dagrun for dataset_produces_1 to 2023-04-26T00:00:00+00:00, run_after=2023-04-27T00:00:00+00:00
[2023-04-27T05:07:51.448+0000] {logging_mixin.py:137} INFO - [2023-04-27T05:07:51.448+0000] {dag.py:3456} INFO - Setting next_dagrun for dataset_produces_2 to None, run_after=None
[2023-04-27T05:07:51.484+0000] {processor.py:175} INFO - Processing /home/airflow/.local/lib/python3.7/site-packages/airflow/example_dags/example_datasets.py took 0.141 seconds
[2023-04-27T05:08:22.441+0000] {processor.py:153} INFO - Started process (PID=969) to work on /home/airflow/.local/lib/python3.7/site-packages/airflow/example_dags/example_datasets.py
[2023-04-27T05:08:22.449+0000] {processor.py:743} INFO - Processing file /home/airflow/.local/lib/python3.7/site-packages/airflow/example_dags/example_datasets.py for tasks to queue
[2023-04-27T05:08:22.450+0000] {logging_mixin.py:137} INFO - [2023-04-27T05:08:22.450+0000] {dagbag.py:532} INFO - Filling up the DagBag from /home/airflow/.local/lib/python3.7/site-packages/airflow/example_dags/example_datasets.py
[2023-04-27T05:08:22.462+0000] {processor.py:753} INFO - DAG(s) dict_keys(['dataset_consumes_unknown_never_scheduled', 'dataset_produces_1', 'dataset_consumes_1', 'dataset_produces_2', 'dataset_consumes_1_never_scheduled', 'dataset_consumes_1_and_2']) retrieved from /home/airflow/.local/lib/python3.7/site-packages/airflow/example_dags/example_datasets.py
[2023-04-27T05:08:22.492+0000] {logging_mixin.py:137} INFO - [2023-04-27T05:08:22.492+0000] {dag.py:2705} INFO - Sync 6 DAGs
[2023-04-27T05:08:22.510+0000] {logging_mixin.py:137} INFO - [2023-04-27T05:08:22.510+0000] {dag.py:3456} INFO - Setting next_dagrun for dataset_consumes_1 to None, run_after=None
[2023-04-27T05:08:22.513+0000] {logging_mixin.py:137} INFO - [2023-04-27T05:08:22.513+0000] {dag.py:3456} INFO - Setting next_dagrun for dataset_consumes_1_and_2 to None, run_after=None
[2023-04-27T05:08:22.514+0000] {logging_mixin.py:137} INFO - [2023-04-27T05:08:22.514+0000] {dag.py:3456} INFO - Setting next_dagrun for dataset_consumes_1_never_scheduled to None, run_after=None
[2023-04-27T05:08:22.515+0000] {logging_mixin.py:137} INFO - [2023-04-27T05:08:22.514+0000] {dag.py:3456} INFO - Setting next_dagrun for dataset_consumes_unknown_never_scheduled to None, run_after=None
[2023-04-27T05:08:22.516+0000] {logging_mixin.py:137} INFO - [2023-04-27T05:08:22.516+0000] {dag.py:3456} INFO - Setting next_dagrun for dataset_produces_1 to 2023-04-26T00:00:00+00:00, run_after=2023-04-27T00:00:00+00:00
[2023-04-27T05:08:22.517+0000] {logging_mixin.py:137} INFO - [2023-04-27T05:08:22.517+0000] {dag.py:3456} INFO - Setting next_dagrun for dataset_produces_2 to None, run_after=None
[2023-04-27T05:08:22.545+0000] {processor.py:175} INFO - Processing /home/airflow/.local/lib/python3.7/site-packages/airflow/example_dags/example_datasets.py took 0.106 seconds
[2023-04-27T05:08:52.681+0000] {processor.py:153} INFO - Started process (PID=1019) to work on /home/airflow/.local/lib/python3.7/site-packages/airflow/example_dags/example_datasets.py
[2023-04-27T05:08:52.687+0000] {processor.py:743} INFO - Processing file /home/airflow/.local/lib/python3.7/site-packages/airflow/example_dags/example_datasets.py for tasks to queue
[2023-04-27T05:08:52.688+0000] {logging_mixin.py:137} INFO - [2023-04-27T05:08:52.688+0000] {dagbag.py:532} INFO - Filling up the DagBag from /home/airflow/.local/lib/python3.7/site-packages/airflow/example_dags/example_datasets.py
[2023-04-27T05:08:52.700+0000] {processor.py:753} INFO - DAG(s) dict_keys(['dataset_consumes_1_and_2', 'dataset_consumes_1_never_scheduled', 'dataset_produces_1', 'dataset_consumes_unknown_never_scheduled', 'dataset_produces_2', 'dataset_consumes_1']) retrieved from /home/airflow/.local/lib/python3.7/site-packages/airflow/example_dags/example_datasets.py
[2023-04-27T05:08:52.730+0000] {logging_mixin.py:137} INFO - [2023-04-27T05:08:52.730+0000] {dag.py:2705} INFO - Sync 6 DAGs
[2023-04-27T05:08:52.749+0000] {logging_mixin.py:137} INFO - [2023-04-27T05:08:52.749+0000] {dag.py:3456} INFO - Setting next_dagrun for dataset_consumes_1 to None, run_after=None
[2023-04-27T05:08:52.752+0000] {logging_mixin.py:137} INFO - [2023-04-27T05:08:52.752+0000] {dag.py:3456} INFO - Setting next_dagrun for dataset_consumes_1_and_2 to None, run_after=None
[2023-04-27T05:08:52.753+0000] {logging_mixin.py:137} INFO - [2023-04-27T05:08:52.753+0000] {dag.py:3456} INFO - Setting next_dagrun for dataset_consumes_1_never_scheduled to None, run_after=None
[2023-04-27T05:08:52.754+0000] {logging_mixin.py:137} INFO - [2023-04-27T05:08:52.754+0000] {dag.py:3456} INFO - Setting next_dagrun for dataset_consumes_unknown_never_scheduled to None, run_after=None
[2023-04-27T05:08:52.756+0000] {logging_mixin.py:137} INFO - [2023-04-27T05:08:52.755+0000] {dag.py:3456} INFO - Setting next_dagrun for dataset_produces_1 to 2023-04-26T00:00:00+00:00, run_after=2023-04-27T00:00:00+00:00
[2023-04-27T05:08:52.756+0000] {logging_mixin.py:137} INFO - [2023-04-27T05:08:52.756+0000] {dag.py:3456} INFO - Setting next_dagrun for dataset_produces_2 to None, run_after=None
[2023-04-27T05:08:52.782+0000] {processor.py:175} INFO - Processing /home/airflow/.local/lib/python3.7/site-packages/airflow/example_dags/example_datasets.py took 0.105 seconds
[2023-04-27T05:09:22.983+0000] {processor.py:153} INFO - Started process (PID=1069) to work on /home/airflow/.local/lib/python3.7/site-packages/airflow/example_dags/example_datasets.py
[2023-04-27T05:09:22.984+0000] {processor.py:743} INFO - Processing file /home/airflow/.local/lib/python3.7/site-packages/airflow/example_dags/example_datasets.py for tasks to queue
[2023-04-27T05:09:22.984+0000] {logging_mixin.py:137} INFO - [2023-04-27T05:09:22.984+0000] {dagbag.py:532} INFO - Filling up the DagBag from /home/airflow/.local/lib/python3.7/site-packages/airflow/example_dags/example_datasets.py
[2023-04-27T05:09:22.994+0000] {processor.py:753} INFO - DAG(s) dict_keys(['dataset_consumes_1_never_scheduled', 'dataset_produces_2', 'dataset_consumes_unknown_never_scheduled', 'dataset_consumes_1', 'dataset_produces_1', 'dataset_consumes_1_and_2']) retrieved from /home/airflow/.local/lib/python3.7/site-packages/airflow/example_dags/example_datasets.py
[2023-04-27T05:09:23.024+0000] {logging_mixin.py:137} INFO - [2023-04-27T05:09:23.024+0000] {dag.py:2705} INFO - Sync 6 DAGs
[2023-04-27T05:09:23.043+0000] {logging_mixin.py:137} INFO - [2023-04-27T05:09:23.043+0000] {dag.py:3456} INFO - Setting next_dagrun for dataset_consumes_1 to None, run_after=None
[2023-04-27T05:09:23.046+0000] {logging_mixin.py:137} INFO - [2023-04-27T05:09:23.046+0000] {dag.py:3456} INFO - Setting next_dagrun for dataset_consumes_1_and_2 to None, run_after=None
[2023-04-27T05:09:23.047+0000] {logging_mixin.py:137} INFO - [2023-04-27T05:09:23.047+0000] {dag.py:3456} INFO - Setting next_dagrun for dataset_consumes_1_never_scheduled to None, run_after=None
[2023-04-27T05:09:23.048+0000] {logging_mixin.py:137} INFO - [2023-04-27T05:09:23.048+0000] {dag.py:3456} INFO - Setting next_dagrun for dataset_consumes_unknown_never_scheduled to None, run_after=None
[2023-04-27T05:09:23.050+0000] {logging_mixin.py:137} INFO - [2023-04-27T05:09:23.050+0000] {dag.py:3456} INFO - Setting next_dagrun for dataset_produces_1 to 2023-04-26T00:00:00+00:00, run_after=2023-04-27T00:00:00+00:00
[2023-04-27T05:09:23.051+0000] {logging_mixin.py:137} INFO - [2023-04-27T05:09:23.051+0000] {dag.py:3456} INFO - Setting next_dagrun for dataset_produces_2 to None, run_after=None
[2023-04-27T05:09:23.082+0000] {processor.py:175} INFO - Processing /home/airflow/.local/lib/python3.7/site-packages/airflow/example_dags/example_datasets.py took 0.100 seconds
[2023-04-27T05:09:53.191+0000] {processor.py:153} INFO - Started process (PID=1119) to work on /home/airflow/.local/lib/python3.7/site-packages/airflow/example_dags/example_datasets.py
[2023-04-27T05:09:53.199+0000] {processor.py:743} INFO - Processing file /home/airflow/.local/lib/python3.7/site-packages/airflow/example_dags/example_datasets.py for tasks to queue
[2023-04-27T05:09:53.200+0000] {logging_mixin.py:137} INFO - [2023-04-27T05:09:53.199+0000] {dagbag.py:532} INFO - Filling up the DagBag from /home/airflow/.local/lib/python3.7/site-packages/airflow/example_dags/example_datasets.py
[2023-04-27T05:09:53.213+0000] {processor.py:753} INFO - DAG(s) dict_keys(['dataset_produces_1', 'dataset_produces_2', 'dataset_consumes_1_never_scheduled', 'dataset_consumes_1', 'dataset_consumes_unknown_never_scheduled', 'dataset_consumes_1_and_2']) retrieved from /home/airflow/.local/lib/python3.7/site-packages/airflow/example_dags/example_datasets.py
[2023-04-27T05:09:53.243+0000] {logging_mixin.py:137} INFO - [2023-04-27T05:09:53.243+0000] {dag.py:2705} INFO - Sync 6 DAGs
[2023-04-27T05:09:53.262+0000] {logging_mixin.py:137} INFO - [2023-04-27T05:09:53.262+0000] {dag.py:3456} INFO - Setting next_dagrun for dataset_consumes_1 to None, run_after=None
[2023-04-27T05:09:53.265+0000] {logging_mixin.py:137} INFO - [2023-04-27T05:09:53.265+0000] {dag.py:3456} INFO - Setting next_dagrun for dataset_consumes_1_and_2 to None, run_after=None
[2023-04-27T05:09:53.266+0000] {logging_mixin.py:137} INFO - [2023-04-27T05:09:53.266+0000] {dag.py:3456} INFO - Setting next_dagrun for dataset_consumes_1_never_scheduled to None, run_after=None
[2023-04-27T05:09:53.267+0000] {logging_mixin.py:137} INFO - [2023-04-27T05:09:53.266+0000] {dag.py:3456} INFO - Setting next_dagrun for dataset_consumes_unknown_never_scheduled to None, run_after=None
[2023-04-27T05:09:53.268+0000] {logging_mixin.py:137} INFO - [2023-04-27T05:09:53.268+0000] {dag.py:3456} INFO - Setting next_dagrun for dataset_produces_1 to 2023-04-26T00:00:00+00:00, run_after=2023-04-27T00:00:00+00:00
[2023-04-27T05:09:53.269+0000] {logging_mixin.py:137} INFO - [2023-04-27T05:09:53.269+0000] {dag.py:3456} INFO - Setting next_dagrun for dataset_produces_2 to None, run_after=None
[2023-04-27T05:09:53.296+0000] {processor.py:175} INFO - Processing /home/airflow/.local/lib/python3.7/site-packages/airflow/example_dags/example_datasets.py took 0.106 seconds
[2023-04-27T05:10:23.368+0000] {processor.py:153} INFO - Started process (PID=1169) to work on /home/airflow/.local/lib/python3.7/site-packages/airflow/example_dags/example_datasets.py
[2023-04-27T05:10:23.376+0000] {processor.py:743} INFO - Processing file /home/airflow/.local/lib/python3.7/site-packages/airflow/example_dags/example_datasets.py for tasks to queue
[2023-04-27T05:10:23.376+0000] {logging_mixin.py:137} INFO - [2023-04-27T05:10:23.376+0000] {dagbag.py:532} INFO - Filling up the DagBag from /home/airflow/.local/lib/python3.7/site-packages/airflow/example_dags/example_datasets.py
[2023-04-27T05:10:23.389+0000] {processor.py:753} INFO - DAG(s) dict_keys(['dataset_consumes_unknown_never_scheduled', 'dataset_produces_1', 'dataset_consumes_1_never_scheduled', 'dataset_produces_2', 'dataset_consumes_1_and_2', 'dataset_consumes_1']) retrieved from /home/airflow/.local/lib/python3.7/site-packages/airflow/example_dags/example_datasets.py
[2023-04-27T05:10:23.419+0000] {logging_mixin.py:137} INFO - [2023-04-27T05:10:23.418+0000] {dag.py:2705} INFO - Sync 6 DAGs
[2023-04-27T05:10:23.437+0000] {logging_mixin.py:137} INFO - [2023-04-27T05:10:23.437+0000] {dag.py:3456} INFO - Setting next_dagrun for dataset_consumes_1 to None, run_after=None
[2023-04-27T05:10:23.440+0000] {logging_mixin.py:137} INFO - [2023-04-27T05:10:23.440+0000] {dag.py:3456} INFO - Setting next_dagrun for dataset_consumes_1_and_2 to None, run_after=None
[2023-04-27T05:10:23.441+0000] {logging_mixin.py:137} INFO - [2023-04-27T05:10:23.441+0000] {dag.py:3456} INFO - Setting next_dagrun for dataset_consumes_1_never_scheduled to None, run_after=None
[2023-04-27T05:10:23.442+0000] {logging_mixin.py:137} INFO - [2023-04-27T05:10:23.441+0000] {dag.py:3456} INFO - Setting next_dagrun for dataset_consumes_unknown_never_scheduled to None, run_after=None
[2023-04-27T05:10:23.443+0000] {logging_mixin.py:137} INFO - [2023-04-27T05:10:23.443+0000] {dag.py:3456} INFO - Setting next_dagrun for dataset_produces_1 to 2023-04-26T00:00:00+00:00, run_after=2023-04-27T00:00:00+00:00
[2023-04-27T05:10:23.444+0000] {logging_mixin.py:137} INFO - [2023-04-27T05:10:23.444+0000] {dag.py:3456} INFO - Setting next_dagrun for dataset_produces_2 to None, run_after=None
[2023-04-27T05:10:23.470+0000] {processor.py:175} INFO - Processing /home/airflow/.local/lib/python3.7/site-packages/airflow/example_dags/example_datasets.py took 0.104 seconds
[2023-04-27T05:10:53.627+0000] {processor.py:153} INFO - Started process (PID=1218) to work on /home/airflow/.local/lib/python3.7/site-packages/airflow/example_dags/example_datasets.py
[2023-04-27T05:10:53.633+0000] {processor.py:743} INFO - Processing file /home/airflow/.local/lib/python3.7/site-packages/airflow/example_dags/example_datasets.py for tasks to queue
[2023-04-27T05:10:53.634+0000] {logging_mixin.py:137} INFO - [2023-04-27T05:10:53.634+0000] {dagbag.py:532} INFO - Filling up the DagBag from /home/airflow/.local/lib/python3.7/site-packages/airflow/example_dags/example_datasets.py
[2023-04-27T05:10:53.648+0000] {processor.py:753} INFO - DAG(s) dict_keys(['dataset_consumes_unknown_never_scheduled', 'dataset_produces_1', 'dataset_consumes_1_and_2', 'dataset_consumes_1', 'dataset_consumes_1_never_scheduled', 'dataset_produces_2']) retrieved from /home/airflow/.local/lib/python3.7/site-packages/airflow/example_dags/example_datasets.py
[2023-04-27T05:10:53.679+0000] {logging_mixin.py:137} INFO - [2023-04-27T05:10:53.679+0000] {dag.py:2705} INFO - Sync 6 DAGs
[2023-04-27T05:10:53.698+0000] {logging_mixin.py:137} INFO - [2023-04-27T05:10:53.698+0000] {dag.py:3456} INFO - Setting next_dagrun for dataset_consumes_1 to None, run_after=None
[2023-04-27T05:10:53.700+0000] {logging_mixin.py:137} INFO - [2023-04-27T05:10:53.700+0000] {dag.py:3456} INFO - Setting next_dagrun for dataset_consumes_1_and_2 to None, run_after=None
[2023-04-27T05:10:53.701+0000] {logging_mixin.py:137} INFO - [2023-04-27T05:10:53.701+0000] {dag.py:3456} INFO - Setting next_dagrun for dataset_consumes_1_never_scheduled to None, run_after=None
[2023-04-27T05:10:53.702+0000] {logging_mixin.py:137} INFO - [2023-04-27T05:10:53.702+0000] {dag.py:3456} INFO - Setting next_dagrun for dataset_consumes_unknown_never_scheduled to None, run_after=None
[2023-04-27T05:10:53.704+0000] {logging_mixin.py:137} INFO - [2023-04-27T05:10:53.704+0000] {dag.py:3456} INFO - Setting next_dagrun for dataset_produces_1 to 2023-04-26T00:00:00+00:00, run_after=2023-04-27T00:00:00+00:00
[2023-04-27T05:10:53.705+0000] {logging_mixin.py:137} INFO - [2023-04-27T05:10:53.705+0000] {dag.py:3456} INFO - Setting next_dagrun for dataset_produces_2 to None, run_after=None
[2023-04-27T05:10:53.734+0000] {processor.py:175} INFO - Processing /home/airflow/.local/lib/python3.7/site-packages/airflow/example_dags/example_datasets.py took 0.110 seconds
[2023-04-27T05:11:23.835+0000] {processor.py:153} INFO - Started process (PID=1268) to work on /home/airflow/.local/lib/python3.7/site-packages/airflow/example_dags/example_datasets.py
[2023-04-27T05:11:23.841+0000] {processor.py:743} INFO - Processing file /home/airflow/.local/lib/python3.7/site-packages/airflow/example_dags/example_datasets.py for tasks to queue
[2023-04-27T05:11:23.842+0000] {logging_mixin.py:137} INFO - [2023-04-27T05:11:23.841+0000] {dagbag.py:532} INFO - Filling up the DagBag from /home/airflow/.local/lib/python3.7/site-packages/airflow/example_dags/example_datasets.py
[2023-04-27T05:11:23.854+0000] {processor.py:753} INFO - DAG(s) dict_keys(['dataset_consumes_unknown_never_scheduled', 'dataset_produces_1', 'dataset_consumes_1_and_2', 'dataset_consumes_1', 'dataset_consumes_1_never_scheduled', 'dataset_produces_2']) retrieved from /home/airflow/.local/lib/python3.7/site-packages/airflow/example_dags/example_datasets.py
[2023-04-27T05:11:23.884+0000] {logging_mixin.py:137} INFO - [2023-04-27T05:11:23.883+0000] {dag.py:2705} INFO - Sync 6 DAGs
[2023-04-27T05:11:23.903+0000] {logging_mixin.py:137} INFO - [2023-04-27T05:11:23.903+0000] {dag.py:3456} INFO - Setting next_dagrun for dataset_consumes_1 to None, run_after=None
[2023-04-27T05:11:23.905+0000] {logging_mixin.py:137} INFO - [2023-04-27T05:11:23.905+0000] {dag.py:3456} INFO - Setting next_dagrun for dataset_consumes_1_and_2 to None, run_after=None
[2023-04-27T05:11:23.906+0000] {logging_mixin.py:137} INFO - [2023-04-27T05:11:23.906+0000] {dag.py:3456} INFO - Setting next_dagrun for dataset_consumes_1_never_scheduled to None, run_after=None
[2023-04-27T05:11:23.907+0000] {logging_mixin.py:137} INFO - [2023-04-27T05:11:23.907+0000] {dag.py:3456} INFO - Setting next_dagrun for dataset_consumes_unknown_never_scheduled to None, run_after=None
[2023-04-27T05:11:23.910+0000] {logging_mixin.py:137} INFO - [2023-04-27T05:11:23.909+0000] {dag.py:3456} INFO - Setting next_dagrun for dataset_produces_1 to 2023-04-26T00:00:00+00:00, run_after=2023-04-27T00:00:00+00:00
[2023-04-27T05:11:23.911+0000] {logging_mixin.py:137} INFO - [2023-04-27T05:11:23.911+0000] {dag.py:3456} INFO - Setting next_dagrun for dataset_produces_2 to None, run_after=None
[2023-04-27T05:11:23.937+0000] {processor.py:175} INFO - Processing /home/airflow/.local/lib/python3.7/site-packages/airflow/example_dags/example_datasets.py took 0.106 seconds
[2023-04-27T05:11:54.187+0000] {processor.py:153} INFO - Started process (PID=1318) to work on /home/airflow/.local/lib/python3.7/site-packages/airflow/example_dags/example_datasets.py
[2023-04-27T05:11:54.188+0000] {processor.py:743} INFO - Processing file /home/airflow/.local/lib/python3.7/site-packages/airflow/example_dags/example_datasets.py for tasks to queue
[2023-04-27T05:11:54.188+0000] {logging_mixin.py:137} INFO - [2023-04-27T05:11:54.188+0000] {dagbag.py:532} INFO - Filling up the DagBag from /home/airflow/.local/lib/python3.7/site-packages/airflow/example_dags/example_datasets.py
[2023-04-27T05:11:54.200+0000] {processor.py:753} INFO - DAG(s) dict_keys(['dataset_produces_1', 'dataset_consumes_1', 'dataset_produces_2', 'dataset_consumes_unknown_never_scheduled', 'dataset_consumes_1_never_scheduled', 'dataset_consumes_1_and_2']) retrieved from /home/airflow/.local/lib/python3.7/site-packages/airflow/example_dags/example_datasets.py
[2023-04-27T05:11:54.230+0000] {logging_mixin.py:137} INFO - [2023-04-27T05:11:54.230+0000] {dag.py:2705} INFO - Sync 6 DAGs
[2023-04-27T05:11:54.251+0000] {logging_mixin.py:137} INFO - [2023-04-27T05:11:54.251+0000] {dag.py:3456} INFO - Setting next_dagrun for dataset_consumes_1 to None, run_after=None
[2023-04-27T05:11:54.253+0000] {logging_mixin.py:137} INFO - [2023-04-27T05:11:54.253+0000] {dag.py:3456} INFO - Setting next_dagrun for dataset_consumes_1_and_2 to None, run_after=None
[2023-04-27T05:11:54.254+0000] {logging_mixin.py:137} INFO - [2023-04-27T05:11:54.254+0000] {dag.py:3456} INFO - Setting next_dagrun for dataset_consumes_1_never_scheduled to None, run_after=None
[2023-04-27T05:11:54.255+0000] {logging_mixin.py:137} INFO - [2023-04-27T05:11:54.255+0000] {dag.py:3456} INFO - Setting next_dagrun for dataset_consumes_unknown_never_scheduled to None, run_after=None
[2023-04-27T05:11:54.257+0000] {logging_mixin.py:137} INFO - [2023-04-27T05:11:54.257+0000] {dag.py:3456} INFO - Setting next_dagrun for dataset_produces_1 to 2023-04-26T00:00:00+00:00, run_after=2023-04-27T00:00:00+00:00
[2023-04-27T05:11:54.258+0000] {logging_mixin.py:137} INFO - [2023-04-27T05:11:54.258+0000] {dag.py:3456} INFO - Setting next_dagrun for dataset_produces_2 to None, run_after=None
[2023-04-27T05:11:54.283+0000] {processor.py:175} INFO - Processing /home/airflow/.local/lib/python3.7/site-packages/airflow/example_dags/example_datasets.py took 0.097 seconds
[2023-04-27T05:12:24.401+0000] {processor.py:153} INFO - Started process (PID=1368) to work on /home/airflow/.local/lib/python3.7/site-packages/airflow/example_dags/example_datasets.py
[2023-04-27T05:12:24.408+0000] {processor.py:743} INFO - Processing file /home/airflow/.local/lib/python3.7/site-packages/airflow/example_dags/example_datasets.py for tasks to queue
[2023-04-27T05:12:24.409+0000] {logging_mixin.py:137} INFO - [2023-04-27T05:12:24.409+0000] {dagbag.py:532} INFO - Filling up the DagBag from /home/airflow/.local/lib/python3.7/site-packages/airflow/example_dags/example_datasets.py
[2023-04-27T05:12:24.423+0000] {processor.py:753} INFO - DAG(s) dict_keys(['dataset_produces_2', 'dataset_consumes_unknown_never_scheduled', 'dataset_produces_1', 'dataset_consumes_1', 'dataset_consumes_1_never_scheduled', 'dataset_consumes_1_and_2']) retrieved from /home/airflow/.local/lib/python3.7/site-packages/airflow/example_dags/example_datasets.py
[2023-04-27T05:12:24.454+0000] {logging_mixin.py:137} INFO - [2023-04-27T05:12:24.454+0000] {dag.py:2705} INFO - Sync 6 DAGs
[2023-04-27T05:12:24.474+0000] {logging_mixin.py:137} INFO - [2023-04-27T05:12:24.474+0000] {dag.py:3456} INFO - Setting next_dagrun for dataset_consumes_1 to None, run_after=None
[2023-04-27T05:12:24.476+0000] {logging_mixin.py:137} INFO - [2023-04-27T05:12:24.476+0000] {dag.py:3456} INFO - Setting next_dagrun for dataset_consumes_1_and_2 to None, run_after=None
[2023-04-27T05:12:24.477+0000] {logging_mixin.py:137} INFO - [2023-04-27T05:12:24.477+0000] {dag.py:3456} INFO - Setting next_dagrun for dataset_consumes_1_never_scheduled to None, run_after=None
[2023-04-27T05:12:24.478+0000] {logging_mixin.py:137} INFO - [2023-04-27T05:12:24.478+0000] {dag.py:3456} INFO - Setting next_dagrun for dataset_consumes_unknown_never_scheduled to None, run_after=None
[2023-04-27T05:12:24.480+0000] {logging_mixin.py:137} INFO - [2023-04-27T05:12:24.480+0000] {dag.py:3456} INFO - Setting next_dagrun for dataset_produces_1 to 2023-04-26T00:00:00+00:00, run_after=2023-04-27T00:00:00+00:00
[2023-04-27T05:12:24.481+0000] {logging_mixin.py:137} INFO - [2023-04-27T05:12:24.481+0000] {dag.py:3456} INFO - Setting next_dagrun for dataset_produces_2 to None, run_after=None
[2023-04-27T05:12:24.506+0000] {processor.py:175} INFO - Processing /home/airflow/.local/lib/python3.7/site-packages/airflow/example_dags/example_datasets.py took 0.108 seconds
[2023-04-27T05:12:54.559+0000] {processor.py:153} INFO - Started process (PID=1418) to work on /home/airflow/.local/lib/python3.7/site-packages/airflow/example_dags/example_datasets.py
[2023-04-27T05:12:54.566+0000] {processor.py:743} INFO - Processing file /home/airflow/.local/lib/python3.7/site-packages/airflow/example_dags/example_datasets.py for tasks to queue
[2023-04-27T05:12:54.566+0000] {logging_mixin.py:137} INFO - [2023-04-27T05:12:54.566+0000] {dagbag.py:532} INFO - Filling up the DagBag from /home/airflow/.local/lib/python3.7/site-packages/airflow/example_dags/example_datasets.py
[2023-04-27T05:12:54.577+0000] {processor.py:753} INFO - DAG(s) dict_keys(['dataset_consumes_unknown_never_scheduled', 'dataset_consumes_1_never_scheduled', 'dataset_consumes_1', 'dataset_produces_2', 'dataset_produces_1', 'dataset_consumes_1_and_2']) retrieved from /home/airflow/.local/lib/python3.7/site-packages/airflow/example_dags/example_datasets.py
[2023-04-27T05:12:54.614+0000] {logging_mixin.py:137} INFO - [2023-04-27T05:12:54.614+0000] {dag.py:2705} INFO - Sync 6 DAGs
[2023-04-27T05:12:54.638+0000] {logging_mixin.py:137} INFO - [2023-04-27T05:12:54.638+0000] {dag.py:3456} INFO - Setting next_dagrun for dataset_consumes_1 to None, run_after=None
[2023-04-27T05:12:54.641+0000] {logging_mixin.py:137} INFO - [2023-04-27T05:12:54.641+0000] {dag.py:3456} INFO - Setting next_dagrun for dataset_consumes_1_and_2 to None, run_after=None
[2023-04-27T05:12:54.642+0000] {logging_mixin.py:137} INFO - [2023-04-27T05:12:54.642+0000] {dag.py:3456} INFO - Setting next_dagrun for dataset_consumes_1_never_scheduled to None, run_after=None
[2023-04-27T05:12:54.643+0000] {logging_mixin.py:137} INFO - [2023-04-27T05:12:54.643+0000] {dag.py:3456} INFO - Setting next_dagrun for dataset_consumes_unknown_never_scheduled to None, run_after=None
[2023-04-27T05:12:54.645+0000] {logging_mixin.py:137} INFO - [2023-04-27T05:12:54.645+0000] {dag.py:3456} INFO - Setting next_dagrun for dataset_produces_1 to 2023-04-26T00:00:00+00:00, run_after=2023-04-27T00:00:00+00:00
[2023-04-27T05:12:54.646+0000] {logging_mixin.py:137} INFO - [2023-04-27T05:12:54.646+0000] {dag.py:3456} INFO - Setting next_dagrun for dataset_produces_2 to None, run_after=None
[2023-04-27T05:12:54.678+0000] {processor.py:175} INFO - Processing /home/airflow/.local/lib/python3.7/site-packages/airflow/example_dags/example_datasets.py took 0.121 seconds
[2023-04-27T05:13:25.050+0000] {processor.py:153} INFO - Started process (PID=1468) to work on /home/airflow/.local/lib/python3.7/site-packages/airflow/example_dags/example_datasets.py
[2023-04-27T05:13:25.056+0000] {processor.py:743} INFO - Processing file /home/airflow/.local/lib/python3.7/site-packages/airflow/example_dags/example_datasets.py for tasks to queue
[2023-04-27T05:13:25.057+0000] {logging_mixin.py:137} INFO - [2023-04-27T05:13:25.057+0000] {dagbag.py:532} INFO - Filling up the DagBag from /home/airflow/.local/lib/python3.7/site-packages/airflow/example_dags/example_datasets.py
[2023-04-27T05:13:25.070+0000] {processor.py:753} INFO - DAG(s) dict_keys(['dataset_consumes_unknown_never_scheduled', 'dataset_consumes_1_and_2', 'dataset_consumes_1', 'dataset_produces_2', 'dataset_produces_1', 'dataset_consumes_1_never_scheduled']) retrieved from /home/airflow/.local/lib/python3.7/site-packages/airflow/example_dags/example_datasets.py
[2023-04-27T05:13:25.100+0000] {logging_mixin.py:137} INFO - [2023-04-27T05:13:25.100+0000] {dag.py:2705} INFO - Sync 6 DAGs
[2023-04-27T05:13:25.119+0000] {logging_mixin.py:137} INFO - [2023-04-27T05:13:25.119+0000] {dag.py:3456} INFO - Setting next_dagrun for dataset_consumes_1 to None, run_after=None
[2023-04-27T05:13:25.121+0000] {logging_mixin.py:137} INFO - [2023-04-27T05:13:25.121+0000] {dag.py:3456} INFO - Setting next_dagrun for dataset_consumes_1_and_2 to None, run_after=None
[2023-04-27T05:13:25.122+0000] {logging_mixin.py:137} INFO - [2023-04-27T05:13:25.122+0000] {dag.py:3456} INFO - Setting next_dagrun for dataset_consumes_1_never_scheduled to None, run_after=None
[2023-04-27T05:13:25.123+0000] {logging_mixin.py:137} INFO - [2023-04-27T05:13:25.123+0000] {dag.py:3456} INFO - Setting next_dagrun for dataset_consumes_unknown_never_scheduled to None, run_after=None
[2023-04-27T05:13:25.125+0000] {logging_mixin.py:137} INFO - [2023-04-27T05:13:25.125+0000] {dag.py:3456} INFO - Setting next_dagrun for dataset_produces_1 to 2023-04-26T00:00:00+00:00, run_after=2023-04-27T00:00:00+00:00
[2023-04-27T05:13:25.126+0000] {logging_mixin.py:137} INFO - [2023-04-27T05:13:25.126+0000] {dag.py:3456} INFO - Setting next_dagrun for dataset_produces_2 to None, run_after=None
[2023-04-27T05:13:25.153+0000] {processor.py:175} INFO - Processing /home/airflow/.local/lib/python3.7/site-packages/airflow/example_dags/example_datasets.py took 0.106 seconds
[2023-04-27T05:13:55.224+0000] {processor.py:153} INFO - Started process (PID=1518) to work on /home/airflow/.local/lib/python3.7/site-packages/airflow/example_dags/example_datasets.py
[2023-04-27T05:13:55.225+0000] {processor.py:743} INFO - Processing file /home/airflow/.local/lib/python3.7/site-packages/airflow/example_dags/example_datasets.py for tasks to queue
[2023-04-27T05:13:55.226+0000] {logging_mixin.py:137} INFO - [2023-04-27T05:13:55.225+0000] {dagbag.py:532} INFO - Filling up the DagBag from /home/airflow/.local/lib/python3.7/site-packages/airflow/example_dags/example_datasets.py
[2023-04-27T05:13:55.237+0000] {processor.py:753} INFO - DAG(s) dict_keys(['dataset_consumes_1_never_scheduled', 'dataset_produces_1', 'dataset_consumes_1', 'dataset_consumes_unknown_never_scheduled', 'dataset_consumes_1_and_2', 'dataset_produces_2']) retrieved from /home/airflow/.local/lib/python3.7/site-packages/airflow/example_dags/example_datasets.py
[2023-04-27T05:13:55.267+0000] {logging_mixin.py:137} INFO - [2023-04-27T05:13:55.267+0000] {dag.py:2705} INFO - Sync 6 DAGs
[2023-04-27T05:13:55.287+0000] {logging_mixin.py:137} INFO - [2023-04-27T05:13:55.286+0000] {dag.py:3456} INFO - Setting next_dagrun for dataset_consumes_1 to None, run_after=None
[2023-04-27T05:13:55.289+0000] {logging_mixin.py:137} INFO - [2023-04-27T05:13:55.289+0000] {dag.py:3456} INFO - Setting next_dagrun for dataset_consumes_1_and_2 to None, run_after=None
[2023-04-27T05:13:55.290+0000] {logging_mixin.py:137} INFO - [2023-04-27T05:13:55.290+0000] {dag.py:3456} INFO - Setting next_dagrun for dataset_consumes_1_never_scheduled to None, run_after=None
[2023-04-27T05:13:55.291+0000] {logging_mixin.py:137} INFO - [2023-04-27T05:13:55.291+0000] {dag.py:3456} INFO - Setting next_dagrun for dataset_consumes_unknown_never_scheduled to None, run_after=None
[2023-04-27T05:13:55.293+0000] {logging_mixin.py:137} INFO - [2023-04-27T05:13:55.293+0000] {dag.py:3456} INFO - Setting next_dagrun for dataset_produces_1 to 2023-04-26T00:00:00+00:00, run_after=2023-04-27T00:00:00+00:00
[2023-04-27T05:13:55.294+0000] {logging_mixin.py:137} INFO - [2023-04-27T05:13:55.294+0000] {dag.py:3456} INFO - Setting next_dagrun for dataset_produces_2 to None, run_after=None
[2023-04-27T05:13:55.319+0000] {processor.py:175} INFO - Processing /home/airflow/.local/lib/python3.7/site-packages/airflow/example_dags/example_datasets.py took 0.097 seconds
[2023-04-27T05:14:25.382+0000] {processor.py:153} INFO - Started process (PID=1568) to work on /home/airflow/.local/lib/python3.7/site-packages/airflow/example_dags/example_datasets.py
[2023-04-27T05:14:25.389+0000] {processor.py:743} INFO - Processing file /home/airflow/.local/lib/python3.7/site-packages/airflow/example_dags/example_datasets.py for tasks to queue
[2023-04-27T05:14:25.389+0000] {logging_mixin.py:137} INFO - [2023-04-27T05:14:25.389+0000] {dagbag.py:532} INFO - Filling up the DagBag from /home/airflow/.local/lib/python3.7/site-packages/airflow/example_dags/example_datasets.py
[2023-04-27T05:14:25.401+0000] {processor.py:753} INFO - DAG(s) dict_keys(['dataset_produces_2', 'dataset_consumes_1', 'dataset_consumes_unknown_never_scheduled', 'dataset_produces_1', 'dataset_consumes_1_never_scheduled', 'dataset_consumes_1_and_2']) retrieved from /home/airflow/.local/lib/python3.7/site-packages/airflow/example_dags/example_datasets.py
[2023-04-27T05:14:25.435+0000] {logging_mixin.py:137} INFO - [2023-04-27T05:14:25.435+0000] {dag.py:2705} INFO - Sync 6 DAGs
[2023-04-27T05:14:25.458+0000] {logging_mixin.py:137} INFO - [2023-04-27T05:14:25.457+0000] {dag.py:3456} INFO - Setting next_dagrun for dataset_consumes_1 to None, run_after=None
[2023-04-27T05:14:25.460+0000] {logging_mixin.py:137} INFO - [2023-04-27T05:14:25.460+0000] {dag.py:3456} INFO - Setting next_dagrun for dataset_consumes_1_and_2 to None, run_after=None
[2023-04-27T05:14:25.461+0000] {logging_mixin.py:137} INFO - [2023-04-27T05:14:25.461+0000] {dag.py:3456} INFO - Setting next_dagrun for dataset_consumes_1_never_scheduled to None, run_after=None
[2023-04-27T05:14:25.462+0000] {logging_mixin.py:137} INFO - [2023-04-27T05:14:25.462+0000] {dag.py:3456} INFO - Setting next_dagrun for dataset_consumes_unknown_never_scheduled to None, run_after=None
[2023-04-27T05:14:25.465+0000] {logging_mixin.py:137} INFO - [2023-04-27T05:14:25.465+0000] {dag.py:3456} INFO - Setting next_dagrun for dataset_produces_1 to 2023-04-26T00:00:00+00:00, run_after=2023-04-27T00:00:00+00:00
[2023-04-27T05:14:25.466+0000] {logging_mixin.py:137} INFO - [2023-04-27T05:14:25.466+0000] {dag.py:3456} INFO - Setting next_dagrun for dataset_produces_2 to None, run_after=None
[2023-04-27T05:14:25.501+0000] {processor.py:175} INFO - Processing /home/airflow/.local/lib/python3.7/site-packages/airflow/example_dags/example_datasets.py took 0.121 seconds
[2023-04-27T05:14:55.652+0000] {processor.py:153} INFO - Started process (PID=1617) to work on /home/airflow/.local/lib/python3.7/site-packages/airflow/example_dags/example_datasets.py
[2023-04-27T05:14:55.660+0000] {processor.py:743} INFO - Processing file /home/airflow/.local/lib/python3.7/site-packages/airflow/example_dags/example_datasets.py for tasks to queue
[2023-04-27T05:14:55.660+0000] {logging_mixin.py:137} INFO - [2023-04-27T05:14:55.660+0000] {dagbag.py:532} INFO - Filling up the DagBag from /home/airflow/.local/lib/python3.7/site-packages/airflow/example_dags/example_datasets.py
[2023-04-27T05:14:55.670+0000] {processor.py:753} INFO - DAG(s) dict_keys(['dataset_consumes_unknown_never_scheduled', 'dataset_consumes_1_never_scheduled', 'dataset_produces_2', 'dataset_produces_1', 'dataset_consumes_1', 'dataset_consumes_1_and_2']) retrieved from /home/airflow/.local/lib/python3.7/site-packages/airflow/example_dags/example_datasets.py
[2023-04-27T05:14:55.707+0000] {logging_mixin.py:137} INFO - [2023-04-27T05:14:55.706+0000] {dag.py:2705} INFO - Sync 6 DAGs
[2023-04-27T05:14:55.728+0000] {logging_mixin.py:137} INFO - [2023-04-27T05:14:55.728+0000] {dag.py:3456} INFO - Setting next_dagrun for dataset_consumes_1 to None, run_after=None
[2023-04-27T05:14:55.731+0000] {logging_mixin.py:137} INFO - [2023-04-27T05:14:55.731+0000] {dag.py:3456} INFO - Setting next_dagrun for dataset_consumes_1_and_2 to None, run_after=None
[2023-04-27T05:14:55.732+0000] {logging_mixin.py:137} INFO - [2023-04-27T05:14:55.732+0000] {dag.py:3456} INFO - Setting next_dagrun for dataset_consumes_1_never_scheduled to None, run_after=None
[2023-04-27T05:14:55.733+0000] {logging_mixin.py:137} INFO - [2023-04-27T05:14:55.733+0000] {dag.py:3456} INFO - Setting next_dagrun for dataset_consumes_unknown_never_scheduled to None, run_after=None
[2023-04-27T05:14:55.735+0000] {logging_mixin.py:137} INFO - [2023-04-27T05:14:55.735+0000] {dag.py:3456} INFO - Setting next_dagrun for dataset_produces_1 to 2023-04-26T00:00:00+00:00, run_after=2023-04-27T00:00:00+00:00
[2023-04-27T05:14:55.736+0000] {logging_mixin.py:137} INFO - [2023-04-27T05:14:55.736+0000] {dag.py:3456} INFO - Setting next_dagrun for dataset_produces_2 to None, run_after=None
[2023-04-27T05:14:55.763+0000] {processor.py:175} INFO - Processing /home/airflow/.local/lib/python3.7/site-packages/airflow/example_dags/example_datasets.py took 0.113 seconds
