[2023-04-27T04:59:14.936+0000] {processor.py:153} INFO - Started process (PID=67) to work on /home/airflow/.local/lib/python3.7/site-packages/airflow/example_dags/example_latest_only_with_trigger.py
[2023-04-27T04:59:14.936+0000] {processor.py:743} INFO - Processing file /home/airflow/.local/lib/python3.7/site-packages/airflow/example_dags/example_latest_only_with_trigger.py for tasks to queue
[2023-04-27T04:59:14.937+0000] {logging_mixin.py:137} INFO - [2023-04-27T04:59:14.937+0000] {dagbag.py:532} INFO - Filling up the DagBag from /home/airflow/.local/lib/python3.7/site-packages/airflow/example_dags/example_latest_only_with_trigger.py
[2023-04-27T04:59:14.951+0000] {processor.py:753} INFO - DAG(s) dict_keys(['latest_only_with_trigger']) retrieved from /home/airflow/.local/lib/python3.7/site-packages/airflow/example_dags/example_latest_only_with_trigger.py
[2023-04-27T04:59:14.962+0000] {logging_mixin.py:137} INFO - [2023-04-27T04:59:14.962+0000] {dag.py:2705} INFO - Sync 1 DAGs
[2023-04-27T04:59:14.985+0000] {logging_mixin.py:137} INFO - [2023-04-27T04:59:14.985+0000] {dag.py:3456} INFO - Setting next_dagrun for latest_only_with_trigger to 2023-04-27T00:59:14.984826+00:00, run_after=2023-04-27T04:59:14.984826+00:00
[2023-04-27T04:59:15.002+0000] {processor.py:175} INFO - Processing /home/airflow/.local/lib/python3.7/site-packages/airflow/example_dags/example_latest_only_with_trigger.py took 0.068 seconds
[2023-04-27T04:59:45.664+0000] {processor.py:153} INFO - Started process (PID=116) to work on /home/airflow/.local/lib/python3.7/site-packages/airflow/example_dags/example_latest_only_with_trigger.py
[2023-04-27T04:59:45.664+0000] {processor.py:743} INFO - Processing file /home/airflow/.local/lib/python3.7/site-packages/airflow/example_dags/example_latest_only_with_trigger.py for tasks to queue
[2023-04-27T04:59:45.665+0000] {logging_mixin.py:137} INFO - [2023-04-27T04:59:45.665+0000] {dagbag.py:532} INFO - Filling up the DagBag from /home/airflow/.local/lib/python3.7/site-packages/airflow/example_dags/example_latest_only_with_trigger.py
[2023-04-27T04:59:45.673+0000] {processor.py:753} INFO - DAG(s) dict_keys(['latest_only_with_trigger']) retrieved from /home/airflow/.local/lib/python3.7/site-packages/airflow/example_dags/example_latest_only_with_trigger.py
[2023-04-27T04:59:45.689+0000] {logging_mixin.py:137} INFO - [2023-04-27T04:59:45.689+0000] {dag.py:2705} INFO - Sync 1 DAGs
[2023-04-27T04:59:45.706+0000] {logging_mixin.py:137} INFO - [2023-04-27T04:59:45.706+0000] {dag.py:3456} INFO - Setting next_dagrun for latest_only_with_trigger to 2023-04-27T00:59:45.706577+00:00, run_after=2023-04-27T04:59:45.706577+00:00
[2023-04-27T04:59:45.719+0000] {processor.py:175} INFO - Processing /home/airflow/.local/lib/python3.7/site-packages/airflow/example_dags/example_latest_only_with_trigger.py took 0.057 seconds
[2023-04-27T05:00:15.791+0000] {processor.py:153} INFO - Started process (PID=166) to work on /home/airflow/.local/lib/python3.7/site-packages/airflow/example_dags/example_latest_only_with_trigger.py
[2023-04-27T05:00:15.791+0000] {processor.py:743} INFO - Processing file /home/airflow/.local/lib/python3.7/site-packages/airflow/example_dags/example_latest_only_with_trigger.py for tasks to queue
[2023-04-27T05:00:15.792+0000] {logging_mixin.py:137} INFO - [2023-04-27T05:00:15.792+0000] {dagbag.py:532} INFO - Filling up the DagBag from /home/airflow/.local/lib/python3.7/site-packages/airflow/example_dags/example_latest_only_with_trigger.py
[2023-04-27T05:00:15.801+0000] {processor.py:753} INFO - DAG(s) dict_keys(['latest_only_with_trigger']) retrieved from /home/airflow/.local/lib/python3.7/site-packages/airflow/example_dags/example_latest_only_with_trigger.py
[2023-04-27T05:00:15.815+0000] {logging_mixin.py:137} INFO - [2023-04-27T05:00:15.815+0000] {dag.py:2705} INFO - Sync 1 DAGs
[2023-04-27T05:00:15.831+0000] {logging_mixin.py:137} INFO - [2023-04-27T05:00:15.831+0000] {dag.py:3456} INFO - Setting next_dagrun for latest_only_with_trigger to 2023-04-27T01:00:15.831147+00:00, run_after=2023-04-27T05:00:15.831147+00:00
[2023-04-27T05:00:15.843+0000] {processor.py:175} INFO - Processing /home/airflow/.local/lib/python3.7/site-packages/airflow/example_dags/example_latest_only_with_trigger.py took 0.055 seconds
[2023-04-27T05:00:46.105+0000] {processor.py:153} INFO - Started process (PID=216) to work on /home/airflow/.local/lib/python3.7/site-packages/airflow/example_dags/example_latest_only_with_trigger.py
[2023-04-27T05:00:46.106+0000] {processor.py:743} INFO - Processing file /home/airflow/.local/lib/python3.7/site-packages/airflow/example_dags/example_latest_only_with_trigger.py for tasks to queue
[2023-04-27T05:00:46.106+0000] {logging_mixin.py:137} INFO - [2023-04-27T05:00:46.106+0000] {dagbag.py:532} INFO - Filling up the DagBag from /home/airflow/.local/lib/python3.7/site-packages/airflow/example_dags/example_latest_only_with_trigger.py
[2023-04-27T05:00:46.116+0000] {processor.py:753} INFO - DAG(s) dict_keys(['latest_only_with_trigger']) retrieved from /home/airflow/.local/lib/python3.7/site-packages/airflow/example_dags/example_latest_only_with_trigger.py
[2023-04-27T05:00:46.135+0000] {logging_mixin.py:137} INFO - [2023-04-27T05:00:46.135+0000] {dag.py:2705} INFO - Sync 1 DAGs
[2023-04-27T05:00:46.153+0000] {logging_mixin.py:137} INFO - [2023-04-27T05:00:46.153+0000] {dag.py:3456} INFO - Setting next_dagrun for latest_only_with_trigger to 2023-04-27T01:00:46.153385+00:00, run_after=2023-04-27T05:00:46.153385+00:00
[2023-04-27T05:00:46.168+0000] {processor.py:175} INFO - Processing /home/airflow/.local/lib/python3.7/site-packages/airflow/example_dags/example_latest_only_with_trigger.py took 0.064 seconds
[2023-04-27T05:01:16.248+0000] {processor.py:153} INFO - Started process (PID=266) to work on /home/airflow/.local/lib/python3.7/site-packages/airflow/example_dags/example_latest_only_with_trigger.py
[2023-04-27T05:01:16.249+0000] {processor.py:743} INFO - Processing file /home/airflow/.local/lib/python3.7/site-packages/airflow/example_dags/example_latest_only_with_trigger.py for tasks to queue
[2023-04-27T05:01:16.249+0000] {logging_mixin.py:137} INFO - [2023-04-27T05:01:16.249+0000] {dagbag.py:532} INFO - Filling up the DagBag from /home/airflow/.local/lib/python3.7/site-packages/airflow/example_dags/example_latest_only_with_trigger.py
[2023-04-27T05:01:16.257+0000] {processor.py:753} INFO - DAG(s) dict_keys(['latest_only_with_trigger']) retrieved from /home/airflow/.local/lib/python3.7/site-packages/airflow/example_dags/example_latest_only_with_trigger.py
[2023-04-27T05:01:16.264+0000] {logging_mixin.py:137} INFO - [2023-04-27T05:01:16.264+0000] {dag.py:2705} INFO - Sync 1 DAGs
[2023-04-27T05:01:16.279+0000] {logging_mixin.py:137} INFO - [2023-04-27T05:01:16.279+0000] {dag.py:3456} INFO - Setting next_dagrun for latest_only_with_trigger to 2023-04-27T01:01:16.279077+00:00, run_after=2023-04-27T05:01:16.279077+00:00
[2023-04-27T05:01:16.291+0000] {processor.py:175} INFO - Processing /home/airflow/.local/lib/python3.7/site-packages/airflow/example_dags/example_latest_only_with_trigger.py took 0.045 seconds
[2023-04-27T05:01:46.565+0000] {processor.py:153} INFO - Started process (PID=315) to work on /home/airflow/.local/lib/python3.7/site-packages/airflow/example_dags/example_latest_only_with_trigger.py
[2023-04-27T05:01:46.566+0000] {processor.py:743} INFO - Processing file /home/airflow/.local/lib/python3.7/site-packages/airflow/example_dags/example_latest_only_with_trigger.py for tasks to queue
[2023-04-27T05:01:46.566+0000] {logging_mixin.py:137} INFO - [2023-04-27T05:01:46.566+0000] {dagbag.py:532} INFO - Filling up the DagBag from /home/airflow/.local/lib/python3.7/site-packages/airflow/example_dags/example_latest_only_with_trigger.py
[2023-04-27T05:01:46.574+0000] {processor.py:753} INFO - DAG(s) dict_keys(['latest_only_with_trigger']) retrieved from /home/airflow/.local/lib/python3.7/site-packages/airflow/example_dags/example_latest_only_with_trigger.py
[2023-04-27T05:01:46.589+0000] {logging_mixin.py:137} INFO - [2023-04-27T05:01:46.589+0000] {dag.py:2705} INFO - Sync 1 DAGs
[2023-04-27T05:01:46.605+0000] {logging_mixin.py:137} INFO - [2023-04-27T05:01:46.605+0000] {dag.py:3456} INFO - Setting next_dagrun for latest_only_with_trigger to 2023-04-27T01:01:46.604882+00:00, run_after=2023-04-27T05:01:46.604882+00:00
[2023-04-27T05:01:46.621+0000] {processor.py:175} INFO - Processing /home/airflow/.local/lib/python3.7/site-packages/airflow/example_dags/example_latest_only_with_trigger.py took 0.058 seconds
[2023-04-27T05:02:17.004+0000] {processor.py:153} INFO - Started process (PID=365) to work on /home/airflow/.local/lib/python3.7/site-packages/airflow/example_dags/example_latest_only_with_trigger.py
[2023-04-27T05:02:17.004+0000] {processor.py:743} INFO - Processing file /home/airflow/.local/lib/python3.7/site-packages/airflow/example_dags/example_latest_only_with_trigger.py for tasks to queue
[2023-04-27T05:02:17.005+0000] {logging_mixin.py:137} INFO - [2023-04-27T05:02:17.005+0000] {dagbag.py:532} INFO - Filling up the DagBag from /home/airflow/.local/lib/python3.7/site-packages/airflow/example_dags/example_latest_only_with_trigger.py
[2023-04-27T05:02:17.016+0000] {processor.py:753} INFO - DAG(s) dict_keys(['latest_only_with_trigger']) retrieved from /home/airflow/.local/lib/python3.7/site-packages/airflow/example_dags/example_latest_only_with_trigger.py
[2023-04-27T05:02:17.035+0000] {logging_mixin.py:137} INFO - [2023-04-27T05:02:17.034+0000] {dag.py:2705} INFO - Sync 1 DAGs
[2023-04-27T05:02:17.053+0000] {logging_mixin.py:137} INFO - [2023-04-27T05:02:17.053+0000] {dag.py:3456} INFO - Setting next_dagrun for latest_only_with_trigger to 2023-04-27T01:02:17.052881+00:00, run_after=2023-04-27T05:02:17.052881+00:00
[2023-04-27T05:02:17.067+0000] {processor.py:175} INFO - Processing /home/airflow/.local/lib/python3.7/site-packages/airflow/example_dags/example_latest_only_with_trigger.py took 0.065 seconds
[2023-04-27T05:02:47.600+0000] {processor.py:153} INFO - Started process (PID=415) to work on /home/airflow/.local/lib/python3.7/site-packages/airflow/example_dags/example_latest_only_with_trigger.py
[2023-04-27T05:02:47.600+0000] {processor.py:743} INFO - Processing file /home/airflow/.local/lib/python3.7/site-packages/airflow/example_dags/example_latest_only_with_trigger.py for tasks to queue
[2023-04-27T05:02:47.601+0000] {logging_mixin.py:137} INFO - [2023-04-27T05:02:47.601+0000] {dagbag.py:532} INFO - Filling up the DagBag from /home/airflow/.local/lib/python3.7/site-packages/airflow/example_dags/example_latest_only_with_trigger.py
[2023-04-27T05:02:47.615+0000] {processor.py:753} INFO - DAG(s) dict_keys(['latest_only_with_trigger']) retrieved from /home/airflow/.local/lib/python3.7/site-packages/airflow/example_dags/example_latest_only_with_trigger.py
[2023-04-27T05:02:47.639+0000] {logging_mixin.py:137} INFO - [2023-04-27T05:02:47.638+0000] {dag.py:2705} INFO - Sync 1 DAGs
[2023-04-27T05:02:47.663+0000] {logging_mixin.py:137} INFO - [2023-04-27T05:02:47.663+0000] {dag.py:3456} INFO - Setting next_dagrun for latest_only_with_trigger to 2023-04-27T01:02:47.663232+00:00, run_after=2023-04-27T05:02:47.663232+00:00
[2023-04-27T05:02:47.681+0000] {processor.py:175} INFO - Processing /home/airflow/.local/lib/python3.7/site-packages/airflow/example_dags/example_latest_only_with_trigger.py took 0.085 seconds
[2023-04-27T05:03:17.926+0000] {processor.py:153} INFO - Started process (PID=465) to work on /home/airflow/.local/lib/python3.7/site-packages/airflow/example_dags/example_latest_only_with_trigger.py
[2023-04-27T05:03:17.926+0000] {processor.py:743} INFO - Processing file /home/airflow/.local/lib/python3.7/site-packages/airflow/example_dags/example_latest_only_with_trigger.py for tasks to queue
[2023-04-27T05:03:17.926+0000] {logging_mixin.py:137} INFO - [2023-04-27T05:03:17.926+0000] {dagbag.py:532} INFO - Filling up the DagBag from /home/airflow/.local/lib/python3.7/site-packages/airflow/example_dags/example_latest_only_with_trigger.py
[2023-04-27T05:03:17.937+0000] {processor.py:753} INFO - DAG(s) dict_keys(['latest_only_with_trigger']) retrieved from /home/airflow/.local/lib/python3.7/site-packages/airflow/example_dags/example_latest_only_with_trigger.py
[2023-04-27T05:03:17.960+0000] {logging_mixin.py:137} INFO - [2023-04-27T05:03:17.960+0000] {dag.py:2705} INFO - Sync 1 DAGs
[2023-04-27T05:03:17.984+0000] {logging_mixin.py:137} INFO - [2023-04-27T05:03:17.984+0000] {dag.py:3456} INFO - Setting next_dagrun for latest_only_with_trigger to 2023-04-27T01:03:17.983875+00:00, run_after=2023-04-27T05:03:17.983875+00:00
[2023-04-27T05:03:18.005+0000] {processor.py:175} INFO - Processing /home/airflow/.local/lib/python3.7/site-packages/airflow/example_dags/example_latest_only_with_trigger.py took 0.093 seconds
[2023-04-27T05:03:48.289+0000] {processor.py:153} INFO - Started process (PID=515) to work on /home/airflow/.local/lib/python3.7/site-packages/airflow/example_dags/example_latest_only_with_trigger.py
[2023-04-27T05:03:48.289+0000] {processor.py:743} INFO - Processing file /home/airflow/.local/lib/python3.7/site-packages/airflow/example_dags/example_latest_only_with_trigger.py for tasks to queue
[2023-04-27T05:03:48.290+0000] {logging_mixin.py:137} INFO - [2023-04-27T05:03:48.289+0000] {dagbag.py:532} INFO - Filling up the DagBag from /home/airflow/.local/lib/python3.7/site-packages/airflow/example_dags/example_latest_only_with_trigger.py
[2023-04-27T05:03:48.299+0000] {processor.py:753} INFO - DAG(s) dict_keys(['latest_only_with_trigger']) retrieved from /home/airflow/.local/lib/python3.7/site-packages/airflow/example_dags/example_latest_only_with_trigger.py
[2023-04-27T05:03:48.319+0000] {logging_mixin.py:137} INFO - [2023-04-27T05:03:48.319+0000] {dag.py:2705} INFO - Sync 1 DAGs
[2023-04-27T05:03:48.339+0000] {logging_mixin.py:137} INFO - [2023-04-27T05:03:48.339+0000] {dag.py:3456} INFO - Setting next_dagrun for latest_only_with_trigger to 2023-04-27T01:03:48.339270+00:00, run_after=2023-04-27T05:03:48.339270+00:00
[2023-04-27T05:03:48.353+0000] {processor.py:175} INFO - Processing /home/airflow/.local/lib/python3.7/site-packages/airflow/example_dags/example_latest_only_with_trigger.py took 0.067 seconds
[2023-04-27T05:04:18.667+0000] {processor.py:153} INFO - Started process (PID=564) to work on /home/airflow/.local/lib/python3.7/site-packages/airflow/example_dags/example_latest_only_with_trigger.py
[2023-04-27T05:04:18.668+0000] {processor.py:743} INFO - Processing file /home/airflow/.local/lib/python3.7/site-packages/airflow/example_dags/example_latest_only_with_trigger.py for tasks to queue
[2023-04-27T05:04:18.668+0000] {logging_mixin.py:137} INFO - [2023-04-27T05:04:18.668+0000] {dagbag.py:532} INFO - Filling up the DagBag from /home/airflow/.local/lib/python3.7/site-packages/airflow/example_dags/example_latest_only_with_trigger.py
[2023-04-27T05:04:18.677+0000] {processor.py:753} INFO - DAG(s) dict_keys(['latest_only_with_trigger']) retrieved from /home/airflow/.local/lib/python3.7/site-packages/airflow/example_dags/example_latest_only_with_trigger.py
[2023-04-27T05:04:18.697+0000] {logging_mixin.py:137} INFO - [2023-04-27T05:04:18.697+0000] {dag.py:2705} INFO - Sync 1 DAGs
[2023-04-27T05:04:18.717+0000] {logging_mixin.py:137} INFO - [2023-04-27T05:04:18.717+0000] {dag.py:3456} INFO - Setting next_dagrun for latest_only_with_trigger to 2023-04-27T01:04:18.716981+00:00, run_after=2023-04-27T05:04:18.716981+00:00
[2023-04-27T05:04:18.733+0000] {processor.py:175} INFO - Processing /home/airflow/.local/lib/python3.7/site-packages/airflow/example_dags/example_latest_only_with_trigger.py took 0.068 seconds
[2023-04-27T05:04:48.864+0000] {processor.py:153} INFO - Started process (PID=614) to work on /home/airflow/.local/lib/python3.7/site-packages/airflow/example_dags/example_latest_only_with_trigger.py
[2023-04-27T05:04:48.864+0000] {processor.py:743} INFO - Processing file /home/airflow/.local/lib/python3.7/site-packages/airflow/example_dags/example_latest_only_with_trigger.py for tasks to queue
[2023-04-27T05:04:48.865+0000] {logging_mixin.py:137} INFO - [2023-04-27T05:04:48.865+0000] {dagbag.py:532} INFO - Filling up the DagBag from /home/airflow/.local/lib/python3.7/site-packages/airflow/example_dags/example_latest_only_with_trigger.py
[2023-04-27T05:04:48.875+0000] {processor.py:753} INFO - DAG(s) dict_keys(['latest_only_with_trigger']) retrieved from /home/airflow/.local/lib/python3.7/site-packages/airflow/example_dags/example_latest_only_with_trigger.py
[2023-04-27T05:04:48.895+0000] {logging_mixin.py:137} INFO - [2023-04-27T05:04:48.894+0000] {dag.py:2705} INFO - Sync 1 DAGs
[2023-04-27T05:04:48.914+0000] {logging_mixin.py:137} INFO - [2023-04-27T05:04:48.914+0000] {dag.py:3456} INFO - Setting next_dagrun for latest_only_with_trigger to 2023-04-27T01:04:48.914011+00:00, run_after=2023-04-27T05:04:48.914011+00:00
[2023-04-27T05:04:48.928+0000] {processor.py:175} INFO - Processing /home/airflow/.local/lib/python3.7/site-packages/airflow/example_dags/example_latest_only_with_trigger.py took 0.067 seconds
[2023-04-27T05:05:19.044+0000] {processor.py:153} INFO - Started process (PID=664) to work on /home/airflow/.local/lib/python3.7/site-packages/airflow/example_dags/example_latest_only_with_trigger.py
[2023-04-27T05:05:19.044+0000] {processor.py:743} INFO - Processing file /home/airflow/.local/lib/python3.7/site-packages/airflow/example_dags/example_latest_only_with_trigger.py for tasks to queue
[2023-04-27T05:05:19.045+0000] {logging_mixin.py:137} INFO - [2023-04-27T05:05:19.045+0000] {dagbag.py:532} INFO - Filling up the DagBag from /home/airflow/.local/lib/python3.7/site-packages/airflow/example_dags/example_latest_only_with_trigger.py
[2023-04-27T05:05:19.055+0000] {processor.py:753} INFO - DAG(s) dict_keys(['latest_only_with_trigger']) retrieved from /home/airflow/.local/lib/python3.7/site-packages/airflow/example_dags/example_latest_only_with_trigger.py
[2023-04-27T05:05:19.075+0000] {logging_mixin.py:137} INFO - [2023-04-27T05:05:19.075+0000] {dag.py:2705} INFO - Sync 1 DAGs
[2023-04-27T05:05:19.096+0000] {logging_mixin.py:137} INFO - [2023-04-27T05:05:19.096+0000] {dag.py:3456} INFO - Setting next_dagrun for latest_only_with_trigger to 2023-04-27T01:05:19.095917+00:00, run_after=2023-04-27T05:05:19.095917+00:00
[2023-04-27T05:05:19.112+0000] {processor.py:175} INFO - Processing /home/airflow/.local/lib/python3.7/site-packages/airflow/example_dags/example_latest_only_with_trigger.py took 0.070 seconds
[2023-04-27T05:05:49.301+0000] {processor.py:153} INFO - Started process (PID=714) to work on /home/airflow/.local/lib/python3.7/site-packages/airflow/example_dags/example_latest_only_with_trigger.py
[2023-04-27T05:05:49.302+0000] {processor.py:743} INFO - Processing file /home/airflow/.local/lib/python3.7/site-packages/airflow/example_dags/example_latest_only_with_trigger.py for tasks to queue
[2023-04-27T05:05:49.302+0000] {logging_mixin.py:137} INFO - [2023-04-27T05:05:49.302+0000] {dagbag.py:532} INFO - Filling up the DagBag from /home/airflow/.local/lib/python3.7/site-packages/airflow/example_dags/example_latest_only_with_trigger.py
[2023-04-27T05:05:49.310+0000] {processor.py:753} INFO - DAG(s) dict_keys(['latest_only_with_trigger']) retrieved from /home/airflow/.local/lib/python3.7/site-packages/airflow/example_dags/example_latest_only_with_trigger.py
[2023-04-27T05:05:49.326+0000] {logging_mixin.py:137} INFO - [2023-04-27T05:05:49.325+0000] {dag.py:2705} INFO - Sync 1 DAGs
[2023-04-27T05:05:49.341+0000] {logging_mixin.py:137} INFO - [2023-04-27T05:05:49.341+0000] {dag.py:3456} INFO - Setting next_dagrun for latest_only_with_trigger to 2023-04-27T01:05:49.341032+00:00, run_after=2023-04-27T05:05:49.341032+00:00
[2023-04-27T05:05:49.353+0000] {processor.py:175} INFO - Processing /home/airflow/.local/lib/python3.7/site-packages/airflow/example_dags/example_latest_only_with_trigger.py took 0.053 seconds
[2023-04-27T05:06:19.474+0000] {processor.py:153} INFO - Started process (PID=764) to work on /home/airflow/.local/lib/python3.7/site-packages/airflow/example_dags/example_latest_only_with_trigger.py
[2023-04-27T05:06:19.475+0000] {processor.py:743} INFO - Processing file /home/airflow/.local/lib/python3.7/site-packages/airflow/example_dags/example_latest_only_with_trigger.py for tasks to queue
[2023-04-27T05:06:19.475+0000] {logging_mixin.py:137} INFO - [2023-04-27T05:06:19.475+0000] {dagbag.py:532} INFO - Filling up the DagBag from /home/airflow/.local/lib/python3.7/site-packages/airflow/example_dags/example_latest_only_with_trigger.py
[2023-04-27T05:06:19.485+0000] {processor.py:753} INFO - DAG(s) dict_keys(['latest_only_with_trigger']) retrieved from /home/airflow/.local/lib/python3.7/site-packages/airflow/example_dags/example_latest_only_with_trigger.py
[2023-04-27T05:06:19.504+0000] {logging_mixin.py:137} INFO - [2023-04-27T05:06:19.504+0000] {dag.py:2705} INFO - Sync 1 DAGs
[2023-04-27T05:06:19.522+0000] {logging_mixin.py:137} INFO - [2023-04-27T05:06:19.522+0000] {dag.py:3456} INFO - Setting next_dagrun for latest_only_with_trigger to 2023-04-27T01:06:19.522059+00:00, run_after=2023-04-27T05:06:19.522059+00:00
[2023-04-27T05:06:19.536+0000] {processor.py:175} INFO - Processing /home/airflow/.local/lib/python3.7/site-packages/airflow/example_dags/example_latest_only_with_trigger.py took 0.065 seconds
[2023-04-27T05:06:49.705+0000] {processor.py:153} INFO - Started process (PID=814) to work on /home/airflow/.local/lib/python3.7/site-packages/airflow/example_dags/example_latest_only_with_trigger.py
[2023-04-27T05:06:49.706+0000] {processor.py:743} INFO - Processing file /home/airflow/.local/lib/python3.7/site-packages/airflow/example_dags/example_latest_only_with_trigger.py for tasks to queue
[2023-04-27T05:06:49.706+0000] {logging_mixin.py:137} INFO - [2023-04-27T05:06:49.706+0000] {dagbag.py:532} INFO - Filling up the DagBag from /home/airflow/.local/lib/python3.7/site-packages/airflow/example_dags/example_latest_only_with_trigger.py
[2023-04-27T05:06:49.716+0000] {processor.py:753} INFO - DAG(s) dict_keys(['latest_only_with_trigger']) retrieved from /home/airflow/.local/lib/python3.7/site-packages/airflow/example_dags/example_latest_only_with_trigger.py
[2023-04-27T05:06:49.734+0000] {logging_mixin.py:137} INFO - [2023-04-27T05:06:49.734+0000] {dag.py:2705} INFO - Sync 1 DAGs
[2023-04-27T05:06:49.754+0000] {logging_mixin.py:137} INFO - [2023-04-27T05:06:49.754+0000] {dag.py:3456} INFO - Setting next_dagrun for latest_only_with_trigger to 2023-04-27T01:06:49.753985+00:00, run_after=2023-04-27T05:06:49.753985+00:00
[2023-04-27T05:06:49.770+0000] {processor.py:175} INFO - Processing /home/airflow/.local/lib/python3.7/site-packages/airflow/example_dags/example_latest_only_with_trigger.py took 0.067 seconds
[2023-04-27T05:07:20.027+0000] {processor.py:153} INFO - Started process (PID=864) to work on /home/airflow/.local/lib/python3.7/site-packages/airflow/example_dags/example_latest_only_with_trigger.py
[2023-04-27T05:07:20.027+0000] {processor.py:743} INFO - Processing file /home/airflow/.local/lib/python3.7/site-packages/airflow/example_dags/example_latest_only_with_trigger.py for tasks to queue
[2023-04-27T05:07:20.028+0000] {logging_mixin.py:137} INFO - [2023-04-27T05:07:20.028+0000] {dagbag.py:532} INFO - Filling up the DagBag from /home/airflow/.local/lib/python3.7/site-packages/airflow/example_dags/example_latest_only_with_trigger.py
[2023-04-27T05:07:20.037+0000] {processor.py:753} INFO - DAG(s) dict_keys(['latest_only_with_trigger']) retrieved from /home/airflow/.local/lib/python3.7/site-packages/airflow/example_dags/example_latest_only_with_trigger.py
[2023-04-27T05:07:20.056+0000] {logging_mixin.py:137} INFO - [2023-04-27T05:07:20.056+0000] {dag.py:2705} INFO - Sync 1 DAGs
[2023-04-27T05:07:20.074+0000] {logging_mixin.py:137} INFO - [2023-04-27T05:07:20.074+0000] {dag.py:3456} INFO - Setting next_dagrun for latest_only_with_trigger to 2023-04-27T01:07:20.074318+00:00, run_after=2023-04-27T05:07:20.074318+00:00
[2023-04-27T05:07:20.089+0000] {processor.py:175} INFO - Processing /home/airflow/.local/lib/python3.7/site-packages/airflow/example_dags/example_latest_only_with_trigger.py took 0.064 seconds
[2023-04-27T05:07:50.132+0000] {processor.py:153} INFO - Started process (PID=914) to work on /home/airflow/.local/lib/python3.7/site-packages/airflow/example_dags/example_latest_only_with_trigger.py
[2023-04-27T05:07:50.132+0000] {processor.py:743} INFO - Processing file /home/airflow/.local/lib/python3.7/site-packages/airflow/example_dags/example_latest_only_with_trigger.py for tasks to queue
[2023-04-27T05:07:50.133+0000] {logging_mixin.py:137} INFO - [2023-04-27T05:07:50.133+0000] {dagbag.py:532} INFO - Filling up the DagBag from /home/airflow/.local/lib/python3.7/site-packages/airflow/example_dags/example_latest_only_with_trigger.py
[2023-04-27T05:07:50.144+0000] {processor.py:753} INFO - DAG(s) dict_keys(['latest_only_with_trigger']) retrieved from /home/airflow/.local/lib/python3.7/site-packages/airflow/example_dags/example_latest_only_with_trigger.py
[2023-04-27T05:07:50.162+0000] {logging_mixin.py:137} INFO - [2023-04-27T05:07:50.162+0000] {dag.py:2705} INFO - Sync 1 DAGs
[2023-04-27T05:07:50.180+0000] {logging_mixin.py:137} INFO - [2023-04-27T05:07:50.180+0000] {dag.py:3456} INFO - Setting next_dagrun for latest_only_with_trigger to 2023-04-27T01:07:50.180727+00:00, run_after=2023-04-27T05:07:50.180727+00:00
[2023-04-27T05:07:50.195+0000] {processor.py:175} INFO - Processing /home/airflow/.local/lib/python3.7/site-packages/airflow/example_dags/example_latest_only_with_trigger.py took 0.066 seconds
[2023-04-27T05:08:20.264+0000] {processor.py:153} INFO - Started process (PID=964) to work on /home/airflow/.local/lib/python3.7/site-packages/airflow/example_dags/example_latest_only_with_trigger.py
[2023-04-27T05:08:20.265+0000] {processor.py:743} INFO - Processing file /home/airflow/.local/lib/python3.7/site-packages/airflow/example_dags/example_latest_only_with_trigger.py for tasks to queue
[2023-04-27T05:08:20.265+0000] {logging_mixin.py:137} INFO - [2023-04-27T05:08:20.265+0000] {dagbag.py:532} INFO - Filling up the DagBag from /home/airflow/.local/lib/python3.7/site-packages/airflow/example_dags/example_latest_only_with_trigger.py
[2023-04-27T05:08:20.274+0000] {processor.py:753} INFO - DAG(s) dict_keys(['latest_only_with_trigger']) retrieved from /home/airflow/.local/lib/python3.7/site-packages/airflow/example_dags/example_latest_only_with_trigger.py
[2023-04-27T05:08:20.293+0000] {logging_mixin.py:137} INFO - [2023-04-27T05:08:20.292+0000] {dag.py:2705} INFO - Sync 1 DAGs
[2023-04-27T05:08:20.311+0000] {logging_mixin.py:137} INFO - [2023-04-27T05:08:20.310+0000] {dag.py:3456} INFO - Setting next_dagrun for latest_only_with_trigger to 2023-04-27T01:08:20.310709+00:00, run_after=2023-04-27T05:08:20.310709+00:00
[2023-04-27T05:08:20.326+0000] {processor.py:175} INFO - Processing /home/airflow/.local/lib/python3.7/site-packages/airflow/example_dags/example_latest_only_with_trigger.py took 0.064 seconds
[2023-04-27T05:08:50.455+0000] {processor.py:153} INFO - Started process (PID=1014) to work on /home/airflow/.local/lib/python3.7/site-packages/airflow/example_dags/example_latest_only_with_trigger.py
[2023-04-27T05:08:50.455+0000] {processor.py:743} INFO - Processing file /home/airflow/.local/lib/python3.7/site-packages/airflow/example_dags/example_latest_only_with_trigger.py for tasks to queue
[2023-04-27T05:08:50.456+0000] {logging_mixin.py:137} INFO - [2023-04-27T05:08:50.455+0000] {dagbag.py:532} INFO - Filling up the DagBag from /home/airflow/.local/lib/python3.7/site-packages/airflow/example_dags/example_latest_only_with_trigger.py
[2023-04-27T05:08:50.465+0000] {processor.py:753} INFO - DAG(s) dict_keys(['latest_only_with_trigger']) retrieved from /home/airflow/.local/lib/python3.7/site-packages/airflow/example_dags/example_latest_only_with_trigger.py
[2023-04-27T05:08:50.483+0000] {logging_mixin.py:137} INFO - [2023-04-27T05:08:50.483+0000] {dag.py:2705} INFO - Sync 1 DAGs
[2023-04-27T05:08:50.504+0000] {logging_mixin.py:137} INFO - [2023-04-27T05:08:50.504+0000] {dag.py:3456} INFO - Setting next_dagrun for latest_only_with_trigger to 2023-04-27T01:08:50.504663+00:00, run_after=2023-04-27T05:08:50.504663+00:00
[2023-04-27T05:08:50.521+0000] {processor.py:175} INFO - Processing /home/airflow/.local/lib/python3.7/site-packages/airflow/example_dags/example_latest_only_with_trigger.py took 0.068 seconds
[2023-04-27T05:09:20.797+0000] {processor.py:153} INFO - Started process (PID=1064) to work on /home/airflow/.local/lib/python3.7/site-packages/airflow/example_dags/example_latest_only_with_trigger.py
[2023-04-27T05:09:20.798+0000] {processor.py:743} INFO - Processing file /home/airflow/.local/lib/python3.7/site-packages/airflow/example_dags/example_latest_only_with_trigger.py for tasks to queue
[2023-04-27T05:09:20.798+0000] {logging_mixin.py:137} INFO - [2023-04-27T05:09:20.798+0000] {dagbag.py:532} INFO - Filling up the DagBag from /home/airflow/.local/lib/python3.7/site-packages/airflow/example_dags/example_latest_only_with_trigger.py
[2023-04-27T05:09:20.807+0000] {processor.py:753} INFO - DAG(s) dict_keys(['latest_only_with_trigger']) retrieved from /home/airflow/.local/lib/python3.7/site-packages/airflow/example_dags/example_latest_only_with_trigger.py
[2023-04-27T05:09:20.825+0000] {logging_mixin.py:137} INFO - [2023-04-27T05:09:20.825+0000] {dag.py:2705} INFO - Sync 1 DAGs
[2023-04-27T05:09:20.844+0000] {logging_mixin.py:137} INFO - [2023-04-27T05:09:20.844+0000] {dag.py:3456} INFO - Setting next_dagrun for latest_only_with_trigger to 2023-04-27T01:09:20.843967+00:00, run_after=2023-04-27T05:09:20.843967+00:00
[2023-04-27T05:09:20.864+0000] {processor.py:175} INFO - Processing /home/airflow/.local/lib/python3.7/site-packages/airflow/example_dags/example_latest_only_with_trigger.py took 0.069 seconds
[2023-04-27T05:09:51.027+0000] {processor.py:153} INFO - Started process (PID=1114) to work on /home/airflow/.local/lib/python3.7/site-packages/airflow/example_dags/example_latest_only_with_trigger.py
[2023-04-27T05:09:51.027+0000] {processor.py:743} INFO - Processing file /home/airflow/.local/lib/python3.7/site-packages/airflow/example_dags/example_latest_only_with_trigger.py for tasks to queue
[2023-04-27T05:09:51.028+0000] {logging_mixin.py:137} INFO - [2023-04-27T05:09:51.028+0000] {dagbag.py:532} INFO - Filling up the DagBag from /home/airflow/.local/lib/python3.7/site-packages/airflow/example_dags/example_latest_only_with_trigger.py
[2023-04-27T05:09:51.037+0000] {processor.py:753} INFO - DAG(s) dict_keys(['latest_only_with_trigger']) retrieved from /home/airflow/.local/lib/python3.7/site-packages/airflow/example_dags/example_latest_only_with_trigger.py
[2023-04-27T05:09:51.055+0000] {logging_mixin.py:137} INFO - [2023-04-27T05:09:51.055+0000] {dag.py:2705} INFO - Sync 1 DAGs
[2023-04-27T05:09:51.073+0000] {logging_mixin.py:137} INFO - [2023-04-27T05:09:51.073+0000] {dag.py:3456} INFO - Setting next_dagrun for latest_only_with_trigger to 2023-04-27T01:09:51.073435+00:00, run_after=2023-04-27T05:09:51.073435+00:00
[2023-04-27T05:09:51.088+0000] {processor.py:175} INFO - Processing /home/airflow/.local/lib/python3.7/site-packages/airflow/example_dags/example_latest_only_with_trigger.py took 0.063 seconds
[2023-04-27T05:10:21.193+0000] {processor.py:153} INFO - Started process (PID=1164) to work on /home/airflow/.local/lib/python3.7/site-packages/airflow/example_dags/example_latest_only_with_trigger.py
[2023-04-27T05:10:21.193+0000] {processor.py:743} INFO - Processing file /home/airflow/.local/lib/python3.7/site-packages/airflow/example_dags/example_latest_only_with_trigger.py for tasks to queue
[2023-04-27T05:10:21.194+0000] {logging_mixin.py:137} INFO - [2023-04-27T05:10:21.194+0000] {dagbag.py:532} INFO - Filling up the DagBag from /home/airflow/.local/lib/python3.7/site-packages/airflow/example_dags/example_latest_only_with_trigger.py
[2023-04-27T05:10:21.204+0000] {processor.py:753} INFO - DAG(s) dict_keys(['latest_only_with_trigger']) retrieved from /home/airflow/.local/lib/python3.7/site-packages/airflow/example_dags/example_latest_only_with_trigger.py
[2023-04-27T05:10:21.220+0000] {logging_mixin.py:137} INFO - [2023-04-27T05:10:21.220+0000] {dag.py:2705} INFO - Sync 1 DAGs
[2023-04-27T05:10:21.238+0000] {logging_mixin.py:137} INFO - [2023-04-27T05:10:21.238+0000] {dag.py:3456} INFO - Setting next_dagrun for latest_only_with_trigger to 2023-04-27T01:10:21.238338+00:00, run_after=2023-04-27T05:10:21.238338+00:00
[2023-04-27T05:10:21.253+0000] {processor.py:175} INFO - Processing /home/airflow/.local/lib/python3.7/site-packages/airflow/example_dags/example_latest_only_with_trigger.py took 0.062 seconds
[2023-04-27T05:10:51.463+0000] {processor.py:153} INFO - Started process (PID=1213) to work on /home/airflow/.local/lib/python3.7/site-packages/airflow/example_dags/example_latest_only_with_trigger.py
[2023-04-27T05:10:51.463+0000] {processor.py:743} INFO - Processing file /home/airflow/.local/lib/python3.7/site-packages/airflow/example_dags/example_latest_only_with_trigger.py for tasks to queue
[2023-04-27T05:10:51.463+0000] {logging_mixin.py:137} INFO - [2023-04-27T05:10:51.463+0000] {dagbag.py:532} INFO - Filling up the DagBag from /home/airflow/.local/lib/python3.7/site-packages/airflow/example_dags/example_latest_only_with_trigger.py
[2023-04-27T05:10:51.471+0000] {processor.py:753} INFO - DAG(s) dict_keys(['latest_only_with_trigger']) retrieved from /home/airflow/.local/lib/python3.7/site-packages/airflow/example_dags/example_latest_only_with_trigger.py
[2023-04-27T05:10:51.485+0000] {logging_mixin.py:137} INFO - [2023-04-27T05:10:51.485+0000] {dag.py:2705} INFO - Sync 1 DAGs
[2023-04-27T05:10:51.500+0000] {logging_mixin.py:137} INFO - [2023-04-27T05:10:51.500+0000] {dag.py:3456} INFO - Setting next_dagrun for latest_only_with_trigger to 2023-04-27T01:10:51.500296+00:00, run_after=2023-04-27T05:10:51.500296+00:00
[2023-04-27T05:10:51.511+0000] {processor.py:175} INFO - Processing /home/airflow/.local/lib/python3.7/site-packages/airflow/example_dags/example_latest_only_with_trigger.py took 0.051 seconds
[2023-04-27T05:11:21.666+0000] {processor.py:153} INFO - Started process (PID=1263) to work on /home/airflow/.local/lib/python3.7/site-packages/airflow/example_dags/example_latest_only_with_trigger.py
[2023-04-27T05:11:21.667+0000] {processor.py:743} INFO - Processing file /home/airflow/.local/lib/python3.7/site-packages/airflow/example_dags/example_latest_only_with_trigger.py for tasks to queue
[2023-04-27T05:11:21.667+0000] {logging_mixin.py:137} INFO - [2023-04-27T05:11:21.667+0000] {dagbag.py:532} INFO - Filling up the DagBag from /home/airflow/.local/lib/python3.7/site-packages/airflow/example_dags/example_latest_only_with_trigger.py
[2023-04-27T05:11:21.676+0000] {processor.py:753} INFO - DAG(s) dict_keys(['latest_only_with_trigger']) retrieved from /home/airflow/.local/lib/python3.7/site-packages/airflow/example_dags/example_latest_only_with_trigger.py
[2023-04-27T05:11:21.694+0000] {logging_mixin.py:137} INFO - [2023-04-27T05:11:21.694+0000] {dag.py:2705} INFO - Sync 1 DAGs
[2023-04-27T05:11:21.713+0000] {logging_mixin.py:137} INFO - [2023-04-27T05:11:21.712+0000] {dag.py:3456} INFO - Setting next_dagrun for latest_only_with_trigger to 2023-04-27T01:11:21.712793+00:00, run_after=2023-04-27T05:11:21.712793+00:00
[2023-04-27T05:11:21.728+0000] {processor.py:175} INFO - Processing /home/airflow/.local/lib/python3.7/site-packages/airflow/example_dags/example_latest_only_with_trigger.py took 0.063 seconds
[2023-04-27T05:11:52.042+0000] {processor.py:153} INFO - Started process (PID=1313) to work on /home/airflow/.local/lib/python3.7/site-packages/airflow/example_dags/example_latest_only_with_trigger.py
[2023-04-27T05:11:52.042+0000] {processor.py:743} INFO - Processing file /home/airflow/.local/lib/python3.7/site-packages/airflow/example_dags/example_latest_only_with_trigger.py for tasks to queue
[2023-04-27T05:11:52.042+0000] {logging_mixin.py:137} INFO - [2023-04-27T05:11:52.042+0000] {dagbag.py:532} INFO - Filling up the DagBag from /home/airflow/.local/lib/python3.7/site-packages/airflow/example_dags/example_latest_only_with_trigger.py
[2023-04-27T05:11:52.050+0000] {processor.py:753} INFO - DAG(s) dict_keys(['latest_only_with_trigger']) retrieved from /home/airflow/.local/lib/python3.7/site-packages/airflow/example_dags/example_latest_only_with_trigger.py
[2023-04-27T05:11:52.065+0000] {logging_mixin.py:137} INFO - [2023-04-27T05:11:52.065+0000] {dag.py:2705} INFO - Sync 1 DAGs
[2023-04-27T05:11:52.079+0000] {logging_mixin.py:137} INFO - [2023-04-27T05:11:52.079+0000] {dag.py:3456} INFO - Setting next_dagrun for latest_only_with_trigger to 2023-04-27T01:11:52.079717+00:00, run_after=2023-04-27T05:11:52.079717+00:00
[2023-04-27T05:11:52.091+0000] {processor.py:175} INFO - Processing /home/airflow/.local/lib/python3.7/site-packages/airflow/example_dags/example_latest_only_with_trigger.py took 0.051 seconds
[2023-04-27T05:12:22.238+0000] {processor.py:153} INFO - Started process (PID=1363) to work on /home/airflow/.local/lib/python3.7/site-packages/airflow/example_dags/example_latest_only_with_trigger.py
[2023-04-27T05:12:22.238+0000] {processor.py:743} INFO - Processing file /home/airflow/.local/lib/python3.7/site-packages/airflow/example_dags/example_latest_only_with_trigger.py for tasks to queue
[2023-04-27T05:12:22.238+0000] {logging_mixin.py:137} INFO - [2023-04-27T05:12:22.238+0000] {dagbag.py:532} INFO - Filling up the DagBag from /home/airflow/.local/lib/python3.7/site-packages/airflow/example_dags/example_latest_only_with_trigger.py
[2023-04-27T05:12:22.246+0000] {processor.py:753} INFO - DAG(s) dict_keys(['latest_only_with_trigger']) retrieved from /home/airflow/.local/lib/python3.7/site-packages/airflow/example_dags/example_latest_only_with_trigger.py
[2023-04-27T05:12:22.260+0000] {logging_mixin.py:137} INFO - [2023-04-27T05:12:22.260+0000] {dag.py:2705} INFO - Sync 1 DAGs
[2023-04-27T05:12:22.275+0000] {logging_mixin.py:137} INFO - [2023-04-27T05:12:22.275+0000] {dag.py:3456} INFO - Setting next_dagrun for latest_only_with_trigger to 2023-04-27T01:12:22.274955+00:00, run_after=2023-04-27T05:12:22.274955+00:00
[2023-04-27T05:12:22.288+0000] {processor.py:175} INFO - Processing /home/airflow/.local/lib/python3.7/site-packages/airflow/example_dags/example_latest_only_with_trigger.py took 0.052 seconds
[2023-04-27T05:12:52.375+0000] {processor.py:153} INFO - Started process (PID=1413) to work on /home/airflow/.local/lib/python3.7/site-packages/airflow/example_dags/example_latest_only_with_trigger.py
[2023-04-27T05:12:52.376+0000] {processor.py:743} INFO - Processing file /home/airflow/.local/lib/python3.7/site-packages/airflow/example_dags/example_latest_only_with_trigger.py for tasks to queue
[2023-04-27T05:12:52.376+0000] {logging_mixin.py:137} INFO - [2023-04-27T05:12:52.376+0000] {dagbag.py:532} INFO - Filling up the DagBag from /home/airflow/.local/lib/python3.7/site-packages/airflow/example_dags/example_latest_only_with_trigger.py
[2023-04-27T05:12:52.385+0000] {processor.py:753} INFO - DAG(s) dict_keys(['latest_only_with_trigger']) retrieved from /home/airflow/.local/lib/python3.7/site-packages/airflow/example_dags/example_latest_only_with_trigger.py
[2023-04-27T05:12:52.404+0000] {logging_mixin.py:137} INFO - [2023-04-27T05:12:52.404+0000] {dag.py:2705} INFO - Sync 1 DAGs
[2023-04-27T05:12:52.424+0000] {logging_mixin.py:137} INFO - [2023-04-27T05:12:52.424+0000] {dag.py:3456} INFO - Setting next_dagrun for latest_only_with_trigger to 2023-04-27T01:12:52.424190+00:00, run_after=2023-04-27T05:12:52.424190+00:00
[2023-04-27T05:12:52.440+0000] {processor.py:175} INFO - Processing /home/airflow/.local/lib/python3.7/site-packages/airflow/example_dags/example_latest_only_with_trigger.py took 0.067 seconds
[2023-04-27T05:13:22.865+0000] {processor.py:153} INFO - Started process (PID=1463) to work on /home/airflow/.local/lib/python3.7/site-packages/airflow/example_dags/example_latest_only_with_trigger.py
[2023-04-27T05:13:22.866+0000] {processor.py:743} INFO - Processing file /home/airflow/.local/lib/python3.7/site-packages/airflow/example_dags/example_latest_only_with_trigger.py for tasks to queue
[2023-04-27T05:13:22.866+0000] {logging_mixin.py:137} INFO - [2023-04-27T05:13:22.866+0000] {dagbag.py:532} INFO - Filling up the DagBag from /home/airflow/.local/lib/python3.7/site-packages/airflow/example_dags/example_latest_only_with_trigger.py
[2023-04-27T05:13:22.875+0000] {processor.py:753} INFO - DAG(s) dict_keys(['latest_only_with_trigger']) retrieved from /home/airflow/.local/lib/python3.7/site-packages/airflow/example_dags/example_latest_only_with_trigger.py
[2023-04-27T05:13:22.893+0000] {logging_mixin.py:137} INFO - [2023-04-27T05:13:22.893+0000] {dag.py:2705} INFO - Sync 1 DAGs
[2023-04-27T05:13:22.912+0000] {logging_mixin.py:137} INFO - [2023-04-27T05:13:22.911+0000] {dag.py:3456} INFO - Setting next_dagrun for latest_only_with_trigger to 2023-04-27T01:13:22.911772+00:00, run_after=2023-04-27T05:13:22.911772+00:00
[2023-04-27T05:13:22.926+0000] {processor.py:175} INFO - Processing /home/airflow/.local/lib/python3.7/site-packages/airflow/example_dags/example_latest_only_with_trigger.py took 0.064 seconds
[2023-04-27T05:13:52.962+0000] {processor.py:153} INFO - Started process (PID=1513) to work on /home/airflow/.local/lib/python3.7/site-packages/airflow/example_dags/example_latest_only_with_trigger.py
[2023-04-27T05:13:52.963+0000] {processor.py:743} INFO - Processing file /home/airflow/.local/lib/python3.7/site-packages/airflow/example_dags/example_latest_only_with_trigger.py for tasks to queue
[2023-04-27T05:13:52.963+0000] {logging_mixin.py:137} INFO - [2023-04-27T05:13:52.963+0000] {dagbag.py:532} INFO - Filling up the DagBag from /home/airflow/.local/lib/python3.7/site-packages/airflow/example_dags/example_latest_only_with_trigger.py
[2023-04-27T05:13:52.971+0000] {processor.py:753} INFO - DAG(s) dict_keys(['latest_only_with_trigger']) retrieved from /home/airflow/.local/lib/python3.7/site-packages/airflow/example_dags/example_latest_only_with_trigger.py
[2023-04-27T05:13:52.985+0000] {logging_mixin.py:137} INFO - [2023-04-27T05:13:52.985+0000] {dag.py:2705} INFO - Sync 1 DAGs
[2023-04-27T05:13:53.000+0000] {logging_mixin.py:137} INFO - [2023-04-27T05:13:53.000+0000] {dag.py:3456} INFO - Setting next_dagrun for latest_only_with_trigger to 2023-04-27T01:13:53.000297+00:00, run_after=2023-04-27T05:13:53.000297+00:00
[2023-04-27T05:13:53.012+0000] {processor.py:175} INFO - Processing /home/airflow/.local/lib/python3.7/site-packages/airflow/example_dags/example_latest_only_with_trigger.py took 0.052 seconds
[2023-04-27T05:14:23.158+0000] {processor.py:153} INFO - Started process (PID=1563) to work on /home/airflow/.local/lib/python3.7/site-packages/airflow/example_dags/example_latest_only_with_trigger.py
[2023-04-27T05:14:23.159+0000] {processor.py:743} INFO - Processing file /home/airflow/.local/lib/python3.7/site-packages/airflow/example_dags/example_latest_only_with_trigger.py for tasks to queue
[2023-04-27T05:14:23.159+0000] {logging_mixin.py:137} INFO - [2023-04-27T05:14:23.159+0000] {dagbag.py:532} INFO - Filling up the DagBag from /home/airflow/.local/lib/python3.7/site-packages/airflow/example_dags/example_latest_only_with_trigger.py
[2023-04-27T05:14:23.168+0000] {processor.py:753} INFO - DAG(s) dict_keys(['latest_only_with_trigger']) retrieved from /home/airflow/.local/lib/python3.7/site-packages/airflow/example_dags/example_latest_only_with_trigger.py
[2023-04-27T05:14:23.182+0000] {logging_mixin.py:137} INFO - [2023-04-27T05:14:23.182+0000] {dag.py:2705} INFO - Sync 1 DAGs
[2023-04-27T05:14:23.197+0000] {logging_mixin.py:137} INFO - [2023-04-27T05:14:23.197+0000] {dag.py:3456} INFO - Setting next_dagrun for latest_only_with_trigger to 2023-04-27T01:14:23.197726+00:00, run_after=2023-04-27T05:14:23.197726+00:00
[2023-04-27T05:14:23.215+0000] {processor.py:175} INFO - Processing /home/airflow/.local/lib/python3.7/site-packages/airflow/example_dags/example_latest_only_with_trigger.py took 0.059 seconds
[2023-04-27T05:14:53.472+0000] {processor.py:153} INFO - Started process (PID=1612) to work on /home/airflow/.local/lib/python3.7/site-packages/airflow/example_dags/example_latest_only_with_trigger.py
[2023-04-27T05:14:53.472+0000] {processor.py:743} INFO - Processing file /home/airflow/.local/lib/python3.7/site-packages/airflow/example_dags/example_latest_only_with_trigger.py for tasks to queue
[2023-04-27T05:14:53.472+0000] {logging_mixin.py:137} INFO - [2023-04-27T05:14:53.472+0000] {dagbag.py:532} INFO - Filling up the DagBag from /home/airflow/.local/lib/python3.7/site-packages/airflow/example_dags/example_latest_only_with_trigger.py
[2023-04-27T05:14:53.482+0000] {processor.py:753} INFO - DAG(s) dict_keys(['latest_only_with_trigger']) retrieved from /home/airflow/.local/lib/python3.7/site-packages/airflow/example_dags/example_latest_only_with_trigger.py
[2023-04-27T05:14:53.499+0000] {logging_mixin.py:137} INFO - [2023-04-27T05:14:53.499+0000] {dag.py:2705} INFO - Sync 1 DAGs
[2023-04-27T05:14:53.517+0000] {logging_mixin.py:137} INFO - [2023-04-27T05:14:53.517+0000] {dag.py:3456} INFO - Setting next_dagrun for latest_only_with_trigger to 2023-04-27T01:14:53.517576+00:00, run_after=2023-04-27T05:14:53.517576+00:00
[2023-04-27T05:14:53.532+0000] {processor.py:175} INFO - Processing /home/airflow/.local/lib/python3.7/site-packages/airflow/example_dags/example_latest_only_with_trigger.py took 0.062 seconds
