[2023-04-27T04:59:15.488+0000] {processor.py:153} INFO - Started process (PID=80) to work on /home/airflow/.local/lib/python3.7/site-packages/airflow/example_dags/example_skip_dag.py
[2023-04-27T04:59:15.489+0000] {processor.py:743} INFO - Processing file /home/airflow/.local/lib/python3.7/site-packages/airflow/example_dags/example_skip_dag.py for tasks to queue
[2023-04-27T04:59:15.489+0000] {logging_mixin.py:137} INFO - [2023-04-27T04:59:15.489+0000] {dagbag.py:532} INFO - Filling up the DagBag from /home/airflow/.local/lib/python3.7/site-packages/airflow/example_dags/example_skip_dag.py
[2023-04-27T04:59:15.504+0000] {processor.py:753} INFO - DAG(s) dict_keys(['example_skip_dag']) retrieved from /home/airflow/.local/lib/python3.7/site-packages/airflow/example_dags/example_skip_dag.py
[2023-04-27T04:59:15.516+0000] {logging_mixin.py:137} INFO - [2023-04-27T04:59:15.515+0000] {dag.py:2705} INFO - Sync 1 DAGs
[2023-04-27T04:59:15.538+0000] {logging_mixin.py:137} INFO - [2023-04-27T04:59:15.538+0000] {dag.py:3456} INFO - Setting next_dagrun for example_skip_dag to 2023-04-26T04:59:15.538525+00:00, run_after=2023-04-27T04:59:15.538525+00:00
[2023-04-27T04:59:15.556+0000] {processor.py:175} INFO - Processing /home/airflow/.local/lib/python3.7/site-packages/airflow/example_dags/example_skip_dag.py took 0.070 seconds
[2023-04-27T04:59:46.323+0000] {processor.py:153} INFO - Started process (PID=129) to work on /home/airflow/.local/lib/python3.7/site-packages/airflow/example_dags/example_skip_dag.py
[2023-04-27T04:59:46.324+0000] {processor.py:743} INFO - Processing file /home/airflow/.local/lib/python3.7/site-packages/airflow/example_dags/example_skip_dag.py for tasks to queue
[2023-04-27T04:59:46.324+0000] {logging_mixin.py:137} INFO - [2023-04-27T04:59:46.324+0000] {dagbag.py:532} INFO - Filling up the DagBag from /home/airflow/.local/lib/python3.7/site-packages/airflow/example_dags/example_skip_dag.py
[2023-04-27T04:59:46.335+0000] {processor.py:753} INFO - DAG(s) dict_keys(['example_skip_dag']) retrieved from /home/airflow/.local/lib/python3.7/site-packages/airflow/example_dags/example_skip_dag.py
[2023-04-27T04:59:46.354+0000] {logging_mixin.py:137} INFO - [2023-04-27T04:59:46.354+0000] {dag.py:2705} INFO - Sync 1 DAGs
[2023-04-27T04:59:46.375+0000] {logging_mixin.py:137} INFO - [2023-04-27T04:59:46.375+0000] {dag.py:3456} INFO - Setting next_dagrun for example_skip_dag to 2023-04-26T04:59:46.375626+00:00, run_after=2023-04-27T04:59:46.375626+00:00
[2023-04-27T04:59:46.391+0000] {processor.py:175} INFO - Processing /home/airflow/.local/lib/python3.7/site-packages/airflow/example_dags/example_skip_dag.py took 0.070 seconds
[2023-04-27T05:00:17.389+0000] {processor.py:153} INFO - Started process (PID=179) to work on /home/airflow/.local/lib/python3.7/site-packages/airflow/example_dags/example_skip_dag.py
[2023-04-27T05:00:17.390+0000] {processor.py:743} INFO - Processing file /home/airflow/.local/lib/python3.7/site-packages/airflow/example_dags/example_skip_dag.py for tasks to queue
[2023-04-27T05:00:17.390+0000] {logging_mixin.py:137} INFO - [2023-04-27T05:00:17.390+0000] {dagbag.py:532} INFO - Filling up the DagBag from /home/airflow/.local/lib/python3.7/site-packages/airflow/example_dags/example_skip_dag.py
[2023-04-27T05:00:17.398+0000] {processor.py:753} INFO - DAG(s) dict_keys(['example_skip_dag']) retrieved from /home/airflow/.local/lib/python3.7/site-packages/airflow/example_dags/example_skip_dag.py
[2023-04-27T05:00:17.414+0000] {logging_mixin.py:137} INFO - [2023-04-27T05:00:17.414+0000] {dag.py:2705} INFO - Sync 1 DAGs
[2023-04-27T05:00:17.428+0000] {logging_mixin.py:137} INFO - [2023-04-27T05:00:17.428+0000] {dag.py:3456} INFO - Setting next_dagrun for example_skip_dag to 2023-04-26T05:00:17.428646+00:00, run_after=2023-04-27T05:00:17.428646+00:00
[2023-04-27T05:00:17.441+0000] {processor.py:175} INFO - Processing /home/airflow/.local/lib/python3.7/site-packages/airflow/example_dags/example_skip_dag.py took 0.053 seconds
[2023-04-27T05:00:47.681+0000] {processor.py:153} INFO - Started process (PID=229) to work on /home/airflow/.local/lib/python3.7/site-packages/airflow/example_dags/example_skip_dag.py
[2023-04-27T05:00:47.681+0000] {processor.py:743} INFO - Processing file /home/airflow/.local/lib/python3.7/site-packages/airflow/example_dags/example_skip_dag.py for tasks to queue
[2023-04-27T05:00:47.682+0000] {logging_mixin.py:137} INFO - [2023-04-27T05:00:47.682+0000] {dagbag.py:532} INFO - Filling up the DagBag from /home/airflow/.local/lib/python3.7/site-packages/airflow/example_dags/example_skip_dag.py
[2023-04-27T05:00:47.691+0000] {processor.py:753} INFO - DAG(s) dict_keys(['example_skip_dag']) retrieved from /home/airflow/.local/lib/python3.7/site-packages/airflow/example_dags/example_skip_dag.py
[2023-04-27T05:00:47.709+0000] {logging_mixin.py:137} INFO - [2023-04-27T05:00:47.708+0000] {dag.py:2705} INFO - Sync 1 DAGs
[2023-04-27T05:00:47.727+0000] {logging_mixin.py:137} INFO - [2023-04-27T05:00:47.727+0000] {dag.py:3456} INFO - Setting next_dagrun for example_skip_dag to 2023-04-26T05:00:47.727706+00:00, run_after=2023-04-27T05:00:47.727706+00:00
[2023-04-27T05:00:47.742+0000] {processor.py:175} INFO - Processing /home/airflow/.local/lib/python3.7/site-packages/airflow/example_dags/example_skip_dag.py took 0.063 seconds
[2023-04-27T05:01:17.968+0000] {processor.py:153} INFO - Started process (PID=279) to work on /home/airflow/.local/lib/python3.7/site-packages/airflow/example_dags/example_skip_dag.py
[2023-04-27T05:01:17.969+0000] {processor.py:743} INFO - Processing file /home/airflow/.local/lib/python3.7/site-packages/airflow/example_dags/example_skip_dag.py for tasks to queue
[2023-04-27T05:01:17.969+0000] {logging_mixin.py:137} INFO - [2023-04-27T05:01:17.969+0000] {dagbag.py:532} INFO - Filling up the DagBag from /home/airflow/.local/lib/python3.7/site-packages/airflow/example_dags/example_skip_dag.py
[2023-04-27T05:01:17.981+0000] {processor.py:753} INFO - DAG(s) dict_keys(['example_skip_dag']) retrieved from /home/airflow/.local/lib/python3.7/site-packages/airflow/example_dags/example_skip_dag.py
[2023-04-27T05:01:17.991+0000] {logging_mixin.py:137} INFO - [2023-04-27T05:01:17.991+0000] {dag.py:2705} INFO - Sync 1 DAGs
[2023-04-27T05:01:18.013+0000] {logging_mixin.py:137} INFO - [2023-04-27T05:01:18.013+0000] {dag.py:3456} INFO - Setting next_dagrun for example_skip_dag to 2023-04-26T05:01:18.013211+00:00, run_after=2023-04-27T05:01:18.013211+00:00
[2023-04-27T05:01:18.029+0000] {processor.py:175} INFO - Processing /home/airflow/.local/lib/python3.7/site-packages/airflow/example_dags/example_skip_dag.py took 0.063 seconds
[2023-04-27T05:01:48.137+0000] {processor.py:153} INFO - Started process (PID=328) to work on /home/airflow/.local/lib/python3.7/site-packages/airflow/example_dags/example_skip_dag.py
[2023-04-27T05:01:48.138+0000] {processor.py:743} INFO - Processing file /home/airflow/.local/lib/python3.7/site-packages/airflow/example_dags/example_skip_dag.py for tasks to queue
[2023-04-27T05:01:48.138+0000] {logging_mixin.py:137} INFO - [2023-04-27T05:01:48.138+0000] {dagbag.py:532} INFO - Filling up the DagBag from /home/airflow/.local/lib/python3.7/site-packages/airflow/example_dags/example_skip_dag.py
[2023-04-27T05:01:48.148+0000] {processor.py:753} INFO - DAG(s) dict_keys(['example_skip_dag']) retrieved from /home/airflow/.local/lib/python3.7/site-packages/airflow/example_dags/example_skip_dag.py
[2023-04-27T05:01:48.166+0000] {logging_mixin.py:137} INFO - [2023-04-27T05:01:48.166+0000] {dag.py:2705} INFO - Sync 1 DAGs
[2023-04-27T05:01:48.185+0000] {logging_mixin.py:137} INFO - [2023-04-27T05:01:48.185+0000] {dag.py:3456} INFO - Setting next_dagrun for example_skip_dag to 2023-04-26T05:01:48.185625+00:00, run_after=2023-04-27T05:01:48.185625+00:00
[2023-04-27T05:01:48.200+0000] {processor.py:175} INFO - Processing /home/airflow/.local/lib/python3.7/site-packages/airflow/example_dags/example_skip_dag.py took 0.064 seconds
[2023-04-27T05:02:18.649+0000] {processor.py:153} INFO - Started process (PID=378) to work on /home/airflow/.local/lib/python3.7/site-packages/airflow/example_dags/example_skip_dag.py
[2023-04-27T05:02:18.649+0000] {processor.py:743} INFO - Processing file /home/airflow/.local/lib/python3.7/site-packages/airflow/example_dags/example_skip_dag.py for tasks to queue
[2023-04-27T05:02:18.650+0000] {logging_mixin.py:137} INFO - [2023-04-27T05:02:18.650+0000] {dagbag.py:532} INFO - Filling up the DagBag from /home/airflow/.local/lib/python3.7/site-packages/airflow/example_dags/example_skip_dag.py
[2023-04-27T05:02:18.660+0000] {processor.py:753} INFO - DAG(s) dict_keys(['example_skip_dag']) retrieved from /home/airflow/.local/lib/python3.7/site-packages/airflow/example_dags/example_skip_dag.py
[2023-04-27T05:02:18.680+0000] {logging_mixin.py:137} INFO - [2023-04-27T05:02:18.679+0000] {dag.py:2705} INFO - Sync 1 DAGs
[2023-04-27T05:02:18.699+0000] {logging_mixin.py:137} INFO - [2023-04-27T05:02:18.699+0000] {dag.py:3456} INFO - Setting next_dagrun for example_skip_dag to 2023-04-26T05:02:18.698836+00:00, run_after=2023-04-27T05:02:18.698836+00:00
[2023-04-27T05:02:18.717+0000] {processor.py:175} INFO - Processing /home/airflow/.local/lib/python3.7/site-packages/airflow/example_dags/example_skip_dag.py took 0.071 seconds
[2023-04-27T05:02:49.352+0000] {processor.py:153} INFO - Started process (PID=428) to work on /home/airflow/.local/lib/python3.7/site-packages/airflow/example_dags/example_skip_dag.py
[2023-04-27T05:02:49.352+0000] {processor.py:743} INFO - Processing file /home/airflow/.local/lib/python3.7/site-packages/airflow/example_dags/example_skip_dag.py for tasks to queue
[2023-04-27T05:02:49.353+0000] {logging_mixin.py:137} INFO - [2023-04-27T05:02:49.353+0000] {dagbag.py:532} INFO - Filling up the DagBag from /home/airflow/.local/lib/python3.7/site-packages/airflow/example_dags/example_skip_dag.py
[2023-04-27T05:02:49.365+0000] {processor.py:753} INFO - DAG(s) dict_keys(['example_skip_dag']) retrieved from /home/airflow/.local/lib/python3.7/site-packages/airflow/example_dags/example_skip_dag.py
[2023-04-27T05:02:49.386+0000] {logging_mixin.py:137} INFO - [2023-04-27T05:02:49.386+0000] {dag.py:2705} INFO - Sync 1 DAGs
[2023-04-27T05:02:49.405+0000] {logging_mixin.py:137} INFO - [2023-04-27T05:02:49.405+0000] {dag.py:3456} INFO - Setting next_dagrun for example_skip_dag to 2023-04-26T05:02:49.404827+00:00, run_after=2023-04-27T05:02:49.404827+00:00
[2023-04-27T05:02:49.420+0000] {processor.py:175} INFO - Processing /home/airflow/.local/lib/python3.7/site-packages/airflow/example_dags/example_skip_dag.py took 0.071 seconds
[2023-04-27T05:03:19.752+0000] {processor.py:153} INFO - Started process (PID=478) to work on /home/airflow/.local/lib/python3.7/site-packages/airflow/example_dags/example_skip_dag.py
[2023-04-27T05:03:19.753+0000] {processor.py:743} INFO - Processing file /home/airflow/.local/lib/python3.7/site-packages/airflow/example_dags/example_skip_dag.py for tasks to queue
[2023-04-27T05:03:19.753+0000] {logging_mixin.py:137} INFO - [2023-04-27T05:03:19.753+0000] {dagbag.py:532} INFO - Filling up the DagBag from /home/airflow/.local/lib/python3.7/site-packages/airflow/example_dags/example_skip_dag.py
[2023-04-27T05:03:19.764+0000] {processor.py:753} INFO - DAG(s) dict_keys(['example_skip_dag']) retrieved from /home/airflow/.local/lib/python3.7/site-packages/airflow/example_dags/example_skip_dag.py
[2023-04-27T05:03:19.792+0000] {logging_mixin.py:137} INFO - [2023-04-27T05:03:19.791+0000] {dag.py:2705} INFO - Sync 1 DAGs
[2023-04-27T05:03:19.822+0000] {logging_mixin.py:137} INFO - [2023-04-27T05:03:19.821+0000] {dag.py:3456} INFO - Setting next_dagrun for example_skip_dag to 2023-04-26T05:03:19.821654+00:00, run_after=2023-04-27T05:03:19.821654+00:00
[2023-04-27T05:03:19.844+0000] {processor.py:175} INFO - Processing /home/airflow/.local/lib/python3.7/site-packages/airflow/example_dags/example_skip_dag.py took 0.094 seconds
[2023-04-27T05:03:50.010+0000] {processor.py:153} INFO - Started process (PID=528) to work on /home/airflow/.local/lib/python3.7/site-packages/airflow/example_dags/example_skip_dag.py
[2023-04-27T05:03:50.010+0000] {processor.py:743} INFO - Processing file /home/airflow/.local/lib/python3.7/site-packages/airflow/example_dags/example_skip_dag.py for tasks to queue
[2023-04-27T05:03:50.011+0000] {logging_mixin.py:137} INFO - [2023-04-27T05:03:50.011+0000] {dagbag.py:532} INFO - Filling up the DagBag from /home/airflow/.local/lib/python3.7/site-packages/airflow/example_dags/example_skip_dag.py
[2023-04-27T05:03:50.022+0000] {processor.py:753} INFO - DAG(s) dict_keys(['example_skip_dag']) retrieved from /home/airflow/.local/lib/python3.7/site-packages/airflow/example_dags/example_skip_dag.py
[2023-04-27T05:03:50.043+0000] {logging_mixin.py:137} INFO - [2023-04-27T05:03:50.043+0000] {dag.py:2705} INFO - Sync 1 DAGs
[2023-04-27T05:03:50.065+0000] {logging_mixin.py:137} INFO - [2023-04-27T05:03:50.065+0000] {dag.py:3456} INFO - Setting next_dagrun for example_skip_dag to 2023-04-26T05:03:50.065371+00:00, run_after=2023-04-27T05:03:50.065371+00:00
[2023-04-27T05:03:50.084+0000] {processor.py:175} INFO - Processing /home/airflow/.local/lib/python3.7/site-packages/airflow/example_dags/example_skip_dag.py took 0.076 seconds
[2023-04-27T05:04:20.295+0000] {processor.py:153} INFO - Started process (PID=577) to work on /home/airflow/.local/lib/python3.7/site-packages/airflow/example_dags/example_skip_dag.py
[2023-04-27T05:04:20.295+0000] {processor.py:743} INFO - Processing file /home/airflow/.local/lib/python3.7/site-packages/airflow/example_dags/example_skip_dag.py for tasks to queue
[2023-04-27T05:04:20.296+0000] {logging_mixin.py:137} INFO - [2023-04-27T05:04:20.296+0000] {dagbag.py:532} INFO - Filling up the DagBag from /home/airflow/.local/lib/python3.7/site-packages/airflow/example_dags/example_skip_dag.py
[2023-04-27T05:04:20.305+0000] {processor.py:753} INFO - DAG(s) dict_keys(['example_skip_dag']) retrieved from /home/airflow/.local/lib/python3.7/site-packages/airflow/example_dags/example_skip_dag.py
[2023-04-27T05:04:20.324+0000] {logging_mixin.py:137} INFO - [2023-04-27T05:04:20.324+0000] {dag.py:2705} INFO - Sync 1 DAGs
[2023-04-27T05:04:20.342+0000] {logging_mixin.py:137} INFO - [2023-04-27T05:04:20.342+0000] {dag.py:3456} INFO - Setting next_dagrun for example_skip_dag to 2023-04-26T05:04:20.341812+00:00, run_after=2023-04-27T05:04:20.341812+00:00
[2023-04-27T05:04:20.356+0000] {processor.py:175} INFO - Processing /home/airflow/.local/lib/python3.7/site-packages/airflow/example_dags/example_skip_dag.py took 0.064 seconds
[2023-04-27T05:04:50.540+0000] {processor.py:153} INFO - Started process (PID=627) to work on /home/airflow/.local/lib/python3.7/site-packages/airflow/example_dags/example_skip_dag.py
[2023-04-27T05:04:50.540+0000] {processor.py:743} INFO - Processing file /home/airflow/.local/lib/python3.7/site-packages/airflow/example_dags/example_skip_dag.py for tasks to queue
[2023-04-27T05:04:50.541+0000] {logging_mixin.py:137} INFO - [2023-04-27T05:04:50.541+0000] {dagbag.py:532} INFO - Filling up the DagBag from /home/airflow/.local/lib/python3.7/site-packages/airflow/example_dags/example_skip_dag.py
[2023-04-27T05:04:50.549+0000] {processor.py:753} INFO - DAG(s) dict_keys(['example_skip_dag']) retrieved from /home/airflow/.local/lib/python3.7/site-packages/airflow/example_dags/example_skip_dag.py
[2023-04-27T05:04:50.564+0000] {logging_mixin.py:137} INFO - [2023-04-27T05:04:50.564+0000] {dag.py:2705} INFO - Sync 1 DAGs
[2023-04-27T05:04:50.578+0000] {logging_mixin.py:137} INFO - [2023-04-27T05:04:50.578+0000] {dag.py:3456} INFO - Setting next_dagrun for example_skip_dag to 2023-04-26T05:04:50.578601+00:00, run_after=2023-04-27T05:04:50.578601+00:00
[2023-04-27T05:04:50.590+0000] {processor.py:175} INFO - Processing /home/airflow/.local/lib/python3.7/site-packages/airflow/example_dags/example_skip_dag.py took 0.052 seconds
[2023-04-27T05:05:20.800+0000] {processor.py:153} INFO - Started process (PID=677) to work on /home/airflow/.local/lib/python3.7/site-packages/airflow/example_dags/example_skip_dag.py
[2023-04-27T05:05:20.800+0000] {processor.py:743} INFO - Processing file /home/airflow/.local/lib/python3.7/site-packages/airflow/example_dags/example_skip_dag.py for tasks to queue
[2023-04-27T05:05:20.801+0000] {logging_mixin.py:137} INFO - [2023-04-27T05:05:20.801+0000] {dagbag.py:532} INFO - Filling up the DagBag from /home/airflow/.local/lib/python3.7/site-packages/airflow/example_dags/example_skip_dag.py
[2023-04-27T05:05:20.814+0000] {processor.py:753} INFO - DAG(s) dict_keys(['example_skip_dag']) retrieved from /home/airflow/.local/lib/python3.7/site-packages/airflow/example_dags/example_skip_dag.py
[2023-04-27T05:05:20.837+0000] {logging_mixin.py:137} INFO - [2023-04-27T05:05:20.837+0000] {dag.py:2705} INFO - Sync 1 DAGs
[2023-04-27T05:05:20.859+0000] {logging_mixin.py:137} INFO - [2023-04-27T05:05:20.858+0000] {dag.py:3456} INFO - Setting next_dagrun for example_skip_dag to 2023-04-26T05:05:20.858767+00:00, run_after=2023-04-27T05:05:20.858767+00:00
[2023-04-27T05:05:20.873+0000] {processor.py:175} INFO - Processing /home/airflow/.local/lib/python3.7/site-packages/airflow/example_dags/example_skip_dag.py took 0.077 seconds
[2023-04-27T05:05:50.932+0000] {processor.py:153} INFO - Started process (PID=727) to work on /home/airflow/.local/lib/python3.7/site-packages/airflow/example_dags/example_skip_dag.py
[2023-04-27T05:05:50.933+0000] {processor.py:743} INFO - Processing file /home/airflow/.local/lib/python3.7/site-packages/airflow/example_dags/example_skip_dag.py for tasks to queue
[2023-04-27T05:05:50.933+0000] {logging_mixin.py:137} INFO - [2023-04-27T05:05:50.933+0000] {dagbag.py:532} INFO - Filling up the DagBag from /home/airflow/.local/lib/python3.7/site-packages/airflow/example_dags/example_skip_dag.py
[2023-04-27T05:05:50.943+0000] {processor.py:753} INFO - DAG(s) dict_keys(['example_skip_dag']) retrieved from /home/airflow/.local/lib/python3.7/site-packages/airflow/example_dags/example_skip_dag.py
[2023-04-27T05:05:50.962+0000] {logging_mixin.py:137} INFO - [2023-04-27T05:05:50.962+0000] {dag.py:2705} INFO - Sync 1 DAGs
[2023-04-27T05:05:50.985+0000] {logging_mixin.py:137} INFO - [2023-04-27T05:05:50.985+0000] {dag.py:3456} INFO - Setting next_dagrun for example_skip_dag to 2023-04-26T05:05:50.984784+00:00, run_after=2023-04-27T05:05:50.984784+00:00
[2023-04-27T05:05:51.003+0000] {processor.py:175} INFO - Processing /home/airflow/.local/lib/python3.7/site-packages/airflow/example_dags/example_skip_dag.py took 0.072 seconds
[2023-04-27T05:06:21.080+0000] {processor.py:153} INFO - Started process (PID=777) to work on /home/airflow/.local/lib/python3.7/site-packages/airflow/example_dags/example_skip_dag.py
[2023-04-27T05:06:21.081+0000] {processor.py:743} INFO - Processing file /home/airflow/.local/lib/python3.7/site-packages/airflow/example_dags/example_skip_dag.py for tasks to queue
[2023-04-27T05:06:21.081+0000] {logging_mixin.py:137} INFO - [2023-04-27T05:06:21.081+0000] {dagbag.py:532} INFO - Filling up the DagBag from /home/airflow/.local/lib/python3.7/site-packages/airflow/example_dags/example_skip_dag.py
[2023-04-27T05:06:21.091+0000] {processor.py:753} INFO - DAG(s) dict_keys(['example_skip_dag']) retrieved from /home/airflow/.local/lib/python3.7/site-packages/airflow/example_dags/example_skip_dag.py
[2023-04-27T05:06:21.110+0000] {logging_mixin.py:137} INFO - [2023-04-27T05:06:21.110+0000] {dag.py:2705} INFO - Sync 1 DAGs
[2023-04-27T05:06:21.128+0000] {logging_mixin.py:137} INFO - [2023-04-27T05:06:21.128+0000] {dag.py:3456} INFO - Setting next_dagrun for example_skip_dag to 2023-04-26T05:06:21.128478+00:00, run_after=2023-04-27T05:06:21.128478+00:00
[2023-04-27T05:06:21.143+0000] {processor.py:175} INFO - Processing /home/airflow/.local/lib/python3.7/site-packages/airflow/example_dags/example_skip_dag.py took 0.065 seconds
[2023-04-27T05:06:51.246+0000] {processor.py:153} INFO - Started process (PID=827) to work on /home/airflow/.local/lib/python3.7/site-packages/airflow/example_dags/example_skip_dag.py
[2023-04-27T05:06:51.246+0000] {processor.py:743} INFO - Processing file /home/airflow/.local/lib/python3.7/site-packages/airflow/example_dags/example_skip_dag.py for tasks to queue
[2023-04-27T05:06:51.247+0000] {logging_mixin.py:137} INFO - [2023-04-27T05:06:51.247+0000] {dagbag.py:532} INFO - Filling up the DagBag from /home/airflow/.local/lib/python3.7/site-packages/airflow/example_dags/example_skip_dag.py
[2023-04-27T05:06:51.257+0000] {processor.py:753} INFO - DAG(s) dict_keys(['example_skip_dag']) retrieved from /home/airflow/.local/lib/python3.7/site-packages/airflow/example_dags/example_skip_dag.py
[2023-04-27T05:06:51.275+0000] {logging_mixin.py:137} INFO - [2023-04-27T05:06:51.275+0000] {dag.py:2705} INFO - Sync 1 DAGs
[2023-04-27T05:06:51.292+0000] {logging_mixin.py:137} INFO - [2023-04-27T05:06:51.292+0000] {dag.py:3456} INFO - Setting next_dagrun for example_skip_dag to 2023-04-26T05:06:51.292618+00:00, run_after=2023-04-27T05:06:51.292618+00:00
[2023-04-27T05:06:51.308+0000] {processor.py:175} INFO - Processing /home/airflow/.local/lib/python3.7/site-packages/airflow/example_dags/example_skip_dag.py took 0.065 seconds
[2023-04-27T05:07:21.627+0000] {processor.py:153} INFO - Started process (PID=877) to work on /home/airflow/.local/lib/python3.7/site-packages/airflow/example_dags/example_skip_dag.py
[2023-04-27T05:07:21.627+0000] {processor.py:743} INFO - Processing file /home/airflow/.local/lib/python3.7/site-packages/airflow/example_dags/example_skip_dag.py for tasks to queue
[2023-04-27T05:07:21.628+0000] {logging_mixin.py:137} INFO - [2023-04-27T05:07:21.628+0000] {dagbag.py:532} INFO - Filling up the DagBag from /home/airflow/.local/lib/python3.7/site-packages/airflow/example_dags/example_skip_dag.py
[2023-04-27T05:07:21.636+0000] {processor.py:753} INFO - DAG(s) dict_keys(['example_skip_dag']) retrieved from /home/airflow/.local/lib/python3.7/site-packages/airflow/example_dags/example_skip_dag.py
[2023-04-27T05:07:21.653+0000] {logging_mixin.py:137} INFO - [2023-04-27T05:07:21.653+0000] {dag.py:2705} INFO - Sync 1 DAGs
[2023-04-27T05:07:21.668+0000] {logging_mixin.py:137} INFO - [2023-04-27T05:07:21.667+0000] {dag.py:3456} INFO - Setting next_dagrun for example_skip_dag to 2023-04-26T05:07:21.667841+00:00, run_after=2023-04-27T05:07:21.667841+00:00
[2023-04-27T05:07:21.680+0000] {processor.py:175} INFO - Processing /home/airflow/.local/lib/python3.7/site-packages/airflow/example_dags/example_skip_dag.py took 0.055 seconds
[2023-04-27T05:07:51.865+0000] {processor.py:153} INFO - Started process (PID=927) to work on /home/airflow/.local/lib/python3.7/site-packages/airflow/example_dags/example_skip_dag.py
[2023-04-27T05:07:51.865+0000] {processor.py:743} INFO - Processing file /home/airflow/.local/lib/python3.7/site-packages/airflow/example_dags/example_skip_dag.py for tasks to queue
[2023-04-27T05:07:51.865+0000] {logging_mixin.py:137} INFO - [2023-04-27T05:07:51.865+0000] {dagbag.py:532} INFO - Filling up the DagBag from /home/airflow/.local/lib/python3.7/site-packages/airflow/example_dags/example_skip_dag.py
[2023-04-27T05:07:51.874+0000] {processor.py:753} INFO - DAG(s) dict_keys(['example_skip_dag']) retrieved from /home/airflow/.local/lib/python3.7/site-packages/airflow/example_dags/example_skip_dag.py
[2023-04-27T05:07:51.893+0000] {logging_mixin.py:137} INFO - [2023-04-27T05:07:51.893+0000] {dag.py:2705} INFO - Sync 1 DAGs
[2023-04-27T05:07:51.907+0000] {logging_mixin.py:137} INFO - [2023-04-27T05:07:51.907+0000] {dag.py:3456} INFO - Setting next_dagrun for example_skip_dag to 2023-04-26T05:07:51.907593+00:00, run_after=2023-04-27T05:07:51.907593+00:00
[2023-04-27T05:07:51.920+0000] {processor.py:175} INFO - Processing /home/airflow/.local/lib/python3.7/site-packages/airflow/example_dags/example_skip_dag.py took 0.058 seconds
[2023-04-27T05:08:22.884+0000] {processor.py:153} INFO - Started process (PID=977) to work on /home/airflow/.local/lib/python3.7/site-packages/airflow/example_dags/example_skip_dag.py
[2023-04-27T05:08:22.885+0000] {processor.py:743} INFO - Processing file /home/airflow/.local/lib/python3.7/site-packages/airflow/example_dags/example_skip_dag.py for tasks to queue
[2023-04-27T05:08:22.885+0000] {logging_mixin.py:137} INFO - [2023-04-27T05:08:22.885+0000] {dagbag.py:532} INFO - Filling up the DagBag from /home/airflow/.local/lib/python3.7/site-packages/airflow/example_dags/example_skip_dag.py
[2023-04-27T05:08:22.895+0000] {processor.py:753} INFO - DAG(s) dict_keys(['example_skip_dag']) retrieved from /home/airflow/.local/lib/python3.7/site-packages/airflow/example_dags/example_skip_dag.py
[2023-04-27T05:08:22.913+0000] {logging_mixin.py:137} INFO - [2023-04-27T05:08:22.913+0000] {dag.py:2705} INFO - Sync 1 DAGs
[2023-04-27T05:08:22.931+0000] {logging_mixin.py:137} INFO - [2023-04-27T05:08:22.931+0000] {dag.py:3456} INFO - Setting next_dagrun for example_skip_dag to 2023-04-26T05:08:22.931163+00:00, run_after=2023-04-27T05:08:22.931163+00:00
[2023-04-27T05:08:22.947+0000] {processor.py:175} INFO - Processing /home/airflow/.local/lib/python3.7/site-packages/airflow/example_dags/example_skip_dag.py took 0.064 seconds
[2023-04-27T05:08:53.147+0000] {processor.py:153} INFO - Started process (PID=1027) to work on /home/airflow/.local/lib/python3.7/site-packages/airflow/example_dags/example_skip_dag.py
[2023-04-27T05:08:53.147+0000] {processor.py:743} INFO - Processing file /home/airflow/.local/lib/python3.7/site-packages/airflow/example_dags/example_skip_dag.py for tasks to queue
[2023-04-27T05:08:53.147+0000] {logging_mixin.py:137} INFO - [2023-04-27T05:08:53.147+0000] {dagbag.py:532} INFO - Filling up the DagBag from /home/airflow/.local/lib/python3.7/site-packages/airflow/example_dags/example_skip_dag.py
[2023-04-27T05:08:53.156+0000] {processor.py:753} INFO - DAG(s) dict_keys(['example_skip_dag']) retrieved from /home/airflow/.local/lib/python3.7/site-packages/airflow/example_dags/example_skip_dag.py
[2023-04-27T05:08:53.175+0000] {logging_mixin.py:137} INFO - [2023-04-27T05:08:53.175+0000] {dag.py:2705} INFO - Sync 1 DAGs
[2023-04-27T05:08:53.189+0000] {logging_mixin.py:137} INFO - [2023-04-27T05:08:53.188+0000] {dag.py:3456} INFO - Setting next_dagrun for example_skip_dag to 2023-04-26T05:08:53.188857+00:00, run_after=2023-04-27T05:08:53.188857+00:00
[2023-04-27T05:08:53.201+0000] {processor.py:175} INFO - Processing /home/airflow/.local/lib/python3.7/site-packages/airflow/example_dags/example_skip_dag.py took 0.056 seconds
[2023-04-27T05:09:23.452+0000] {processor.py:153} INFO - Started process (PID=1077) to work on /home/airflow/.local/lib/python3.7/site-packages/airflow/example_dags/example_skip_dag.py
[2023-04-27T05:09:23.452+0000] {processor.py:743} INFO - Processing file /home/airflow/.local/lib/python3.7/site-packages/airflow/example_dags/example_skip_dag.py for tasks to queue
[2023-04-27T05:09:23.453+0000] {logging_mixin.py:137} INFO - [2023-04-27T05:09:23.453+0000] {dagbag.py:532} INFO - Filling up the DagBag from /home/airflow/.local/lib/python3.7/site-packages/airflow/example_dags/example_skip_dag.py
[2023-04-27T05:09:23.460+0000] {processor.py:753} INFO - DAG(s) dict_keys(['example_skip_dag']) retrieved from /home/airflow/.local/lib/python3.7/site-packages/airflow/example_dags/example_skip_dag.py
[2023-04-27T05:09:23.475+0000] {logging_mixin.py:137} INFO - [2023-04-27T05:09:23.475+0000] {dag.py:2705} INFO - Sync 1 DAGs
[2023-04-27T05:09:23.489+0000] {logging_mixin.py:137} INFO - [2023-04-27T05:09:23.489+0000] {dag.py:3456} INFO - Setting next_dagrun for example_skip_dag to 2023-04-26T05:09:23.489527+00:00, run_after=2023-04-27T05:09:23.489527+00:00
[2023-04-27T05:09:23.503+0000] {processor.py:175} INFO - Processing /home/airflow/.local/lib/python3.7/site-packages/airflow/example_dags/example_skip_dag.py took 0.052 seconds
[2023-04-27T05:09:53.610+0000] {processor.py:153} INFO - Started process (PID=1127) to work on /home/airflow/.local/lib/python3.7/site-packages/airflow/example_dags/example_skip_dag.py
[2023-04-27T05:09:53.611+0000] {processor.py:743} INFO - Processing file /home/airflow/.local/lib/python3.7/site-packages/airflow/example_dags/example_skip_dag.py for tasks to queue
[2023-04-27T05:09:53.611+0000] {logging_mixin.py:137} INFO - [2023-04-27T05:09:53.611+0000] {dagbag.py:532} INFO - Filling up the DagBag from /home/airflow/.local/lib/python3.7/site-packages/airflow/example_dags/example_skip_dag.py
[2023-04-27T05:09:53.622+0000] {processor.py:753} INFO - DAG(s) dict_keys(['example_skip_dag']) retrieved from /home/airflow/.local/lib/python3.7/site-packages/airflow/example_dags/example_skip_dag.py
[2023-04-27T05:09:53.640+0000] {logging_mixin.py:137} INFO - [2023-04-27T05:09:53.640+0000] {dag.py:2705} INFO - Sync 1 DAGs
[2023-04-27T05:09:53.658+0000] {logging_mixin.py:137} INFO - [2023-04-27T05:09:53.658+0000] {dag.py:3456} INFO - Setting next_dagrun for example_skip_dag to 2023-04-26T05:09:53.658284+00:00, run_after=2023-04-27T05:09:53.658284+00:00
[2023-04-27T05:09:53.673+0000] {processor.py:175} INFO - Processing /home/airflow/.local/lib/python3.7/site-packages/airflow/example_dags/example_skip_dag.py took 0.065 seconds
[2023-04-27T05:10:23.833+0000] {processor.py:153} INFO - Started process (PID=1177) to work on /home/airflow/.local/lib/python3.7/site-packages/airflow/example_dags/example_skip_dag.py
[2023-04-27T05:10:23.834+0000] {processor.py:743} INFO - Processing file /home/airflow/.local/lib/python3.7/site-packages/airflow/example_dags/example_skip_dag.py for tasks to queue
[2023-04-27T05:10:23.834+0000] {logging_mixin.py:137} INFO - [2023-04-27T05:10:23.834+0000] {dagbag.py:532} INFO - Filling up the DagBag from /home/airflow/.local/lib/python3.7/site-packages/airflow/example_dags/example_skip_dag.py
[2023-04-27T05:10:23.844+0000] {processor.py:753} INFO - DAG(s) dict_keys(['example_skip_dag']) retrieved from /home/airflow/.local/lib/python3.7/site-packages/airflow/example_dags/example_skip_dag.py
[2023-04-27T05:10:23.862+0000] {logging_mixin.py:137} INFO - [2023-04-27T05:10:23.862+0000] {dag.py:2705} INFO - Sync 1 DAGs
[2023-04-27T05:10:23.882+0000] {logging_mixin.py:137} INFO - [2023-04-27T05:10:23.882+0000] {dag.py:3456} INFO - Setting next_dagrun for example_skip_dag to 2023-04-26T05:10:23.882635+00:00, run_after=2023-04-27T05:10:23.882635+00:00
[2023-04-27T05:10:23.899+0000] {processor.py:175} INFO - Processing /home/airflow/.local/lib/python3.7/site-packages/airflow/example_dags/example_skip_dag.py took 0.068 seconds
[2023-04-27T05:10:54.140+0000] {processor.py:153} INFO - Started process (PID=1226) to work on /home/airflow/.local/lib/python3.7/site-packages/airflow/example_dags/example_skip_dag.py
[2023-04-27T05:10:54.140+0000] {processor.py:743} INFO - Processing file /home/airflow/.local/lib/python3.7/site-packages/airflow/example_dags/example_skip_dag.py for tasks to queue
[2023-04-27T05:10:54.141+0000] {logging_mixin.py:137} INFO - [2023-04-27T05:10:54.141+0000] {dagbag.py:532} INFO - Filling up the DagBag from /home/airflow/.local/lib/python3.7/site-packages/airflow/example_dags/example_skip_dag.py
[2023-04-27T05:10:54.148+0000] {processor.py:753} INFO - DAG(s) dict_keys(['example_skip_dag']) retrieved from /home/airflow/.local/lib/python3.7/site-packages/airflow/example_dags/example_skip_dag.py
[2023-04-27T05:10:54.163+0000] {logging_mixin.py:137} INFO - [2023-04-27T05:10:54.163+0000] {dag.py:2705} INFO - Sync 1 DAGs
[2023-04-27T05:10:54.178+0000] {logging_mixin.py:137} INFO - [2023-04-27T05:10:54.178+0000] {dag.py:3456} INFO - Setting next_dagrun for example_skip_dag to 2023-04-26T05:10:54.177898+00:00, run_after=2023-04-27T05:10:54.177898+00:00
[2023-04-27T05:10:54.189+0000] {processor.py:175} INFO - Processing /home/airflow/.local/lib/python3.7/site-packages/airflow/example_dags/example_skip_dag.py took 0.051 seconds
[2023-04-27T05:11:24.362+0000] {processor.py:153} INFO - Started process (PID=1276) to work on /home/airflow/.local/lib/python3.7/site-packages/airflow/example_dags/example_skip_dag.py
[2023-04-27T05:11:24.362+0000] {processor.py:743} INFO - Processing file /home/airflow/.local/lib/python3.7/site-packages/airflow/example_dags/example_skip_dag.py for tasks to queue
[2023-04-27T05:11:24.362+0000] {logging_mixin.py:137} INFO - [2023-04-27T05:11:24.362+0000] {dagbag.py:532} INFO - Filling up the DagBag from /home/airflow/.local/lib/python3.7/site-packages/airflow/example_dags/example_skip_dag.py
[2023-04-27T05:11:24.371+0000] {processor.py:753} INFO - DAG(s) dict_keys(['example_skip_dag']) retrieved from /home/airflow/.local/lib/python3.7/site-packages/airflow/example_dags/example_skip_dag.py
[2023-04-27T05:11:24.386+0000] {logging_mixin.py:137} INFO - [2023-04-27T05:11:24.386+0000] {dag.py:2705} INFO - Sync 1 DAGs
[2023-04-27T05:11:24.400+0000] {logging_mixin.py:137} INFO - [2023-04-27T05:11:24.400+0000] {dag.py:3456} INFO - Setting next_dagrun for example_skip_dag to 2023-04-26T05:11:24.400529+00:00, run_after=2023-04-27T05:11:24.400529+00:00
[2023-04-27T05:11:24.417+0000] {processor.py:175} INFO - Processing /home/airflow/.local/lib/python3.7/site-packages/airflow/example_dags/example_skip_dag.py took 0.057 seconds
[2023-04-27T05:11:54.545+0000] {processor.py:153} INFO - Started process (PID=1326) to work on /home/airflow/.local/lib/python3.7/site-packages/airflow/example_dags/example_skip_dag.py
[2023-04-27T05:11:54.546+0000] {processor.py:743} INFO - Processing file /home/airflow/.local/lib/python3.7/site-packages/airflow/example_dags/example_skip_dag.py for tasks to queue
[2023-04-27T05:11:54.546+0000] {logging_mixin.py:137} INFO - [2023-04-27T05:11:54.546+0000] {dagbag.py:532} INFO - Filling up the DagBag from /home/airflow/.local/lib/python3.7/site-packages/airflow/example_dags/example_skip_dag.py
[2023-04-27T05:11:54.561+0000] {processor.py:753} INFO - DAG(s) dict_keys(['example_skip_dag']) retrieved from /home/airflow/.local/lib/python3.7/site-packages/airflow/example_dags/example_skip_dag.py
[2023-04-27T05:11:54.611+0000] {logging_mixin.py:137} INFO - [2023-04-27T05:11:54.611+0000] {dag.py:2705} INFO - Sync 1 DAGs
[2023-04-27T05:11:54.637+0000] {logging_mixin.py:137} INFO - [2023-04-27T05:11:54.637+0000] {dag.py:3456} INFO - Setting next_dagrun for example_skip_dag to 2023-04-26T05:11:54.637639+00:00, run_after=2023-04-27T05:11:54.637639+00:00
[2023-04-27T05:11:54.655+0000] {processor.py:175} INFO - Processing /home/airflow/.local/lib/python3.7/site-packages/airflow/example_dags/example_skip_dag.py took 0.112 seconds
[2023-04-27T05:12:24.776+0000] {processor.py:153} INFO - Started process (PID=1376) to work on /home/airflow/.local/lib/python3.7/site-packages/airflow/example_dags/example_skip_dag.py
[2023-04-27T05:12:24.776+0000] {processor.py:743} INFO - Processing file /home/airflow/.local/lib/python3.7/site-packages/airflow/example_dags/example_skip_dag.py for tasks to queue
[2023-04-27T05:12:24.777+0000] {logging_mixin.py:137} INFO - [2023-04-27T05:12:24.777+0000] {dagbag.py:532} INFO - Filling up the DagBag from /home/airflow/.local/lib/python3.7/site-packages/airflow/example_dags/example_skip_dag.py
[2023-04-27T05:12:24.786+0000] {processor.py:753} INFO - DAG(s) dict_keys(['example_skip_dag']) retrieved from /home/airflow/.local/lib/python3.7/site-packages/airflow/example_dags/example_skip_dag.py
[2023-04-27T05:12:24.804+0000] {logging_mixin.py:137} INFO - [2023-04-27T05:12:24.804+0000] {dag.py:2705} INFO - Sync 1 DAGs
[2023-04-27T05:12:24.821+0000] {logging_mixin.py:137} INFO - [2023-04-27T05:12:24.821+0000] {dag.py:3456} INFO - Setting next_dagrun for example_skip_dag to 2023-04-26T05:12:24.821443+00:00, run_after=2023-04-27T05:12:24.821443+00:00
[2023-04-27T05:12:24.837+0000] {processor.py:175} INFO - Processing /home/airflow/.local/lib/python3.7/site-packages/airflow/example_dags/example_skip_dag.py took 0.063 seconds
[2023-04-27T05:12:55.049+0000] {processor.py:153} INFO - Started process (PID=1426) to work on /home/airflow/.local/lib/python3.7/site-packages/airflow/example_dags/example_skip_dag.py
[2023-04-27T05:12:55.049+0000] {processor.py:743} INFO - Processing file /home/airflow/.local/lib/python3.7/site-packages/airflow/example_dags/example_skip_dag.py for tasks to queue
[2023-04-27T05:12:55.050+0000] {logging_mixin.py:137} INFO - [2023-04-27T05:12:55.050+0000] {dagbag.py:532} INFO - Filling up the DagBag from /home/airflow/.local/lib/python3.7/site-packages/airflow/example_dags/example_skip_dag.py
[2023-04-27T05:12:55.058+0000] {processor.py:753} INFO - DAG(s) dict_keys(['example_skip_dag']) retrieved from /home/airflow/.local/lib/python3.7/site-packages/airflow/example_dags/example_skip_dag.py
[2023-04-27T05:12:55.074+0000] {logging_mixin.py:137} INFO - [2023-04-27T05:12:55.073+0000] {dag.py:2705} INFO - Sync 1 DAGs
[2023-04-27T05:12:55.090+0000] {logging_mixin.py:137} INFO - [2023-04-27T05:12:55.090+0000] {dag.py:3456} INFO - Setting next_dagrun for example_skip_dag to 2023-04-26T05:12:55.090139+00:00, run_after=2023-04-27T05:12:55.090139+00:00
[2023-04-27T05:12:55.103+0000] {processor.py:175} INFO - Processing /home/airflow/.local/lib/python3.7/site-packages/airflow/example_dags/example_skip_dag.py took 0.056 seconds
[2023-04-27T05:13:25.472+0000] {processor.py:153} INFO - Started process (PID=1476) to work on /home/airflow/.local/lib/python3.7/site-packages/airflow/example_dags/example_skip_dag.py
[2023-04-27T05:13:25.473+0000] {processor.py:743} INFO - Processing file /home/airflow/.local/lib/python3.7/site-packages/airflow/example_dags/example_skip_dag.py for tasks to queue
[2023-04-27T05:13:25.473+0000] {logging_mixin.py:137} INFO - [2023-04-27T05:13:25.473+0000] {dagbag.py:532} INFO - Filling up the DagBag from /home/airflow/.local/lib/python3.7/site-packages/airflow/example_dags/example_skip_dag.py
[2023-04-27T05:13:25.481+0000] {processor.py:753} INFO - DAG(s) dict_keys(['example_skip_dag']) retrieved from /home/airflow/.local/lib/python3.7/site-packages/airflow/example_dags/example_skip_dag.py
[2023-04-27T05:13:25.496+0000] {logging_mixin.py:137} INFO - [2023-04-27T05:13:25.496+0000] {dag.py:2705} INFO - Sync 1 DAGs
[2023-04-27T05:13:25.511+0000] {logging_mixin.py:137} INFO - [2023-04-27T05:13:25.511+0000] {dag.py:3456} INFO - Setting next_dagrun for example_skip_dag to 2023-04-26T05:13:25.511140+00:00, run_after=2023-04-27T05:13:25.511140+00:00
[2023-04-27T05:13:25.537+0000] {processor.py:175} INFO - Processing /home/airflow/.local/lib/python3.7/site-packages/airflow/example_dags/example_skip_dag.py took 0.066 seconds
[2023-04-27T05:13:55.698+0000] {processor.py:153} INFO - Started process (PID=1526) to work on /home/airflow/.local/lib/python3.7/site-packages/airflow/example_dags/example_skip_dag.py
[2023-04-27T05:13:55.699+0000] {processor.py:743} INFO - Processing file /home/airflow/.local/lib/python3.7/site-packages/airflow/example_dags/example_skip_dag.py for tasks to queue
[2023-04-27T05:13:55.699+0000] {logging_mixin.py:137} INFO - [2023-04-27T05:13:55.699+0000] {dagbag.py:532} INFO - Filling up the DagBag from /home/airflow/.local/lib/python3.7/site-packages/airflow/example_dags/example_skip_dag.py
[2023-04-27T05:13:55.708+0000] {processor.py:753} INFO - DAG(s) dict_keys(['example_skip_dag']) retrieved from /home/airflow/.local/lib/python3.7/site-packages/airflow/example_dags/example_skip_dag.py
[2023-04-27T05:13:55.727+0000] {logging_mixin.py:137} INFO - [2023-04-27T05:13:55.727+0000] {dag.py:2705} INFO - Sync 1 DAGs
[2023-04-27T05:13:55.745+0000] {logging_mixin.py:137} INFO - [2023-04-27T05:13:55.745+0000] {dag.py:3456} INFO - Setting next_dagrun for example_skip_dag to 2023-04-26T05:13:55.745235+00:00, run_after=2023-04-27T05:13:55.745235+00:00
[2023-04-27T05:13:55.759+0000] {processor.py:175} INFO - Processing /home/airflow/.local/lib/python3.7/site-packages/airflow/example_dags/example_skip_dag.py took 0.064 seconds
[2023-04-27T05:14:25.960+0000] {processor.py:153} INFO - Started process (PID=1576) to work on /home/airflow/.local/lib/python3.7/site-packages/airflow/example_dags/example_skip_dag.py
[2023-04-27T05:14:25.960+0000] {processor.py:743} INFO - Processing file /home/airflow/.local/lib/python3.7/site-packages/airflow/example_dags/example_skip_dag.py for tasks to queue
[2023-04-27T05:14:25.961+0000] {logging_mixin.py:137} INFO - [2023-04-27T05:14:25.961+0000] {dagbag.py:532} INFO - Filling up the DagBag from /home/airflow/.local/lib/python3.7/site-packages/airflow/example_dags/example_skip_dag.py
[2023-04-27T05:14:25.972+0000] {processor.py:753} INFO - DAG(s) dict_keys(['example_skip_dag']) retrieved from /home/airflow/.local/lib/python3.7/site-packages/airflow/example_dags/example_skip_dag.py
[2023-04-27T05:14:25.993+0000] {logging_mixin.py:137} INFO - [2023-04-27T05:14:25.993+0000] {dag.py:2705} INFO - Sync 1 DAGs
[2023-04-27T05:14:26.014+0000] {logging_mixin.py:137} INFO - [2023-04-27T05:14:26.014+0000] {dag.py:3456} INFO - Setting next_dagrun for example_skip_dag to 2023-04-26T05:14:26.014654+00:00, run_after=2023-04-27T05:14:26.014654+00:00
[2023-04-27T05:14:26.038+0000] {processor.py:175} INFO - Processing /home/airflow/.local/lib/python3.7/site-packages/airflow/example_dags/example_skip_dag.py took 0.080 seconds
[2023-04-27T05:14:56.108+0000] {processor.py:153} INFO - Started process (PID=1625) to work on /home/airflow/.local/lib/python3.7/site-packages/airflow/example_dags/example_skip_dag.py
[2023-04-27T05:14:56.108+0000] {processor.py:743} INFO - Processing file /home/airflow/.local/lib/python3.7/site-packages/airflow/example_dags/example_skip_dag.py for tasks to queue
[2023-04-27T05:14:56.109+0000] {logging_mixin.py:137} INFO - [2023-04-27T05:14:56.109+0000] {dagbag.py:532} INFO - Filling up the DagBag from /home/airflow/.local/lib/python3.7/site-packages/airflow/example_dags/example_skip_dag.py
[2023-04-27T05:14:56.120+0000] {processor.py:753} INFO - DAG(s) dict_keys(['example_skip_dag']) retrieved from /home/airflow/.local/lib/python3.7/site-packages/airflow/example_dags/example_skip_dag.py
[2023-04-27T05:14:56.145+0000] {logging_mixin.py:137} INFO - [2023-04-27T05:14:56.145+0000] {dag.py:2705} INFO - Sync 1 DAGs
[2023-04-27T05:14:56.172+0000] {logging_mixin.py:137} INFO - [2023-04-27T05:14:56.172+0000] {dag.py:3456} INFO - Setting next_dagrun for example_skip_dag to 2023-04-26T05:14:56.172427+00:00, run_after=2023-04-27T05:14:56.172427+00:00
[2023-04-27T05:14:56.195+0000] {processor.py:175} INFO - Processing /home/airflow/.local/lib/python3.7/site-packages/airflow/example_dags/example_skip_dag.py took 0.090 seconds
