[2023-04-27T04:59:15.105+0000] {processor.py:153} INFO - Started process (PID=71) to work on /home/airflow/.local/lib/python3.7/site-packages/airflow/example_dags/example_dag_decorator.py
[2023-04-27T04:59:15.106+0000] {processor.py:743} INFO - Processing file /home/airflow/.local/lib/python3.7/site-packages/airflow/example_dags/example_dag_decorator.py for tasks to queue
[2023-04-27T04:59:15.106+0000] {logging_mixin.py:137} INFO - [2023-04-27T04:59:15.106+0000] {dagbag.py:532} INFO - Filling up the DagBag from /home/airflow/.local/lib/python3.7/site-packages/airflow/example_dags/example_dag_decorator.py
[2023-04-27T04:59:15.123+0000] {logging_mixin.py:137} INFO - [2023-04-27T04:59:15.123+0000] {taskmixin.py:211} WARNING - Dependency <Task(_PythonDecoratedOperator): prepare_email>, send_email already registered for DAG: example_dag_decorator
[2023-04-27T04:59:15.123+0000] {logging_mixin.py:137} INFO - [2023-04-27T04:59:15.123+0000] {taskmixin.py:211} WARNING - Dependency <Task(EmailOperator): send_email>, prepare_email already registered for DAG: example_dag_decorator
[2023-04-27T04:59:15.136+0000] {processor.py:753} INFO - DAG(s) dict_keys(['example_dag_decorator']) retrieved from /home/airflow/.local/lib/python3.7/site-packages/airflow/example_dags/example_dag_decorator.py
[2023-04-27T04:59:15.145+0000] {logging_mixin.py:137} INFO - [2023-04-27T04:59:15.145+0000] {dag.py:2705} INFO - Sync 1 DAGs
[2023-04-27T04:59:15.166+0000] {logging_mixin.py:137} INFO - [2023-04-27T04:59:15.166+0000] {dag.py:3456} INFO - Setting next_dagrun for example_dag_decorator to None, run_after=None
[2023-04-27T04:59:15.185+0000] {processor.py:175} INFO - Processing /home/airflow/.local/lib/python3.7/site-packages/airflow/example_dags/example_dag_decorator.py took 0.082 seconds
[2023-04-27T04:59:45.882+0000] {processor.py:153} INFO - Started process (PID=120) to work on /home/airflow/.local/lib/python3.7/site-packages/airflow/example_dags/example_dag_decorator.py
[2023-04-27T04:59:45.883+0000] {processor.py:743} INFO - Processing file /home/airflow/.local/lib/python3.7/site-packages/airflow/example_dags/example_dag_decorator.py for tasks to queue
[2023-04-27T04:59:45.883+0000] {logging_mixin.py:137} INFO - [2023-04-27T04:59:45.883+0000] {dagbag.py:532} INFO - Filling up the DagBag from /home/airflow/.local/lib/python3.7/site-packages/airflow/example_dags/example_dag_decorator.py
[2023-04-27T04:59:45.896+0000] {logging_mixin.py:137} INFO - [2023-04-27T04:59:45.895+0000] {taskmixin.py:211} WARNING - Dependency <Task(_PythonDecoratedOperator): prepare_email>, send_email already registered for DAG: example_dag_decorator
[2023-04-27T04:59:45.896+0000] {logging_mixin.py:137} INFO - [2023-04-27T04:59:45.896+0000] {taskmixin.py:211} WARNING - Dependency <Task(EmailOperator): send_email>, prepare_email already registered for DAG: example_dag_decorator
[2023-04-27T04:59:45.905+0000] {processor.py:753} INFO - DAG(s) dict_keys(['example_dag_decorator']) retrieved from /home/airflow/.local/lib/python3.7/site-packages/airflow/example_dags/example_dag_decorator.py
[2023-04-27T04:59:45.960+0000] {logging_mixin.py:137} INFO - [2023-04-27T04:59:45.960+0000] {dag.py:2705} INFO - Sync 1 DAGs
[2023-04-27T04:59:45.979+0000] {logging_mixin.py:137} INFO - [2023-04-27T04:59:45.979+0000] {dag.py:3456} INFO - Setting next_dagrun for example_dag_decorator to None, run_after=None
[2023-04-27T04:59:45.999+0000] {processor.py:175} INFO - Processing /home/airflow/.local/lib/python3.7/site-packages/airflow/example_dags/example_dag_decorator.py took 0.120 seconds
[2023-04-27T05:00:16.950+0000] {processor.py:153} INFO - Started process (PID=170) to work on /home/airflow/.local/lib/python3.7/site-packages/airflow/example_dags/example_dag_decorator.py
[2023-04-27T05:00:16.960+0000] {processor.py:743} INFO - Processing file /home/airflow/.local/lib/python3.7/site-packages/airflow/example_dags/example_dag_decorator.py for tasks to queue
[2023-04-27T05:00:16.961+0000] {logging_mixin.py:137} INFO - [2023-04-27T05:00:16.961+0000] {dagbag.py:532} INFO - Filling up the DagBag from /home/airflow/.local/lib/python3.7/site-packages/airflow/example_dags/example_dag_decorator.py
[2023-04-27T05:00:16.975+0000] {logging_mixin.py:137} INFO - [2023-04-27T05:00:16.975+0000] {taskmixin.py:211} WARNING - Dependency <Task(_PythonDecoratedOperator): prepare_email>, send_email already registered for DAG: example_dag_decorator
[2023-04-27T05:00:16.976+0000] {logging_mixin.py:137} INFO - [2023-04-27T05:00:16.976+0000] {taskmixin.py:211} WARNING - Dependency <Task(EmailOperator): send_email>, prepare_email already registered for DAG: example_dag_decorator
[2023-04-27T05:00:16.984+0000] {processor.py:753} INFO - DAG(s) dict_keys(['example_dag_decorator']) retrieved from /home/airflow/.local/lib/python3.7/site-packages/airflow/example_dags/example_dag_decorator.py
[2023-04-27T05:00:17.035+0000] {logging_mixin.py:137} INFO - [2023-04-27T05:00:17.035+0000] {dag.py:2705} INFO - Sync 1 DAGs
[2023-04-27T05:00:17.053+0000] {logging_mixin.py:137} INFO - [2023-04-27T05:00:17.052+0000] {dag.py:3456} INFO - Setting next_dagrun for example_dag_decorator to None, run_after=None
[2023-04-27T05:00:17.069+0000] {processor.py:175} INFO - Processing /home/airflow/.local/lib/python3.7/site-packages/airflow/example_dags/example_dag_decorator.py took 0.120 seconds
[2023-04-27T05:00:47.192+0000] {processor.py:153} INFO - Started process (PID=220) to work on /home/airflow/.local/lib/python3.7/site-packages/airflow/example_dags/example_dag_decorator.py
[2023-04-27T05:00:47.193+0000] {processor.py:743} INFO - Processing file /home/airflow/.local/lib/python3.7/site-packages/airflow/example_dags/example_dag_decorator.py for tasks to queue
[2023-04-27T05:00:47.193+0000] {logging_mixin.py:137} INFO - [2023-04-27T05:00:47.193+0000] {dagbag.py:532} INFO - Filling up the DagBag from /home/airflow/.local/lib/python3.7/site-packages/airflow/example_dags/example_dag_decorator.py
[2023-04-27T05:00:47.207+0000] {logging_mixin.py:137} INFO - [2023-04-27T05:00:47.207+0000] {taskmixin.py:211} WARNING - Dependency <Task(_PythonDecoratedOperator): prepare_email>, send_email already registered for DAG: example_dag_decorator
[2023-04-27T05:00:47.207+0000] {logging_mixin.py:137} INFO - [2023-04-27T05:00:47.207+0000] {taskmixin.py:211} WARNING - Dependency <Task(EmailOperator): send_email>, prepare_email already registered for DAG: example_dag_decorator
[2023-04-27T05:00:47.215+0000] {processor.py:753} INFO - DAG(s) dict_keys(['example_dag_decorator']) retrieved from /home/airflow/.local/lib/python3.7/site-packages/airflow/example_dags/example_dag_decorator.py
[2023-04-27T05:00:47.268+0000] {logging_mixin.py:137} INFO - [2023-04-27T05:00:47.267+0000] {dag.py:2705} INFO - Sync 1 DAGs
[2023-04-27T05:00:47.318+0000] {logging_mixin.py:137} INFO - [2023-04-27T05:00:47.318+0000] {dag.py:3456} INFO - Setting next_dagrun for example_dag_decorator to None, run_after=None
[2023-04-27T05:00:47.351+0000] {processor.py:175} INFO - Processing /home/airflow/.local/lib/python3.7/site-packages/airflow/example_dags/example_dag_decorator.py took 0.161 seconds
[2023-04-27T05:01:17.438+0000] {processor.py:153} INFO - Started process (PID=271) to work on /home/airflow/.local/lib/python3.7/site-packages/airflow/example_dags/example_dag_decorator.py
[2023-04-27T05:01:17.438+0000] {processor.py:743} INFO - Processing file /home/airflow/.local/lib/python3.7/site-packages/airflow/example_dags/example_dag_decorator.py for tasks to queue
[2023-04-27T05:01:17.439+0000] {logging_mixin.py:137} INFO - [2023-04-27T05:01:17.439+0000] {dagbag.py:532} INFO - Filling up the DagBag from /home/airflow/.local/lib/python3.7/site-packages/airflow/example_dags/example_dag_decorator.py
[2023-04-27T05:01:17.459+0000] {logging_mixin.py:137} INFO - [2023-04-27T05:01:17.459+0000] {taskmixin.py:211} WARNING - Dependency <Task(_PythonDecoratedOperator): prepare_email>, send_email already registered for DAG: example_dag_decorator
[2023-04-27T05:01:17.459+0000] {logging_mixin.py:137} INFO - [2023-04-27T05:01:17.459+0000] {taskmixin.py:211} WARNING - Dependency <Task(EmailOperator): send_email>, prepare_email already registered for DAG: example_dag_decorator
[2023-04-27T05:01:17.471+0000] {processor.py:753} INFO - DAG(s) dict_keys(['example_dag_decorator']) retrieved from /home/airflow/.local/lib/python3.7/site-packages/airflow/example_dags/example_dag_decorator.py
[2023-04-27T05:01:17.481+0000] {logging_mixin.py:137} INFO - [2023-04-27T05:01:17.481+0000] {dag.py:2705} INFO - Sync 1 DAGs
[2023-04-27T05:01:17.507+0000] {logging_mixin.py:137} INFO - [2023-04-27T05:01:17.507+0000] {dag.py:3456} INFO - Setting next_dagrun for example_dag_decorator to None, run_after=None
[2023-04-27T05:01:17.532+0000] {processor.py:175} INFO - Processing /home/airflow/.local/lib/python3.7/site-packages/airflow/example_dags/example_dag_decorator.py took 0.099 seconds
[2023-04-27T05:01:47.710+0000] {processor.py:153} INFO - Started process (PID=319) to work on /home/airflow/.local/lib/python3.7/site-packages/airflow/example_dags/example_dag_decorator.py
[2023-04-27T05:01:47.720+0000] {processor.py:743} INFO - Processing file /home/airflow/.local/lib/python3.7/site-packages/airflow/example_dags/example_dag_decorator.py for tasks to queue
[2023-04-27T05:01:47.721+0000] {logging_mixin.py:137} INFO - [2023-04-27T05:01:47.720+0000] {dagbag.py:532} INFO - Filling up the DagBag from /home/airflow/.local/lib/python3.7/site-packages/airflow/example_dags/example_dag_decorator.py
[2023-04-27T05:01:47.735+0000] {logging_mixin.py:137} INFO - [2023-04-27T05:01:47.735+0000] {taskmixin.py:211} WARNING - Dependency <Task(_PythonDecoratedOperator): prepare_email>, send_email already registered for DAG: example_dag_decorator
[2023-04-27T05:01:47.735+0000] {logging_mixin.py:137} INFO - [2023-04-27T05:01:47.735+0000] {taskmixin.py:211} WARNING - Dependency <Task(EmailOperator): send_email>, prepare_email already registered for DAG: example_dag_decorator
[2023-04-27T05:01:47.743+0000] {processor.py:753} INFO - DAG(s) dict_keys(['example_dag_decorator']) retrieved from /home/airflow/.local/lib/python3.7/site-packages/airflow/example_dags/example_dag_decorator.py
[2023-04-27T05:01:47.793+0000] {logging_mixin.py:137} INFO - [2023-04-27T05:01:47.793+0000] {dag.py:2705} INFO - Sync 1 DAGs
[2023-04-27T05:01:47.810+0000] {logging_mixin.py:137} INFO - [2023-04-27T05:01:47.810+0000] {dag.py:3456} INFO - Setting next_dagrun for example_dag_decorator to None, run_after=None
[2023-04-27T05:01:47.830+0000] {processor.py:175} INFO - Processing /home/airflow/.local/lib/python3.7/site-packages/airflow/example_dags/example_dag_decorator.py took 0.122 seconds
[2023-04-27T05:02:18.184+0000] {processor.py:153} INFO - Started process (PID=369) to work on /home/airflow/.local/lib/python3.7/site-packages/airflow/example_dags/example_dag_decorator.py
[2023-04-27T05:02:18.193+0000] {processor.py:743} INFO - Processing file /home/airflow/.local/lib/python3.7/site-packages/airflow/example_dags/example_dag_decorator.py for tasks to queue
[2023-04-27T05:02:18.194+0000] {logging_mixin.py:137} INFO - [2023-04-27T05:02:18.194+0000] {dagbag.py:532} INFO - Filling up the DagBag from /home/airflow/.local/lib/python3.7/site-packages/airflow/example_dags/example_dag_decorator.py
[2023-04-27T05:02:18.211+0000] {logging_mixin.py:137} INFO - [2023-04-27T05:02:18.211+0000] {taskmixin.py:211} WARNING - Dependency <Task(_PythonDecoratedOperator): prepare_email>, send_email already registered for DAG: example_dag_decorator
[2023-04-27T05:02:18.211+0000] {logging_mixin.py:137} INFO - [2023-04-27T05:02:18.211+0000] {taskmixin.py:211} WARNING - Dependency <Task(EmailOperator): send_email>, prepare_email already registered for DAG: example_dag_decorator
[2023-04-27T05:02:18.221+0000] {processor.py:753} INFO - DAG(s) dict_keys(['example_dag_decorator']) retrieved from /home/airflow/.local/lib/python3.7/site-packages/airflow/example_dags/example_dag_decorator.py
[2023-04-27T05:02:18.274+0000] {logging_mixin.py:137} INFO - [2023-04-27T05:02:18.274+0000] {dag.py:2705} INFO - Sync 1 DAGs
[2023-04-27T05:02:18.292+0000] {logging_mixin.py:137} INFO - [2023-04-27T05:02:18.292+0000] {dag.py:3456} INFO - Setting next_dagrun for example_dag_decorator to None, run_after=None
[2023-04-27T05:02:18.308+0000] {processor.py:175} INFO - Processing /home/airflow/.local/lib/python3.7/site-packages/airflow/example_dags/example_dag_decorator.py took 0.126 seconds
[2023-04-27T05:02:48.807+0000] {processor.py:153} INFO - Started process (PID=419) to work on /home/airflow/.local/lib/python3.7/site-packages/airflow/example_dags/example_dag_decorator.py
[2023-04-27T05:02:48.816+0000] {processor.py:743} INFO - Processing file /home/airflow/.local/lib/python3.7/site-packages/airflow/example_dags/example_dag_decorator.py for tasks to queue
[2023-04-27T05:02:48.816+0000] {logging_mixin.py:137} INFO - [2023-04-27T05:02:48.816+0000] {dagbag.py:532} INFO - Filling up the DagBag from /home/airflow/.local/lib/python3.7/site-packages/airflow/example_dags/example_dag_decorator.py
[2023-04-27T05:02:48.831+0000] {logging_mixin.py:137} INFO - [2023-04-27T05:02:48.831+0000] {taskmixin.py:211} WARNING - Dependency <Task(_PythonDecoratedOperator): prepare_email>, send_email already registered for DAG: example_dag_decorator
[2023-04-27T05:02:48.832+0000] {logging_mixin.py:137} INFO - [2023-04-27T05:02:48.832+0000] {taskmixin.py:211} WARNING - Dependency <Task(EmailOperator): send_email>, prepare_email already registered for DAG: example_dag_decorator
[2023-04-27T05:02:48.842+0000] {processor.py:753} INFO - DAG(s) dict_keys(['example_dag_decorator']) retrieved from /home/airflow/.local/lib/python3.7/site-packages/airflow/example_dags/example_dag_decorator.py
[2023-04-27T05:02:48.902+0000] {logging_mixin.py:137} INFO - [2023-04-27T05:02:48.902+0000] {dag.py:2705} INFO - Sync 1 DAGs
[2023-04-27T05:02:48.923+0000] {logging_mixin.py:137} INFO - [2023-04-27T05:02:48.923+0000] {dag.py:3456} INFO - Setting next_dagrun for example_dag_decorator to None, run_after=None
[2023-04-27T05:02:48.943+0000] {processor.py:175} INFO - Processing /home/airflow/.local/lib/python3.7/site-packages/airflow/example_dags/example_dag_decorator.py took 0.138 seconds
[2023-04-27T05:03:19.113+0000] {processor.py:153} INFO - Started process (PID=469) to work on /home/airflow/.local/lib/python3.7/site-packages/airflow/example_dags/example_dag_decorator.py
[2023-04-27T05:03:19.114+0000] {processor.py:743} INFO - Processing file /home/airflow/.local/lib/python3.7/site-packages/airflow/example_dags/example_dag_decorator.py for tasks to queue
[2023-04-27T05:03:19.114+0000] {logging_mixin.py:137} INFO - [2023-04-27T05:03:19.114+0000] {dagbag.py:532} INFO - Filling up the DagBag from /home/airflow/.local/lib/python3.7/site-packages/airflow/example_dags/example_dag_decorator.py
[2023-04-27T05:03:19.128+0000] {logging_mixin.py:137} INFO - [2023-04-27T05:03:19.128+0000] {taskmixin.py:211} WARNING - Dependency <Task(_PythonDecoratedOperator): prepare_email>, send_email already registered for DAG: example_dag_decorator
[2023-04-27T05:03:19.128+0000] {logging_mixin.py:137} INFO - [2023-04-27T05:03:19.128+0000] {taskmixin.py:211} WARNING - Dependency <Task(EmailOperator): send_email>, prepare_email already registered for DAG: example_dag_decorator
[2023-04-27T05:03:19.139+0000] {processor.py:753} INFO - DAG(s) dict_keys(['example_dag_decorator']) retrieved from /home/airflow/.local/lib/python3.7/site-packages/airflow/example_dags/example_dag_decorator.py
[2023-04-27T05:03:19.227+0000] {logging_mixin.py:137} INFO - [2023-04-27T05:03:19.227+0000] {dag.py:2705} INFO - Sync 1 DAGs
[2023-04-27T05:03:19.280+0000] {logging_mixin.py:137} INFO - [2023-04-27T05:03:19.280+0000] {dag.py:3456} INFO - Setting next_dagrun for example_dag_decorator to None, run_after=None
[2023-04-27T05:03:19.314+0000] {processor.py:175} INFO - Processing /home/airflow/.local/lib/python3.7/site-packages/airflow/example_dags/example_dag_decorator.py took 0.204 seconds
[2023-04-27T05:03:49.477+0000] {processor.py:153} INFO - Started process (PID=519) to work on /home/airflow/.local/lib/python3.7/site-packages/airflow/example_dags/example_dag_decorator.py
[2023-04-27T05:03:49.478+0000] {processor.py:743} INFO - Processing file /home/airflow/.local/lib/python3.7/site-packages/airflow/example_dags/example_dag_decorator.py for tasks to queue
[2023-04-27T05:03:49.478+0000] {logging_mixin.py:137} INFO - [2023-04-27T05:03:49.478+0000] {dagbag.py:532} INFO - Filling up the DagBag from /home/airflow/.local/lib/python3.7/site-packages/airflow/example_dags/example_dag_decorator.py
[2023-04-27T05:03:49.490+0000] {logging_mixin.py:137} INFO - [2023-04-27T05:03:49.490+0000] {taskmixin.py:211} WARNING - Dependency <Task(_PythonDecoratedOperator): prepare_email>, send_email already registered for DAG: example_dag_decorator
[2023-04-27T05:03:49.490+0000] {logging_mixin.py:137} INFO - [2023-04-27T05:03:49.490+0000] {taskmixin.py:211} WARNING - Dependency <Task(EmailOperator): send_email>, prepare_email already registered for DAG: example_dag_decorator
[2023-04-27T05:03:49.498+0000] {processor.py:753} INFO - DAG(s) dict_keys(['example_dag_decorator']) retrieved from /home/airflow/.local/lib/python3.7/site-packages/airflow/example_dags/example_dag_decorator.py
[2023-04-27T05:03:49.549+0000] {logging_mixin.py:137} INFO - [2023-04-27T05:03:49.548+0000] {dag.py:2705} INFO - Sync 1 DAGs
[2023-04-27T05:03:49.565+0000] {logging_mixin.py:137} INFO - [2023-04-27T05:03:49.565+0000] {dag.py:3456} INFO - Setting next_dagrun for example_dag_decorator to None, run_after=None
[2023-04-27T05:03:49.583+0000] {processor.py:175} INFO - Processing /home/airflow/.local/lib/python3.7/site-packages/airflow/example_dags/example_dag_decorator.py took 0.109 seconds
[2023-04-27T05:04:19.833+0000] {processor.py:153} INFO - Started process (PID=568) to work on /home/airflow/.local/lib/python3.7/site-packages/airflow/example_dags/example_dag_decorator.py
[2023-04-27T05:04:19.842+0000] {processor.py:743} INFO - Processing file /home/airflow/.local/lib/python3.7/site-packages/airflow/example_dags/example_dag_decorator.py for tasks to queue
[2023-04-27T05:04:19.843+0000] {logging_mixin.py:137} INFO - [2023-04-27T05:04:19.843+0000] {dagbag.py:532} INFO - Filling up the DagBag from /home/airflow/.local/lib/python3.7/site-packages/airflow/example_dags/example_dag_decorator.py
[2023-04-27T05:04:19.856+0000] {logging_mixin.py:137} INFO - [2023-04-27T05:04:19.856+0000] {taskmixin.py:211} WARNING - Dependency <Task(_PythonDecoratedOperator): prepare_email>, send_email already registered for DAG: example_dag_decorator
[2023-04-27T05:04:19.856+0000] {logging_mixin.py:137} INFO - [2023-04-27T05:04:19.856+0000] {taskmixin.py:211} WARNING - Dependency <Task(EmailOperator): send_email>, prepare_email already registered for DAG: example_dag_decorator
[2023-04-27T05:04:19.865+0000] {processor.py:753} INFO - DAG(s) dict_keys(['example_dag_decorator']) retrieved from /home/airflow/.local/lib/python3.7/site-packages/airflow/example_dags/example_dag_decorator.py
[2023-04-27T05:04:19.919+0000] {logging_mixin.py:137} INFO - [2023-04-27T05:04:19.918+0000] {dag.py:2705} INFO - Sync 1 DAGs
[2023-04-27T05:04:19.936+0000] {logging_mixin.py:137} INFO - [2023-04-27T05:04:19.936+0000] {dag.py:3456} INFO - Setting next_dagrun for example_dag_decorator to None, run_after=None
[2023-04-27T05:04:19.952+0000] {processor.py:175} INFO - Processing /home/airflow/.local/lib/python3.7/site-packages/airflow/example_dags/example_dag_decorator.py took 0.121 seconds
[2023-04-27T05:04:50.046+0000] {processor.py:153} INFO - Started process (PID=618) to work on /home/airflow/.local/lib/python3.7/site-packages/airflow/example_dags/example_dag_decorator.py
[2023-04-27T05:04:50.056+0000] {processor.py:743} INFO - Processing file /home/airflow/.local/lib/python3.7/site-packages/airflow/example_dags/example_dag_decorator.py for tasks to queue
[2023-04-27T05:04:50.057+0000] {logging_mixin.py:137} INFO - [2023-04-27T05:04:50.057+0000] {dagbag.py:532} INFO - Filling up the DagBag from /home/airflow/.local/lib/python3.7/site-packages/airflow/example_dags/example_dag_decorator.py
[2023-04-27T05:04:50.070+0000] {logging_mixin.py:137} INFO - [2023-04-27T05:04:50.070+0000] {taskmixin.py:211} WARNING - Dependency <Task(_PythonDecoratedOperator): prepare_email>, send_email already registered for DAG: example_dag_decorator
[2023-04-27T05:04:50.070+0000] {logging_mixin.py:137} INFO - [2023-04-27T05:04:50.070+0000] {taskmixin.py:211} WARNING - Dependency <Task(EmailOperator): send_email>, prepare_email already registered for DAG: example_dag_decorator
[2023-04-27T05:04:50.078+0000] {processor.py:753} INFO - DAG(s) dict_keys(['example_dag_decorator']) retrieved from /home/airflow/.local/lib/python3.7/site-packages/airflow/example_dags/example_dag_decorator.py
[2023-04-27T05:04:50.129+0000] {logging_mixin.py:137} INFO - [2023-04-27T05:04:50.129+0000] {dag.py:2705} INFO - Sync 1 DAGs
[2023-04-27T05:04:50.146+0000] {logging_mixin.py:137} INFO - [2023-04-27T05:04:50.146+0000] {dag.py:3456} INFO - Setting next_dagrun for example_dag_decorator to None, run_after=None
[2023-04-27T05:04:50.162+0000] {processor.py:175} INFO - Processing /home/airflow/.local/lib/python3.7/site-packages/airflow/example_dags/example_dag_decorator.py took 0.117 seconds
[2023-04-27T05:05:20.283+0000] {processor.py:153} INFO - Started process (PID=668) to work on /home/airflow/.local/lib/python3.7/site-packages/airflow/example_dags/example_dag_decorator.py
[2023-04-27T05:05:20.283+0000] {processor.py:743} INFO - Processing file /home/airflow/.local/lib/python3.7/site-packages/airflow/example_dags/example_dag_decorator.py for tasks to queue
[2023-04-27T05:05:20.283+0000] {logging_mixin.py:137} INFO - [2023-04-27T05:05:20.283+0000] {dagbag.py:532} INFO - Filling up the DagBag from /home/airflow/.local/lib/python3.7/site-packages/airflow/example_dags/example_dag_decorator.py
[2023-04-27T05:05:20.297+0000] {logging_mixin.py:137} INFO - [2023-04-27T05:05:20.297+0000] {taskmixin.py:211} WARNING - Dependency <Task(_PythonDecoratedOperator): prepare_email>, send_email already registered for DAG: example_dag_decorator
[2023-04-27T05:05:20.297+0000] {logging_mixin.py:137} INFO - [2023-04-27T05:05:20.297+0000] {taskmixin.py:211} WARNING - Dependency <Task(EmailOperator): send_email>, prepare_email already registered for DAG: example_dag_decorator
[2023-04-27T05:05:20.305+0000] {processor.py:753} INFO - DAG(s) dict_keys(['example_dag_decorator']) retrieved from /home/airflow/.local/lib/python3.7/site-packages/airflow/example_dags/example_dag_decorator.py
[2023-04-27T05:05:20.357+0000] {logging_mixin.py:137} INFO - [2023-04-27T05:05:20.357+0000] {dag.py:2705} INFO - Sync 1 DAGs
[2023-04-27T05:05:20.375+0000] {logging_mixin.py:137} INFO - [2023-04-27T05:05:20.375+0000] {dag.py:3456} INFO - Setting next_dagrun for example_dag_decorator to None, run_after=None
[2023-04-27T05:05:20.391+0000] {processor.py:175} INFO - Processing /home/airflow/.local/lib/python3.7/site-packages/airflow/example_dags/example_dag_decorator.py took 0.110 seconds
[2023-04-27T05:05:50.441+0000] {processor.py:153} INFO - Started process (PID=718) to work on /home/airflow/.local/lib/python3.7/site-packages/airflow/example_dags/example_dag_decorator.py
[2023-04-27T05:05:50.450+0000] {processor.py:743} INFO - Processing file /home/airflow/.local/lib/python3.7/site-packages/airflow/example_dags/example_dag_decorator.py for tasks to queue
[2023-04-27T05:05:50.450+0000] {logging_mixin.py:137} INFO - [2023-04-27T05:05:50.450+0000] {dagbag.py:532} INFO - Filling up the DagBag from /home/airflow/.local/lib/python3.7/site-packages/airflow/example_dags/example_dag_decorator.py
[2023-04-27T05:05:50.463+0000] {logging_mixin.py:137} INFO - [2023-04-27T05:05:50.463+0000] {taskmixin.py:211} WARNING - Dependency <Task(_PythonDecoratedOperator): prepare_email>, send_email already registered for DAG: example_dag_decorator
[2023-04-27T05:05:50.463+0000] {logging_mixin.py:137} INFO - [2023-04-27T05:05:50.463+0000] {taskmixin.py:211} WARNING - Dependency <Task(EmailOperator): send_email>, prepare_email already registered for DAG: example_dag_decorator
[2023-04-27T05:05:50.471+0000] {processor.py:753} INFO - DAG(s) dict_keys(['example_dag_decorator']) retrieved from /home/airflow/.local/lib/python3.7/site-packages/airflow/example_dags/example_dag_decorator.py
[2023-04-27T05:05:50.522+0000] {logging_mixin.py:137} INFO - [2023-04-27T05:05:50.522+0000] {dag.py:2705} INFO - Sync 1 DAGs
[2023-04-27T05:05:50.540+0000] {logging_mixin.py:137} INFO - [2023-04-27T05:05:50.540+0000] {dag.py:3456} INFO - Setting next_dagrun for example_dag_decorator to None, run_after=None
[2023-04-27T05:05:50.556+0000] {processor.py:175} INFO - Processing /home/airflow/.local/lib/python3.7/site-packages/airflow/example_dags/example_dag_decorator.py took 0.117 seconds
[2023-04-27T05:06:20.644+0000] {processor.py:153} INFO - Started process (PID=768) to work on /home/airflow/.local/lib/python3.7/site-packages/airflow/example_dags/example_dag_decorator.py
[2023-04-27T05:06:20.654+0000] {processor.py:743} INFO - Processing file /home/airflow/.local/lib/python3.7/site-packages/airflow/example_dags/example_dag_decorator.py for tasks to queue
[2023-04-27T05:06:20.655+0000] {logging_mixin.py:137} INFO - [2023-04-27T05:06:20.654+0000] {dagbag.py:532} INFO - Filling up the DagBag from /home/airflow/.local/lib/python3.7/site-packages/airflow/example_dags/example_dag_decorator.py
[2023-04-27T05:06:20.669+0000] {logging_mixin.py:137} INFO - [2023-04-27T05:06:20.668+0000] {taskmixin.py:211} WARNING - Dependency <Task(_PythonDecoratedOperator): prepare_email>, send_email already registered for DAG: example_dag_decorator
[2023-04-27T05:06:20.669+0000] {logging_mixin.py:137} INFO - [2023-04-27T05:06:20.669+0000] {taskmixin.py:211} WARNING - Dependency <Task(EmailOperator): send_email>, prepare_email already registered for DAG: example_dag_decorator
[2023-04-27T05:06:20.677+0000] {processor.py:753} INFO - DAG(s) dict_keys(['example_dag_decorator']) retrieved from /home/airflow/.local/lib/python3.7/site-packages/airflow/example_dags/example_dag_decorator.py
[2023-04-27T05:06:20.728+0000] {logging_mixin.py:137} INFO - [2023-04-27T05:06:20.728+0000] {dag.py:2705} INFO - Sync 1 DAGs
[2023-04-27T05:06:20.748+0000] {logging_mixin.py:137} INFO - [2023-04-27T05:06:20.747+0000] {dag.py:3456} INFO - Setting next_dagrun for example_dag_decorator to None, run_after=None
[2023-04-27T05:06:20.764+0000] {processor.py:175} INFO - Processing /home/airflow/.local/lib/python3.7/site-packages/airflow/example_dags/example_dag_decorator.py took 0.122 seconds
[2023-04-27T05:06:50.878+0000] {processor.py:153} INFO - Started process (PID=818) to work on /home/airflow/.local/lib/python3.7/site-packages/airflow/example_dags/example_dag_decorator.py
[2023-04-27T05:06:50.879+0000] {processor.py:743} INFO - Processing file /home/airflow/.local/lib/python3.7/site-packages/airflow/example_dags/example_dag_decorator.py for tasks to queue
[2023-04-27T05:06:50.879+0000] {logging_mixin.py:137} INFO - [2023-04-27T05:06:50.879+0000] {dagbag.py:532} INFO - Filling up the DagBag from /home/airflow/.local/lib/python3.7/site-packages/airflow/example_dags/example_dag_decorator.py
[2023-04-27T05:06:50.892+0000] {logging_mixin.py:137} INFO - [2023-04-27T05:06:50.892+0000] {taskmixin.py:211} WARNING - Dependency <Task(_PythonDecoratedOperator): prepare_email>, send_email already registered for DAG: example_dag_decorator
[2023-04-27T05:06:50.892+0000] {logging_mixin.py:137} INFO - [2023-04-27T05:06:50.892+0000] {taskmixin.py:211} WARNING - Dependency <Task(EmailOperator): send_email>, prepare_email already registered for DAG: example_dag_decorator
[2023-04-27T05:06:50.900+0000] {processor.py:753} INFO - DAG(s) dict_keys(['example_dag_decorator']) retrieved from /home/airflow/.local/lib/python3.7/site-packages/airflow/example_dags/example_dag_decorator.py
[2023-04-27T05:06:50.954+0000] {logging_mixin.py:137} INFO - [2023-04-27T05:06:50.953+0000] {dag.py:2705} INFO - Sync 1 DAGs
[2023-04-27T05:06:50.971+0000] {logging_mixin.py:137} INFO - [2023-04-27T05:06:50.971+0000] {dag.py:3456} INFO - Setting next_dagrun for example_dag_decorator to None, run_after=None
[2023-04-27T05:06:50.988+0000] {processor.py:175} INFO - Processing /home/airflow/.local/lib/python3.7/site-packages/airflow/example_dags/example_dag_decorator.py took 0.111 seconds
[2023-04-27T05:07:21.202+0000] {processor.py:153} INFO - Started process (PID=868) to work on /home/airflow/.local/lib/python3.7/site-packages/airflow/example_dags/example_dag_decorator.py
[2023-04-27T05:07:21.211+0000] {processor.py:743} INFO - Processing file /home/airflow/.local/lib/python3.7/site-packages/airflow/example_dags/example_dag_decorator.py for tasks to queue
[2023-04-27T05:07:21.212+0000] {logging_mixin.py:137} INFO - [2023-04-27T05:07:21.212+0000] {dagbag.py:532} INFO - Filling up the DagBag from /home/airflow/.local/lib/python3.7/site-packages/airflow/example_dags/example_dag_decorator.py
[2023-04-27T05:07:21.224+0000] {logging_mixin.py:137} INFO - [2023-04-27T05:07:21.224+0000] {taskmixin.py:211} WARNING - Dependency <Task(_PythonDecoratedOperator): prepare_email>, send_email already registered for DAG: example_dag_decorator
[2023-04-27T05:07:21.224+0000] {logging_mixin.py:137} INFO - [2023-04-27T05:07:21.224+0000] {taskmixin.py:211} WARNING - Dependency <Task(EmailOperator): send_email>, prepare_email already registered for DAG: example_dag_decorator
[2023-04-27T05:07:21.232+0000] {processor.py:753} INFO - DAG(s) dict_keys(['example_dag_decorator']) retrieved from /home/airflow/.local/lib/python3.7/site-packages/airflow/example_dags/example_dag_decorator.py
[2023-04-27T05:07:21.282+0000] {logging_mixin.py:137} INFO - [2023-04-27T05:07:21.282+0000] {dag.py:2705} INFO - Sync 1 DAGs
[2023-04-27T05:07:21.298+0000] {logging_mixin.py:137} INFO - [2023-04-27T05:07:21.298+0000] {dag.py:3456} INFO - Setting next_dagrun for example_dag_decorator to None, run_after=None
[2023-04-27T05:07:21.313+0000] {processor.py:175} INFO - Processing /home/airflow/.local/lib/python3.7/site-packages/airflow/example_dags/example_dag_decorator.py took 0.113 seconds
[2023-04-27T05:07:51.342+0000] {processor.py:153} INFO - Started process (PID=918) to work on /home/airflow/.local/lib/python3.7/site-packages/airflow/example_dags/example_dag_decorator.py
[2023-04-27T05:07:51.342+0000] {processor.py:743} INFO - Processing file /home/airflow/.local/lib/python3.7/site-packages/airflow/example_dags/example_dag_decorator.py for tasks to queue
[2023-04-27T05:07:51.343+0000] {logging_mixin.py:137} INFO - [2023-04-27T05:07:51.343+0000] {dagbag.py:532} INFO - Filling up the DagBag from /home/airflow/.local/lib/python3.7/site-packages/airflow/example_dags/example_dag_decorator.py
[2023-04-27T05:07:51.367+0000] {logging_mixin.py:137} INFO - [2023-04-27T05:07:51.367+0000] {taskmixin.py:211} WARNING - Dependency <Task(_PythonDecoratedOperator): prepare_email>, send_email already registered for DAG: example_dag_decorator
[2023-04-27T05:07:51.368+0000] {logging_mixin.py:137} INFO - [2023-04-27T05:07:51.368+0000] {taskmixin.py:211} WARNING - Dependency <Task(EmailOperator): send_email>, prepare_email already registered for DAG: example_dag_decorator
[2023-04-27T05:07:51.386+0000] {processor.py:753} INFO - DAG(s) dict_keys(['example_dag_decorator']) retrieved from /home/airflow/.local/lib/python3.7/site-packages/airflow/example_dags/example_dag_decorator.py
[2023-04-27T05:07:51.451+0000] {logging_mixin.py:137} INFO - [2023-04-27T05:07:51.451+0000] {dag.py:2705} INFO - Sync 1 DAGs
[2023-04-27T05:07:51.473+0000] {logging_mixin.py:137} INFO - [2023-04-27T05:07:51.473+0000] {dag.py:3456} INFO - Setting next_dagrun for example_dag_decorator to None, run_after=None
[2023-04-27T05:07:51.492+0000] {processor.py:175} INFO - Processing /home/airflow/.local/lib/python3.7/site-packages/airflow/example_dags/example_dag_decorator.py took 0.153 seconds
[2023-04-27T05:08:22.439+0000] {processor.py:153} INFO - Started process (PID=968) to work on /home/airflow/.local/lib/python3.7/site-packages/airflow/example_dags/example_dag_decorator.py
[2023-04-27T05:08:22.449+0000] {processor.py:743} INFO - Processing file /home/airflow/.local/lib/python3.7/site-packages/airflow/example_dags/example_dag_decorator.py for tasks to queue
[2023-04-27T05:08:22.450+0000] {logging_mixin.py:137} INFO - [2023-04-27T05:08:22.450+0000] {dagbag.py:532} INFO - Filling up the DagBag from /home/airflow/.local/lib/python3.7/site-packages/airflow/example_dags/example_dag_decorator.py
[2023-04-27T05:08:22.463+0000] {logging_mixin.py:137} INFO - [2023-04-27T05:08:22.463+0000] {taskmixin.py:211} WARNING - Dependency <Task(_PythonDecoratedOperator): prepare_email>, send_email already registered for DAG: example_dag_decorator
[2023-04-27T05:08:22.463+0000] {logging_mixin.py:137} INFO - [2023-04-27T05:08:22.463+0000] {taskmixin.py:211} WARNING - Dependency <Task(EmailOperator): send_email>, prepare_email already registered for DAG: example_dag_decorator
[2023-04-27T05:08:22.471+0000] {processor.py:753} INFO - DAG(s) dict_keys(['example_dag_decorator']) retrieved from /home/airflow/.local/lib/python3.7/site-packages/airflow/example_dags/example_dag_decorator.py
[2023-04-27T05:08:22.519+0000] {logging_mixin.py:137} INFO - [2023-04-27T05:08:22.519+0000] {dag.py:2705} INFO - Sync 1 DAGs
[2023-04-27T05:08:22.536+0000] {logging_mixin.py:137} INFO - [2023-04-27T05:08:22.536+0000] {dag.py:3456} INFO - Setting next_dagrun for example_dag_decorator to None, run_after=None
[2023-04-27T05:08:22.552+0000] {processor.py:175} INFO - Processing /home/airflow/.local/lib/python3.7/site-packages/airflow/example_dags/example_dag_decorator.py took 0.115 seconds
[2023-04-27T05:08:52.677+0000] {processor.py:153} INFO - Started process (PID=1018) to work on /home/airflow/.local/lib/python3.7/site-packages/airflow/example_dags/example_dag_decorator.py
[2023-04-27T05:08:52.686+0000] {processor.py:743} INFO - Processing file /home/airflow/.local/lib/python3.7/site-packages/airflow/example_dags/example_dag_decorator.py for tasks to queue
[2023-04-27T05:08:52.687+0000] {logging_mixin.py:137} INFO - [2023-04-27T05:08:52.687+0000] {dagbag.py:532} INFO - Filling up the DagBag from /home/airflow/.local/lib/python3.7/site-packages/airflow/example_dags/example_dag_decorator.py
[2023-04-27T05:08:52.701+0000] {logging_mixin.py:137} INFO - [2023-04-27T05:08:52.701+0000] {taskmixin.py:211} WARNING - Dependency <Task(_PythonDecoratedOperator): prepare_email>, send_email already registered for DAG: example_dag_decorator
[2023-04-27T05:08:52.701+0000] {logging_mixin.py:137} INFO - [2023-04-27T05:08:52.701+0000] {taskmixin.py:211} WARNING - Dependency <Task(EmailOperator): send_email>, prepare_email already registered for DAG: example_dag_decorator
[2023-04-27T05:08:52.709+0000] {processor.py:753} INFO - DAG(s) dict_keys(['example_dag_decorator']) retrieved from /home/airflow/.local/lib/python3.7/site-packages/airflow/example_dags/example_dag_decorator.py
[2023-04-27T05:08:52.758+0000] {logging_mixin.py:137} INFO - [2023-04-27T05:08:52.758+0000] {dag.py:2705} INFO - Sync 1 DAGs
[2023-04-27T05:08:52.774+0000] {logging_mixin.py:137} INFO - [2023-04-27T05:08:52.774+0000] {dag.py:3456} INFO - Setting next_dagrun for example_dag_decorator to None, run_after=None
[2023-04-27T05:08:52.790+0000] {processor.py:175} INFO - Processing /home/airflow/.local/lib/python3.7/site-packages/airflow/example_dags/example_dag_decorator.py took 0.115 seconds
[2023-04-27T05:09:22.981+0000] {processor.py:153} INFO - Started process (PID=1068) to work on /home/airflow/.local/lib/python3.7/site-packages/airflow/example_dags/example_dag_decorator.py
[2023-04-27T05:09:22.982+0000] {processor.py:743} INFO - Processing file /home/airflow/.local/lib/python3.7/site-packages/airflow/example_dags/example_dag_decorator.py for tasks to queue
[2023-04-27T05:09:22.982+0000] {logging_mixin.py:137} INFO - [2023-04-27T05:09:22.982+0000] {dagbag.py:532} INFO - Filling up the DagBag from /home/airflow/.local/lib/python3.7/site-packages/airflow/example_dags/example_dag_decorator.py
[2023-04-27T05:09:22.993+0000] {logging_mixin.py:137} INFO - [2023-04-27T05:09:22.993+0000] {taskmixin.py:211} WARNING - Dependency <Task(_PythonDecoratedOperator): prepare_email>, send_email already registered for DAG: example_dag_decorator
[2023-04-27T05:09:22.994+0000] {logging_mixin.py:137} INFO - [2023-04-27T05:09:22.994+0000] {taskmixin.py:211} WARNING - Dependency <Task(EmailOperator): send_email>, prepare_email already registered for DAG: example_dag_decorator
[2023-04-27T05:09:23.001+0000] {processor.py:753} INFO - DAG(s) dict_keys(['example_dag_decorator']) retrieved from /home/airflow/.local/lib/python3.7/site-packages/airflow/example_dags/example_dag_decorator.py
[2023-04-27T05:09:23.050+0000] {logging_mixin.py:137} INFO - [2023-04-27T05:09:23.050+0000] {dag.py:2705} INFO - Sync 1 DAGs
[2023-04-27T05:09:23.066+0000] {logging_mixin.py:137} INFO - [2023-04-27T05:09:23.066+0000] {dag.py:3456} INFO - Setting next_dagrun for example_dag_decorator to None, run_after=None
[2023-04-27T05:09:23.084+0000] {processor.py:175} INFO - Processing /home/airflow/.local/lib/python3.7/site-packages/airflow/example_dags/example_dag_decorator.py took 0.104 seconds
[2023-04-27T05:09:53.189+0000] {processor.py:153} INFO - Started process (PID=1118) to work on /home/airflow/.local/lib/python3.7/site-packages/airflow/example_dags/example_dag_decorator.py
[2023-04-27T05:09:53.199+0000] {processor.py:743} INFO - Processing file /home/airflow/.local/lib/python3.7/site-packages/airflow/example_dags/example_dag_decorator.py for tasks to queue
[2023-04-27T05:09:53.200+0000] {logging_mixin.py:137} INFO - [2023-04-27T05:09:53.199+0000] {dagbag.py:532} INFO - Filling up the DagBag from /home/airflow/.local/lib/python3.7/site-packages/airflow/example_dags/example_dag_decorator.py
[2023-04-27T05:09:53.214+0000] {logging_mixin.py:137} INFO - [2023-04-27T05:09:53.214+0000] {taskmixin.py:211} WARNING - Dependency <Task(_PythonDecoratedOperator): prepare_email>, send_email already registered for DAG: example_dag_decorator
[2023-04-27T05:09:53.214+0000] {logging_mixin.py:137} INFO - [2023-04-27T05:09:53.214+0000] {taskmixin.py:211} WARNING - Dependency <Task(EmailOperator): send_email>, prepare_email already registered for DAG: example_dag_decorator
[2023-04-27T05:09:53.222+0000] {processor.py:753} INFO - DAG(s) dict_keys(['example_dag_decorator']) retrieved from /home/airflow/.local/lib/python3.7/site-packages/airflow/example_dags/example_dag_decorator.py
[2023-04-27T05:09:53.270+0000] {logging_mixin.py:137} INFO - [2023-04-27T05:09:53.270+0000] {dag.py:2705} INFO - Sync 1 DAGs
[2023-04-27T05:09:53.288+0000] {logging_mixin.py:137} INFO - [2023-04-27T05:09:53.287+0000] {dag.py:3456} INFO - Setting next_dagrun for example_dag_decorator to None, run_after=None
[2023-04-27T05:09:53.303+0000] {processor.py:175} INFO - Processing /home/airflow/.local/lib/python3.7/site-packages/airflow/example_dags/example_dag_decorator.py took 0.116 seconds
[2023-04-27T05:10:23.366+0000] {processor.py:153} INFO - Started process (PID=1168) to work on /home/airflow/.local/lib/python3.7/site-packages/airflow/example_dags/example_dag_decorator.py
[2023-04-27T05:10:23.376+0000] {processor.py:743} INFO - Processing file /home/airflow/.local/lib/python3.7/site-packages/airflow/example_dags/example_dag_decorator.py for tasks to queue
[2023-04-27T05:10:23.376+0000] {logging_mixin.py:137} INFO - [2023-04-27T05:10:23.376+0000] {dagbag.py:532} INFO - Filling up the DagBag from /home/airflow/.local/lib/python3.7/site-packages/airflow/example_dags/example_dag_decorator.py
[2023-04-27T05:10:23.390+0000] {logging_mixin.py:137} INFO - [2023-04-27T05:10:23.390+0000] {taskmixin.py:211} WARNING - Dependency <Task(_PythonDecoratedOperator): prepare_email>, send_email already registered for DAG: example_dag_decorator
[2023-04-27T05:10:23.390+0000] {logging_mixin.py:137} INFO - [2023-04-27T05:10:23.390+0000] {taskmixin.py:211} WARNING - Dependency <Task(EmailOperator): send_email>, prepare_email already registered for DAG: example_dag_decorator
[2023-04-27T05:10:23.398+0000] {processor.py:753} INFO - DAG(s) dict_keys(['example_dag_decorator']) retrieved from /home/airflow/.local/lib/python3.7/site-packages/airflow/example_dags/example_dag_decorator.py
[2023-04-27T05:10:23.447+0000] {logging_mixin.py:137} INFO - [2023-04-27T05:10:23.447+0000] {dag.py:2705} INFO - Sync 1 DAGs
[2023-04-27T05:10:23.464+0000] {logging_mixin.py:137} INFO - [2023-04-27T05:10:23.463+0000] {dag.py:3456} INFO - Setting next_dagrun for example_dag_decorator to None, run_after=None
[2023-04-27T05:10:23.479+0000] {processor.py:175} INFO - Processing /home/airflow/.local/lib/python3.7/site-packages/airflow/example_dags/example_dag_decorator.py took 0.115 seconds
[2023-04-27T05:10:53.624+0000] {processor.py:153} INFO - Started process (PID=1217) to work on /home/airflow/.local/lib/python3.7/site-packages/airflow/example_dags/example_dag_decorator.py
[2023-04-27T05:10:53.633+0000] {processor.py:743} INFO - Processing file /home/airflow/.local/lib/python3.7/site-packages/airflow/example_dags/example_dag_decorator.py for tasks to queue
[2023-04-27T05:10:53.634+0000] {logging_mixin.py:137} INFO - [2023-04-27T05:10:53.634+0000] {dagbag.py:532} INFO - Filling up the DagBag from /home/airflow/.local/lib/python3.7/site-packages/airflow/example_dags/example_dag_decorator.py
[2023-04-27T05:10:53.649+0000] {logging_mixin.py:137} INFO - [2023-04-27T05:10:53.649+0000] {taskmixin.py:211} WARNING - Dependency <Task(_PythonDecoratedOperator): prepare_email>, send_email already registered for DAG: example_dag_decorator
[2023-04-27T05:10:53.649+0000] {logging_mixin.py:137} INFO - [2023-04-27T05:10:53.649+0000] {taskmixin.py:211} WARNING - Dependency <Task(EmailOperator): send_email>, prepare_email already registered for DAG: example_dag_decorator
[2023-04-27T05:10:53.657+0000] {processor.py:753} INFO - DAG(s) dict_keys(['example_dag_decorator']) retrieved from /home/airflow/.local/lib/python3.7/site-packages/airflow/example_dags/example_dag_decorator.py
[2023-04-27T05:10:53.706+0000] {logging_mixin.py:137} INFO - [2023-04-27T05:10:53.705+0000] {dag.py:2705} INFO - Sync 1 DAGs
[2023-04-27T05:10:53.722+0000] {logging_mixin.py:137} INFO - [2023-04-27T05:10:53.722+0000] {dag.py:3456} INFO - Setting next_dagrun for example_dag_decorator to None, run_after=None
[2023-04-27T05:10:53.737+0000] {processor.py:175} INFO - Processing /home/airflow/.local/lib/python3.7/site-packages/airflow/example_dags/example_dag_decorator.py took 0.114 seconds
[2023-04-27T05:11:23.831+0000] {processor.py:153} INFO - Started process (PID=1267) to work on /home/airflow/.local/lib/python3.7/site-packages/airflow/example_dags/example_dag_decorator.py
[2023-04-27T05:11:23.841+0000] {processor.py:743} INFO - Processing file /home/airflow/.local/lib/python3.7/site-packages/airflow/example_dags/example_dag_decorator.py for tasks to queue
[2023-04-27T05:11:23.842+0000] {logging_mixin.py:137} INFO - [2023-04-27T05:11:23.841+0000] {dagbag.py:532} INFO - Filling up the DagBag from /home/airflow/.local/lib/python3.7/site-packages/airflow/example_dags/example_dag_decorator.py
[2023-04-27T05:11:23.855+0000] {logging_mixin.py:137} INFO - [2023-04-27T05:11:23.855+0000] {taskmixin.py:211} WARNING - Dependency <Task(_PythonDecoratedOperator): prepare_email>, send_email already registered for DAG: example_dag_decorator
[2023-04-27T05:11:23.855+0000] {logging_mixin.py:137} INFO - [2023-04-27T05:11:23.855+0000] {taskmixin.py:211} WARNING - Dependency <Task(EmailOperator): send_email>, prepare_email already registered for DAG: example_dag_decorator
[2023-04-27T05:11:23.864+0000] {processor.py:753} INFO - DAG(s) dict_keys(['example_dag_decorator']) retrieved from /home/airflow/.local/lib/python3.7/site-packages/airflow/example_dags/example_dag_decorator.py
[2023-04-27T05:11:23.914+0000] {logging_mixin.py:137} INFO - [2023-04-27T05:11:23.914+0000] {dag.py:2705} INFO - Sync 1 DAGs
[2023-04-27T05:11:23.932+0000] {logging_mixin.py:137} INFO - [2023-04-27T05:11:23.932+0000] {dag.py:3456} INFO - Setting next_dagrun for example_dag_decorator to None, run_after=None
[2023-04-27T05:11:23.946+0000] {processor.py:175} INFO - Processing /home/airflow/.local/lib/python3.7/site-packages/airflow/example_dags/example_dag_decorator.py took 0.116 seconds
[2023-04-27T05:11:54.185+0000] {processor.py:153} INFO - Started process (PID=1317) to work on /home/airflow/.local/lib/python3.7/site-packages/airflow/example_dags/example_dag_decorator.py
[2023-04-27T05:11:54.187+0000] {processor.py:743} INFO - Processing file /home/airflow/.local/lib/python3.7/site-packages/airflow/example_dags/example_dag_decorator.py for tasks to queue
[2023-04-27T05:11:54.187+0000] {logging_mixin.py:137} INFO - [2023-04-27T05:11:54.187+0000] {dagbag.py:532} INFO - Filling up the DagBag from /home/airflow/.local/lib/python3.7/site-packages/airflow/example_dags/example_dag_decorator.py
[2023-04-27T05:11:54.200+0000] {logging_mixin.py:137} INFO - [2023-04-27T05:11:54.200+0000] {taskmixin.py:211} WARNING - Dependency <Task(_PythonDecoratedOperator): prepare_email>, send_email already registered for DAG: example_dag_decorator
[2023-04-27T05:11:54.201+0000] {logging_mixin.py:137} INFO - [2023-04-27T05:11:54.201+0000] {taskmixin.py:211} WARNING - Dependency <Task(EmailOperator): send_email>, prepare_email already registered for DAG: example_dag_decorator
[2023-04-27T05:11:54.209+0000] {processor.py:753} INFO - DAG(s) dict_keys(['example_dag_decorator']) retrieved from /home/airflow/.local/lib/python3.7/site-packages/airflow/example_dags/example_dag_decorator.py
[2023-04-27T05:11:54.260+0000] {logging_mixin.py:137} INFO - [2023-04-27T05:11:54.259+0000] {dag.py:2705} INFO - Sync 1 DAGs
[2023-04-27T05:11:54.277+0000] {logging_mixin.py:137} INFO - [2023-04-27T05:11:54.277+0000] {dag.py:3456} INFO - Setting next_dagrun for example_dag_decorator to None, run_after=None
[2023-04-27T05:11:54.293+0000] {processor.py:175} INFO - Processing /home/airflow/.local/lib/python3.7/site-packages/airflow/example_dags/example_dag_decorator.py took 0.109 seconds
[2023-04-27T05:12:24.398+0000] {processor.py:153} INFO - Started process (PID=1367) to work on /home/airflow/.local/lib/python3.7/site-packages/airflow/example_dags/example_dag_decorator.py
[2023-04-27T05:12:24.408+0000] {processor.py:743} INFO - Processing file /home/airflow/.local/lib/python3.7/site-packages/airflow/example_dags/example_dag_decorator.py for tasks to queue
[2023-04-27T05:12:24.409+0000] {logging_mixin.py:137} INFO - [2023-04-27T05:12:24.409+0000] {dagbag.py:532} INFO - Filling up the DagBag from /home/airflow/.local/lib/python3.7/site-packages/airflow/example_dags/example_dag_decorator.py
[2023-04-27T05:12:24.424+0000] {logging_mixin.py:137} INFO - [2023-04-27T05:12:24.424+0000] {taskmixin.py:211} WARNING - Dependency <Task(_PythonDecoratedOperator): prepare_email>, send_email already registered for DAG: example_dag_decorator
[2023-04-27T05:12:24.424+0000] {logging_mixin.py:137} INFO - [2023-04-27T05:12:24.424+0000] {taskmixin.py:211} WARNING - Dependency <Task(EmailOperator): send_email>, prepare_email already registered for DAG: example_dag_decorator
[2023-04-27T05:12:24.432+0000] {processor.py:753} INFO - DAG(s) dict_keys(['example_dag_decorator']) retrieved from /home/airflow/.local/lib/python3.7/site-packages/airflow/example_dags/example_dag_decorator.py
[2023-04-27T05:12:24.489+0000] {logging_mixin.py:137} INFO - [2023-04-27T05:12:24.489+0000] {dag.py:2705} INFO - Sync 1 DAGs
[2023-04-27T05:12:24.506+0000] {logging_mixin.py:137} INFO - [2023-04-27T05:12:24.505+0000] {dag.py:3456} INFO - Setting next_dagrun for example_dag_decorator to None, run_after=None
[2023-04-27T05:12:24.523+0000] {processor.py:175} INFO - Processing /home/airflow/.local/lib/python3.7/site-packages/airflow/example_dags/example_dag_decorator.py took 0.126 seconds
[2023-04-27T05:12:54.556+0000] {processor.py:153} INFO - Started process (PID=1417) to work on /home/airflow/.local/lib/python3.7/site-packages/airflow/example_dags/example_dag_decorator.py
[2023-04-27T05:12:54.566+0000] {processor.py:743} INFO - Processing file /home/airflow/.local/lib/python3.7/site-packages/airflow/example_dags/example_dag_decorator.py for tasks to queue
[2023-04-27T05:12:54.566+0000] {logging_mixin.py:137} INFO - [2023-04-27T05:12:54.566+0000] {dagbag.py:532} INFO - Filling up the DagBag from /home/airflow/.local/lib/python3.7/site-packages/airflow/example_dags/example_dag_decorator.py
[2023-04-27T05:12:54.578+0000] {logging_mixin.py:137} INFO - [2023-04-27T05:12:54.578+0000] {taskmixin.py:211} WARNING - Dependency <Task(_PythonDecoratedOperator): prepare_email>, send_email already registered for DAG: example_dag_decorator
[2023-04-27T05:12:54.579+0000] {logging_mixin.py:137} INFO - [2023-04-27T05:12:54.579+0000] {taskmixin.py:211} WARNING - Dependency <Task(EmailOperator): send_email>, prepare_email already registered for DAG: example_dag_decorator
[2023-04-27T05:12:54.587+0000] {processor.py:753} INFO - DAG(s) dict_keys(['example_dag_decorator']) retrieved from /home/airflow/.local/lib/python3.7/site-packages/airflow/example_dags/example_dag_decorator.py
[2023-04-27T05:12:54.648+0000] {logging_mixin.py:137} INFO - [2023-04-27T05:12:54.648+0000] {dag.py:2705} INFO - Sync 1 DAGs
[2023-04-27T05:12:54.668+0000] {logging_mixin.py:137} INFO - [2023-04-27T05:12:54.667+0000] {dag.py:3456} INFO - Setting next_dagrun for example_dag_decorator to None, run_after=None
[2023-04-27T05:12:54.688+0000] {processor.py:175} INFO - Processing /home/airflow/.local/lib/python3.7/site-packages/airflow/example_dags/example_dag_decorator.py took 0.133 seconds
[2023-04-27T05:13:25.047+0000] {processor.py:153} INFO - Started process (PID=1467) to work on /home/airflow/.local/lib/python3.7/site-packages/airflow/example_dags/example_dag_decorator.py
[2023-04-27T05:13:25.056+0000] {processor.py:743} INFO - Processing file /home/airflow/.local/lib/python3.7/site-packages/airflow/example_dags/example_dag_decorator.py for tasks to queue
[2023-04-27T05:13:25.057+0000] {logging_mixin.py:137} INFO - [2023-04-27T05:13:25.057+0000] {dagbag.py:532} INFO - Filling up the DagBag from /home/airflow/.local/lib/python3.7/site-packages/airflow/example_dags/example_dag_decorator.py
[2023-04-27T05:13:25.071+0000] {logging_mixin.py:137} INFO - [2023-04-27T05:13:25.071+0000] {taskmixin.py:211} WARNING - Dependency <Task(_PythonDecoratedOperator): prepare_email>, send_email already registered for DAG: example_dag_decorator
[2023-04-27T05:13:25.071+0000] {logging_mixin.py:137} INFO - [2023-04-27T05:13:25.071+0000] {taskmixin.py:211} WARNING - Dependency <Task(EmailOperator): send_email>, prepare_email already registered for DAG: example_dag_decorator
[2023-04-27T05:13:25.079+0000] {processor.py:753} INFO - DAG(s) dict_keys(['example_dag_decorator']) retrieved from /home/airflow/.local/lib/python3.7/site-packages/airflow/example_dags/example_dag_decorator.py
[2023-04-27T05:13:25.129+0000] {logging_mixin.py:137} INFO - [2023-04-27T05:13:25.128+0000] {dag.py:2705} INFO - Sync 1 DAGs
[2023-04-27T05:13:25.145+0000] {logging_mixin.py:137} INFO - [2023-04-27T05:13:25.145+0000] {dag.py:3456} INFO - Setting next_dagrun for example_dag_decorator to None, run_after=None
[2023-04-27T05:13:25.162+0000] {processor.py:175} INFO - Processing /home/airflow/.local/lib/python3.7/site-packages/airflow/example_dags/example_dag_decorator.py took 0.116 seconds
[2023-04-27T05:13:55.222+0000] {processor.py:153} INFO - Started process (PID=1517) to work on /home/airflow/.local/lib/python3.7/site-packages/airflow/example_dags/example_dag_decorator.py
[2023-04-27T05:13:55.222+0000] {processor.py:743} INFO - Processing file /home/airflow/.local/lib/python3.7/site-packages/airflow/example_dags/example_dag_decorator.py for tasks to queue
[2023-04-27T05:13:55.222+0000] {logging_mixin.py:137} INFO - [2023-04-27T05:13:55.222+0000] {dagbag.py:532} INFO - Filling up the DagBag from /home/airflow/.local/lib/python3.7/site-packages/airflow/example_dags/example_dag_decorator.py
[2023-04-27T05:13:55.236+0000] {logging_mixin.py:137} INFO - [2023-04-27T05:13:55.236+0000] {taskmixin.py:211} WARNING - Dependency <Task(_PythonDecoratedOperator): prepare_email>, send_email already registered for DAG: example_dag_decorator
[2023-04-27T05:13:55.236+0000] {logging_mixin.py:137} INFO - [2023-04-27T05:13:55.236+0000] {taskmixin.py:211} WARNING - Dependency <Task(EmailOperator): send_email>, prepare_email already registered for DAG: example_dag_decorator
[2023-04-27T05:13:55.244+0000] {processor.py:753} INFO - DAG(s) dict_keys(['example_dag_decorator']) retrieved from /home/airflow/.local/lib/python3.7/site-packages/airflow/example_dags/example_dag_decorator.py
[2023-04-27T05:13:55.294+0000] {logging_mixin.py:137} INFO - [2023-04-27T05:13:55.294+0000] {dag.py:2705} INFO - Sync 1 DAGs
[2023-04-27T05:13:55.310+0000] {logging_mixin.py:137} INFO - [2023-04-27T05:13:55.310+0000] {dag.py:3456} INFO - Setting next_dagrun for example_dag_decorator to None, run_after=None
[2023-04-27T05:13:55.325+0000] {processor.py:175} INFO - Processing /home/airflow/.local/lib/python3.7/site-packages/airflow/example_dags/example_dag_decorator.py took 0.105 seconds
[2023-04-27T05:14:25.379+0000] {processor.py:153} INFO - Started process (PID=1567) to work on /home/airflow/.local/lib/python3.7/site-packages/airflow/example_dags/example_dag_decorator.py
[2023-04-27T05:14:25.389+0000] {processor.py:743} INFO - Processing file /home/airflow/.local/lib/python3.7/site-packages/airflow/example_dags/example_dag_decorator.py for tasks to queue
[2023-04-27T05:14:25.389+0000] {logging_mixin.py:137} INFO - [2023-04-27T05:14:25.389+0000] {dagbag.py:532} INFO - Filling up the DagBag from /home/airflow/.local/lib/python3.7/site-packages/airflow/example_dags/example_dag_decorator.py
[2023-04-27T05:14:25.402+0000] {logging_mixin.py:137} INFO - [2023-04-27T05:14:25.402+0000] {taskmixin.py:211} WARNING - Dependency <Task(_PythonDecoratedOperator): prepare_email>, send_email already registered for DAG: example_dag_decorator
[2023-04-27T05:14:25.403+0000] {logging_mixin.py:137} INFO - [2023-04-27T05:14:25.403+0000] {taskmixin.py:211} WARNING - Dependency <Task(EmailOperator): send_email>, prepare_email already registered for DAG: example_dag_decorator
[2023-04-27T05:14:25.412+0000] {processor.py:753} INFO - DAG(s) dict_keys(['example_dag_decorator']) retrieved from /home/airflow/.local/lib/python3.7/site-packages/airflow/example_dags/example_dag_decorator.py
[2023-04-27T05:14:25.469+0000] {logging_mixin.py:137} INFO - [2023-04-27T05:14:25.469+0000] {dag.py:2705} INFO - Sync 1 DAGs
[2023-04-27T05:14:25.488+0000] {logging_mixin.py:137} INFO - [2023-04-27T05:14:25.488+0000] {dag.py:3456} INFO - Setting next_dagrun for example_dag_decorator to None, run_after=None
[2023-04-27T05:14:25.506+0000] {processor.py:175} INFO - Processing /home/airflow/.local/lib/python3.7/site-packages/airflow/example_dags/example_dag_decorator.py took 0.129 seconds
[2023-04-27T05:14:55.650+0000] {processor.py:153} INFO - Started process (PID=1616) to work on /home/airflow/.local/lib/python3.7/site-packages/airflow/example_dags/example_dag_decorator.py
[2023-04-27T05:14:55.660+0000] {processor.py:743} INFO - Processing file /home/airflow/.local/lib/python3.7/site-packages/airflow/example_dags/example_dag_decorator.py for tasks to queue
[2023-04-27T05:14:55.660+0000] {logging_mixin.py:137} INFO - [2023-04-27T05:14:55.660+0000] {dagbag.py:532} INFO - Filling up the DagBag from /home/airflow/.local/lib/python3.7/site-packages/airflow/example_dags/example_dag_decorator.py
[2023-04-27T05:14:55.673+0000] {logging_mixin.py:137} INFO - [2023-04-27T05:14:55.673+0000] {taskmixin.py:211} WARNING - Dependency <Task(_PythonDecoratedOperator): prepare_email>, send_email already registered for DAG: example_dag_decorator
[2023-04-27T05:14:55.673+0000] {logging_mixin.py:137} INFO - [2023-04-27T05:14:55.673+0000] {taskmixin.py:211} WARNING - Dependency <Task(EmailOperator): send_email>, prepare_email already registered for DAG: example_dag_decorator
[2023-04-27T05:14:55.682+0000] {processor.py:753} INFO - DAG(s) dict_keys(['example_dag_decorator']) retrieved from /home/airflow/.local/lib/python3.7/site-packages/airflow/example_dags/example_dag_decorator.py
[2023-04-27T05:14:55.741+0000] {logging_mixin.py:137} INFO - [2023-04-27T05:14:55.741+0000] {dag.py:2705} INFO - Sync 1 DAGs
[2023-04-27T05:14:55.758+0000] {logging_mixin.py:137} INFO - [2023-04-27T05:14:55.758+0000] {dag.py:3456} INFO - Setting next_dagrun for example_dag_decorator to None, run_after=None
[2023-04-27T05:14:55.774+0000] {processor.py:175} INFO - Processing /home/airflow/.local/lib/python3.7/site-packages/airflow/example_dags/example_dag_decorator.py took 0.125 seconds
