[2023-04-27T04:59:14.753+0000] {processor.py:153} INFO - Started process (PID=63) to work on /home/airflow/.local/lib/python3.7/site-packages/airflow/example_dags/example_xcomargs.py
[2023-04-27T04:59:14.754+0000] {processor.py:743} INFO - Processing file /home/airflow/.local/lib/python3.7/site-packages/airflow/example_dags/example_xcomargs.py for tasks to queue
[2023-04-27T04:59:14.754+0000] {logging_mixin.py:137} INFO - [2023-04-27T04:59:14.754+0000] {dagbag.py:532} INFO - Filling up the DagBag from /home/airflow/.local/lib/python3.7/site-packages/airflow/example_dags/example_xcomargs.py
[2023-04-27T04:59:14.775+0000] {processor.py:753} INFO - DAG(s) dict_keys(['example_xcom_args', 'example_xcom_args_with_operators']) retrieved from /home/airflow/.local/lib/python3.7/site-packages/airflow/example_dags/example_xcomargs.py
[2023-04-27T04:59:14.786+0000] {logging_mixin.py:137} INFO - [2023-04-27T04:59:14.786+0000] {dag.py:2705} INFO - Sync 2 DAGs
[2023-04-27T04:59:14.808+0000] {logging_mixin.py:137} INFO - [2023-04-27T04:59:14.808+0000] {dag.py:3456} INFO - Setting next_dagrun for example_xcom_args to None, run_after=None
[2023-04-27T04:59:14.810+0000] {logging_mixin.py:137} INFO - [2023-04-27T04:59:14.810+0000] {dag.py:3456} INFO - Setting next_dagrun for example_xcom_args_with_operators to None, run_after=None
[2023-04-27T04:59:14.825+0000] {processor.py:175} INFO - Processing /home/airflow/.local/lib/python3.7/site-packages/airflow/example_dags/example_xcomargs.py took 0.074 seconds
[2023-04-27T04:59:45.414+0000] {processor.py:153} INFO - Started process (PID=112) to work on /home/airflow/.local/lib/python3.7/site-packages/airflow/example_dags/example_xcomargs.py
[2023-04-27T04:59:45.414+0000] {processor.py:743} INFO - Processing file /home/airflow/.local/lib/python3.7/site-packages/airflow/example_dags/example_xcomargs.py for tasks to queue
[2023-04-27T04:59:45.415+0000] {logging_mixin.py:137} INFO - [2023-04-27T04:59:45.415+0000] {dagbag.py:532} INFO - Filling up the DagBag from /home/airflow/.local/lib/python3.7/site-packages/airflow/example_dags/example_xcomargs.py
[2023-04-27T04:59:45.433+0000] {processor.py:753} INFO - DAG(s) dict_keys(['example_xcom_args_with_operators', 'example_xcom_args']) retrieved from /home/airflow/.local/lib/python3.7/site-packages/airflow/example_dags/example_xcomargs.py
[2023-04-27T04:59:45.455+0000] {logging_mixin.py:137} INFO - [2023-04-27T04:59:45.455+0000] {dag.py:2705} INFO - Sync 2 DAGs
[2023-04-27T04:59:45.476+0000] {logging_mixin.py:137} INFO - [2023-04-27T04:59:45.476+0000] {dag.py:3456} INFO - Setting next_dagrun for example_xcom_args to None, run_after=None
[2023-04-27T04:59:45.478+0000] {logging_mixin.py:137} INFO - [2023-04-27T04:59:45.478+0000] {dag.py:3456} INFO - Setting next_dagrun for example_xcom_args_with_operators to None, run_after=None
[2023-04-27T04:59:45.493+0000] {processor.py:175} INFO - Processing /home/airflow/.local/lib/python3.7/site-packages/airflow/example_dags/example_xcomargs.py took 0.081 seconds
[2023-04-27T05:00:15.606+0000] {processor.py:153} INFO - Started process (PID=162) to work on /home/airflow/.local/lib/python3.7/site-packages/airflow/example_dags/example_xcomargs.py
[2023-04-27T05:00:15.607+0000] {processor.py:743} INFO - Processing file /home/airflow/.local/lib/python3.7/site-packages/airflow/example_dags/example_xcomargs.py for tasks to queue
[2023-04-27T05:00:15.607+0000] {logging_mixin.py:137} INFO - [2023-04-27T05:00:15.607+0000] {dagbag.py:532} INFO - Filling up the DagBag from /home/airflow/.local/lib/python3.7/site-packages/airflow/example_dags/example_xcomargs.py
[2023-04-27T05:00:15.624+0000] {processor.py:753} INFO - DAG(s) dict_keys(['example_xcom_args_with_operators', 'example_xcom_args']) retrieved from /home/airflow/.local/lib/python3.7/site-packages/airflow/example_dags/example_xcomargs.py
[2023-04-27T05:00:15.648+0000] {logging_mixin.py:137} INFO - [2023-04-27T05:00:15.647+0000] {dag.py:2705} INFO - Sync 2 DAGs
[2023-04-27T05:00:15.666+0000] {logging_mixin.py:137} INFO - [2023-04-27T05:00:15.666+0000] {dag.py:3456} INFO - Setting next_dagrun for example_xcom_args to None, run_after=None
[2023-04-27T05:00:15.669+0000] {logging_mixin.py:137} INFO - [2023-04-27T05:00:15.669+0000] {dag.py:3456} INFO - Setting next_dagrun for example_xcom_args_with_operators to None, run_after=None
[2023-04-27T05:00:15.683+0000] {processor.py:175} INFO - Processing /home/airflow/.local/lib/python3.7/site-packages/airflow/example_dags/example_xcomargs.py took 0.079 seconds
[2023-04-27T05:00:45.902+0000] {processor.py:153} INFO - Started process (PID=212) to work on /home/airflow/.local/lib/python3.7/site-packages/airflow/example_dags/example_xcomargs.py
[2023-04-27T05:00:45.903+0000] {processor.py:743} INFO - Processing file /home/airflow/.local/lib/python3.7/site-packages/airflow/example_dags/example_xcomargs.py for tasks to queue
[2023-04-27T05:00:45.903+0000] {logging_mixin.py:137} INFO - [2023-04-27T05:00:45.903+0000] {dagbag.py:532} INFO - Filling up the DagBag from /home/airflow/.local/lib/python3.7/site-packages/airflow/example_dags/example_xcomargs.py
[2023-04-27T05:00:45.922+0000] {processor.py:753} INFO - DAG(s) dict_keys(['example_xcom_args_with_operators', 'example_xcom_args']) retrieved from /home/airflow/.local/lib/python3.7/site-packages/airflow/example_dags/example_xcomargs.py
[2023-04-27T05:00:45.948+0000] {logging_mixin.py:137} INFO - [2023-04-27T05:00:45.948+0000] {dag.py:2705} INFO - Sync 2 DAGs
[2023-04-27T05:00:45.967+0000] {logging_mixin.py:137} INFO - [2023-04-27T05:00:45.967+0000] {dag.py:3456} INFO - Setting next_dagrun for example_xcom_args to None, run_after=None
[2023-04-27T05:00:45.969+0000] {logging_mixin.py:137} INFO - [2023-04-27T05:00:45.969+0000] {dag.py:3456} INFO - Setting next_dagrun for example_xcom_args_with_operators to None, run_after=None
[2023-04-27T05:00:45.987+0000] {processor.py:175} INFO - Processing /home/airflow/.local/lib/python3.7/site-packages/airflow/example_dags/example_xcomargs.py took 0.087 seconds
[2023-04-27T05:01:16.048+0000] {processor.py:153} INFO - Started process (PID=262) to work on /home/airflow/.local/lib/python3.7/site-packages/airflow/example_dags/example_xcomargs.py
[2023-04-27T05:01:16.048+0000] {processor.py:743} INFO - Processing file /home/airflow/.local/lib/python3.7/site-packages/airflow/example_dags/example_xcomargs.py for tasks to queue
[2023-04-27T05:01:16.049+0000] {logging_mixin.py:137} INFO - [2023-04-27T05:01:16.049+0000] {dagbag.py:532} INFO - Filling up the DagBag from /home/airflow/.local/lib/python3.7/site-packages/airflow/example_dags/example_xcomargs.py
[2023-04-27T05:01:16.063+0000] {processor.py:753} INFO - DAG(s) dict_keys(['example_xcom_args', 'example_xcom_args_with_operators']) retrieved from /home/airflow/.local/lib/python3.7/site-packages/airflow/example_dags/example_xcomargs.py
[2023-04-27T05:01:16.073+0000] {logging_mixin.py:137} INFO - [2023-04-27T05:01:16.073+0000] {dag.py:2705} INFO - Sync 2 DAGs
[2023-04-27T05:01:16.090+0000] {logging_mixin.py:137} INFO - [2023-04-27T05:01:16.090+0000] {dag.py:3456} INFO - Setting next_dagrun for example_xcom_args to None, run_after=None
[2023-04-27T05:01:16.092+0000] {logging_mixin.py:137} INFO - [2023-04-27T05:01:16.092+0000] {dag.py:3456} INFO - Setting next_dagrun for example_xcom_args_with_operators to None, run_after=None
[2023-04-27T05:01:16.104+0000] {processor.py:175} INFO - Processing /home/airflow/.local/lib/python3.7/site-packages/airflow/example_dags/example_xcomargs.py took 0.057 seconds
[2023-04-27T05:01:46.388+0000] {processor.py:153} INFO - Started process (PID=311) to work on /home/airflow/.local/lib/python3.7/site-packages/airflow/example_dags/example_xcomargs.py
[2023-04-27T05:01:46.389+0000] {processor.py:743} INFO - Processing file /home/airflow/.local/lib/python3.7/site-packages/airflow/example_dags/example_xcomargs.py for tasks to queue
[2023-04-27T05:01:46.389+0000] {logging_mixin.py:137} INFO - [2023-04-27T05:01:46.389+0000] {dagbag.py:532} INFO - Filling up the DagBag from /home/airflow/.local/lib/python3.7/site-packages/airflow/example_dags/example_xcomargs.py
[2023-04-27T05:01:46.406+0000] {processor.py:753} INFO - DAG(s) dict_keys(['example_xcom_args', 'example_xcom_args_with_operators']) retrieved from /home/airflow/.local/lib/python3.7/site-packages/airflow/example_dags/example_xcomargs.py
[2023-04-27T05:01:46.427+0000] {logging_mixin.py:137} INFO - [2023-04-27T05:01:46.427+0000] {dag.py:2705} INFO - Sync 2 DAGs
[2023-04-27T05:01:46.446+0000] {logging_mixin.py:137} INFO - [2023-04-27T05:01:46.446+0000] {dag.py:3456} INFO - Setting next_dagrun for example_xcom_args to None, run_after=None
[2023-04-27T05:01:46.448+0000] {logging_mixin.py:137} INFO - [2023-04-27T05:01:46.448+0000] {dag.py:3456} INFO - Setting next_dagrun for example_xcom_args_with_operators to None, run_after=None
[2023-04-27T05:01:46.462+0000] {processor.py:175} INFO - Processing /home/airflow/.local/lib/python3.7/site-packages/airflow/example_dags/example_xcomargs.py took 0.076 seconds
[2023-04-27T05:02:16.797+0000] {processor.py:153} INFO - Started process (PID=361) to work on /home/airflow/.local/lib/python3.7/site-packages/airflow/example_dags/example_xcomargs.py
[2023-04-27T05:02:16.797+0000] {processor.py:743} INFO - Processing file /home/airflow/.local/lib/python3.7/site-packages/airflow/example_dags/example_xcomargs.py for tasks to queue
[2023-04-27T05:02:16.798+0000] {logging_mixin.py:137} INFO - [2023-04-27T05:02:16.798+0000] {dagbag.py:532} INFO - Filling up the DagBag from /home/airflow/.local/lib/python3.7/site-packages/airflow/example_dags/example_xcomargs.py
[2023-04-27T05:02:16.817+0000] {processor.py:753} INFO - DAG(s) dict_keys(['example_xcom_args', 'example_xcom_args_with_operators']) retrieved from /home/airflow/.local/lib/python3.7/site-packages/airflow/example_dags/example_xcomargs.py
[2023-04-27T05:02:16.842+0000] {logging_mixin.py:137} INFO - [2023-04-27T05:02:16.842+0000] {dag.py:2705} INFO - Sync 2 DAGs
[2023-04-27T05:02:16.868+0000] {logging_mixin.py:137} INFO - [2023-04-27T05:02:16.868+0000] {dag.py:3456} INFO - Setting next_dagrun for example_xcom_args to None, run_after=None
[2023-04-27T05:02:16.872+0000] {logging_mixin.py:137} INFO - [2023-04-27T05:02:16.872+0000] {dag.py:3456} INFO - Setting next_dagrun for example_xcom_args_with_operators to None, run_after=None
[2023-04-27T05:02:16.892+0000] {processor.py:175} INFO - Processing /home/airflow/.local/lib/python3.7/site-packages/airflow/example_dags/example_xcomargs.py took 0.098 seconds
[2023-04-27T05:02:47.118+0000] {processor.py:153} INFO - Started process (PID=411) to work on /home/airflow/.local/lib/python3.7/site-packages/airflow/example_dags/example_xcomargs.py
[2023-04-27T05:02:47.118+0000] {processor.py:743} INFO - Processing file /home/airflow/.local/lib/python3.7/site-packages/airflow/example_dags/example_xcomargs.py for tasks to queue
[2023-04-27T05:02:47.119+0000] {logging_mixin.py:137} INFO - [2023-04-27T05:02:47.118+0000] {dagbag.py:532} INFO - Filling up the DagBag from /home/airflow/.local/lib/python3.7/site-packages/airflow/example_dags/example_xcomargs.py
[2023-04-27T05:02:47.138+0000] {processor.py:753} INFO - DAG(s) dict_keys(['example_xcom_args', 'example_xcom_args_with_operators']) retrieved from /home/airflow/.local/lib/python3.7/site-packages/airflow/example_dags/example_xcomargs.py
[2023-04-27T05:02:47.162+0000] {logging_mixin.py:137} INFO - [2023-04-27T05:02:47.162+0000] {dag.py:2705} INFO - Sync 2 DAGs
[2023-04-27T05:02:47.186+0000] {logging_mixin.py:137} INFO - [2023-04-27T05:02:47.185+0000] {dag.py:3456} INFO - Setting next_dagrun for example_xcom_args to None, run_after=None
[2023-04-27T05:02:47.188+0000] {logging_mixin.py:137} INFO - [2023-04-27T05:02:47.188+0000] {dag.py:3456} INFO - Setting next_dagrun for example_xcom_args_with_operators to None, run_after=None
[2023-04-27T05:02:47.203+0000] {processor.py:175} INFO - Processing /home/airflow/.local/lib/python3.7/site-packages/airflow/example_dags/example_xcomargs.py took 0.088 seconds
[2023-04-27T05:03:17.638+0000] {processor.py:153} INFO - Started process (PID=461) to work on /home/airflow/.local/lib/python3.7/site-packages/airflow/example_dags/example_xcomargs.py
[2023-04-27T05:03:17.639+0000] {processor.py:743} INFO - Processing file /home/airflow/.local/lib/python3.7/site-packages/airflow/example_dags/example_xcomargs.py for tasks to queue
[2023-04-27T05:03:17.639+0000] {logging_mixin.py:137} INFO - [2023-04-27T05:03:17.639+0000] {dagbag.py:532} INFO - Filling up the DagBag from /home/airflow/.local/lib/python3.7/site-packages/airflow/example_dags/example_xcomargs.py
[2023-04-27T05:03:17.658+0000] {processor.py:753} INFO - DAG(s) dict_keys(['example_xcom_args_with_operators', 'example_xcom_args']) retrieved from /home/airflow/.local/lib/python3.7/site-packages/airflow/example_dags/example_xcomargs.py
[2023-04-27T05:03:17.680+0000] {logging_mixin.py:137} INFO - [2023-04-27T05:03:17.679+0000] {dag.py:2705} INFO - Sync 2 DAGs
[2023-04-27T05:03:17.699+0000] {logging_mixin.py:137} INFO - [2023-04-27T05:03:17.699+0000] {dag.py:3456} INFO - Setting next_dagrun for example_xcom_args to None, run_after=None
[2023-04-27T05:03:17.702+0000] {logging_mixin.py:137} INFO - [2023-04-27T05:03:17.702+0000] {dag.py:3456} INFO - Setting next_dagrun for example_xcom_args_with_operators to None, run_after=None
[2023-04-27T05:03:17.716+0000] {processor.py:175} INFO - Processing /home/airflow/.local/lib/python3.7/site-packages/airflow/example_dags/example_xcomargs.py took 0.080 seconds
[2023-04-27T05:03:48.119+0000] {processor.py:153} INFO - Started process (PID=511) to work on /home/airflow/.local/lib/python3.7/site-packages/airflow/example_dags/example_xcomargs.py
[2023-04-27T05:03:48.119+0000] {processor.py:743} INFO - Processing file /home/airflow/.local/lib/python3.7/site-packages/airflow/example_dags/example_xcomargs.py for tasks to queue
[2023-04-27T05:03:48.120+0000] {logging_mixin.py:137} INFO - [2023-04-27T05:03:48.120+0000] {dagbag.py:532} INFO - Filling up the DagBag from /home/airflow/.local/lib/python3.7/site-packages/airflow/example_dags/example_xcomargs.py
[2023-04-27T05:03:48.140+0000] {processor.py:753} INFO - DAG(s) dict_keys(['example_xcom_args_with_operators', 'example_xcom_args']) retrieved from /home/airflow/.local/lib/python3.7/site-packages/airflow/example_dags/example_xcomargs.py
[2023-04-27T05:03:48.162+0000] {logging_mixin.py:137} INFO - [2023-04-27T05:03:48.162+0000] {dag.py:2705} INFO - Sync 2 DAGs
[2023-04-27T05:03:48.181+0000] {logging_mixin.py:137} INFO - [2023-04-27T05:03:48.181+0000] {dag.py:3456} INFO - Setting next_dagrun for example_xcom_args to None, run_after=None
[2023-04-27T05:03:48.184+0000] {logging_mixin.py:137} INFO - [2023-04-27T05:03:48.184+0000] {dag.py:3456} INFO - Setting next_dagrun for example_xcom_args_with_operators to None, run_after=None
[2023-04-27T05:03:48.197+0000] {processor.py:175} INFO - Processing /home/airflow/.local/lib/python3.7/site-packages/airflow/example_dags/example_xcomargs.py took 0.080 seconds
[2023-04-27T05:04:18.494+0000] {processor.py:153} INFO - Started process (PID=560) to work on /home/airflow/.local/lib/python3.7/site-packages/airflow/example_dags/example_xcomargs.py
[2023-04-27T05:04:18.495+0000] {processor.py:743} INFO - Processing file /home/airflow/.local/lib/python3.7/site-packages/airflow/example_dags/example_xcomargs.py for tasks to queue
[2023-04-27T05:04:18.495+0000] {logging_mixin.py:137} INFO - [2023-04-27T05:04:18.495+0000] {dagbag.py:532} INFO - Filling up the DagBag from /home/airflow/.local/lib/python3.7/site-packages/airflow/example_dags/example_xcomargs.py
[2023-04-27T05:04:18.513+0000] {processor.py:753} INFO - DAG(s) dict_keys(['example_xcom_args_with_operators', 'example_xcom_args']) retrieved from /home/airflow/.local/lib/python3.7/site-packages/airflow/example_dags/example_xcomargs.py
[2023-04-27T05:04:18.537+0000] {logging_mixin.py:137} INFO - [2023-04-27T05:04:18.536+0000] {dag.py:2705} INFO - Sync 2 DAGs
[2023-04-27T05:04:18.556+0000] {logging_mixin.py:137} INFO - [2023-04-27T05:04:18.556+0000] {dag.py:3456} INFO - Setting next_dagrun for example_xcom_args to None, run_after=None
[2023-04-27T05:04:18.558+0000] {logging_mixin.py:137} INFO - [2023-04-27T05:04:18.558+0000] {dag.py:3456} INFO - Setting next_dagrun for example_xcom_args_with_operators to None, run_after=None
[2023-04-27T05:04:18.571+0000] {processor.py:175} INFO - Processing /home/airflow/.local/lib/python3.7/site-packages/airflow/example_dags/example_xcomargs.py took 0.079 seconds
[2023-04-27T05:04:48.695+0000] {processor.py:153} INFO - Started process (PID=610) to work on /home/airflow/.local/lib/python3.7/site-packages/airflow/example_dags/example_xcomargs.py
[2023-04-27T05:04:48.695+0000] {processor.py:743} INFO - Processing file /home/airflow/.local/lib/python3.7/site-packages/airflow/example_dags/example_xcomargs.py for tasks to queue
[2023-04-27T05:04:48.696+0000] {logging_mixin.py:137} INFO - [2023-04-27T05:04:48.696+0000] {dagbag.py:532} INFO - Filling up the DagBag from /home/airflow/.local/lib/python3.7/site-packages/airflow/example_dags/example_xcomargs.py
[2023-04-27T05:04:48.713+0000] {processor.py:753} INFO - DAG(s) dict_keys(['example_xcom_args', 'example_xcom_args_with_operators']) retrieved from /home/airflow/.local/lib/python3.7/site-packages/airflow/example_dags/example_xcomargs.py
[2023-04-27T05:04:48.734+0000] {logging_mixin.py:137} INFO - [2023-04-27T05:04:48.734+0000] {dag.py:2705} INFO - Sync 2 DAGs
[2023-04-27T05:04:48.753+0000] {logging_mixin.py:137} INFO - [2023-04-27T05:04:48.753+0000] {dag.py:3456} INFO - Setting next_dagrun for example_xcom_args to None, run_after=None
[2023-04-27T05:04:48.756+0000] {logging_mixin.py:137} INFO - [2023-04-27T05:04:48.756+0000] {dag.py:3456} INFO - Setting next_dagrun for example_xcom_args_with_operators to None, run_after=None
[2023-04-27T05:04:48.771+0000] {processor.py:175} INFO - Processing /home/airflow/.local/lib/python3.7/site-packages/airflow/example_dags/example_xcomargs.py took 0.078 seconds
[2023-04-27T05:05:18.869+0000] {processor.py:153} INFO - Started process (PID=660) to work on /home/airflow/.local/lib/python3.7/site-packages/airflow/example_dags/example_xcomargs.py
[2023-04-27T05:05:18.870+0000] {processor.py:743} INFO - Processing file /home/airflow/.local/lib/python3.7/site-packages/airflow/example_dags/example_xcomargs.py for tasks to queue
[2023-04-27T05:05:18.870+0000] {logging_mixin.py:137} INFO - [2023-04-27T05:05:18.870+0000] {dagbag.py:532} INFO - Filling up the DagBag from /home/airflow/.local/lib/python3.7/site-packages/airflow/example_dags/example_xcomargs.py
[2023-04-27T05:05:18.888+0000] {processor.py:753} INFO - DAG(s) dict_keys(['example_xcom_args', 'example_xcom_args_with_operators']) retrieved from /home/airflow/.local/lib/python3.7/site-packages/airflow/example_dags/example_xcomargs.py
[2023-04-27T05:05:18.910+0000] {logging_mixin.py:137} INFO - [2023-04-27T05:05:18.910+0000] {dag.py:2705} INFO - Sync 2 DAGs
[2023-04-27T05:05:18.931+0000] {logging_mixin.py:137} INFO - [2023-04-27T05:05:18.931+0000] {dag.py:3456} INFO - Setting next_dagrun for example_xcom_args to None, run_after=None
[2023-04-27T05:05:18.933+0000] {logging_mixin.py:137} INFO - [2023-04-27T05:05:18.933+0000] {dag.py:3456} INFO - Setting next_dagrun for example_xcom_args_with_operators to None, run_after=None
[2023-04-27T05:05:18.948+0000] {processor.py:175} INFO - Processing /home/airflow/.local/lib/python3.7/site-packages/airflow/example_dags/example_xcomargs.py took 0.080 seconds
[2023-04-27T05:05:49.126+0000] {processor.py:153} INFO - Started process (PID=710) to work on /home/airflow/.local/lib/python3.7/site-packages/airflow/example_dags/example_xcomargs.py
[2023-04-27T05:05:49.127+0000] {processor.py:743} INFO - Processing file /home/airflow/.local/lib/python3.7/site-packages/airflow/example_dags/example_xcomargs.py for tasks to queue
[2023-04-27T05:05:49.127+0000] {logging_mixin.py:137} INFO - [2023-04-27T05:05:49.127+0000] {dagbag.py:532} INFO - Filling up the DagBag from /home/airflow/.local/lib/python3.7/site-packages/airflow/example_dags/example_xcomargs.py
[2023-04-27T05:05:49.145+0000] {processor.py:753} INFO - DAG(s) dict_keys(['example_xcom_args_with_operators', 'example_xcom_args']) retrieved from /home/airflow/.local/lib/python3.7/site-packages/airflow/example_dags/example_xcomargs.py
[2023-04-27T05:05:49.168+0000] {logging_mixin.py:137} INFO - [2023-04-27T05:05:49.168+0000] {dag.py:2705} INFO - Sync 2 DAGs
[2023-04-27T05:05:49.187+0000] {logging_mixin.py:137} INFO - [2023-04-27T05:05:49.187+0000] {dag.py:3456} INFO - Setting next_dagrun for example_xcom_args to None, run_after=None
[2023-04-27T05:05:49.190+0000] {logging_mixin.py:137} INFO - [2023-04-27T05:05:49.189+0000] {dag.py:3456} INFO - Setting next_dagrun for example_xcom_args_with_operators to None, run_after=None
[2023-04-27T05:05:49.204+0000] {processor.py:175} INFO - Processing /home/airflow/.local/lib/python3.7/site-packages/airflow/example_dags/example_xcomargs.py took 0.080 seconds
[2023-04-27T05:06:19.362+0000] {processor.py:153} INFO - Started process (PID=761) to work on /home/airflow/.local/lib/python3.7/site-packages/airflow/example_dags/example_xcomargs.py
[2023-04-27T05:06:19.362+0000] {processor.py:743} INFO - Processing file /home/airflow/.local/lib/python3.7/site-packages/airflow/example_dags/example_xcomargs.py for tasks to queue
[2023-04-27T05:06:19.363+0000] {logging_mixin.py:137} INFO - [2023-04-27T05:06:19.362+0000] {dagbag.py:532} INFO - Filling up the DagBag from /home/airflow/.local/lib/python3.7/site-packages/airflow/example_dags/example_xcomargs.py
[2023-04-27T05:06:19.384+0000] {processor.py:753} INFO - DAG(s) dict_keys(['example_xcom_args', 'example_xcom_args_with_operators']) retrieved from /home/airflow/.local/lib/python3.7/site-packages/airflow/example_dags/example_xcomargs.py
[2023-04-27T05:06:19.405+0000] {logging_mixin.py:137} INFO - [2023-04-27T05:06:19.405+0000] {dag.py:2705} INFO - Sync 2 DAGs
[2023-04-27T05:06:19.424+0000] {logging_mixin.py:137} INFO - [2023-04-27T05:06:19.424+0000] {dag.py:3456} INFO - Setting next_dagrun for example_xcom_args to None, run_after=None
[2023-04-27T05:06:19.427+0000] {logging_mixin.py:137} INFO - [2023-04-27T05:06:19.427+0000] {dag.py:3456} INFO - Setting next_dagrun for example_xcom_args_with_operators to None, run_after=None
[2023-04-27T05:06:19.441+0000] {processor.py:175} INFO - Processing /home/airflow/.local/lib/python3.7/site-packages/airflow/example_dags/example_xcomargs.py took 0.081 seconds
[2023-04-27T05:06:49.598+0000] {processor.py:153} INFO - Started process (PID=811) to work on /home/airflow/.local/lib/python3.7/site-packages/airflow/example_dags/example_xcomargs.py
[2023-04-27T05:06:49.599+0000] {processor.py:743} INFO - Processing file /home/airflow/.local/lib/python3.7/site-packages/airflow/example_dags/example_xcomargs.py for tasks to queue
[2023-04-27T05:06:49.599+0000] {logging_mixin.py:137} INFO - [2023-04-27T05:06:49.599+0000] {dagbag.py:532} INFO - Filling up the DagBag from /home/airflow/.local/lib/python3.7/site-packages/airflow/example_dags/example_xcomargs.py
[2023-04-27T05:06:49.617+0000] {processor.py:753} INFO - DAG(s) dict_keys(['example_xcom_args_with_operators', 'example_xcom_args']) retrieved from /home/airflow/.local/lib/python3.7/site-packages/airflow/example_dags/example_xcomargs.py
[2023-04-27T05:06:49.638+0000] {logging_mixin.py:137} INFO - [2023-04-27T05:06:49.638+0000] {dag.py:2705} INFO - Sync 2 DAGs
[2023-04-27T05:06:49.658+0000] {logging_mixin.py:137} INFO - [2023-04-27T05:06:49.658+0000] {dag.py:3456} INFO - Setting next_dagrun for example_xcom_args to None, run_after=None
[2023-04-27T05:06:49.661+0000] {logging_mixin.py:137} INFO - [2023-04-27T05:06:49.661+0000] {dag.py:3456} INFO - Setting next_dagrun for example_xcom_args_with_operators to None, run_after=None
[2023-04-27T05:06:49.674+0000] {processor.py:175} INFO - Processing /home/airflow/.local/lib/python3.7/site-packages/airflow/example_dags/example_xcomargs.py took 0.079 seconds
[2023-04-27T05:07:19.846+0000] {processor.py:153} INFO - Started process (PID=860) to work on /home/airflow/.local/lib/python3.7/site-packages/airflow/example_dags/example_xcomargs.py
[2023-04-27T05:07:19.846+0000] {processor.py:743} INFO - Processing file /home/airflow/.local/lib/python3.7/site-packages/airflow/example_dags/example_xcomargs.py for tasks to queue
[2023-04-27T05:07:19.847+0000] {logging_mixin.py:137} INFO - [2023-04-27T05:07:19.847+0000] {dagbag.py:532} INFO - Filling up the DagBag from /home/airflow/.local/lib/python3.7/site-packages/airflow/example_dags/example_xcomargs.py
[2023-04-27T05:07:19.861+0000] {processor.py:753} INFO - DAG(s) dict_keys(['example_xcom_args', 'example_xcom_args_with_operators']) retrieved from /home/airflow/.local/lib/python3.7/site-packages/airflow/example_dags/example_xcomargs.py
[2023-04-27T05:07:19.878+0000] {logging_mixin.py:137} INFO - [2023-04-27T05:07:19.878+0000] {dag.py:2705} INFO - Sync 2 DAGs
[2023-04-27T05:07:19.895+0000] {logging_mixin.py:137} INFO - [2023-04-27T05:07:19.895+0000] {dag.py:3456} INFO - Setting next_dagrun for example_xcom_args to None, run_after=None
[2023-04-27T05:07:19.897+0000] {logging_mixin.py:137} INFO - [2023-04-27T05:07:19.897+0000] {dag.py:3456} INFO - Setting next_dagrun for example_xcom_args_with_operators to None, run_after=None
[2023-04-27T05:07:19.914+0000] {processor.py:175} INFO - Processing /home/airflow/.local/lib/python3.7/site-packages/airflow/example_dags/example_xcomargs.py took 0.070 seconds
[2023-04-27T05:07:49.964+0000] {processor.py:153} INFO - Started process (PID=910) to work on /home/airflow/.local/lib/python3.7/site-packages/airflow/example_dags/example_xcomargs.py
[2023-04-27T05:07:49.964+0000] {processor.py:743} INFO - Processing file /home/airflow/.local/lib/python3.7/site-packages/airflow/example_dags/example_xcomargs.py for tasks to queue
[2023-04-27T05:07:49.965+0000] {logging_mixin.py:137} INFO - [2023-04-27T05:07:49.965+0000] {dagbag.py:532} INFO - Filling up the DagBag from /home/airflow/.local/lib/python3.7/site-packages/airflow/example_dags/example_xcomargs.py
[2023-04-27T05:07:49.979+0000] {processor.py:753} INFO - DAG(s) dict_keys(['example_xcom_args', 'example_xcom_args_with_operators']) retrieved from /home/airflow/.local/lib/python3.7/site-packages/airflow/example_dags/example_xcomargs.py
[2023-04-27T05:07:49.997+0000] {logging_mixin.py:137} INFO - [2023-04-27T05:07:49.996+0000] {dag.py:2705} INFO - Sync 2 DAGs
[2023-04-27T05:07:50.012+0000] {logging_mixin.py:137} INFO - [2023-04-27T05:07:50.012+0000] {dag.py:3456} INFO - Setting next_dagrun for example_xcom_args to None, run_after=None
[2023-04-27T05:07:50.015+0000] {logging_mixin.py:137} INFO - [2023-04-27T05:07:50.015+0000] {dag.py:3456} INFO - Setting next_dagrun for example_xcom_args_with_operators to None, run_after=None
[2023-04-27T05:07:50.028+0000] {processor.py:175} INFO - Processing /home/airflow/.local/lib/python3.7/site-packages/airflow/example_dags/example_xcomargs.py took 0.066 seconds
[2023-04-27T05:08:20.102+0000] {processor.py:153} INFO - Started process (PID=960) to work on /home/airflow/.local/lib/python3.7/site-packages/airflow/example_dags/example_xcomargs.py
[2023-04-27T05:08:20.102+0000] {processor.py:743} INFO - Processing file /home/airflow/.local/lib/python3.7/site-packages/airflow/example_dags/example_xcomargs.py for tasks to queue
[2023-04-27T05:08:20.103+0000] {logging_mixin.py:137} INFO - [2023-04-27T05:08:20.103+0000] {dagbag.py:532} INFO - Filling up the DagBag from /home/airflow/.local/lib/python3.7/site-packages/airflow/example_dags/example_xcomargs.py
[2023-04-27T05:08:20.117+0000] {processor.py:753} INFO - DAG(s) dict_keys(['example_xcom_args_with_operators', 'example_xcom_args']) retrieved from /home/airflow/.local/lib/python3.7/site-packages/airflow/example_dags/example_xcomargs.py
[2023-04-27T05:08:20.133+0000] {logging_mixin.py:137} INFO - [2023-04-27T05:08:20.133+0000] {dag.py:2705} INFO - Sync 2 DAGs
[2023-04-27T05:08:20.148+0000] {logging_mixin.py:137} INFO - [2023-04-27T05:08:20.148+0000] {dag.py:3456} INFO - Setting next_dagrun for example_xcom_args to None, run_after=None
[2023-04-27T05:08:20.150+0000] {logging_mixin.py:137} INFO - [2023-04-27T05:08:20.150+0000] {dag.py:3456} INFO - Setting next_dagrun for example_xcom_args_with_operators to None, run_after=None
[2023-04-27T05:08:20.163+0000] {processor.py:175} INFO - Processing /home/airflow/.local/lib/python3.7/site-packages/airflow/example_dags/example_xcomargs.py took 0.063 seconds
[2023-04-27T05:08:50.294+0000] {processor.py:153} INFO - Started process (PID=1010) to work on /home/airflow/.local/lib/python3.7/site-packages/airflow/example_dags/example_xcomargs.py
[2023-04-27T05:08:50.295+0000] {processor.py:743} INFO - Processing file /home/airflow/.local/lib/python3.7/site-packages/airflow/example_dags/example_xcomargs.py for tasks to queue
[2023-04-27T05:08:50.295+0000] {logging_mixin.py:137} INFO - [2023-04-27T05:08:50.295+0000] {dagbag.py:532} INFO - Filling up the DagBag from /home/airflow/.local/lib/python3.7/site-packages/airflow/example_dags/example_xcomargs.py
[2023-04-27T05:08:50.312+0000] {processor.py:753} INFO - DAG(s) dict_keys(['example_xcom_args', 'example_xcom_args_with_operators']) retrieved from /home/airflow/.local/lib/python3.7/site-packages/airflow/example_dags/example_xcomargs.py
[2023-04-27T05:08:50.333+0000] {logging_mixin.py:137} INFO - [2023-04-27T05:08:50.333+0000] {dag.py:2705} INFO - Sync 2 DAGs
[2023-04-27T05:08:50.351+0000] {logging_mixin.py:137} INFO - [2023-04-27T05:08:50.351+0000] {dag.py:3456} INFO - Setting next_dagrun for example_xcom_args to None, run_after=None
[2023-04-27T05:08:50.353+0000] {logging_mixin.py:137} INFO - [2023-04-27T05:08:50.353+0000] {dag.py:3456} INFO - Setting next_dagrun for example_xcom_args_with_operators to None, run_after=None
[2023-04-27T05:08:50.367+0000] {processor.py:175} INFO - Processing /home/airflow/.local/lib/python3.7/site-packages/airflow/example_dags/example_xcomargs.py took 0.075 seconds
[2023-04-27T05:09:20.637+0000] {processor.py:153} INFO - Started process (PID=1060) to work on /home/airflow/.local/lib/python3.7/site-packages/airflow/example_dags/example_xcomargs.py
[2023-04-27T05:09:20.637+0000] {processor.py:743} INFO - Processing file /home/airflow/.local/lib/python3.7/site-packages/airflow/example_dags/example_xcomargs.py for tasks to queue
[2023-04-27T05:09:20.637+0000] {logging_mixin.py:137} INFO - [2023-04-27T05:09:20.637+0000] {dagbag.py:532} INFO - Filling up the DagBag from /home/airflow/.local/lib/python3.7/site-packages/airflow/example_dags/example_xcomargs.py
[2023-04-27T05:09:20.654+0000] {processor.py:753} INFO - DAG(s) dict_keys(['example_xcom_args_with_operators', 'example_xcom_args']) retrieved from /home/airflow/.local/lib/python3.7/site-packages/airflow/example_dags/example_xcomargs.py
[2023-04-27T05:09:20.674+0000] {logging_mixin.py:137} INFO - [2023-04-27T05:09:20.673+0000] {dag.py:2705} INFO - Sync 2 DAGs
[2023-04-27T05:09:20.691+0000] {logging_mixin.py:137} INFO - [2023-04-27T05:09:20.691+0000] {dag.py:3456} INFO - Setting next_dagrun for example_xcom_args to None, run_after=None
[2023-04-27T05:09:20.693+0000] {logging_mixin.py:137} INFO - [2023-04-27T05:09:20.693+0000] {dag.py:3456} INFO - Setting next_dagrun for example_xcom_args_with_operators to None, run_after=None
[2023-04-27T05:09:20.705+0000] {processor.py:175} INFO - Processing /home/airflow/.local/lib/python3.7/site-packages/airflow/example_dags/example_xcomargs.py took 0.071 seconds
[2023-04-27T05:09:50.864+0000] {processor.py:153} INFO - Started process (PID=1110) to work on /home/airflow/.local/lib/python3.7/site-packages/airflow/example_dags/example_xcomargs.py
[2023-04-27T05:09:50.865+0000] {processor.py:743} INFO - Processing file /home/airflow/.local/lib/python3.7/site-packages/airflow/example_dags/example_xcomargs.py for tasks to queue
[2023-04-27T05:09:50.865+0000] {logging_mixin.py:137} INFO - [2023-04-27T05:09:50.865+0000] {dagbag.py:532} INFO - Filling up the DagBag from /home/airflow/.local/lib/python3.7/site-packages/airflow/example_dags/example_xcomargs.py
[2023-04-27T05:09:50.885+0000] {processor.py:753} INFO - DAG(s) dict_keys(['example_xcom_args', 'example_xcom_args_with_operators']) retrieved from /home/airflow/.local/lib/python3.7/site-packages/airflow/example_dags/example_xcomargs.py
[2023-04-27T05:09:50.906+0000] {logging_mixin.py:137} INFO - [2023-04-27T05:09:50.906+0000] {dag.py:2705} INFO - Sync 2 DAGs
[2023-04-27T05:09:50.923+0000] {logging_mixin.py:137} INFO - [2023-04-27T05:09:50.923+0000] {dag.py:3456} INFO - Setting next_dagrun for example_xcom_args to None, run_after=None
[2023-04-27T05:09:50.926+0000] {logging_mixin.py:137} INFO - [2023-04-27T05:09:50.926+0000] {dag.py:3456} INFO - Setting next_dagrun for example_xcom_args_with_operators to None, run_after=None
[2023-04-27T05:09:50.939+0000] {processor.py:175} INFO - Processing /home/airflow/.local/lib/python3.7/site-packages/airflow/example_dags/example_xcomargs.py took 0.077 seconds
[2023-04-27T05:10:21.038+0000] {processor.py:153} INFO - Started process (PID=1161) to work on /home/airflow/.local/lib/python3.7/site-packages/airflow/example_dags/example_xcomargs.py
[2023-04-27T05:10:21.039+0000] {processor.py:743} INFO - Processing file /home/airflow/.local/lib/python3.7/site-packages/airflow/example_dags/example_xcomargs.py for tasks to queue
[2023-04-27T05:10:21.039+0000] {logging_mixin.py:137} INFO - [2023-04-27T05:10:21.039+0000] {dagbag.py:532} INFO - Filling up the DagBag from /home/airflow/.local/lib/python3.7/site-packages/airflow/example_dags/example_xcomargs.py
[2023-04-27T05:10:21.056+0000] {processor.py:753} INFO - DAG(s) dict_keys(['example_xcom_args_with_operators', 'example_xcom_args']) retrieved from /home/airflow/.local/lib/python3.7/site-packages/airflow/example_dags/example_xcomargs.py
[2023-04-27T05:10:21.079+0000] {logging_mixin.py:137} INFO - [2023-04-27T05:10:21.078+0000] {dag.py:2705} INFO - Sync 2 DAGs
[2023-04-27T05:10:21.099+0000] {logging_mixin.py:137} INFO - [2023-04-27T05:10:21.099+0000] {dag.py:3456} INFO - Setting next_dagrun for example_xcom_args to None, run_after=None
[2023-04-27T05:10:21.101+0000] {logging_mixin.py:137} INFO - [2023-04-27T05:10:21.101+0000] {dag.py:3456} INFO - Setting next_dagrun for example_xcom_args_with_operators to None, run_after=None
[2023-04-27T05:10:21.115+0000] {processor.py:175} INFO - Processing /home/airflow/.local/lib/python3.7/site-packages/airflow/example_dags/example_xcomargs.py took 0.079 seconds
[2023-04-27T05:10:51.227+0000] {processor.py:153} INFO - Started process (PID=1209) to work on /home/airflow/.local/lib/python3.7/site-packages/airflow/example_dags/example_xcomargs.py
[2023-04-27T05:10:51.228+0000] {processor.py:743} INFO - Processing file /home/airflow/.local/lib/python3.7/site-packages/airflow/example_dags/example_xcomargs.py for tasks to queue
[2023-04-27T05:10:51.228+0000] {logging_mixin.py:137} INFO - [2023-04-27T05:10:51.228+0000] {dagbag.py:532} INFO - Filling up the DagBag from /home/airflow/.local/lib/python3.7/site-packages/airflow/example_dags/example_xcomargs.py
[2023-04-27T05:10:51.245+0000] {processor.py:753} INFO - DAG(s) dict_keys(['example_xcom_args', 'example_xcom_args_with_operators']) retrieved from /home/airflow/.local/lib/python3.7/site-packages/airflow/example_dags/example_xcomargs.py
[2023-04-27T05:10:51.267+0000] {logging_mixin.py:137} INFO - [2023-04-27T05:10:51.267+0000] {dag.py:2705} INFO - Sync 2 DAGs
[2023-04-27T05:10:51.285+0000] {logging_mixin.py:137} INFO - [2023-04-27T05:10:51.285+0000] {dag.py:3456} INFO - Setting next_dagrun for example_xcom_args to None, run_after=None
[2023-04-27T05:10:51.288+0000] {logging_mixin.py:137} INFO - [2023-04-27T05:10:51.288+0000] {dag.py:3456} INFO - Setting next_dagrun for example_xcom_args_with_operators to None, run_after=None
[2023-04-27T05:10:51.301+0000] {processor.py:175} INFO - Processing /home/airflow/.local/lib/python3.7/site-packages/airflow/example_dags/example_xcomargs.py took 0.076 seconds
[2023-04-27T05:11:21.509+0000] {processor.py:153} INFO - Started process (PID=1259) to work on /home/airflow/.local/lib/python3.7/site-packages/airflow/example_dags/example_xcomargs.py
[2023-04-27T05:11:21.509+0000] {processor.py:743} INFO - Processing file /home/airflow/.local/lib/python3.7/site-packages/airflow/example_dags/example_xcomargs.py for tasks to queue
[2023-04-27T05:11:21.510+0000] {logging_mixin.py:137} INFO - [2023-04-27T05:11:21.510+0000] {dagbag.py:532} INFO - Filling up the DagBag from /home/airflow/.local/lib/python3.7/site-packages/airflow/example_dags/example_xcomargs.py
[2023-04-27T05:11:21.526+0000] {processor.py:753} INFO - DAG(s) dict_keys(['example_xcom_args_with_operators', 'example_xcom_args']) retrieved from /home/airflow/.local/lib/python3.7/site-packages/airflow/example_dags/example_xcomargs.py
[2023-04-27T05:11:21.547+0000] {logging_mixin.py:137} INFO - [2023-04-27T05:11:21.547+0000] {dag.py:2705} INFO - Sync 2 DAGs
[2023-04-27T05:11:21.564+0000] {logging_mixin.py:137} INFO - [2023-04-27T05:11:21.564+0000] {dag.py:3456} INFO - Setting next_dagrun for example_xcom_args to None, run_after=None
[2023-04-27T05:11:21.567+0000] {logging_mixin.py:137} INFO - [2023-04-27T05:11:21.566+0000] {dag.py:3456} INFO - Setting next_dagrun for example_xcom_args_with_operators to None, run_after=None
[2023-04-27T05:11:21.581+0000] {processor.py:175} INFO - Processing /home/airflow/.local/lib/python3.7/site-packages/airflow/example_dags/example_xcomargs.py took 0.074 seconds
[2023-04-27T05:11:51.878+0000] {processor.py:153} INFO - Started process (PID=1309) to work on /home/airflow/.local/lib/python3.7/site-packages/airflow/example_dags/example_xcomargs.py
[2023-04-27T05:11:51.878+0000] {processor.py:743} INFO - Processing file /home/airflow/.local/lib/python3.7/site-packages/airflow/example_dags/example_xcomargs.py for tasks to queue
[2023-04-27T05:11:51.879+0000] {logging_mixin.py:137} INFO - [2023-04-27T05:11:51.879+0000] {dagbag.py:532} INFO - Filling up the DagBag from /home/airflow/.local/lib/python3.7/site-packages/airflow/example_dags/example_xcomargs.py
[2023-04-27T05:11:51.896+0000] {processor.py:753} INFO - DAG(s) dict_keys(['example_xcom_args_with_operators', 'example_xcom_args']) retrieved from /home/airflow/.local/lib/python3.7/site-packages/airflow/example_dags/example_xcomargs.py
[2023-04-27T05:11:51.917+0000] {logging_mixin.py:137} INFO - [2023-04-27T05:11:51.917+0000] {dag.py:2705} INFO - Sync 2 DAGs
[2023-04-27T05:11:51.935+0000] {logging_mixin.py:137} INFO - [2023-04-27T05:11:51.935+0000] {dag.py:3456} INFO - Setting next_dagrun for example_xcom_args to None, run_after=None
[2023-04-27T05:11:51.937+0000] {logging_mixin.py:137} INFO - [2023-04-27T05:11:51.937+0000] {dag.py:3456} INFO - Setting next_dagrun for example_xcom_args_with_operators to None, run_after=None
[2023-04-27T05:11:51.949+0000] {processor.py:175} INFO - Processing /home/airflow/.local/lib/python3.7/site-packages/airflow/example_dags/example_xcomargs.py took 0.073 seconds
[2023-04-27T05:12:22.009+0000] {processor.py:153} INFO - Started process (PID=1359) to work on /home/airflow/.local/lib/python3.7/site-packages/airflow/example_dags/example_xcomargs.py
[2023-04-27T05:12:22.010+0000] {processor.py:743} INFO - Processing file /home/airflow/.local/lib/python3.7/site-packages/airflow/example_dags/example_xcomargs.py for tasks to queue
[2023-04-27T05:12:22.010+0000] {logging_mixin.py:137} INFO - [2023-04-27T05:12:22.010+0000] {dagbag.py:532} INFO - Filling up the DagBag from /home/airflow/.local/lib/python3.7/site-packages/airflow/example_dags/example_xcomargs.py
[2023-04-27T05:12:22.027+0000] {processor.py:753} INFO - DAG(s) dict_keys(['example_xcom_args', 'example_xcom_args_with_operators']) retrieved from /home/airflow/.local/lib/python3.7/site-packages/airflow/example_dags/example_xcomargs.py
[2023-04-27T05:12:22.047+0000] {logging_mixin.py:137} INFO - [2023-04-27T05:12:22.047+0000] {dag.py:2705} INFO - Sync 2 DAGs
[2023-04-27T05:12:22.066+0000] {logging_mixin.py:137} INFO - [2023-04-27T05:12:22.065+0000] {dag.py:3456} INFO - Setting next_dagrun for example_xcom_args to None, run_after=None
[2023-04-27T05:12:22.068+0000] {logging_mixin.py:137} INFO - [2023-04-27T05:12:22.068+0000] {dag.py:3456} INFO - Setting next_dagrun for example_xcom_args_with_operators to None, run_after=None
[2023-04-27T05:12:22.081+0000] {processor.py:175} INFO - Processing /home/airflow/.local/lib/python3.7/site-packages/airflow/example_dags/example_xcomargs.py took 0.074 seconds
[2023-04-27T05:12:52.219+0000] {processor.py:153} INFO - Started process (PID=1409) to work on /home/airflow/.local/lib/python3.7/site-packages/airflow/example_dags/example_xcomargs.py
[2023-04-27T05:12:52.220+0000] {processor.py:743} INFO - Processing file /home/airflow/.local/lib/python3.7/site-packages/airflow/example_dags/example_xcomargs.py for tasks to queue
[2023-04-27T05:12:52.220+0000] {logging_mixin.py:137} INFO - [2023-04-27T05:12:52.220+0000] {dagbag.py:532} INFO - Filling up the DagBag from /home/airflow/.local/lib/python3.7/site-packages/airflow/example_dags/example_xcomargs.py
[2023-04-27T05:12:52.237+0000] {processor.py:753} INFO - DAG(s) dict_keys(['example_xcom_args_with_operators', 'example_xcom_args']) retrieved from /home/airflow/.local/lib/python3.7/site-packages/airflow/example_dags/example_xcomargs.py
[2023-04-27T05:12:52.258+0000] {logging_mixin.py:137} INFO - [2023-04-27T05:12:52.258+0000] {dag.py:2705} INFO - Sync 2 DAGs
[2023-04-27T05:12:52.276+0000] {logging_mixin.py:137} INFO - [2023-04-27T05:12:52.276+0000] {dag.py:3456} INFO - Setting next_dagrun for example_xcom_args to None, run_after=None
[2023-04-27T05:12:52.278+0000] {logging_mixin.py:137} INFO - [2023-04-27T05:12:52.278+0000] {dag.py:3456} INFO - Setting next_dagrun for example_xcom_args_with_operators to None, run_after=None
[2023-04-27T05:12:52.291+0000] {processor.py:175} INFO - Processing /home/airflow/.local/lib/python3.7/site-packages/airflow/example_dags/example_xcomargs.py took 0.073 seconds
[2023-04-27T05:13:22.603+0000] {processor.py:153} INFO - Started process (PID=1459) to work on /home/airflow/.local/lib/python3.7/site-packages/airflow/example_dags/example_xcomargs.py
[2023-04-27T05:13:22.604+0000] {processor.py:743} INFO - Processing file /home/airflow/.local/lib/python3.7/site-packages/airflow/example_dags/example_xcomargs.py for tasks to queue
[2023-04-27T05:13:22.604+0000] {logging_mixin.py:137} INFO - [2023-04-27T05:13:22.604+0000] {dagbag.py:532} INFO - Filling up the DagBag from /home/airflow/.local/lib/python3.7/site-packages/airflow/example_dags/example_xcomargs.py
[2023-04-27T05:13:22.624+0000] {processor.py:753} INFO - DAG(s) dict_keys(['example_xcom_args_with_operators', 'example_xcom_args']) retrieved from /home/airflow/.local/lib/python3.7/site-packages/airflow/example_dags/example_xcomargs.py
[2023-04-27T05:13:22.652+0000] {logging_mixin.py:137} INFO - [2023-04-27T05:13:22.652+0000] {dag.py:2705} INFO - Sync 2 DAGs
[2023-04-27T05:13:22.703+0000] {logging_mixin.py:137} INFO - [2023-04-27T05:13:22.703+0000] {dag.py:3456} INFO - Setting next_dagrun for example_xcom_args to None, run_after=None
[2023-04-27T05:13:22.710+0000] {logging_mixin.py:137} INFO - [2023-04-27T05:13:22.710+0000] {dag.py:3456} INFO - Setting next_dagrun for example_xcom_args_with_operators to None, run_after=None
[2023-04-27T05:13:22.742+0000] {processor.py:175} INFO - Processing /home/airflow/.local/lib/python3.7/site-packages/airflow/example_dags/example_xcomargs.py took 0.141 seconds
[2023-04-27T05:13:52.807+0000] {processor.py:153} INFO - Started process (PID=1510) to work on /home/airflow/.local/lib/python3.7/site-packages/airflow/example_dags/example_xcomargs.py
[2023-04-27T05:13:52.807+0000] {processor.py:743} INFO - Processing file /home/airflow/.local/lib/python3.7/site-packages/airflow/example_dags/example_xcomargs.py for tasks to queue
[2023-04-27T05:13:52.807+0000] {logging_mixin.py:137} INFO - [2023-04-27T05:13:52.807+0000] {dagbag.py:532} INFO - Filling up the DagBag from /home/airflow/.local/lib/python3.7/site-packages/airflow/example_dags/example_xcomargs.py
[2023-04-27T05:13:52.821+0000] {processor.py:753} INFO - DAG(s) dict_keys(['example_xcom_args_with_operators', 'example_xcom_args']) retrieved from /home/airflow/.local/lib/python3.7/site-packages/airflow/example_dags/example_xcomargs.py
[2023-04-27T05:13:52.837+0000] {logging_mixin.py:137} INFO - [2023-04-27T05:13:52.837+0000] {dag.py:2705} INFO - Sync 2 DAGs
[2023-04-27T05:13:52.852+0000] {logging_mixin.py:137} INFO - [2023-04-27T05:13:52.852+0000] {dag.py:3456} INFO - Setting next_dagrun for example_xcom_args to None, run_after=None
[2023-04-27T05:13:52.855+0000] {logging_mixin.py:137} INFO - [2023-04-27T05:13:52.854+0000] {dag.py:3456} INFO - Setting next_dagrun for example_xcom_args_with_operators to None, run_after=None
[2023-04-27T05:13:52.867+0000] {processor.py:175} INFO - Processing /home/airflow/.local/lib/python3.7/site-packages/airflow/example_dags/example_xcomargs.py took 0.062 seconds
[2023-04-27T05:14:22.990+0000] {processor.py:153} INFO - Started process (PID=1559) to work on /home/airflow/.local/lib/python3.7/site-packages/airflow/example_dags/example_xcomargs.py
[2023-04-27T05:14:22.991+0000] {processor.py:743} INFO - Processing file /home/airflow/.local/lib/python3.7/site-packages/airflow/example_dags/example_xcomargs.py for tasks to queue
[2023-04-27T05:14:22.991+0000] {logging_mixin.py:137} INFO - [2023-04-27T05:14:22.991+0000] {dagbag.py:532} INFO - Filling up the DagBag from /home/airflow/.local/lib/python3.7/site-packages/airflow/example_dags/example_xcomargs.py
[2023-04-27T05:14:23.007+0000] {processor.py:753} INFO - DAG(s) dict_keys(['example_xcom_args', 'example_xcom_args_with_operators']) retrieved from /home/airflow/.local/lib/python3.7/site-packages/airflow/example_dags/example_xcomargs.py
[2023-04-27T05:14:23.027+0000] {logging_mixin.py:137} INFO - [2023-04-27T05:14:23.027+0000] {dag.py:2705} INFO - Sync 2 DAGs
[2023-04-27T05:14:23.046+0000] {logging_mixin.py:137} INFO - [2023-04-27T05:14:23.045+0000] {dag.py:3456} INFO - Setting next_dagrun for example_xcom_args to None, run_after=None
[2023-04-27T05:14:23.047+0000] {logging_mixin.py:137} INFO - [2023-04-27T05:14:23.047+0000] {dag.py:3456} INFO - Setting next_dagrun for example_xcom_args_with_operators to None, run_after=None
[2023-04-27T05:14:23.061+0000] {processor.py:175} INFO - Processing /home/airflow/.local/lib/python3.7/site-packages/airflow/example_dags/example_xcomargs.py took 0.073 seconds
[2023-04-27T05:14:53.262+0000] {processor.py:153} INFO - Started process (PID=1608) to work on /home/airflow/.local/lib/python3.7/site-packages/airflow/example_dags/example_xcomargs.py
[2023-04-27T05:14:53.262+0000] {processor.py:743} INFO - Processing file /home/airflow/.local/lib/python3.7/site-packages/airflow/example_dags/example_xcomargs.py for tasks to queue
[2023-04-27T05:14:53.263+0000] {logging_mixin.py:137} INFO - [2023-04-27T05:14:53.263+0000] {dagbag.py:532} INFO - Filling up the DagBag from /home/airflow/.local/lib/python3.7/site-packages/airflow/example_dags/example_xcomargs.py
[2023-04-27T05:14:53.282+0000] {processor.py:753} INFO - DAG(s) dict_keys(['example_xcom_args', 'example_xcom_args_with_operators']) retrieved from /home/airflow/.local/lib/python3.7/site-packages/airflow/example_dags/example_xcomargs.py
[2023-04-27T05:14:53.306+0000] {logging_mixin.py:137} INFO - [2023-04-27T05:14:53.305+0000] {dag.py:2705} INFO - Sync 2 DAGs
[2023-04-27T05:14:53.329+0000] {logging_mixin.py:137} INFO - [2023-04-27T05:14:53.329+0000] {dag.py:3456} INFO - Setting next_dagrun for example_xcom_args to None, run_after=None
[2023-04-27T05:14:53.333+0000] {logging_mixin.py:137} INFO - [2023-04-27T05:14:53.333+0000] {dag.py:3456} INFO - Setting next_dagrun for example_xcom_args_with_operators to None, run_after=None
[2023-04-27T05:14:53.356+0000] {processor.py:175} INFO - Processing /home/airflow/.local/lib/python3.7/site-packages/airflow/example_dags/example_xcomargs.py took 0.097 seconds
