[2023-04-27T04:59:15.573+0000] {processor.py:153} INFO - Started process (PID=82) to work on /home/airflow/.local/lib/python3.7/site-packages/airflow/example_dags/example_params_ui_tutorial.py
[2023-04-27T04:59:15.573+0000] {processor.py:743} INFO - Processing file /home/airflow/.local/lib/python3.7/site-packages/airflow/example_dags/example_params_ui_tutorial.py for tasks to queue
[2023-04-27T04:59:15.574+0000] {logging_mixin.py:137} INFO - [2023-04-27T04:59:15.573+0000] {dagbag.py:532} INFO - Filling up the DagBag from /home/airflow/.local/lib/python3.7/site-packages/airflow/example_dags/example_params_ui_tutorial.py
[2023-04-27T04:59:15.625+0000] {processor.py:753} INFO - DAG(s) dict_keys(['example_params_ui_tutorial']) retrieved from /home/airflow/.local/lib/python3.7/site-packages/airflow/example_dags/example_params_ui_tutorial.py
[2023-04-27T04:59:15.635+0000] {logging_mixin.py:137} INFO - [2023-04-27T04:59:15.635+0000] {dag.py:2705} INFO - Sync 1 DAGs
[2023-04-27T04:59:15.659+0000] {logging_mixin.py:137} INFO - [2023-04-27T04:59:15.659+0000] {dag.py:3456} INFO - Setting next_dagrun for example_params_ui_tutorial to None, run_after=None
[2023-04-27T04:59:15.676+0000] {processor.py:175} INFO - Processing /home/airflow/.local/lib/python3.7/site-packages/airflow/example_dags/example_params_ui_tutorial.py took 0.106 seconds
[2023-04-27T04:59:46.407+0000] {processor.py:153} INFO - Started process (PID=131) to work on /home/airflow/.local/lib/python3.7/site-packages/airflow/example_dags/example_params_ui_tutorial.py
[2023-04-27T04:59:46.407+0000] {processor.py:743} INFO - Processing file /home/airflow/.local/lib/python3.7/site-packages/airflow/example_dags/example_params_ui_tutorial.py for tasks to queue
[2023-04-27T04:59:46.408+0000] {logging_mixin.py:137} INFO - [2023-04-27T04:59:46.407+0000] {dagbag.py:532} INFO - Filling up the DagBag from /home/airflow/.local/lib/python3.7/site-packages/airflow/example_dags/example_params_ui_tutorial.py
[2023-04-27T04:59:46.454+0000] {processor.py:753} INFO - DAG(s) dict_keys(['example_params_ui_tutorial']) retrieved from /home/airflow/.local/lib/python3.7/site-packages/airflow/example_dags/example_params_ui_tutorial.py
[2023-04-27T04:59:46.507+0000] {logging_mixin.py:137} INFO - [2023-04-27T04:59:46.507+0000] {dag.py:2705} INFO - Sync 1 DAGs
[2023-04-27T04:59:46.526+0000] {logging_mixin.py:137} INFO - [2023-04-27T04:59:46.526+0000] {dag.py:3456} INFO - Setting next_dagrun for example_params_ui_tutorial to None, run_after=None
[2023-04-27T04:59:46.541+0000] {processor.py:175} INFO - Processing /home/airflow/.local/lib/python3.7/site-packages/airflow/example_dags/example_params_ui_tutorial.py took 0.136 seconds
[2023-04-27T05:00:17.455+0000] {processor.py:153} INFO - Started process (PID=181) to work on /home/airflow/.local/lib/python3.7/site-packages/airflow/example_dags/example_params_ui_tutorial.py
[2023-04-27T05:00:17.455+0000] {processor.py:743} INFO - Processing file /home/airflow/.local/lib/python3.7/site-packages/airflow/example_dags/example_params_ui_tutorial.py for tasks to queue
[2023-04-27T05:00:17.456+0000] {logging_mixin.py:137} INFO - [2023-04-27T05:00:17.456+0000] {dagbag.py:532} INFO - Filling up the DagBag from /home/airflow/.local/lib/python3.7/site-packages/airflow/example_dags/example_params_ui_tutorial.py
[2023-04-27T05:00:17.497+0000] {processor.py:753} INFO - DAG(s) dict_keys(['example_params_ui_tutorial']) retrieved from /home/airflow/.local/lib/python3.7/site-packages/airflow/example_dags/example_params_ui_tutorial.py
[2023-04-27T05:00:17.547+0000] {logging_mixin.py:137} INFO - [2023-04-27T05:00:17.547+0000] {dag.py:2705} INFO - Sync 1 DAGs
[2023-04-27T05:00:17.565+0000] {logging_mixin.py:137} INFO - [2023-04-27T05:00:17.565+0000] {dag.py:3456} INFO - Setting next_dagrun for example_params_ui_tutorial to None, run_after=None
[2023-04-27T05:00:17.582+0000] {processor.py:175} INFO - Processing /home/airflow/.local/lib/python3.7/site-packages/airflow/example_dags/example_params_ui_tutorial.py took 0.130 seconds
[2023-04-27T05:00:47.829+0000] {processor.py:153} INFO - Started process (PID=231) to work on /home/airflow/.local/lib/python3.7/site-packages/airflow/example_dags/example_params_ui_tutorial.py
[2023-04-27T05:00:47.830+0000] {processor.py:743} INFO - Processing file /home/airflow/.local/lib/python3.7/site-packages/airflow/example_dags/example_params_ui_tutorial.py for tasks to queue
[2023-04-27T05:00:47.830+0000] {logging_mixin.py:137} INFO - [2023-04-27T05:00:47.830+0000] {dagbag.py:532} INFO - Filling up the DagBag from /home/airflow/.local/lib/python3.7/site-packages/airflow/example_dags/example_params_ui_tutorial.py
[2023-04-27T05:00:47.872+0000] {processor.py:753} INFO - DAG(s) dict_keys(['example_params_ui_tutorial']) retrieved from /home/airflow/.local/lib/python3.7/site-packages/airflow/example_dags/example_params_ui_tutorial.py
[2023-04-27T05:00:47.924+0000] {logging_mixin.py:137} INFO - [2023-04-27T05:00:47.924+0000] {dag.py:2705} INFO - Sync 1 DAGs
[2023-04-27T05:00:47.944+0000] {logging_mixin.py:137} INFO - [2023-04-27T05:00:47.944+0000] {dag.py:3456} INFO - Setting next_dagrun for example_params_ui_tutorial to None, run_after=None
[2023-04-27T05:00:47.959+0000] {processor.py:175} INFO - Processing /home/airflow/.local/lib/python3.7/site-packages/airflow/example_dags/example_params_ui_tutorial.py took 0.132 seconds
[2023-04-27T05:01:18.103+0000] {processor.py:153} INFO - Started process (PID=281) to work on /home/airflow/.local/lib/python3.7/site-packages/airflow/example_dags/example_params_ui_tutorial.py
[2023-04-27T05:01:18.103+0000] {processor.py:743} INFO - Processing file /home/airflow/.local/lib/python3.7/site-packages/airflow/example_dags/example_params_ui_tutorial.py for tasks to queue
[2023-04-27T05:01:18.104+0000] {logging_mixin.py:137} INFO - [2023-04-27T05:01:18.104+0000] {dagbag.py:532} INFO - Filling up the DagBag from /home/airflow/.local/lib/python3.7/site-packages/airflow/example_dags/example_params_ui_tutorial.py
[2023-04-27T05:01:18.150+0000] {processor.py:753} INFO - DAG(s) dict_keys(['example_params_ui_tutorial']) retrieved from /home/airflow/.local/lib/python3.7/site-packages/airflow/example_dags/example_params_ui_tutorial.py
[2023-04-27T05:01:18.158+0000] {logging_mixin.py:137} INFO - [2023-04-27T05:01:18.158+0000] {dag.py:2705} INFO - Sync 1 DAGs
[2023-04-27T05:01:18.177+0000] {logging_mixin.py:137} INFO - [2023-04-27T05:01:18.177+0000] {dag.py:3456} INFO - Setting next_dagrun for example_params_ui_tutorial to None, run_after=None
[2023-04-27T05:01:18.193+0000] {processor.py:175} INFO - Processing /home/airflow/.local/lib/python3.7/site-packages/airflow/example_dags/example_params_ui_tutorial.py took 0.092 seconds
[2023-04-27T05:01:48.214+0000] {processor.py:153} INFO - Started process (PID=330) to work on /home/airflow/.local/lib/python3.7/site-packages/airflow/example_dags/example_params_ui_tutorial.py
[2023-04-27T05:01:48.215+0000] {processor.py:743} INFO - Processing file /home/airflow/.local/lib/python3.7/site-packages/airflow/example_dags/example_params_ui_tutorial.py for tasks to queue
[2023-04-27T05:01:48.215+0000] {logging_mixin.py:137} INFO - [2023-04-27T05:01:48.215+0000] {dagbag.py:532} INFO - Filling up the DagBag from /home/airflow/.local/lib/python3.7/site-packages/airflow/example_dags/example_params_ui_tutorial.py
[2023-04-27T05:01:48.255+0000] {processor.py:753} INFO - DAG(s) dict_keys(['example_params_ui_tutorial']) retrieved from /home/airflow/.local/lib/python3.7/site-packages/airflow/example_dags/example_params_ui_tutorial.py
[2023-04-27T05:01:48.304+0000] {logging_mixin.py:137} INFO - [2023-04-27T05:01:48.303+0000] {dag.py:2705} INFO - Sync 1 DAGs
[2023-04-27T05:01:48.323+0000] {logging_mixin.py:137} INFO - [2023-04-27T05:01:48.323+0000] {dag.py:3456} INFO - Setting next_dagrun for example_params_ui_tutorial to None, run_after=None
[2023-04-27T05:01:48.339+0000] {processor.py:175} INFO - Processing /home/airflow/.local/lib/python3.7/site-packages/airflow/example_dags/example_params_ui_tutorial.py took 0.127 seconds
[2023-04-27T05:02:18.738+0000] {processor.py:153} INFO - Started process (PID=380) to work on /home/airflow/.local/lib/python3.7/site-packages/airflow/example_dags/example_params_ui_tutorial.py
[2023-04-27T05:02:18.739+0000] {processor.py:743} INFO - Processing file /home/airflow/.local/lib/python3.7/site-packages/airflow/example_dags/example_params_ui_tutorial.py for tasks to queue
[2023-04-27T05:02:18.739+0000] {logging_mixin.py:137} INFO - [2023-04-27T05:02:18.739+0000] {dagbag.py:532} INFO - Filling up the DagBag from /home/airflow/.local/lib/python3.7/site-packages/airflow/example_dags/example_params_ui_tutorial.py
[2023-04-27T05:02:18.781+0000] {processor.py:753} INFO - DAG(s) dict_keys(['example_params_ui_tutorial']) retrieved from /home/airflow/.local/lib/python3.7/site-packages/airflow/example_dags/example_params_ui_tutorial.py
[2023-04-27T05:02:18.842+0000] {logging_mixin.py:137} INFO - [2023-04-27T05:02:18.842+0000] {dag.py:2705} INFO - Sync 1 DAGs
[2023-04-27T05:02:18.863+0000] {logging_mixin.py:137} INFO - [2023-04-27T05:02:18.863+0000] {dag.py:3456} INFO - Setting next_dagrun for example_params_ui_tutorial to None, run_after=None
[2023-04-27T05:02:18.881+0000] {processor.py:175} INFO - Processing /home/airflow/.local/lib/python3.7/site-packages/airflow/example_dags/example_params_ui_tutorial.py took 0.145 seconds
[2023-04-27T05:02:49.438+0000] {processor.py:153} INFO - Started process (PID=430) to work on /home/airflow/.local/lib/python3.7/site-packages/airflow/example_dags/example_params_ui_tutorial.py
[2023-04-27T05:02:49.439+0000] {processor.py:743} INFO - Processing file /home/airflow/.local/lib/python3.7/site-packages/airflow/example_dags/example_params_ui_tutorial.py for tasks to queue
[2023-04-27T05:02:49.439+0000] {logging_mixin.py:137} INFO - [2023-04-27T05:02:49.439+0000] {dagbag.py:532} INFO - Filling up the DagBag from /home/airflow/.local/lib/python3.7/site-packages/airflow/example_dags/example_params_ui_tutorial.py
[2023-04-27T05:02:49.487+0000] {processor.py:753} INFO - DAG(s) dict_keys(['example_params_ui_tutorial']) retrieved from /home/airflow/.local/lib/python3.7/site-packages/airflow/example_dags/example_params_ui_tutorial.py
[2023-04-27T05:02:49.545+0000] {logging_mixin.py:137} INFO - [2023-04-27T05:02:49.545+0000] {dag.py:2705} INFO - Sync 1 DAGs
[2023-04-27T05:02:49.567+0000] {logging_mixin.py:137} INFO - [2023-04-27T05:02:49.567+0000] {dag.py:3456} INFO - Setting next_dagrun for example_params_ui_tutorial to None, run_after=None
[2023-04-27T05:02:49.582+0000] {processor.py:175} INFO - Processing /home/airflow/.local/lib/python3.7/site-packages/airflow/example_dags/example_params_ui_tutorial.py took 0.146 seconds
[2023-04-27T05:03:19.854+0000] {processor.py:153} INFO - Started process (PID=480) to work on /home/airflow/.local/lib/python3.7/site-packages/airflow/example_dags/example_params_ui_tutorial.py
[2023-04-27T05:03:19.854+0000] {processor.py:743} INFO - Processing file /home/airflow/.local/lib/python3.7/site-packages/airflow/example_dags/example_params_ui_tutorial.py for tasks to queue
[2023-04-27T05:03:19.855+0000] {logging_mixin.py:137} INFO - [2023-04-27T05:03:19.855+0000] {dagbag.py:532} INFO - Filling up the DagBag from /home/airflow/.local/lib/python3.7/site-packages/airflow/example_dags/example_params_ui_tutorial.py
[2023-04-27T05:03:19.895+0000] {processor.py:753} INFO - DAG(s) dict_keys(['example_params_ui_tutorial']) retrieved from /home/airflow/.local/lib/python3.7/site-packages/airflow/example_dags/example_params_ui_tutorial.py
[2023-04-27T05:03:19.944+0000] {logging_mixin.py:137} INFO - [2023-04-27T05:03:19.944+0000] {dag.py:2705} INFO - Sync 1 DAGs
[2023-04-27T05:03:19.962+0000] {logging_mixin.py:137} INFO - [2023-04-27T05:03:19.962+0000] {dag.py:3456} INFO - Setting next_dagrun for example_params_ui_tutorial to None, run_after=None
[2023-04-27T05:03:19.986+0000] {processor.py:175} INFO - Processing /home/airflow/.local/lib/python3.7/site-packages/airflow/example_dags/example_params_ui_tutorial.py took 0.135 seconds
[2023-04-27T05:03:50.186+0000] {processor.py:153} INFO - Started process (PID=530) to work on /home/airflow/.local/lib/python3.7/site-packages/airflow/example_dags/example_params_ui_tutorial.py
[2023-04-27T05:03:50.187+0000] {processor.py:743} INFO - Processing file /home/airflow/.local/lib/python3.7/site-packages/airflow/example_dags/example_params_ui_tutorial.py for tasks to queue
[2023-04-27T05:03:50.187+0000] {logging_mixin.py:137} INFO - [2023-04-27T05:03:50.187+0000] {dagbag.py:532} INFO - Filling up the DagBag from /home/airflow/.local/lib/python3.7/site-packages/airflow/example_dags/example_params_ui_tutorial.py
[2023-04-27T05:03:50.228+0000] {processor.py:753} INFO - DAG(s) dict_keys(['example_params_ui_tutorial']) retrieved from /home/airflow/.local/lib/python3.7/site-packages/airflow/example_dags/example_params_ui_tutorial.py
[2023-04-27T05:03:50.277+0000] {logging_mixin.py:137} INFO - [2023-04-27T05:03:50.276+0000] {dag.py:2705} INFO - Sync 1 DAGs
[2023-04-27T05:03:50.295+0000] {logging_mixin.py:137} INFO - [2023-04-27T05:03:50.295+0000] {dag.py:3456} INFO - Setting next_dagrun for example_params_ui_tutorial to None, run_after=None
[2023-04-27T05:03:50.319+0000] {processor.py:175} INFO - Processing /home/airflow/.local/lib/python3.7/site-packages/airflow/example_dags/example_params_ui_tutorial.py took 0.135 seconds
[2023-04-27T05:04:20.446+0000] {processor.py:153} INFO - Started process (PID=579) to work on /home/airflow/.local/lib/python3.7/site-packages/airflow/example_dags/example_params_ui_tutorial.py
[2023-04-27T05:04:20.446+0000] {processor.py:743} INFO - Processing file /home/airflow/.local/lib/python3.7/site-packages/airflow/example_dags/example_params_ui_tutorial.py for tasks to queue
[2023-04-27T05:04:20.446+0000] {logging_mixin.py:137} INFO - [2023-04-27T05:04:20.446+0000] {dagbag.py:532} INFO - Filling up the DagBag from /home/airflow/.local/lib/python3.7/site-packages/airflow/example_dags/example_params_ui_tutorial.py
[2023-04-27T05:04:20.480+0000] {processor.py:753} INFO - DAG(s) dict_keys(['example_params_ui_tutorial']) retrieved from /home/airflow/.local/lib/python3.7/site-packages/airflow/example_dags/example_params_ui_tutorial.py
[2023-04-27T05:04:20.520+0000] {logging_mixin.py:137} INFO - [2023-04-27T05:04:20.520+0000] {dag.py:2705} INFO - Sync 1 DAGs
[2023-04-27T05:04:20.537+0000] {logging_mixin.py:137} INFO - [2023-04-27T05:04:20.537+0000] {dag.py:3456} INFO - Setting next_dagrun for example_params_ui_tutorial to None, run_after=None
[2023-04-27T05:04:20.549+0000] {processor.py:175} INFO - Processing /home/airflow/.local/lib/python3.7/site-packages/airflow/example_dags/example_params_ui_tutorial.py took 0.105 seconds
[2023-04-27T05:04:50.607+0000] {processor.py:153} INFO - Started process (PID=629) to work on /home/airflow/.local/lib/python3.7/site-packages/airflow/example_dags/example_params_ui_tutorial.py
[2023-04-27T05:04:50.607+0000] {processor.py:743} INFO - Processing file /home/airflow/.local/lib/python3.7/site-packages/airflow/example_dags/example_params_ui_tutorial.py for tasks to queue
[2023-04-27T05:04:50.608+0000] {logging_mixin.py:137} INFO - [2023-04-27T05:04:50.608+0000] {dagbag.py:532} INFO - Filling up the DagBag from /home/airflow/.local/lib/python3.7/site-packages/airflow/example_dags/example_params_ui_tutorial.py
[2023-04-27T05:04:50.649+0000] {processor.py:753} INFO - DAG(s) dict_keys(['example_params_ui_tutorial']) retrieved from /home/airflow/.local/lib/python3.7/site-packages/airflow/example_dags/example_params_ui_tutorial.py
[2023-04-27T05:04:50.697+0000] {logging_mixin.py:137} INFO - [2023-04-27T05:04:50.697+0000] {dag.py:2705} INFO - Sync 1 DAGs
[2023-04-27T05:04:50.715+0000] {logging_mixin.py:137} INFO - [2023-04-27T05:04:50.715+0000] {dag.py:3456} INFO - Setting next_dagrun for example_params_ui_tutorial to None, run_after=None
[2023-04-27T05:04:50.729+0000] {processor.py:175} INFO - Processing /home/airflow/.local/lib/python3.7/site-packages/airflow/example_dags/example_params_ui_tutorial.py took 0.125 seconds
[2023-04-27T05:05:20.888+0000] {processor.py:153} INFO - Started process (PID=679) to work on /home/airflow/.local/lib/python3.7/site-packages/airflow/example_dags/example_params_ui_tutorial.py
[2023-04-27T05:05:20.888+0000] {processor.py:743} INFO - Processing file /home/airflow/.local/lib/python3.7/site-packages/airflow/example_dags/example_params_ui_tutorial.py for tasks to queue
[2023-04-27T05:05:20.889+0000] {logging_mixin.py:137} INFO - [2023-04-27T05:05:20.889+0000] {dagbag.py:532} INFO - Filling up the DagBag from /home/airflow/.local/lib/python3.7/site-packages/airflow/example_dags/example_params_ui_tutorial.py
[2023-04-27T05:05:20.930+0000] {processor.py:753} INFO - DAG(s) dict_keys(['example_params_ui_tutorial']) retrieved from /home/airflow/.local/lib/python3.7/site-packages/airflow/example_dags/example_params_ui_tutorial.py
[2023-04-27T05:05:20.979+0000] {logging_mixin.py:137} INFO - [2023-04-27T05:05:20.979+0000] {dag.py:2705} INFO - Sync 1 DAGs
[2023-04-27T05:05:20.998+0000] {logging_mixin.py:137} INFO - [2023-04-27T05:05:20.997+0000] {dag.py:3456} INFO - Setting next_dagrun for example_params_ui_tutorial to None, run_after=None
[2023-04-27T05:05:21.014+0000] {processor.py:175} INFO - Processing /home/airflow/.local/lib/python3.7/site-packages/airflow/example_dags/example_params_ui_tutorial.py took 0.128 seconds
[2023-04-27T05:05:51.050+0000] {processor.py:153} INFO - Started process (PID=729) to work on /home/airflow/.local/lib/python3.7/site-packages/airflow/example_dags/example_params_ui_tutorial.py
[2023-04-27T05:05:51.050+0000] {processor.py:743} INFO - Processing file /home/airflow/.local/lib/python3.7/site-packages/airflow/example_dags/example_params_ui_tutorial.py for tasks to queue
[2023-04-27T05:05:51.051+0000] {logging_mixin.py:137} INFO - [2023-04-27T05:05:51.051+0000] {dagbag.py:532} INFO - Filling up the DagBag from /home/airflow/.local/lib/python3.7/site-packages/airflow/example_dags/example_params_ui_tutorial.py
[2023-04-27T05:05:51.104+0000] {processor.py:753} INFO - DAG(s) dict_keys(['example_params_ui_tutorial']) retrieved from /home/airflow/.local/lib/python3.7/site-packages/airflow/example_dags/example_params_ui_tutorial.py
[2023-04-27T05:05:51.145+0000] {logging_mixin.py:137} INFO - [2023-04-27T05:05:51.145+0000] {dag.py:2705} INFO - Sync 1 DAGs
[2023-04-27T05:05:51.159+0000] {logging_mixin.py:137} INFO - [2023-04-27T05:05:51.159+0000] {dag.py:3456} INFO - Setting next_dagrun for example_params_ui_tutorial to None, run_after=None
[2023-04-27T05:05:51.171+0000] {processor.py:175} INFO - Processing /home/airflow/.local/lib/python3.7/site-packages/airflow/example_dags/example_params_ui_tutorial.py took 0.124 seconds
[2023-04-27T05:06:22.166+0000] {processor.py:153} INFO - Started process (PID=779) to work on /home/airflow/.local/lib/python3.7/site-packages/airflow/example_dags/example_params_ui_tutorial.py
[2023-04-27T05:06:22.175+0000] {processor.py:743} INFO - Processing file /home/airflow/.local/lib/python3.7/site-packages/airflow/example_dags/example_params_ui_tutorial.py for tasks to queue
[2023-04-27T05:06:22.176+0000] {logging_mixin.py:137} INFO - [2023-04-27T05:06:22.176+0000] {dagbag.py:532} INFO - Filling up the DagBag from /home/airflow/.local/lib/python3.7/site-packages/airflow/example_dags/example_params_ui_tutorial.py
[2023-04-27T05:06:22.217+0000] {processor.py:753} INFO - DAG(s) dict_keys(['example_params_ui_tutorial']) retrieved from /home/airflow/.local/lib/python3.7/site-packages/airflow/example_dags/example_params_ui_tutorial.py
[2023-04-27T05:06:22.266+0000] {logging_mixin.py:137} INFO - [2023-04-27T05:06:22.265+0000] {dag.py:2705} INFO - Sync 1 DAGs
[2023-04-27T05:06:22.285+0000] {logging_mixin.py:137} INFO - [2023-04-27T05:06:22.285+0000] {dag.py:3456} INFO - Setting next_dagrun for example_params_ui_tutorial to None, run_after=None
[2023-04-27T05:06:22.300+0000] {processor.py:175} INFO - Processing /home/airflow/.local/lib/python3.7/site-packages/airflow/example_dags/example_params_ui_tutorial.py took 0.136 seconds
[2023-04-27T05:06:52.331+0000] {processor.py:153} INFO - Started process (PID=829) to work on /home/airflow/.local/lib/python3.7/site-packages/airflow/example_dags/example_params_ui_tutorial.py
[2023-04-27T05:06:52.341+0000] {processor.py:743} INFO - Processing file /home/airflow/.local/lib/python3.7/site-packages/airflow/example_dags/example_params_ui_tutorial.py for tasks to queue
[2023-04-27T05:06:52.342+0000] {logging_mixin.py:137} INFO - [2023-04-27T05:06:52.342+0000] {dagbag.py:532} INFO - Filling up the DagBag from /home/airflow/.local/lib/python3.7/site-packages/airflow/example_dags/example_params_ui_tutorial.py
[2023-04-27T05:06:52.383+0000] {processor.py:753} INFO - DAG(s) dict_keys(['example_params_ui_tutorial']) retrieved from /home/airflow/.local/lib/python3.7/site-packages/airflow/example_dags/example_params_ui_tutorial.py
[2023-04-27T05:06:52.432+0000] {logging_mixin.py:137} INFO - [2023-04-27T05:06:52.432+0000] {dag.py:2705} INFO - Sync 1 DAGs
[2023-04-27T05:06:52.451+0000] {logging_mixin.py:137} INFO - [2023-04-27T05:06:52.451+0000] {dag.py:3456} INFO - Setting next_dagrun for example_params_ui_tutorial to None, run_after=None
[2023-04-27T05:06:52.466+0000] {processor.py:175} INFO - Processing /home/airflow/.local/lib/python3.7/site-packages/airflow/example_dags/example_params_ui_tutorial.py took 0.136 seconds
[2023-04-27T05:07:22.703+0000] {processor.py:153} INFO - Started process (PID=879) to work on /home/airflow/.local/lib/python3.7/site-packages/airflow/example_dags/example_params_ui_tutorial.py
[2023-04-27T05:07:22.713+0000] {processor.py:743} INFO - Processing file /home/airflow/.local/lib/python3.7/site-packages/airflow/example_dags/example_params_ui_tutorial.py for tasks to queue
[2023-04-27T05:07:22.714+0000] {logging_mixin.py:137} INFO - [2023-04-27T05:07:22.714+0000] {dagbag.py:532} INFO - Filling up the DagBag from /home/airflow/.local/lib/python3.7/site-packages/airflow/example_dags/example_params_ui_tutorial.py
[2023-04-27T05:07:22.756+0000] {processor.py:753} INFO - DAG(s) dict_keys(['example_params_ui_tutorial']) retrieved from /home/airflow/.local/lib/python3.7/site-packages/airflow/example_dags/example_params_ui_tutorial.py
[2023-04-27T05:07:22.806+0000] {logging_mixin.py:137} INFO - [2023-04-27T05:07:22.806+0000] {dag.py:2705} INFO - Sync 1 DAGs
[2023-04-27T05:07:22.824+0000] {logging_mixin.py:137} INFO - [2023-04-27T05:07:22.824+0000] {dag.py:3456} INFO - Setting next_dagrun for example_params_ui_tutorial to None, run_after=None
[2023-04-27T05:07:22.840+0000] {processor.py:175} INFO - Processing /home/airflow/.local/lib/python3.7/site-packages/airflow/example_dags/example_params_ui_tutorial.py took 0.138 seconds
[2023-04-27T05:07:52.944+0000] {processor.py:153} INFO - Started process (PID=929) to work on /home/airflow/.local/lib/python3.7/site-packages/airflow/example_dags/example_params_ui_tutorial.py
[2023-04-27T05:07:52.953+0000] {processor.py:743} INFO - Processing file /home/airflow/.local/lib/python3.7/site-packages/airflow/example_dags/example_params_ui_tutorial.py for tasks to queue
[2023-04-27T05:07:52.954+0000] {logging_mixin.py:137} INFO - [2023-04-27T05:07:52.954+0000] {dagbag.py:532} INFO - Filling up the DagBag from /home/airflow/.local/lib/python3.7/site-packages/airflow/example_dags/example_params_ui_tutorial.py
[2023-04-27T05:07:53.003+0000] {processor.py:753} INFO - DAG(s) dict_keys(['example_params_ui_tutorial']) retrieved from /home/airflow/.local/lib/python3.7/site-packages/airflow/example_dags/example_params_ui_tutorial.py
[2023-04-27T05:07:53.054+0000] {logging_mixin.py:137} INFO - [2023-04-27T05:07:53.054+0000] {dag.py:2705} INFO - Sync 1 DAGs
[2023-04-27T05:07:53.073+0000] {logging_mixin.py:137} INFO - [2023-04-27T05:07:53.073+0000] {dag.py:3456} INFO - Setting next_dagrun for example_params_ui_tutorial to None, run_after=None
[2023-04-27T05:07:53.089+0000] {processor.py:175} INFO - Processing /home/airflow/.local/lib/python3.7/site-packages/airflow/example_dags/example_params_ui_tutorial.py took 0.147 seconds
[2023-04-27T05:08:23.970+0000] {processor.py:153} INFO - Started process (PID=979) to work on /home/airflow/.local/lib/python3.7/site-packages/airflow/example_dags/example_params_ui_tutorial.py
[2023-04-27T05:08:23.979+0000] {processor.py:743} INFO - Processing file /home/airflow/.local/lib/python3.7/site-packages/airflow/example_dags/example_params_ui_tutorial.py for tasks to queue
[2023-04-27T05:08:23.980+0000] {logging_mixin.py:137} INFO - [2023-04-27T05:08:23.980+0000] {dagbag.py:532} INFO - Filling up the DagBag from /home/airflow/.local/lib/python3.7/site-packages/airflow/example_dags/example_params_ui_tutorial.py
[2023-04-27T05:08:24.023+0000] {processor.py:753} INFO - DAG(s) dict_keys(['example_params_ui_tutorial']) retrieved from /home/airflow/.local/lib/python3.7/site-packages/airflow/example_dags/example_params_ui_tutorial.py
[2023-04-27T05:08:24.070+0000] {logging_mixin.py:137} INFO - [2023-04-27T05:08:24.070+0000] {dag.py:2705} INFO - Sync 1 DAGs
[2023-04-27T05:08:24.089+0000] {logging_mixin.py:137} INFO - [2023-04-27T05:08:24.089+0000] {dag.py:3456} INFO - Setting next_dagrun for example_params_ui_tutorial to None, run_after=None
[2023-04-27T05:08:24.103+0000] {processor.py:175} INFO - Processing /home/airflow/.local/lib/python3.7/site-packages/airflow/example_dags/example_params_ui_tutorial.py took 0.135 seconds
[2023-04-27T05:08:54.224+0000] {processor.py:153} INFO - Started process (PID=1029) to work on /home/airflow/.local/lib/python3.7/site-packages/airflow/example_dags/example_params_ui_tutorial.py
[2023-04-27T05:08:54.234+0000] {processor.py:743} INFO - Processing file /home/airflow/.local/lib/python3.7/site-packages/airflow/example_dags/example_params_ui_tutorial.py for tasks to queue
[2023-04-27T05:08:54.235+0000] {logging_mixin.py:137} INFO - [2023-04-27T05:08:54.235+0000] {dagbag.py:532} INFO - Filling up the DagBag from /home/airflow/.local/lib/python3.7/site-packages/airflow/example_dags/example_params_ui_tutorial.py
[2023-04-27T05:08:54.274+0000] {processor.py:753} INFO - DAG(s) dict_keys(['example_params_ui_tutorial']) retrieved from /home/airflow/.local/lib/python3.7/site-packages/airflow/example_dags/example_params_ui_tutorial.py
[2023-04-27T05:08:54.323+0000] {logging_mixin.py:137} INFO - [2023-04-27T05:08:54.323+0000] {dag.py:2705} INFO - Sync 1 DAGs
[2023-04-27T05:08:54.341+0000] {logging_mixin.py:137} INFO - [2023-04-27T05:08:54.341+0000] {dag.py:3456} INFO - Setting next_dagrun for example_params_ui_tutorial to None, run_after=None
[2023-04-27T05:08:54.356+0000] {processor.py:175} INFO - Processing /home/airflow/.local/lib/python3.7/site-packages/airflow/example_dags/example_params_ui_tutorial.py took 0.134 seconds
[2023-04-27T05:09:24.526+0000] {processor.py:153} INFO - Started process (PID=1079) to work on /home/airflow/.local/lib/python3.7/site-packages/airflow/example_dags/example_params_ui_tutorial.py
[2023-04-27T05:09:24.536+0000] {processor.py:743} INFO - Processing file /home/airflow/.local/lib/python3.7/site-packages/airflow/example_dags/example_params_ui_tutorial.py for tasks to queue
[2023-04-27T05:09:24.537+0000] {logging_mixin.py:137} INFO - [2023-04-27T05:09:24.537+0000] {dagbag.py:532} INFO - Filling up the DagBag from /home/airflow/.local/lib/python3.7/site-packages/airflow/example_dags/example_params_ui_tutorial.py
[2023-04-27T05:09:24.578+0000] {processor.py:753} INFO - DAG(s) dict_keys(['example_params_ui_tutorial']) retrieved from /home/airflow/.local/lib/python3.7/site-packages/airflow/example_dags/example_params_ui_tutorial.py
[2023-04-27T05:09:24.625+0000] {logging_mixin.py:137} INFO - [2023-04-27T05:09:24.625+0000] {dag.py:2705} INFO - Sync 1 DAGs
[2023-04-27T05:09:24.643+0000] {logging_mixin.py:137} INFO - [2023-04-27T05:09:24.643+0000] {dag.py:3456} INFO - Setting next_dagrun for example_params_ui_tutorial to None, run_after=None
[2023-04-27T05:09:24.665+0000] {processor.py:175} INFO - Processing /home/airflow/.local/lib/python3.7/site-packages/airflow/example_dags/example_params_ui_tutorial.py took 0.140 seconds
[2023-04-27T05:09:54.696+0000] {processor.py:153} INFO - Started process (PID=1129) to work on /home/airflow/.local/lib/python3.7/site-packages/airflow/example_dags/example_params_ui_tutorial.py
[2023-04-27T05:09:54.697+0000] {processor.py:743} INFO - Processing file /home/airflow/.local/lib/python3.7/site-packages/airflow/example_dags/example_params_ui_tutorial.py for tasks to queue
[2023-04-27T05:09:54.697+0000] {logging_mixin.py:137} INFO - [2023-04-27T05:09:54.697+0000] {dagbag.py:532} INFO - Filling up the DagBag from /home/airflow/.local/lib/python3.7/site-packages/airflow/example_dags/example_params_ui_tutorial.py
[2023-04-27T05:09:54.737+0000] {processor.py:753} INFO - DAG(s) dict_keys(['example_params_ui_tutorial']) retrieved from /home/airflow/.local/lib/python3.7/site-packages/airflow/example_dags/example_params_ui_tutorial.py
[2023-04-27T05:09:54.784+0000] {logging_mixin.py:137} INFO - [2023-04-27T05:09:54.784+0000] {dag.py:2705} INFO - Sync 1 DAGs
[2023-04-27T05:09:54.803+0000] {logging_mixin.py:137} INFO - [2023-04-27T05:09:54.803+0000] {dag.py:3456} INFO - Setting next_dagrun for example_params_ui_tutorial to None, run_after=None
[2023-04-27T05:09:54.818+0000] {processor.py:175} INFO - Processing /home/airflow/.local/lib/python3.7/site-packages/airflow/example_dags/example_params_ui_tutorial.py took 0.123 seconds
[2023-04-27T05:10:24.922+0000] {processor.py:153} INFO - Started process (PID=1179) to work on /home/airflow/.local/lib/python3.7/site-packages/airflow/example_dags/example_params_ui_tutorial.py
[2023-04-27T05:10:24.931+0000] {processor.py:743} INFO - Processing file /home/airflow/.local/lib/python3.7/site-packages/airflow/example_dags/example_params_ui_tutorial.py for tasks to queue
[2023-04-27T05:10:24.932+0000] {logging_mixin.py:137} INFO - [2023-04-27T05:10:24.932+0000] {dagbag.py:532} INFO - Filling up the DagBag from /home/airflow/.local/lib/python3.7/site-packages/airflow/example_dags/example_params_ui_tutorial.py
[2023-04-27T05:10:24.972+0000] {processor.py:753} INFO - DAG(s) dict_keys(['example_params_ui_tutorial']) retrieved from /home/airflow/.local/lib/python3.7/site-packages/airflow/example_dags/example_params_ui_tutorial.py
[2023-04-27T05:10:25.020+0000] {logging_mixin.py:137} INFO - [2023-04-27T05:10:25.020+0000] {dag.py:2705} INFO - Sync 1 DAGs
[2023-04-27T05:10:25.039+0000] {logging_mixin.py:137} INFO - [2023-04-27T05:10:25.038+0000] {dag.py:3456} INFO - Setting next_dagrun for example_params_ui_tutorial to None, run_after=None
[2023-04-27T05:10:25.054+0000] {processor.py:175} INFO - Processing /home/airflow/.local/lib/python3.7/site-packages/airflow/example_dags/example_params_ui_tutorial.py took 0.135 seconds
[2023-04-27T05:10:55.213+0000] {processor.py:153} INFO - Started process (PID=1228) to work on /home/airflow/.local/lib/python3.7/site-packages/airflow/example_dags/example_params_ui_tutorial.py
[2023-04-27T05:10:55.223+0000] {processor.py:743} INFO - Processing file /home/airflow/.local/lib/python3.7/site-packages/airflow/example_dags/example_params_ui_tutorial.py for tasks to queue
[2023-04-27T05:10:55.224+0000] {logging_mixin.py:137} INFO - [2023-04-27T05:10:55.224+0000] {dagbag.py:532} INFO - Filling up the DagBag from /home/airflow/.local/lib/python3.7/site-packages/airflow/example_dags/example_params_ui_tutorial.py
[2023-04-27T05:10:55.264+0000] {processor.py:753} INFO - DAG(s) dict_keys(['example_params_ui_tutorial']) retrieved from /home/airflow/.local/lib/python3.7/site-packages/airflow/example_dags/example_params_ui_tutorial.py
[2023-04-27T05:10:55.312+0000] {logging_mixin.py:137} INFO - [2023-04-27T05:10:55.312+0000] {dag.py:2705} INFO - Sync 1 DAGs
[2023-04-27T05:10:55.331+0000] {logging_mixin.py:137} INFO - [2023-04-27T05:10:55.331+0000] {dag.py:3456} INFO - Setting next_dagrun for example_params_ui_tutorial to None, run_after=None
[2023-04-27T05:10:55.350+0000] {processor.py:175} INFO - Processing /home/airflow/.local/lib/python3.7/site-packages/airflow/example_dags/example_params_ui_tutorial.py took 0.140 seconds
[2023-04-27T05:11:25.439+0000] {processor.py:153} INFO - Started process (PID=1278) to work on /home/airflow/.local/lib/python3.7/site-packages/airflow/example_dags/example_params_ui_tutorial.py
[2023-04-27T05:11:25.449+0000] {processor.py:743} INFO - Processing file /home/airflow/.local/lib/python3.7/site-packages/airflow/example_dags/example_params_ui_tutorial.py for tasks to queue
[2023-04-27T05:11:25.450+0000] {logging_mixin.py:137} INFO - [2023-04-27T05:11:25.450+0000] {dagbag.py:532} INFO - Filling up the DagBag from /home/airflow/.local/lib/python3.7/site-packages/airflow/example_dags/example_params_ui_tutorial.py
[2023-04-27T05:11:25.491+0000] {processor.py:753} INFO - DAG(s) dict_keys(['example_params_ui_tutorial']) retrieved from /home/airflow/.local/lib/python3.7/site-packages/airflow/example_dags/example_params_ui_tutorial.py
[2023-04-27T05:11:25.539+0000] {logging_mixin.py:137} INFO - [2023-04-27T05:11:25.539+0000] {dag.py:2705} INFO - Sync 1 DAGs
[2023-04-27T05:11:25.557+0000] {logging_mixin.py:137} INFO - [2023-04-27T05:11:25.557+0000] {dag.py:3456} INFO - Setting next_dagrun for example_params_ui_tutorial to None, run_after=None
[2023-04-27T05:11:25.573+0000] {processor.py:175} INFO - Processing /home/airflow/.local/lib/python3.7/site-packages/airflow/example_dags/example_params_ui_tutorial.py took 0.135 seconds
[2023-04-27T05:11:55.677+0000] {processor.py:153} INFO - Started process (PID=1328) to work on /home/airflow/.local/lib/python3.7/site-packages/airflow/example_dags/example_params_ui_tutorial.py
[2023-04-27T05:11:55.687+0000] {processor.py:743} INFO - Processing file /home/airflow/.local/lib/python3.7/site-packages/airflow/example_dags/example_params_ui_tutorial.py for tasks to queue
[2023-04-27T05:11:55.688+0000] {logging_mixin.py:137} INFO - [2023-04-27T05:11:55.688+0000] {dagbag.py:532} INFO - Filling up the DagBag from /home/airflow/.local/lib/python3.7/site-packages/airflow/example_dags/example_params_ui_tutorial.py
[2023-04-27T05:11:55.730+0000] {processor.py:753} INFO - DAG(s) dict_keys(['example_params_ui_tutorial']) retrieved from /home/airflow/.local/lib/python3.7/site-packages/airflow/example_dags/example_params_ui_tutorial.py
[2023-04-27T05:11:55.777+0000] {logging_mixin.py:137} INFO - [2023-04-27T05:11:55.776+0000] {dag.py:2705} INFO - Sync 1 DAGs
[2023-04-27T05:11:55.795+0000] {logging_mixin.py:137} INFO - [2023-04-27T05:11:55.795+0000] {dag.py:3456} INFO - Setting next_dagrun for example_params_ui_tutorial to None, run_after=None
[2023-04-27T05:11:55.811+0000] {processor.py:175} INFO - Processing /home/airflow/.local/lib/python3.7/site-packages/airflow/example_dags/example_params_ui_tutorial.py took 0.135 seconds
[2023-04-27T05:12:25.860+0000] {processor.py:153} INFO - Started process (PID=1378) to work on /home/airflow/.local/lib/python3.7/site-packages/airflow/example_dags/example_params_ui_tutorial.py
[2023-04-27T05:12:25.870+0000] {processor.py:743} INFO - Processing file /home/airflow/.local/lib/python3.7/site-packages/airflow/example_dags/example_params_ui_tutorial.py for tasks to queue
[2023-04-27T05:12:25.871+0000] {logging_mixin.py:137} INFO - [2023-04-27T05:12:25.871+0000] {dagbag.py:532} INFO - Filling up the DagBag from /home/airflow/.local/lib/python3.7/site-packages/airflow/example_dags/example_params_ui_tutorial.py
[2023-04-27T05:12:25.912+0000] {processor.py:753} INFO - DAG(s) dict_keys(['example_params_ui_tutorial']) retrieved from /home/airflow/.local/lib/python3.7/site-packages/airflow/example_dags/example_params_ui_tutorial.py
[2023-04-27T05:12:25.962+0000] {logging_mixin.py:137} INFO - [2023-04-27T05:12:25.962+0000] {dag.py:2705} INFO - Sync 1 DAGs
[2023-04-27T05:12:25.981+0000] {logging_mixin.py:137} INFO - [2023-04-27T05:12:25.981+0000] {dag.py:3456} INFO - Setting next_dagrun for example_params_ui_tutorial to None, run_after=None
[2023-04-27T05:12:25.996+0000] {processor.py:175} INFO - Processing /home/airflow/.local/lib/python3.7/site-packages/airflow/example_dags/example_params_ui_tutorial.py took 0.137 seconds
[2023-04-27T05:12:56.132+0000] {processor.py:153} INFO - Started process (PID=1428) to work on /home/airflow/.local/lib/python3.7/site-packages/airflow/example_dags/example_params_ui_tutorial.py
[2023-04-27T05:12:56.142+0000] {processor.py:743} INFO - Processing file /home/airflow/.local/lib/python3.7/site-packages/airflow/example_dags/example_params_ui_tutorial.py for tasks to queue
[2023-04-27T05:12:56.143+0000] {logging_mixin.py:137} INFO - [2023-04-27T05:12:56.143+0000] {dagbag.py:532} INFO - Filling up the DagBag from /home/airflow/.local/lib/python3.7/site-packages/airflow/example_dags/example_params_ui_tutorial.py
[2023-04-27T05:12:56.189+0000] {processor.py:753} INFO - DAG(s) dict_keys(['example_params_ui_tutorial']) retrieved from /home/airflow/.local/lib/python3.7/site-packages/airflow/example_dags/example_params_ui_tutorial.py
[2023-04-27T05:12:56.240+0000] {logging_mixin.py:137} INFO - [2023-04-27T05:12:56.240+0000] {dag.py:2705} INFO - Sync 1 DAGs
[2023-04-27T05:12:56.259+0000] {logging_mixin.py:137} INFO - [2023-04-27T05:12:56.259+0000] {dag.py:3456} INFO - Setting next_dagrun for example_params_ui_tutorial to None, run_after=None
[2023-04-27T05:12:56.275+0000] {processor.py:175} INFO - Processing /home/airflow/.local/lib/python3.7/site-packages/airflow/example_dags/example_params_ui_tutorial.py took 0.144 seconds
[2023-04-27T05:13:26.579+0000] {processor.py:153} INFO - Started process (PID=1478) to work on /home/airflow/.local/lib/python3.7/site-packages/airflow/example_dags/example_params_ui_tutorial.py
[2023-04-27T05:13:26.588+0000] {processor.py:743} INFO - Processing file /home/airflow/.local/lib/python3.7/site-packages/airflow/example_dags/example_params_ui_tutorial.py for tasks to queue
[2023-04-27T05:13:26.590+0000] {logging_mixin.py:137} INFO - [2023-04-27T05:13:26.589+0000] {dagbag.py:532} INFO - Filling up the DagBag from /home/airflow/.local/lib/python3.7/site-packages/airflow/example_dags/example_params_ui_tutorial.py
[2023-04-27T05:13:26.631+0000] {processor.py:753} INFO - DAG(s) dict_keys(['example_params_ui_tutorial']) retrieved from /home/airflow/.local/lib/python3.7/site-packages/airflow/example_dags/example_params_ui_tutorial.py
[2023-04-27T05:13:26.679+0000] {logging_mixin.py:137} INFO - [2023-04-27T05:13:26.679+0000] {dag.py:2705} INFO - Sync 1 DAGs
[2023-04-27T05:13:26.697+0000] {logging_mixin.py:137} INFO - [2023-04-27T05:13:26.697+0000] {dag.py:3456} INFO - Setting next_dagrun for example_params_ui_tutorial to None, run_after=None
[2023-04-27T05:13:26.713+0000] {processor.py:175} INFO - Processing /home/airflow/.local/lib/python3.7/site-packages/airflow/example_dags/example_params_ui_tutorial.py took 0.135 seconds
[2023-04-27T05:13:56.783+0000] {processor.py:153} INFO - Started process (PID=1528) to work on /home/airflow/.local/lib/python3.7/site-packages/airflow/example_dags/example_params_ui_tutorial.py
[2023-04-27T05:13:56.783+0000] {processor.py:743} INFO - Processing file /home/airflow/.local/lib/python3.7/site-packages/airflow/example_dags/example_params_ui_tutorial.py for tasks to queue
[2023-04-27T05:13:56.783+0000] {logging_mixin.py:137} INFO - [2023-04-27T05:13:56.783+0000] {dagbag.py:532} INFO - Filling up the DagBag from /home/airflow/.local/lib/python3.7/site-packages/airflow/example_dags/example_params_ui_tutorial.py
[2023-04-27T05:13:56.824+0000] {processor.py:753} INFO - DAG(s) dict_keys(['example_params_ui_tutorial']) retrieved from /home/airflow/.local/lib/python3.7/site-packages/airflow/example_dags/example_params_ui_tutorial.py
[2023-04-27T05:13:56.873+0000] {logging_mixin.py:137} INFO - [2023-04-27T05:13:56.873+0000] {dag.py:2705} INFO - Sync 1 DAGs
[2023-04-27T05:13:56.892+0000] {logging_mixin.py:137} INFO - [2023-04-27T05:13:56.892+0000] {dag.py:3456} INFO - Setting next_dagrun for example_params_ui_tutorial to None, run_after=None
[2023-04-27T05:13:56.908+0000] {processor.py:175} INFO - Processing /home/airflow/.local/lib/python3.7/site-packages/airflow/example_dags/example_params_ui_tutorial.py took 0.127 seconds
[2023-04-27T05:14:27.059+0000] {processor.py:153} INFO - Started process (PID=1578) to work on /home/airflow/.local/lib/python3.7/site-packages/airflow/example_dags/example_params_ui_tutorial.py
[2023-04-27T05:14:27.059+0000] {processor.py:743} INFO - Processing file /home/airflow/.local/lib/python3.7/site-packages/airflow/example_dags/example_params_ui_tutorial.py for tasks to queue
[2023-04-27T05:14:27.060+0000] {logging_mixin.py:137} INFO - [2023-04-27T05:14:27.060+0000] {dagbag.py:532} INFO - Filling up the DagBag from /home/airflow/.local/lib/python3.7/site-packages/airflow/example_dags/example_params_ui_tutorial.py
[2023-04-27T05:14:27.103+0000] {processor.py:753} INFO - DAG(s) dict_keys(['example_params_ui_tutorial']) retrieved from /home/airflow/.local/lib/python3.7/site-packages/airflow/example_dags/example_params_ui_tutorial.py
[2023-04-27T05:14:27.151+0000] {logging_mixin.py:137} INFO - [2023-04-27T05:14:27.151+0000] {dag.py:2705} INFO - Sync 1 DAGs
[2023-04-27T05:14:27.169+0000] {logging_mixin.py:137} INFO - [2023-04-27T05:14:27.169+0000] {dag.py:3456} INFO - Setting next_dagrun for example_params_ui_tutorial to None, run_after=None
[2023-04-27T05:14:27.184+0000] {processor.py:175} INFO - Processing /home/airflow/.local/lib/python3.7/site-packages/airflow/example_dags/example_params_ui_tutorial.py took 0.127 seconds
[2023-04-27T05:14:57.215+0000] {processor.py:153} INFO - Started process (PID=1627) to work on /home/airflow/.local/lib/python3.7/site-packages/airflow/example_dags/example_params_ui_tutorial.py
[2023-04-27T05:14:57.225+0000] {processor.py:743} INFO - Processing file /home/airflow/.local/lib/python3.7/site-packages/airflow/example_dags/example_params_ui_tutorial.py for tasks to queue
[2023-04-27T05:14:57.225+0000] {logging_mixin.py:137} INFO - [2023-04-27T05:14:57.225+0000] {dagbag.py:532} INFO - Filling up the DagBag from /home/airflow/.local/lib/python3.7/site-packages/airflow/example_dags/example_params_ui_tutorial.py
[2023-04-27T05:14:57.273+0000] {processor.py:753} INFO - DAG(s) dict_keys(['example_params_ui_tutorial']) retrieved from /home/airflow/.local/lib/python3.7/site-packages/airflow/example_dags/example_params_ui_tutorial.py
[2023-04-27T05:14:57.330+0000] {logging_mixin.py:137} INFO - [2023-04-27T05:14:57.330+0000] {dag.py:2705} INFO - Sync 1 DAGs
[2023-04-27T05:14:57.352+0000] {logging_mixin.py:137} INFO - [2023-04-27T05:14:57.352+0000] {dag.py:3456} INFO - Setting next_dagrun for example_params_ui_tutorial to None, run_after=None
[2023-04-27T05:14:57.371+0000] {processor.py:175} INFO - Processing /home/airflow/.local/lib/python3.7/site-packages/airflow/example_dags/example_params_ui_tutorial.py took 0.158 seconds
