[2023-04-27T04:59:14.278+0000] {processor.py:153} INFO - Started process (PID=53) to work on /home/airflow/.local/lib/python3.7/site-packages/airflow/example_dags/example_branch_operator.py
[2023-04-27T04:59:14.278+0000] {processor.py:743} INFO - Processing file /home/airflow/.local/lib/python3.7/site-packages/airflow/example_dags/example_branch_operator.py for tasks to queue
[2023-04-27T04:59:14.279+0000] {logging_mixin.py:137} INFO - [2023-04-27T04:59:14.279+0000] {dagbag.py:532} INFO - Filling up the DagBag from /home/airflow/.local/lib/python3.7/site-packages/airflow/example_dags/example_branch_operator.py
[2023-04-27T04:59:14.294+0000] {processor.py:753} INFO - DAG(s) dict_keys(['example_branch_operator']) retrieved from /home/airflow/.local/lib/python3.7/site-packages/airflow/example_dags/example_branch_operator.py
[2023-04-27T04:59:14.304+0000] {logging_mixin.py:137} INFO - [2023-04-27T04:59:14.304+0000] {dag.py:2705} INFO - Sync 1 DAGs
[2023-04-27T04:59:14.327+0000] {logging_mixin.py:137} INFO - [2023-04-27T04:59:14.327+0000] {dag.py:3456} INFO - Setting next_dagrun for example_branch_operator to 2023-04-26T00:00:00+00:00, run_after=2023-04-27T00:00:00+00:00
[2023-04-27T04:59:14.345+0000] {processor.py:175} INFO - Processing /home/airflow/.local/lib/python3.7/site-packages/airflow/example_dags/example_branch_operator.py took 0.069 seconds
[2023-04-27T04:59:44.934+0000] {processor.py:153} INFO - Started process (PID=102) to work on /home/airflow/.local/lib/python3.7/site-packages/airflow/example_dags/example_branch_operator.py
[2023-04-27T04:59:44.934+0000] {processor.py:743} INFO - Processing file /home/airflow/.local/lib/python3.7/site-packages/airflow/example_dags/example_branch_operator.py for tasks to queue
[2023-04-27T04:59:44.935+0000] {logging_mixin.py:137} INFO - [2023-04-27T04:59:44.934+0000] {dagbag.py:532} INFO - Filling up the DagBag from /home/airflow/.local/lib/python3.7/site-packages/airflow/example_dags/example_branch_operator.py
[2023-04-27T04:59:44.945+0000] {processor.py:753} INFO - DAG(s) dict_keys(['example_branch_operator']) retrieved from /home/airflow/.local/lib/python3.7/site-packages/airflow/example_dags/example_branch_operator.py
[2023-04-27T04:59:44.963+0000] {logging_mixin.py:137} INFO - [2023-04-27T04:59:44.963+0000] {dag.py:2705} INFO - Sync 1 DAGs
[2023-04-27T04:59:44.981+0000] {logging_mixin.py:137} INFO - [2023-04-27T04:59:44.981+0000] {dag.py:3456} INFO - Setting next_dagrun for example_branch_operator to 2023-04-26T00:00:00+00:00, run_after=2023-04-27T00:00:00+00:00
[2023-04-27T04:59:44.993+0000] {processor.py:175} INFO - Processing /home/airflow/.local/lib/python3.7/site-packages/airflow/example_dags/example_branch_operator.py took 0.062 seconds
[2023-04-27T05:00:15.174+0000] {processor.py:153} INFO - Started process (PID=152) to work on /home/airflow/.local/lib/python3.7/site-packages/airflow/example_dags/example_branch_operator.py
[2023-04-27T05:00:15.174+0000] {processor.py:743} INFO - Processing file /home/airflow/.local/lib/python3.7/site-packages/airflow/example_dags/example_branch_operator.py for tasks to queue
[2023-04-27T05:00:15.175+0000] {logging_mixin.py:137} INFO - [2023-04-27T05:00:15.175+0000] {dagbag.py:532} INFO - Filling up the DagBag from /home/airflow/.local/lib/python3.7/site-packages/airflow/example_dags/example_branch_operator.py
[2023-04-27T05:00:15.187+0000] {processor.py:753} INFO - DAG(s) dict_keys(['example_branch_operator']) retrieved from /home/airflow/.local/lib/python3.7/site-packages/airflow/example_dags/example_branch_operator.py
[2023-04-27T05:00:15.206+0000] {logging_mixin.py:137} INFO - [2023-04-27T05:00:15.206+0000] {dag.py:2705} INFO - Sync 1 DAGs
[2023-04-27T05:00:15.226+0000] {logging_mixin.py:137} INFO - [2023-04-27T05:00:15.226+0000] {dag.py:3456} INFO - Setting next_dagrun for example_branch_operator to 2023-04-26T00:00:00+00:00, run_after=2023-04-27T00:00:00+00:00
[2023-04-27T05:00:15.242+0000] {processor.py:175} INFO - Processing /home/airflow/.local/lib/python3.7/site-packages/airflow/example_dags/example_branch_operator.py took 0.070 seconds
[2023-04-27T05:00:45.440+0000] {processor.py:153} INFO - Started process (PID=202) to work on /home/airflow/.local/lib/python3.7/site-packages/airflow/example_dags/example_branch_operator.py
[2023-04-27T05:00:45.440+0000] {processor.py:743} INFO - Processing file /home/airflow/.local/lib/python3.7/site-packages/airflow/example_dags/example_branch_operator.py for tasks to queue
[2023-04-27T05:00:45.441+0000] {logging_mixin.py:137} INFO - [2023-04-27T05:00:45.441+0000] {dagbag.py:532} INFO - Filling up the DagBag from /home/airflow/.local/lib/python3.7/site-packages/airflow/example_dags/example_branch_operator.py
[2023-04-27T05:00:45.453+0000] {processor.py:753} INFO - DAG(s) dict_keys(['example_branch_operator']) retrieved from /home/airflow/.local/lib/python3.7/site-packages/airflow/example_dags/example_branch_operator.py
[2023-04-27T05:00:45.472+0000] {logging_mixin.py:137} INFO - [2023-04-27T05:00:45.471+0000] {dag.py:2705} INFO - Sync 1 DAGs
[2023-04-27T05:00:45.491+0000] {logging_mixin.py:137} INFO - [2023-04-27T05:00:45.491+0000] {dag.py:3456} INFO - Setting next_dagrun for example_branch_operator to 2023-04-26T00:00:00+00:00, run_after=2023-04-27T00:00:00+00:00
[2023-04-27T05:00:45.506+0000] {processor.py:175} INFO - Processing /home/airflow/.local/lib/python3.7/site-packages/airflow/example_dags/example_branch_operator.py took 0.068 seconds
[2023-04-27T05:01:15.568+0000] {processor.py:153} INFO - Started process (PID=252) to work on /home/airflow/.local/lib/python3.7/site-packages/airflow/example_dags/example_branch_operator.py
[2023-04-27T05:01:15.569+0000] {processor.py:743} INFO - Processing file /home/airflow/.local/lib/python3.7/site-packages/airflow/example_dags/example_branch_operator.py for tasks to queue
[2023-04-27T05:01:15.569+0000] {logging_mixin.py:137} INFO - [2023-04-27T05:01:15.569+0000] {dagbag.py:532} INFO - Filling up the DagBag from /home/airflow/.local/lib/python3.7/site-packages/airflow/example_dags/example_branch_operator.py
[2023-04-27T05:01:15.581+0000] {processor.py:753} INFO - DAG(s) dict_keys(['example_branch_operator']) retrieved from /home/airflow/.local/lib/python3.7/site-packages/airflow/example_dags/example_branch_operator.py
[2023-04-27T05:01:15.591+0000] {logging_mixin.py:137} INFO - [2023-04-27T05:01:15.591+0000] {dag.py:2705} INFO - Sync 1 DAGs
[2023-04-27T05:01:15.613+0000] {logging_mixin.py:137} INFO - [2023-04-27T05:01:15.613+0000] {dag.py:3456} INFO - Setting next_dagrun for example_branch_operator to 2023-04-26T00:00:00+00:00, run_after=2023-04-27T00:00:00+00:00
[2023-04-27T05:01:15.631+0000] {processor.py:175} INFO - Processing /home/airflow/.local/lib/python3.7/site-packages/airflow/example_dags/example_branch_operator.py took 0.065 seconds
[2023-04-27T05:01:45.787+0000] {processor.py:153} INFO - Started process (PID=301) to work on /home/airflow/.local/lib/python3.7/site-packages/airflow/example_dags/example_branch_operator.py
[2023-04-27T05:01:45.788+0000] {processor.py:743} INFO - Processing file /home/airflow/.local/lib/python3.7/site-packages/airflow/example_dags/example_branch_operator.py for tasks to queue
[2023-04-27T05:01:45.788+0000] {logging_mixin.py:137} INFO - [2023-04-27T05:01:45.788+0000] {dagbag.py:532} INFO - Filling up the DagBag from /home/airflow/.local/lib/python3.7/site-packages/airflow/example_dags/example_branch_operator.py
[2023-04-27T05:01:45.801+0000] {processor.py:753} INFO - DAG(s) dict_keys(['example_branch_operator']) retrieved from /home/airflow/.local/lib/python3.7/site-packages/airflow/example_dags/example_branch_operator.py
[2023-04-27T05:01:45.823+0000] {logging_mixin.py:137} INFO - [2023-04-27T05:01:45.823+0000] {dag.py:2705} INFO - Sync 1 DAGs
[2023-04-27T05:01:45.845+0000] {logging_mixin.py:137} INFO - [2023-04-27T05:01:45.845+0000] {dag.py:3456} INFO - Setting next_dagrun for example_branch_operator to 2023-04-26T00:00:00+00:00, run_after=2023-04-27T00:00:00+00:00
[2023-04-27T05:01:45.866+0000] {processor.py:175} INFO - Processing /home/airflow/.local/lib/python3.7/site-packages/airflow/example_dags/example_branch_operator.py took 0.081 seconds
[2023-04-27T05:02:15.948+0000] {processor.py:153} INFO - Started process (PID=351) to work on /home/airflow/.local/lib/python3.7/site-packages/airflow/example_dags/example_branch_operator.py
[2023-04-27T05:02:15.949+0000] {processor.py:743} INFO - Processing file /home/airflow/.local/lib/python3.7/site-packages/airflow/example_dags/example_branch_operator.py for tasks to queue
[2023-04-27T05:02:15.950+0000] {logging_mixin.py:137} INFO - [2023-04-27T05:02:15.949+0000] {dagbag.py:532} INFO - Filling up the DagBag from /home/airflow/.local/lib/python3.7/site-packages/airflow/example_dags/example_branch_operator.py
[2023-04-27T05:02:15.966+0000] {processor.py:753} INFO - DAG(s) dict_keys(['example_branch_operator']) retrieved from /home/airflow/.local/lib/python3.7/site-packages/airflow/example_dags/example_branch_operator.py
[2023-04-27T05:02:15.990+0000] {logging_mixin.py:137} INFO - [2023-04-27T05:02:15.990+0000] {dag.py:2705} INFO - Sync 1 DAGs
[2023-04-27T05:02:16.014+0000] {logging_mixin.py:137} INFO - [2023-04-27T05:02:16.014+0000] {dag.py:3456} INFO - Setting next_dagrun for example_branch_operator to 2023-04-26T00:00:00+00:00, run_after=2023-04-27T00:00:00+00:00
[2023-04-27T05:02:16.033+0000] {processor.py:175} INFO - Processing /home/airflow/.local/lib/python3.7/site-packages/airflow/example_dags/example_branch_operator.py took 0.088 seconds
[2023-04-27T05:02:46.569+0000] {processor.py:153} INFO - Started process (PID=401) to work on /home/airflow/.local/lib/python3.7/site-packages/airflow/example_dags/example_branch_operator.py
[2023-04-27T05:02:46.569+0000] {processor.py:743} INFO - Processing file /home/airflow/.local/lib/python3.7/site-packages/airflow/example_dags/example_branch_operator.py for tasks to queue
[2023-04-27T05:02:46.570+0000] {logging_mixin.py:137} INFO - [2023-04-27T05:02:46.570+0000] {dagbag.py:532} INFO - Filling up the DagBag from /home/airflow/.local/lib/python3.7/site-packages/airflow/example_dags/example_branch_operator.py
[2023-04-27T05:02:46.584+0000] {processor.py:753} INFO - DAG(s) dict_keys(['example_branch_operator']) retrieved from /home/airflow/.local/lib/python3.7/site-packages/airflow/example_dags/example_branch_operator.py
[2023-04-27T05:02:46.608+0000] {logging_mixin.py:137} INFO - [2023-04-27T05:02:46.608+0000] {dag.py:2705} INFO - Sync 1 DAGs
[2023-04-27T05:02:46.631+0000] {logging_mixin.py:137} INFO - [2023-04-27T05:02:46.630+0000] {dag.py:3456} INFO - Setting next_dagrun for example_branch_operator to 2023-04-26T00:00:00+00:00, run_after=2023-04-27T00:00:00+00:00
[2023-04-27T05:02:46.649+0000] {processor.py:175} INFO - Processing /home/airflow/.local/lib/python3.7/site-packages/airflow/example_dags/example_branch_operator.py took 0.083 seconds
[2023-04-27T05:03:17.198+0000] {processor.py:153} INFO - Started process (PID=451) to work on /home/airflow/.local/lib/python3.7/site-packages/airflow/example_dags/example_branch_operator.py
[2023-04-27T05:03:17.199+0000] {processor.py:743} INFO - Processing file /home/airflow/.local/lib/python3.7/site-packages/airflow/example_dags/example_branch_operator.py for tasks to queue
[2023-04-27T05:03:17.199+0000] {logging_mixin.py:137} INFO - [2023-04-27T05:03:17.199+0000] {dagbag.py:532} INFO - Filling up the DagBag from /home/airflow/.local/lib/python3.7/site-packages/airflow/example_dags/example_branch_operator.py
[2023-04-27T05:03:17.211+0000] {processor.py:753} INFO - DAG(s) dict_keys(['example_branch_operator']) retrieved from /home/airflow/.local/lib/python3.7/site-packages/airflow/example_dags/example_branch_operator.py
[2023-04-27T05:03:17.231+0000] {logging_mixin.py:137} INFO - [2023-04-27T05:03:17.231+0000] {dag.py:2705} INFO - Sync 1 DAGs
[2023-04-27T05:03:17.250+0000] {logging_mixin.py:137} INFO - [2023-04-27T05:03:17.250+0000] {dag.py:3456} INFO - Setting next_dagrun for example_branch_operator to 2023-04-26T00:00:00+00:00, run_after=2023-04-27T00:00:00+00:00
[2023-04-27T05:03:17.266+0000] {processor.py:175} INFO - Processing /home/airflow/.local/lib/python3.7/site-packages/airflow/example_dags/example_branch_operator.py took 0.070 seconds
[2023-04-27T05:03:47.664+0000] {processor.py:153} INFO - Started process (PID=501) to work on /home/airflow/.local/lib/python3.7/site-packages/airflow/example_dags/example_branch_operator.py
[2023-04-27T05:03:47.665+0000] {processor.py:743} INFO - Processing file /home/airflow/.local/lib/python3.7/site-packages/airflow/example_dags/example_branch_operator.py for tasks to queue
[2023-04-27T05:03:47.665+0000] {logging_mixin.py:137} INFO - [2023-04-27T05:03:47.665+0000] {dagbag.py:532} INFO - Filling up the DagBag from /home/airflow/.local/lib/python3.7/site-packages/airflow/example_dags/example_branch_operator.py
[2023-04-27T05:03:47.678+0000] {processor.py:753} INFO - DAG(s) dict_keys(['example_branch_operator']) retrieved from /home/airflow/.local/lib/python3.7/site-packages/airflow/example_dags/example_branch_operator.py
[2023-04-27T05:03:47.699+0000] {logging_mixin.py:137} INFO - [2023-04-27T05:03:47.699+0000] {dag.py:2705} INFO - Sync 1 DAGs
[2023-04-27T05:03:47.720+0000] {logging_mixin.py:137} INFO - [2023-04-27T05:03:47.720+0000] {dag.py:3456} INFO - Setting next_dagrun for example_branch_operator to 2023-04-26T00:00:00+00:00, run_after=2023-04-27T00:00:00+00:00
[2023-04-27T05:03:47.736+0000] {processor.py:175} INFO - Processing /home/airflow/.local/lib/python3.7/site-packages/airflow/example_dags/example_branch_operator.py took 0.074 seconds
[2023-04-27T05:04:18.047+0000] {processor.py:153} INFO - Started process (PID=550) to work on /home/airflow/.local/lib/python3.7/site-packages/airflow/example_dags/example_branch_operator.py
[2023-04-27T05:04:18.048+0000] {processor.py:743} INFO - Processing file /home/airflow/.local/lib/python3.7/site-packages/airflow/example_dags/example_branch_operator.py for tasks to queue
[2023-04-27T05:04:18.048+0000] {logging_mixin.py:137} INFO - [2023-04-27T05:04:18.048+0000] {dagbag.py:532} INFO - Filling up the DagBag from /home/airflow/.local/lib/python3.7/site-packages/airflow/example_dags/example_branch_operator.py
[2023-04-27T05:04:18.061+0000] {processor.py:753} INFO - DAG(s) dict_keys(['example_branch_operator']) retrieved from /home/airflow/.local/lib/python3.7/site-packages/airflow/example_dags/example_branch_operator.py
[2023-04-27T05:04:18.083+0000] {logging_mixin.py:137} INFO - [2023-04-27T05:04:18.083+0000] {dag.py:2705} INFO - Sync 1 DAGs
[2023-04-27T05:04:18.103+0000] {logging_mixin.py:137} INFO - [2023-04-27T05:04:18.103+0000] {dag.py:3456} INFO - Setting next_dagrun for example_branch_operator to 2023-04-26T00:00:00+00:00, run_after=2023-04-27T00:00:00+00:00
[2023-04-27T05:04:18.120+0000] {processor.py:175} INFO - Processing /home/airflow/.local/lib/python3.7/site-packages/airflow/example_dags/example_branch_operator.py took 0.075 seconds
[2023-04-27T05:04:48.241+0000] {processor.py:153} INFO - Started process (PID=600) to work on /home/airflow/.local/lib/python3.7/site-packages/airflow/example_dags/example_branch_operator.py
[2023-04-27T05:04:48.241+0000] {processor.py:743} INFO - Processing file /home/airflow/.local/lib/python3.7/site-packages/airflow/example_dags/example_branch_operator.py for tasks to queue
[2023-04-27T05:04:48.241+0000] {logging_mixin.py:137} INFO - [2023-04-27T05:04:48.241+0000] {dagbag.py:532} INFO - Filling up the DagBag from /home/airflow/.local/lib/python3.7/site-packages/airflow/example_dags/example_branch_operator.py
[2023-04-27T05:04:48.254+0000] {processor.py:753} INFO - DAG(s) dict_keys(['example_branch_operator']) retrieved from /home/airflow/.local/lib/python3.7/site-packages/airflow/example_dags/example_branch_operator.py
[2023-04-27T05:04:48.276+0000] {logging_mixin.py:137} INFO - [2023-04-27T05:04:48.276+0000] {dag.py:2705} INFO - Sync 1 DAGs
[2023-04-27T05:04:48.297+0000] {logging_mixin.py:137} INFO - [2023-04-27T05:04:48.297+0000] {dag.py:3456} INFO - Setting next_dagrun for example_branch_operator to 2023-04-26T00:00:00+00:00, run_after=2023-04-27T00:00:00+00:00
[2023-04-27T05:04:48.313+0000] {processor.py:175} INFO - Processing /home/airflow/.local/lib/python3.7/site-packages/airflow/example_dags/example_branch_operator.py took 0.075 seconds
[2023-04-27T05:05:18.411+0000] {processor.py:153} INFO - Started process (PID=650) to work on /home/airflow/.local/lib/python3.7/site-packages/airflow/example_dags/example_branch_operator.py
[2023-04-27T05:05:18.412+0000] {processor.py:743} INFO - Processing file /home/airflow/.local/lib/python3.7/site-packages/airflow/example_dags/example_branch_operator.py for tasks to queue
[2023-04-27T05:05:18.412+0000] {logging_mixin.py:137} INFO - [2023-04-27T05:05:18.412+0000] {dagbag.py:532} INFO - Filling up the DagBag from /home/airflow/.local/lib/python3.7/site-packages/airflow/example_dags/example_branch_operator.py
[2023-04-27T05:05:18.425+0000] {processor.py:753} INFO - DAG(s) dict_keys(['example_branch_operator']) retrieved from /home/airflow/.local/lib/python3.7/site-packages/airflow/example_dags/example_branch_operator.py
[2023-04-27T05:05:18.446+0000] {logging_mixin.py:137} INFO - [2023-04-27T05:05:18.446+0000] {dag.py:2705} INFO - Sync 1 DAGs
[2023-04-27T05:05:18.468+0000] {logging_mixin.py:137} INFO - [2023-04-27T05:05:18.468+0000] {dag.py:3456} INFO - Setting next_dagrun for example_branch_operator to 2023-04-26T00:00:00+00:00, run_after=2023-04-27T00:00:00+00:00
[2023-04-27T05:05:18.483+0000] {processor.py:175} INFO - Processing /home/airflow/.local/lib/python3.7/site-packages/airflow/example_dags/example_branch_operator.py took 0.075 seconds
[2023-04-27T05:05:48.610+0000] {processor.py:153} INFO - Started process (PID=700) to work on /home/airflow/.local/lib/python3.7/site-packages/airflow/example_dags/example_branch_operator.py
[2023-04-27T05:05:48.610+0000] {processor.py:743} INFO - Processing file /home/airflow/.local/lib/python3.7/site-packages/airflow/example_dags/example_branch_operator.py for tasks to queue
[2023-04-27T05:05:48.611+0000] {logging_mixin.py:137} INFO - [2023-04-27T05:05:48.611+0000] {dagbag.py:532} INFO - Filling up the DagBag from /home/airflow/.local/lib/python3.7/site-packages/airflow/example_dags/example_branch_operator.py
[2023-04-27T05:05:48.624+0000] {processor.py:753} INFO - DAG(s) dict_keys(['example_branch_operator']) retrieved from /home/airflow/.local/lib/python3.7/site-packages/airflow/example_dags/example_branch_operator.py
[2023-04-27T05:05:48.645+0000] {logging_mixin.py:137} INFO - [2023-04-27T05:05:48.645+0000] {dag.py:2705} INFO - Sync 1 DAGs
[2023-04-27T05:05:48.666+0000] {logging_mixin.py:137} INFO - [2023-04-27T05:05:48.666+0000] {dag.py:3456} INFO - Setting next_dagrun for example_branch_operator to 2023-04-26T00:00:00+00:00, run_after=2023-04-27T00:00:00+00:00
[2023-04-27T05:05:48.681+0000] {processor.py:175} INFO - Processing /home/airflow/.local/lib/python3.7/site-packages/airflow/example_dags/example_branch_operator.py took 0.074 seconds
[2023-04-27T05:06:18.850+0000] {processor.py:153} INFO - Started process (PID=750) to work on /home/airflow/.local/lib/python3.7/site-packages/airflow/example_dags/example_branch_operator.py
[2023-04-27T05:06:18.850+0000] {processor.py:743} INFO - Processing file /home/airflow/.local/lib/python3.7/site-packages/airflow/example_dags/example_branch_operator.py for tasks to queue
[2023-04-27T05:06:18.851+0000] {logging_mixin.py:137} INFO - [2023-04-27T05:06:18.851+0000] {dagbag.py:532} INFO - Filling up the DagBag from /home/airflow/.local/lib/python3.7/site-packages/airflow/example_dags/example_branch_operator.py
[2023-04-27T05:06:18.863+0000] {processor.py:753} INFO - DAG(s) dict_keys(['example_branch_operator']) retrieved from /home/airflow/.local/lib/python3.7/site-packages/airflow/example_dags/example_branch_operator.py
[2023-04-27T05:06:18.886+0000] {logging_mixin.py:137} INFO - [2023-04-27T05:06:18.886+0000] {dag.py:2705} INFO - Sync 1 DAGs
[2023-04-27T05:06:18.907+0000] {logging_mixin.py:137} INFO - [2023-04-27T05:06:18.907+0000] {dag.py:3456} INFO - Setting next_dagrun for example_branch_operator to 2023-04-26T00:00:00+00:00, run_after=2023-04-27T00:00:00+00:00
[2023-04-27T05:06:18.923+0000] {processor.py:175} INFO - Processing /home/airflow/.local/lib/python3.7/site-packages/airflow/example_dags/example_branch_operator.py took 0.076 seconds
[2023-04-27T05:06:49.091+0000] {processor.py:153} INFO - Started process (PID=800) to work on /home/airflow/.local/lib/python3.7/site-packages/airflow/example_dags/example_branch_operator.py
[2023-04-27T05:06:49.091+0000] {processor.py:743} INFO - Processing file /home/airflow/.local/lib/python3.7/site-packages/airflow/example_dags/example_branch_operator.py for tasks to queue
[2023-04-27T05:06:49.092+0000] {logging_mixin.py:137} INFO - [2023-04-27T05:06:49.092+0000] {dagbag.py:532} INFO - Filling up the DagBag from /home/airflow/.local/lib/python3.7/site-packages/airflow/example_dags/example_branch_operator.py
[2023-04-27T05:06:49.105+0000] {processor.py:753} INFO - DAG(s) dict_keys(['example_branch_operator']) retrieved from /home/airflow/.local/lib/python3.7/site-packages/airflow/example_dags/example_branch_operator.py
[2023-04-27T05:06:49.126+0000] {logging_mixin.py:137} INFO - [2023-04-27T05:06:49.126+0000] {dag.py:2705} INFO - Sync 1 DAGs
[2023-04-27T05:06:49.147+0000] {logging_mixin.py:137} INFO - [2023-04-27T05:06:49.147+0000] {dag.py:3456} INFO - Setting next_dagrun for example_branch_operator to 2023-04-26T00:00:00+00:00, run_after=2023-04-27T00:00:00+00:00
[2023-04-27T05:06:49.165+0000] {processor.py:175} INFO - Processing /home/airflow/.local/lib/python3.7/site-packages/airflow/example_dags/example_branch_operator.py took 0.076 seconds
[2023-04-27T05:07:19.286+0000] {processor.py:153} INFO - Started process (PID=850) to work on /home/airflow/.local/lib/python3.7/site-packages/airflow/example_dags/example_branch_operator.py
[2023-04-27T05:07:19.287+0000] {processor.py:743} INFO - Processing file /home/airflow/.local/lib/python3.7/site-packages/airflow/example_dags/example_branch_operator.py for tasks to queue
[2023-04-27T05:07:19.287+0000] {logging_mixin.py:137} INFO - [2023-04-27T05:07:19.287+0000] {dagbag.py:532} INFO - Filling up the DagBag from /home/airflow/.local/lib/python3.7/site-packages/airflow/example_dags/example_branch_operator.py
[2023-04-27T05:07:19.300+0000] {processor.py:753} INFO - DAG(s) dict_keys(['example_branch_operator']) retrieved from /home/airflow/.local/lib/python3.7/site-packages/airflow/example_dags/example_branch_operator.py
[2023-04-27T05:07:19.321+0000] {logging_mixin.py:137} INFO - [2023-04-27T05:07:19.320+0000] {dag.py:2705} INFO - Sync 1 DAGs
[2023-04-27T05:07:19.341+0000] {logging_mixin.py:137} INFO - [2023-04-27T05:07:19.341+0000] {dag.py:3456} INFO - Setting next_dagrun for example_branch_operator to 2023-04-26T00:00:00+00:00, run_after=2023-04-27T00:00:00+00:00
[2023-04-27T05:07:19.362+0000] {processor.py:175} INFO - Processing /home/airflow/.local/lib/python3.7/site-packages/airflow/example_dags/example_branch_operator.py took 0.077 seconds
[2023-04-27T05:07:49.414+0000] {processor.py:153} INFO - Started process (PID=900) to work on /home/airflow/.local/lib/python3.7/site-packages/airflow/example_dags/example_branch_operator.py
[2023-04-27T05:07:49.414+0000] {processor.py:743} INFO - Processing file /home/airflow/.local/lib/python3.7/site-packages/airflow/example_dags/example_branch_operator.py for tasks to queue
[2023-04-27T05:07:49.415+0000] {logging_mixin.py:137} INFO - [2023-04-27T05:07:49.414+0000] {dagbag.py:532} INFO - Filling up the DagBag from /home/airflow/.local/lib/python3.7/site-packages/airflow/example_dags/example_branch_operator.py
[2023-04-27T05:07:49.427+0000] {processor.py:753} INFO - DAG(s) dict_keys(['example_branch_operator']) retrieved from /home/airflow/.local/lib/python3.7/site-packages/airflow/example_dags/example_branch_operator.py
[2023-04-27T05:07:49.449+0000] {logging_mixin.py:137} INFO - [2023-04-27T05:07:49.449+0000] {dag.py:2705} INFO - Sync 1 DAGs
[2023-04-27T05:07:49.468+0000] {logging_mixin.py:137} INFO - [2023-04-27T05:07:49.468+0000] {dag.py:3456} INFO - Setting next_dagrun for example_branch_operator to 2023-04-26T00:00:00+00:00, run_after=2023-04-27T00:00:00+00:00
[2023-04-27T05:07:49.483+0000] {processor.py:175} INFO - Processing /home/airflow/.local/lib/python3.7/site-packages/airflow/example_dags/example_branch_operator.py took 0.072 seconds
[2023-04-27T05:08:19.634+0000] {processor.py:153} INFO - Started process (PID=950) to work on /home/airflow/.local/lib/python3.7/site-packages/airflow/example_dags/example_branch_operator.py
[2023-04-27T05:08:19.635+0000] {processor.py:743} INFO - Processing file /home/airflow/.local/lib/python3.7/site-packages/airflow/example_dags/example_branch_operator.py for tasks to queue
[2023-04-27T05:08:19.635+0000] {logging_mixin.py:137} INFO - [2023-04-27T05:08:19.635+0000] {dagbag.py:532} INFO - Filling up the DagBag from /home/airflow/.local/lib/python3.7/site-packages/airflow/example_dags/example_branch_operator.py
[2023-04-27T05:08:19.648+0000] {processor.py:753} INFO - DAG(s) dict_keys(['example_branch_operator']) retrieved from /home/airflow/.local/lib/python3.7/site-packages/airflow/example_dags/example_branch_operator.py
[2023-04-27T05:08:19.668+0000] {logging_mixin.py:137} INFO - [2023-04-27T05:08:19.668+0000] {dag.py:2705} INFO - Sync 1 DAGs
[2023-04-27T05:08:19.687+0000] {logging_mixin.py:137} INFO - [2023-04-27T05:08:19.686+0000] {dag.py:3456} INFO - Setting next_dagrun for example_branch_operator to 2023-04-26T00:00:00+00:00, run_after=2023-04-27T00:00:00+00:00
[2023-04-27T05:08:19.701+0000] {processor.py:175} INFO - Processing /home/airflow/.local/lib/python3.7/site-packages/airflow/example_dags/example_branch_operator.py took 0.069 seconds
[2023-04-27T05:08:49.881+0000] {processor.py:153} INFO - Started process (PID=1000) to work on /home/airflow/.local/lib/python3.7/site-packages/airflow/example_dags/example_branch_operator.py
[2023-04-27T05:08:49.882+0000] {processor.py:743} INFO - Processing file /home/airflow/.local/lib/python3.7/site-packages/airflow/example_dags/example_branch_operator.py for tasks to queue
[2023-04-27T05:08:49.882+0000] {logging_mixin.py:137} INFO - [2023-04-27T05:08:49.882+0000] {dagbag.py:532} INFO - Filling up the DagBag from /home/airflow/.local/lib/python3.7/site-packages/airflow/example_dags/example_branch_operator.py
[2023-04-27T05:08:49.894+0000] {processor.py:753} INFO - DAG(s) dict_keys(['example_branch_operator']) retrieved from /home/airflow/.local/lib/python3.7/site-packages/airflow/example_dags/example_branch_operator.py
[2023-04-27T05:08:49.914+0000] {logging_mixin.py:137} INFO - [2023-04-27T05:08:49.914+0000] {dag.py:2705} INFO - Sync 1 DAGs
[2023-04-27T05:08:49.933+0000] {logging_mixin.py:137} INFO - [2023-04-27T05:08:49.933+0000] {dag.py:3456} INFO - Setting next_dagrun for example_branch_operator to 2023-04-26T00:00:00+00:00, run_after=2023-04-27T00:00:00+00:00
[2023-04-27T05:08:49.948+0000] {processor.py:175} INFO - Processing /home/airflow/.local/lib/python3.7/site-packages/airflow/example_dags/example_branch_operator.py took 0.069 seconds
[2023-04-27T05:09:20.150+0000] {processor.py:153} INFO - Started process (PID=1050) to work on /home/airflow/.local/lib/python3.7/site-packages/airflow/example_dags/example_branch_operator.py
[2023-04-27T05:09:20.151+0000] {processor.py:743} INFO - Processing file /home/airflow/.local/lib/python3.7/site-packages/airflow/example_dags/example_branch_operator.py for tasks to queue
[2023-04-27T05:09:20.151+0000] {logging_mixin.py:137} INFO - [2023-04-27T05:09:20.151+0000] {dagbag.py:532} INFO - Filling up the DagBag from /home/airflow/.local/lib/python3.7/site-packages/airflow/example_dags/example_branch_operator.py
[2023-04-27T05:09:20.163+0000] {processor.py:753} INFO - DAG(s) dict_keys(['example_branch_operator']) retrieved from /home/airflow/.local/lib/python3.7/site-packages/airflow/example_dags/example_branch_operator.py
[2023-04-27T05:09:20.183+0000] {logging_mixin.py:137} INFO - [2023-04-27T05:09:20.183+0000] {dag.py:2705} INFO - Sync 1 DAGs
[2023-04-27T05:09:20.202+0000] {logging_mixin.py:137} INFO - [2023-04-27T05:09:20.202+0000] {dag.py:3456} INFO - Setting next_dagrun for example_branch_operator to 2023-04-26T00:00:00+00:00, run_after=2023-04-27T00:00:00+00:00
[2023-04-27T05:09:20.218+0000] {processor.py:175} INFO - Processing /home/airflow/.local/lib/python3.7/site-packages/airflow/example_dags/example_branch_operator.py took 0.070 seconds
[2023-04-27T05:09:50.448+0000] {processor.py:153} INFO - Started process (PID=1100) to work on /home/airflow/.local/lib/python3.7/site-packages/airflow/example_dags/example_branch_operator.py
[2023-04-27T05:09:50.448+0000] {processor.py:743} INFO - Processing file /home/airflow/.local/lib/python3.7/site-packages/airflow/example_dags/example_branch_operator.py for tasks to queue
[2023-04-27T05:09:50.448+0000] {logging_mixin.py:137} INFO - [2023-04-27T05:09:50.448+0000] {dagbag.py:532} INFO - Filling up the DagBag from /home/airflow/.local/lib/python3.7/site-packages/airflow/example_dags/example_branch_operator.py
[2023-04-27T05:09:50.460+0000] {processor.py:753} INFO - DAG(s) dict_keys(['example_branch_operator']) retrieved from /home/airflow/.local/lib/python3.7/site-packages/airflow/example_dags/example_branch_operator.py
[2023-04-27T05:09:50.481+0000] {logging_mixin.py:137} INFO - [2023-04-27T05:09:50.480+0000] {dag.py:2705} INFO - Sync 1 DAGs
[2023-04-27T05:09:50.500+0000] {logging_mixin.py:137} INFO - [2023-04-27T05:09:50.499+0000] {dag.py:3456} INFO - Setting next_dagrun for example_branch_operator to 2023-04-26T00:00:00+00:00, run_after=2023-04-27T00:00:00+00:00
[2023-04-27T05:09:50.516+0000] {processor.py:175} INFO - Processing /home/airflow/.local/lib/python3.7/site-packages/airflow/example_dags/example_branch_operator.py took 0.070 seconds
[2023-04-27T05:10:20.611+0000] {processor.py:153} INFO - Started process (PID=1150) to work on /home/airflow/.local/lib/python3.7/site-packages/airflow/example_dags/example_branch_operator.py
[2023-04-27T05:10:20.612+0000] {processor.py:743} INFO - Processing file /home/airflow/.local/lib/python3.7/site-packages/airflow/example_dags/example_branch_operator.py for tasks to queue
[2023-04-27T05:10:20.612+0000] {logging_mixin.py:137} INFO - [2023-04-27T05:10:20.612+0000] {dagbag.py:532} INFO - Filling up the DagBag from /home/airflow/.local/lib/python3.7/site-packages/airflow/example_dags/example_branch_operator.py
[2023-04-27T05:10:20.624+0000] {processor.py:753} INFO - DAG(s) dict_keys(['example_branch_operator']) retrieved from /home/airflow/.local/lib/python3.7/site-packages/airflow/example_dags/example_branch_operator.py
[2023-04-27T05:10:20.644+0000] {logging_mixin.py:137} INFO - [2023-04-27T05:10:20.644+0000] {dag.py:2705} INFO - Sync 1 DAGs
[2023-04-27T05:10:20.663+0000] {logging_mixin.py:137} INFO - [2023-04-27T05:10:20.663+0000] {dag.py:3456} INFO - Setting next_dagrun for example_branch_operator to 2023-04-26T00:00:00+00:00, run_after=2023-04-27T00:00:00+00:00
[2023-04-27T05:10:20.678+0000] {processor.py:175} INFO - Processing /home/airflow/.local/lib/python3.7/site-packages/airflow/example_dags/example_branch_operator.py took 0.068 seconds
[2023-04-27T05:10:50.823+0000] {processor.py:153} INFO - Started process (PID=1199) to work on /home/airflow/.local/lib/python3.7/site-packages/airflow/example_dags/example_branch_operator.py
[2023-04-27T05:10:50.824+0000] {processor.py:743} INFO - Processing file /home/airflow/.local/lib/python3.7/site-packages/airflow/example_dags/example_branch_operator.py for tasks to queue
[2023-04-27T05:10:50.824+0000] {logging_mixin.py:137} INFO - [2023-04-27T05:10:50.824+0000] {dagbag.py:532} INFO - Filling up the DagBag from /home/airflow/.local/lib/python3.7/site-packages/airflow/example_dags/example_branch_operator.py
[2023-04-27T05:10:50.836+0000] {processor.py:753} INFO - DAG(s) dict_keys(['example_branch_operator']) retrieved from /home/airflow/.local/lib/python3.7/site-packages/airflow/example_dags/example_branch_operator.py
[2023-04-27T05:10:50.856+0000] {logging_mixin.py:137} INFO - [2023-04-27T05:10:50.856+0000] {dag.py:2705} INFO - Sync 1 DAGs
[2023-04-27T05:10:50.876+0000] {logging_mixin.py:137} INFO - [2023-04-27T05:10:50.876+0000] {dag.py:3456} INFO - Setting next_dagrun for example_branch_operator to 2023-04-26T00:00:00+00:00, run_after=2023-04-27T00:00:00+00:00
[2023-04-27T05:10:50.891+0000] {processor.py:175} INFO - Processing /home/airflow/.local/lib/python3.7/site-packages/airflow/example_dags/example_branch_operator.py took 0.069 seconds
[2023-04-27T05:11:21.095+0000] {processor.py:153} INFO - Started process (PID=1249) to work on /home/airflow/.local/lib/python3.7/site-packages/airflow/example_dags/example_branch_operator.py
[2023-04-27T05:11:21.096+0000] {processor.py:743} INFO - Processing file /home/airflow/.local/lib/python3.7/site-packages/airflow/example_dags/example_branch_operator.py for tasks to queue
[2023-04-27T05:11:21.096+0000] {logging_mixin.py:137} INFO - [2023-04-27T05:11:21.096+0000] {dagbag.py:532} INFO - Filling up the DagBag from /home/airflow/.local/lib/python3.7/site-packages/airflow/example_dags/example_branch_operator.py
[2023-04-27T05:11:21.108+0000] {processor.py:753} INFO - DAG(s) dict_keys(['example_branch_operator']) retrieved from /home/airflow/.local/lib/python3.7/site-packages/airflow/example_dags/example_branch_operator.py
[2023-04-27T05:11:21.128+0000] {logging_mixin.py:137} INFO - [2023-04-27T05:11:21.128+0000] {dag.py:2705} INFO - Sync 1 DAGs
[2023-04-27T05:11:21.146+0000] {logging_mixin.py:137} INFO - [2023-04-27T05:11:21.146+0000] {dag.py:3456} INFO - Setting next_dagrun for example_branch_operator to 2023-04-26T00:00:00+00:00, run_after=2023-04-27T00:00:00+00:00
[2023-04-27T05:11:21.160+0000] {processor.py:175} INFO - Processing /home/airflow/.local/lib/python3.7/site-packages/airflow/example_dags/example_branch_operator.py took 0.067 seconds
[2023-04-27T05:11:51.358+0000] {processor.py:153} INFO - Started process (PID=1299) to work on /home/airflow/.local/lib/python3.7/site-packages/airflow/example_dags/example_branch_operator.py
[2023-04-27T05:11:51.359+0000] {processor.py:743} INFO - Processing file /home/airflow/.local/lib/python3.7/site-packages/airflow/example_dags/example_branch_operator.py for tasks to queue
[2023-04-27T05:11:51.359+0000] {logging_mixin.py:137} INFO - [2023-04-27T05:11:51.359+0000] {dagbag.py:532} INFO - Filling up the DagBag from /home/airflow/.local/lib/python3.7/site-packages/airflow/example_dags/example_branch_operator.py
[2023-04-27T05:11:51.371+0000] {processor.py:753} INFO - DAG(s) dict_keys(['example_branch_operator']) retrieved from /home/airflow/.local/lib/python3.7/site-packages/airflow/example_dags/example_branch_operator.py
[2023-04-27T05:11:51.390+0000] {logging_mixin.py:137} INFO - [2023-04-27T05:11:51.390+0000] {dag.py:2705} INFO - Sync 1 DAGs
[2023-04-27T05:11:51.410+0000] {logging_mixin.py:137} INFO - [2023-04-27T05:11:51.409+0000] {dag.py:3456} INFO - Setting next_dagrun for example_branch_operator to 2023-04-26T00:00:00+00:00, run_after=2023-04-27T00:00:00+00:00
[2023-04-27T05:11:51.425+0000] {processor.py:175} INFO - Processing /home/airflow/.local/lib/python3.7/site-packages/airflow/example_dags/example_branch_operator.py took 0.069 seconds
[2023-04-27T05:12:21.603+0000] {processor.py:153} INFO - Started process (PID=1349) to work on /home/airflow/.local/lib/python3.7/site-packages/airflow/example_dags/example_branch_operator.py
[2023-04-27T05:12:21.603+0000] {processor.py:743} INFO - Processing file /home/airflow/.local/lib/python3.7/site-packages/airflow/example_dags/example_branch_operator.py for tasks to queue
[2023-04-27T05:12:21.604+0000] {logging_mixin.py:137} INFO - [2023-04-27T05:12:21.603+0000] {dagbag.py:532} INFO - Filling up the DagBag from /home/airflow/.local/lib/python3.7/site-packages/airflow/example_dags/example_branch_operator.py
[2023-04-27T05:12:21.615+0000] {processor.py:753} INFO - DAG(s) dict_keys(['example_branch_operator']) retrieved from /home/airflow/.local/lib/python3.7/site-packages/airflow/example_dags/example_branch_operator.py
[2023-04-27T05:12:21.635+0000] {logging_mixin.py:137} INFO - [2023-04-27T05:12:21.635+0000] {dag.py:2705} INFO - Sync 1 DAGs
[2023-04-27T05:12:21.655+0000] {logging_mixin.py:137} INFO - [2023-04-27T05:12:21.655+0000] {dag.py:3456} INFO - Setting next_dagrun for example_branch_operator to 2023-04-26T00:00:00+00:00, run_after=2023-04-27T00:00:00+00:00
[2023-04-27T05:12:21.671+0000] {processor.py:175} INFO - Processing /home/airflow/.local/lib/python3.7/site-packages/airflow/example_dags/example_branch_operator.py took 0.070 seconds
[2023-04-27T05:12:51.797+0000] {processor.py:153} INFO - Started process (PID=1399) to work on /home/airflow/.local/lib/python3.7/site-packages/airflow/example_dags/example_branch_operator.py
[2023-04-27T05:12:51.797+0000] {processor.py:743} INFO - Processing file /home/airflow/.local/lib/python3.7/site-packages/airflow/example_dags/example_branch_operator.py for tasks to queue
[2023-04-27T05:12:51.798+0000] {logging_mixin.py:137} INFO - [2023-04-27T05:12:51.798+0000] {dagbag.py:532} INFO - Filling up the DagBag from /home/airflow/.local/lib/python3.7/site-packages/airflow/example_dags/example_branch_operator.py
[2023-04-27T05:12:51.810+0000] {processor.py:753} INFO - DAG(s) dict_keys(['example_branch_operator']) retrieved from /home/airflow/.local/lib/python3.7/site-packages/airflow/example_dags/example_branch_operator.py
[2023-04-27T05:12:51.830+0000] {logging_mixin.py:137} INFO - [2023-04-27T05:12:51.830+0000] {dag.py:2705} INFO - Sync 1 DAGs
[2023-04-27T05:12:51.850+0000] {logging_mixin.py:137} INFO - [2023-04-27T05:12:51.850+0000] {dag.py:3456} INFO - Setting next_dagrun for example_branch_operator to 2023-04-26T00:00:00+00:00, run_after=2023-04-27T00:00:00+00:00
[2023-04-27T05:12:51.864+0000] {processor.py:175} INFO - Processing /home/airflow/.local/lib/python3.7/site-packages/airflow/example_dags/example_branch_operator.py took 0.070 seconds
[2023-04-27T05:13:22.112+0000] {processor.py:153} INFO - Started process (PID=1449) to work on /home/airflow/.local/lib/python3.7/site-packages/airflow/example_dags/example_branch_operator.py
[2023-04-27T05:13:22.113+0000] {processor.py:743} INFO - Processing file /home/airflow/.local/lib/python3.7/site-packages/airflow/example_dags/example_branch_operator.py for tasks to queue
[2023-04-27T05:13:22.113+0000] {logging_mixin.py:137} INFO - [2023-04-27T05:13:22.113+0000] {dagbag.py:532} INFO - Filling up the DagBag from /home/airflow/.local/lib/python3.7/site-packages/airflow/example_dags/example_branch_operator.py
[2023-04-27T05:13:22.127+0000] {processor.py:753} INFO - DAG(s) dict_keys(['example_branch_operator']) retrieved from /home/airflow/.local/lib/python3.7/site-packages/airflow/example_dags/example_branch_operator.py
[2023-04-27T05:13:22.151+0000] {logging_mixin.py:137} INFO - [2023-04-27T05:13:22.151+0000] {dag.py:2705} INFO - Sync 1 DAGs
[2023-04-27T05:13:22.174+0000] {logging_mixin.py:137} INFO - [2023-04-27T05:13:22.173+0000] {dag.py:3456} INFO - Setting next_dagrun for example_branch_operator to 2023-04-26T00:00:00+00:00, run_after=2023-04-27T00:00:00+00:00
[2023-04-27T05:13:22.191+0000] {processor.py:175} INFO - Processing /home/airflow/.local/lib/python3.7/site-packages/airflow/example_dags/example_branch_operator.py took 0.081 seconds
[2023-04-27T05:13:52.268+0000] {processor.py:153} INFO - Started process (PID=1499) to work on /home/airflow/.local/lib/python3.7/site-packages/airflow/example_dags/example_branch_operator.py
[2023-04-27T05:13:52.269+0000] {processor.py:743} INFO - Processing file /home/airflow/.local/lib/python3.7/site-packages/airflow/example_dags/example_branch_operator.py for tasks to queue
[2023-04-27T05:13:52.269+0000] {logging_mixin.py:137} INFO - [2023-04-27T05:13:52.269+0000] {dagbag.py:532} INFO - Filling up the DagBag from /home/airflow/.local/lib/python3.7/site-packages/airflow/example_dags/example_branch_operator.py
[2023-04-27T05:13:52.281+0000] {processor.py:753} INFO - DAG(s) dict_keys(['example_branch_operator']) retrieved from /home/airflow/.local/lib/python3.7/site-packages/airflow/example_dags/example_branch_operator.py
[2023-04-27T05:13:52.301+0000] {logging_mixin.py:137} INFO - [2023-04-27T05:13:52.301+0000] {dag.py:2705} INFO - Sync 1 DAGs
[2023-04-27T05:13:52.320+0000] {logging_mixin.py:137} INFO - [2023-04-27T05:13:52.319+0000] {dag.py:3456} INFO - Setting next_dagrun for example_branch_operator to 2023-04-26T00:00:00+00:00, run_after=2023-04-27T00:00:00+00:00
[2023-04-27T05:13:52.333+0000] {processor.py:175} INFO - Processing /home/airflow/.local/lib/python3.7/site-packages/airflow/example_dags/example_branch_operator.py took 0.067 seconds
[2023-04-27T05:14:22.516+0000] {processor.py:153} INFO - Started process (PID=1549) to work on /home/airflow/.local/lib/python3.7/site-packages/airflow/example_dags/example_branch_operator.py
[2023-04-27T05:14:22.516+0000] {processor.py:743} INFO - Processing file /home/airflow/.local/lib/python3.7/site-packages/airflow/example_dags/example_branch_operator.py for tasks to queue
[2023-04-27T05:14:22.516+0000] {logging_mixin.py:137} INFO - [2023-04-27T05:14:22.516+0000] {dagbag.py:532} INFO - Filling up the DagBag from /home/airflow/.local/lib/python3.7/site-packages/airflow/example_dags/example_branch_operator.py
[2023-04-27T05:14:22.528+0000] {processor.py:753} INFO - DAG(s) dict_keys(['example_branch_operator']) retrieved from /home/airflow/.local/lib/python3.7/site-packages/airflow/example_dags/example_branch_operator.py
[2023-04-27T05:14:22.549+0000] {logging_mixin.py:137} INFO - [2023-04-27T05:14:22.548+0000] {dag.py:2705} INFO - Sync 1 DAGs
[2023-04-27T05:14:22.568+0000] {logging_mixin.py:137} INFO - [2023-04-27T05:14:22.568+0000] {dag.py:3456} INFO - Setting next_dagrun for example_branch_operator to 2023-04-26T00:00:00+00:00, run_after=2023-04-27T00:00:00+00:00
[2023-04-27T05:14:22.583+0000] {processor.py:175} INFO - Processing /home/airflow/.local/lib/python3.7/site-packages/airflow/example_dags/example_branch_operator.py took 0.069 seconds
[2023-04-27T05:14:52.781+0000] {processor.py:153} INFO - Started process (PID=1598) to work on /home/airflow/.local/lib/python3.7/site-packages/airflow/example_dags/example_branch_operator.py
[2023-04-27T05:14:52.782+0000] {processor.py:743} INFO - Processing file /home/airflow/.local/lib/python3.7/site-packages/airflow/example_dags/example_branch_operator.py for tasks to queue
[2023-04-27T05:14:52.782+0000] {logging_mixin.py:137} INFO - [2023-04-27T05:14:52.782+0000] {dagbag.py:532} INFO - Filling up the DagBag from /home/airflow/.local/lib/python3.7/site-packages/airflow/example_dags/example_branch_operator.py
[2023-04-27T05:14:52.796+0000] {processor.py:753} INFO - DAG(s) dict_keys(['example_branch_operator']) retrieved from /home/airflow/.local/lib/python3.7/site-packages/airflow/example_dags/example_branch_operator.py
[2023-04-27T05:14:52.819+0000] {logging_mixin.py:137} INFO - [2023-04-27T05:14:52.819+0000] {dag.py:2705} INFO - Sync 1 DAGs
[2023-04-27T05:14:52.841+0000] {logging_mixin.py:137} INFO - [2023-04-27T05:14:52.841+0000] {dag.py:3456} INFO - Setting next_dagrun for example_branch_operator to 2023-04-26T00:00:00+00:00, run_after=2023-04-27T00:00:00+00:00
[2023-04-27T05:14:52.859+0000] {processor.py:175} INFO - Processing /home/airflow/.local/lib/python3.7/site-packages/airflow/example_dags/example_branch_operator.py took 0.080 seconds
