[2023-04-27T04:59:15.317+0000] {processor.py:153} INFO - Started process (PID=76) to work on /home/airflow/.local/lib/python3.7/site-packages/airflow/example_dags/example_short_circuit_operator.py
[2023-04-27T04:59:15.318+0000] {processor.py:743} INFO - Processing file /home/airflow/.local/lib/python3.7/site-packages/airflow/example_dags/example_short_circuit_operator.py for tasks to queue
[2023-04-27T04:59:15.318+0000] {logging_mixin.py:137} INFO - [2023-04-27T04:59:15.318+0000] {dagbag.py:532} INFO - Filling up the DagBag from /home/airflow/.local/lib/python3.7/site-packages/airflow/example_dags/example_short_circuit_operator.py
[2023-04-27T04:59:15.334+0000] {processor.py:753} INFO - DAG(s) dict_keys(['example_short_circuit_operator']) retrieved from /home/airflow/.local/lib/python3.7/site-packages/airflow/example_dags/example_short_circuit_operator.py
[2023-04-27T04:59:15.344+0000] {logging_mixin.py:137} INFO - [2023-04-27T04:59:15.344+0000] {dag.py:2705} INFO - Sync 1 DAGs
[2023-04-27T04:59:15.365+0000] {logging_mixin.py:137} INFO - [2023-04-27T04:59:15.365+0000] {dag.py:3456} INFO - Setting next_dagrun for example_short_circuit_operator to 2023-04-26T04:59:15.365584+00:00, run_after=2023-04-27T04:59:15.365584+00:00
[2023-04-27T04:59:15.383+0000] {processor.py:175} INFO - Processing /home/airflow/.local/lib/python3.7/site-packages/airflow/example_dags/example_short_circuit_operator.py took 0.068 seconds
[2023-04-27T04:59:46.141+0000] {processor.py:153} INFO - Started process (PID=125) to work on /home/airflow/.local/lib/python3.7/site-packages/airflow/example_dags/example_short_circuit_operator.py
[2023-04-27T04:59:46.142+0000] {processor.py:743} INFO - Processing file /home/airflow/.local/lib/python3.7/site-packages/airflow/example_dags/example_short_circuit_operator.py for tasks to queue
[2023-04-27T04:59:46.142+0000] {logging_mixin.py:137} INFO - [2023-04-27T04:59:46.142+0000] {dagbag.py:532} INFO - Filling up the DagBag from /home/airflow/.local/lib/python3.7/site-packages/airflow/example_dags/example_short_circuit_operator.py
[2023-04-27T04:59:46.155+0000] {processor.py:753} INFO - DAG(s) dict_keys(['example_short_circuit_operator']) retrieved from /home/airflow/.local/lib/python3.7/site-packages/airflow/example_dags/example_short_circuit_operator.py
[2023-04-27T04:59:46.176+0000] {logging_mixin.py:137} INFO - [2023-04-27T04:59:46.176+0000] {dag.py:2705} INFO - Sync 1 DAGs
[2023-04-27T04:59:46.197+0000] {logging_mixin.py:137} INFO - [2023-04-27T04:59:46.197+0000] {dag.py:3456} INFO - Setting next_dagrun for example_short_circuit_operator to 2023-04-26T04:59:46.197429+00:00, run_after=2023-04-27T04:59:46.197429+00:00
[2023-04-27T04:59:46.213+0000] {processor.py:175} INFO - Processing /home/airflow/.local/lib/python3.7/site-packages/airflow/example_dags/example_short_circuit_operator.py took 0.075 seconds
[2023-04-27T05:00:17.167+0000] {processor.py:153} INFO - Started process (PID=175) to work on /home/airflow/.local/lib/python3.7/site-packages/airflow/example_dags/example_short_circuit_operator.py
[2023-04-27T05:00:17.168+0000] {processor.py:743} INFO - Processing file /home/airflow/.local/lib/python3.7/site-packages/airflow/example_dags/example_short_circuit_operator.py for tasks to queue
[2023-04-27T05:00:17.168+0000] {logging_mixin.py:137} INFO - [2023-04-27T05:00:17.168+0000] {dagbag.py:532} INFO - Filling up the DagBag from /home/airflow/.local/lib/python3.7/site-packages/airflow/example_dags/example_short_circuit_operator.py
[2023-04-27T05:00:17.180+0000] {processor.py:753} INFO - DAG(s) dict_keys(['example_short_circuit_operator']) retrieved from /home/airflow/.local/lib/python3.7/site-packages/airflow/example_dags/example_short_circuit_operator.py
[2023-04-27T05:00:17.200+0000] {logging_mixin.py:137} INFO - [2023-04-27T05:00:17.200+0000] {dag.py:2705} INFO - Sync 1 DAGs
[2023-04-27T05:00:17.218+0000] {logging_mixin.py:137} INFO - [2023-04-27T05:00:17.218+0000] {dag.py:3456} INFO - Setting next_dagrun for example_short_circuit_operator to 2023-04-26T05:00:17.218471+00:00, run_after=2023-04-27T05:00:17.218471+00:00
[2023-04-27T05:00:17.233+0000] {processor.py:175} INFO - Processing /home/airflow/.local/lib/python3.7/site-packages/airflow/example_dags/example_short_circuit_operator.py took 0.068 seconds
[2023-04-27T05:00:47.530+0000] {processor.py:153} INFO - Started process (PID=225) to work on /home/airflow/.local/lib/python3.7/site-packages/airflow/example_dags/example_short_circuit_operator.py
[2023-04-27T05:00:47.530+0000] {processor.py:743} INFO - Processing file /home/airflow/.local/lib/python3.7/site-packages/airflow/example_dags/example_short_circuit_operator.py for tasks to queue
[2023-04-27T05:00:47.531+0000] {logging_mixin.py:137} INFO - [2023-04-27T05:00:47.531+0000] {dagbag.py:532} INFO - Filling up the DagBag from /home/airflow/.local/lib/python3.7/site-packages/airflow/example_dags/example_short_circuit_operator.py
[2023-04-27T05:00:47.542+0000] {processor.py:753} INFO - DAG(s) dict_keys(['example_short_circuit_operator']) retrieved from /home/airflow/.local/lib/python3.7/site-packages/airflow/example_dags/example_short_circuit_operator.py
[2023-04-27T05:00:47.563+0000] {logging_mixin.py:137} INFO - [2023-04-27T05:00:47.562+0000] {dag.py:2705} INFO - Sync 1 DAGs
[2023-04-27T05:00:47.581+0000] {logging_mixin.py:137} INFO - [2023-04-27T05:00:47.581+0000] {dag.py:3456} INFO - Setting next_dagrun for example_short_circuit_operator to 2023-04-26T05:00:47.581477+00:00, run_after=2023-04-27T05:00:47.581477+00:00
[2023-04-27T05:00:47.597+0000] {processor.py:175} INFO - Processing /home/airflow/.local/lib/python3.7/site-packages/airflow/example_dags/example_short_circuit_operator.py took 0.069 seconds
[2023-04-27T05:01:17.679+0000] {processor.py:153} INFO - Started process (PID=275) to work on /home/airflow/.local/lib/python3.7/site-packages/airflow/example_dags/example_short_circuit_operator.py
[2023-04-27T05:01:17.680+0000] {processor.py:743} INFO - Processing file /home/airflow/.local/lib/python3.7/site-packages/airflow/example_dags/example_short_circuit_operator.py for tasks to queue
[2023-04-27T05:01:17.681+0000] {logging_mixin.py:137} INFO - [2023-04-27T05:01:17.680+0000] {dagbag.py:532} INFO - Filling up the DagBag from /home/airflow/.local/lib/python3.7/site-packages/airflow/example_dags/example_short_circuit_operator.py
[2023-04-27T05:01:17.706+0000] {processor.py:753} INFO - DAG(s) dict_keys(['example_short_circuit_operator']) retrieved from /home/airflow/.local/lib/python3.7/site-packages/airflow/example_dags/example_short_circuit_operator.py
[2023-04-27T05:01:17.727+0000] {logging_mixin.py:137} INFO - [2023-04-27T05:01:17.726+0000] {dag.py:2705} INFO - Sync 1 DAGs
[2023-04-27T05:01:17.759+0000] {logging_mixin.py:137} INFO - [2023-04-27T05:01:17.759+0000] {dag.py:3456} INFO - Setting next_dagrun for example_short_circuit_operator to 2023-04-26T05:01:17.759467+00:00, run_after=2023-04-27T05:01:17.759467+00:00
[2023-04-27T05:01:17.785+0000] {processor.py:175} INFO - Processing /home/airflow/.local/lib/python3.7/site-packages/airflow/example_dags/example_short_circuit_operator.py took 0.111 seconds
[2023-04-27T05:01:47.974+0000] {processor.py:153} INFO - Started process (PID=324) to work on /home/airflow/.local/lib/python3.7/site-packages/airflow/example_dags/example_short_circuit_operator.py
[2023-04-27T05:01:47.975+0000] {processor.py:743} INFO - Processing file /home/airflow/.local/lib/python3.7/site-packages/airflow/example_dags/example_short_circuit_operator.py for tasks to queue
[2023-04-27T05:01:47.975+0000] {logging_mixin.py:137} INFO - [2023-04-27T05:01:47.975+0000] {dagbag.py:532} INFO - Filling up the DagBag from /home/airflow/.local/lib/python3.7/site-packages/airflow/example_dags/example_short_circuit_operator.py
[2023-04-27T05:01:47.986+0000] {processor.py:753} INFO - DAG(s) dict_keys(['example_short_circuit_operator']) retrieved from /home/airflow/.local/lib/python3.7/site-packages/airflow/example_dags/example_short_circuit_operator.py
[2023-04-27T05:01:48.006+0000] {logging_mixin.py:137} INFO - [2023-04-27T05:01:48.006+0000] {dag.py:2705} INFO - Sync 1 DAGs
[2023-04-27T05:01:48.024+0000] {logging_mixin.py:137} INFO - [2023-04-27T05:01:48.023+0000] {dag.py:3456} INFO - Setting next_dagrun for example_short_circuit_operator to 2023-04-26T05:01:48.023812+00:00, run_after=2023-04-27T05:01:48.023812+00:00
[2023-04-27T05:01:48.038+0000] {processor.py:175} INFO - Processing /home/airflow/.local/lib/python3.7/site-packages/airflow/example_dags/example_short_circuit_operator.py took 0.066 seconds
[2023-04-27T05:02:18.473+0000] {processor.py:153} INFO - Started process (PID=374) to work on /home/airflow/.local/lib/python3.7/site-packages/airflow/example_dags/example_short_circuit_operator.py
[2023-04-27T05:02:18.474+0000] {processor.py:743} INFO - Processing file /home/airflow/.local/lib/python3.7/site-packages/airflow/example_dags/example_short_circuit_operator.py for tasks to queue
[2023-04-27T05:02:18.474+0000] {logging_mixin.py:137} INFO - [2023-04-27T05:02:18.474+0000] {dagbag.py:532} INFO - Filling up the DagBag from /home/airflow/.local/lib/python3.7/site-packages/airflow/example_dags/example_short_circuit_operator.py
[2023-04-27T05:02:18.485+0000] {processor.py:753} INFO - DAG(s) dict_keys(['example_short_circuit_operator']) retrieved from /home/airflow/.local/lib/python3.7/site-packages/airflow/example_dags/example_short_circuit_operator.py
[2023-04-27T05:02:18.509+0000] {logging_mixin.py:137} INFO - [2023-04-27T05:02:18.509+0000] {dag.py:2705} INFO - Sync 1 DAGs
[2023-04-27T05:02:18.528+0000] {logging_mixin.py:137} INFO - [2023-04-27T05:02:18.528+0000] {dag.py:3456} INFO - Setting next_dagrun for example_short_circuit_operator to 2023-04-26T05:02:18.528378+00:00, run_after=2023-04-27T05:02:18.528378+00:00
[2023-04-27T05:02:18.550+0000] {processor.py:175} INFO - Processing /home/airflow/.local/lib/python3.7/site-packages/airflow/example_dags/example_short_circuit_operator.py took 0.079 seconds
[2023-04-27T05:02:49.055+0000] {processor.py:153} INFO - Started process (PID=424) to work on /home/airflow/.local/lib/python3.7/site-packages/airflow/example_dags/example_short_circuit_operator.py
[2023-04-27T05:02:49.055+0000] {processor.py:743} INFO - Processing file /home/airflow/.local/lib/python3.7/site-packages/airflow/example_dags/example_short_circuit_operator.py for tasks to queue
[2023-04-27T05:02:49.056+0000] {logging_mixin.py:137} INFO - [2023-04-27T05:02:49.056+0000] {dagbag.py:532} INFO - Filling up the DagBag from /home/airflow/.local/lib/python3.7/site-packages/airflow/example_dags/example_short_circuit_operator.py
[2023-04-27T05:02:49.069+0000] {processor.py:753} INFO - DAG(s) dict_keys(['example_short_circuit_operator']) retrieved from /home/airflow/.local/lib/python3.7/site-packages/airflow/example_dags/example_short_circuit_operator.py
[2023-04-27T05:02:49.093+0000] {logging_mixin.py:137} INFO - [2023-04-27T05:02:49.093+0000] {dag.py:2705} INFO - Sync 1 DAGs
[2023-04-27T05:02:49.115+0000] {logging_mixin.py:137} INFO - [2023-04-27T05:02:49.115+0000] {dag.py:3456} INFO - Setting next_dagrun for example_short_circuit_operator to 2023-04-26T05:02:49.114878+00:00, run_after=2023-04-27T05:02:49.114878+00:00
[2023-04-27T05:02:49.132+0000] {processor.py:175} INFO - Processing /home/airflow/.local/lib/python3.7/site-packages/airflow/example_dags/example_short_circuit_operator.py took 0.080 seconds
[2023-04-27T05:03:19.426+0000] {processor.py:153} INFO - Started process (PID=474) to work on /home/airflow/.local/lib/python3.7/site-packages/airflow/example_dags/example_short_circuit_operator.py
[2023-04-27T05:03:19.426+0000] {processor.py:743} INFO - Processing file /home/airflow/.local/lib/python3.7/site-packages/airflow/example_dags/example_short_circuit_operator.py for tasks to queue
[2023-04-27T05:03:19.427+0000] {logging_mixin.py:137} INFO - [2023-04-27T05:03:19.427+0000] {dagbag.py:532} INFO - Filling up the DagBag from /home/airflow/.local/lib/python3.7/site-packages/airflow/example_dags/example_short_circuit_operator.py
[2023-04-27T05:03:19.440+0000] {processor.py:753} INFO - DAG(s) dict_keys(['example_short_circuit_operator']) retrieved from /home/airflow/.local/lib/python3.7/site-packages/airflow/example_dags/example_short_circuit_operator.py
[2023-04-27T05:03:19.463+0000] {logging_mixin.py:137} INFO - [2023-04-27T05:03:19.462+0000] {dag.py:2705} INFO - Sync 1 DAGs
[2023-04-27T05:03:19.484+0000] {logging_mixin.py:137} INFO - [2023-04-27T05:03:19.484+0000] {dag.py:3456} INFO - Setting next_dagrun for example_short_circuit_operator to 2023-04-26T05:03:19.483861+00:00, run_after=2023-04-27T05:03:19.483861+00:00
[2023-04-27T05:03:19.502+0000] {processor.py:175} INFO - Processing /home/airflow/.local/lib/python3.7/site-packages/airflow/example_dags/example_short_circuit_operator.py took 0.079 seconds
[2023-04-27T05:03:49.791+0000] {processor.py:153} INFO - Started process (PID=524) to work on /home/airflow/.local/lib/python3.7/site-packages/airflow/example_dags/example_short_circuit_operator.py
[2023-04-27T05:03:49.792+0000] {processor.py:743} INFO - Processing file /home/airflow/.local/lib/python3.7/site-packages/airflow/example_dags/example_short_circuit_operator.py for tasks to queue
[2023-04-27T05:03:49.792+0000] {logging_mixin.py:137} INFO - [2023-04-27T05:03:49.792+0000] {dagbag.py:532} INFO - Filling up the DagBag from /home/airflow/.local/lib/python3.7/site-packages/airflow/example_dags/example_short_circuit_operator.py
[2023-04-27T05:03:49.806+0000] {processor.py:753} INFO - DAG(s) dict_keys(['example_short_circuit_operator']) retrieved from /home/airflow/.local/lib/python3.7/site-packages/airflow/example_dags/example_short_circuit_operator.py
[2023-04-27T05:03:49.829+0000] {logging_mixin.py:137} INFO - [2023-04-27T05:03:49.828+0000] {dag.py:2705} INFO - Sync 1 DAGs
[2023-04-27T05:03:49.851+0000] {logging_mixin.py:137} INFO - [2023-04-27T05:03:49.851+0000] {dag.py:3456} INFO - Setting next_dagrun for example_short_circuit_operator to 2023-04-26T05:03:49.850933+00:00, run_after=2023-04-27T05:03:49.850933+00:00
[2023-04-27T05:03:49.869+0000] {processor.py:175} INFO - Processing /home/airflow/.local/lib/python3.7/site-packages/airflow/example_dags/example_short_circuit_operator.py took 0.080 seconds
[2023-04-27T05:04:20.105+0000] {processor.py:153} INFO - Started process (PID=573) to work on /home/airflow/.local/lib/python3.7/site-packages/airflow/example_dags/example_short_circuit_operator.py
[2023-04-27T05:04:20.106+0000] {processor.py:743} INFO - Processing file /home/airflow/.local/lib/python3.7/site-packages/airflow/example_dags/example_short_circuit_operator.py for tasks to queue
[2023-04-27T05:04:20.106+0000] {logging_mixin.py:137} INFO - [2023-04-27T05:04:20.106+0000] {dagbag.py:532} INFO - Filling up the DagBag from /home/airflow/.local/lib/python3.7/site-packages/airflow/example_dags/example_short_circuit_operator.py
[2023-04-27T05:04:20.117+0000] {processor.py:753} INFO - DAG(s) dict_keys(['example_short_circuit_operator']) retrieved from /home/airflow/.local/lib/python3.7/site-packages/airflow/example_dags/example_short_circuit_operator.py
[2023-04-27T05:04:20.138+0000] {logging_mixin.py:137} INFO - [2023-04-27T05:04:20.138+0000] {dag.py:2705} INFO - Sync 1 DAGs
[2023-04-27T05:04:20.164+0000] {logging_mixin.py:137} INFO - [2023-04-27T05:04:20.164+0000] {dag.py:3456} INFO - Setting next_dagrun for example_short_circuit_operator to 2023-04-26T05:04:20.164121+00:00, run_after=2023-04-27T05:04:20.164121+00:00
[2023-04-27T05:04:20.187+0000] {processor.py:175} INFO - Processing /home/airflow/.local/lib/python3.7/site-packages/airflow/example_dags/example_short_circuit_operator.py took 0.084 seconds
[2023-04-27T05:04:50.256+0000] {processor.py:153} INFO - Started process (PID=623) to work on /home/airflow/.local/lib/python3.7/site-packages/airflow/example_dags/example_short_circuit_operator.py
[2023-04-27T05:04:50.256+0000] {processor.py:743} INFO - Processing file /home/airflow/.local/lib/python3.7/site-packages/airflow/example_dags/example_short_circuit_operator.py for tasks to queue
[2023-04-27T05:04:50.257+0000] {logging_mixin.py:137} INFO - [2023-04-27T05:04:50.256+0000] {dagbag.py:532} INFO - Filling up the DagBag from /home/airflow/.local/lib/python3.7/site-packages/airflow/example_dags/example_short_circuit_operator.py
[2023-04-27T05:04:50.268+0000] {processor.py:753} INFO - DAG(s) dict_keys(['example_short_circuit_operator']) retrieved from /home/airflow/.local/lib/python3.7/site-packages/airflow/example_dags/example_short_circuit_operator.py
[2023-04-27T05:04:50.289+0000] {logging_mixin.py:137} INFO - [2023-04-27T05:04:50.289+0000] {dag.py:2705} INFO - Sync 1 DAGs
[2023-04-27T05:04:50.309+0000] {logging_mixin.py:137} INFO - [2023-04-27T05:04:50.309+0000] {dag.py:3456} INFO - Setting next_dagrun for example_short_circuit_operator to 2023-04-26T05:04:50.309064+00:00, run_after=2023-04-27T05:04:50.309064+00:00
[2023-04-27T05:04:50.323+0000] {processor.py:175} INFO - Processing /home/airflow/.local/lib/python3.7/site-packages/airflow/example_dags/example_short_circuit_operator.py took 0.069 seconds
[2023-04-27T05:05:20.539+0000] {processor.py:153} INFO - Started process (PID=673) to work on /home/airflow/.local/lib/python3.7/site-packages/airflow/example_dags/example_short_circuit_operator.py
[2023-04-27T05:05:20.539+0000] {processor.py:743} INFO - Processing file /home/airflow/.local/lib/python3.7/site-packages/airflow/example_dags/example_short_circuit_operator.py for tasks to queue
[2023-04-27T05:05:20.540+0000] {logging_mixin.py:137} INFO - [2023-04-27T05:05:20.540+0000] {dagbag.py:532} INFO - Filling up the DagBag from /home/airflow/.local/lib/python3.7/site-packages/airflow/example_dags/example_short_circuit_operator.py
[2023-04-27T05:05:20.551+0000] {processor.py:753} INFO - DAG(s) dict_keys(['example_short_circuit_operator']) retrieved from /home/airflow/.local/lib/python3.7/site-packages/airflow/example_dags/example_short_circuit_operator.py
[2023-04-27T05:05:20.571+0000] {logging_mixin.py:137} INFO - [2023-04-27T05:05:20.571+0000] {dag.py:2705} INFO - Sync 1 DAGs
[2023-04-27T05:05:20.590+0000] {logging_mixin.py:137} INFO - [2023-04-27T05:05:20.590+0000] {dag.py:3456} INFO - Setting next_dagrun for example_short_circuit_operator to 2023-04-26T05:05:20.590247+00:00, run_after=2023-04-27T05:05:20.590247+00:00
[2023-04-27T05:05:20.608+0000] {processor.py:175} INFO - Processing /home/airflow/.local/lib/python3.7/site-packages/airflow/example_dags/example_short_circuit_operator.py took 0.071 seconds
[2023-04-27T05:05:50.652+0000] {processor.py:153} INFO - Started process (PID=723) to work on /home/airflow/.local/lib/python3.7/site-packages/airflow/example_dags/example_short_circuit_operator.py
[2023-04-27T05:05:50.653+0000] {processor.py:743} INFO - Processing file /home/airflow/.local/lib/python3.7/site-packages/airflow/example_dags/example_short_circuit_operator.py for tasks to queue
[2023-04-27T05:05:50.653+0000] {logging_mixin.py:137} INFO - [2023-04-27T05:05:50.653+0000] {dagbag.py:532} INFO - Filling up the DagBag from /home/airflow/.local/lib/python3.7/site-packages/airflow/example_dags/example_short_circuit_operator.py
[2023-04-27T05:05:50.664+0000] {processor.py:753} INFO - DAG(s) dict_keys(['example_short_circuit_operator']) retrieved from /home/airflow/.local/lib/python3.7/site-packages/airflow/example_dags/example_short_circuit_operator.py
[2023-04-27T05:05:50.684+0000] {logging_mixin.py:137} INFO - [2023-04-27T05:05:50.684+0000] {dag.py:2705} INFO - Sync 1 DAGs
[2023-04-27T05:05:50.702+0000] {logging_mixin.py:137} INFO - [2023-04-27T05:05:50.702+0000] {dag.py:3456} INFO - Setting next_dagrun for example_short_circuit_operator to 2023-04-26T05:05:50.701976+00:00, run_after=2023-04-27T05:05:50.701976+00:00
[2023-04-27T05:05:50.716+0000] {processor.py:175} INFO - Processing /home/airflow/.local/lib/python3.7/site-packages/airflow/example_dags/example_short_circuit_operator.py took 0.066 seconds
[2023-04-27T05:06:20.862+0000] {processor.py:153} INFO - Started process (PID=773) to work on /home/airflow/.local/lib/python3.7/site-packages/airflow/example_dags/example_short_circuit_operator.py
[2023-04-27T05:06:20.863+0000] {processor.py:743} INFO - Processing file /home/airflow/.local/lib/python3.7/site-packages/airflow/example_dags/example_short_circuit_operator.py for tasks to queue
[2023-04-27T05:06:20.863+0000] {logging_mixin.py:137} INFO - [2023-04-27T05:06:20.863+0000] {dagbag.py:532} INFO - Filling up the DagBag from /home/airflow/.local/lib/python3.7/site-packages/airflow/example_dags/example_short_circuit_operator.py
[2023-04-27T05:06:20.875+0000] {processor.py:753} INFO - DAG(s) dict_keys(['example_short_circuit_operator']) retrieved from /home/airflow/.local/lib/python3.7/site-packages/airflow/example_dags/example_short_circuit_operator.py
[2023-04-27T05:06:20.894+0000] {logging_mixin.py:137} INFO - [2023-04-27T05:06:20.894+0000] {dag.py:2705} INFO - Sync 1 DAGs
[2023-04-27T05:06:20.912+0000] {logging_mixin.py:137} INFO - [2023-04-27T05:06:20.912+0000] {dag.py:3456} INFO - Setting next_dagrun for example_short_circuit_operator to 2023-04-26T05:06:20.912463+00:00, run_after=2023-04-27T05:06:20.912463+00:00
[2023-04-27T05:06:20.927+0000] {processor.py:175} INFO - Processing /home/airflow/.local/lib/python3.7/site-packages/airflow/example_dags/example_short_circuit_operator.py took 0.067 seconds
[2023-04-27T05:06:51.084+0000] {processor.py:153} INFO - Started process (PID=823) to work on /home/airflow/.local/lib/python3.7/site-packages/airflow/example_dags/example_short_circuit_operator.py
[2023-04-27T05:06:51.084+0000] {processor.py:743} INFO - Processing file /home/airflow/.local/lib/python3.7/site-packages/airflow/example_dags/example_short_circuit_operator.py for tasks to queue
[2023-04-27T05:06:51.084+0000] {logging_mixin.py:137} INFO - [2023-04-27T05:06:51.084+0000] {dagbag.py:532} INFO - Filling up the DagBag from /home/airflow/.local/lib/python3.7/site-packages/airflow/example_dags/example_short_circuit_operator.py
[2023-04-27T05:06:51.096+0000] {processor.py:753} INFO - DAG(s) dict_keys(['example_short_circuit_operator']) retrieved from /home/airflow/.local/lib/python3.7/site-packages/airflow/example_dags/example_short_circuit_operator.py
[2023-04-27T05:06:51.115+0000] {logging_mixin.py:137} INFO - [2023-04-27T05:06:51.115+0000] {dag.py:2705} INFO - Sync 1 DAGs
[2023-04-27T05:06:51.133+0000] {logging_mixin.py:137} INFO - [2023-04-27T05:06:51.133+0000] {dag.py:3456} INFO - Setting next_dagrun for example_short_circuit_operator to 2023-04-26T05:06:51.133291+00:00, run_after=2023-04-27T05:06:51.133291+00:00
[2023-04-27T05:06:51.149+0000] {processor.py:175} INFO - Processing /home/airflow/.local/lib/python3.7/site-packages/airflow/example_dags/example_short_circuit_operator.py took 0.067 seconds
[2023-04-27T05:07:21.406+0000] {processor.py:153} INFO - Started process (PID=873) to work on /home/airflow/.local/lib/python3.7/site-packages/airflow/example_dags/example_short_circuit_operator.py
[2023-04-27T05:07:21.407+0000] {processor.py:743} INFO - Processing file /home/airflow/.local/lib/python3.7/site-packages/airflow/example_dags/example_short_circuit_operator.py for tasks to queue
[2023-04-27T05:07:21.407+0000] {logging_mixin.py:137} INFO - [2023-04-27T05:07:21.407+0000] {dagbag.py:532} INFO - Filling up the DagBag from /home/airflow/.local/lib/python3.7/site-packages/airflow/example_dags/example_short_circuit_operator.py
[2023-04-27T05:07:21.418+0000] {processor.py:753} INFO - DAG(s) dict_keys(['example_short_circuit_operator']) retrieved from /home/airflow/.local/lib/python3.7/site-packages/airflow/example_dags/example_short_circuit_operator.py
[2023-04-27T05:07:21.437+0000] {logging_mixin.py:137} INFO - [2023-04-27T05:07:21.437+0000] {dag.py:2705} INFO - Sync 1 DAGs
[2023-04-27T05:07:21.456+0000] {logging_mixin.py:137} INFO - [2023-04-27T05:07:21.456+0000] {dag.py:3456} INFO - Setting next_dagrun for example_short_circuit_operator to 2023-04-26T05:07:21.456096+00:00, run_after=2023-04-27T05:07:21.456096+00:00
[2023-04-27T05:07:21.471+0000] {processor.py:175} INFO - Processing /home/airflow/.local/lib/python3.7/site-packages/airflow/example_dags/example_short_circuit_operator.py took 0.067 seconds
[2023-04-27T05:07:51.652+0000] {processor.py:153} INFO - Started process (PID=923) to work on /home/airflow/.local/lib/python3.7/site-packages/airflow/example_dags/example_short_circuit_operator.py
[2023-04-27T05:07:51.653+0000] {processor.py:743} INFO - Processing file /home/airflow/.local/lib/python3.7/site-packages/airflow/example_dags/example_short_circuit_operator.py for tasks to queue
[2023-04-27T05:07:51.653+0000] {logging_mixin.py:137} INFO - [2023-04-27T05:07:51.653+0000] {dagbag.py:532} INFO - Filling up the DagBag from /home/airflow/.local/lib/python3.7/site-packages/airflow/example_dags/example_short_circuit_operator.py
[2023-04-27T05:07:51.662+0000] {processor.py:753} INFO - DAG(s) dict_keys(['example_short_circuit_operator']) retrieved from /home/airflow/.local/lib/python3.7/site-packages/airflow/example_dags/example_short_circuit_operator.py
[2023-04-27T05:07:51.679+0000] {logging_mixin.py:137} INFO - [2023-04-27T05:07:51.679+0000] {dag.py:2705} INFO - Sync 1 DAGs
[2023-04-27T05:07:51.695+0000] {logging_mixin.py:137} INFO - [2023-04-27T05:07:51.695+0000] {dag.py:3456} INFO - Setting next_dagrun for example_short_circuit_operator to 2023-04-26T05:07:51.695110+00:00, run_after=2023-04-27T05:07:51.695110+00:00
[2023-04-27T05:07:51.706+0000] {processor.py:175} INFO - Processing /home/airflow/.local/lib/python3.7/site-packages/airflow/example_dags/example_short_circuit_operator.py took 0.056 seconds
[2023-04-27T05:08:22.716+0000] {processor.py:153} INFO - Started process (PID=973) to work on /home/airflow/.local/lib/python3.7/site-packages/airflow/example_dags/example_short_circuit_operator.py
[2023-04-27T05:08:22.716+0000] {processor.py:743} INFO - Processing file /home/airflow/.local/lib/python3.7/site-packages/airflow/example_dags/example_short_circuit_operator.py for tasks to queue
[2023-04-27T05:08:22.717+0000] {logging_mixin.py:137} INFO - [2023-04-27T05:08:22.717+0000] {dagbag.py:532} INFO - Filling up the DagBag from /home/airflow/.local/lib/python3.7/site-packages/airflow/example_dags/example_short_circuit_operator.py
[2023-04-27T05:08:22.728+0000] {processor.py:753} INFO - DAG(s) dict_keys(['example_short_circuit_operator']) retrieved from /home/airflow/.local/lib/python3.7/site-packages/airflow/example_dags/example_short_circuit_operator.py
[2023-04-27T05:08:22.749+0000] {logging_mixin.py:137} INFO - [2023-04-27T05:08:22.749+0000] {dag.py:2705} INFO - Sync 1 DAGs
[2023-04-27T05:08:22.769+0000] {logging_mixin.py:137} INFO - [2023-04-27T05:08:22.768+0000] {dag.py:3456} INFO - Setting next_dagrun for example_short_circuit_operator to 2023-04-26T05:08:22.768687+00:00, run_after=2023-04-27T05:08:22.768687+00:00
[2023-04-27T05:08:22.785+0000] {processor.py:175} INFO - Processing /home/airflow/.local/lib/python3.7/site-packages/airflow/example_dags/example_short_circuit_operator.py took 0.071 seconds
[2023-04-27T05:08:52.882+0000] {processor.py:153} INFO - Started process (PID=1023) to work on /home/airflow/.local/lib/python3.7/site-packages/airflow/example_dags/example_short_circuit_operator.py
[2023-04-27T05:08:52.883+0000] {processor.py:743} INFO - Processing file /home/airflow/.local/lib/python3.7/site-packages/airflow/example_dags/example_short_circuit_operator.py for tasks to queue
[2023-04-27T05:08:52.883+0000] {logging_mixin.py:137} INFO - [2023-04-27T05:08:52.883+0000] {dagbag.py:532} INFO - Filling up the DagBag from /home/airflow/.local/lib/python3.7/site-packages/airflow/example_dags/example_short_circuit_operator.py
[2023-04-27T05:08:52.894+0000] {processor.py:753} INFO - DAG(s) dict_keys(['example_short_circuit_operator']) retrieved from /home/airflow/.local/lib/python3.7/site-packages/airflow/example_dags/example_short_circuit_operator.py
[2023-04-27T05:08:52.913+0000] {logging_mixin.py:137} INFO - [2023-04-27T05:08:52.913+0000] {dag.py:2705} INFO - Sync 1 DAGs
[2023-04-27T05:08:52.935+0000] {logging_mixin.py:137} INFO - [2023-04-27T05:08:52.934+0000] {dag.py:3456} INFO - Setting next_dagrun for example_short_circuit_operator to 2023-04-26T05:08:52.934475+00:00, run_after=2023-04-27T05:08:52.934475+00:00
[2023-04-27T05:08:52.956+0000] {processor.py:175} INFO - Processing /home/airflow/.local/lib/python3.7/site-packages/airflow/example_dags/example_short_circuit_operator.py took 0.076 seconds
[2023-04-27T05:09:23.167+0000] {processor.py:153} INFO - Started process (PID=1072) to work on /home/airflow/.local/lib/python3.7/site-packages/airflow/example_dags/example_short_circuit_operator.py
[2023-04-27T05:09:23.168+0000] {processor.py:743} INFO - Processing file /home/airflow/.local/lib/python3.7/site-packages/airflow/example_dags/example_short_circuit_operator.py for tasks to queue
[2023-04-27T05:09:23.168+0000] {logging_mixin.py:137} INFO - [2023-04-27T05:09:23.168+0000] {dagbag.py:532} INFO - Filling up the DagBag from /home/airflow/.local/lib/python3.7/site-packages/airflow/example_dags/example_short_circuit_operator.py
[2023-04-27T05:09:23.188+0000] {processor.py:753} INFO - DAG(s) dict_keys(['example_short_circuit_operator']) retrieved from /home/airflow/.local/lib/python3.7/site-packages/airflow/example_dags/example_short_circuit_operator.py
[2023-04-27T05:09:23.233+0000] {logging_mixin.py:137} INFO - [2023-04-27T05:09:23.233+0000] {dag.py:2705} INFO - Sync 1 DAGs
[2023-04-27T05:09:23.267+0000] {logging_mixin.py:137} INFO - [2023-04-27T05:09:23.267+0000] {dag.py:3456} INFO - Setting next_dagrun for example_short_circuit_operator to 2023-04-26T05:09:23.266774+00:00, run_after=2023-04-27T05:09:23.266774+00:00
[2023-04-27T05:09:23.284+0000] {processor.py:175} INFO - Processing /home/airflow/.local/lib/python3.7/site-packages/airflow/example_dags/example_short_circuit_operator.py took 0.120 seconds
[2023-04-27T05:09:53.392+0000] {processor.py:153} INFO - Started process (PID=1122) to work on /home/airflow/.local/lib/python3.7/site-packages/airflow/example_dags/example_short_circuit_operator.py
[2023-04-27T05:09:53.392+0000] {processor.py:743} INFO - Processing file /home/airflow/.local/lib/python3.7/site-packages/airflow/example_dags/example_short_circuit_operator.py for tasks to queue
[2023-04-27T05:09:53.393+0000] {logging_mixin.py:137} INFO - [2023-04-27T05:09:53.393+0000] {dagbag.py:532} INFO - Filling up the DagBag from /home/airflow/.local/lib/python3.7/site-packages/airflow/example_dags/example_short_circuit_operator.py
[2023-04-27T05:09:53.404+0000] {processor.py:753} INFO - DAG(s) dict_keys(['example_short_circuit_operator']) retrieved from /home/airflow/.local/lib/python3.7/site-packages/airflow/example_dags/example_short_circuit_operator.py
[2023-04-27T05:09:53.429+0000] {logging_mixin.py:137} INFO - [2023-04-27T05:09:53.429+0000] {dag.py:2705} INFO - Sync 1 DAGs
[2023-04-27T05:09:53.450+0000] {logging_mixin.py:137} INFO - [2023-04-27T05:09:53.450+0000] {dag.py:3456} INFO - Setting next_dagrun for example_short_circuit_operator to 2023-04-26T05:09:53.449921+00:00, run_after=2023-04-27T05:09:53.449921+00:00
[2023-04-27T05:09:53.470+0000] {processor.py:175} INFO - Processing /home/airflow/.local/lib/python3.7/site-packages/airflow/example_dags/example_short_circuit_operator.py took 0.080 seconds
[2023-04-27T05:10:23.570+0000] {processor.py:153} INFO - Started process (PID=1173) to work on /home/airflow/.local/lib/python3.7/site-packages/airflow/example_dags/example_short_circuit_operator.py
[2023-04-27T05:10:23.571+0000] {processor.py:743} INFO - Processing file /home/airflow/.local/lib/python3.7/site-packages/airflow/example_dags/example_short_circuit_operator.py for tasks to queue
[2023-04-27T05:10:23.571+0000] {logging_mixin.py:137} INFO - [2023-04-27T05:10:23.571+0000] {dagbag.py:532} INFO - Filling up the DagBag from /home/airflow/.local/lib/python3.7/site-packages/airflow/example_dags/example_short_circuit_operator.py
[2023-04-27T05:10:23.582+0000] {processor.py:753} INFO - DAG(s) dict_keys(['example_short_circuit_operator']) retrieved from /home/airflow/.local/lib/python3.7/site-packages/airflow/example_dags/example_short_circuit_operator.py
[2023-04-27T05:10:23.601+0000] {logging_mixin.py:137} INFO - [2023-04-27T05:10:23.601+0000] {dag.py:2705} INFO - Sync 1 DAGs
[2023-04-27T05:10:23.623+0000] {logging_mixin.py:137} INFO - [2023-04-27T05:10:23.622+0000] {dag.py:3456} INFO - Setting next_dagrun for example_short_circuit_operator to 2023-04-26T05:10:23.622558+00:00, run_after=2023-04-27T05:10:23.622558+00:00
[2023-04-27T05:10:23.643+0000] {processor.py:175} INFO - Processing /home/airflow/.local/lib/python3.7/site-packages/airflow/example_dags/example_short_circuit_operator.py took 0.075 seconds
[2023-04-27T05:10:53.882+0000] {processor.py:153} INFO - Started process (PID=1222) to work on /home/airflow/.local/lib/python3.7/site-packages/airflow/example_dags/example_short_circuit_operator.py
[2023-04-27T05:10:53.883+0000] {processor.py:743} INFO - Processing file /home/airflow/.local/lib/python3.7/site-packages/airflow/example_dags/example_short_circuit_operator.py for tasks to queue
[2023-04-27T05:10:53.883+0000] {logging_mixin.py:137} INFO - [2023-04-27T05:10:53.883+0000] {dagbag.py:532} INFO - Filling up the DagBag from /home/airflow/.local/lib/python3.7/site-packages/airflow/example_dags/example_short_circuit_operator.py
[2023-04-27T05:10:53.894+0000] {processor.py:753} INFO - DAG(s) dict_keys(['example_short_circuit_operator']) retrieved from /home/airflow/.local/lib/python3.7/site-packages/airflow/example_dags/example_short_circuit_operator.py
[2023-04-27T05:10:53.915+0000] {logging_mixin.py:137} INFO - [2023-04-27T05:10:53.915+0000] {dag.py:2705} INFO - Sync 1 DAGs
[2023-04-27T05:10:53.940+0000] {logging_mixin.py:137} INFO - [2023-04-27T05:10:53.940+0000] {dag.py:3456} INFO - Setting next_dagrun for example_short_circuit_operator to 2023-04-26T05:10:53.939810+00:00, run_after=2023-04-27T05:10:53.939810+00:00
[2023-04-27T05:10:53.957+0000] {processor.py:175} INFO - Processing /home/airflow/.local/lib/python3.7/site-packages/airflow/example_dags/example_short_circuit_operator.py took 0.077 seconds
[2023-04-27T05:11:24.042+0000] {processor.py:153} INFO - Started process (PID=1272) to work on /home/airflow/.local/lib/python3.7/site-packages/airflow/example_dags/example_short_circuit_operator.py
[2023-04-27T05:11:24.043+0000] {processor.py:743} INFO - Processing file /home/airflow/.local/lib/python3.7/site-packages/airflow/example_dags/example_short_circuit_operator.py for tasks to queue
[2023-04-27T05:11:24.043+0000] {logging_mixin.py:137} INFO - [2023-04-27T05:11:24.043+0000] {dagbag.py:532} INFO - Filling up the DagBag from /home/airflow/.local/lib/python3.7/site-packages/airflow/example_dags/example_short_circuit_operator.py
[2023-04-27T05:11:24.054+0000] {processor.py:753} INFO - DAG(s) dict_keys(['example_short_circuit_operator']) retrieved from /home/airflow/.local/lib/python3.7/site-packages/airflow/example_dags/example_short_circuit_operator.py
[2023-04-27T05:11:24.074+0000] {logging_mixin.py:137} INFO - [2023-04-27T05:11:24.074+0000] {dag.py:2705} INFO - Sync 1 DAGs
[2023-04-27T05:11:24.091+0000] {logging_mixin.py:137} INFO - [2023-04-27T05:11:24.091+0000] {dag.py:3456} INFO - Setting next_dagrun for example_short_circuit_operator to 2023-04-26T05:11:24.091424+00:00, run_after=2023-04-27T05:11:24.091424+00:00
[2023-04-27T05:11:24.105+0000] {processor.py:175} INFO - Processing /home/airflow/.local/lib/python3.7/site-packages/airflow/example_dags/example_short_circuit_operator.py took 0.065 seconds
[2023-04-27T05:11:54.385+0000] {processor.py:153} INFO - Started process (PID=1322) to work on /home/airflow/.local/lib/python3.7/site-packages/airflow/example_dags/example_short_circuit_operator.py
[2023-04-27T05:11:54.385+0000] {processor.py:743} INFO - Processing file /home/airflow/.local/lib/python3.7/site-packages/airflow/example_dags/example_short_circuit_operator.py for tasks to queue
[2023-04-27T05:11:54.386+0000] {logging_mixin.py:137} INFO - [2023-04-27T05:11:54.386+0000] {dagbag.py:532} INFO - Filling up the DagBag from /home/airflow/.local/lib/python3.7/site-packages/airflow/example_dags/example_short_circuit_operator.py
[2023-04-27T05:11:54.397+0000] {processor.py:753} INFO - DAG(s) dict_keys(['example_short_circuit_operator']) retrieved from /home/airflow/.local/lib/python3.7/site-packages/airflow/example_dags/example_short_circuit_operator.py
[2023-04-27T05:11:54.416+0000] {logging_mixin.py:137} INFO - [2023-04-27T05:11:54.416+0000] {dag.py:2705} INFO - Sync 1 DAGs
[2023-04-27T05:11:54.433+0000] {logging_mixin.py:137} INFO - [2023-04-27T05:11:54.433+0000] {dag.py:3456} INFO - Setting next_dagrun for example_short_circuit_operator to 2023-04-26T05:11:54.433709+00:00, run_after=2023-04-27T05:11:54.433709+00:00
[2023-04-27T05:11:54.447+0000] {processor.py:175} INFO - Processing /home/airflow/.local/lib/python3.7/site-packages/airflow/example_dags/example_short_circuit_operator.py took 0.064 seconds
[2023-04-27T05:12:24.615+0000] {processor.py:153} INFO - Started process (PID=1372) to work on /home/airflow/.local/lib/python3.7/site-packages/airflow/example_dags/example_short_circuit_operator.py
[2023-04-27T05:12:24.615+0000] {processor.py:743} INFO - Processing file /home/airflow/.local/lib/python3.7/site-packages/airflow/example_dags/example_short_circuit_operator.py for tasks to queue
[2023-04-27T05:12:24.616+0000] {logging_mixin.py:137} INFO - [2023-04-27T05:12:24.615+0000] {dagbag.py:532} INFO - Filling up the DagBag from /home/airflow/.local/lib/python3.7/site-packages/airflow/example_dags/example_short_circuit_operator.py
[2023-04-27T05:12:24.627+0000] {processor.py:753} INFO - DAG(s) dict_keys(['example_short_circuit_operator']) retrieved from /home/airflow/.local/lib/python3.7/site-packages/airflow/example_dags/example_short_circuit_operator.py
[2023-04-27T05:12:24.646+0000] {logging_mixin.py:137} INFO - [2023-04-27T05:12:24.645+0000] {dag.py:2705} INFO - Sync 1 DAGs
[2023-04-27T05:12:24.664+0000] {logging_mixin.py:137} INFO - [2023-04-27T05:12:24.663+0000] {dag.py:3456} INFO - Setting next_dagrun for example_short_circuit_operator to 2023-04-26T05:12:24.663774+00:00, run_after=2023-04-27T05:12:24.663774+00:00
[2023-04-27T05:12:24.680+0000] {processor.py:175} INFO - Processing /home/airflow/.local/lib/python3.7/site-packages/airflow/example_dags/example_short_circuit_operator.py took 0.067 seconds
[2023-04-27T05:12:54.798+0000] {processor.py:153} INFO - Started process (PID=1422) to work on /home/airflow/.local/lib/python3.7/site-packages/airflow/example_dags/example_short_circuit_operator.py
[2023-04-27T05:12:54.799+0000] {processor.py:743} INFO - Processing file /home/airflow/.local/lib/python3.7/site-packages/airflow/example_dags/example_short_circuit_operator.py for tasks to queue
[2023-04-27T05:12:54.800+0000] {logging_mixin.py:137} INFO - [2023-04-27T05:12:54.800+0000] {dagbag.py:532} INFO - Filling up the DagBag from /home/airflow/.local/lib/python3.7/site-packages/airflow/example_dags/example_short_circuit_operator.py
[2023-04-27T05:12:54.813+0000] {processor.py:753} INFO - DAG(s) dict_keys(['example_short_circuit_operator']) retrieved from /home/airflow/.local/lib/python3.7/site-packages/airflow/example_dags/example_short_circuit_operator.py
[2023-04-27T05:12:54.835+0000] {logging_mixin.py:137} INFO - [2023-04-27T05:12:54.835+0000] {dag.py:2705} INFO - Sync 1 DAGs
[2023-04-27T05:12:54.866+0000] {logging_mixin.py:137} INFO - [2023-04-27T05:12:54.866+0000] {dag.py:3456} INFO - Setting next_dagrun for example_short_circuit_operator to 2023-04-26T05:12:54.866393+00:00, run_after=2023-04-27T05:12:54.866393+00:00
[2023-04-27T05:12:54.884+0000] {processor.py:175} INFO - Processing /home/airflow/.local/lib/python3.7/site-packages/airflow/example_dags/example_short_circuit_operator.py took 0.088 seconds
[2023-04-27T05:13:25.257+0000] {processor.py:153} INFO - Started process (PID=1472) to work on /home/airflow/.local/lib/python3.7/site-packages/airflow/example_dags/example_short_circuit_operator.py
[2023-04-27T05:13:25.257+0000] {processor.py:743} INFO - Processing file /home/airflow/.local/lib/python3.7/site-packages/airflow/example_dags/example_short_circuit_operator.py for tasks to queue
[2023-04-27T05:13:25.258+0000] {logging_mixin.py:137} INFO - [2023-04-27T05:13:25.258+0000] {dagbag.py:532} INFO - Filling up the DagBag from /home/airflow/.local/lib/python3.7/site-packages/airflow/example_dags/example_short_circuit_operator.py
[2023-04-27T05:13:25.269+0000] {processor.py:753} INFO - DAG(s) dict_keys(['example_short_circuit_operator']) retrieved from /home/airflow/.local/lib/python3.7/site-packages/airflow/example_dags/example_short_circuit_operator.py
[2023-04-27T05:13:25.288+0000] {logging_mixin.py:137} INFO - [2023-04-27T05:13:25.288+0000] {dag.py:2705} INFO - Sync 1 DAGs
[2023-04-27T05:13:25.305+0000] {logging_mixin.py:137} INFO - [2023-04-27T05:13:25.305+0000] {dag.py:3456} INFO - Setting next_dagrun for example_short_circuit_operator to 2023-04-26T05:13:25.305266+00:00, run_after=2023-04-27T05:13:25.305266+00:00
[2023-04-27T05:13:25.319+0000] {processor.py:175} INFO - Processing /home/airflow/.local/lib/python3.7/site-packages/airflow/example_dags/example_short_circuit_operator.py took 0.064 seconds
[2023-04-27T05:13:55.481+0000] {processor.py:153} INFO - Started process (PID=1522) to work on /home/airflow/.local/lib/python3.7/site-packages/airflow/example_dags/example_short_circuit_operator.py
[2023-04-27T05:13:55.481+0000] {processor.py:743} INFO - Processing file /home/airflow/.local/lib/python3.7/site-packages/airflow/example_dags/example_short_circuit_operator.py for tasks to queue
[2023-04-27T05:13:55.482+0000] {logging_mixin.py:137} INFO - [2023-04-27T05:13:55.482+0000] {dagbag.py:532} INFO - Filling up the DagBag from /home/airflow/.local/lib/python3.7/site-packages/airflow/example_dags/example_short_circuit_operator.py
[2023-04-27T05:13:55.493+0000] {processor.py:753} INFO - DAG(s) dict_keys(['example_short_circuit_operator']) retrieved from /home/airflow/.local/lib/python3.7/site-packages/airflow/example_dags/example_short_circuit_operator.py
[2023-04-27T05:13:55.510+0000] {logging_mixin.py:137} INFO - [2023-04-27T05:13:55.510+0000] {dag.py:2705} INFO - Sync 1 DAGs
[2023-04-27T05:13:55.524+0000] {logging_mixin.py:137} INFO - [2023-04-27T05:13:55.524+0000] {dag.py:3456} INFO - Setting next_dagrun for example_short_circuit_operator to 2023-04-26T05:13:55.524678+00:00, run_after=2023-04-27T05:13:55.524678+00:00
[2023-04-27T05:13:55.536+0000] {processor.py:175} INFO - Processing /home/airflow/.local/lib/python3.7/site-packages/airflow/example_dags/example_short_circuit_operator.py took 0.057 seconds
[2023-04-27T05:14:25.699+0000] {processor.py:153} INFO - Started process (PID=1572) to work on /home/airflow/.local/lib/python3.7/site-packages/airflow/example_dags/example_short_circuit_operator.py
[2023-04-27T05:14:25.700+0000] {processor.py:743} INFO - Processing file /home/airflow/.local/lib/python3.7/site-packages/airflow/example_dags/example_short_circuit_operator.py for tasks to queue
[2023-04-27T05:14:25.700+0000] {logging_mixin.py:137} INFO - [2023-04-27T05:14:25.700+0000] {dagbag.py:532} INFO - Filling up the DagBag from /home/airflow/.local/lib/python3.7/site-packages/airflow/example_dags/example_short_circuit_operator.py
[2023-04-27T05:14:25.711+0000] {processor.py:753} INFO - DAG(s) dict_keys(['example_short_circuit_operator']) retrieved from /home/airflow/.local/lib/python3.7/site-packages/airflow/example_dags/example_short_circuit_operator.py
[2023-04-27T05:14:25.731+0000] {logging_mixin.py:137} INFO - [2023-04-27T05:14:25.731+0000] {dag.py:2705} INFO - Sync 1 DAGs
[2023-04-27T05:14:25.750+0000] {logging_mixin.py:137} INFO - [2023-04-27T05:14:25.750+0000] {dag.py:3456} INFO - Setting next_dagrun for example_short_circuit_operator to 2023-04-26T05:14:25.749830+00:00, run_after=2023-04-27T05:14:25.749830+00:00
[2023-04-27T05:14:25.769+0000] {processor.py:175} INFO - Processing /home/airflow/.local/lib/python3.7/site-packages/airflow/example_dags/example_short_circuit_operator.py took 0.072 seconds
[2023-04-27T05:14:55.867+0000] {processor.py:153} INFO - Started process (PID=1621) to work on /home/airflow/.local/lib/python3.7/site-packages/airflow/example_dags/example_short_circuit_operator.py
[2023-04-27T05:14:55.868+0000] {processor.py:743} INFO - Processing file /home/airflow/.local/lib/python3.7/site-packages/airflow/example_dags/example_short_circuit_operator.py for tasks to queue
[2023-04-27T05:14:55.868+0000] {logging_mixin.py:137} INFO - [2023-04-27T05:14:55.868+0000] {dagbag.py:532} INFO - Filling up the DagBag from /home/airflow/.local/lib/python3.7/site-packages/airflow/example_dags/example_short_circuit_operator.py
[2023-04-27T05:14:55.880+0000] {processor.py:753} INFO - DAG(s) dict_keys(['example_short_circuit_operator']) retrieved from /home/airflow/.local/lib/python3.7/site-packages/airflow/example_dags/example_short_circuit_operator.py
[2023-04-27T05:14:55.901+0000] {logging_mixin.py:137} INFO - [2023-04-27T05:14:55.901+0000] {dag.py:2705} INFO - Sync 1 DAGs
[2023-04-27T05:14:55.919+0000] {logging_mixin.py:137} INFO - [2023-04-27T05:14:55.919+0000] {dag.py:3456} INFO - Setting next_dagrun for example_short_circuit_operator to 2023-04-26T05:14:55.919428+00:00, run_after=2023-04-27T05:14:55.919428+00:00
[2023-04-27T05:14:55.935+0000] {processor.py:175} INFO - Processing /home/airflow/.local/lib/python3.7/site-packages/airflow/example_dags/example_short_circuit_operator.py took 0.069 seconds
