[2023-04-27T04:59:14.876+0000] {processor.py:153} INFO - Started process (PID=66) to work on /home/airflow/.local/lib/python3.7/site-packages/airflow/example_dags/example_sla_dag.py
[2023-04-27T04:59:14.876+0000] {processor.py:743} INFO - Processing file /home/airflow/.local/lib/python3.7/site-packages/airflow/example_dags/example_sla_dag.py for tasks to queue
[2023-04-27T04:59:14.877+0000] {logging_mixin.py:137} INFO - [2023-04-27T04:59:14.877+0000] {dagbag.py:532} INFO - Filling up the DagBag from /home/airflow/.local/lib/python3.7/site-packages/airflow/example_dags/example_sla_dag.py
[2023-04-27T04:59:14.898+0000] {processor.py:753} INFO - DAG(s) dict_keys(['example_sla_dag']) retrieved from /home/airflow/.local/lib/python3.7/site-packages/airflow/example_dags/example_sla_dag.py
[2023-04-27T04:59:14.908+0000] {logging_mixin.py:137} INFO - [2023-04-27T04:59:14.907+0000] {dag.py:2705} INFO - Sync 1 DAGs
[2023-04-27T04:59:14.931+0000] {logging_mixin.py:137} INFO - [2023-04-27T04:59:14.931+0000] {dag.py:3456} INFO - Setting next_dagrun for example_sla_dag to 2023-04-27T04:56:00+00:00, run_after=2023-04-27T04:58:00+00:00
[2023-04-27T04:59:14.948+0000] {processor.py:175} INFO - Processing /home/airflow/.local/lib/python3.7/site-packages/airflow/example_dags/example_sla_dag.py took 0.075 seconds
[2023-04-27T04:59:45.573+0000] {processor.py:153} INFO - Started process (PID=115) to work on /home/airflow/.local/lib/python3.7/site-packages/airflow/example_dags/example_sla_dag.py
[2023-04-27T04:59:45.573+0000] {processor.py:743} INFO - Processing file /home/airflow/.local/lib/python3.7/site-packages/airflow/example_dags/example_sla_dag.py for tasks to queue
[2023-04-27T04:59:45.574+0000] {logging_mixin.py:137} INFO - [2023-04-27T04:59:45.574+0000] {dagbag.py:532} INFO - Filling up the DagBag from /home/airflow/.local/lib/python3.7/site-packages/airflow/example_dags/example_sla_dag.py
[2023-04-27T04:59:45.592+0000] {processor.py:753} INFO - DAG(s) dict_keys(['example_sla_dag']) retrieved from /home/airflow/.local/lib/python3.7/site-packages/airflow/example_dags/example_sla_dag.py
[2023-04-27T04:59:45.611+0000] {logging_mixin.py:137} INFO - [2023-04-27T04:59:45.611+0000] {dag.py:2705} INFO - Sync 1 DAGs
[2023-04-27T04:59:45.635+0000] {logging_mixin.py:137} INFO - [2023-04-27T04:59:45.635+0000] {dag.py:3456} INFO - Setting next_dagrun for example_sla_dag to 2023-04-27T04:56:00+00:00, run_after=2023-04-27T04:58:00+00:00
[2023-04-27T04:59:45.650+0000] {processor.py:175} INFO - Processing /home/airflow/.local/lib/python3.7/site-packages/airflow/example_dags/example_sla_dag.py took 0.080 seconds
[2023-04-27T05:00:15.718+0000] {processor.py:153} INFO - Started process (PID=165) to work on /home/airflow/.local/lib/python3.7/site-packages/airflow/example_dags/example_sla_dag.py
[2023-04-27T05:00:15.719+0000] {processor.py:743} INFO - Processing file /home/airflow/.local/lib/python3.7/site-packages/airflow/example_dags/example_sla_dag.py for tasks to queue
[2023-04-27T05:00:15.719+0000] {logging_mixin.py:137} INFO - [2023-04-27T05:00:15.719+0000] {dagbag.py:532} INFO - Filling up the DagBag from /home/airflow/.local/lib/python3.7/site-packages/airflow/example_dags/example_sla_dag.py
[2023-04-27T05:00:15.736+0000] {processor.py:753} INFO - DAG(s) dict_keys(['example_sla_dag']) retrieved from /home/airflow/.local/lib/python3.7/site-packages/airflow/example_dags/example_sla_dag.py
[2023-04-27T05:00:15.755+0000] {logging_mixin.py:137} INFO - [2023-04-27T05:00:15.755+0000] {dag.py:2705} INFO - Sync 1 DAGs
[2023-04-27T05:00:15.775+0000] {logging_mixin.py:137} INFO - [2023-04-27T05:00:15.775+0000] {dag.py:3456} INFO - Setting next_dagrun for example_sla_dag to 2023-04-27T04:58:00+00:00, run_after=2023-04-27T05:00:00+00:00
[2023-04-27T05:00:15.790+0000] {processor.py:175} INFO - Processing /home/airflow/.local/lib/python3.7/site-packages/airflow/example_dags/example_sla_dag.py took 0.074 seconds
[2023-04-27T05:00:46.022+0000] {processor.py:153} INFO - Started process (PID=215) to work on /home/airflow/.local/lib/python3.7/site-packages/airflow/example_dags/example_sla_dag.py
[2023-04-27T05:00:46.023+0000] {processor.py:743} INFO - Processing file /home/airflow/.local/lib/python3.7/site-packages/airflow/example_dags/example_sla_dag.py for tasks to queue
[2023-04-27T05:00:46.023+0000] {logging_mixin.py:137} INFO - [2023-04-27T05:00:46.023+0000] {dagbag.py:532} INFO - Filling up the DagBag from /home/airflow/.local/lib/python3.7/site-packages/airflow/example_dags/example_sla_dag.py
[2023-04-27T05:00:46.043+0000] {processor.py:753} INFO - DAG(s) dict_keys(['example_sla_dag']) retrieved from /home/airflow/.local/lib/python3.7/site-packages/airflow/example_dags/example_sla_dag.py
[2023-04-27T05:00:46.061+0000] {logging_mixin.py:137} INFO - [2023-04-27T05:00:46.061+0000] {dag.py:2705} INFO - Sync 1 DAGs
[2023-04-27T05:00:46.082+0000] {logging_mixin.py:137} INFO - [2023-04-27T05:00:46.082+0000] {dag.py:3456} INFO - Setting next_dagrun for example_sla_dag to 2023-04-27T04:58:00+00:00, run_after=2023-04-27T05:00:00+00:00
[2023-04-27T05:00:46.099+0000] {processor.py:175} INFO - Processing /home/airflow/.local/lib/python3.7/site-packages/airflow/example_dags/example_sla_dag.py took 0.079 seconds
[2023-04-27T05:01:16.174+0000] {processor.py:153} INFO - Started process (PID=265) to work on /home/airflow/.local/lib/python3.7/site-packages/airflow/example_dags/example_sla_dag.py
[2023-04-27T05:01:16.174+0000] {processor.py:743} INFO - Processing file /home/airflow/.local/lib/python3.7/site-packages/airflow/example_dags/example_sla_dag.py for tasks to queue
[2023-04-27T05:01:16.175+0000] {logging_mixin.py:137} INFO - [2023-04-27T05:01:16.174+0000] {dagbag.py:532} INFO - Filling up the DagBag from /home/airflow/.local/lib/python3.7/site-packages/airflow/example_dags/example_sla_dag.py
[2023-04-27T05:01:16.191+0000] {processor.py:753} INFO - DAG(s) dict_keys(['example_sla_dag']) retrieved from /home/airflow/.local/lib/python3.7/site-packages/airflow/example_dags/example_sla_dag.py
[2023-04-27T05:01:16.199+0000] {logging_mixin.py:137} INFO - [2023-04-27T05:01:16.199+0000] {dag.py:2705} INFO - Sync 1 DAGs
[2023-04-27T05:01:16.221+0000] {logging_mixin.py:137} INFO - [2023-04-27T05:01:16.221+0000] {dag.py:3456} INFO - Setting next_dagrun for example_sla_dag to 2023-04-27T04:58:00+00:00, run_after=2023-04-27T05:00:00+00:00
[2023-04-27T05:01:16.235+0000] {processor.py:175} INFO - Processing /home/airflow/.local/lib/python3.7/site-packages/airflow/example_dags/example_sla_dag.py took 0.064 seconds
[2023-04-27T05:01:46.477+0000] {processor.py:153} INFO - Started process (PID=314) to work on /home/airflow/.local/lib/python3.7/site-packages/airflow/example_dags/example_sla_dag.py
[2023-04-27T05:01:46.478+0000] {processor.py:743} INFO - Processing file /home/airflow/.local/lib/python3.7/site-packages/airflow/example_dags/example_sla_dag.py for tasks to queue
[2023-04-27T05:01:46.478+0000] {logging_mixin.py:137} INFO - [2023-04-27T05:01:46.478+0000] {dagbag.py:532} INFO - Filling up the DagBag from /home/airflow/.local/lib/python3.7/site-packages/airflow/example_dags/example_sla_dag.py
[2023-04-27T05:01:46.495+0000] {processor.py:753} INFO - DAG(s) dict_keys(['example_sla_dag']) retrieved from /home/airflow/.local/lib/python3.7/site-packages/airflow/example_dags/example_sla_dag.py
[2023-04-27T05:01:46.512+0000] {logging_mixin.py:137} INFO - [2023-04-27T05:01:46.512+0000] {dag.py:2705} INFO - Sync 1 DAGs
[2023-04-27T05:01:46.534+0000] {logging_mixin.py:137} INFO - [2023-04-27T05:01:46.534+0000] {dag.py:3456} INFO - Setting next_dagrun for example_sla_dag to 2023-04-27T04:58:00+00:00, run_after=2023-04-27T05:00:00+00:00
[2023-04-27T05:01:46.552+0000] {processor.py:175} INFO - Processing /home/airflow/.local/lib/python3.7/site-packages/airflow/example_dags/example_sla_dag.py took 0.077 seconds
[2023-04-27T05:02:16.908+0000] {processor.py:153} INFO - Started process (PID=364) to work on /home/airflow/.local/lib/python3.7/site-packages/airflow/example_dags/example_sla_dag.py
[2023-04-27T05:02:16.909+0000] {processor.py:743} INFO - Processing file /home/airflow/.local/lib/python3.7/site-packages/airflow/example_dags/example_sla_dag.py for tasks to queue
[2023-04-27T05:02:16.909+0000] {logging_mixin.py:137} INFO - [2023-04-27T05:02:16.909+0000] {dagbag.py:532} INFO - Filling up the DagBag from /home/airflow/.local/lib/python3.7/site-packages/airflow/example_dags/example_sla_dag.py
[2023-04-27T05:02:16.929+0000] {processor.py:753} INFO - DAG(s) dict_keys(['example_sla_dag']) retrieved from /home/airflow/.local/lib/python3.7/site-packages/airflow/example_dags/example_sla_dag.py
[2023-04-27T05:02:16.950+0000] {logging_mixin.py:137} INFO - [2023-04-27T05:02:16.950+0000] {dag.py:2705} INFO - Sync 1 DAGs
[2023-04-27T05:02:16.975+0000] {logging_mixin.py:137} INFO - [2023-04-27T05:02:16.975+0000] {dag.py:3456} INFO - Setting next_dagrun for example_sla_dag to 2023-04-27T05:00:00+00:00, run_after=2023-04-27T05:02:00+00:00
[2023-04-27T05:02:16.993+0000] {processor.py:175} INFO - Processing /home/airflow/.local/lib/python3.7/site-packages/airflow/example_dags/example_sla_dag.py took 0.088 seconds
[2023-04-27T05:02:47.479+0000] {processor.py:153} INFO - Started process (PID=414) to work on /home/airflow/.local/lib/python3.7/site-packages/airflow/example_dags/example_sla_dag.py
[2023-04-27T05:02:47.480+0000] {processor.py:743} INFO - Processing file /home/airflow/.local/lib/python3.7/site-packages/airflow/example_dags/example_sla_dag.py for tasks to queue
[2023-04-27T05:02:47.480+0000] {logging_mixin.py:137} INFO - [2023-04-27T05:02:47.480+0000] {dagbag.py:532} INFO - Filling up the DagBag from /home/airflow/.local/lib/python3.7/site-packages/airflow/example_dags/example_sla_dag.py
[2023-04-27T05:02:47.505+0000] {processor.py:753} INFO - DAG(s) dict_keys(['example_sla_dag']) retrieved from /home/airflow/.local/lib/python3.7/site-packages/airflow/example_dags/example_sla_dag.py
[2023-04-27T05:02:47.531+0000] {logging_mixin.py:137} INFO - [2023-04-27T05:02:47.531+0000] {dag.py:2705} INFO - Sync 1 DAGs
[2023-04-27T05:02:47.561+0000] {logging_mixin.py:137} INFO - [2023-04-27T05:02:47.561+0000] {dag.py:3456} INFO - Setting next_dagrun for example_sla_dag to 2023-04-27T05:00:00+00:00, run_after=2023-04-27T05:02:00+00:00
[2023-04-27T05:02:47.581+0000] {processor.py:175} INFO - Processing /home/airflow/.local/lib/python3.7/site-packages/airflow/example_dags/example_sla_dag.py took 0.105 seconds
[2023-04-27T05:03:17.808+0000] {processor.py:153} INFO - Started process (PID=464) to work on /home/airflow/.local/lib/python3.7/site-packages/airflow/example_dags/example_sla_dag.py
[2023-04-27T05:03:17.809+0000] {processor.py:743} INFO - Processing file /home/airflow/.local/lib/python3.7/site-packages/airflow/example_dags/example_sla_dag.py for tasks to queue
[2023-04-27T05:03:17.809+0000] {logging_mixin.py:137} INFO - [2023-04-27T05:03:17.809+0000] {dagbag.py:532} INFO - Filling up the DagBag from /home/airflow/.local/lib/python3.7/site-packages/airflow/example_dags/example_sla_dag.py
[2023-04-27T05:03:17.823+0000] {processor.py:753} INFO - DAG(s) dict_keys(['example_sla_dag']) retrieved from /home/airflow/.local/lib/python3.7/site-packages/airflow/example_dags/example_sla_dag.py
[2023-04-27T05:03:17.839+0000] {logging_mixin.py:137} INFO - [2023-04-27T05:03:17.839+0000] {dag.py:2705} INFO - Sync 1 DAGs
[2023-04-27T05:03:17.857+0000] {logging_mixin.py:137} INFO - [2023-04-27T05:03:17.857+0000] {dag.py:3456} INFO - Setting next_dagrun for example_sla_dag to 2023-04-27T05:00:00+00:00, run_after=2023-04-27T05:02:00+00:00
[2023-04-27T05:03:17.870+0000] {processor.py:175} INFO - Processing /home/airflow/.local/lib/python3.7/site-packages/airflow/example_dags/example_sla_dag.py took 0.064 seconds
[2023-04-27T05:03:48.286+0000] {processor.py:153} INFO - Started process (PID=514) to work on /home/airflow/.local/lib/python3.7/site-packages/airflow/example_dags/example_sla_dag.py
[2023-04-27T05:03:48.287+0000] {processor.py:743} INFO - Processing file /home/airflow/.local/lib/python3.7/site-packages/airflow/example_dags/example_sla_dag.py for tasks to queue
[2023-04-27T05:03:48.287+0000] {logging_mixin.py:137} INFO - [2023-04-27T05:03:48.287+0000] {dagbag.py:532} INFO - Filling up the DagBag from /home/airflow/.local/lib/python3.7/site-packages/airflow/example_dags/example_sla_dag.py
[2023-04-27T05:03:48.304+0000] {processor.py:753} INFO - DAG(s) dict_keys(['example_sla_dag']) retrieved from /home/airflow/.local/lib/python3.7/site-packages/airflow/example_dags/example_sla_dag.py
[2023-04-27T05:03:48.322+0000] {logging_mixin.py:137} INFO - [2023-04-27T05:03:48.322+0000] {dag.py:2705} INFO - Sync 1 DAGs
[2023-04-27T05:03:48.344+0000] {logging_mixin.py:137} INFO - [2023-04-27T05:03:48.344+0000] {dag.py:3456} INFO - Setting next_dagrun for example_sla_dag to 2023-04-27T05:00:00+00:00, run_after=2023-04-27T05:02:00+00:00
[2023-04-27T05:03:48.359+0000] {processor.py:175} INFO - Processing /home/airflow/.local/lib/python3.7/site-packages/airflow/example_dags/example_sla_dag.py took 0.076 seconds
[2023-04-27T05:04:18.665+0000] {processor.py:153} INFO - Started process (PID=563) to work on /home/airflow/.local/lib/python3.7/site-packages/airflow/example_dags/example_sla_dag.py
[2023-04-27T05:04:18.665+0000] {processor.py:743} INFO - Processing file /home/airflow/.local/lib/python3.7/site-packages/airflow/example_dags/example_sla_dag.py for tasks to queue
[2023-04-27T05:04:18.666+0000] {logging_mixin.py:137} INFO - [2023-04-27T05:04:18.666+0000] {dagbag.py:532} INFO - Filling up the DagBag from /home/airflow/.local/lib/python3.7/site-packages/airflow/example_dags/example_sla_dag.py
[2023-04-27T05:04:18.683+0000] {processor.py:753} INFO - DAG(s) dict_keys(['example_sla_dag']) retrieved from /home/airflow/.local/lib/python3.7/site-packages/airflow/example_dags/example_sla_dag.py
[2023-04-27T05:04:18.701+0000] {logging_mixin.py:137} INFO - [2023-04-27T05:04:18.701+0000] {dag.py:2705} INFO - Sync 1 DAGs
[2023-04-27T05:04:18.723+0000] {logging_mixin.py:137} INFO - [2023-04-27T05:04:18.723+0000] {dag.py:3456} INFO - Setting next_dagrun for example_sla_dag to 2023-04-27T05:02:00+00:00, run_after=2023-04-27T05:04:00+00:00
[2023-04-27T05:04:18.737+0000] {processor.py:175} INFO - Processing /home/airflow/.local/lib/python3.7/site-packages/airflow/example_dags/example_sla_dag.py took 0.075 seconds
[2023-04-27T05:04:48.861+0000] {processor.py:153} INFO - Started process (PID=613) to work on /home/airflow/.local/lib/python3.7/site-packages/airflow/example_dags/example_sla_dag.py
[2023-04-27T05:04:48.862+0000] {processor.py:743} INFO - Processing file /home/airflow/.local/lib/python3.7/site-packages/airflow/example_dags/example_sla_dag.py for tasks to queue
[2023-04-27T05:04:48.862+0000] {logging_mixin.py:137} INFO - [2023-04-27T05:04:48.862+0000] {dagbag.py:532} INFO - Filling up the DagBag from /home/airflow/.local/lib/python3.7/site-packages/airflow/example_dags/example_sla_dag.py
[2023-04-27T05:04:48.879+0000] {processor.py:753} INFO - DAG(s) dict_keys(['example_sla_dag']) retrieved from /home/airflow/.local/lib/python3.7/site-packages/airflow/example_dags/example_sla_dag.py
[2023-04-27T05:04:48.897+0000] {logging_mixin.py:137} INFO - [2023-04-27T05:04:48.897+0000] {dag.py:2705} INFO - Sync 1 DAGs
[2023-04-27T05:04:48.919+0000] {logging_mixin.py:137} INFO - [2023-04-27T05:04:48.919+0000] {dag.py:3456} INFO - Setting next_dagrun for example_sla_dag to 2023-04-27T05:02:00+00:00, run_after=2023-04-27T05:04:00+00:00
[2023-04-27T05:04:48.936+0000] {processor.py:175} INFO - Processing /home/airflow/.local/lib/python3.7/site-packages/airflow/example_dags/example_sla_dag.py took 0.077 seconds
[2023-04-27T05:05:19.041+0000] {processor.py:153} INFO - Started process (PID=663) to work on /home/airflow/.local/lib/python3.7/site-packages/airflow/example_dags/example_sla_dag.py
[2023-04-27T05:05:19.042+0000] {processor.py:743} INFO - Processing file /home/airflow/.local/lib/python3.7/site-packages/airflow/example_dags/example_sla_dag.py for tasks to queue
[2023-04-27T05:05:19.042+0000] {logging_mixin.py:137} INFO - [2023-04-27T05:05:19.042+0000] {dagbag.py:532} INFO - Filling up the DagBag from /home/airflow/.local/lib/python3.7/site-packages/airflow/example_dags/example_sla_dag.py
[2023-04-27T05:05:19.059+0000] {processor.py:753} INFO - DAG(s) dict_keys(['example_sla_dag']) retrieved from /home/airflow/.local/lib/python3.7/site-packages/airflow/example_dags/example_sla_dag.py
[2023-04-27T05:05:19.077+0000] {logging_mixin.py:137} INFO - [2023-04-27T05:05:19.077+0000] {dag.py:2705} INFO - Sync 1 DAGs
[2023-04-27T05:05:19.100+0000] {logging_mixin.py:137} INFO - [2023-04-27T05:05:19.100+0000] {dag.py:3456} INFO - Setting next_dagrun for example_sla_dag to 2023-04-27T05:02:00+00:00, run_after=2023-04-27T05:04:00+00:00
[2023-04-27T05:05:19.127+0000] {processor.py:175} INFO - Processing /home/airflow/.local/lib/python3.7/site-packages/airflow/example_dags/example_sla_dag.py took 0.087 seconds
[2023-04-27T05:05:49.219+0000] {processor.py:153} INFO - Started process (PID=713) to work on /home/airflow/.local/lib/python3.7/site-packages/airflow/example_dags/example_sla_dag.py
[2023-04-27T05:05:49.219+0000] {processor.py:743} INFO - Processing file /home/airflow/.local/lib/python3.7/site-packages/airflow/example_dags/example_sla_dag.py for tasks to queue
[2023-04-27T05:05:49.220+0000] {logging_mixin.py:137} INFO - [2023-04-27T05:05:49.220+0000] {dagbag.py:532} INFO - Filling up the DagBag from /home/airflow/.local/lib/python3.7/site-packages/airflow/example_dags/example_sla_dag.py
[2023-04-27T05:05:49.237+0000] {processor.py:753} INFO - DAG(s) dict_keys(['example_sla_dag']) retrieved from /home/airflow/.local/lib/python3.7/site-packages/airflow/example_dags/example_sla_dag.py
[2023-04-27T05:05:49.256+0000] {logging_mixin.py:137} INFO - [2023-04-27T05:05:49.256+0000] {dag.py:2705} INFO - Sync 1 DAGs
[2023-04-27T05:05:49.276+0000] {logging_mixin.py:137} INFO - [2023-04-27T05:05:49.276+0000] {dag.py:3456} INFO - Setting next_dagrun for example_sla_dag to 2023-04-27T05:02:00+00:00, run_after=2023-04-27T05:04:00+00:00
[2023-04-27T05:05:49.292+0000] {processor.py:175} INFO - Processing /home/airflow/.local/lib/python3.7/site-packages/airflow/example_dags/example_sla_dag.py took 0.075 seconds
[2023-04-27T05:06:19.454+0000] {processor.py:153} INFO - Started process (PID=763) to work on /home/airflow/.local/lib/python3.7/site-packages/airflow/example_dags/example_sla_dag.py
[2023-04-27T05:06:19.455+0000] {processor.py:743} INFO - Processing file /home/airflow/.local/lib/python3.7/site-packages/airflow/example_dags/example_sla_dag.py for tasks to queue
[2023-04-27T05:06:19.455+0000] {logging_mixin.py:137} INFO - [2023-04-27T05:06:19.455+0000] {dagbag.py:532} INFO - Filling up the DagBag from /home/airflow/.local/lib/python3.7/site-packages/airflow/example_dags/example_sla_dag.py
[2023-04-27T05:06:19.472+0000] {processor.py:753} INFO - DAG(s) dict_keys(['example_sla_dag']) retrieved from /home/airflow/.local/lib/python3.7/site-packages/airflow/example_dags/example_sla_dag.py
[2023-04-27T05:06:19.492+0000] {logging_mixin.py:137} INFO - [2023-04-27T05:06:19.492+0000] {dag.py:2705} INFO - Sync 1 DAGs
[2023-04-27T05:06:19.513+0000] {logging_mixin.py:137} INFO - [2023-04-27T05:06:19.513+0000] {dag.py:3456} INFO - Setting next_dagrun for example_sla_dag to 2023-04-27T05:04:00+00:00, run_after=2023-04-27T05:06:00+00:00
[2023-04-27T05:06:19.528+0000] {processor.py:175} INFO - Processing /home/airflow/.local/lib/python3.7/site-packages/airflow/example_dags/example_sla_dag.py took 0.076 seconds
[2023-04-27T05:06:49.687+0000] {processor.py:153} INFO - Started process (PID=813) to work on /home/airflow/.local/lib/python3.7/site-packages/airflow/example_dags/example_sla_dag.py
[2023-04-27T05:06:49.688+0000] {processor.py:743} INFO - Processing file /home/airflow/.local/lib/python3.7/site-packages/airflow/example_dags/example_sla_dag.py for tasks to queue
[2023-04-27T05:06:49.688+0000] {logging_mixin.py:137} INFO - [2023-04-27T05:06:49.688+0000] {dagbag.py:532} INFO - Filling up the DagBag from /home/airflow/.local/lib/python3.7/site-packages/airflow/example_dags/example_sla_dag.py
[2023-04-27T05:06:49.705+0000] {processor.py:753} INFO - DAG(s) dict_keys(['example_sla_dag']) retrieved from /home/airflow/.local/lib/python3.7/site-packages/airflow/example_dags/example_sla_dag.py
[2023-04-27T05:06:49.722+0000] {logging_mixin.py:137} INFO - [2023-04-27T05:06:49.722+0000] {dag.py:2705} INFO - Sync 1 DAGs
[2023-04-27T05:06:49.745+0000] {logging_mixin.py:137} INFO - [2023-04-27T05:06:49.745+0000] {dag.py:3456} INFO - Setting next_dagrun for example_sla_dag to 2023-04-27T05:04:00+00:00, run_after=2023-04-27T05:06:00+00:00
[2023-04-27T05:06:49.761+0000] {processor.py:175} INFO - Processing /home/airflow/.local/lib/python3.7/site-packages/airflow/example_dags/example_sla_dag.py took 0.075 seconds
[2023-04-27T05:07:20.004+0000] {processor.py:153} INFO - Started process (PID=863) to work on /home/airflow/.local/lib/python3.7/site-packages/airflow/example_dags/example_sla_dag.py
[2023-04-27T05:07:20.005+0000] {processor.py:743} INFO - Processing file /home/airflow/.local/lib/python3.7/site-packages/airflow/example_dags/example_sla_dag.py for tasks to queue
[2023-04-27T05:07:20.005+0000] {logging_mixin.py:137} INFO - [2023-04-27T05:07:20.005+0000] {dagbag.py:532} INFO - Filling up the DagBag from /home/airflow/.local/lib/python3.7/site-packages/airflow/example_dags/example_sla_dag.py
[2023-04-27T05:07:20.021+0000] {processor.py:753} INFO - DAG(s) dict_keys(['example_sla_dag']) retrieved from /home/airflow/.local/lib/python3.7/site-packages/airflow/example_dags/example_sla_dag.py
[2023-04-27T05:07:20.039+0000] {logging_mixin.py:137} INFO - [2023-04-27T05:07:20.038+0000] {dag.py:2705} INFO - Sync 1 DAGs
[2023-04-27T05:07:20.060+0000] {logging_mixin.py:137} INFO - [2023-04-27T05:07:20.060+0000] {dag.py:3456} INFO - Setting next_dagrun for example_sla_dag to 2023-04-27T05:04:00+00:00, run_after=2023-04-27T05:06:00+00:00
[2023-04-27T05:07:20.080+0000] {processor.py:175} INFO - Processing /home/airflow/.local/lib/python3.7/site-packages/airflow/example_dags/example_sla_dag.py took 0.077 seconds
[2023-04-27T05:07:50.115+0000] {processor.py:153} INFO - Started process (PID=913) to work on /home/airflow/.local/lib/python3.7/site-packages/airflow/example_dags/example_sla_dag.py
[2023-04-27T05:07:50.115+0000] {processor.py:743} INFO - Processing file /home/airflow/.local/lib/python3.7/site-packages/airflow/example_dags/example_sla_dag.py for tasks to queue
[2023-04-27T05:07:50.116+0000] {logging_mixin.py:137} INFO - [2023-04-27T05:07:50.116+0000] {dagbag.py:532} INFO - Filling up the DagBag from /home/airflow/.local/lib/python3.7/site-packages/airflow/example_dags/example_sla_dag.py
[2023-04-27T05:07:50.134+0000] {processor.py:753} INFO - DAG(s) dict_keys(['example_sla_dag']) retrieved from /home/airflow/.local/lib/python3.7/site-packages/airflow/example_dags/example_sla_dag.py
[2023-04-27T05:07:50.154+0000] {logging_mixin.py:137} INFO - [2023-04-27T05:07:50.154+0000] {dag.py:2705} INFO - Sync 1 DAGs
[2023-04-27T05:07:50.175+0000] {logging_mixin.py:137} INFO - [2023-04-27T05:07:50.175+0000] {dag.py:3456} INFO - Setting next_dagrun for example_sla_dag to 2023-04-27T05:04:00+00:00, run_after=2023-04-27T05:06:00+00:00
[2023-04-27T05:07:50.189+0000] {processor.py:175} INFO - Processing /home/airflow/.local/lib/python3.7/site-packages/airflow/example_dags/example_sla_dag.py took 0.077 seconds
[2023-04-27T05:08:20.247+0000] {processor.py:153} INFO - Started process (PID=963) to work on /home/airflow/.local/lib/python3.7/site-packages/airflow/example_dags/example_sla_dag.py
[2023-04-27T05:08:20.248+0000] {processor.py:743} INFO - Processing file /home/airflow/.local/lib/python3.7/site-packages/airflow/example_dags/example_sla_dag.py for tasks to queue
[2023-04-27T05:08:20.248+0000] {logging_mixin.py:137} INFO - [2023-04-27T05:08:20.248+0000] {dagbag.py:532} INFO - Filling up the DagBag from /home/airflow/.local/lib/python3.7/site-packages/airflow/example_dags/example_sla_dag.py
[2023-04-27T05:08:20.265+0000] {processor.py:753} INFO - DAG(s) dict_keys(['example_sla_dag']) retrieved from /home/airflow/.local/lib/python3.7/site-packages/airflow/example_dags/example_sla_dag.py
[2023-04-27T05:08:20.283+0000] {logging_mixin.py:137} INFO - [2023-04-27T05:08:20.283+0000] {dag.py:2705} INFO - Sync 1 DAGs
[2023-04-27T05:08:20.304+0000] {logging_mixin.py:137} INFO - [2023-04-27T05:08:20.304+0000] {dag.py:3456} INFO - Setting next_dagrun for example_sla_dag to 2023-04-27T05:06:00+00:00, run_after=2023-04-27T05:08:00+00:00
[2023-04-27T05:08:20.319+0000] {processor.py:175} INFO - Processing /home/airflow/.local/lib/python3.7/site-packages/airflow/example_dags/example_sla_dag.py took 0.073 seconds
[2023-04-27T05:08:50.452+0000] {processor.py:153} INFO - Started process (PID=1013) to work on /home/airflow/.local/lib/python3.7/site-packages/airflow/example_dags/example_sla_dag.py
[2023-04-27T05:08:50.453+0000] {processor.py:743} INFO - Processing file /home/airflow/.local/lib/python3.7/site-packages/airflow/example_dags/example_sla_dag.py for tasks to queue
[2023-04-27T05:08:50.453+0000] {logging_mixin.py:137} INFO - [2023-04-27T05:08:50.453+0000] {dagbag.py:532} INFO - Filling up the DagBag from /home/airflow/.local/lib/python3.7/site-packages/airflow/example_dags/example_sla_dag.py
[2023-04-27T05:08:50.469+0000] {processor.py:753} INFO - DAG(s) dict_keys(['example_sla_dag']) retrieved from /home/airflow/.local/lib/python3.7/site-packages/airflow/example_dags/example_sla_dag.py
[2023-04-27T05:08:50.486+0000] {logging_mixin.py:137} INFO - [2023-04-27T05:08:50.486+0000] {dag.py:2705} INFO - Sync 1 DAGs
[2023-04-27T05:08:50.511+0000] {logging_mixin.py:137} INFO - [2023-04-27T05:08:50.511+0000] {dag.py:3456} INFO - Setting next_dagrun for example_sla_dag to 2023-04-27T05:06:00+00:00, run_after=2023-04-27T05:08:00+00:00
[2023-04-27T05:08:50.525+0000] {processor.py:175} INFO - Processing /home/airflow/.local/lib/python3.7/site-packages/airflow/example_dags/example_sla_dag.py took 0.075 seconds
[2023-04-27T05:09:20.795+0000] {processor.py:153} INFO - Started process (PID=1063) to work on /home/airflow/.local/lib/python3.7/site-packages/airflow/example_dags/example_sla_dag.py
[2023-04-27T05:09:20.795+0000] {processor.py:743} INFO - Processing file /home/airflow/.local/lib/python3.7/site-packages/airflow/example_dags/example_sla_dag.py for tasks to queue
[2023-04-27T05:09:20.796+0000] {logging_mixin.py:137} INFO - [2023-04-27T05:09:20.796+0000] {dagbag.py:532} INFO - Filling up the DagBag from /home/airflow/.local/lib/python3.7/site-packages/airflow/example_dags/example_sla_dag.py
[2023-04-27T05:09:20.812+0000] {processor.py:753} INFO - DAG(s) dict_keys(['example_sla_dag']) retrieved from /home/airflow/.local/lib/python3.7/site-packages/airflow/example_dags/example_sla_dag.py
[2023-04-27T05:09:20.829+0000] {logging_mixin.py:137} INFO - [2023-04-27T05:09:20.829+0000] {dag.py:2705} INFO - Sync 1 DAGs
[2023-04-27T05:09:20.850+0000] {logging_mixin.py:137} INFO - [2023-04-27T05:09:20.849+0000] {dag.py:3456} INFO - Setting next_dagrun for example_sla_dag to 2023-04-27T05:06:00+00:00, run_after=2023-04-27T05:08:00+00:00
[2023-04-27T05:09:20.869+0000] {processor.py:175} INFO - Processing /home/airflow/.local/lib/python3.7/site-packages/airflow/example_dags/example_sla_dag.py took 0.077 seconds
[2023-04-27T05:09:51.025+0000] {processor.py:153} INFO - Started process (PID=1113) to work on /home/airflow/.local/lib/python3.7/site-packages/airflow/example_dags/example_sla_dag.py
[2023-04-27T05:09:51.025+0000] {processor.py:743} INFO - Processing file /home/airflow/.local/lib/python3.7/site-packages/airflow/example_dags/example_sla_dag.py for tasks to queue
[2023-04-27T05:09:51.026+0000] {logging_mixin.py:137} INFO - [2023-04-27T05:09:51.025+0000] {dagbag.py:532} INFO - Filling up the DagBag from /home/airflow/.local/lib/python3.7/site-packages/airflow/example_dags/example_sla_dag.py
[2023-04-27T05:09:51.042+0000] {processor.py:753} INFO - DAG(s) dict_keys(['example_sla_dag']) retrieved from /home/airflow/.local/lib/python3.7/site-packages/airflow/example_dags/example_sla_dag.py
[2023-04-27T05:09:51.058+0000] {logging_mixin.py:137} INFO - [2023-04-27T05:09:51.058+0000] {dag.py:2705} INFO - Sync 1 DAGs
[2023-04-27T05:09:51.077+0000] {logging_mixin.py:137} INFO - [2023-04-27T05:09:51.077+0000] {dag.py:3456} INFO - Setting next_dagrun for example_sla_dag to 2023-04-27T05:06:00+00:00, run_after=2023-04-27T05:08:00+00:00
[2023-04-27T05:09:51.091+0000] {processor.py:175} INFO - Processing /home/airflow/.local/lib/python3.7/site-packages/airflow/example_dags/example_sla_dag.py took 0.068 seconds
[2023-04-27T05:10:21.129+0000] {processor.py:153} INFO - Started process (PID=1163) to work on /home/airflow/.local/lib/python3.7/site-packages/airflow/example_dags/example_sla_dag.py
[2023-04-27T05:10:21.129+0000] {processor.py:743} INFO - Processing file /home/airflow/.local/lib/python3.7/site-packages/airflow/example_dags/example_sla_dag.py for tasks to queue
[2023-04-27T05:10:21.130+0000] {logging_mixin.py:137} INFO - [2023-04-27T05:10:21.130+0000] {dagbag.py:532} INFO - Filling up the DagBag from /home/airflow/.local/lib/python3.7/site-packages/airflow/example_dags/example_sla_dag.py
[2023-04-27T05:10:21.146+0000] {processor.py:753} INFO - DAG(s) dict_keys(['example_sla_dag']) retrieved from /home/airflow/.local/lib/python3.7/site-packages/airflow/example_dags/example_sla_dag.py
[2023-04-27T05:10:21.163+0000] {logging_mixin.py:137} INFO - [2023-04-27T05:10:21.162+0000] {dag.py:2705} INFO - Sync 1 DAGs
[2023-04-27T05:10:21.183+0000] {logging_mixin.py:137} INFO - [2023-04-27T05:10:21.183+0000] {dag.py:3456} INFO - Setting next_dagrun for example_sla_dag to 2023-04-27T05:08:00+00:00, run_after=2023-04-27T05:10:00+00:00
[2023-04-27T05:10:21.198+0000] {processor.py:175} INFO - Processing /home/airflow/.local/lib/python3.7/site-packages/airflow/example_dags/example_sla_dag.py took 0.071 seconds
[2023-04-27T05:10:51.379+0000] {processor.py:153} INFO - Started process (PID=1212) to work on /home/airflow/.local/lib/python3.7/site-packages/airflow/example_dags/example_sla_dag.py
[2023-04-27T05:10:51.380+0000] {processor.py:743} INFO - Processing file /home/airflow/.local/lib/python3.7/site-packages/airflow/example_dags/example_sla_dag.py for tasks to queue
[2023-04-27T05:10:51.380+0000] {logging_mixin.py:137} INFO - [2023-04-27T05:10:51.380+0000] {dagbag.py:532} INFO - Filling up the DagBag from /home/airflow/.local/lib/python3.7/site-packages/airflow/example_dags/example_sla_dag.py
[2023-04-27T05:10:51.396+0000] {processor.py:753} INFO - DAG(s) dict_keys(['example_sla_dag']) retrieved from /home/airflow/.local/lib/python3.7/site-packages/airflow/example_dags/example_sla_dag.py
[2023-04-27T05:10:51.413+0000] {logging_mixin.py:137} INFO - [2023-04-27T05:10:51.413+0000] {dag.py:2705} INFO - Sync 1 DAGs
[2023-04-27T05:10:51.434+0000] {logging_mixin.py:137} INFO - [2023-04-27T05:10:51.434+0000] {dag.py:3456} INFO - Setting next_dagrun for example_sla_dag to 2023-04-27T05:08:00+00:00, run_after=2023-04-27T05:10:00+00:00
[2023-04-27T05:10:51.449+0000] {processor.py:175} INFO - Processing /home/airflow/.local/lib/python3.7/site-packages/airflow/example_dags/example_sla_dag.py took 0.072 seconds
[2023-04-27T05:11:21.664+0000] {processor.py:153} INFO - Started process (PID=1262) to work on /home/airflow/.local/lib/python3.7/site-packages/airflow/example_dags/example_sla_dag.py
[2023-04-27T05:11:21.664+0000] {processor.py:743} INFO - Processing file /home/airflow/.local/lib/python3.7/site-packages/airflow/example_dags/example_sla_dag.py for tasks to queue
[2023-04-27T05:11:21.665+0000] {logging_mixin.py:137} INFO - [2023-04-27T05:11:21.665+0000] {dagbag.py:532} INFO - Filling up the DagBag from /home/airflow/.local/lib/python3.7/site-packages/airflow/example_dags/example_sla_dag.py
[2023-04-27T05:11:21.681+0000] {processor.py:753} INFO - DAG(s) dict_keys(['example_sla_dag']) retrieved from /home/airflow/.local/lib/python3.7/site-packages/airflow/example_dags/example_sla_dag.py
[2023-04-27T05:11:21.698+0000] {logging_mixin.py:137} INFO - [2023-04-27T05:11:21.698+0000] {dag.py:2705} INFO - Sync 1 DAGs
[2023-04-27T05:11:21.719+0000] {logging_mixin.py:137} INFO - [2023-04-27T05:11:21.719+0000] {dag.py:3456} INFO - Setting next_dagrun for example_sla_dag to 2023-04-27T05:08:00+00:00, run_after=2023-04-27T05:10:00+00:00
[2023-04-27T05:11:21.734+0000] {processor.py:175} INFO - Processing /home/airflow/.local/lib/python3.7/site-packages/airflow/example_dags/example_sla_dag.py took 0.072 seconds
[2023-04-27T05:11:51.962+0000] {processor.py:153} INFO - Started process (PID=1312) to work on /home/airflow/.local/lib/python3.7/site-packages/airflow/example_dags/example_sla_dag.py
[2023-04-27T05:11:51.962+0000] {processor.py:743} INFO - Processing file /home/airflow/.local/lib/python3.7/site-packages/airflow/example_dags/example_sla_dag.py for tasks to queue
[2023-04-27T05:11:51.963+0000] {logging_mixin.py:137} INFO - [2023-04-27T05:11:51.962+0000] {dagbag.py:532} INFO - Filling up the DagBag from /home/airflow/.local/lib/python3.7/site-packages/airflow/example_dags/example_sla_dag.py
[2023-04-27T05:11:51.979+0000] {processor.py:753} INFO - DAG(s) dict_keys(['example_sla_dag']) retrieved from /home/airflow/.local/lib/python3.7/site-packages/airflow/example_dags/example_sla_dag.py
[2023-04-27T05:11:51.996+0000] {logging_mixin.py:137} INFO - [2023-04-27T05:11:51.996+0000] {dag.py:2705} INFO - Sync 1 DAGs
[2023-04-27T05:11:52.016+0000] {logging_mixin.py:137} INFO - [2023-04-27T05:11:52.016+0000] {dag.py:3456} INFO - Setting next_dagrun for example_sla_dag to 2023-04-27T05:08:00+00:00, run_after=2023-04-27T05:10:00+00:00
[2023-04-27T05:11:52.030+0000] {processor.py:175} INFO - Processing /home/airflow/.local/lib/python3.7/site-packages/airflow/example_dags/example_sla_dag.py took 0.070 seconds
[2023-04-27T05:12:22.155+0000] {processor.py:153} INFO - Started process (PID=1362) to work on /home/airflow/.local/lib/python3.7/site-packages/airflow/example_dags/example_sla_dag.py
[2023-04-27T05:12:22.156+0000] {processor.py:743} INFO - Processing file /home/airflow/.local/lib/python3.7/site-packages/airflow/example_dags/example_sla_dag.py for tasks to queue
[2023-04-27T05:12:22.156+0000] {logging_mixin.py:137} INFO - [2023-04-27T05:12:22.156+0000] {dagbag.py:532} INFO - Filling up the DagBag from /home/airflow/.local/lib/python3.7/site-packages/airflow/example_dags/example_sla_dag.py
[2023-04-27T05:12:22.172+0000] {processor.py:753} INFO - DAG(s) dict_keys(['example_sla_dag']) retrieved from /home/airflow/.local/lib/python3.7/site-packages/airflow/example_dags/example_sla_dag.py
[2023-04-27T05:12:22.189+0000] {logging_mixin.py:137} INFO - [2023-04-27T05:12:22.188+0000] {dag.py:2705} INFO - Sync 1 DAGs
[2023-04-27T05:12:22.210+0000] {logging_mixin.py:137} INFO - [2023-04-27T05:12:22.210+0000] {dag.py:3456} INFO - Setting next_dagrun for example_sla_dag to 2023-04-27T05:10:00+00:00, run_after=2023-04-27T05:12:00+00:00
[2023-04-27T05:12:22.225+0000] {processor.py:175} INFO - Processing /home/airflow/.local/lib/python3.7/site-packages/airflow/example_dags/example_sla_dag.py took 0.072 seconds
[2023-04-27T05:12:52.304+0000] {processor.py:153} INFO - Started process (PID=1411) to work on /home/airflow/.local/lib/python3.7/site-packages/airflow/example_dags/example_sla_dag.py
[2023-04-27T05:12:52.304+0000] {processor.py:743} INFO - Processing file /home/airflow/.local/lib/python3.7/site-packages/airflow/example_dags/example_sla_dag.py for tasks to queue
[2023-04-27T05:12:52.305+0000] {logging_mixin.py:137} INFO - [2023-04-27T05:12:52.305+0000] {dagbag.py:532} INFO - Filling up the DagBag from /home/airflow/.local/lib/python3.7/site-packages/airflow/example_dags/example_sla_dag.py
[2023-04-27T05:12:52.318+0000] {processor.py:753} INFO - DAG(s) dict_keys(['example_sla_dag']) retrieved from /home/airflow/.local/lib/python3.7/site-packages/airflow/example_dags/example_sla_dag.py
[2023-04-27T05:12:52.332+0000] {logging_mixin.py:137} INFO - [2023-04-27T05:12:52.332+0000] {dag.py:2705} INFO - Sync 1 DAGs
[2023-04-27T05:12:52.349+0000] {logging_mixin.py:137} INFO - [2023-04-27T05:12:52.349+0000] {dag.py:3456} INFO - Setting next_dagrun for example_sla_dag to 2023-04-27T05:10:00+00:00, run_after=2023-04-27T05:12:00+00:00
[2023-04-27T05:12:52.360+0000] {processor.py:175} INFO - Processing /home/airflow/.local/lib/python3.7/site-packages/airflow/example_dags/example_sla_dag.py took 0.058 seconds
[2023-04-27T05:13:22.771+0000] {processor.py:153} INFO - Started process (PID=1462) to work on /home/airflow/.local/lib/python3.7/site-packages/airflow/example_dags/example_sla_dag.py
[2023-04-27T05:13:22.772+0000] {processor.py:743} INFO - Processing file /home/airflow/.local/lib/python3.7/site-packages/airflow/example_dags/example_sla_dag.py for tasks to queue
[2023-04-27T05:13:22.772+0000] {logging_mixin.py:137} INFO - [2023-04-27T05:13:22.772+0000] {dagbag.py:532} INFO - Filling up the DagBag from /home/airflow/.local/lib/python3.7/site-packages/airflow/example_dags/example_sla_dag.py
[2023-04-27T05:13:22.791+0000] {processor.py:753} INFO - DAG(s) dict_keys(['example_sla_dag']) retrieved from /home/airflow/.local/lib/python3.7/site-packages/airflow/example_dags/example_sla_dag.py
[2023-04-27T05:13:22.812+0000] {logging_mixin.py:137} INFO - [2023-04-27T05:13:22.812+0000] {dag.py:2705} INFO - Sync 1 DAGs
[2023-04-27T05:13:22.835+0000] {logging_mixin.py:137} INFO - [2023-04-27T05:13:22.835+0000] {dag.py:3456} INFO - Setting next_dagrun for example_sla_dag to 2023-04-27T05:10:00+00:00, run_after=2023-04-27T05:12:00+00:00
[2023-04-27T05:13:22.851+0000] {processor.py:175} INFO - Processing /home/airflow/.local/lib/python3.7/site-packages/airflow/example_dags/example_sla_dag.py took 0.082 seconds
[2023-04-27T05:13:52.880+0000] {processor.py:153} INFO - Started process (PID=1512) to work on /home/airflow/.local/lib/python3.7/site-packages/airflow/example_dags/example_sla_dag.py
[2023-04-27T05:13:52.881+0000] {processor.py:743} INFO - Processing file /home/airflow/.local/lib/python3.7/site-packages/airflow/example_dags/example_sla_dag.py for tasks to queue
[2023-04-27T05:13:52.881+0000] {logging_mixin.py:137} INFO - [2023-04-27T05:13:52.881+0000] {dagbag.py:532} INFO - Filling up the DagBag from /home/airflow/.local/lib/python3.7/site-packages/airflow/example_dags/example_sla_dag.py
[2023-04-27T05:13:52.897+0000] {processor.py:753} INFO - DAG(s) dict_keys(['example_sla_dag']) retrieved from /home/airflow/.local/lib/python3.7/site-packages/airflow/example_dags/example_sla_dag.py
[2023-04-27T05:13:52.914+0000] {logging_mixin.py:137} INFO - [2023-04-27T05:13:52.914+0000] {dag.py:2705} INFO - Sync 1 DAGs
[2023-04-27T05:13:52.934+0000] {logging_mixin.py:137} INFO - [2023-04-27T05:13:52.934+0000] {dag.py:3456} INFO - Setting next_dagrun for example_sla_dag to 2023-04-27T05:10:00+00:00, run_after=2023-04-27T05:12:00+00:00
[2023-04-27T05:13:52.949+0000] {processor.py:175} INFO - Processing /home/airflow/.local/lib/python3.7/site-packages/airflow/example_dags/example_sla_dag.py took 0.070 seconds
[2023-04-27T05:14:23.074+0000] {processor.py:153} INFO - Started process (PID=1562) to work on /home/airflow/.local/lib/python3.7/site-packages/airflow/example_dags/example_sla_dag.py
[2023-04-27T05:14:23.075+0000] {processor.py:743} INFO - Processing file /home/airflow/.local/lib/python3.7/site-packages/airflow/example_dags/example_sla_dag.py for tasks to queue
[2023-04-27T05:14:23.075+0000] {logging_mixin.py:137} INFO - [2023-04-27T05:14:23.075+0000] {dagbag.py:532} INFO - Filling up the DagBag from /home/airflow/.local/lib/python3.7/site-packages/airflow/example_dags/example_sla_dag.py
[2023-04-27T05:14:23.091+0000] {processor.py:753} INFO - DAG(s) dict_keys(['example_sla_dag']) retrieved from /home/airflow/.local/lib/python3.7/site-packages/airflow/example_dags/example_sla_dag.py
[2023-04-27T05:14:23.110+0000] {logging_mixin.py:137} INFO - [2023-04-27T05:14:23.110+0000] {dag.py:2705} INFO - Sync 1 DAGs
[2023-04-27T05:14:23.132+0000] {logging_mixin.py:137} INFO - [2023-04-27T05:14:23.132+0000] {dag.py:3456} INFO - Setting next_dagrun for example_sla_dag to 2023-04-27T05:12:00+00:00, run_after=2023-04-27T05:14:00+00:00
[2023-04-27T05:14:23.145+0000] {processor.py:175} INFO - Processing /home/airflow/.local/lib/python3.7/site-packages/airflow/example_dags/example_sla_dag.py took 0.073 seconds
[2023-04-27T05:14:53.377+0000] {processor.py:153} INFO - Started process (PID=1611) to work on /home/airflow/.local/lib/python3.7/site-packages/airflow/example_dags/example_sla_dag.py
[2023-04-27T05:14:53.377+0000] {processor.py:743} INFO - Processing file /home/airflow/.local/lib/python3.7/site-packages/airflow/example_dags/example_sla_dag.py for tasks to queue
[2023-04-27T05:14:53.378+0000] {logging_mixin.py:137} INFO - [2023-04-27T05:14:53.378+0000] {dagbag.py:532} INFO - Filling up the DagBag from /home/airflow/.local/lib/python3.7/site-packages/airflow/example_dags/example_sla_dag.py
[2023-04-27T05:14:53.400+0000] {processor.py:753} INFO - DAG(s) dict_keys(['example_sla_dag']) retrieved from /home/airflow/.local/lib/python3.7/site-packages/airflow/example_dags/example_sla_dag.py
[2023-04-27T05:14:53.423+0000] {logging_mixin.py:137} INFO - [2023-04-27T05:14:53.423+0000] {dag.py:2705} INFO - Sync 1 DAGs
[2023-04-27T05:14:53.447+0000] {logging_mixin.py:137} INFO - [2023-04-27T05:14:53.447+0000] {dag.py:3456} INFO - Setting next_dagrun for example_sla_dag to 2023-04-27T05:12:00+00:00, run_after=2023-04-27T05:14:00+00:00
[2023-04-27T05:14:53.463+0000] {processor.py:175} INFO - Processing /home/airflow/.local/lib/python3.7/site-packages/airflow/example_dags/example_sla_dag.py took 0.090 seconds
