[2023-04-27T04:59:14.663+0000] {processor.py:153} INFO - Started process (PID=61) to work on /home/airflow/.local/lib/python3.7/site-packages/airflow/example_dags/example_branch_operator_decorator.py
[2023-04-27T04:59:14.664+0000] {processor.py:743} INFO - Processing file /home/airflow/.local/lib/python3.7/site-packages/airflow/example_dags/example_branch_operator_decorator.py for tasks to queue
[2023-04-27T04:59:14.664+0000] {logging_mixin.py:137} INFO - [2023-04-27T04:59:14.664+0000] {dagbag.py:532} INFO - Filling up the DagBag from /home/airflow/.local/lib/python3.7/site-packages/airflow/example_dags/example_branch_operator_decorator.py
[2023-04-27T04:59:14.687+0000] {processor.py:753} INFO - DAG(s) dict_keys(['example_branch_python_operator_decorator']) retrieved from /home/airflow/.local/lib/python3.7/site-packages/airflow/example_dags/example_branch_operator_decorator.py
[2023-04-27T04:59:14.696+0000] {logging_mixin.py:137} INFO - [2023-04-27T04:59:14.696+0000] {dag.py:2705} INFO - Sync 1 DAGs
[2023-04-27T04:59:14.718+0000] {logging_mixin.py:137} INFO - [2023-04-27T04:59:14.718+0000] {dag.py:3456} INFO - Setting next_dagrun for example_branch_python_operator_decorator to 2023-04-26T00:00:00+00:00, run_after=2023-04-27T00:00:00+00:00
[2023-04-27T04:59:14.737+0000] {processor.py:175} INFO - Processing /home/airflow/.local/lib/python3.7/site-packages/airflow/example_dags/example_branch_operator_decorator.py took 0.076 seconds
[2023-04-27T04:59:45.325+0000] {processor.py:153} INFO - Started process (PID=110) to work on /home/airflow/.local/lib/python3.7/site-packages/airflow/example_dags/example_branch_operator_decorator.py
[2023-04-27T04:59:45.326+0000] {processor.py:743} INFO - Processing file /home/airflow/.local/lib/python3.7/site-packages/airflow/example_dags/example_branch_operator_decorator.py for tasks to queue
[2023-04-27T04:59:45.326+0000] {logging_mixin.py:137} INFO - [2023-04-27T04:59:45.326+0000] {dagbag.py:532} INFO - Filling up the DagBag from /home/airflow/.local/lib/python3.7/site-packages/airflow/example_dags/example_branch_operator_decorator.py
[2023-04-27T04:59:45.344+0000] {processor.py:753} INFO - DAG(s) dict_keys(['example_branch_python_operator_decorator']) retrieved from /home/airflow/.local/lib/python3.7/site-packages/airflow/example_dags/example_branch_operator_decorator.py
[2023-04-27T04:59:45.364+0000] {logging_mixin.py:137} INFO - [2023-04-27T04:59:45.364+0000] {dag.py:2705} INFO - Sync 1 DAGs
[2023-04-27T04:59:45.385+0000] {logging_mixin.py:137} INFO - [2023-04-27T04:59:45.385+0000] {dag.py:3456} INFO - Setting next_dagrun for example_branch_python_operator_decorator to 2023-04-26T00:00:00+00:00, run_after=2023-04-27T00:00:00+00:00
[2023-04-27T04:59:45.400+0000] {processor.py:175} INFO - Processing /home/airflow/.local/lib/python3.7/site-packages/airflow/example_dags/example_branch_operator_decorator.py took 0.077 seconds
[2023-04-27T05:00:15.517+0000] {processor.py:153} INFO - Started process (PID=160) to work on /home/airflow/.local/lib/python3.7/site-packages/airflow/example_dags/example_branch_operator_decorator.py
[2023-04-27T05:00:15.518+0000] {processor.py:743} INFO - Processing file /home/airflow/.local/lib/python3.7/site-packages/airflow/example_dags/example_branch_operator_decorator.py for tasks to queue
[2023-04-27T05:00:15.519+0000] {logging_mixin.py:137} INFO - [2023-04-27T05:00:15.518+0000] {dagbag.py:532} INFO - Filling up the DagBag from /home/airflow/.local/lib/python3.7/site-packages/airflow/example_dags/example_branch_operator_decorator.py
[2023-04-27T05:00:15.537+0000] {processor.py:753} INFO - DAG(s) dict_keys(['example_branch_python_operator_decorator']) retrieved from /home/airflow/.local/lib/python3.7/site-packages/airflow/example_dags/example_branch_operator_decorator.py
[2023-04-27T05:00:15.557+0000] {logging_mixin.py:137} INFO - [2023-04-27T05:00:15.557+0000] {dag.py:2705} INFO - Sync 1 DAGs
[2023-04-27T05:00:15.578+0000] {logging_mixin.py:137} INFO - [2023-04-27T05:00:15.578+0000] {dag.py:3456} INFO - Setting next_dagrun for example_branch_python_operator_decorator to 2023-04-26T00:00:00+00:00, run_after=2023-04-27T00:00:00+00:00
[2023-04-27T05:00:15.593+0000] {processor.py:175} INFO - Processing /home/airflow/.local/lib/python3.7/site-packages/airflow/example_dags/example_branch_operator_decorator.py took 0.078 seconds
[2023-04-27T05:00:45.802+0000] {processor.py:153} INFO - Started process (PID=210) to work on /home/airflow/.local/lib/python3.7/site-packages/airflow/example_dags/example_branch_operator_decorator.py
[2023-04-27T05:00:45.803+0000] {processor.py:743} INFO - Processing file /home/airflow/.local/lib/python3.7/site-packages/airflow/example_dags/example_branch_operator_decorator.py for tasks to queue
[2023-04-27T05:00:45.803+0000] {logging_mixin.py:137} INFO - [2023-04-27T05:00:45.803+0000] {dagbag.py:532} INFO - Filling up the DagBag from /home/airflow/.local/lib/python3.7/site-packages/airflow/example_dags/example_branch_operator_decorator.py
[2023-04-27T05:00:45.822+0000] {processor.py:753} INFO - DAG(s) dict_keys(['example_branch_python_operator_decorator']) retrieved from /home/airflow/.local/lib/python3.7/site-packages/airflow/example_dags/example_branch_operator_decorator.py
[2023-04-27T05:00:45.843+0000] {logging_mixin.py:137} INFO - [2023-04-27T05:00:45.843+0000] {dag.py:2705} INFO - Sync 1 DAGs
[2023-04-27T05:00:45.868+0000] {logging_mixin.py:137} INFO - [2023-04-27T05:00:45.867+0000] {dag.py:3456} INFO - Setting next_dagrun for example_branch_python_operator_decorator to 2023-04-26T00:00:00+00:00, run_after=2023-04-27T00:00:00+00:00
[2023-04-27T05:00:45.889+0000] {processor.py:175} INFO - Processing /home/airflow/.local/lib/python3.7/site-packages/airflow/example_dags/example_branch_operator_decorator.py took 0.089 seconds
[2023-04-27T05:01:15.971+0000] {processor.py:153} INFO - Started process (PID=260) to work on /home/airflow/.local/lib/python3.7/site-packages/airflow/example_dags/example_branch_operator_decorator.py
[2023-04-27T05:01:15.971+0000] {processor.py:743} INFO - Processing file /home/airflow/.local/lib/python3.7/site-packages/airflow/example_dags/example_branch_operator_decorator.py for tasks to queue
[2023-04-27T05:01:15.971+0000] {logging_mixin.py:137} INFO - [2023-04-27T05:01:15.971+0000] {dagbag.py:532} INFO - Filling up the DagBag from /home/airflow/.local/lib/python3.7/site-packages/airflow/example_dags/example_branch_operator_decorator.py
[2023-04-27T05:01:15.990+0000] {processor.py:753} INFO - DAG(s) dict_keys(['example_branch_python_operator_decorator']) retrieved from /home/airflow/.local/lib/python3.7/site-packages/airflow/example_dags/example_branch_operator_decorator.py
[2023-04-27T05:01:15.998+0000] {logging_mixin.py:137} INFO - [2023-04-27T05:01:15.998+0000] {dag.py:2705} INFO - Sync 1 DAGs
[2023-04-27T05:01:16.019+0000] {logging_mixin.py:137} INFO - [2023-04-27T05:01:16.019+0000] {dag.py:3456} INFO - Setting next_dagrun for example_branch_python_operator_decorator to 2023-04-26T00:00:00+00:00, run_after=2023-04-27T00:00:00+00:00
[2023-04-27T05:01:16.035+0000] {processor.py:175} INFO - Processing /home/airflow/.local/lib/python3.7/site-packages/airflow/example_dags/example_branch_operator_decorator.py took 0.066 seconds
[2023-04-27T05:01:46.227+0000] {processor.py:153} INFO - Started process (PID=309) to work on /home/airflow/.local/lib/python3.7/site-packages/airflow/example_dags/example_branch_operator_decorator.py
[2023-04-27T05:01:46.228+0000] {processor.py:743} INFO - Processing file /home/airflow/.local/lib/python3.7/site-packages/airflow/example_dags/example_branch_operator_decorator.py for tasks to queue
[2023-04-27T05:01:46.228+0000] {logging_mixin.py:137} INFO - [2023-04-27T05:01:46.228+0000] {dagbag.py:532} INFO - Filling up the DagBag from /home/airflow/.local/lib/python3.7/site-packages/airflow/example_dags/example_branch_operator_decorator.py
[2023-04-27T05:01:46.246+0000] {processor.py:753} INFO - DAG(s) dict_keys(['example_branch_python_operator_decorator']) retrieved from /home/airflow/.local/lib/python3.7/site-packages/airflow/example_dags/example_branch_operator_decorator.py
[2023-04-27T05:01:46.265+0000] {logging_mixin.py:137} INFO - [2023-04-27T05:01:46.265+0000] {dag.py:2705} INFO - Sync 1 DAGs
[2023-04-27T05:01:46.286+0000] {logging_mixin.py:137} INFO - [2023-04-27T05:01:46.286+0000] {dag.py:3456} INFO - Setting next_dagrun for example_branch_python_operator_decorator to 2023-04-26T00:00:00+00:00, run_after=2023-04-27T00:00:00+00:00
[2023-04-27T05:01:46.299+0000] {processor.py:175} INFO - Processing /home/airflow/.local/lib/python3.7/site-packages/airflow/example_dags/example_branch_operator_decorator.py took 0.074 seconds
[2023-04-27T05:02:16.607+0000] {processor.py:153} INFO - Started process (PID=359) to work on /home/airflow/.local/lib/python3.7/site-packages/airflow/example_dags/example_branch_operator_decorator.py
[2023-04-27T05:02:16.608+0000] {processor.py:743} INFO - Processing file /home/airflow/.local/lib/python3.7/site-packages/airflow/example_dags/example_branch_operator_decorator.py for tasks to queue
[2023-04-27T05:02:16.609+0000] {logging_mixin.py:137} INFO - [2023-04-27T05:02:16.608+0000] {dagbag.py:532} INFO - Filling up the DagBag from /home/airflow/.local/lib/python3.7/site-packages/airflow/example_dags/example_branch_operator_decorator.py
[2023-04-27T05:02:16.629+0000] {processor.py:753} INFO - DAG(s) dict_keys(['example_branch_python_operator_decorator']) retrieved from /home/airflow/.local/lib/python3.7/site-packages/airflow/example_dags/example_branch_operator_decorator.py
[2023-04-27T05:02:16.652+0000] {logging_mixin.py:137} INFO - [2023-04-27T05:02:16.651+0000] {dag.py:2705} INFO - Sync 1 DAGs
[2023-04-27T05:02:16.674+0000] {logging_mixin.py:137} INFO - [2023-04-27T05:02:16.674+0000] {dag.py:3456} INFO - Setting next_dagrun for example_branch_python_operator_decorator to 2023-04-26T00:00:00+00:00, run_after=2023-04-27T00:00:00+00:00
[2023-04-27T05:02:16.693+0000] {processor.py:175} INFO - Processing /home/airflow/.local/lib/python3.7/site-packages/airflow/example_dags/example_branch_operator_decorator.py took 0.088 seconds
[2023-04-27T05:02:47.020+0000] {processor.py:153} INFO - Started process (PID=409) to work on /home/airflow/.local/lib/python3.7/site-packages/airflow/example_dags/example_branch_operator_decorator.py
[2023-04-27T05:02:47.021+0000] {processor.py:743} INFO - Processing file /home/airflow/.local/lib/python3.7/site-packages/airflow/example_dags/example_branch_operator_decorator.py for tasks to queue
[2023-04-27T05:02:47.021+0000] {logging_mixin.py:137} INFO - [2023-04-27T05:02:47.021+0000] {dagbag.py:532} INFO - Filling up the DagBag from /home/airflow/.local/lib/python3.7/site-packages/airflow/example_dags/example_branch_operator_decorator.py
[2023-04-27T05:02:47.042+0000] {processor.py:753} INFO - DAG(s) dict_keys(['example_branch_python_operator_decorator']) retrieved from /home/airflow/.local/lib/python3.7/site-packages/airflow/example_dags/example_branch_operator_decorator.py
[2023-04-27T05:02:47.063+0000] {logging_mixin.py:137} INFO - [2023-04-27T05:02:47.063+0000] {dag.py:2705} INFO - Sync 1 DAGs
[2023-04-27T05:02:47.085+0000] {logging_mixin.py:137} INFO - [2023-04-27T05:02:47.085+0000] {dag.py:3456} INFO - Setting next_dagrun for example_branch_python_operator_decorator to 2023-04-26T00:00:00+00:00, run_after=2023-04-27T00:00:00+00:00
[2023-04-27T05:02:47.102+0000] {processor.py:175} INFO - Processing /home/airflow/.local/lib/python3.7/site-packages/airflow/example_dags/example_branch_operator_decorator.py took 0.084 seconds
[2023-04-27T05:03:17.546+0000] {processor.py:153} INFO - Started process (PID=459) to work on /home/airflow/.local/lib/python3.7/site-packages/airflow/example_dags/example_branch_operator_decorator.py
[2023-04-27T05:03:17.546+0000] {processor.py:743} INFO - Processing file /home/airflow/.local/lib/python3.7/site-packages/airflow/example_dags/example_branch_operator_decorator.py for tasks to queue
[2023-04-27T05:03:17.547+0000] {logging_mixin.py:137} INFO - [2023-04-27T05:03:17.547+0000] {dagbag.py:532} INFO - Filling up the DagBag from /home/airflow/.local/lib/python3.7/site-packages/airflow/example_dags/example_branch_operator_decorator.py
[2023-04-27T05:03:17.567+0000] {processor.py:753} INFO - DAG(s) dict_keys(['example_branch_python_operator_decorator']) retrieved from /home/airflow/.local/lib/python3.7/site-packages/airflow/example_dags/example_branch_operator_decorator.py
[2023-04-27T05:03:17.587+0000] {logging_mixin.py:137} INFO - [2023-04-27T05:03:17.587+0000] {dag.py:2705} INFO - Sync 1 DAGs
[2023-04-27T05:03:17.609+0000] {logging_mixin.py:137} INFO - [2023-04-27T05:03:17.609+0000] {dag.py:3456} INFO - Setting next_dagrun for example_branch_python_operator_decorator to 2023-04-26T00:00:00+00:00, run_after=2023-04-27T00:00:00+00:00
[2023-04-27T05:03:17.624+0000] {processor.py:175} INFO - Processing /home/airflow/.local/lib/python3.7/site-packages/airflow/example_dags/example_branch_operator_decorator.py took 0.081 seconds
[2023-04-27T05:03:48.025+0000] {processor.py:153} INFO - Started process (PID=509) to work on /home/airflow/.local/lib/python3.7/site-packages/airflow/example_dags/example_branch_operator_decorator.py
[2023-04-27T05:03:48.026+0000] {processor.py:743} INFO - Processing file /home/airflow/.local/lib/python3.7/site-packages/airflow/example_dags/example_branch_operator_decorator.py for tasks to queue
[2023-04-27T05:03:48.026+0000] {logging_mixin.py:137} INFO - [2023-04-27T05:03:48.026+0000] {dagbag.py:532} INFO - Filling up the DagBag from /home/airflow/.local/lib/python3.7/site-packages/airflow/example_dags/example_branch_operator_decorator.py
[2023-04-27T05:03:48.045+0000] {processor.py:753} INFO - DAG(s) dict_keys(['example_branch_python_operator_decorator']) retrieved from /home/airflow/.local/lib/python3.7/site-packages/airflow/example_dags/example_branch_operator_decorator.py
[2023-04-27T05:03:48.067+0000] {logging_mixin.py:137} INFO - [2023-04-27T05:03:48.066+0000] {dag.py:2705} INFO - Sync 1 DAGs
[2023-04-27T05:03:48.088+0000] {logging_mixin.py:137} INFO - [2023-04-27T05:03:48.087+0000] {dag.py:3456} INFO - Setting next_dagrun for example_branch_python_operator_decorator to 2023-04-26T00:00:00+00:00, run_after=2023-04-27T00:00:00+00:00
[2023-04-27T05:03:48.103+0000] {processor.py:175} INFO - Processing /home/airflow/.local/lib/python3.7/site-packages/airflow/example_dags/example_branch_operator_decorator.py took 0.079 seconds
[2023-04-27T05:04:18.403+0000] {processor.py:153} INFO - Started process (PID=558) to work on /home/airflow/.local/lib/python3.7/site-packages/airflow/example_dags/example_branch_operator_decorator.py
[2023-04-27T05:04:18.403+0000] {processor.py:743} INFO - Processing file /home/airflow/.local/lib/python3.7/site-packages/airflow/example_dags/example_branch_operator_decorator.py for tasks to queue
[2023-04-27T05:04:18.404+0000] {logging_mixin.py:137} INFO - [2023-04-27T05:04:18.404+0000] {dagbag.py:532} INFO - Filling up the DagBag from /home/airflow/.local/lib/python3.7/site-packages/airflow/example_dags/example_branch_operator_decorator.py
[2023-04-27T05:04:18.423+0000] {processor.py:753} INFO - DAG(s) dict_keys(['example_branch_python_operator_decorator']) retrieved from /home/airflow/.local/lib/python3.7/site-packages/airflow/example_dags/example_branch_operator_decorator.py
[2023-04-27T05:04:18.443+0000] {logging_mixin.py:137} INFO - [2023-04-27T05:04:18.443+0000] {dag.py:2705} INFO - Sync 1 DAGs
[2023-04-27T05:04:18.464+0000] {logging_mixin.py:137} INFO - [2023-04-27T05:04:18.463+0000] {dag.py:3456} INFO - Setting next_dagrun for example_branch_python_operator_decorator to 2023-04-26T00:00:00+00:00, run_after=2023-04-27T00:00:00+00:00
[2023-04-27T05:04:18.480+0000] {processor.py:175} INFO - Processing /home/airflow/.local/lib/python3.7/site-packages/airflow/example_dags/example_branch_operator_decorator.py took 0.080 seconds
[2023-04-27T05:04:48.600+0000] {processor.py:153} INFO - Started process (PID=608) to work on /home/airflow/.local/lib/python3.7/site-packages/airflow/example_dags/example_branch_operator_decorator.py
[2023-04-27T05:04:48.601+0000] {processor.py:743} INFO - Processing file /home/airflow/.local/lib/python3.7/site-packages/airflow/example_dags/example_branch_operator_decorator.py for tasks to queue
[2023-04-27T05:04:48.601+0000] {logging_mixin.py:137} INFO - [2023-04-27T05:04:48.601+0000] {dagbag.py:532} INFO - Filling up the DagBag from /home/airflow/.local/lib/python3.7/site-packages/airflow/example_dags/example_branch_operator_decorator.py
[2023-04-27T05:04:48.622+0000] {processor.py:753} INFO - DAG(s) dict_keys(['example_branch_python_operator_decorator']) retrieved from /home/airflow/.local/lib/python3.7/site-packages/airflow/example_dags/example_branch_operator_decorator.py
[2023-04-27T05:04:48.642+0000] {logging_mixin.py:137} INFO - [2023-04-27T05:04:48.642+0000] {dag.py:2705} INFO - Sync 1 DAGs
[2023-04-27T05:04:48.662+0000] {logging_mixin.py:137} INFO - [2023-04-27T05:04:48.662+0000] {dag.py:3456} INFO - Setting next_dagrun for example_branch_python_operator_decorator to 2023-04-26T00:00:00+00:00, run_after=2023-04-27T00:00:00+00:00
[2023-04-27T05:04:48.680+0000] {processor.py:175} INFO - Processing /home/airflow/.local/lib/python3.7/site-packages/airflow/example_dags/example_branch_operator_decorator.py took 0.082 seconds
[2023-04-27T05:05:18.775+0000] {processor.py:153} INFO - Started process (PID=658) to work on /home/airflow/.local/lib/python3.7/site-packages/airflow/example_dags/example_branch_operator_decorator.py
[2023-04-27T05:05:18.776+0000] {processor.py:743} INFO - Processing file /home/airflow/.local/lib/python3.7/site-packages/airflow/example_dags/example_branch_operator_decorator.py for tasks to queue
[2023-04-27T05:05:18.776+0000] {logging_mixin.py:137} INFO - [2023-04-27T05:05:18.776+0000] {dagbag.py:532} INFO - Filling up the DagBag from /home/airflow/.local/lib/python3.7/site-packages/airflow/example_dags/example_branch_operator_decorator.py
[2023-04-27T05:05:18.796+0000] {processor.py:753} INFO - DAG(s) dict_keys(['example_branch_python_operator_decorator']) retrieved from /home/airflow/.local/lib/python3.7/site-packages/airflow/example_dags/example_branch_operator_decorator.py
[2023-04-27T05:05:18.816+0000] {logging_mixin.py:137} INFO - [2023-04-27T05:05:18.816+0000] {dag.py:2705} INFO - Sync 1 DAGs
[2023-04-27T05:05:18.837+0000] {logging_mixin.py:137} INFO - [2023-04-27T05:05:18.837+0000] {dag.py:3456} INFO - Setting next_dagrun for example_branch_python_operator_decorator to 2023-04-26T00:00:00+00:00, run_after=2023-04-27T00:00:00+00:00
[2023-04-27T05:05:18.853+0000] {processor.py:175} INFO - Processing /home/airflow/.local/lib/python3.7/site-packages/airflow/example_dags/example_branch_operator_decorator.py took 0.080 seconds
[2023-04-27T05:05:48.969+0000] {processor.py:153} INFO - Started process (PID=708) to work on /home/airflow/.local/lib/python3.7/site-packages/airflow/example_dags/example_branch_operator_decorator.py
[2023-04-27T05:05:48.969+0000] {processor.py:743} INFO - Processing file /home/airflow/.local/lib/python3.7/site-packages/airflow/example_dags/example_branch_operator_decorator.py for tasks to queue
[2023-04-27T05:05:48.969+0000] {logging_mixin.py:137} INFO - [2023-04-27T05:05:48.969+0000] {dagbag.py:532} INFO - Filling up the DagBag from /home/airflow/.local/lib/python3.7/site-packages/airflow/example_dags/example_branch_operator_decorator.py
[2023-04-27T05:05:48.988+0000] {processor.py:753} INFO - DAG(s) dict_keys(['example_branch_python_operator_decorator']) retrieved from /home/airflow/.local/lib/python3.7/site-packages/airflow/example_dags/example_branch_operator_decorator.py
[2023-04-27T05:05:49.007+0000] {logging_mixin.py:137} INFO - [2023-04-27T05:05:49.007+0000] {dag.py:2705} INFO - Sync 1 DAGs
[2023-04-27T05:05:49.024+0000] {logging_mixin.py:137} INFO - [2023-04-27T05:05:49.024+0000] {dag.py:3456} INFO - Setting next_dagrun for example_branch_python_operator_decorator to 2023-04-26T00:00:00+00:00, run_after=2023-04-27T00:00:00+00:00
[2023-04-27T05:05:49.038+0000] {processor.py:175} INFO - Processing /home/airflow/.local/lib/python3.7/site-packages/airflow/example_dags/example_branch_operator_decorator.py took 0.071 seconds
[2023-04-27T05:06:19.212+0000] {processor.py:153} INFO - Started process (PID=758) to work on /home/airflow/.local/lib/python3.7/site-packages/airflow/example_dags/example_branch_operator_decorator.py
[2023-04-27T05:06:19.212+0000] {processor.py:743} INFO - Processing file /home/airflow/.local/lib/python3.7/site-packages/airflow/example_dags/example_branch_operator_decorator.py for tasks to queue
[2023-04-27T05:06:19.213+0000] {logging_mixin.py:137} INFO - [2023-04-27T05:06:19.213+0000] {dagbag.py:532} INFO - Filling up the DagBag from /home/airflow/.local/lib/python3.7/site-packages/airflow/example_dags/example_branch_operator_decorator.py
[2023-04-27T05:06:19.229+0000] {processor.py:753} INFO - DAG(s) dict_keys(['example_branch_python_operator_decorator']) retrieved from /home/airflow/.local/lib/python3.7/site-packages/airflow/example_dags/example_branch_operator_decorator.py
[2023-04-27T05:06:19.246+0000] {logging_mixin.py:137} INFO - [2023-04-27T05:06:19.246+0000] {dag.py:2705} INFO - Sync 1 DAGs
[2023-04-27T05:06:19.262+0000] {logging_mixin.py:137} INFO - [2023-04-27T05:06:19.262+0000] {dag.py:3456} INFO - Setting next_dagrun for example_branch_python_operator_decorator to 2023-04-26T00:00:00+00:00, run_after=2023-04-27T00:00:00+00:00
[2023-04-27T05:06:19.273+0000] {processor.py:175} INFO - Processing /home/airflow/.local/lib/python3.7/site-packages/airflow/example_dags/example_branch_operator_decorator.py took 0.063 seconds
[2023-04-27T05:06:49.443+0000] {processor.py:153} INFO - Started process (PID=808) to work on /home/airflow/.local/lib/python3.7/site-packages/airflow/example_dags/example_branch_operator_decorator.py
[2023-04-27T05:06:49.444+0000] {processor.py:743} INFO - Processing file /home/airflow/.local/lib/python3.7/site-packages/airflow/example_dags/example_branch_operator_decorator.py for tasks to queue
[2023-04-27T05:06:49.444+0000] {logging_mixin.py:137} INFO - [2023-04-27T05:06:49.444+0000] {dagbag.py:532} INFO - Filling up the DagBag from /home/airflow/.local/lib/python3.7/site-packages/airflow/example_dags/example_branch_operator_decorator.py
[2023-04-27T05:06:49.461+0000] {processor.py:753} INFO - DAG(s) dict_keys(['example_branch_python_operator_decorator']) retrieved from /home/airflow/.local/lib/python3.7/site-packages/airflow/example_dags/example_branch_operator_decorator.py
[2023-04-27T05:06:49.478+0000] {logging_mixin.py:137} INFO - [2023-04-27T05:06:49.478+0000] {dag.py:2705} INFO - Sync 1 DAGs
[2023-04-27T05:06:49.494+0000] {logging_mixin.py:137} INFO - [2023-04-27T05:06:49.494+0000] {dag.py:3456} INFO - Setting next_dagrun for example_branch_python_operator_decorator to 2023-04-26T00:00:00+00:00, run_after=2023-04-27T00:00:00+00:00
[2023-04-27T05:06:49.506+0000] {processor.py:175} INFO - Processing /home/airflow/.local/lib/python3.7/site-packages/airflow/example_dags/example_branch_operator_decorator.py took 0.064 seconds
[2023-04-27T05:07:19.755+0000] {processor.py:153} INFO - Started process (PID=858) to work on /home/airflow/.local/lib/python3.7/site-packages/airflow/example_dags/example_branch_operator_decorator.py
[2023-04-27T05:07:19.755+0000] {processor.py:743} INFO - Processing file /home/airflow/.local/lib/python3.7/site-packages/airflow/example_dags/example_branch_operator_decorator.py for tasks to queue
[2023-04-27T05:07:19.756+0000] {logging_mixin.py:137} INFO - [2023-04-27T05:07:19.756+0000] {dagbag.py:532} INFO - Filling up the DagBag from /home/airflow/.local/lib/python3.7/site-packages/airflow/example_dags/example_branch_operator_decorator.py
[2023-04-27T05:07:19.774+0000] {processor.py:753} INFO - DAG(s) dict_keys(['example_branch_python_operator_decorator']) retrieved from /home/airflow/.local/lib/python3.7/site-packages/airflow/example_dags/example_branch_operator_decorator.py
[2023-04-27T05:07:19.793+0000] {logging_mixin.py:137} INFO - [2023-04-27T05:07:19.793+0000] {dag.py:2705} INFO - Sync 1 DAGs
[2023-04-27T05:07:19.814+0000] {logging_mixin.py:137} INFO - [2023-04-27T05:07:19.814+0000] {dag.py:3456} INFO - Setting next_dagrun for example_branch_python_operator_decorator to 2023-04-26T00:00:00+00:00, run_after=2023-04-27T00:00:00+00:00
[2023-04-27T05:07:19.833+0000] {processor.py:175} INFO - Processing /home/airflow/.local/lib/python3.7/site-packages/airflow/example_dags/example_branch_operator_decorator.py took 0.080 seconds
[2023-04-27T05:07:49.876+0000] {processor.py:153} INFO - Started process (PID=908) to work on /home/airflow/.local/lib/python3.7/site-packages/airflow/example_dags/example_branch_operator_decorator.py
[2023-04-27T05:07:49.876+0000] {processor.py:743} INFO - Processing file /home/airflow/.local/lib/python3.7/site-packages/airflow/example_dags/example_branch_operator_decorator.py for tasks to queue
[2023-04-27T05:07:49.877+0000] {logging_mixin.py:137} INFO - [2023-04-27T05:07:49.877+0000] {dagbag.py:532} INFO - Filling up the DagBag from /home/airflow/.local/lib/python3.7/site-packages/airflow/example_dags/example_branch_operator_decorator.py
[2023-04-27T05:07:49.895+0000] {processor.py:753} INFO - DAG(s) dict_keys(['example_branch_python_operator_decorator']) retrieved from /home/airflow/.local/lib/python3.7/site-packages/airflow/example_dags/example_branch_operator_decorator.py
[2023-04-27T05:07:49.915+0000] {logging_mixin.py:137} INFO - [2023-04-27T05:07:49.915+0000] {dag.py:2705} INFO - Sync 1 DAGs
[2023-04-27T05:07:49.936+0000] {logging_mixin.py:137} INFO - [2023-04-27T05:07:49.935+0000] {dag.py:3456} INFO - Setting next_dagrun for example_branch_python_operator_decorator to 2023-04-26T00:00:00+00:00, run_after=2023-04-27T00:00:00+00:00
[2023-04-27T05:07:49.950+0000] {processor.py:175} INFO - Processing /home/airflow/.local/lib/python3.7/site-packages/airflow/example_dags/example_branch_operator_decorator.py took 0.076 seconds
[2023-04-27T05:08:20.016+0000] {processor.py:153} INFO - Started process (PID=958) to work on /home/airflow/.local/lib/python3.7/site-packages/airflow/example_dags/example_branch_operator_decorator.py
[2023-04-27T05:08:20.017+0000] {processor.py:743} INFO - Processing file /home/airflow/.local/lib/python3.7/site-packages/airflow/example_dags/example_branch_operator_decorator.py for tasks to queue
[2023-04-27T05:08:20.017+0000] {logging_mixin.py:137} INFO - [2023-04-27T05:08:20.017+0000] {dagbag.py:532} INFO - Filling up the DagBag from /home/airflow/.local/lib/python3.7/site-packages/airflow/example_dags/example_branch_operator_decorator.py
[2023-04-27T05:08:20.035+0000] {processor.py:753} INFO - DAG(s) dict_keys(['example_branch_python_operator_decorator']) retrieved from /home/airflow/.local/lib/python3.7/site-packages/airflow/example_dags/example_branch_operator_decorator.py
[2023-04-27T05:08:20.054+0000] {logging_mixin.py:137} INFO - [2023-04-27T05:08:20.054+0000] {dag.py:2705} INFO - Sync 1 DAGs
[2023-04-27T05:08:20.073+0000] {logging_mixin.py:137} INFO - [2023-04-27T05:08:20.073+0000] {dag.py:3456} INFO - Setting next_dagrun for example_branch_python_operator_decorator to 2023-04-26T00:00:00+00:00, run_after=2023-04-27T00:00:00+00:00
[2023-04-27T05:08:20.088+0000] {processor.py:175} INFO - Processing /home/airflow/.local/lib/python3.7/site-packages/airflow/example_dags/example_branch_operator_decorator.py took 0.074 seconds
[2023-04-27T05:08:50.210+0000] {processor.py:153} INFO - Started process (PID=1008) to work on /home/airflow/.local/lib/python3.7/site-packages/airflow/example_dags/example_branch_operator_decorator.py
[2023-04-27T05:08:50.211+0000] {processor.py:743} INFO - Processing file /home/airflow/.local/lib/python3.7/site-packages/airflow/example_dags/example_branch_operator_decorator.py for tasks to queue
[2023-04-27T05:08:50.211+0000] {logging_mixin.py:137} INFO - [2023-04-27T05:08:50.211+0000] {dagbag.py:532} INFO - Filling up the DagBag from /home/airflow/.local/lib/python3.7/site-packages/airflow/example_dags/example_branch_operator_decorator.py
[2023-04-27T05:08:50.229+0000] {processor.py:753} INFO - DAG(s) dict_keys(['example_branch_python_operator_decorator']) retrieved from /home/airflow/.local/lib/python3.7/site-packages/airflow/example_dags/example_branch_operator_decorator.py
[2023-04-27T05:08:50.247+0000] {logging_mixin.py:137} INFO - [2023-04-27T05:08:50.247+0000] {dag.py:2705} INFO - Sync 1 DAGs
[2023-04-27T05:08:50.267+0000] {logging_mixin.py:137} INFO - [2023-04-27T05:08:50.267+0000] {dag.py:3456} INFO - Setting next_dagrun for example_branch_python_operator_decorator to 2023-04-26T00:00:00+00:00, run_after=2023-04-27T00:00:00+00:00
[2023-04-27T05:08:50.280+0000] {processor.py:175} INFO - Processing /home/airflow/.local/lib/python3.7/site-packages/airflow/example_dags/example_branch_operator_decorator.py took 0.072 seconds
[2023-04-27T05:09:20.490+0000] {processor.py:153} INFO - Started process (PID=1058) to work on /home/airflow/.local/lib/python3.7/site-packages/airflow/example_dags/example_branch_operator_decorator.py
[2023-04-27T05:09:20.490+0000] {processor.py:743} INFO - Processing file /home/airflow/.local/lib/python3.7/site-packages/airflow/example_dags/example_branch_operator_decorator.py for tasks to queue
[2023-04-27T05:09:20.490+0000] {logging_mixin.py:137} INFO - [2023-04-27T05:09:20.490+0000] {dagbag.py:532} INFO - Filling up the DagBag from /home/airflow/.local/lib/python3.7/site-packages/airflow/example_dags/example_branch_operator_decorator.py
[2023-04-27T05:09:20.505+0000] {processor.py:753} INFO - DAG(s) dict_keys(['example_branch_python_operator_decorator']) retrieved from /home/airflow/.local/lib/python3.7/site-packages/airflow/example_dags/example_branch_operator_decorator.py
[2023-04-27T05:09:20.520+0000] {logging_mixin.py:137} INFO - [2023-04-27T05:09:20.520+0000] {dag.py:2705} INFO - Sync 1 DAGs
[2023-04-27T05:09:20.536+0000] {logging_mixin.py:137} INFO - [2023-04-27T05:09:20.536+0000] {dag.py:3456} INFO - Setting next_dagrun for example_branch_python_operator_decorator to 2023-04-26T00:00:00+00:00, run_after=2023-04-27T00:00:00+00:00
[2023-04-27T05:09:20.550+0000] {processor.py:175} INFO - Processing /home/airflow/.local/lib/python3.7/site-packages/airflow/example_dags/example_branch_operator_decorator.py took 0.062 seconds
[2023-04-27T05:09:50.779+0000] {processor.py:153} INFO - Started process (PID=1108) to work on /home/airflow/.local/lib/python3.7/site-packages/airflow/example_dags/example_branch_operator_decorator.py
[2023-04-27T05:09:50.779+0000] {processor.py:743} INFO - Processing file /home/airflow/.local/lib/python3.7/site-packages/airflow/example_dags/example_branch_operator_decorator.py for tasks to queue
[2023-04-27T05:09:50.779+0000] {logging_mixin.py:137} INFO - [2023-04-27T05:09:50.779+0000] {dagbag.py:532} INFO - Filling up the DagBag from /home/airflow/.local/lib/python3.7/site-packages/airflow/example_dags/example_branch_operator_decorator.py
[2023-04-27T05:09:50.797+0000] {processor.py:753} INFO - DAG(s) dict_keys(['example_branch_python_operator_decorator']) retrieved from /home/airflow/.local/lib/python3.7/site-packages/airflow/example_dags/example_branch_operator_decorator.py
[2023-04-27T05:09:50.818+0000] {logging_mixin.py:137} INFO - [2023-04-27T05:09:50.818+0000] {dag.py:2705} INFO - Sync 1 DAGs
[2023-04-27T05:09:50.837+0000] {logging_mixin.py:137} INFO - [2023-04-27T05:09:50.836+0000] {dag.py:3456} INFO - Setting next_dagrun for example_branch_python_operator_decorator to 2023-04-26T00:00:00+00:00, run_after=2023-04-27T00:00:00+00:00
[2023-04-27T05:09:50.851+0000] {processor.py:175} INFO - Processing /home/airflow/.local/lib/python3.7/site-packages/airflow/example_dags/example_branch_operator_decorator.py took 0.075 seconds
[2023-04-27T05:10:20.942+0000] {processor.py:153} INFO - Started process (PID=1158) to work on /home/airflow/.local/lib/python3.7/site-packages/airflow/example_dags/example_branch_operator_decorator.py
[2023-04-27T05:10:20.942+0000] {processor.py:743} INFO - Processing file /home/airflow/.local/lib/python3.7/site-packages/airflow/example_dags/example_branch_operator_decorator.py for tasks to queue
[2023-04-27T05:10:20.943+0000] {logging_mixin.py:137} INFO - [2023-04-27T05:10:20.943+0000] {dagbag.py:532} INFO - Filling up the DagBag from /home/airflow/.local/lib/python3.7/site-packages/airflow/example_dags/example_branch_operator_decorator.py
[2023-04-27T05:10:20.960+0000] {processor.py:753} INFO - DAG(s) dict_keys(['example_branch_python_operator_decorator']) retrieved from /home/airflow/.local/lib/python3.7/site-packages/airflow/example_dags/example_branch_operator_decorator.py
[2023-04-27T05:10:20.980+0000] {logging_mixin.py:137} INFO - [2023-04-27T05:10:20.980+0000] {dag.py:2705} INFO - Sync 1 DAGs
[2023-04-27T05:10:20.999+0000] {logging_mixin.py:137} INFO - [2023-04-27T05:10:20.999+0000] {dag.py:3456} INFO - Setting next_dagrun for example_branch_python_operator_decorator to 2023-04-26T00:00:00+00:00, run_after=2023-04-27T00:00:00+00:00
[2023-04-27T05:10:21.015+0000] {processor.py:175} INFO - Processing /home/airflow/.local/lib/python3.7/site-packages/airflow/example_dags/example_branch_operator_decorator.py took 0.075 seconds
[2023-04-27T05:10:51.155+0000] {processor.py:153} INFO - Started process (PID=1207) to work on /home/airflow/.local/lib/python3.7/site-packages/airflow/example_dags/example_branch_operator_decorator.py
[2023-04-27T05:10:51.156+0000] {processor.py:743} INFO - Processing file /home/airflow/.local/lib/python3.7/site-packages/airflow/example_dags/example_branch_operator_decorator.py for tasks to queue
[2023-04-27T05:10:51.156+0000] {logging_mixin.py:137} INFO - [2023-04-27T05:10:51.156+0000] {dagbag.py:532} INFO - Filling up the DagBag from /home/airflow/.local/lib/python3.7/site-packages/airflow/example_dags/example_branch_operator_decorator.py
[2023-04-27T05:10:51.170+0000] {processor.py:753} INFO - DAG(s) dict_keys(['example_branch_python_operator_decorator']) retrieved from /home/airflow/.local/lib/python3.7/site-packages/airflow/example_dags/example_branch_operator_decorator.py
[2023-04-27T05:10:51.186+0000] {logging_mixin.py:137} INFO - [2023-04-27T05:10:51.186+0000] {dag.py:2705} INFO - Sync 1 DAGs
[2023-04-27T05:10:51.202+0000] {logging_mixin.py:137} INFO - [2023-04-27T05:10:51.202+0000] {dag.py:3456} INFO - Setting next_dagrun for example_branch_python_operator_decorator to 2023-04-26T00:00:00+00:00, run_after=2023-04-27T00:00:00+00:00
[2023-04-27T05:10:51.214+0000] {processor.py:175} INFO - Processing /home/airflow/.local/lib/python3.7/site-packages/airflow/example_dags/example_branch_operator_decorator.py took 0.061 seconds
[2023-04-27T05:11:21.424+0000] {processor.py:153} INFO - Started process (PID=1257) to work on /home/airflow/.local/lib/python3.7/site-packages/airflow/example_dags/example_branch_operator_decorator.py
[2023-04-27T05:11:21.425+0000] {processor.py:743} INFO - Processing file /home/airflow/.local/lib/python3.7/site-packages/airflow/example_dags/example_branch_operator_decorator.py for tasks to queue
[2023-04-27T05:11:21.425+0000] {logging_mixin.py:137} INFO - [2023-04-27T05:11:21.425+0000] {dagbag.py:532} INFO - Filling up the DagBag from /home/airflow/.local/lib/python3.7/site-packages/airflow/example_dags/example_branch_operator_decorator.py
[2023-04-27T05:11:21.442+0000] {processor.py:753} INFO - DAG(s) dict_keys(['example_branch_python_operator_decorator']) retrieved from /home/airflow/.local/lib/python3.7/site-packages/airflow/example_dags/example_branch_operator_decorator.py
[2023-04-27T05:11:21.461+0000] {logging_mixin.py:137} INFO - [2023-04-27T05:11:21.461+0000] {dag.py:2705} INFO - Sync 1 DAGs
[2023-04-27T05:11:21.480+0000] {logging_mixin.py:137} INFO - [2023-04-27T05:11:21.480+0000] {dag.py:3456} INFO - Setting next_dagrun for example_branch_python_operator_decorator to 2023-04-26T00:00:00+00:00, run_after=2023-04-27T00:00:00+00:00
[2023-04-27T05:11:21.495+0000] {processor.py:175} INFO - Processing /home/airflow/.local/lib/python3.7/site-packages/airflow/example_dags/example_branch_operator_decorator.py took 0.074 seconds
[2023-04-27T05:11:51.729+0000] {processor.py:153} INFO - Started process (PID=1307) to work on /home/airflow/.local/lib/python3.7/site-packages/airflow/example_dags/example_branch_operator_decorator.py
[2023-04-27T05:11:51.729+0000] {processor.py:743} INFO - Processing file /home/airflow/.local/lib/python3.7/site-packages/airflow/example_dags/example_branch_operator_decorator.py for tasks to queue
[2023-04-27T05:11:51.730+0000] {logging_mixin.py:137} INFO - [2023-04-27T05:11:51.730+0000] {dagbag.py:532} INFO - Filling up the DagBag from /home/airflow/.local/lib/python3.7/site-packages/airflow/example_dags/example_branch_operator_decorator.py
[2023-04-27T05:11:51.747+0000] {processor.py:753} INFO - DAG(s) dict_keys(['example_branch_python_operator_decorator']) retrieved from /home/airflow/.local/lib/python3.7/site-packages/airflow/example_dags/example_branch_operator_decorator.py
[2023-04-27T05:11:51.766+0000] {logging_mixin.py:137} INFO - [2023-04-27T05:11:51.765+0000] {dag.py:2705} INFO - Sync 1 DAGs
[2023-04-27T05:11:51.784+0000] {logging_mixin.py:137} INFO - [2023-04-27T05:11:51.784+0000] {dag.py:3456} INFO - Setting next_dagrun for example_branch_python_operator_decorator to 2023-04-26T00:00:00+00:00, run_after=2023-04-27T00:00:00+00:00
[2023-04-27T05:11:51.797+0000] {processor.py:175} INFO - Processing /home/airflow/.local/lib/python3.7/site-packages/airflow/example_dags/example_branch_operator_decorator.py took 0.070 seconds
[2023-04-27T05:12:21.935+0000] {processor.py:153} INFO - Started process (PID=1357) to work on /home/airflow/.local/lib/python3.7/site-packages/airflow/example_dags/example_branch_operator_decorator.py
[2023-04-27T05:12:21.935+0000] {processor.py:743} INFO - Processing file /home/airflow/.local/lib/python3.7/site-packages/airflow/example_dags/example_branch_operator_decorator.py for tasks to queue
[2023-04-27T05:12:21.936+0000] {logging_mixin.py:137} INFO - [2023-04-27T05:12:21.936+0000] {dagbag.py:532} INFO - Filling up the DagBag from /home/airflow/.local/lib/python3.7/site-packages/airflow/example_dags/example_branch_operator_decorator.py
[2023-04-27T05:12:21.950+0000] {processor.py:753} INFO - DAG(s) dict_keys(['example_branch_python_operator_decorator']) retrieved from /home/airflow/.local/lib/python3.7/site-packages/airflow/example_dags/example_branch_operator_decorator.py
[2023-04-27T05:12:21.967+0000] {logging_mixin.py:137} INFO - [2023-04-27T05:12:21.967+0000] {dag.py:2705} INFO - Sync 1 DAGs
[2023-04-27T05:12:21.983+0000] {logging_mixin.py:137} INFO - [2023-04-27T05:12:21.983+0000] {dag.py:3456} INFO - Setting next_dagrun for example_branch_python_operator_decorator to 2023-04-26T00:00:00+00:00, run_after=2023-04-27T00:00:00+00:00
[2023-04-27T05:12:21.996+0000] {processor.py:175} INFO - Processing /home/airflow/.local/lib/python3.7/site-packages/airflow/example_dags/example_branch_operator_decorator.py took 0.063 seconds
[2023-04-27T05:12:52.134+0000] {processor.py:153} INFO - Started process (PID=1407) to work on /home/airflow/.local/lib/python3.7/site-packages/airflow/example_dags/example_branch_operator_decorator.py
[2023-04-27T05:12:52.134+0000] {processor.py:743} INFO - Processing file /home/airflow/.local/lib/python3.7/site-packages/airflow/example_dags/example_branch_operator_decorator.py for tasks to queue
[2023-04-27T05:12:52.135+0000] {logging_mixin.py:137} INFO - [2023-04-27T05:12:52.135+0000] {dagbag.py:532} INFO - Filling up the DagBag from /home/airflow/.local/lib/python3.7/site-packages/airflow/example_dags/example_branch_operator_decorator.py
[2023-04-27T05:12:52.153+0000] {processor.py:753} INFO - DAG(s) dict_keys(['example_branch_python_operator_decorator']) retrieved from /home/airflow/.local/lib/python3.7/site-packages/airflow/example_dags/example_branch_operator_decorator.py
[2023-04-27T05:12:52.172+0000] {logging_mixin.py:137} INFO - [2023-04-27T05:12:52.172+0000] {dag.py:2705} INFO - Sync 1 DAGs
[2023-04-27T05:12:52.192+0000] {logging_mixin.py:137} INFO - [2023-04-27T05:12:52.192+0000] {dag.py:3456} INFO - Setting next_dagrun for example_branch_python_operator_decorator to 2023-04-26T00:00:00+00:00, run_after=2023-04-27T00:00:00+00:00
[2023-04-27T05:12:52.207+0000] {processor.py:175} INFO - Processing /home/airflow/.local/lib/python3.7/site-packages/airflow/example_dags/example_branch_operator_decorator.py took 0.075 seconds
[2023-04-27T05:13:22.503+0000] {processor.py:153} INFO - Started process (PID=1457) to work on /home/airflow/.local/lib/python3.7/site-packages/airflow/example_dags/example_branch_operator_decorator.py
[2023-04-27T05:13:22.504+0000] {processor.py:743} INFO - Processing file /home/airflow/.local/lib/python3.7/site-packages/airflow/example_dags/example_branch_operator_decorator.py for tasks to queue
[2023-04-27T05:13:22.504+0000] {logging_mixin.py:137} INFO - [2023-04-27T05:13:22.504+0000] {dagbag.py:532} INFO - Filling up the DagBag from /home/airflow/.local/lib/python3.7/site-packages/airflow/example_dags/example_branch_operator_decorator.py
[2023-04-27T05:13:22.525+0000] {processor.py:753} INFO - DAG(s) dict_keys(['example_branch_python_operator_decorator']) retrieved from /home/airflow/.local/lib/python3.7/site-packages/airflow/example_dags/example_branch_operator_decorator.py
[2023-04-27T05:13:22.547+0000] {logging_mixin.py:137} INFO - [2023-04-27T05:13:22.547+0000] {dag.py:2705} INFO - Sync 1 DAGs
[2023-04-27T05:13:22.570+0000] {logging_mixin.py:137} INFO - [2023-04-27T05:13:22.570+0000] {dag.py:3456} INFO - Setting next_dagrun for example_branch_python_operator_decorator to 2023-04-26T00:00:00+00:00, run_after=2023-04-27T00:00:00+00:00
[2023-04-27T05:13:22.587+0000] {processor.py:175} INFO - Processing /home/airflow/.local/lib/python3.7/site-packages/airflow/example_dags/example_branch_operator_decorator.py took 0.086 seconds
[2023-04-27T05:13:52.600+0000] {processor.py:153} INFO - Started process (PID=1507) to work on /home/airflow/.local/lib/python3.7/site-packages/airflow/example_dags/example_branch_operator_decorator.py
[2023-04-27T05:13:52.601+0000] {processor.py:743} INFO - Processing file /home/airflow/.local/lib/python3.7/site-packages/airflow/example_dags/example_branch_operator_decorator.py for tasks to queue
[2023-04-27T05:13:52.601+0000] {logging_mixin.py:137} INFO - [2023-04-27T05:13:52.601+0000] {dagbag.py:532} INFO - Filling up the DagBag from /home/airflow/.local/lib/python3.7/site-packages/airflow/example_dags/example_branch_operator_decorator.py
[2023-04-27T05:13:52.616+0000] {processor.py:753} INFO - DAG(s) dict_keys(['example_branch_python_operator_decorator']) retrieved from /home/airflow/.local/lib/python3.7/site-packages/airflow/example_dags/example_branch_operator_decorator.py
[2023-04-27T05:13:52.631+0000] {logging_mixin.py:137} INFO - [2023-04-27T05:13:52.631+0000] {dag.py:2705} INFO - Sync 1 DAGs
[2023-04-27T05:13:52.646+0000] {logging_mixin.py:137} INFO - [2023-04-27T05:13:52.646+0000] {dag.py:3456} INFO - Setting next_dagrun for example_branch_python_operator_decorator to 2023-04-26T00:00:00+00:00, run_after=2023-04-27T00:00:00+00:00
[2023-04-27T05:13:52.658+0000] {processor.py:175} INFO - Processing /home/airflow/.local/lib/python3.7/site-packages/airflow/example_dags/example_branch_operator_decorator.py took 0.060 seconds
[2023-04-27T05:14:22.847+0000] {processor.py:153} INFO - Started process (PID=1557) to work on /home/airflow/.local/lib/python3.7/site-packages/airflow/example_dags/example_branch_operator_decorator.py
[2023-04-27T05:14:22.847+0000] {processor.py:743} INFO - Processing file /home/airflow/.local/lib/python3.7/site-packages/airflow/example_dags/example_branch_operator_decorator.py for tasks to queue
[2023-04-27T05:14:22.848+0000] {logging_mixin.py:137} INFO - [2023-04-27T05:14:22.848+0000] {dagbag.py:532} INFO - Filling up the DagBag from /home/airflow/.local/lib/python3.7/site-packages/airflow/example_dags/example_branch_operator_decorator.py
[2023-04-27T05:14:22.862+0000] {processor.py:753} INFO - DAG(s) dict_keys(['example_branch_python_operator_decorator']) retrieved from /home/airflow/.local/lib/python3.7/site-packages/airflow/example_dags/example_branch_operator_decorator.py
[2023-04-27T05:14:22.877+0000] {logging_mixin.py:137} INFO - [2023-04-27T05:14:22.877+0000] {dag.py:2705} INFO - Sync 1 DAGs
[2023-04-27T05:14:22.893+0000] {logging_mixin.py:137} INFO - [2023-04-27T05:14:22.893+0000] {dag.py:3456} INFO - Setting next_dagrun for example_branch_python_operator_decorator to 2023-04-26T00:00:00+00:00, run_after=2023-04-27T00:00:00+00:00
[2023-04-27T05:14:22.905+0000] {processor.py:175} INFO - Processing /home/airflow/.local/lib/python3.7/site-packages/airflow/example_dags/example_branch_operator_decorator.py took 0.061 seconds
[2023-04-27T05:14:53.163+0000] {processor.py:153} INFO - Started process (PID=1606) to work on /home/airflow/.local/lib/python3.7/site-packages/airflow/example_dags/example_branch_operator_decorator.py
[2023-04-27T05:14:53.164+0000] {processor.py:743} INFO - Processing file /home/airflow/.local/lib/python3.7/site-packages/airflow/example_dags/example_branch_operator_decorator.py for tasks to queue
[2023-04-27T05:14:53.164+0000] {logging_mixin.py:137} INFO - [2023-04-27T05:14:53.164+0000] {dagbag.py:532} INFO - Filling up the DagBag from /home/airflow/.local/lib/python3.7/site-packages/airflow/example_dags/example_branch_operator_decorator.py
[2023-04-27T05:14:53.184+0000] {processor.py:753} INFO - DAG(s) dict_keys(['example_branch_python_operator_decorator']) retrieved from /home/airflow/.local/lib/python3.7/site-packages/airflow/example_dags/example_branch_operator_decorator.py
[2023-04-27T05:14:53.207+0000] {logging_mixin.py:137} INFO - [2023-04-27T05:14:53.207+0000] {dag.py:2705} INFO - Sync 1 DAGs
[2023-04-27T05:14:53.229+0000] {logging_mixin.py:137} INFO - [2023-04-27T05:14:53.229+0000] {dag.py:3456} INFO - Setting next_dagrun for example_branch_python_operator_decorator to 2023-04-26T00:00:00+00:00, run_after=2023-04-27T00:00:00+00:00
[2023-04-27T05:14:53.247+0000] {processor.py:175} INFO - Processing /home/airflow/.local/lib/python3.7/site-packages/airflow/example_dags/example_branch_operator_decorator.py took 0.086 seconds
