[2023-04-27T04:59:15.042+0000] {processor.py:153} INFO - Started process (PID=70) to work on /home/airflow/.local/lib/python3.7/site-packages/airflow/example_dags/example_latest_only.py
[2023-04-27T04:59:15.042+0000] {processor.py:743} INFO - Processing file /home/airflow/.local/lib/python3.7/site-packages/airflow/example_dags/example_latest_only.py for tasks to queue
[2023-04-27T04:59:15.043+0000] {logging_mixin.py:137} INFO - [2023-04-27T04:59:15.043+0000] {dagbag.py:532} INFO - Filling up the DagBag from /home/airflow/.local/lib/python3.7/site-packages/airflow/example_dags/example_latest_only.py
[2023-04-27T04:59:15.056+0000] {processor.py:753} INFO - DAG(s) dict_keys(['latest_only']) retrieved from /home/airflow/.local/lib/python3.7/site-packages/airflow/example_dags/example_latest_only.py
[2023-04-27T04:59:15.067+0000] {logging_mixin.py:137} INFO - [2023-04-27T04:59:15.067+0000] {dag.py:2705} INFO - Sync 1 DAGs
[2023-04-27T04:59:15.092+0000] {logging_mixin.py:137} INFO - [2023-04-27T04:59:15.092+0000] {dag.py:3456} INFO - Setting next_dagrun for latest_only to 2023-04-27T00:59:15.092348+00:00, run_after=2023-04-27T04:59:15.092348+00:00
[2023-04-27T04:59:15.109+0000] {processor.py:175} INFO - Processing /home/airflow/.local/lib/python3.7/site-packages/airflow/example_dags/example_latest_only.py took 0.069 seconds
[2023-04-27T04:59:45.815+0000] {processor.py:153} INFO - Started process (PID=119) to work on /home/airflow/.local/lib/python3.7/site-packages/airflow/example_dags/example_latest_only.py
[2023-04-27T04:59:45.815+0000] {processor.py:743} INFO - Processing file /home/airflow/.local/lib/python3.7/site-packages/airflow/example_dags/example_latest_only.py for tasks to queue
[2023-04-27T04:59:45.816+0000] {logging_mixin.py:137} INFO - [2023-04-27T04:59:45.815+0000] {dagbag.py:532} INFO - Filling up the DagBag from /home/airflow/.local/lib/python3.7/site-packages/airflow/example_dags/example_latest_only.py
[2023-04-27T04:59:45.823+0000] {processor.py:753} INFO - DAG(s) dict_keys(['latest_only']) retrieved from /home/airflow/.local/lib/python3.7/site-packages/airflow/example_dags/example_latest_only.py
[2023-04-27T04:59:45.839+0000] {logging_mixin.py:137} INFO - [2023-04-27T04:59:45.839+0000] {dag.py:2705} INFO - Sync 1 DAGs
[2023-04-27T04:59:45.856+0000] {logging_mixin.py:137} INFO - [2023-04-27T04:59:45.856+0000] {dag.py:3456} INFO - Setting next_dagrun for latest_only to 2023-04-27T00:59:45.856243+00:00, run_after=2023-04-27T04:59:45.856243+00:00
[2023-04-27T04:59:45.869+0000] {processor.py:175} INFO - Processing /home/airflow/.local/lib/python3.7/site-packages/airflow/example_dags/example_latest_only.py took 0.057 seconds
[2023-04-27T05:00:15.933+0000] {processor.py:153} INFO - Started process (PID=169) to work on /home/airflow/.local/lib/python3.7/site-packages/airflow/example_dags/example_latest_only.py
[2023-04-27T05:00:15.933+0000] {processor.py:743} INFO - Processing file /home/airflow/.local/lib/python3.7/site-packages/airflow/example_dags/example_latest_only.py for tasks to queue
[2023-04-27T05:00:15.934+0000] {logging_mixin.py:137} INFO - [2023-04-27T05:00:15.934+0000] {dagbag.py:532} INFO - Filling up the DagBag from /home/airflow/.local/lib/python3.7/site-packages/airflow/example_dags/example_latest_only.py
[2023-04-27T05:00:15.941+0000] {processor.py:753} INFO - DAG(s) dict_keys(['latest_only']) retrieved from /home/airflow/.local/lib/python3.7/site-packages/airflow/example_dags/example_latest_only.py
[2023-04-27T05:00:15.956+0000] {logging_mixin.py:137} INFO - [2023-04-27T05:00:15.956+0000] {dag.py:2705} INFO - Sync 1 DAGs
[2023-04-27T05:00:15.972+0000] {logging_mixin.py:137} INFO - [2023-04-27T05:00:15.972+0000] {dag.py:3456} INFO - Setting next_dagrun for latest_only to 2023-04-27T01:00:15.972193+00:00, run_after=2023-04-27T05:00:15.972193+00:00
[2023-04-27T05:00:15.986+0000] {processor.py:175} INFO - Processing /home/airflow/.local/lib/python3.7/site-packages/airflow/example_dags/example_latest_only.py took 0.055 seconds
[2023-04-27T05:00:46.187+0000] {processor.py:153} INFO - Started process (PID=219) to work on /home/airflow/.local/lib/python3.7/site-packages/airflow/example_dags/example_latest_only.py
[2023-04-27T05:00:46.187+0000] {processor.py:743} INFO - Processing file /home/airflow/.local/lib/python3.7/site-packages/airflow/example_dags/example_latest_only.py for tasks to queue
[2023-04-27T05:00:46.187+0000] {logging_mixin.py:137} INFO - [2023-04-27T05:00:46.187+0000] {dagbag.py:532} INFO - Filling up the DagBag from /home/airflow/.local/lib/python3.7/site-packages/airflow/example_dags/example_latest_only.py
[2023-04-27T05:00:46.196+0000] {processor.py:753} INFO - DAG(s) dict_keys(['latest_only']) retrieved from /home/airflow/.local/lib/python3.7/site-packages/airflow/example_dags/example_latest_only.py
[2023-04-27T05:00:46.214+0000] {logging_mixin.py:137} INFO - [2023-04-27T05:00:46.214+0000] {dag.py:2705} INFO - Sync 1 DAGs
[2023-04-27T05:00:46.233+0000] {logging_mixin.py:137} INFO - [2023-04-27T05:00:46.233+0000] {dag.py:3456} INFO - Setting next_dagrun for latest_only to 2023-04-27T01:00:46.232898+00:00, run_after=2023-04-27T05:00:46.232898+00:00
[2023-04-27T05:00:46.249+0000] {processor.py:175} INFO - Processing /home/airflow/.local/lib/python3.7/site-packages/airflow/example_dags/example_latest_only.py took 0.064 seconds
[2023-04-27T05:01:16.358+0000] {processor.py:153} INFO - Started process (PID=269) to work on /home/airflow/.local/lib/python3.7/site-packages/airflow/example_dags/example_latest_only.py
[2023-04-27T05:01:16.359+0000] {processor.py:743} INFO - Processing file /home/airflow/.local/lib/python3.7/site-packages/airflow/example_dags/example_latest_only.py for tasks to queue
[2023-04-27T05:01:16.359+0000] {logging_mixin.py:137} INFO - [2023-04-27T05:01:16.359+0000] {dagbag.py:532} INFO - Filling up the DagBag from /home/airflow/.local/lib/python3.7/site-packages/airflow/example_dags/example_latest_only.py
[2023-04-27T05:01:16.369+0000] {processor.py:753} INFO - DAG(s) dict_keys(['latest_only']) retrieved from /home/airflow/.local/lib/python3.7/site-packages/airflow/example_dags/example_latest_only.py
[2023-04-27T05:01:16.378+0000] {logging_mixin.py:137} INFO - [2023-04-27T05:01:16.378+0000] {dag.py:2705} INFO - Sync 1 DAGs
[2023-04-27T05:01:16.398+0000] {logging_mixin.py:137} INFO - [2023-04-27T05:01:16.398+0000] {dag.py:3456} INFO - Setting next_dagrun for latest_only to 2023-04-27T01:01:16.398099+00:00, run_after=2023-04-27T05:01:16.398099+00:00
[2023-04-27T05:01:16.412+0000] {processor.py:175} INFO - Processing /home/airflow/.local/lib/python3.7/site-packages/airflow/example_dags/example_latest_only.py took 0.056 seconds
[2023-04-27T05:01:46.699+0000] {processor.py:153} INFO - Started process (PID=318) to work on /home/airflow/.local/lib/python3.7/site-packages/airflow/example_dags/example_latest_only.py
[2023-04-27T05:01:46.699+0000] {processor.py:743} INFO - Processing file /home/airflow/.local/lib/python3.7/site-packages/airflow/example_dags/example_latest_only.py for tasks to queue
[2023-04-27T05:01:46.699+0000] {logging_mixin.py:137} INFO - [2023-04-27T05:01:46.699+0000] {dagbag.py:532} INFO - Filling up the DagBag from /home/airflow/.local/lib/python3.7/site-packages/airflow/example_dags/example_latest_only.py
[2023-04-27T05:01:46.708+0000] {processor.py:753} INFO - DAG(s) dict_keys(['latest_only']) retrieved from /home/airflow/.local/lib/python3.7/site-packages/airflow/example_dags/example_latest_only.py
[2023-04-27T05:01:46.726+0000] {logging_mixin.py:137} INFO - [2023-04-27T05:01:46.726+0000] {dag.py:2705} INFO - Sync 1 DAGs
[2023-04-27T05:01:46.745+0000] {logging_mixin.py:137} INFO - [2023-04-27T05:01:46.745+0000] {dag.py:3456} INFO - Setting next_dagrun for latest_only to 2023-04-27T01:01:46.745342+00:00, run_after=2023-04-27T05:01:46.745342+00:00
[2023-04-27T05:01:46.761+0000] {processor.py:175} INFO - Processing /home/airflow/.local/lib/python3.7/site-packages/airflow/example_dags/example_latest_only.py took 0.064 seconds
[2023-04-27T05:02:17.172+0000] {processor.py:153} INFO - Started process (PID=368) to work on /home/airflow/.local/lib/python3.7/site-packages/airflow/example_dags/example_latest_only.py
[2023-04-27T05:02:17.173+0000] {processor.py:743} INFO - Processing file /home/airflow/.local/lib/python3.7/site-packages/airflow/example_dags/example_latest_only.py for tasks to queue
[2023-04-27T05:02:17.173+0000] {logging_mixin.py:137} INFO - [2023-04-27T05:02:17.173+0000] {dagbag.py:532} INFO - Filling up the DagBag from /home/airflow/.local/lib/python3.7/site-packages/airflow/example_dags/example_latest_only.py
[2023-04-27T05:02:17.183+0000] {processor.py:753} INFO - DAG(s) dict_keys(['latest_only']) retrieved from /home/airflow/.local/lib/python3.7/site-packages/airflow/example_dags/example_latest_only.py
[2023-04-27T05:02:17.201+0000] {logging_mixin.py:137} INFO - [2023-04-27T05:02:17.201+0000] {dag.py:2705} INFO - Sync 1 DAGs
[2023-04-27T05:02:17.220+0000] {logging_mixin.py:137} INFO - [2023-04-27T05:02:17.220+0000] {dag.py:3456} INFO - Setting next_dagrun for latest_only to 2023-04-27T01:02:17.220511+00:00, run_after=2023-04-27T05:02:17.220511+00:00
[2023-04-27T05:02:17.242+0000] {processor.py:175} INFO - Processing /home/airflow/.local/lib/python3.7/site-packages/airflow/example_dags/example_latest_only.py took 0.072 seconds
[2023-04-27T05:02:47.710+0000] {processor.py:153} INFO - Started process (PID=418) to work on /home/airflow/.local/lib/python3.7/site-packages/airflow/example_dags/example_latest_only.py
[2023-04-27T05:02:47.711+0000] {processor.py:743} INFO - Processing file /home/airflow/.local/lib/python3.7/site-packages/airflow/example_dags/example_latest_only.py for tasks to queue
[2023-04-27T05:02:47.712+0000] {logging_mixin.py:137} INFO - [2023-04-27T05:02:47.711+0000] {dagbag.py:532} INFO - Filling up the DagBag from /home/airflow/.local/lib/python3.7/site-packages/airflow/example_dags/example_latest_only.py
[2023-04-27T05:02:47.724+0000] {processor.py:753} INFO - DAG(s) dict_keys(['latest_only']) retrieved from /home/airflow/.local/lib/python3.7/site-packages/airflow/example_dags/example_latest_only.py
[2023-04-27T05:02:47.748+0000] {logging_mixin.py:137} INFO - [2023-04-27T05:02:47.748+0000] {dag.py:2705} INFO - Sync 1 DAGs
[2023-04-27T05:02:47.774+0000] {logging_mixin.py:137} INFO - [2023-04-27T05:02:47.774+0000] {dag.py:3456} INFO - Setting next_dagrun for latest_only to 2023-04-27T01:02:47.773748+00:00, run_after=2023-04-27T05:02:47.773748+00:00
[2023-04-27T05:02:47.794+0000] {processor.py:175} INFO - Processing /home/airflow/.local/lib/python3.7/site-packages/airflow/example_dags/example_latest_only.py took 0.086 seconds
[2023-04-27T05:03:18.105+0000] {processor.py:153} INFO - Started process (PID=468) to work on /home/airflow/.local/lib/python3.7/site-packages/airflow/example_dags/example_latest_only.py
[2023-04-27T05:03:18.106+0000] {processor.py:743} INFO - Processing file /home/airflow/.local/lib/python3.7/site-packages/airflow/example_dags/example_latest_only.py for tasks to queue
[2023-04-27T05:03:18.106+0000] {logging_mixin.py:137} INFO - [2023-04-27T05:03:18.106+0000] {dagbag.py:532} INFO - Filling up the DagBag from /home/airflow/.local/lib/python3.7/site-packages/airflow/example_dags/example_latest_only.py
[2023-04-27T05:03:18.116+0000] {processor.py:753} INFO - DAG(s) dict_keys(['latest_only']) retrieved from /home/airflow/.local/lib/python3.7/site-packages/airflow/example_dags/example_latest_only.py
[2023-04-27T05:03:18.135+0000] {logging_mixin.py:137} INFO - [2023-04-27T05:03:18.135+0000] {dag.py:2705} INFO - Sync 1 DAGs
[2023-04-27T05:03:18.154+0000] {logging_mixin.py:137} INFO - [2023-04-27T05:03:18.154+0000] {dag.py:3456} INFO - Setting next_dagrun for latest_only to 2023-04-27T01:03:18.154530+00:00, run_after=2023-04-27T05:03:18.154530+00:00
[2023-04-27T05:03:18.171+0000] {processor.py:175} INFO - Processing /home/airflow/.local/lib/python3.7/site-packages/airflow/example_dags/example_latest_only.py took 0.068 seconds
[2023-04-27T05:03:48.451+0000] {processor.py:153} INFO - Started process (PID=518) to work on /home/airflow/.local/lib/python3.7/site-packages/airflow/example_dags/example_latest_only.py
[2023-04-27T05:03:48.452+0000] {processor.py:743} INFO - Processing file /home/airflow/.local/lib/python3.7/site-packages/airflow/example_dags/example_latest_only.py for tasks to queue
[2023-04-27T05:03:48.452+0000] {logging_mixin.py:137} INFO - [2023-04-27T05:03:48.452+0000] {dagbag.py:532} INFO - Filling up the DagBag from /home/airflow/.local/lib/python3.7/site-packages/airflow/example_dags/example_latest_only.py
[2023-04-27T05:03:48.462+0000] {processor.py:753} INFO - DAG(s) dict_keys(['latest_only']) retrieved from /home/airflow/.local/lib/python3.7/site-packages/airflow/example_dags/example_latest_only.py
[2023-04-27T05:03:48.477+0000] {logging_mixin.py:137} INFO - [2023-04-27T05:03:48.476+0000] {dag.py:2705} INFO - Sync 1 DAGs
[2023-04-27T05:03:48.492+0000] {logging_mixin.py:137} INFO - [2023-04-27T05:03:48.492+0000] {dag.py:3456} INFO - Setting next_dagrun for latest_only to 2023-04-27T01:03:48.492663+00:00, run_after=2023-04-27T05:03:48.492663+00:00
[2023-04-27T05:03:48.505+0000] {processor.py:175} INFO - Processing /home/airflow/.local/lib/python3.7/site-packages/airflow/example_dags/example_latest_only.py took 0.056 seconds
[2023-04-27T05:04:18.815+0000] {processor.py:153} INFO - Started process (PID=567) to work on /home/airflow/.local/lib/python3.7/site-packages/airflow/example_dags/example_latest_only.py
[2023-04-27T05:04:18.816+0000] {processor.py:743} INFO - Processing file /home/airflow/.local/lib/python3.7/site-packages/airflow/example_dags/example_latest_only.py for tasks to queue
[2023-04-27T05:04:18.816+0000] {logging_mixin.py:137} INFO - [2023-04-27T05:04:18.816+0000] {dagbag.py:532} INFO - Filling up the DagBag from /home/airflow/.local/lib/python3.7/site-packages/airflow/example_dags/example_latest_only.py
[2023-04-27T05:04:18.825+0000] {processor.py:753} INFO - DAG(s) dict_keys(['latest_only']) retrieved from /home/airflow/.local/lib/python3.7/site-packages/airflow/example_dags/example_latest_only.py
[2023-04-27T05:04:18.846+0000] {logging_mixin.py:137} INFO - [2023-04-27T05:04:18.845+0000] {dag.py:2705} INFO - Sync 1 DAGs
[2023-04-27T05:04:18.867+0000] {logging_mixin.py:137} INFO - [2023-04-27T05:04:18.867+0000] {dag.py:3456} INFO - Setting next_dagrun for latest_only to 2023-04-27T01:04:18.867421+00:00, run_after=2023-04-27T05:04:18.867421+00:00
[2023-04-27T05:04:18.884+0000] {processor.py:175} INFO - Processing /home/airflow/.local/lib/python3.7/site-packages/airflow/example_dags/example_latest_only.py took 0.071 seconds
[2023-04-27T05:04:49.020+0000] {processor.py:153} INFO - Started process (PID=617) to work on /home/airflow/.local/lib/python3.7/site-packages/airflow/example_dags/example_latest_only.py
[2023-04-27T05:04:49.020+0000] {processor.py:743} INFO - Processing file /home/airflow/.local/lib/python3.7/site-packages/airflow/example_dags/example_latest_only.py for tasks to queue
[2023-04-27T05:04:49.021+0000] {logging_mixin.py:137} INFO - [2023-04-27T05:04:49.021+0000] {dagbag.py:532} INFO - Filling up the DagBag from /home/airflow/.local/lib/python3.7/site-packages/airflow/example_dags/example_latest_only.py
[2023-04-27T05:04:49.030+0000] {processor.py:753} INFO - DAG(s) dict_keys(['latest_only']) retrieved from /home/airflow/.local/lib/python3.7/site-packages/airflow/example_dags/example_latest_only.py
[2023-04-27T05:04:49.045+0000] {logging_mixin.py:137} INFO - [2023-04-27T05:04:49.044+0000] {dag.py:2705} INFO - Sync 1 DAGs
[2023-04-27T05:04:49.061+0000] {logging_mixin.py:137} INFO - [2023-04-27T05:04:49.060+0000] {dag.py:3456} INFO - Setting next_dagrun for latest_only to 2023-04-27T01:04:49.060821+00:00, run_after=2023-04-27T05:04:49.060821+00:00
[2023-04-27T05:04:49.073+0000] {processor.py:175} INFO - Processing /home/airflow/.local/lib/python3.7/site-packages/airflow/example_dags/example_latest_only.py took 0.056 seconds
[2023-04-27T05:05:19.270+0000] {processor.py:153} INFO - Started process (PID=667) to work on /home/airflow/.local/lib/python3.7/site-packages/airflow/example_dags/example_latest_only.py
[2023-04-27T05:05:19.271+0000] {processor.py:743} INFO - Processing file /home/airflow/.local/lib/python3.7/site-packages/airflow/example_dags/example_latest_only.py for tasks to queue
[2023-04-27T05:05:19.271+0000] {logging_mixin.py:137} INFO - [2023-04-27T05:05:19.271+0000] {dagbag.py:532} INFO - Filling up the DagBag from /home/airflow/.local/lib/python3.7/site-packages/airflow/example_dags/example_latest_only.py
[2023-04-27T05:05:19.278+0000] {processor.py:753} INFO - DAG(s) dict_keys(['latest_only']) retrieved from /home/airflow/.local/lib/python3.7/site-packages/airflow/example_dags/example_latest_only.py
[2023-04-27T05:05:19.293+0000] {logging_mixin.py:137} INFO - [2023-04-27T05:05:19.292+0000] {dag.py:2705} INFO - Sync 1 DAGs
[2023-04-27T05:05:19.310+0000] {logging_mixin.py:137} INFO - [2023-04-27T05:05:19.310+0000] {dag.py:3456} INFO - Setting next_dagrun for latest_only to 2023-04-27T01:05:19.310375+00:00, run_after=2023-04-27T05:05:19.310375+00:00
[2023-04-27T05:05:19.323+0000] {processor.py:175} INFO - Processing /home/airflow/.local/lib/python3.7/site-packages/airflow/example_dags/example_latest_only.py took 0.054 seconds
[2023-04-27T05:05:49.429+0000] {processor.py:153} INFO - Started process (PID=717) to work on /home/airflow/.local/lib/python3.7/site-packages/airflow/example_dags/example_latest_only.py
[2023-04-27T05:05:49.429+0000] {processor.py:743} INFO - Processing file /home/airflow/.local/lib/python3.7/site-packages/airflow/example_dags/example_latest_only.py for tasks to queue
[2023-04-27T05:05:49.429+0000] {logging_mixin.py:137} INFO - [2023-04-27T05:05:49.429+0000] {dagbag.py:532} INFO - Filling up the DagBag from /home/airflow/.local/lib/python3.7/site-packages/airflow/example_dags/example_latest_only.py
[2023-04-27T05:05:49.439+0000] {processor.py:753} INFO - DAG(s) dict_keys(['latest_only']) retrieved from /home/airflow/.local/lib/python3.7/site-packages/airflow/example_dags/example_latest_only.py
[2023-04-27T05:05:49.457+0000] {logging_mixin.py:137} INFO - [2023-04-27T05:05:49.457+0000] {dag.py:2705} INFO - Sync 1 DAGs
[2023-04-27T05:05:49.475+0000] {logging_mixin.py:137} INFO - [2023-04-27T05:05:49.475+0000] {dag.py:3456} INFO - Setting next_dagrun for latest_only to 2023-04-27T01:05:49.475476+00:00, run_after=2023-04-27T05:05:49.475476+00:00
[2023-04-27T05:05:49.490+0000] {processor.py:175} INFO - Processing /home/airflow/.local/lib/python3.7/site-packages/airflow/example_dags/example_latest_only.py took 0.064 seconds
[2023-04-27T05:06:19.620+0000] {processor.py:153} INFO - Started process (PID=767) to work on /home/airflow/.local/lib/python3.7/site-packages/airflow/example_dags/example_latest_only.py
[2023-04-27T05:06:19.620+0000] {processor.py:743} INFO - Processing file /home/airflow/.local/lib/python3.7/site-packages/airflow/example_dags/example_latest_only.py for tasks to queue
[2023-04-27T05:06:19.621+0000] {logging_mixin.py:137} INFO - [2023-04-27T05:06:19.621+0000] {dagbag.py:532} INFO - Filling up the DagBag from /home/airflow/.local/lib/python3.7/site-packages/airflow/example_dags/example_latest_only.py
[2023-04-27T05:06:19.630+0000] {processor.py:753} INFO - DAG(s) dict_keys(['latest_only']) retrieved from /home/airflow/.local/lib/python3.7/site-packages/airflow/example_dags/example_latest_only.py
[2023-04-27T05:06:19.644+0000] {logging_mixin.py:137} INFO - [2023-04-27T05:06:19.644+0000] {dag.py:2705} INFO - Sync 1 DAGs
[2023-04-27T05:06:19.660+0000] {logging_mixin.py:137} INFO - [2023-04-27T05:06:19.660+0000] {dag.py:3456} INFO - Setting next_dagrun for latest_only to 2023-04-27T01:06:19.660322+00:00, run_after=2023-04-27T05:06:19.660322+00:00
[2023-04-27T05:06:19.672+0000] {processor.py:175} INFO - Processing /home/airflow/.local/lib/python3.7/site-packages/airflow/example_dags/example_latest_only.py took 0.054 seconds
[2023-04-27T05:06:49.855+0000] {processor.py:153} INFO - Started process (PID=817) to work on /home/airflow/.local/lib/python3.7/site-packages/airflow/example_dags/example_latest_only.py
[2023-04-27T05:06:49.855+0000] {processor.py:743} INFO - Processing file /home/airflow/.local/lib/python3.7/site-packages/airflow/example_dags/example_latest_only.py for tasks to queue
[2023-04-27T05:06:49.856+0000] {logging_mixin.py:137} INFO - [2023-04-27T05:06:49.856+0000] {dagbag.py:532} INFO - Filling up the DagBag from /home/airflow/.local/lib/python3.7/site-packages/airflow/example_dags/example_latest_only.py
[2023-04-27T05:06:49.865+0000] {processor.py:753} INFO - DAG(s) dict_keys(['latest_only']) retrieved from /home/airflow/.local/lib/python3.7/site-packages/airflow/example_dags/example_latest_only.py
[2023-04-27T05:06:49.880+0000] {logging_mixin.py:137} INFO - [2023-04-27T05:06:49.880+0000] {dag.py:2705} INFO - Sync 1 DAGs
[2023-04-27T05:06:49.895+0000] {logging_mixin.py:137} INFO - [2023-04-27T05:06:49.895+0000] {dag.py:3456} INFO - Setting next_dagrun for latest_only to 2023-04-27T01:06:49.895519+00:00, run_after=2023-04-27T05:06:49.895519+00:00
[2023-04-27T05:06:49.907+0000] {processor.py:175} INFO - Processing /home/airflow/.local/lib/python3.7/site-packages/airflow/example_dags/example_latest_only.py took 0.055 seconds
[2023-04-27T05:07:20.173+0000] {processor.py:153} INFO - Started process (PID=867) to work on /home/airflow/.local/lib/python3.7/site-packages/airflow/example_dags/example_latest_only.py
[2023-04-27T05:07:20.173+0000] {processor.py:743} INFO - Processing file /home/airflow/.local/lib/python3.7/site-packages/airflow/example_dags/example_latest_only.py for tasks to queue
[2023-04-27T05:07:20.174+0000] {logging_mixin.py:137} INFO - [2023-04-27T05:07:20.174+0000] {dagbag.py:532} INFO - Filling up the DagBag from /home/airflow/.local/lib/python3.7/site-packages/airflow/example_dags/example_latest_only.py
[2023-04-27T05:07:20.183+0000] {processor.py:753} INFO - DAG(s) dict_keys(['latest_only']) retrieved from /home/airflow/.local/lib/python3.7/site-packages/airflow/example_dags/example_latest_only.py
[2023-04-27T05:07:20.198+0000] {logging_mixin.py:137} INFO - [2023-04-27T05:07:20.198+0000] {dag.py:2705} INFO - Sync 1 DAGs
[2023-04-27T05:07:20.215+0000] {logging_mixin.py:137} INFO - [2023-04-27T05:07:20.215+0000] {dag.py:3456} INFO - Setting next_dagrun for latest_only to 2023-04-27T01:07:20.215759+00:00, run_after=2023-04-27T05:07:20.215759+00:00
[2023-04-27T05:07:20.228+0000] {processor.py:175} INFO - Processing /home/airflow/.local/lib/python3.7/site-packages/airflow/example_dags/example_latest_only.py took 0.057 seconds
[2023-04-27T05:07:50.332+0000] {processor.py:153} INFO - Started process (PID=917) to work on /home/airflow/.local/lib/python3.7/site-packages/airflow/example_dags/example_latest_only.py
[2023-04-27T05:07:50.333+0000] {processor.py:743} INFO - Processing file /home/airflow/.local/lib/python3.7/site-packages/airflow/example_dags/example_latest_only.py for tasks to queue
[2023-04-27T05:07:50.333+0000] {logging_mixin.py:137} INFO - [2023-04-27T05:07:50.333+0000] {dagbag.py:532} INFO - Filling up the DagBag from /home/airflow/.local/lib/python3.7/site-packages/airflow/example_dags/example_latest_only.py
[2023-04-27T05:07:50.341+0000] {processor.py:753} INFO - DAG(s) dict_keys(['latest_only']) retrieved from /home/airflow/.local/lib/python3.7/site-packages/airflow/example_dags/example_latest_only.py
[2023-04-27T05:07:50.356+0000] {logging_mixin.py:137} INFO - [2023-04-27T05:07:50.356+0000] {dag.py:2705} INFO - Sync 1 DAGs
[2023-04-27T05:07:50.371+0000] {logging_mixin.py:137} INFO - [2023-04-27T05:07:50.371+0000] {dag.py:3456} INFO - Setting next_dagrun for latest_only to 2023-04-27T01:07:50.371638+00:00, run_after=2023-04-27T05:07:50.371638+00:00
[2023-04-27T05:07:50.383+0000] {processor.py:175} INFO - Processing /home/airflow/.local/lib/python3.7/site-packages/airflow/example_dags/example_latest_only.py took 0.052 seconds
[2023-04-27T05:08:20.408+0000] {processor.py:153} INFO - Started process (PID=967) to work on /home/airflow/.local/lib/python3.7/site-packages/airflow/example_dags/example_latest_only.py
[2023-04-27T05:08:20.408+0000] {processor.py:743} INFO - Processing file /home/airflow/.local/lib/python3.7/site-packages/airflow/example_dags/example_latest_only.py for tasks to queue
[2023-04-27T05:08:20.409+0000] {logging_mixin.py:137} INFO - [2023-04-27T05:08:20.408+0000] {dagbag.py:532} INFO - Filling up the DagBag from /home/airflow/.local/lib/python3.7/site-packages/airflow/example_dags/example_latest_only.py
[2023-04-27T05:08:20.418+0000] {processor.py:753} INFO - DAG(s) dict_keys(['latest_only']) retrieved from /home/airflow/.local/lib/python3.7/site-packages/airflow/example_dags/example_latest_only.py
[2023-04-27T05:08:20.431+0000] {logging_mixin.py:137} INFO - [2023-04-27T05:08:20.431+0000] {dag.py:2705} INFO - Sync 1 DAGs
[2023-04-27T05:08:20.446+0000] {logging_mixin.py:137} INFO - [2023-04-27T05:08:20.446+0000] {dag.py:3456} INFO - Setting next_dagrun for latest_only to 2023-04-27T01:08:20.445951+00:00, run_after=2023-04-27T05:08:20.445951+00:00
[2023-04-27T05:08:20.457+0000] {processor.py:175} INFO - Processing /home/airflow/.local/lib/python3.7/site-packages/airflow/example_dags/example_latest_only.py took 0.051 seconds
[2023-04-27T05:08:50.656+0000] {processor.py:153} INFO - Started process (PID=1017) to work on /home/airflow/.local/lib/python3.7/site-packages/airflow/example_dags/example_latest_only.py
[2023-04-27T05:08:50.656+0000] {processor.py:743} INFO - Processing file /home/airflow/.local/lib/python3.7/site-packages/airflow/example_dags/example_latest_only.py for tasks to queue
[2023-04-27T05:08:50.657+0000] {logging_mixin.py:137} INFO - [2023-04-27T05:08:50.657+0000] {dagbag.py:532} INFO - Filling up the DagBag from /home/airflow/.local/lib/python3.7/site-packages/airflow/example_dags/example_latest_only.py
[2023-04-27T05:08:50.664+0000] {processor.py:753} INFO - DAG(s) dict_keys(['latest_only']) retrieved from /home/airflow/.local/lib/python3.7/site-packages/airflow/example_dags/example_latest_only.py
[2023-04-27T05:08:50.677+0000] {logging_mixin.py:137} INFO - [2023-04-27T05:08:50.677+0000] {dag.py:2705} INFO - Sync 1 DAGs
[2023-04-27T05:08:50.692+0000] {logging_mixin.py:137} INFO - [2023-04-27T05:08:50.692+0000] {dag.py:3456} INFO - Setting next_dagrun for latest_only to 2023-04-27T01:08:50.691974+00:00, run_after=2023-04-27T05:08:50.691974+00:00
[2023-04-27T05:08:50.705+0000] {processor.py:175} INFO - Processing /home/airflow/.local/lib/python3.7/site-packages/airflow/example_dags/example_latest_only.py took 0.051 seconds
[2023-04-27T05:09:20.955+0000] {processor.py:153} INFO - Started process (PID=1067) to work on /home/airflow/.local/lib/python3.7/site-packages/airflow/example_dags/example_latest_only.py
[2023-04-27T05:09:20.956+0000] {processor.py:743} INFO - Processing file /home/airflow/.local/lib/python3.7/site-packages/airflow/example_dags/example_latest_only.py for tasks to queue
[2023-04-27T05:09:20.956+0000] {logging_mixin.py:137} INFO - [2023-04-27T05:09:20.956+0000] {dagbag.py:532} INFO - Filling up the DagBag from /home/airflow/.local/lib/python3.7/site-packages/airflow/example_dags/example_latest_only.py
[2023-04-27T05:09:20.964+0000] {processor.py:753} INFO - DAG(s) dict_keys(['latest_only']) retrieved from /home/airflow/.local/lib/python3.7/site-packages/airflow/example_dags/example_latest_only.py
[2023-04-27T05:09:20.977+0000] {logging_mixin.py:137} INFO - [2023-04-27T05:09:20.977+0000] {dag.py:2705} INFO - Sync 1 DAGs
[2023-04-27T05:09:20.992+0000] {logging_mixin.py:137} INFO - [2023-04-27T05:09:20.992+0000] {dag.py:3456} INFO - Setting next_dagrun for latest_only to 2023-04-27T01:09:20.992395+00:00, run_after=2023-04-27T05:09:20.992395+00:00
[2023-04-27T05:09:21.009+0000] {processor.py:175} INFO - Processing /home/airflow/.local/lib/python3.7/site-packages/airflow/example_dags/example_latest_only.py took 0.056 seconds
[2023-04-27T05:09:51.163+0000] {processor.py:153} INFO - Started process (PID=1117) to work on /home/airflow/.local/lib/python3.7/site-packages/airflow/example_dags/example_latest_only.py
[2023-04-27T05:09:51.163+0000] {processor.py:743} INFO - Processing file /home/airflow/.local/lib/python3.7/site-packages/airflow/example_dags/example_latest_only.py for tasks to queue
[2023-04-27T05:09:51.163+0000] {logging_mixin.py:137} INFO - [2023-04-27T05:09:51.163+0000] {dagbag.py:532} INFO - Filling up the DagBag from /home/airflow/.local/lib/python3.7/site-packages/airflow/example_dags/example_latest_only.py
[2023-04-27T05:09:51.172+0000] {processor.py:753} INFO - DAG(s) dict_keys(['latest_only']) retrieved from /home/airflow/.local/lib/python3.7/site-packages/airflow/example_dags/example_latest_only.py
[2023-04-27T05:09:51.190+0000] {logging_mixin.py:137} INFO - [2023-04-27T05:09:51.190+0000] {dag.py:2705} INFO - Sync 1 DAGs
[2023-04-27T05:09:51.208+0000] {logging_mixin.py:137} INFO - [2023-04-27T05:09:51.208+0000] {dag.py:3456} INFO - Setting next_dagrun for latest_only to 2023-04-27T01:09:51.207968+00:00, run_after=2023-04-27T05:09:51.207968+00:00
[2023-04-27T05:09:51.222+0000] {processor.py:175} INFO - Processing /home/airflow/.local/lib/python3.7/site-packages/airflow/example_dags/example_latest_only.py took 0.062 seconds
[2023-04-27T05:10:21.284+0000] {processor.py:153} INFO - Started process (PID=1167) to work on /home/airflow/.local/lib/python3.7/site-packages/airflow/example_dags/example_latest_only.py
[2023-04-27T05:10:21.284+0000] {processor.py:743} INFO - Processing file /home/airflow/.local/lib/python3.7/site-packages/airflow/example_dags/example_latest_only.py for tasks to queue
[2023-04-27T05:10:21.285+0000] {logging_mixin.py:137} INFO - [2023-04-27T05:10:21.284+0000] {dagbag.py:532} INFO - Filling up the DagBag from /home/airflow/.local/lib/python3.7/site-packages/airflow/example_dags/example_latest_only.py
[2023-04-27T05:10:21.293+0000] {processor.py:753} INFO - DAG(s) dict_keys(['latest_only']) retrieved from /home/airflow/.local/lib/python3.7/site-packages/airflow/example_dags/example_latest_only.py
[2023-04-27T05:10:21.310+0000] {logging_mixin.py:137} INFO - [2023-04-27T05:10:21.310+0000] {dag.py:2705} INFO - Sync 1 DAGs
[2023-04-27T05:10:21.327+0000] {logging_mixin.py:137} INFO - [2023-04-27T05:10:21.327+0000] {dag.py:3456} INFO - Setting next_dagrun for latest_only to 2023-04-27T01:10:21.327609+00:00, run_after=2023-04-27T05:10:21.327609+00:00
[2023-04-27T05:10:21.342+0000] {processor.py:175} INFO - Processing /home/airflow/.local/lib/python3.7/site-packages/airflow/example_dags/example_latest_only.py took 0.061 seconds
[2023-04-27T05:10:51.595+0000] {processor.py:153} INFO - Started process (PID=1216) to work on /home/airflow/.local/lib/python3.7/site-packages/airflow/example_dags/example_latest_only.py
[2023-04-27T05:10:51.596+0000] {processor.py:743} INFO - Processing file /home/airflow/.local/lib/python3.7/site-packages/airflow/example_dags/example_latest_only.py for tasks to queue
[2023-04-27T05:10:51.596+0000] {logging_mixin.py:137} INFO - [2023-04-27T05:10:51.596+0000] {dagbag.py:532} INFO - Filling up the DagBag from /home/airflow/.local/lib/python3.7/site-packages/airflow/example_dags/example_latest_only.py
[2023-04-27T05:10:51.604+0000] {processor.py:753} INFO - DAG(s) dict_keys(['latest_only']) retrieved from /home/airflow/.local/lib/python3.7/site-packages/airflow/example_dags/example_latest_only.py
[2023-04-27T05:10:51.617+0000] {logging_mixin.py:137} INFO - [2023-04-27T05:10:51.617+0000] {dag.py:2705} INFO - Sync 1 DAGs
[2023-04-27T05:10:51.632+0000] {logging_mixin.py:137} INFO - [2023-04-27T05:10:51.632+0000] {dag.py:3456} INFO - Setting next_dagrun for latest_only to 2023-04-27T01:10:51.632208+00:00, run_after=2023-04-27T05:10:51.632208+00:00
[2023-04-27T05:10:51.644+0000] {processor.py:175} INFO - Processing /home/airflow/.local/lib/python3.7/site-packages/airflow/example_dags/example_latest_only.py took 0.051 seconds
[2023-04-27T05:11:21.812+0000] {processor.py:153} INFO - Started process (PID=1266) to work on /home/airflow/.local/lib/python3.7/site-packages/airflow/example_dags/example_latest_only.py
[2023-04-27T05:11:21.812+0000] {processor.py:743} INFO - Processing file /home/airflow/.local/lib/python3.7/site-packages/airflow/example_dags/example_latest_only.py for tasks to queue
[2023-04-27T05:11:21.813+0000] {logging_mixin.py:137} INFO - [2023-04-27T05:11:21.813+0000] {dagbag.py:532} INFO - Filling up the DagBag from /home/airflow/.local/lib/python3.7/site-packages/airflow/example_dags/example_latest_only.py
[2023-04-27T05:11:21.822+0000] {processor.py:753} INFO - DAG(s) dict_keys(['latest_only']) retrieved from /home/airflow/.local/lib/python3.7/site-packages/airflow/example_dags/example_latest_only.py
[2023-04-27T05:11:21.839+0000] {logging_mixin.py:137} INFO - [2023-04-27T05:11:21.839+0000] {dag.py:2705} INFO - Sync 1 DAGs
[2023-04-27T05:11:21.857+0000] {logging_mixin.py:137} INFO - [2023-04-27T05:11:21.857+0000] {dag.py:3456} INFO - Setting next_dagrun for latest_only to 2023-04-27T01:11:21.857478+00:00, run_after=2023-04-27T05:11:21.857478+00:00
[2023-04-27T05:11:21.872+0000] {processor.py:175} INFO - Processing /home/airflow/.local/lib/python3.7/site-packages/airflow/example_dags/example_latest_only.py took 0.062 seconds
[2023-04-27T05:11:52.167+0000] {processor.py:153} INFO - Started process (PID=1316) to work on /home/airflow/.local/lib/python3.7/site-packages/airflow/example_dags/example_latest_only.py
[2023-04-27T05:11:52.168+0000] {processor.py:743} INFO - Processing file /home/airflow/.local/lib/python3.7/site-packages/airflow/example_dags/example_latest_only.py for tasks to queue
[2023-04-27T05:11:52.168+0000] {logging_mixin.py:137} INFO - [2023-04-27T05:11:52.168+0000] {dagbag.py:532} INFO - Filling up the DagBag from /home/airflow/.local/lib/python3.7/site-packages/airflow/example_dags/example_latest_only.py
[2023-04-27T05:11:52.177+0000] {processor.py:753} INFO - DAG(s) dict_keys(['latest_only']) retrieved from /home/airflow/.local/lib/python3.7/site-packages/airflow/example_dags/example_latest_only.py
[2023-04-27T05:11:52.194+0000] {logging_mixin.py:137} INFO - [2023-04-27T05:11:52.194+0000] {dag.py:2705} INFO - Sync 1 DAGs
[2023-04-27T05:11:52.212+0000] {logging_mixin.py:137} INFO - [2023-04-27T05:11:52.212+0000] {dag.py:3456} INFO - Setting next_dagrun for latest_only to 2023-04-27T01:11:52.212434+00:00, run_after=2023-04-27T05:11:52.212434+00:00
[2023-04-27T05:11:52.227+0000] {processor.py:175} INFO - Processing /home/airflow/.local/lib/python3.7/site-packages/airflow/example_dags/example_latest_only.py took 0.062 seconds
[2023-04-27T05:12:22.372+0000] {processor.py:153} INFO - Started process (PID=1366) to work on /home/airflow/.local/lib/python3.7/site-packages/airflow/example_dags/example_latest_only.py
[2023-04-27T05:12:22.373+0000] {processor.py:743} INFO - Processing file /home/airflow/.local/lib/python3.7/site-packages/airflow/example_dags/example_latest_only.py for tasks to queue
[2023-04-27T05:12:22.373+0000] {logging_mixin.py:137} INFO - [2023-04-27T05:12:22.373+0000] {dagbag.py:532} INFO - Filling up the DagBag from /home/airflow/.local/lib/python3.7/site-packages/airflow/example_dags/example_latest_only.py
[2023-04-27T05:12:22.381+0000] {processor.py:753} INFO - DAG(s) dict_keys(['latest_only']) retrieved from /home/airflow/.local/lib/python3.7/site-packages/airflow/example_dags/example_latest_only.py
[2023-04-27T05:12:22.394+0000] {logging_mixin.py:137} INFO - [2023-04-27T05:12:22.394+0000] {dag.py:2705} INFO - Sync 1 DAGs
[2023-04-27T05:12:22.408+0000] {logging_mixin.py:137} INFO - [2023-04-27T05:12:22.408+0000] {dag.py:3456} INFO - Setting next_dagrun for latest_only to 2023-04-27T01:12:22.408432+00:00, run_after=2023-04-27T05:12:22.408432+00:00
[2023-04-27T05:12:22.421+0000] {processor.py:175} INFO - Processing /home/airflow/.local/lib/python3.7/site-packages/airflow/example_dags/example_latest_only.py took 0.051 seconds
[2023-04-27T05:12:52.527+0000] {processor.py:153} INFO - Started process (PID=1416) to work on /home/airflow/.local/lib/python3.7/site-packages/airflow/example_dags/example_latest_only.py
[2023-04-27T05:12:52.528+0000] {processor.py:743} INFO - Processing file /home/airflow/.local/lib/python3.7/site-packages/airflow/example_dags/example_latest_only.py for tasks to queue
[2023-04-27T05:12:52.528+0000] {logging_mixin.py:137} INFO - [2023-04-27T05:12:52.528+0000] {dagbag.py:532} INFO - Filling up the DagBag from /home/airflow/.local/lib/python3.7/site-packages/airflow/example_dags/example_latest_only.py
[2023-04-27T05:12:52.538+0000] {processor.py:753} INFO - DAG(s) dict_keys(['latest_only']) retrieved from /home/airflow/.local/lib/python3.7/site-packages/airflow/example_dags/example_latest_only.py
[2023-04-27T05:12:52.552+0000] {logging_mixin.py:137} INFO - [2023-04-27T05:12:52.552+0000] {dag.py:2705} INFO - Sync 1 DAGs
[2023-04-27T05:12:52.567+0000] {logging_mixin.py:137} INFO - [2023-04-27T05:12:52.567+0000] {dag.py:3456} INFO - Setting next_dagrun for latest_only to 2023-04-27T01:12:52.567375+00:00, run_after=2023-04-27T05:12:52.567375+00:00
[2023-04-27T05:12:52.578+0000] {processor.py:175} INFO - Processing /home/airflow/.local/lib/python3.7/site-packages/airflow/example_dags/example_latest_only.py took 0.053 seconds
[2023-04-27T05:13:23.026+0000] {processor.py:153} INFO - Started process (PID=1466) to work on /home/airflow/.local/lib/python3.7/site-packages/airflow/example_dags/example_latest_only.py
[2023-04-27T05:13:23.027+0000] {processor.py:743} INFO - Processing file /home/airflow/.local/lib/python3.7/site-packages/airflow/example_dags/example_latest_only.py for tasks to queue
[2023-04-27T05:13:23.027+0000] {logging_mixin.py:137} INFO - [2023-04-27T05:13:23.027+0000] {dagbag.py:532} INFO - Filling up the DagBag from /home/airflow/.local/lib/python3.7/site-packages/airflow/example_dags/example_latest_only.py
[2023-04-27T05:13:23.036+0000] {processor.py:753} INFO - DAG(s) dict_keys(['latest_only']) retrieved from /home/airflow/.local/lib/python3.7/site-packages/airflow/example_dags/example_latest_only.py
[2023-04-27T05:13:23.054+0000] {logging_mixin.py:137} INFO - [2023-04-27T05:13:23.053+0000] {dag.py:2705} INFO - Sync 1 DAGs
[2023-04-27T05:13:23.071+0000] {logging_mixin.py:137} INFO - [2023-04-27T05:13:23.071+0000] {dag.py:3456} INFO - Setting next_dagrun for latest_only to 2023-04-27T01:13:23.071586+00:00, run_after=2023-04-27T05:13:23.071586+00:00
[2023-04-27T05:13:23.087+0000] {processor.py:175} INFO - Processing /home/airflow/.local/lib/python3.7/site-packages/airflow/example_dags/example_latest_only.py took 0.063 seconds
[2023-04-27T05:13:53.150+0000] {processor.py:153} INFO - Started process (PID=1516) to work on /home/airflow/.local/lib/python3.7/site-packages/airflow/example_dags/example_latest_only.py
[2023-04-27T05:13:53.150+0000] {processor.py:743} INFO - Processing file /home/airflow/.local/lib/python3.7/site-packages/airflow/example_dags/example_latest_only.py for tasks to queue
[2023-04-27T05:13:53.150+0000] {logging_mixin.py:137} INFO - [2023-04-27T05:13:53.150+0000] {dagbag.py:532} INFO - Filling up the DagBag from /home/airflow/.local/lib/python3.7/site-packages/airflow/example_dags/example_latest_only.py
[2023-04-27T05:13:53.158+0000] {processor.py:753} INFO - DAG(s) dict_keys(['latest_only']) retrieved from /home/airflow/.local/lib/python3.7/site-packages/airflow/example_dags/example_latest_only.py
[2023-04-27T05:13:53.172+0000] {logging_mixin.py:137} INFO - [2023-04-27T05:13:53.172+0000] {dag.py:2705} INFO - Sync 1 DAGs
[2023-04-27T05:13:53.187+0000] {logging_mixin.py:137} INFO - [2023-04-27T05:13:53.187+0000] {dag.py:3456} INFO - Setting next_dagrun for latest_only to 2023-04-27T01:13:53.187250+00:00, run_after=2023-04-27T05:13:53.187250+00:00
[2023-04-27T05:13:53.198+0000] {processor.py:175} INFO - Processing /home/airflow/.local/lib/python3.7/site-packages/airflow/example_dags/example_latest_only.py took 0.050 seconds
[2023-04-27T05:14:23.302+0000] {processor.py:153} INFO - Started process (PID=1566) to work on /home/airflow/.local/lib/python3.7/site-packages/airflow/example_dags/example_latest_only.py
[2023-04-27T05:14:23.303+0000] {processor.py:743} INFO - Processing file /home/airflow/.local/lib/python3.7/site-packages/airflow/example_dags/example_latest_only.py for tasks to queue
[2023-04-27T05:14:23.303+0000] {logging_mixin.py:137} INFO - [2023-04-27T05:14:23.303+0000] {dagbag.py:532} INFO - Filling up the DagBag from /home/airflow/.local/lib/python3.7/site-packages/airflow/example_dags/example_latest_only.py
[2023-04-27T05:14:23.310+0000] {processor.py:753} INFO - DAG(s) dict_keys(['latest_only']) retrieved from /home/airflow/.local/lib/python3.7/site-packages/airflow/example_dags/example_latest_only.py
[2023-04-27T05:14:23.324+0000] {logging_mixin.py:137} INFO - [2023-04-27T05:14:23.324+0000] {dag.py:2705} INFO - Sync 1 DAGs
[2023-04-27T05:14:23.340+0000] {logging_mixin.py:137} INFO - [2023-04-27T05:14:23.339+0000] {dag.py:3456} INFO - Setting next_dagrun for latest_only to 2023-04-27T01:14:23.339779+00:00, run_after=2023-04-27T05:14:23.339779+00:00
[2023-04-27T05:14:23.356+0000] {processor.py:175} INFO - Processing /home/airflow/.local/lib/python3.7/site-packages/airflow/example_dags/example_latest_only.py took 0.056 seconds
[2023-04-27T05:14:53.631+0000] {processor.py:153} INFO - Started process (PID=1615) to work on /home/airflow/.local/lib/python3.7/site-packages/airflow/example_dags/example_latest_only.py
[2023-04-27T05:14:53.631+0000] {processor.py:743} INFO - Processing file /home/airflow/.local/lib/python3.7/site-packages/airflow/example_dags/example_latest_only.py for tasks to queue
[2023-04-27T05:14:53.632+0000] {logging_mixin.py:137} INFO - [2023-04-27T05:14:53.632+0000] {dagbag.py:532} INFO - Filling up the DagBag from /home/airflow/.local/lib/python3.7/site-packages/airflow/example_dags/example_latest_only.py
[2023-04-27T05:14:53.642+0000] {processor.py:753} INFO - DAG(s) dict_keys(['latest_only']) retrieved from /home/airflow/.local/lib/python3.7/site-packages/airflow/example_dags/example_latest_only.py
[2023-04-27T05:14:53.659+0000] {logging_mixin.py:137} INFO - [2023-04-27T05:14:53.659+0000] {dag.py:2705} INFO - Sync 1 DAGs
[2023-04-27T05:14:53.678+0000] {logging_mixin.py:137} INFO - [2023-04-27T05:14:53.678+0000] {dag.py:3456} INFO - Setting next_dagrun for latest_only to 2023-04-27T01:14:53.677843+00:00, run_after=2023-04-27T05:14:53.677843+00:00
[2023-04-27T05:14:53.691+0000] {processor.py:175} INFO - Processing /home/airflow/.local/lib/python3.7/site-packages/airflow/example_dags/example_latest_only.py took 0.063 seconds
