[2023-04-27T04:59:15.691+0000] {processor.py:153} INFO - Started process (PID=84) to work on /home/airflow/.local/lib/python3.7/site-packages/airflow/example_dags/example_task_group.py
[2023-04-27T04:59:15.692+0000] {processor.py:743} INFO - Processing file /home/airflow/.local/lib/python3.7/site-packages/airflow/example_dags/example_task_group.py for tasks to queue
[2023-04-27T04:59:15.692+0000] {logging_mixin.py:137} INFO - [2023-04-27T04:59:15.692+0000] {dagbag.py:532} INFO - Filling up the DagBag from /home/airflow/.local/lib/python3.7/site-packages/airflow/example_dags/example_task_group.py
[2023-04-27T04:59:15.706+0000] {processor.py:753} INFO - DAG(s) dict_keys(['example_task_group']) retrieved from /home/airflow/.local/lib/python3.7/site-packages/airflow/example_dags/example_task_group.py
[2023-04-27T04:59:15.716+0000] {logging_mixin.py:137} INFO - [2023-04-27T04:59:15.716+0000] {dag.py:2705} INFO - Sync 1 DAGs
[2023-04-27T04:59:15.741+0000] {logging_mixin.py:137} INFO - [2023-04-27T04:59:15.741+0000] {dag.py:3456} INFO - Setting next_dagrun for example_task_group to 2023-04-26T04:59:15.741130+00:00, run_after=2023-04-27T04:59:15.741130+00:00
[2023-04-27T04:59:15.760+0000] {processor.py:175} INFO - Processing /home/airflow/.local/lib/python3.7/site-packages/airflow/example_dags/example_task_group.py took 0.071 seconds
[2023-04-27T04:59:46.555+0000] {processor.py:153} INFO - Started process (PID=133) to work on /home/airflow/.local/lib/python3.7/site-packages/airflow/example_dags/example_task_group.py
[2023-04-27T04:59:46.556+0000] {processor.py:743} INFO - Processing file /home/airflow/.local/lib/python3.7/site-packages/airflow/example_dags/example_task_group.py for tasks to queue
[2023-04-27T04:59:46.556+0000] {logging_mixin.py:137} INFO - [2023-04-27T04:59:46.556+0000] {dagbag.py:532} INFO - Filling up the DagBag from /home/airflow/.local/lib/python3.7/site-packages/airflow/example_dags/example_task_group.py
[2023-04-27T04:59:46.567+0000] {processor.py:753} INFO - DAG(s) dict_keys(['example_task_group']) retrieved from /home/airflow/.local/lib/python3.7/site-packages/airflow/example_dags/example_task_group.py
[2023-04-27T04:59:46.587+0000] {logging_mixin.py:137} INFO - [2023-04-27T04:59:46.587+0000] {dag.py:2705} INFO - Sync 1 DAGs
[2023-04-27T04:59:46.607+0000] {logging_mixin.py:137} INFO - [2023-04-27T04:59:46.607+0000] {dag.py:3456} INFO - Setting next_dagrun for example_task_group to 2023-04-26T04:59:46.607525+00:00, run_after=2023-04-27T04:59:46.607525+00:00
[2023-04-27T04:59:46.623+0000] {processor.py:175} INFO - Processing /home/airflow/.local/lib/python3.7/site-packages/airflow/example_dags/example_task_group.py took 0.070 seconds
[2023-04-27T05:00:17.597+0000] {processor.py:153} INFO - Started process (PID=183) to work on /home/airflow/.local/lib/python3.7/site-packages/airflow/example_dags/example_task_group.py
[2023-04-27T05:00:17.598+0000] {processor.py:743} INFO - Processing file /home/airflow/.local/lib/python3.7/site-packages/airflow/example_dags/example_task_group.py for tasks to queue
[2023-04-27T05:00:17.598+0000] {logging_mixin.py:137} INFO - [2023-04-27T05:00:17.598+0000] {dagbag.py:532} INFO - Filling up the DagBag from /home/airflow/.local/lib/python3.7/site-packages/airflow/example_dags/example_task_group.py
[2023-04-27T05:00:17.609+0000] {processor.py:753} INFO - DAG(s) dict_keys(['example_task_group']) retrieved from /home/airflow/.local/lib/python3.7/site-packages/airflow/example_dags/example_task_group.py
[2023-04-27T05:00:17.628+0000] {logging_mixin.py:137} INFO - [2023-04-27T05:00:17.628+0000] {dag.py:2705} INFO - Sync 1 DAGs
[2023-04-27T05:00:17.648+0000] {logging_mixin.py:137} INFO - [2023-04-27T05:00:17.647+0000] {dag.py:3456} INFO - Setting next_dagrun for example_task_group to 2023-04-26T05:00:17.647667+00:00, run_after=2023-04-27T05:00:17.647667+00:00
[2023-04-27T05:00:17.663+0000] {processor.py:175} INFO - Processing /home/airflow/.local/lib/python3.7/site-packages/airflow/example_dags/example_task_group.py took 0.068 seconds
[2023-04-27T05:00:47.920+0000] {processor.py:153} INFO - Started process (PID=233) to work on /home/airflow/.local/lib/python3.7/site-packages/airflow/example_dags/example_task_group.py
[2023-04-27T05:00:47.921+0000] {processor.py:743} INFO - Processing file /home/airflow/.local/lib/python3.7/site-packages/airflow/example_dags/example_task_group.py for tasks to queue
[2023-04-27T05:00:47.921+0000] {logging_mixin.py:137} INFO - [2023-04-27T05:00:47.921+0000] {dagbag.py:532} INFO - Filling up the DagBag from /home/airflow/.local/lib/python3.7/site-packages/airflow/example_dags/example_task_group.py
[2023-04-27T05:00:47.933+0000] {processor.py:753} INFO - DAG(s) dict_keys(['example_task_group']) retrieved from /home/airflow/.local/lib/python3.7/site-packages/airflow/example_dags/example_task_group.py
[2023-04-27T05:00:47.953+0000] {logging_mixin.py:137} INFO - [2023-04-27T05:00:47.953+0000] {dag.py:2705} INFO - Sync 1 DAGs
[2023-04-27T05:00:47.972+0000] {logging_mixin.py:137} INFO - [2023-04-27T05:00:47.972+0000] {dag.py:3456} INFO - Setting next_dagrun for example_task_group to 2023-04-26T05:00:47.971901+00:00, run_after=2023-04-27T05:00:47.971901+00:00
[2023-04-27T05:00:47.987+0000] {processor.py:175} INFO - Processing /home/airflow/.local/lib/python3.7/site-packages/airflow/example_dags/example_task_group.py took 0.069 seconds
[2023-04-27T05:01:18.186+0000] {processor.py:153} INFO - Started process (PID=283) to work on /home/airflow/.local/lib/python3.7/site-packages/airflow/example_dags/example_task_group.py
[2023-04-27T05:01:18.187+0000] {processor.py:743} INFO - Processing file /home/airflow/.local/lib/python3.7/site-packages/airflow/example_dags/example_task_group.py for tasks to queue
[2023-04-27T05:01:18.187+0000] {logging_mixin.py:137} INFO - [2023-04-27T05:01:18.187+0000] {dagbag.py:532} INFO - Filling up the DagBag from /home/airflow/.local/lib/python3.7/site-packages/airflow/example_dags/example_task_group.py
[2023-04-27T05:01:18.198+0000] {processor.py:753} INFO - DAG(s) dict_keys(['example_task_group']) retrieved from /home/airflow/.local/lib/python3.7/site-packages/airflow/example_dags/example_task_group.py
[2023-04-27T05:01:18.206+0000] {logging_mixin.py:137} INFO - [2023-04-27T05:01:18.206+0000] {dag.py:2705} INFO - Sync 1 DAGs
[2023-04-27T05:01:18.270+0000] {logging_mixin.py:137} INFO - [2023-04-27T05:01:18.270+0000] {dag.py:3456} INFO - Setting next_dagrun for example_task_group to 2023-04-26T05:01:18.269593+00:00, run_after=2023-04-27T05:01:18.269593+00:00
[2023-04-27T05:01:18.301+0000] {processor.py:175} INFO - Processing /home/airflow/.local/lib/python3.7/site-packages/airflow/example_dags/example_task_group.py took 0.117 seconds
[2023-04-27T05:01:48.352+0000] {processor.py:153} INFO - Started process (PID=332) to work on /home/airflow/.local/lib/python3.7/site-packages/airflow/example_dags/example_task_group.py
[2023-04-27T05:01:48.352+0000] {processor.py:743} INFO - Processing file /home/airflow/.local/lib/python3.7/site-packages/airflow/example_dags/example_task_group.py for tasks to queue
[2023-04-27T05:01:48.353+0000] {logging_mixin.py:137} INFO - [2023-04-27T05:01:48.352+0000] {dagbag.py:532} INFO - Filling up the DagBag from /home/airflow/.local/lib/python3.7/site-packages/airflow/example_dags/example_task_group.py
[2023-04-27T05:01:48.364+0000] {processor.py:753} INFO - DAG(s) dict_keys(['example_task_group']) retrieved from /home/airflow/.local/lib/python3.7/site-packages/airflow/example_dags/example_task_group.py
[2023-04-27T05:01:48.383+0000] {logging_mixin.py:137} INFO - [2023-04-27T05:01:48.383+0000] {dag.py:2705} INFO - Sync 1 DAGs
[2023-04-27T05:01:48.402+0000] {logging_mixin.py:137} INFO - [2023-04-27T05:01:48.402+0000] {dag.py:3456} INFO - Setting next_dagrun for example_task_group to 2023-04-26T05:01:48.402226+00:00, run_after=2023-04-27T05:01:48.402226+00:00
[2023-04-27T05:01:48.417+0000] {processor.py:175} INFO - Processing /home/airflow/.local/lib/python3.7/site-packages/airflow/example_dags/example_task_group.py took 0.067 seconds
[2023-04-27T05:02:18.900+0000] {processor.py:153} INFO - Started process (PID=382) to work on /home/airflow/.local/lib/python3.7/site-packages/airflow/example_dags/example_task_group.py
[2023-04-27T05:02:18.901+0000] {processor.py:743} INFO - Processing file /home/airflow/.local/lib/python3.7/site-packages/airflow/example_dags/example_task_group.py for tasks to queue
[2023-04-27T05:02:18.901+0000] {logging_mixin.py:137} INFO - [2023-04-27T05:02:18.901+0000] {dagbag.py:532} INFO - Filling up the DagBag from /home/airflow/.local/lib/python3.7/site-packages/airflow/example_dags/example_task_group.py
[2023-04-27T05:02:18.913+0000] {processor.py:753} INFO - DAG(s) dict_keys(['example_task_group']) retrieved from /home/airflow/.local/lib/python3.7/site-packages/airflow/example_dags/example_task_group.py
[2023-04-27T05:02:18.934+0000] {logging_mixin.py:137} INFO - [2023-04-27T05:02:18.934+0000] {dag.py:2705} INFO - Sync 1 DAGs
[2023-04-27T05:02:18.953+0000] {logging_mixin.py:137} INFO - [2023-04-27T05:02:18.953+0000] {dag.py:3456} INFO - Setting next_dagrun for example_task_group to 2023-04-26T05:02:18.953497+00:00, run_after=2023-04-27T05:02:18.953497+00:00
[2023-04-27T05:02:18.978+0000] {processor.py:175} INFO - Processing /home/airflow/.local/lib/python3.7/site-packages/airflow/example_dags/example_task_group.py took 0.080 seconds
[2023-04-27T05:02:49.596+0000] {processor.py:153} INFO - Started process (PID=432) to work on /home/airflow/.local/lib/python3.7/site-packages/airflow/example_dags/example_task_group.py
[2023-04-27T05:02:49.597+0000] {processor.py:743} INFO - Processing file /home/airflow/.local/lib/python3.7/site-packages/airflow/example_dags/example_task_group.py for tasks to queue
[2023-04-27T05:02:49.598+0000] {logging_mixin.py:137} INFO - [2023-04-27T05:02:49.597+0000] {dagbag.py:532} INFO - Filling up the DagBag from /home/airflow/.local/lib/python3.7/site-packages/airflow/example_dags/example_task_group.py
[2023-04-27T05:02:49.609+0000] {processor.py:753} INFO - DAG(s) dict_keys(['example_task_group']) retrieved from /home/airflow/.local/lib/python3.7/site-packages/airflow/example_dags/example_task_group.py
[2023-04-27T05:02:49.629+0000] {logging_mixin.py:137} INFO - [2023-04-27T05:02:49.628+0000] {dag.py:2705} INFO - Sync 1 DAGs
[2023-04-27T05:02:49.649+0000] {logging_mixin.py:137} INFO - [2023-04-27T05:02:49.649+0000] {dag.py:3456} INFO - Setting next_dagrun for example_task_group to 2023-04-26T05:02:49.649169+00:00, run_after=2023-04-27T05:02:49.649169+00:00
[2023-04-27T05:02:49.667+0000] {processor.py:175} INFO - Processing /home/airflow/.local/lib/python3.7/site-packages/airflow/example_dags/example_task_group.py took 0.073 seconds
[2023-04-27T05:03:20.005+0000] {processor.py:153} INFO - Started process (PID=482) to work on /home/airflow/.local/lib/python3.7/site-packages/airflow/example_dags/example_task_group.py
[2023-04-27T05:03:20.005+0000] {processor.py:743} INFO - Processing file /home/airflow/.local/lib/python3.7/site-packages/airflow/example_dags/example_task_group.py for tasks to queue
[2023-04-27T05:03:20.006+0000] {logging_mixin.py:137} INFO - [2023-04-27T05:03:20.006+0000] {dagbag.py:532} INFO - Filling up the DagBag from /home/airflow/.local/lib/python3.7/site-packages/airflow/example_dags/example_task_group.py
[2023-04-27T05:03:20.018+0000] {processor.py:753} INFO - DAG(s) dict_keys(['example_task_group']) retrieved from /home/airflow/.local/lib/python3.7/site-packages/airflow/example_dags/example_task_group.py
[2023-04-27T05:03:20.048+0000] {logging_mixin.py:137} INFO - [2023-04-27T05:03:20.048+0000] {dag.py:2705} INFO - Sync 1 DAGs
[2023-04-27T05:03:20.080+0000] {logging_mixin.py:137} INFO - [2023-04-27T05:03:20.080+0000] {dag.py:3456} INFO - Setting next_dagrun for example_task_group to 2023-04-26T05:03:20.080364+00:00, run_after=2023-04-27T05:03:20.080364+00:00
[2023-04-27T05:03:20.101+0000] {processor.py:175} INFO - Processing /home/airflow/.local/lib/python3.7/site-packages/airflow/example_dags/example_task_group.py took 0.099 seconds
[2023-04-27T05:03:50.337+0000] {processor.py:153} INFO - Started process (PID=532) to work on /home/airflow/.local/lib/python3.7/site-packages/airflow/example_dags/example_task_group.py
[2023-04-27T05:03:50.337+0000] {processor.py:743} INFO - Processing file /home/airflow/.local/lib/python3.7/site-packages/airflow/example_dags/example_task_group.py for tasks to queue
[2023-04-27T05:03:50.338+0000] {logging_mixin.py:137} INFO - [2023-04-27T05:03:50.338+0000] {dagbag.py:532} INFO - Filling up the DagBag from /home/airflow/.local/lib/python3.7/site-packages/airflow/example_dags/example_task_group.py
[2023-04-27T05:03:50.350+0000] {processor.py:753} INFO - DAG(s) dict_keys(['example_task_group']) retrieved from /home/airflow/.local/lib/python3.7/site-packages/airflow/example_dags/example_task_group.py
[2023-04-27T05:03:50.372+0000] {logging_mixin.py:137} INFO - [2023-04-27T05:03:50.372+0000] {dag.py:2705} INFO - Sync 1 DAGs
[2023-04-27T05:03:50.395+0000] {logging_mixin.py:137} INFO - [2023-04-27T05:03:50.395+0000] {dag.py:3456} INFO - Setting next_dagrun for example_task_group to 2023-04-26T05:03:50.395398+00:00, run_after=2023-04-27T05:03:50.395398+00:00
[2023-04-27T05:03:50.413+0000] {processor.py:175} INFO - Processing /home/airflow/.local/lib/python3.7/site-packages/airflow/example_dags/example_task_group.py took 0.079 seconds
[2023-04-27T05:04:20.564+0000] {processor.py:153} INFO - Started process (PID=581) to work on /home/airflow/.local/lib/python3.7/site-packages/airflow/example_dags/example_task_group.py
[2023-04-27T05:04:20.564+0000] {processor.py:743} INFO - Processing file /home/airflow/.local/lib/python3.7/site-packages/airflow/example_dags/example_task_group.py for tasks to queue
[2023-04-27T05:04:20.564+0000] {logging_mixin.py:137} INFO - [2023-04-27T05:04:20.564+0000] {dagbag.py:532} INFO - Filling up the DagBag from /home/airflow/.local/lib/python3.7/site-packages/airflow/example_dags/example_task_group.py
[2023-04-27T05:04:20.575+0000] {processor.py:753} INFO - DAG(s) dict_keys(['example_task_group']) retrieved from /home/airflow/.local/lib/python3.7/site-packages/airflow/example_dags/example_task_group.py
[2023-04-27T05:04:20.594+0000] {logging_mixin.py:137} INFO - [2023-04-27T05:04:20.593+0000] {dag.py:2705} INFO - Sync 1 DAGs
[2023-04-27T05:04:20.614+0000] {logging_mixin.py:137} INFO - [2023-04-27T05:04:20.613+0000] {dag.py:3456} INFO - Setting next_dagrun for example_task_group to 2023-04-26T05:04:20.613718+00:00, run_after=2023-04-27T05:04:20.613718+00:00
[2023-04-27T05:04:20.632+0000] {processor.py:175} INFO - Processing /home/airflow/.local/lib/python3.7/site-packages/airflow/example_dags/example_task_group.py took 0.070 seconds
[2023-04-27T05:04:50.743+0000] {processor.py:153} INFO - Started process (PID=631) to work on /home/airflow/.local/lib/python3.7/site-packages/airflow/example_dags/example_task_group.py
[2023-04-27T05:04:50.744+0000] {processor.py:743} INFO - Processing file /home/airflow/.local/lib/python3.7/site-packages/airflow/example_dags/example_task_group.py for tasks to queue
[2023-04-27T05:04:50.744+0000] {logging_mixin.py:137} INFO - [2023-04-27T05:04:50.744+0000] {dagbag.py:532} INFO - Filling up the DagBag from /home/airflow/.local/lib/python3.7/site-packages/airflow/example_dags/example_task_group.py
[2023-04-27T05:04:50.756+0000] {processor.py:753} INFO - DAG(s) dict_keys(['example_task_group']) retrieved from /home/airflow/.local/lib/python3.7/site-packages/airflow/example_dags/example_task_group.py
[2023-04-27T05:04:50.775+0000] {logging_mixin.py:137} INFO - [2023-04-27T05:04:50.775+0000] {dag.py:2705} INFO - Sync 1 DAGs
[2023-04-27T05:04:50.793+0000] {logging_mixin.py:137} INFO - [2023-04-27T05:04:50.793+0000] {dag.py:3456} INFO - Setting next_dagrun for example_task_group to 2023-04-26T05:04:50.793517+00:00, run_after=2023-04-27T05:04:50.793517+00:00
[2023-04-27T05:04:50.809+0000] {processor.py:175} INFO - Processing /home/airflow/.local/lib/python3.7/site-packages/airflow/example_dags/example_task_group.py took 0.068 seconds
[2023-04-27T05:05:20.997+0000] {processor.py:153} INFO - Started process (PID=681) to work on /home/airflow/.local/lib/python3.7/site-packages/airflow/example_dags/example_task_group.py
[2023-04-27T05:05:20.997+0000] {processor.py:743} INFO - Processing file /home/airflow/.local/lib/python3.7/site-packages/airflow/example_dags/example_task_group.py for tasks to queue
[2023-04-27T05:05:20.998+0000] {logging_mixin.py:137} INFO - [2023-04-27T05:05:20.998+0000] {dagbag.py:532} INFO - Filling up the DagBag from /home/airflow/.local/lib/python3.7/site-packages/airflow/example_dags/example_task_group.py
[2023-04-27T05:05:21.009+0000] {processor.py:753} INFO - DAG(s) dict_keys(['example_task_group']) retrieved from /home/airflow/.local/lib/python3.7/site-packages/airflow/example_dags/example_task_group.py
[2023-04-27T05:05:21.028+0000] {logging_mixin.py:137} INFO - [2023-04-27T05:05:21.028+0000] {dag.py:2705} INFO - Sync 1 DAGs
[2023-04-27T05:05:21.048+0000] {logging_mixin.py:137} INFO - [2023-04-27T05:05:21.048+0000] {dag.py:3456} INFO - Setting next_dagrun for example_task_group to 2023-04-26T05:05:21.047937+00:00, run_after=2023-04-27T05:05:21.047937+00:00
[2023-04-27T05:05:21.063+0000] {processor.py:175} INFO - Processing /home/airflow/.local/lib/python3.7/site-packages/airflow/example_dags/example_task_group.py took 0.069 seconds
[2023-04-27T05:05:51.250+0000] {processor.py:153} INFO - Started process (PID=731) to work on /home/airflow/.local/lib/python3.7/site-packages/airflow/example_dags/example_task_group.py
[2023-04-27T05:05:51.250+0000] {processor.py:743} INFO - Processing file /home/airflow/.local/lib/python3.7/site-packages/airflow/example_dags/example_task_group.py for tasks to queue
[2023-04-27T05:05:51.250+0000] {logging_mixin.py:137} INFO - [2023-04-27T05:05:51.250+0000] {dagbag.py:532} INFO - Filling up the DagBag from /home/airflow/.local/lib/python3.7/site-packages/airflow/example_dags/example_task_group.py
[2023-04-27T05:05:51.261+0000] {processor.py:753} INFO - DAG(s) dict_keys(['example_task_group']) retrieved from /home/airflow/.local/lib/python3.7/site-packages/airflow/example_dags/example_task_group.py
[2023-04-27T05:05:51.280+0000] {logging_mixin.py:137} INFO - [2023-04-27T05:05:51.280+0000] {dag.py:2705} INFO - Sync 1 DAGs
[2023-04-27T05:05:51.299+0000] {logging_mixin.py:137} INFO - [2023-04-27T05:05:51.299+0000] {dag.py:3456} INFO - Setting next_dagrun for example_task_group to 2023-04-26T05:05:51.299123+00:00, run_after=2023-04-27T05:05:51.299123+00:00
[2023-04-27T05:05:51.314+0000] {processor.py:175} INFO - Processing /home/airflow/.local/lib/python3.7/site-packages/airflow/example_dags/example_task_group.py took 0.067 seconds
[2023-04-27T05:06:22.258+0000] {processor.py:153} INFO - Started process (PID=781) to work on /home/airflow/.local/lib/python3.7/site-packages/airflow/example_dags/example_task_group.py
[2023-04-27T05:06:22.259+0000] {processor.py:743} INFO - Processing file /home/airflow/.local/lib/python3.7/site-packages/airflow/example_dags/example_task_group.py for tasks to queue
[2023-04-27T05:06:22.259+0000] {logging_mixin.py:137} INFO - [2023-04-27T05:06:22.259+0000] {dagbag.py:532} INFO - Filling up the DagBag from /home/airflow/.local/lib/python3.7/site-packages/airflow/example_dags/example_task_group.py
[2023-04-27T05:06:22.270+0000] {processor.py:753} INFO - DAG(s) dict_keys(['example_task_group']) retrieved from /home/airflow/.local/lib/python3.7/site-packages/airflow/example_dags/example_task_group.py
[2023-04-27T05:06:22.289+0000] {logging_mixin.py:137} INFO - [2023-04-27T05:06:22.289+0000] {dag.py:2705} INFO - Sync 1 DAGs
[2023-04-27T05:06:22.307+0000] {logging_mixin.py:137} INFO - [2023-04-27T05:06:22.306+0000] {dag.py:3456} INFO - Setting next_dagrun for example_task_group to 2023-04-26T05:06:22.306690+00:00, run_after=2023-04-27T05:06:22.306690+00:00
[2023-04-27T05:06:22.322+0000] {processor.py:175} INFO - Processing /home/airflow/.local/lib/python3.7/site-packages/airflow/example_dags/example_task_group.py took 0.066 seconds
[2023-04-27T05:06:52.427+0000] {processor.py:153} INFO - Started process (PID=831) to work on /home/airflow/.local/lib/python3.7/site-packages/airflow/example_dags/example_task_group.py
[2023-04-27T05:06:52.428+0000] {processor.py:743} INFO - Processing file /home/airflow/.local/lib/python3.7/site-packages/airflow/example_dags/example_task_group.py for tasks to queue
[2023-04-27T05:06:52.428+0000] {logging_mixin.py:137} INFO - [2023-04-27T05:06:52.428+0000] {dagbag.py:532} INFO - Filling up the DagBag from /home/airflow/.local/lib/python3.7/site-packages/airflow/example_dags/example_task_group.py
[2023-04-27T05:06:52.438+0000] {processor.py:753} INFO - DAG(s) dict_keys(['example_task_group']) retrieved from /home/airflow/.local/lib/python3.7/site-packages/airflow/example_dags/example_task_group.py
[2023-04-27T05:06:52.457+0000] {logging_mixin.py:137} INFO - [2023-04-27T05:06:52.457+0000] {dag.py:2705} INFO - Sync 1 DAGs
[2023-04-27T05:06:52.475+0000] {logging_mixin.py:137} INFO - [2023-04-27T05:06:52.474+0000] {dag.py:3456} INFO - Setting next_dagrun for example_task_group to 2023-04-26T05:06:52.474751+00:00, run_after=2023-04-27T05:06:52.474751+00:00
[2023-04-27T05:06:52.490+0000] {processor.py:175} INFO - Processing /home/airflow/.local/lib/python3.7/site-packages/airflow/example_dags/example_task_group.py took 0.066 seconds
[2023-04-27T05:07:22.801+0000] {processor.py:153} INFO - Started process (PID=881) to work on /home/airflow/.local/lib/python3.7/site-packages/airflow/example_dags/example_task_group.py
[2023-04-27T05:07:22.801+0000] {processor.py:743} INFO - Processing file /home/airflow/.local/lib/python3.7/site-packages/airflow/example_dags/example_task_group.py for tasks to queue
[2023-04-27T05:07:22.802+0000] {logging_mixin.py:137} INFO - [2023-04-27T05:07:22.802+0000] {dagbag.py:532} INFO - Filling up the DagBag from /home/airflow/.local/lib/python3.7/site-packages/airflow/example_dags/example_task_group.py
[2023-04-27T05:07:22.813+0000] {processor.py:753} INFO - DAG(s) dict_keys(['example_task_group']) retrieved from /home/airflow/.local/lib/python3.7/site-packages/airflow/example_dags/example_task_group.py
[2023-04-27T05:07:22.831+0000] {logging_mixin.py:137} INFO - [2023-04-27T05:07:22.831+0000] {dag.py:2705} INFO - Sync 1 DAGs
[2023-04-27T05:07:22.849+0000] {logging_mixin.py:137} INFO - [2023-04-27T05:07:22.849+0000] {dag.py:3456} INFO - Setting next_dagrun for example_task_group to 2023-04-26T05:07:22.849676+00:00, run_after=2023-04-27T05:07:22.849676+00:00
[2023-04-27T05:07:22.864+0000] {processor.py:175} INFO - Processing /home/airflow/.local/lib/python3.7/site-packages/airflow/example_dags/example_task_group.py took 0.065 seconds
[2023-04-27T05:07:53.042+0000] {processor.py:153} INFO - Started process (PID=931) to work on /home/airflow/.local/lib/python3.7/site-packages/airflow/example_dags/example_task_group.py
[2023-04-27T05:07:53.042+0000] {processor.py:743} INFO - Processing file /home/airflow/.local/lib/python3.7/site-packages/airflow/example_dags/example_task_group.py for tasks to queue
[2023-04-27T05:07:53.043+0000] {logging_mixin.py:137} INFO - [2023-04-27T05:07:53.043+0000] {dagbag.py:532} INFO - Filling up the DagBag from /home/airflow/.local/lib/python3.7/site-packages/airflow/example_dags/example_task_group.py
[2023-04-27T05:07:53.053+0000] {processor.py:753} INFO - DAG(s) dict_keys(['example_task_group']) retrieved from /home/airflow/.local/lib/python3.7/site-packages/airflow/example_dags/example_task_group.py
[2023-04-27T05:07:53.072+0000] {logging_mixin.py:137} INFO - [2023-04-27T05:07:53.072+0000] {dag.py:2705} INFO - Sync 1 DAGs
[2023-04-27T05:07:53.091+0000] {logging_mixin.py:137} INFO - [2023-04-27T05:07:53.090+0000] {dag.py:3456} INFO - Setting next_dagrun for example_task_group to 2023-04-26T05:07:53.090685+00:00, run_after=2023-04-27T05:07:53.090685+00:00
[2023-04-27T05:07:53.106+0000] {processor.py:175} INFO - Processing /home/airflow/.local/lib/python3.7/site-packages/airflow/example_dags/example_task_group.py took 0.066 seconds
[2023-04-27T05:08:24.066+0000] {processor.py:153} INFO - Started process (PID=981) to work on /home/airflow/.local/lib/python3.7/site-packages/airflow/example_dags/example_task_group.py
[2023-04-27T05:08:24.066+0000] {processor.py:743} INFO - Processing file /home/airflow/.local/lib/python3.7/site-packages/airflow/example_dags/example_task_group.py for tasks to queue
[2023-04-27T05:08:24.067+0000] {logging_mixin.py:137} INFO - [2023-04-27T05:08:24.066+0000] {dagbag.py:532} INFO - Filling up the DagBag from /home/airflow/.local/lib/python3.7/site-packages/airflow/example_dags/example_task_group.py
[2023-04-27T05:08:24.077+0000] {processor.py:753} INFO - DAG(s) dict_keys(['example_task_group']) retrieved from /home/airflow/.local/lib/python3.7/site-packages/airflow/example_dags/example_task_group.py
[2023-04-27T05:08:24.096+0000] {logging_mixin.py:137} INFO - [2023-04-27T05:08:24.096+0000] {dag.py:2705} INFO - Sync 1 DAGs
[2023-04-27T05:08:24.114+0000] {logging_mixin.py:137} INFO - [2023-04-27T05:08:24.114+0000] {dag.py:3456} INFO - Setting next_dagrun for example_task_group to 2023-04-26T05:08:24.113971+00:00, run_after=2023-04-27T05:08:24.113971+00:00
[2023-04-27T05:08:24.128+0000] {processor.py:175} INFO - Processing /home/airflow/.local/lib/python3.7/site-packages/airflow/example_dags/example_task_group.py took 0.064 seconds
[2023-04-27T05:08:54.319+0000] {processor.py:153} INFO - Started process (PID=1031) to work on /home/airflow/.local/lib/python3.7/site-packages/airflow/example_dags/example_task_group.py
[2023-04-27T05:08:54.319+0000] {processor.py:743} INFO - Processing file /home/airflow/.local/lib/python3.7/site-packages/airflow/example_dags/example_task_group.py for tasks to queue
[2023-04-27T05:08:54.320+0000] {logging_mixin.py:137} INFO - [2023-04-27T05:08:54.320+0000] {dagbag.py:532} INFO - Filling up the DagBag from /home/airflow/.local/lib/python3.7/site-packages/airflow/example_dags/example_task_group.py
[2023-04-27T05:08:54.330+0000] {processor.py:753} INFO - DAG(s) dict_keys(['example_task_group']) retrieved from /home/airflow/.local/lib/python3.7/site-packages/airflow/example_dags/example_task_group.py
[2023-04-27T05:08:54.348+0000] {logging_mixin.py:137} INFO - [2023-04-27T05:08:54.348+0000] {dag.py:2705} INFO - Sync 1 DAGs
[2023-04-27T05:08:54.367+0000] {logging_mixin.py:137} INFO - [2023-04-27T05:08:54.367+0000] {dag.py:3456} INFO - Setting next_dagrun for example_task_group to 2023-04-26T05:08:54.367219+00:00, run_after=2023-04-27T05:08:54.367219+00:00
[2023-04-27T05:08:54.382+0000] {processor.py:175} INFO - Processing /home/airflow/.local/lib/python3.7/site-packages/airflow/example_dags/example_task_group.py took 0.066 seconds
[2023-04-27T05:09:24.625+0000] {processor.py:153} INFO - Started process (PID=1081) to work on /home/airflow/.local/lib/python3.7/site-packages/airflow/example_dags/example_task_group.py
[2023-04-27T05:09:24.626+0000] {processor.py:743} INFO - Processing file /home/airflow/.local/lib/python3.7/site-packages/airflow/example_dags/example_task_group.py for tasks to queue
[2023-04-27T05:09:24.626+0000] {logging_mixin.py:137} INFO - [2023-04-27T05:09:24.626+0000] {dagbag.py:532} INFO - Filling up the DagBag from /home/airflow/.local/lib/python3.7/site-packages/airflow/example_dags/example_task_group.py
[2023-04-27T05:09:24.637+0000] {processor.py:753} INFO - DAG(s) dict_keys(['example_task_group']) retrieved from /home/airflow/.local/lib/python3.7/site-packages/airflow/example_dags/example_task_group.py
[2023-04-27T05:09:24.654+0000] {logging_mixin.py:137} INFO - [2023-04-27T05:09:24.654+0000] {dag.py:2705} INFO - Sync 1 DAGs
[2023-04-27T05:09:24.671+0000] {logging_mixin.py:137} INFO - [2023-04-27T05:09:24.671+0000] {dag.py:3456} INFO - Setting next_dagrun for example_task_group to 2023-04-26T05:09:24.671057+00:00, run_after=2023-04-27T05:09:24.671057+00:00
[2023-04-27T05:09:24.689+0000] {processor.py:175} INFO - Processing /home/airflow/.local/lib/python3.7/site-packages/airflow/example_dags/example_task_group.py took 0.067 seconds
[2023-04-27T05:09:54.780+0000] {processor.py:153} INFO - Started process (PID=1131) to work on /home/airflow/.local/lib/python3.7/site-packages/airflow/example_dags/example_task_group.py
[2023-04-27T05:09:54.781+0000] {processor.py:743} INFO - Processing file /home/airflow/.local/lib/python3.7/site-packages/airflow/example_dags/example_task_group.py for tasks to queue
[2023-04-27T05:09:54.781+0000] {logging_mixin.py:137} INFO - [2023-04-27T05:09:54.781+0000] {dagbag.py:532} INFO - Filling up the DagBag from /home/airflow/.local/lib/python3.7/site-packages/airflow/example_dags/example_task_group.py
[2023-04-27T05:09:54.792+0000] {processor.py:753} INFO - DAG(s) dict_keys(['example_task_group']) retrieved from /home/airflow/.local/lib/python3.7/site-packages/airflow/example_dags/example_task_group.py
[2023-04-27T05:09:54.810+0000] {logging_mixin.py:137} INFO - [2023-04-27T05:09:54.810+0000] {dag.py:2705} INFO - Sync 1 DAGs
[2023-04-27T05:09:54.827+0000] {logging_mixin.py:137} INFO - [2023-04-27T05:09:54.827+0000] {dag.py:3456} INFO - Setting next_dagrun for example_task_group to 2023-04-26T05:09:54.827286+00:00, run_after=2023-04-27T05:09:54.827286+00:00
[2023-04-27T05:09:54.841+0000] {processor.py:175} INFO - Processing /home/airflow/.local/lib/python3.7/site-packages/airflow/example_dags/example_task_group.py took 0.063 seconds
[2023-04-27T05:10:25.012+0000] {processor.py:153} INFO - Started process (PID=1181) to work on /home/airflow/.local/lib/python3.7/site-packages/airflow/example_dags/example_task_group.py
[2023-04-27T05:10:25.012+0000] {processor.py:743} INFO - Processing file /home/airflow/.local/lib/python3.7/site-packages/airflow/example_dags/example_task_group.py for tasks to queue
[2023-04-27T05:10:25.013+0000] {logging_mixin.py:137} INFO - [2023-04-27T05:10:25.013+0000] {dagbag.py:532} INFO - Filling up the DagBag from /home/airflow/.local/lib/python3.7/site-packages/airflow/example_dags/example_task_group.py
[2023-04-27T05:10:25.024+0000] {processor.py:753} INFO - DAG(s) dict_keys(['example_task_group']) retrieved from /home/airflow/.local/lib/python3.7/site-packages/airflow/example_dags/example_task_group.py
[2023-04-27T05:10:25.042+0000] {logging_mixin.py:137} INFO - [2023-04-27T05:10:25.042+0000] {dag.py:2705} INFO - Sync 1 DAGs
[2023-04-27T05:10:25.061+0000] {logging_mixin.py:137} INFO - [2023-04-27T05:10:25.061+0000] {dag.py:3456} INFO - Setting next_dagrun for example_task_group to 2023-04-26T05:10:25.060792+00:00, run_after=2023-04-27T05:10:25.060792+00:00
[2023-04-27T05:10:25.077+0000] {processor.py:175} INFO - Processing /home/airflow/.local/lib/python3.7/site-packages/airflow/example_dags/example_task_group.py took 0.067 seconds
[2023-04-27T05:10:55.310+0000] {processor.py:153} INFO - Started process (PID=1230) to work on /home/airflow/.local/lib/python3.7/site-packages/airflow/example_dags/example_task_group.py
[2023-04-27T05:10:55.311+0000] {processor.py:743} INFO - Processing file /home/airflow/.local/lib/python3.7/site-packages/airflow/example_dags/example_task_group.py for tasks to queue
[2023-04-27T05:10:55.311+0000] {logging_mixin.py:137} INFO - [2023-04-27T05:10:55.311+0000] {dagbag.py:532} INFO - Filling up the DagBag from /home/airflow/.local/lib/python3.7/site-packages/airflow/example_dags/example_task_group.py
[2023-04-27T05:10:55.322+0000] {processor.py:753} INFO - DAG(s) dict_keys(['example_task_group']) retrieved from /home/airflow/.local/lib/python3.7/site-packages/airflow/example_dags/example_task_group.py
[2023-04-27T05:10:55.342+0000] {logging_mixin.py:137} INFO - [2023-04-27T05:10:55.342+0000] {dag.py:2705} INFO - Sync 1 DAGs
[2023-04-27T05:10:55.360+0000] {logging_mixin.py:137} INFO - [2023-04-27T05:10:55.360+0000] {dag.py:3456} INFO - Setting next_dagrun for example_task_group to 2023-04-26T05:10:55.360600+00:00, run_after=2023-04-27T05:10:55.360600+00:00
[2023-04-27T05:10:55.375+0000] {processor.py:175} INFO - Processing /home/airflow/.local/lib/python3.7/site-packages/airflow/example_dags/example_task_group.py took 0.067 seconds
[2023-04-27T05:11:25.533+0000] {processor.py:153} INFO - Started process (PID=1280) to work on /home/airflow/.local/lib/python3.7/site-packages/airflow/example_dags/example_task_group.py
[2023-04-27T05:11:25.534+0000] {processor.py:743} INFO - Processing file /home/airflow/.local/lib/python3.7/site-packages/airflow/example_dags/example_task_group.py for tasks to queue
[2023-04-27T05:11:25.534+0000] {logging_mixin.py:137} INFO - [2023-04-27T05:11:25.534+0000] {dagbag.py:532} INFO - Filling up the DagBag from /home/airflow/.local/lib/python3.7/site-packages/airflow/example_dags/example_task_group.py
[2023-04-27T05:11:25.544+0000] {processor.py:753} INFO - DAG(s) dict_keys(['example_task_group']) retrieved from /home/airflow/.local/lib/python3.7/site-packages/airflow/example_dags/example_task_group.py
[2023-04-27T05:11:25.563+0000] {logging_mixin.py:137} INFO - [2023-04-27T05:11:25.563+0000] {dag.py:2705} INFO - Sync 1 DAGs
[2023-04-27T05:11:25.581+0000] {logging_mixin.py:137} INFO - [2023-04-27T05:11:25.581+0000] {dag.py:3456} INFO - Setting next_dagrun for example_task_group to 2023-04-26T05:11:25.581135+00:00, run_after=2023-04-27T05:11:25.581135+00:00
[2023-04-27T05:11:25.596+0000] {processor.py:175} INFO - Processing /home/airflow/.local/lib/python3.7/site-packages/airflow/example_dags/example_task_group.py took 0.065 seconds
[2023-04-27T05:11:55.770+0000] {processor.py:153} INFO - Started process (PID=1330) to work on /home/airflow/.local/lib/python3.7/site-packages/airflow/example_dags/example_task_group.py
[2023-04-27T05:11:55.770+0000] {processor.py:743} INFO - Processing file /home/airflow/.local/lib/python3.7/site-packages/airflow/example_dags/example_task_group.py for tasks to queue
[2023-04-27T05:11:55.771+0000] {logging_mixin.py:137} INFO - [2023-04-27T05:11:55.771+0000] {dagbag.py:532} INFO - Filling up the DagBag from /home/airflow/.local/lib/python3.7/site-packages/airflow/example_dags/example_task_group.py
[2023-04-27T05:11:55.781+0000] {processor.py:753} INFO - DAG(s) dict_keys(['example_task_group']) retrieved from /home/airflow/.local/lib/python3.7/site-packages/airflow/example_dags/example_task_group.py
[2023-04-27T05:11:55.799+0000] {logging_mixin.py:137} INFO - [2023-04-27T05:11:55.798+0000] {dag.py:2705} INFO - Sync 1 DAGs
[2023-04-27T05:11:55.817+0000] {logging_mixin.py:137} INFO - [2023-04-27T05:11:55.817+0000] {dag.py:3456} INFO - Setting next_dagrun for example_task_group to 2023-04-26T05:11:55.817590+00:00, run_after=2023-04-27T05:11:55.817590+00:00
[2023-04-27T05:11:55.832+0000] {processor.py:175} INFO - Processing /home/airflow/.local/lib/python3.7/site-packages/airflow/example_dags/example_task_group.py took 0.065 seconds
[2023-04-27T05:12:25.957+0000] {processor.py:153} INFO - Started process (PID=1380) to work on /home/airflow/.local/lib/python3.7/site-packages/airflow/example_dags/example_task_group.py
[2023-04-27T05:12:25.958+0000] {processor.py:743} INFO - Processing file /home/airflow/.local/lib/python3.7/site-packages/airflow/example_dags/example_task_group.py for tasks to queue
[2023-04-27T05:12:25.958+0000] {logging_mixin.py:137} INFO - [2023-04-27T05:12:25.958+0000] {dagbag.py:532} INFO - Filling up the DagBag from /home/airflow/.local/lib/python3.7/site-packages/airflow/example_dags/example_task_group.py
[2023-04-27T05:12:25.969+0000] {processor.py:753} INFO - DAG(s) dict_keys(['example_task_group']) retrieved from /home/airflow/.local/lib/python3.7/site-packages/airflow/example_dags/example_task_group.py
[2023-04-27T05:12:25.988+0000] {logging_mixin.py:137} INFO - [2023-04-27T05:12:25.987+0000] {dag.py:2705} INFO - Sync 1 DAGs
[2023-04-27T05:12:26.005+0000] {logging_mixin.py:137} INFO - [2023-04-27T05:12:26.005+0000] {dag.py:3456} INFO - Setting next_dagrun for example_task_group to 2023-04-26T05:12:26.005605+00:00, run_after=2023-04-27T05:12:26.005605+00:00
[2023-04-27T05:12:26.021+0000] {processor.py:175} INFO - Processing /home/airflow/.local/lib/python3.7/site-packages/airflow/example_dags/example_task_group.py took 0.065 seconds
[2023-04-27T05:12:56.234+0000] {processor.py:153} INFO - Started process (PID=1430) to work on /home/airflow/.local/lib/python3.7/site-packages/airflow/example_dags/example_task_group.py
[2023-04-27T05:12:56.234+0000] {processor.py:743} INFO - Processing file /home/airflow/.local/lib/python3.7/site-packages/airflow/example_dags/example_task_group.py for tasks to queue
[2023-04-27T05:12:56.235+0000] {logging_mixin.py:137} INFO - [2023-04-27T05:12:56.235+0000] {dagbag.py:532} INFO - Filling up the DagBag from /home/airflow/.local/lib/python3.7/site-packages/airflow/example_dags/example_task_group.py
[2023-04-27T05:12:56.246+0000] {processor.py:753} INFO - DAG(s) dict_keys(['example_task_group']) retrieved from /home/airflow/.local/lib/python3.7/site-packages/airflow/example_dags/example_task_group.py
[2023-04-27T05:12:56.264+0000] {logging_mixin.py:137} INFO - [2023-04-27T05:12:56.264+0000] {dag.py:2705} INFO - Sync 1 DAGs
[2023-04-27T05:12:56.283+0000] {logging_mixin.py:137} INFO - [2023-04-27T05:12:56.283+0000] {dag.py:3456} INFO - Setting next_dagrun for example_task_group to 2023-04-26T05:12:56.283519+00:00, run_after=2023-04-27T05:12:56.283519+00:00
[2023-04-27T05:12:56.298+0000] {processor.py:175} INFO - Processing /home/airflow/.local/lib/python3.7/site-packages/airflow/example_dags/example_task_group.py took 0.066 seconds
[2023-04-27T05:13:26.672+0000] {processor.py:153} INFO - Started process (PID=1480) to work on /home/airflow/.local/lib/python3.7/site-packages/airflow/example_dags/example_task_group.py
[2023-04-27T05:13:26.672+0000] {processor.py:743} INFO - Processing file /home/airflow/.local/lib/python3.7/site-packages/airflow/example_dags/example_task_group.py for tasks to queue
[2023-04-27T05:13:26.673+0000] {logging_mixin.py:137} INFO - [2023-04-27T05:13:26.672+0000] {dagbag.py:532} INFO - Filling up the DagBag from /home/airflow/.local/lib/python3.7/site-packages/airflow/example_dags/example_task_group.py
[2023-04-27T05:13:26.683+0000] {processor.py:753} INFO - DAG(s) dict_keys(['example_task_group']) retrieved from /home/airflow/.local/lib/python3.7/site-packages/airflow/example_dags/example_task_group.py
[2023-04-27T05:13:26.701+0000] {logging_mixin.py:137} INFO - [2023-04-27T05:13:26.701+0000] {dag.py:2705} INFO - Sync 1 DAGs
[2023-04-27T05:13:26.718+0000] {logging_mixin.py:137} INFO - [2023-04-27T05:13:26.718+0000] {dag.py:3456} INFO - Setting next_dagrun for example_task_group to 2023-04-26T05:13:26.718437+00:00, run_after=2023-04-27T05:13:26.718437+00:00
[2023-04-27T05:13:26.734+0000] {processor.py:175} INFO - Processing /home/airflow/.local/lib/python3.7/site-packages/airflow/example_dags/example_task_group.py took 0.064 seconds
[2023-04-27T05:13:56.868+0000] {processor.py:153} INFO - Started process (PID=1530) to work on /home/airflow/.local/lib/python3.7/site-packages/airflow/example_dags/example_task_group.py
[2023-04-27T05:13:56.868+0000] {processor.py:743} INFO - Processing file /home/airflow/.local/lib/python3.7/site-packages/airflow/example_dags/example_task_group.py for tasks to queue
[2023-04-27T05:13:56.869+0000] {logging_mixin.py:137} INFO - [2023-04-27T05:13:56.869+0000] {dagbag.py:532} INFO - Filling up the DagBag from /home/airflow/.local/lib/python3.7/site-packages/airflow/example_dags/example_task_group.py
[2023-04-27T05:13:56.879+0000] {processor.py:753} INFO - DAG(s) dict_keys(['example_task_group']) retrieved from /home/airflow/.local/lib/python3.7/site-packages/airflow/example_dags/example_task_group.py
[2023-04-27T05:13:56.897+0000] {logging_mixin.py:137} INFO - [2023-04-27T05:13:56.897+0000] {dag.py:2705} INFO - Sync 1 DAGs
[2023-04-27T05:13:56.915+0000] {logging_mixin.py:137} INFO - [2023-04-27T05:13:56.915+0000] {dag.py:3456} INFO - Setting next_dagrun for example_task_group to 2023-04-26T05:13:56.915033+00:00, run_after=2023-04-27T05:13:56.915033+00:00
[2023-04-27T05:13:56.930+0000] {processor.py:175} INFO - Processing /home/airflow/.local/lib/python3.7/site-packages/airflow/example_dags/example_task_group.py took 0.065 seconds
[2023-04-27T05:14:27.151+0000] {processor.py:153} INFO - Started process (PID=1580) to work on /home/airflow/.local/lib/python3.7/site-packages/airflow/example_dags/example_task_group.py
[2023-04-27T05:14:27.152+0000] {processor.py:743} INFO - Processing file /home/airflow/.local/lib/python3.7/site-packages/airflow/example_dags/example_task_group.py for tasks to queue
[2023-04-27T05:14:27.153+0000] {logging_mixin.py:137} INFO - [2023-04-27T05:14:27.152+0000] {dagbag.py:532} INFO - Filling up the DagBag from /home/airflow/.local/lib/python3.7/site-packages/airflow/example_dags/example_task_group.py
[2023-04-27T05:14:27.163+0000] {processor.py:753} INFO - DAG(s) dict_keys(['example_task_group']) retrieved from /home/airflow/.local/lib/python3.7/site-packages/airflow/example_dags/example_task_group.py
[2023-04-27T05:14:27.181+0000] {logging_mixin.py:137} INFO - [2023-04-27T05:14:27.181+0000] {dag.py:2705} INFO - Sync 1 DAGs
[2023-04-27T05:14:27.202+0000] {logging_mixin.py:137} INFO - [2023-04-27T05:14:27.202+0000] {dag.py:3456} INFO - Setting next_dagrun for example_task_group to 2023-04-26T05:14:27.202248+00:00, run_after=2023-04-27T05:14:27.202248+00:00
[2023-04-27T05:14:27.220+0000] {processor.py:175} INFO - Processing /home/airflow/.local/lib/python3.7/site-packages/airflow/example_dags/example_task_group.py took 0.071 seconds
[2023-04-27T05:14:57.353+0000] {processor.py:153} INFO - Started process (PID=1630) to work on /home/airflow/.local/lib/python3.7/site-packages/airflow/example_dags/example_task_group.py
[2023-04-27T05:14:57.353+0000] {processor.py:743} INFO - Processing file /home/airflow/.local/lib/python3.7/site-packages/airflow/example_dags/example_task_group.py for tasks to queue
[2023-04-27T05:14:57.354+0000] {logging_mixin.py:137} INFO - [2023-04-27T05:14:57.354+0000] {dagbag.py:532} INFO - Filling up the DagBag from /home/airflow/.local/lib/python3.7/site-packages/airflow/example_dags/example_task_group.py
[2023-04-27T05:14:57.366+0000] {processor.py:753} INFO - DAG(s) dict_keys(['example_task_group']) retrieved from /home/airflow/.local/lib/python3.7/site-packages/airflow/example_dags/example_task_group.py
[2023-04-27T05:14:57.390+0000] {logging_mixin.py:137} INFO - [2023-04-27T05:14:57.389+0000] {dag.py:2705} INFO - Sync 1 DAGs
[2023-04-27T05:14:57.414+0000] {logging_mixin.py:137} INFO - [2023-04-27T05:14:57.414+0000] {dag.py:3456} INFO - Setting next_dagrun for example_task_group to 2023-04-26T05:14:57.413824+00:00, run_after=2023-04-27T05:14:57.413824+00:00
[2023-04-27T05:14:57.432+0000] {processor.py:175} INFO - Processing /home/airflow/.local/lib/python3.7/site-packages/airflow/example_dags/example_task_group.py took 0.082 seconds
