[2023-04-27T04:59:13.994+0000] {processor.py:153} INFO - Started process (PID=48) to work on /home/airflow/.local/lib/python3.7/site-packages/airflow/example_dags/tutorial.py
[2023-04-27T04:59:13.995+0000] {processor.py:743} INFO - Processing file /home/airflow/.local/lib/python3.7/site-packages/airflow/example_dags/tutorial.py for tasks to queue
[2023-04-27T04:59:13.995+0000] {logging_mixin.py:137} INFO - [2023-04-27T04:59:13.995+0000] {dagbag.py:532} INFO - Filling up the DagBag from /home/airflow/.local/lib/python3.7/site-packages/airflow/example_dags/tutorial.py
[2023-04-27T04:59:14.024+0000] {processor.py:753} INFO - DAG(s) dict_keys(['tutorial']) retrieved from /home/airflow/.local/lib/python3.7/site-packages/airflow/example_dags/tutorial.py
[2023-04-27T04:59:14.050+0000] {logging_mixin.py:137} INFO - [2023-04-27T04:59:14.049+0000] {dag.py:2705} INFO - Sync 1 DAGs
[2023-04-27T04:59:14.077+0000] {logging_mixin.py:137} INFO - [2023-04-27T04:59:14.077+0000] {dag.py:3456} INFO - Setting next_dagrun for tutorial to 2023-04-26T04:59:14.076823+00:00, run_after=2023-04-27T04:59:14.076823+00:00
[2023-04-27T04:59:14.095+0000] {processor.py:175} INFO - Processing /home/airflow/.local/lib/python3.7/site-packages/airflow/example_dags/tutorial.py took 0.103 seconds
[2023-04-27T04:59:44.646+0000] {processor.py:153} INFO - Started process (PID=97) to work on /home/airflow/.local/lib/python3.7/site-packages/airflow/example_dags/tutorial.py
[2023-04-27T04:59:44.652+0000] {processor.py:743} INFO - Processing file /home/airflow/.local/lib/python3.7/site-packages/airflow/example_dags/tutorial.py for tasks to queue
[2023-04-27T04:59:44.652+0000] {logging_mixin.py:137} INFO - [2023-04-27T04:59:44.652+0000] {dagbag.py:532} INFO - Filling up the DagBag from /home/airflow/.local/lib/python3.7/site-packages/airflow/example_dags/tutorial.py
[2023-04-27T04:59:44.662+0000] {processor.py:753} INFO - DAG(s) dict_keys(['tutorial']) retrieved from /home/airflow/.local/lib/python3.7/site-packages/airflow/example_dags/tutorial.py
[2023-04-27T04:59:44.684+0000] {logging_mixin.py:137} INFO - [2023-04-27T04:59:44.684+0000] {dag.py:2705} INFO - Sync 1 DAGs
[2023-04-27T04:59:44.705+0000] {logging_mixin.py:137} INFO - [2023-04-27T04:59:44.705+0000] {dag.py:3456} INFO - Setting next_dagrun for tutorial to 2023-04-26T04:59:44.705211+00:00, run_after=2023-04-27T04:59:44.705211+00:00
[2023-04-27T04:59:44.721+0000] {processor.py:175} INFO - Processing /home/airflow/.local/lib/python3.7/site-packages/airflow/example_dags/tutorial.py took 0.078 seconds
[2023-04-27T05:00:14.870+0000] {processor.py:153} INFO - Started process (PID=147) to work on /home/airflow/.local/lib/python3.7/site-packages/airflow/example_dags/tutorial.py
[2023-04-27T05:00:14.878+0000] {processor.py:743} INFO - Processing file /home/airflow/.local/lib/python3.7/site-packages/airflow/example_dags/tutorial.py for tasks to queue
[2023-04-27T05:00:14.878+0000] {logging_mixin.py:137} INFO - [2023-04-27T05:00:14.878+0000] {dagbag.py:532} INFO - Filling up the DagBag from /home/airflow/.local/lib/python3.7/site-packages/airflow/example_dags/tutorial.py
[2023-04-27T05:00:14.889+0000] {processor.py:753} INFO - DAG(s) dict_keys(['tutorial']) retrieved from /home/airflow/.local/lib/python3.7/site-packages/airflow/example_dags/tutorial.py
[2023-04-27T05:00:14.906+0000] {logging_mixin.py:137} INFO - [2023-04-27T05:00:14.906+0000] {dag.py:2705} INFO - Sync 1 DAGs
[2023-04-27T05:00:14.925+0000] {logging_mixin.py:137} INFO - [2023-04-27T05:00:14.925+0000] {dag.py:3456} INFO - Setting next_dagrun for tutorial to 2023-04-26T05:00:14.925678+00:00, run_after=2023-04-27T05:00:14.925678+00:00
[2023-04-27T05:00:14.940+0000] {processor.py:175} INFO - Processing /home/airflow/.local/lib/python3.7/site-packages/airflow/example_dags/tutorial.py took 0.072 seconds
[2023-04-27T05:00:45.154+0000] {processor.py:153} INFO - Started process (PID=197) to work on /home/airflow/.local/lib/python3.7/site-packages/airflow/example_dags/tutorial.py
[2023-04-27T05:00:45.155+0000] {processor.py:743} INFO - Processing file /home/airflow/.local/lib/python3.7/site-packages/airflow/example_dags/tutorial.py for tasks to queue
[2023-04-27T05:00:45.155+0000] {logging_mixin.py:137} INFO - [2023-04-27T05:00:45.155+0000] {dagbag.py:532} INFO - Filling up the DagBag from /home/airflow/.local/lib/python3.7/site-packages/airflow/example_dags/tutorial.py
[2023-04-27T05:00:45.165+0000] {processor.py:753} INFO - DAG(s) dict_keys(['tutorial']) retrieved from /home/airflow/.local/lib/python3.7/site-packages/airflow/example_dags/tutorial.py
[2023-04-27T05:00:45.182+0000] {logging_mixin.py:137} INFO - [2023-04-27T05:00:45.182+0000] {dag.py:2705} INFO - Sync 1 DAGs
[2023-04-27T05:00:45.199+0000] {logging_mixin.py:137} INFO - [2023-04-27T05:00:45.199+0000] {dag.py:3456} INFO - Setting next_dagrun for tutorial to 2023-04-26T05:00:45.199588+00:00, run_after=2023-04-27T05:00:45.199588+00:00
[2023-04-27T05:00:45.214+0000] {processor.py:175} INFO - Processing /home/airflow/.local/lib/python3.7/site-packages/airflow/example_dags/tutorial.py took 0.062 seconds
[2023-04-27T05:01:15.230+0000] {processor.py:153} INFO - Started process (PID=246) to work on /home/airflow/.local/lib/python3.7/site-packages/airflow/example_dags/tutorial.py
[2023-04-27T05:01:15.239+0000] {processor.py:743} INFO - Processing file /home/airflow/.local/lib/python3.7/site-packages/airflow/example_dags/tutorial.py for tasks to queue
[2023-04-27T05:01:15.240+0000] {logging_mixin.py:137} INFO - [2023-04-27T05:01:15.240+0000] {dagbag.py:532} INFO - Filling up the DagBag from /home/airflow/.local/lib/python3.7/site-packages/airflow/example_dags/tutorial.py
[2023-04-27T05:01:15.254+0000] {processor.py:753} INFO - DAG(s) dict_keys(['tutorial']) retrieved from /home/airflow/.local/lib/python3.7/site-packages/airflow/example_dags/tutorial.py
[2023-04-27T05:01:15.261+0000] {logging_mixin.py:137} INFO - [2023-04-27T05:01:15.261+0000] {dag.py:2705} INFO - Sync 1 DAGs
[2023-04-27T05:01:15.280+0000] {logging_mixin.py:137} INFO - [2023-04-27T05:01:15.280+0000] {dag.py:3456} INFO - Setting next_dagrun for tutorial to 2023-04-26T05:01:15.280539+00:00, run_after=2023-04-27T05:01:15.280539+00:00
[2023-04-27T05:01:15.292+0000] {processor.py:175} INFO - Processing /home/airflow/.local/lib/python3.7/site-packages/airflow/example_dags/tutorial.py took 0.064 seconds
[2023-04-27T05:01:45.524+0000] {processor.py:153} INFO - Started process (PID=296) to work on /home/airflow/.local/lib/python3.7/site-packages/airflow/example_dags/tutorial.py
[2023-04-27T05:01:45.531+0000] {processor.py:743} INFO - Processing file /home/airflow/.local/lib/python3.7/site-packages/airflow/example_dags/tutorial.py for tasks to queue
[2023-04-27T05:01:45.532+0000] {logging_mixin.py:137} INFO - [2023-04-27T05:01:45.532+0000] {dagbag.py:532} INFO - Filling up the DagBag from /home/airflow/.local/lib/python3.7/site-packages/airflow/example_dags/tutorial.py
[2023-04-27T05:01:45.544+0000] {processor.py:753} INFO - DAG(s) dict_keys(['tutorial']) retrieved from /home/airflow/.local/lib/python3.7/site-packages/airflow/example_dags/tutorial.py
[2023-04-27T05:01:45.562+0000] {logging_mixin.py:137} INFO - [2023-04-27T05:01:45.562+0000] {dag.py:2705} INFO - Sync 1 DAGs
[2023-04-27T05:01:45.584+0000] {logging_mixin.py:137} INFO - [2023-04-27T05:01:45.584+0000] {dag.py:3456} INFO - Setting next_dagrun for tutorial to 2023-04-26T05:01:45.584202+00:00, run_after=2023-04-27T05:01:45.584202+00:00
[2023-04-27T05:01:45.604+0000] {processor.py:175} INFO - Processing /home/airflow/.local/lib/python3.7/site-packages/airflow/example_dags/tutorial.py took 0.081 seconds
[2023-04-27T05:02:15.629+0000] {processor.py:153} INFO - Started process (PID=346) to work on /home/airflow/.local/lib/python3.7/site-packages/airflow/example_dags/tutorial.py
[2023-04-27T05:02:15.634+0000] {processor.py:743} INFO - Processing file /home/airflow/.local/lib/python3.7/site-packages/airflow/example_dags/tutorial.py for tasks to queue
[2023-04-27T05:02:15.635+0000] {logging_mixin.py:137} INFO - [2023-04-27T05:02:15.634+0000] {dagbag.py:532} INFO - Filling up the DagBag from /home/airflow/.local/lib/python3.7/site-packages/airflow/example_dags/tutorial.py
[2023-04-27T05:02:15.647+0000] {processor.py:753} INFO - DAG(s) dict_keys(['tutorial']) retrieved from /home/airflow/.local/lib/python3.7/site-packages/airflow/example_dags/tutorial.py
[2023-04-27T05:02:15.670+0000] {logging_mixin.py:137} INFO - [2023-04-27T05:02:15.670+0000] {dag.py:2705} INFO - Sync 1 DAGs
[2023-04-27T05:02:15.693+0000] {logging_mixin.py:137} INFO - [2023-04-27T05:02:15.693+0000] {dag.py:3456} INFO - Setting next_dagrun for tutorial to 2023-04-26T05:02:15.692912+00:00, run_after=2023-04-27T05:02:15.692912+00:00
[2023-04-27T05:02:15.719+0000] {processor.py:175} INFO - Processing /home/airflow/.local/lib/python3.7/site-packages/airflow/example_dags/tutorial.py took 0.093 seconds
[2023-04-27T05:02:46.230+0000] {processor.py:153} INFO - Started process (PID=396) to work on /home/airflow/.local/lib/python3.7/site-packages/airflow/example_dags/tutorial.py
[2023-04-27T05:02:46.231+0000] {processor.py:743} INFO - Processing file /home/airflow/.local/lib/python3.7/site-packages/airflow/example_dags/tutorial.py for tasks to queue
[2023-04-27T05:02:46.231+0000] {logging_mixin.py:137} INFO - [2023-04-27T05:02:46.231+0000] {dagbag.py:532} INFO - Filling up the DagBag from /home/airflow/.local/lib/python3.7/site-packages/airflow/example_dags/tutorial.py
[2023-04-27T05:02:46.242+0000] {processor.py:753} INFO - DAG(s) dict_keys(['tutorial']) retrieved from /home/airflow/.local/lib/python3.7/site-packages/airflow/example_dags/tutorial.py
[2023-04-27T05:02:46.261+0000] {logging_mixin.py:137} INFO - [2023-04-27T05:02:46.261+0000] {dag.py:2705} INFO - Sync 1 DAGs
[2023-04-27T05:02:46.282+0000] {logging_mixin.py:137} INFO - [2023-04-27T05:02:46.282+0000] {dag.py:3456} INFO - Setting next_dagrun for tutorial to 2023-04-26T05:02:46.282533+00:00, run_after=2023-04-27T05:02:46.282533+00:00
[2023-04-27T05:02:46.299+0000] {processor.py:175} INFO - Processing /home/airflow/.local/lib/python3.7/site-packages/airflow/example_dags/tutorial.py took 0.072 seconds
[2023-04-27T05:03:16.908+0000] {processor.py:153} INFO - Started process (PID=446) to work on /home/airflow/.local/lib/python3.7/site-packages/airflow/example_dags/tutorial.py
[2023-04-27T05:03:16.914+0000] {processor.py:743} INFO - Processing file /home/airflow/.local/lib/python3.7/site-packages/airflow/example_dags/tutorial.py for tasks to queue
[2023-04-27T05:03:16.915+0000] {logging_mixin.py:137} INFO - [2023-04-27T05:03:16.915+0000] {dagbag.py:532} INFO - Filling up the DagBag from /home/airflow/.local/lib/python3.7/site-packages/airflow/example_dags/tutorial.py
[2023-04-27T05:03:16.925+0000] {processor.py:753} INFO - DAG(s) dict_keys(['tutorial']) retrieved from /home/airflow/.local/lib/python3.7/site-packages/airflow/example_dags/tutorial.py
[2023-04-27T05:03:16.943+0000] {logging_mixin.py:137} INFO - [2023-04-27T05:03:16.943+0000] {dag.py:2705} INFO - Sync 1 DAGs
[2023-04-27T05:03:16.961+0000] {logging_mixin.py:137} INFO - [2023-04-27T05:03:16.961+0000] {dag.py:3456} INFO - Setting next_dagrun for tutorial to 2023-04-26T05:03:16.961349+00:00, run_after=2023-04-27T05:03:16.961349+00:00
[2023-04-27T05:03:16.976+0000] {processor.py:175} INFO - Processing /home/airflow/.local/lib/python3.7/site-packages/airflow/example_dags/tutorial.py took 0.070 seconds
[2023-04-27T05:03:47.366+0000] {processor.py:153} INFO - Started process (PID=496) to work on /home/airflow/.local/lib/python3.7/site-packages/airflow/example_dags/tutorial.py
[2023-04-27T05:03:47.367+0000] {processor.py:743} INFO - Processing file /home/airflow/.local/lib/python3.7/site-packages/airflow/example_dags/tutorial.py for tasks to queue
[2023-04-27T05:03:47.367+0000] {logging_mixin.py:137} INFO - [2023-04-27T05:03:47.367+0000] {dagbag.py:532} INFO - Filling up the DagBag from /home/airflow/.local/lib/python3.7/site-packages/airflow/example_dags/tutorial.py
[2023-04-27T05:03:47.377+0000] {processor.py:753} INFO - DAG(s) dict_keys(['tutorial']) retrieved from /home/airflow/.local/lib/python3.7/site-packages/airflow/example_dags/tutorial.py
[2023-04-27T05:03:47.396+0000] {logging_mixin.py:137} INFO - [2023-04-27T05:03:47.396+0000] {dag.py:2705} INFO - Sync 1 DAGs
[2023-04-27T05:03:47.415+0000] {logging_mixin.py:137} INFO - [2023-04-27T05:03:47.415+0000] {dag.py:3456} INFO - Setting next_dagrun for tutorial to 2023-04-26T05:03:47.415313+00:00, run_after=2023-04-27T05:03:47.415313+00:00
[2023-04-27T05:03:47.431+0000] {processor.py:175} INFO - Processing /home/airflow/.local/lib/python3.7/site-packages/airflow/example_dags/tutorial.py took 0.067 seconds
[2023-04-27T05:04:17.714+0000] {processor.py:153} INFO - Started process (PID=545) to work on /home/airflow/.local/lib/python3.7/site-packages/airflow/example_dags/tutorial.py
[2023-04-27T05:04:17.721+0000] {processor.py:743} INFO - Processing file /home/airflow/.local/lib/python3.7/site-packages/airflow/example_dags/tutorial.py for tasks to queue
[2023-04-27T05:04:17.722+0000] {logging_mixin.py:137} INFO - [2023-04-27T05:04:17.722+0000] {dagbag.py:532} INFO - Filling up the DagBag from /home/airflow/.local/lib/python3.7/site-packages/airflow/example_dags/tutorial.py
[2023-04-27T05:04:17.744+0000] {processor.py:753} INFO - DAG(s) dict_keys(['tutorial']) retrieved from /home/airflow/.local/lib/python3.7/site-packages/airflow/example_dags/tutorial.py
[2023-04-27T05:04:17.764+0000] {logging_mixin.py:137} INFO - [2023-04-27T05:04:17.764+0000] {dag.py:2705} INFO - Sync 1 DAGs
[2023-04-27T05:04:17.784+0000] {logging_mixin.py:137} INFO - [2023-04-27T05:04:17.784+0000] {dag.py:3456} INFO - Setting next_dagrun for tutorial to 2023-04-26T05:04:17.784530+00:00, run_after=2023-04-27T05:04:17.784530+00:00
[2023-04-27T05:04:17.802+0000] {processor.py:175} INFO - Processing /home/airflow/.local/lib/python3.7/site-packages/airflow/example_dags/tutorial.py took 0.089 seconds
[2023-04-27T05:04:47.903+0000] {processor.py:153} INFO - Started process (PID=595) to work on /home/airflow/.local/lib/python3.7/site-packages/airflow/example_dags/tutorial.py
[2023-04-27T05:04:47.910+0000] {processor.py:743} INFO - Processing file /home/airflow/.local/lib/python3.7/site-packages/airflow/example_dags/tutorial.py for tasks to queue
[2023-04-27T05:04:47.911+0000] {logging_mixin.py:137} INFO - [2023-04-27T05:04:47.911+0000] {dagbag.py:532} INFO - Filling up the DagBag from /home/airflow/.local/lib/python3.7/site-packages/airflow/example_dags/tutorial.py
[2023-04-27T05:04:47.924+0000] {processor.py:753} INFO - DAG(s) dict_keys(['tutorial']) retrieved from /home/airflow/.local/lib/python3.7/site-packages/airflow/example_dags/tutorial.py
[2023-04-27T05:04:47.956+0000] {logging_mixin.py:137} INFO - [2023-04-27T05:04:47.956+0000] {dag.py:2705} INFO - Sync 1 DAGs
[2023-04-27T05:04:47.977+0000] {logging_mixin.py:137} INFO - [2023-04-27T05:04:47.977+0000] {dag.py:3456} INFO - Setting next_dagrun for tutorial to 2023-04-26T05:04:47.977145+00:00, run_after=2023-04-27T05:04:47.977145+00:00
[2023-04-27T05:04:47.993+0000] {processor.py:175} INFO - Processing /home/airflow/.local/lib/python3.7/site-packages/airflow/example_dags/tutorial.py took 0.093 seconds
[2023-04-27T05:05:18.088+0000] {processor.py:153} INFO - Started process (PID=645) to work on /home/airflow/.local/lib/python3.7/site-packages/airflow/example_dags/tutorial.py
[2023-04-27T05:05:18.096+0000] {processor.py:743} INFO - Processing file /home/airflow/.local/lib/python3.7/site-packages/airflow/example_dags/tutorial.py for tasks to queue
[2023-04-27T05:05:18.096+0000] {logging_mixin.py:137} INFO - [2023-04-27T05:05:18.096+0000] {dagbag.py:532} INFO - Filling up the DagBag from /home/airflow/.local/lib/python3.7/site-packages/airflow/example_dags/tutorial.py
[2023-04-27T05:05:18.110+0000] {processor.py:753} INFO - DAG(s) dict_keys(['tutorial']) retrieved from /home/airflow/.local/lib/python3.7/site-packages/airflow/example_dags/tutorial.py
[2023-04-27T05:05:18.128+0000] {logging_mixin.py:137} INFO - [2023-04-27T05:05:18.128+0000] {dag.py:2705} INFO - Sync 1 DAGs
[2023-04-27T05:05:18.148+0000] {logging_mixin.py:137} INFO - [2023-04-27T05:05:18.148+0000] {dag.py:3456} INFO - Setting next_dagrun for tutorial to 2023-04-26T05:05:18.148134+00:00, run_after=2023-04-27T05:05:18.148134+00:00
[2023-04-27T05:05:18.165+0000] {processor.py:175} INFO - Processing /home/airflow/.local/lib/python3.7/site-packages/airflow/example_dags/tutorial.py took 0.078 seconds
[2023-04-27T05:05:48.291+0000] {processor.py:153} INFO - Started process (PID=695) to work on /home/airflow/.local/lib/python3.7/site-packages/airflow/example_dags/tutorial.py
[2023-04-27T05:05:48.298+0000] {processor.py:743} INFO - Processing file /home/airflow/.local/lib/python3.7/site-packages/airflow/example_dags/tutorial.py for tasks to queue
[2023-04-27T05:05:48.299+0000] {logging_mixin.py:137} INFO - [2023-04-27T05:05:48.299+0000] {dagbag.py:532} INFO - Filling up the DagBag from /home/airflow/.local/lib/python3.7/site-packages/airflow/example_dags/tutorial.py
[2023-04-27T05:05:48.308+0000] {processor.py:753} INFO - DAG(s) dict_keys(['tutorial']) retrieved from /home/airflow/.local/lib/python3.7/site-packages/airflow/example_dags/tutorial.py
[2023-04-27T05:05:48.327+0000] {logging_mixin.py:137} INFO - [2023-04-27T05:05:48.327+0000] {dag.py:2705} INFO - Sync 1 DAGs
[2023-04-27T05:05:48.348+0000] {logging_mixin.py:137} INFO - [2023-04-27T05:05:48.348+0000] {dag.py:3456} INFO - Setting next_dagrun for tutorial to 2023-04-26T05:05:48.348236+00:00, run_after=2023-04-27T05:05:48.348236+00:00
[2023-04-27T05:05:48.370+0000] {processor.py:175} INFO - Processing /home/airflow/.local/lib/python3.7/site-packages/airflow/example_dags/tutorial.py took 0.080 seconds
[2023-04-27T05:06:18.535+0000] {processor.py:153} INFO - Started process (PID=745) to work on /home/airflow/.local/lib/python3.7/site-packages/airflow/example_dags/tutorial.py
[2023-04-27T05:06:18.536+0000] {processor.py:743} INFO - Processing file /home/airflow/.local/lib/python3.7/site-packages/airflow/example_dags/tutorial.py for tasks to queue
[2023-04-27T05:06:18.537+0000] {logging_mixin.py:137} INFO - [2023-04-27T05:06:18.536+0000] {dagbag.py:532} INFO - Filling up the DagBag from /home/airflow/.local/lib/python3.7/site-packages/airflow/example_dags/tutorial.py
[2023-04-27T05:06:18.546+0000] {processor.py:753} INFO - DAG(s) dict_keys(['tutorial']) retrieved from /home/airflow/.local/lib/python3.7/site-packages/airflow/example_dags/tutorial.py
[2023-04-27T05:06:18.565+0000] {logging_mixin.py:137} INFO - [2023-04-27T05:06:18.565+0000] {dag.py:2705} INFO - Sync 1 DAGs
[2023-04-27T05:06:18.585+0000] {logging_mixin.py:137} INFO - [2023-04-27T05:06:18.585+0000] {dag.py:3456} INFO - Setting next_dagrun for tutorial to 2023-04-26T05:06:18.584993+00:00, run_after=2023-04-27T05:06:18.584993+00:00
[2023-04-27T05:06:18.602+0000] {processor.py:175} INFO - Processing /home/airflow/.local/lib/python3.7/site-packages/airflow/example_dags/tutorial.py took 0.069 seconds
[2023-04-27T05:06:48.781+0000] {processor.py:153} INFO - Started process (PID=795) to work on /home/airflow/.local/lib/python3.7/site-packages/airflow/example_dags/tutorial.py
[2023-04-27T05:06:48.781+0000] {processor.py:743} INFO - Processing file /home/airflow/.local/lib/python3.7/site-packages/airflow/example_dags/tutorial.py for tasks to queue
[2023-04-27T05:06:48.782+0000] {logging_mixin.py:137} INFO - [2023-04-27T05:06:48.782+0000] {dagbag.py:532} INFO - Filling up the DagBag from /home/airflow/.local/lib/python3.7/site-packages/airflow/example_dags/tutorial.py
[2023-04-27T05:06:48.791+0000] {processor.py:753} INFO - DAG(s) dict_keys(['tutorial']) retrieved from /home/airflow/.local/lib/python3.7/site-packages/airflow/example_dags/tutorial.py
[2023-04-27T05:06:48.810+0000] {logging_mixin.py:137} INFO - [2023-04-27T05:06:48.809+0000] {dag.py:2705} INFO - Sync 1 DAGs
[2023-04-27T05:06:48.829+0000] {logging_mixin.py:137} INFO - [2023-04-27T05:06:48.829+0000] {dag.py:3456} INFO - Setting next_dagrun for tutorial to 2023-04-26T05:06:48.829011+00:00, run_after=2023-04-27T05:06:48.829011+00:00
[2023-04-27T05:06:48.844+0000] {processor.py:175} INFO - Processing /home/airflow/.local/lib/python3.7/site-packages/airflow/example_dags/tutorial.py took 0.065 seconds
[2023-04-27T05:07:18.962+0000] {processor.py:153} INFO - Started process (PID=845) to work on /home/airflow/.local/lib/python3.7/site-packages/airflow/example_dags/tutorial.py
[2023-04-27T05:07:18.962+0000] {processor.py:743} INFO - Processing file /home/airflow/.local/lib/python3.7/site-packages/airflow/example_dags/tutorial.py for tasks to queue
[2023-04-27T05:07:18.963+0000] {logging_mixin.py:137} INFO - [2023-04-27T05:07:18.963+0000] {dagbag.py:532} INFO - Filling up the DagBag from /home/airflow/.local/lib/python3.7/site-packages/airflow/example_dags/tutorial.py
[2023-04-27T05:07:18.973+0000] {processor.py:753} INFO - DAG(s) dict_keys(['tutorial']) retrieved from /home/airflow/.local/lib/python3.7/site-packages/airflow/example_dags/tutorial.py
[2023-04-27T05:07:18.992+0000] {logging_mixin.py:137} INFO - [2023-04-27T05:07:18.991+0000] {dag.py:2705} INFO - Sync 1 DAGs
[2023-04-27T05:07:19.012+0000] {logging_mixin.py:137} INFO - [2023-04-27T05:07:19.012+0000] {dag.py:3456} INFO - Setting next_dagrun for tutorial to 2023-04-26T05:07:19.011939+00:00, run_after=2023-04-27T05:07:19.011939+00:00
[2023-04-27T05:07:19.037+0000] {processor.py:175} INFO - Processing /home/airflow/.local/lib/python3.7/site-packages/airflow/example_dags/tutorial.py took 0.076 seconds
[2023-04-27T05:07:49.106+0000] {processor.py:153} INFO - Started process (PID=895) to work on /home/airflow/.local/lib/python3.7/site-packages/airflow/example_dags/tutorial.py
[2023-04-27T05:07:49.113+0000] {processor.py:743} INFO - Processing file /home/airflow/.local/lib/python3.7/site-packages/airflow/example_dags/tutorial.py for tasks to queue
[2023-04-27T05:07:49.113+0000] {logging_mixin.py:137} INFO - [2023-04-27T05:07:49.113+0000] {dagbag.py:532} INFO - Filling up the DagBag from /home/airflow/.local/lib/python3.7/site-packages/airflow/example_dags/tutorial.py
[2023-04-27T05:07:49.125+0000] {processor.py:753} INFO - DAG(s) dict_keys(['tutorial']) retrieved from /home/airflow/.local/lib/python3.7/site-packages/airflow/example_dags/tutorial.py
[2023-04-27T05:07:49.143+0000] {logging_mixin.py:137} INFO - [2023-04-27T05:07:49.143+0000] {dag.py:2705} INFO - Sync 1 DAGs
[2023-04-27T05:07:49.163+0000] {logging_mixin.py:137} INFO - [2023-04-27T05:07:49.163+0000] {dag.py:3456} INFO - Setting next_dagrun for tutorial to 2023-04-26T05:07:49.162868+00:00, run_after=2023-04-27T05:07:49.162868+00:00
[2023-04-27T05:07:49.179+0000] {processor.py:175} INFO - Processing /home/airflow/.local/lib/python3.7/site-packages/airflow/example_dags/tutorial.py took 0.075 seconds
[2023-04-27T05:08:19.352+0000] {processor.py:153} INFO - Started process (PID=945) to work on /home/airflow/.local/lib/python3.7/site-packages/airflow/example_dags/tutorial.py
[2023-04-27T05:08:19.353+0000] {processor.py:743} INFO - Processing file /home/airflow/.local/lib/python3.7/site-packages/airflow/example_dags/tutorial.py for tasks to queue
[2023-04-27T05:08:19.353+0000] {logging_mixin.py:137} INFO - [2023-04-27T05:08:19.353+0000] {dagbag.py:532} INFO - Filling up the DagBag from /home/airflow/.local/lib/python3.7/site-packages/airflow/example_dags/tutorial.py
[2023-04-27T05:08:19.362+0000] {processor.py:753} INFO - DAG(s) dict_keys(['tutorial']) retrieved from /home/airflow/.local/lib/python3.7/site-packages/airflow/example_dags/tutorial.py
[2023-04-27T05:08:19.379+0000] {logging_mixin.py:137} INFO - [2023-04-27T05:08:19.379+0000] {dag.py:2705} INFO - Sync 1 DAGs
[2023-04-27T05:08:19.397+0000] {logging_mixin.py:137} INFO - [2023-04-27T05:08:19.397+0000] {dag.py:3456} INFO - Setting next_dagrun for tutorial to 2023-04-26T05:08:19.397265+00:00, run_after=2023-04-27T05:08:19.397265+00:00
[2023-04-27T05:08:19.412+0000] {processor.py:175} INFO - Processing /home/airflow/.local/lib/python3.7/site-packages/airflow/example_dags/tutorial.py took 0.062 seconds
[2023-04-27T05:08:49.598+0000] {processor.py:153} INFO - Started process (PID=995) to work on /home/airflow/.local/lib/python3.7/site-packages/airflow/example_dags/tutorial.py
[2023-04-27T05:08:49.599+0000] {processor.py:743} INFO - Processing file /home/airflow/.local/lib/python3.7/site-packages/airflow/example_dags/tutorial.py for tasks to queue
[2023-04-27T05:08:49.599+0000] {logging_mixin.py:137} INFO - [2023-04-27T05:08:49.599+0000] {dagbag.py:532} INFO - Filling up the DagBag from /home/airflow/.local/lib/python3.7/site-packages/airflow/example_dags/tutorial.py
[2023-04-27T05:08:49.608+0000] {processor.py:753} INFO - DAG(s) dict_keys(['tutorial']) retrieved from /home/airflow/.local/lib/python3.7/site-packages/airflow/example_dags/tutorial.py
[2023-04-27T05:08:49.625+0000] {logging_mixin.py:137} INFO - [2023-04-27T05:08:49.625+0000] {dag.py:2705} INFO - Sync 1 DAGs
[2023-04-27T05:08:49.643+0000] {logging_mixin.py:137} INFO - [2023-04-27T05:08:49.643+0000] {dag.py:3456} INFO - Setting next_dagrun for tutorial to 2023-04-26T05:08:49.643291+00:00, run_after=2023-04-27T05:08:49.643291+00:00
[2023-04-27T05:08:49.660+0000] {processor.py:175} INFO - Processing /home/airflow/.local/lib/python3.7/site-packages/airflow/example_dags/tutorial.py took 0.064 seconds
[2023-04-27T05:09:19.842+0000] {processor.py:153} INFO - Started process (PID=1045) to work on /home/airflow/.local/lib/python3.7/site-packages/airflow/example_dags/tutorial.py
[2023-04-27T05:09:19.850+0000] {processor.py:743} INFO - Processing file /home/airflow/.local/lib/python3.7/site-packages/airflow/example_dags/tutorial.py for tasks to queue
[2023-04-27T05:09:19.851+0000] {logging_mixin.py:137} INFO - [2023-04-27T05:09:19.850+0000] {dagbag.py:532} INFO - Filling up the DagBag from /home/airflow/.local/lib/python3.7/site-packages/airflow/example_dags/tutorial.py
[2023-04-27T05:09:19.862+0000] {processor.py:753} INFO - DAG(s) dict_keys(['tutorial']) retrieved from /home/airflow/.local/lib/python3.7/site-packages/airflow/example_dags/tutorial.py
[2023-04-27T05:09:19.880+0000] {logging_mixin.py:137} INFO - [2023-04-27T05:09:19.879+0000] {dag.py:2705} INFO - Sync 1 DAGs
[2023-04-27T05:09:19.900+0000] {logging_mixin.py:137} INFO - [2023-04-27T05:09:19.900+0000] {dag.py:3456} INFO - Setting next_dagrun for tutorial to 2023-04-26T05:09:19.900297+00:00, run_after=2023-04-27T05:09:19.900297+00:00
[2023-04-27T05:09:19.917+0000] {processor.py:175} INFO - Processing /home/airflow/.local/lib/python3.7/site-packages/airflow/example_dags/tutorial.py took 0.076 seconds
[2023-04-27T05:09:50.154+0000] {processor.py:153} INFO - Started process (PID=1095) to work on /home/airflow/.local/lib/python3.7/site-packages/airflow/example_dags/tutorial.py
[2023-04-27T05:09:50.162+0000] {processor.py:743} INFO - Processing file /home/airflow/.local/lib/python3.7/site-packages/airflow/example_dags/tutorial.py for tasks to queue
[2023-04-27T05:09:50.163+0000] {logging_mixin.py:137} INFO - [2023-04-27T05:09:50.162+0000] {dagbag.py:532} INFO - Filling up the DagBag from /home/airflow/.local/lib/python3.7/site-packages/airflow/example_dags/tutorial.py
[2023-04-27T05:09:50.174+0000] {processor.py:753} INFO - DAG(s) dict_keys(['tutorial']) retrieved from /home/airflow/.local/lib/python3.7/site-packages/airflow/example_dags/tutorial.py
[2023-04-27T05:09:50.191+0000] {logging_mixin.py:137} INFO - [2023-04-27T05:09:50.191+0000] {dag.py:2705} INFO - Sync 1 DAGs
[2023-04-27T05:09:50.209+0000] {logging_mixin.py:137} INFO - [2023-04-27T05:09:50.209+0000] {dag.py:3456} INFO - Setting next_dagrun for tutorial to 2023-04-26T05:09:50.209155+00:00, run_after=2023-04-27T05:09:50.209155+00:00
[2023-04-27T05:09:50.223+0000] {processor.py:175} INFO - Processing /home/airflow/.local/lib/python3.7/site-packages/airflow/example_dags/tutorial.py took 0.071 seconds
[2023-04-27T05:10:20.314+0000] {processor.py:153} INFO - Started process (PID=1145) to work on /home/airflow/.local/lib/python3.7/site-packages/airflow/example_dags/tutorial.py
[2023-04-27T05:10:20.322+0000] {processor.py:743} INFO - Processing file /home/airflow/.local/lib/python3.7/site-packages/airflow/example_dags/tutorial.py for tasks to queue
[2023-04-27T05:10:20.323+0000] {logging_mixin.py:137} INFO - [2023-04-27T05:10:20.323+0000] {dagbag.py:532} INFO - Filling up the DagBag from /home/airflow/.local/lib/python3.7/site-packages/airflow/example_dags/tutorial.py
[2023-04-27T05:10:20.334+0000] {processor.py:753} INFO - DAG(s) dict_keys(['tutorial']) retrieved from /home/airflow/.local/lib/python3.7/site-packages/airflow/example_dags/tutorial.py
[2023-04-27T05:10:20.351+0000] {logging_mixin.py:137} INFO - [2023-04-27T05:10:20.351+0000] {dag.py:2705} INFO - Sync 1 DAGs
[2023-04-27T05:10:20.370+0000] {logging_mixin.py:137} INFO - [2023-04-27T05:10:20.370+0000] {dag.py:3456} INFO - Setting next_dagrun for tutorial to 2023-04-26T05:10:20.369888+00:00, run_after=2023-04-27T05:10:20.369888+00:00
[2023-04-27T05:10:20.385+0000] {processor.py:175} INFO - Processing /home/airflow/.local/lib/python3.7/site-packages/airflow/example_dags/tutorial.py took 0.072 seconds
[2023-04-27T05:10:50.537+0000] {processor.py:153} INFO - Started process (PID=1194) to work on /home/airflow/.local/lib/python3.7/site-packages/airflow/example_dags/tutorial.py
[2023-04-27T05:10:50.539+0000] {processor.py:743} INFO - Processing file /home/airflow/.local/lib/python3.7/site-packages/airflow/example_dags/tutorial.py for tasks to queue
[2023-04-27T05:10:50.540+0000] {logging_mixin.py:137} INFO - [2023-04-27T05:10:50.539+0000] {dagbag.py:532} INFO - Filling up the DagBag from /home/airflow/.local/lib/python3.7/site-packages/airflow/example_dags/tutorial.py
[2023-04-27T05:10:50.550+0000] {processor.py:753} INFO - DAG(s) dict_keys(['tutorial']) retrieved from /home/airflow/.local/lib/python3.7/site-packages/airflow/example_dags/tutorial.py
[2023-04-27T05:10:50.568+0000] {logging_mixin.py:137} INFO - [2023-04-27T05:10:50.568+0000] {dag.py:2705} INFO - Sync 1 DAGs
[2023-04-27T05:10:50.586+0000] {logging_mixin.py:137} INFO - [2023-04-27T05:10:50.586+0000] {dag.py:3456} INFO - Setting next_dagrun for tutorial to 2023-04-26T05:10:50.586605+00:00, run_after=2023-04-27T05:10:50.586605+00:00
[2023-04-27T05:10:50.600+0000] {processor.py:175} INFO - Processing /home/airflow/.local/lib/python3.7/site-packages/airflow/example_dags/tutorial.py took 0.067 seconds
[2023-04-27T05:11:20.814+0000] {processor.py:153} INFO - Started process (PID=1244) to work on /home/airflow/.local/lib/python3.7/site-packages/airflow/example_dags/tutorial.py
[2023-04-27T05:11:20.814+0000] {processor.py:743} INFO - Processing file /home/airflow/.local/lib/python3.7/site-packages/airflow/example_dags/tutorial.py for tasks to queue
[2023-04-27T05:11:20.814+0000] {logging_mixin.py:137} INFO - [2023-04-27T05:11:20.814+0000] {dagbag.py:532} INFO - Filling up the DagBag from /home/airflow/.local/lib/python3.7/site-packages/airflow/example_dags/tutorial.py
[2023-04-27T05:11:20.823+0000] {processor.py:753} INFO - DAG(s) dict_keys(['tutorial']) retrieved from /home/airflow/.local/lib/python3.7/site-packages/airflow/example_dags/tutorial.py
[2023-04-27T05:11:20.840+0000] {logging_mixin.py:137} INFO - [2023-04-27T05:11:20.840+0000] {dag.py:2705} INFO - Sync 1 DAGs
[2023-04-27T05:11:20.858+0000] {logging_mixin.py:137} INFO - [2023-04-27T05:11:20.858+0000] {dag.py:3456} INFO - Setting next_dagrun for tutorial to 2023-04-26T05:11:20.858307+00:00, run_after=2023-04-27T05:11:20.858307+00:00
[2023-04-27T05:11:20.873+0000] {processor.py:175} INFO - Processing /home/airflow/.local/lib/python3.7/site-packages/airflow/example_dags/tutorial.py took 0.061 seconds
[2023-04-27T05:11:51.063+0000] {processor.py:153} INFO - Started process (PID=1294) to work on /home/airflow/.local/lib/python3.7/site-packages/airflow/example_dags/tutorial.py
[2023-04-27T05:11:51.070+0000] {processor.py:743} INFO - Processing file /home/airflow/.local/lib/python3.7/site-packages/airflow/example_dags/tutorial.py for tasks to queue
[2023-04-27T05:11:51.071+0000] {logging_mixin.py:137} INFO - [2023-04-27T05:11:51.071+0000] {dagbag.py:532} INFO - Filling up the DagBag from /home/airflow/.local/lib/python3.7/site-packages/airflow/example_dags/tutorial.py
[2023-04-27T05:11:51.083+0000] {processor.py:753} INFO - DAG(s) dict_keys(['tutorial']) retrieved from /home/airflow/.local/lib/python3.7/site-packages/airflow/example_dags/tutorial.py
[2023-04-27T05:11:51.103+0000] {logging_mixin.py:137} INFO - [2023-04-27T05:11:51.103+0000] {dag.py:2705} INFO - Sync 1 DAGs
[2023-04-27T05:11:51.121+0000] {logging_mixin.py:137} INFO - [2023-04-27T05:11:51.121+0000] {dag.py:3456} INFO - Setting next_dagrun for tutorial to 2023-04-26T05:11:51.121353+00:00, run_after=2023-04-27T05:11:51.121353+00:00
[2023-04-27T05:11:51.136+0000] {processor.py:175} INFO - Processing /home/airflow/.local/lib/python3.7/site-packages/airflow/example_dags/tutorial.py took 0.074 seconds
[2023-04-27T05:12:21.304+0000] {processor.py:153} INFO - Started process (PID=1344) to work on /home/airflow/.local/lib/python3.7/site-packages/airflow/example_dags/tutorial.py
[2023-04-27T05:12:21.311+0000] {processor.py:743} INFO - Processing file /home/airflow/.local/lib/python3.7/site-packages/airflow/example_dags/tutorial.py for tasks to queue
[2023-04-27T05:12:21.312+0000] {logging_mixin.py:137} INFO - [2023-04-27T05:12:21.312+0000] {dagbag.py:532} INFO - Filling up the DagBag from /home/airflow/.local/lib/python3.7/site-packages/airflow/example_dags/tutorial.py
[2023-04-27T05:12:21.324+0000] {processor.py:753} INFO - DAG(s) dict_keys(['tutorial']) retrieved from /home/airflow/.local/lib/python3.7/site-packages/airflow/example_dags/tutorial.py
[2023-04-27T05:12:21.342+0000] {logging_mixin.py:137} INFO - [2023-04-27T05:12:21.342+0000] {dag.py:2705} INFO - Sync 1 DAGs
[2023-04-27T05:12:21.360+0000] {logging_mixin.py:137} INFO - [2023-04-27T05:12:21.359+0000] {dag.py:3456} INFO - Setting next_dagrun for tutorial to 2023-04-26T05:12:21.359822+00:00, run_after=2023-04-27T05:12:21.359822+00:00
[2023-04-27T05:12:21.376+0000] {processor.py:175} INFO - Processing /home/airflow/.local/lib/python3.7/site-packages/airflow/example_dags/tutorial.py took 0.074 seconds
[2023-04-27T05:12:51.498+0000] {processor.py:153} INFO - Started process (PID=1394) to work on /home/airflow/.local/lib/python3.7/site-packages/airflow/example_dags/tutorial.py
[2023-04-27T05:12:51.504+0000] {processor.py:743} INFO - Processing file /home/airflow/.local/lib/python3.7/site-packages/airflow/example_dags/tutorial.py for tasks to queue
[2023-04-27T05:12:51.505+0000] {logging_mixin.py:137} INFO - [2023-04-27T05:12:51.505+0000] {dagbag.py:532} INFO - Filling up the DagBag from /home/airflow/.local/lib/python3.7/site-packages/airflow/example_dags/tutorial.py
[2023-04-27T05:12:51.517+0000] {processor.py:753} INFO - DAG(s) dict_keys(['tutorial']) retrieved from /home/airflow/.local/lib/python3.7/site-packages/airflow/example_dags/tutorial.py
[2023-04-27T05:12:51.537+0000] {logging_mixin.py:137} INFO - [2023-04-27T05:12:51.537+0000] {dag.py:2705} INFO - Sync 1 DAGs
[2023-04-27T05:12:51.556+0000] {logging_mixin.py:137} INFO - [2023-04-27T05:12:51.556+0000] {dag.py:3456} INFO - Setting next_dagrun for tutorial to 2023-04-26T05:12:51.556453+00:00, run_after=2023-04-27T05:12:51.556453+00:00
[2023-04-27T05:12:51.571+0000] {processor.py:175} INFO - Processing /home/airflow/.local/lib/python3.7/site-packages/airflow/example_dags/tutorial.py took 0.075 seconds
[2023-04-27T05:13:21.761+0000] {processor.py:153} INFO - Started process (PID=1444) to work on /home/airflow/.local/lib/python3.7/site-packages/airflow/example_dags/tutorial.py
[2023-04-27T05:13:21.768+0000] {processor.py:743} INFO - Processing file /home/airflow/.local/lib/python3.7/site-packages/airflow/example_dags/tutorial.py for tasks to queue
[2023-04-27T05:13:21.768+0000] {logging_mixin.py:137} INFO - [2023-04-27T05:13:21.768+0000] {dagbag.py:532} INFO - Filling up the DagBag from /home/airflow/.local/lib/python3.7/site-packages/airflow/example_dags/tutorial.py
[2023-04-27T05:13:21.779+0000] {processor.py:753} INFO - DAG(s) dict_keys(['tutorial']) retrieved from /home/airflow/.local/lib/python3.7/site-packages/airflow/example_dags/tutorial.py
[2023-04-27T05:13:21.801+0000] {logging_mixin.py:137} INFO - [2023-04-27T05:13:21.801+0000] {dag.py:2705} INFO - Sync 1 DAGs
[2023-04-27T05:13:21.823+0000] {logging_mixin.py:137} INFO - [2023-04-27T05:13:21.822+0000] {dag.py:3456} INFO - Setting next_dagrun for tutorial to 2023-04-26T05:13:21.822786+00:00, run_after=2023-04-27T05:13:21.822786+00:00
[2023-04-27T05:13:21.841+0000] {processor.py:175} INFO - Processing /home/airflow/.local/lib/python3.7/site-packages/airflow/example_dags/tutorial.py took 0.081 seconds
[2023-04-27T05:13:51.977+0000] {processor.py:153} INFO - Started process (PID=1494) to work on /home/airflow/.local/lib/python3.7/site-packages/airflow/example_dags/tutorial.py
[2023-04-27T05:13:51.984+0000] {processor.py:743} INFO - Processing file /home/airflow/.local/lib/python3.7/site-packages/airflow/example_dags/tutorial.py for tasks to queue
[2023-04-27T05:13:51.985+0000] {logging_mixin.py:137} INFO - [2023-04-27T05:13:51.985+0000] {dagbag.py:532} INFO - Filling up the DagBag from /home/airflow/.local/lib/python3.7/site-packages/airflow/example_dags/tutorial.py
[2023-04-27T05:13:51.995+0000] {processor.py:753} INFO - DAG(s) dict_keys(['tutorial']) retrieved from /home/airflow/.local/lib/python3.7/site-packages/airflow/example_dags/tutorial.py
[2023-04-27T05:13:52.012+0000] {logging_mixin.py:137} INFO - [2023-04-27T05:13:52.012+0000] {dag.py:2705} INFO - Sync 1 DAGs
[2023-04-27T05:13:52.030+0000] {logging_mixin.py:137} INFO - [2023-04-27T05:13:52.030+0000] {dag.py:3456} INFO - Setting next_dagrun for tutorial to 2023-04-26T05:13:52.030367+00:00, run_after=2023-04-27T05:13:52.030367+00:00
[2023-04-27T05:13:52.044+0000] {processor.py:175} INFO - Processing /home/airflow/.local/lib/python3.7/site-packages/airflow/example_dags/tutorial.py took 0.069 seconds
[2023-04-27T05:14:22.206+0000] {processor.py:153} INFO - Started process (PID=1544) to work on /home/airflow/.local/lib/python3.7/site-packages/airflow/example_dags/tutorial.py
[2023-04-27T05:14:22.207+0000] {processor.py:743} INFO - Processing file /home/airflow/.local/lib/python3.7/site-packages/airflow/example_dags/tutorial.py for tasks to queue
[2023-04-27T05:14:22.207+0000] {logging_mixin.py:137} INFO - [2023-04-27T05:14:22.207+0000] {dagbag.py:532} INFO - Filling up the DagBag from /home/airflow/.local/lib/python3.7/site-packages/airflow/example_dags/tutorial.py
[2023-04-27T05:14:22.218+0000] {processor.py:753} INFO - DAG(s) dict_keys(['tutorial']) retrieved from /home/airflow/.local/lib/python3.7/site-packages/airflow/example_dags/tutorial.py
[2023-04-27T05:14:22.238+0000] {logging_mixin.py:137} INFO - [2023-04-27T05:14:22.238+0000] {dag.py:2705} INFO - Sync 1 DAGs
[2023-04-27T05:14:22.260+0000] {logging_mixin.py:137} INFO - [2023-04-27T05:14:22.260+0000] {dag.py:3456} INFO - Setting next_dagrun for tutorial to 2023-04-26T05:14:22.260006+00:00, run_after=2023-04-27T05:14:22.260006+00:00
[2023-04-27T05:14:22.277+0000] {processor.py:175} INFO - Processing /home/airflow/.local/lib/python3.7/site-packages/airflow/example_dags/tutorial.py took 0.073 seconds
[2023-04-27T05:14:52.446+0000] {processor.py:153} INFO - Started process (PID=1593) to work on /home/airflow/.local/lib/python3.7/site-packages/airflow/example_dags/tutorial.py
[2023-04-27T05:14:52.446+0000] {processor.py:743} INFO - Processing file /home/airflow/.local/lib/python3.7/site-packages/airflow/example_dags/tutorial.py for tasks to queue
[2023-04-27T05:14:52.447+0000] {logging_mixin.py:137} INFO - [2023-04-27T05:14:52.447+0000] {dagbag.py:532} INFO - Filling up the DagBag from /home/airflow/.local/lib/python3.7/site-packages/airflow/example_dags/tutorial.py
[2023-04-27T05:14:52.457+0000] {processor.py:753} INFO - DAG(s) dict_keys(['tutorial']) retrieved from /home/airflow/.local/lib/python3.7/site-packages/airflow/example_dags/tutorial.py
[2023-04-27T05:14:52.477+0000] {logging_mixin.py:137} INFO - [2023-04-27T05:14:52.477+0000] {dag.py:2705} INFO - Sync 1 DAGs
[2023-04-27T05:14:52.500+0000] {logging_mixin.py:137} INFO - [2023-04-27T05:14:52.500+0000] {dag.py:3456} INFO - Setting next_dagrun for tutorial to 2023-04-26T05:14:52.500075+00:00, run_after=2023-04-27T05:14:52.500075+00:00
[2023-04-27T05:14:52.519+0000] {processor.py:175} INFO - Processing /home/airflow/.local/lib/python3.7/site-packages/airflow/example_dags/tutorial.py took 0.076 seconds
