[2023-04-27T04:59:14.965+0000] {processor.py:153} INFO - Started process (PID=68) to work on /home/airflow/.local/lib/python3.7/site-packages/airflow/example_dags/tutorial_dag.py
[2023-04-27T04:59:14.965+0000] {processor.py:743} INFO - Processing file /home/airflow/.local/lib/python3.7/site-packages/airflow/example_dags/tutorial_dag.py for tasks to queue
[2023-04-27T04:59:14.966+0000] {logging_mixin.py:137} INFO - [2023-04-27T04:59:14.966+0000] {dagbag.py:532} INFO - Filling up the DagBag from /home/airflow/.local/lib/python3.7/site-packages/airflow/example_dags/tutorial_dag.py
[2023-04-27T04:59:14.978+0000] {processor.py:753} INFO - DAG(s) dict_keys(['tutorial_dag']) retrieved from /home/airflow/.local/lib/python3.7/site-packages/airflow/example_dags/tutorial_dag.py
[2023-04-27T04:59:14.988+0000] {logging_mixin.py:137} INFO - [2023-04-27T04:59:14.988+0000] {dag.py:2705} INFO - Sync 1 DAGs
[2023-04-27T04:59:15.009+0000] {logging_mixin.py:137} INFO - [2023-04-27T04:59:15.009+0000] {dag.py:3456} INFO - Setting next_dagrun for tutorial_dag to None, run_after=None
[2023-04-27T04:59:15.027+0000] {processor.py:175} INFO - Processing /home/airflow/.local/lib/python3.7/site-packages/airflow/example_dags/tutorial_dag.py took 0.065 seconds
[2023-04-27T04:59:45.732+0000] {processor.py:153} INFO - Started process (PID=117) to work on /home/airflow/.local/lib/python3.7/site-packages/airflow/example_dags/tutorial_dag.py
[2023-04-27T04:59:45.733+0000] {processor.py:743} INFO - Processing file /home/airflow/.local/lib/python3.7/site-packages/airflow/example_dags/tutorial_dag.py for tasks to queue
[2023-04-27T04:59:45.733+0000] {logging_mixin.py:137} INFO - [2023-04-27T04:59:45.733+0000] {dagbag.py:532} INFO - Filling up the DagBag from /home/airflow/.local/lib/python3.7/site-packages/airflow/example_dags/tutorial_dag.py
[2023-04-27T04:59:45.742+0000] {processor.py:753} INFO - DAG(s) dict_keys(['tutorial_dag']) retrieved from /home/airflow/.local/lib/python3.7/site-packages/airflow/example_dags/tutorial_dag.py
[2023-04-27T04:59:45.762+0000] {logging_mixin.py:137} INFO - [2023-04-27T04:59:45.762+0000] {dag.py:2705} INFO - Sync 1 DAGs
[2023-04-27T04:59:45.783+0000] {logging_mixin.py:137} INFO - [2023-04-27T04:59:45.783+0000] {dag.py:3456} INFO - Setting next_dagrun for tutorial_dag to None, run_after=None
[2023-04-27T04:59:45.800+0000] {processor.py:175} INFO - Processing /home/airflow/.local/lib/python3.7/site-packages/airflow/example_dags/tutorial_dag.py took 0.071 seconds
[2023-04-27T05:00:15.855+0000] {processor.py:153} INFO - Started process (PID=167) to work on /home/airflow/.local/lib/python3.7/site-packages/airflow/example_dags/tutorial_dag.py
[2023-04-27T05:00:15.855+0000] {processor.py:743} INFO - Processing file /home/airflow/.local/lib/python3.7/site-packages/airflow/example_dags/tutorial_dag.py for tasks to queue
[2023-04-27T05:00:15.855+0000] {logging_mixin.py:137} INFO - [2023-04-27T05:00:15.855+0000] {dagbag.py:532} INFO - Filling up the DagBag from /home/airflow/.local/lib/python3.7/site-packages/airflow/example_dags/tutorial_dag.py
[2023-04-27T05:00:15.866+0000] {processor.py:753} INFO - DAG(s) dict_keys(['tutorial_dag']) retrieved from /home/airflow/.local/lib/python3.7/site-packages/airflow/example_dags/tutorial_dag.py
[2023-04-27T05:00:15.885+0000] {logging_mixin.py:137} INFO - [2023-04-27T05:00:15.885+0000] {dag.py:2705} INFO - Sync 1 DAGs
[2023-04-27T05:00:15.904+0000] {logging_mixin.py:137} INFO - [2023-04-27T05:00:15.904+0000] {dag.py:3456} INFO - Setting next_dagrun for tutorial_dag to None, run_after=None
[2023-04-27T05:00:15.919+0000] {processor.py:175} INFO - Processing /home/airflow/.local/lib/python3.7/site-packages/airflow/example_dags/tutorial_dag.py took 0.067 seconds
[2023-04-27T05:00:46.112+0000] {processor.py:153} INFO - Started process (PID=217) to work on /home/airflow/.local/lib/python3.7/site-packages/airflow/example_dags/tutorial_dag.py
[2023-04-27T05:00:46.112+0000] {processor.py:743} INFO - Processing file /home/airflow/.local/lib/python3.7/site-packages/airflow/example_dags/tutorial_dag.py for tasks to queue
[2023-04-27T05:00:46.113+0000] {logging_mixin.py:137} INFO - [2023-04-27T05:00:46.113+0000] {dagbag.py:532} INFO - Filling up the DagBag from /home/airflow/.local/lib/python3.7/site-packages/airflow/example_dags/tutorial_dag.py
[2023-04-27T05:00:46.122+0000] {processor.py:753} INFO - DAG(s) dict_keys(['tutorial_dag']) retrieved from /home/airflow/.local/lib/python3.7/site-packages/airflow/example_dags/tutorial_dag.py
[2023-04-27T05:00:46.141+0000] {logging_mixin.py:137} INFO - [2023-04-27T05:00:46.141+0000] {dag.py:2705} INFO - Sync 1 DAGs
[2023-04-27T05:00:46.159+0000] {logging_mixin.py:137} INFO - [2023-04-27T05:00:46.159+0000] {dag.py:3456} INFO - Setting next_dagrun for tutorial_dag to None, run_after=None
[2023-04-27T05:00:46.174+0000] {processor.py:175} INFO - Processing /home/airflow/.local/lib/python3.7/site-packages/airflow/example_dags/tutorial_dag.py took 0.064 seconds
[2023-04-27T05:01:16.302+0000] {processor.py:153} INFO - Started process (PID=267) to work on /home/airflow/.local/lib/python3.7/site-packages/airflow/example_dags/tutorial_dag.py
[2023-04-27T05:01:16.302+0000] {processor.py:743} INFO - Processing file /home/airflow/.local/lib/python3.7/site-packages/airflow/example_dags/tutorial_dag.py for tasks to queue
[2023-04-27T05:01:16.303+0000] {logging_mixin.py:137} INFO - [2023-04-27T05:01:16.303+0000] {dagbag.py:532} INFO - Filling up the DagBag from /home/airflow/.local/lib/python3.7/site-packages/airflow/example_dags/tutorial_dag.py
[2023-04-27T05:01:16.309+0000] {processor.py:753} INFO - DAG(s) dict_keys(['tutorial_dag']) retrieved from /home/airflow/.local/lib/python3.7/site-packages/airflow/example_dags/tutorial_dag.py
[2023-04-27T05:01:16.316+0000] {logging_mixin.py:137} INFO - [2023-04-27T05:01:16.316+0000] {dag.py:2705} INFO - Sync 1 DAGs
[2023-04-27T05:01:16.332+0000] {logging_mixin.py:137} INFO - [2023-04-27T05:01:16.332+0000] {dag.py:3456} INFO - Setting next_dagrun for tutorial_dag to None, run_after=None
[2023-04-27T05:01:16.343+0000] {processor.py:175} INFO - Processing /home/airflow/.local/lib/python3.7/site-packages/airflow/example_dags/tutorial_dag.py took 0.043 seconds
[2023-04-27T05:01:46.631+0000] {processor.py:153} INFO - Started process (PID=316) to work on /home/airflow/.local/lib/python3.7/site-packages/airflow/example_dags/tutorial_dag.py
[2023-04-27T05:01:46.632+0000] {processor.py:743} INFO - Processing file /home/airflow/.local/lib/python3.7/site-packages/airflow/example_dags/tutorial_dag.py for tasks to queue
[2023-04-27T05:01:46.632+0000] {logging_mixin.py:137} INFO - [2023-04-27T05:01:46.632+0000] {dagbag.py:532} INFO - Filling up the DagBag from /home/airflow/.local/lib/python3.7/site-packages/airflow/example_dags/tutorial_dag.py
[2023-04-27T05:01:46.639+0000] {processor.py:753} INFO - DAG(s) dict_keys(['tutorial_dag']) retrieved from /home/airflow/.local/lib/python3.7/site-packages/airflow/example_dags/tutorial_dag.py
[2023-04-27T05:01:46.654+0000] {logging_mixin.py:137} INFO - [2023-04-27T05:01:46.654+0000] {dag.py:2705} INFO - Sync 1 DAGs
[2023-04-27T05:01:46.669+0000] {logging_mixin.py:137} INFO - [2023-04-27T05:01:46.669+0000] {dag.py:3456} INFO - Setting next_dagrun for tutorial_dag to None, run_after=None
[2023-04-27T05:01:46.685+0000] {processor.py:175} INFO - Processing /home/airflow/.local/lib/python3.7/site-packages/airflow/example_dags/tutorial_dag.py took 0.055 seconds
[2023-04-27T05:02:17.081+0000] {processor.py:153} INFO - Started process (PID=366) to work on /home/airflow/.local/lib/python3.7/site-packages/airflow/example_dags/tutorial_dag.py
[2023-04-27T05:02:17.081+0000] {processor.py:743} INFO - Processing file /home/airflow/.local/lib/python3.7/site-packages/airflow/example_dags/tutorial_dag.py for tasks to queue
[2023-04-27T05:02:17.082+0000] {logging_mixin.py:137} INFO - [2023-04-27T05:02:17.082+0000] {dagbag.py:532} INFO - Filling up the DagBag from /home/airflow/.local/lib/python3.7/site-packages/airflow/example_dags/tutorial_dag.py
[2023-04-27T05:02:17.092+0000] {processor.py:753} INFO - DAG(s) dict_keys(['tutorial_dag']) retrieved from /home/airflow/.local/lib/python3.7/site-packages/airflow/example_dags/tutorial_dag.py
[2023-04-27T05:02:17.115+0000] {logging_mixin.py:137} INFO - [2023-04-27T05:02:17.114+0000] {dag.py:2705} INFO - Sync 1 DAGs
[2023-04-27T05:02:17.135+0000] {logging_mixin.py:137} INFO - [2023-04-27T05:02:17.135+0000] {dag.py:3456} INFO - Setting next_dagrun for tutorial_dag to None, run_after=None
[2023-04-27T05:02:17.157+0000] {processor.py:175} INFO - Processing /home/airflow/.local/lib/python3.7/site-packages/airflow/example_dags/tutorial_dag.py took 0.078 seconds
[2023-04-27T05:02:47.611+0000] {processor.py:153} INFO - Started process (PID=416) to work on /home/airflow/.local/lib/python3.7/site-packages/airflow/example_dags/tutorial_dag.py
[2023-04-27T05:02:47.611+0000] {processor.py:743} INFO - Processing file /home/airflow/.local/lib/python3.7/site-packages/airflow/example_dags/tutorial_dag.py for tasks to queue
[2023-04-27T05:02:47.612+0000] {logging_mixin.py:137} INFO - [2023-04-27T05:02:47.612+0000] {dagbag.py:532} INFO - Filling up the DagBag from /home/airflow/.local/lib/python3.7/site-packages/airflow/example_dags/tutorial_dag.py
[2023-04-27T05:02:47.624+0000] {processor.py:753} INFO - DAG(s) dict_keys(['tutorial_dag']) retrieved from /home/airflow/.local/lib/python3.7/site-packages/airflow/example_dags/tutorial_dag.py
[2023-04-27T05:02:47.648+0000] {logging_mixin.py:137} INFO - [2023-04-27T05:02:47.648+0000] {dag.py:2705} INFO - Sync 1 DAGs
[2023-04-27T05:02:47.674+0000] {logging_mixin.py:137} INFO - [2023-04-27T05:02:47.673+0000] {dag.py:3456} INFO - Setting next_dagrun for tutorial_dag to None, run_after=None
[2023-04-27T05:02:47.693+0000] {processor.py:175} INFO - Processing /home/airflow/.local/lib/python3.7/site-packages/airflow/example_dags/tutorial_dag.py took 0.085 seconds
[2023-04-27T05:03:17.928+0000] {processor.py:153} INFO - Started process (PID=466) to work on /home/airflow/.local/lib/python3.7/site-packages/airflow/example_dags/tutorial_dag.py
[2023-04-27T05:03:17.928+0000] {processor.py:743} INFO - Processing file /home/airflow/.local/lib/python3.7/site-packages/airflow/example_dags/tutorial_dag.py for tasks to queue
[2023-04-27T05:03:17.928+0000] {logging_mixin.py:137} INFO - [2023-04-27T05:03:17.928+0000] {dagbag.py:532} INFO - Filling up the DagBag from /home/airflow/.local/lib/python3.7/site-packages/airflow/example_dags/tutorial_dag.py
[2023-04-27T05:03:17.938+0000] {processor.py:753} INFO - DAG(s) dict_keys(['tutorial_dag']) retrieved from /home/airflow/.local/lib/python3.7/site-packages/airflow/example_dags/tutorial_dag.py
[2023-04-27T05:03:17.961+0000] {logging_mixin.py:137} INFO - [2023-04-27T05:03:17.961+0000] {dag.py:2705} INFO - Sync 1 DAGs
[2023-04-27T05:03:17.984+0000] {logging_mixin.py:137} INFO - [2023-04-27T05:03:17.983+0000] {dag.py:3456} INFO - Setting next_dagrun for tutorial_dag to None, run_after=None
[2023-04-27T05:03:18.003+0000] {processor.py:175} INFO - Processing /home/airflow/.local/lib/python3.7/site-packages/airflow/example_dags/tutorial_dag.py took 0.077 seconds
[2023-04-27T05:03:48.368+0000] {processor.py:153} INFO - Started process (PID=516) to work on /home/airflow/.local/lib/python3.7/site-packages/airflow/example_dags/tutorial_dag.py
[2023-04-27T05:03:48.368+0000] {processor.py:743} INFO - Processing file /home/airflow/.local/lib/python3.7/site-packages/airflow/example_dags/tutorial_dag.py for tasks to queue
[2023-04-27T05:03:48.368+0000] {logging_mixin.py:137} INFO - [2023-04-27T05:03:48.368+0000] {dagbag.py:532} INFO - Filling up the DagBag from /home/airflow/.local/lib/python3.7/site-packages/airflow/example_dags/tutorial_dag.py
[2023-04-27T05:03:48.378+0000] {processor.py:753} INFO - DAG(s) dict_keys(['tutorial_dag']) retrieved from /home/airflow/.local/lib/python3.7/site-packages/airflow/example_dags/tutorial_dag.py
[2023-04-27T05:03:48.399+0000] {logging_mixin.py:137} INFO - [2023-04-27T05:03:48.399+0000] {dag.py:2705} INFO - Sync 1 DAGs
[2023-04-27T05:03:48.421+0000] {logging_mixin.py:137} INFO - [2023-04-27T05:03:48.421+0000] {dag.py:3456} INFO - Setting next_dagrun for tutorial_dag to None, run_after=None
[2023-04-27T05:03:48.437+0000] {processor.py:175} INFO - Processing /home/airflow/.local/lib/python3.7/site-packages/airflow/example_dags/tutorial_dag.py took 0.072 seconds
[2023-04-27T05:04:18.747+0000] {processor.py:153} INFO - Started process (PID=565) to work on /home/airflow/.local/lib/python3.7/site-packages/airflow/example_dags/tutorial_dag.py
[2023-04-27T05:04:18.747+0000] {processor.py:743} INFO - Processing file /home/airflow/.local/lib/python3.7/site-packages/airflow/example_dags/tutorial_dag.py for tasks to queue
[2023-04-27T05:04:18.748+0000] {logging_mixin.py:137} INFO - [2023-04-27T05:04:18.747+0000] {dagbag.py:532} INFO - Filling up the DagBag from /home/airflow/.local/lib/python3.7/site-packages/airflow/example_dags/tutorial_dag.py
[2023-04-27T05:04:18.756+0000] {processor.py:753} INFO - DAG(s) dict_keys(['tutorial_dag']) retrieved from /home/airflow/.local/lib/python3.7/site-packages/airflow/example_dags/tutorial_dag.py
[2023-04-27T05:04:18.772+0000] {logging_mixin.py:137} INFO - [2023-04-27T05:04:18.772+0000] {dag.py:2705} INFO - Sync 1 DAGs
[2023-04-27T05:04:18.788+0000] {logging_mixin.py:137} INFO - [2023-04-27T05:04:18.788+0000] {dag.py:3456} INFO - Setting next_dagrun for tutorial_dag to None, run_after=None
[2023-04-27T05:04:18.800+0000] {processor.py:175} INFO - Processing /home/airflow/.local/lib/python3.7/site-packages/airflow/example_dags/tutorial_dag.py took 0.056 seconds
[2023-04-27T05:04:48.943+0000] {processor.py:153} INFO - Started process (PID=615) to work on /home/airflow/.local/lib/python3.7/site-packages/airflow/example_dags/tutorial_dag.py
[2023-04-27T05:04:48.943+0000] {processor.py:743} INFO - Processing file /home/airflow/.local/lib/python3.7/site-packages/airflow/example_dags/tutorial_dag.py for tasks to queue
[2023-04-27T05:04:48.944+0000] {logging_mixin.py:137} INFO - [2023-04-27T05:04:48.944+0000] {dagbag.py:532} INFO - Filling up the DagBag from /home/airflow/.local/lib/python3.7/site-packages/airflow/example_dags/tutorial_dag.py
[2023-04-27T05:04:48.953+0000] {processor.py:753} INFO - DAG(s) dict_keys(['tutorial_dag']) retrieved from /home/airflow/.local/lib/python3.7/site-packages/airflow/example_dags/tutorial_dag.py
[2023-04-27T05:04:48.971+0000] {logging_mixin.py:137} INFO - [2023-04-27T05:04:48.971+0000] {dag.py:2705} INFO - Sync 1 DAGs
[2023-04-27T05:04:48.990+0000] {logging_mixin.py:137} INFO - [2023-04-27T05:04:48.990+0000] {dag.py:3456} INFO - Setting next_dagrun for tutorial_dag to None, run_after=None
[2023-04-27T05:04:49.005+0000] {processor.py:175} INFO - Processing /home/airflow/.local/lib/python3.7/site-packages/airflow/example_dags/tutorial_dag.py took 0.064 seconds
[2023-04-27T05:05:19.136+0000] {processor.py:153} INFO - Started process (PID=665) to work on /home/airflow/.local/lib/python3.7/site-packages/airflow/example_dags/tutorial_dag.py
[2023-04-27T05:05:19.136+0000] {processor.py:743} INFO - Processing file /home/airflow/.local/lib/python3.7/site-packages/airflow/example_dags/tutorial_dag.py for tasks to queue
[2023-04-27T05:05:19.136+0000] {logging_mixin.py:137} INFO - [2023-04-27T05:05:19.136+0000] {dagbag.py:532} INFO - Filling up the DagBag from /home/airflow/.local/lib/python3.7/site-packages/airflow/example_dags/tutorial_dag.py
[2023-04-27T05:05:19.144+0000] {processor.py:753} INFO - DAG(s) dict_keys(['tutorial_dag']) retrieved from /home/airflow/.local/lib/python3.7/site-packages/airflow/example_dags/tutorial_dag.py
[2023-04-27T05:05:19.159+0000] {logging_mixin.py:137} INFO - [2023-04-27T05:05:19.159+0000] {dag.py:2705} INFO - Sync 1 DAGs
[2023-04-27T05:05:19.176+0000] {logging_mixin.py:137} INFO - [2023-04-27T05:05:19.176+0000] {dag.py:3456} INFO - Setting next_dagrun for tutorial_dag to None, run_after=None
[2023-04-27T05:05:19.189+0000] {processor.py:175} INFO - Processing /home/airflow/.local/lib/python3.7/site-packages/airflow/example_dags/tutorial_dag.py took 0.056 seconds
[2023-04-27T05:05:49.363+0000] {processor.py:153} INFO - Started process (PID=715) to work on /home/airflow/.local/lib/python3.7/site-packages/airflow/example_dags/tutorial_dag.py
[2023-04-27T05:05:49.364+0000] {processor.py:743} INFO - Processing file /home/airflow/.local/lib/python3.7/site-packages/airflow/example_dags/tutorial_dag.py for tasks to queue
[2023-04-27T05:05:49.364+0000] {logging_mixin.py:137} INFO - [2023-04-27T05:05:49.364+0000] {dagbag.py:532} INFO - Filling up the DagBag from /home/airflow/.local/lib/python3.7/site-packages/airflow/example_dags/tutorial_dag.py
[2023-04-27T05:05:49.371+0000] {processor.py:753} INFO - DAG(s) dict_keys(['tutorial_dag']) retrieved from /home/airflow/.local/lib/python3.7/site-packages/airflow/example_dags/tutorial_dag.py
[2023-04-27T05:05:49.386+0000] {logging_mixin.py:137} INFO - [2023-04-27T05:05:49.386+0000] {dag.py:2705} INFO - Sync 1 DAGs
[2023-04-27T05:05:49.401+0000] {logging_mixin.py:137} INFO - [2023-04-27T05:05:49.401+0000] {dag.py:3456} INFO - Setting next_dagrun for tutorial_dag to None, run_after=None
[2023-04-27T05:05:49.415+0000] {processor.py:175} INFO - Processing /home/airflow/.local/lib/python3.7/site-packages/airflow/example_dags/tutorial_dag.py took 0.053 seconds
[2023-04-27T05:06:19.542+0000] {processor.py:153} INFO - Started process (PID=765) to work on /home/airflow/.local/lib/python3.7/site-packages/airflow/example_dags/tutorial_dag.py
[2023-04-27T05:06:19.543+0000] {processor.py:743} INFO - Processing file /home/airflow/.local/lib/python3.7/site-packages/airflow/example_dags/tutorial_dag.py for tasks to queue
[2023-04-27T05:06:19.543+0000] {logging_mixin.py:137} INFO - [2023-04-27T05:06:19.543+0000] {dagbag.py:532} INFO - Filling up the DagBag from /home/airflow/.local/lib/python3.7/site-packages/airflow/example_dags/tutorial_dag.py
[2023-04-27T05:06:19.552+0000] {processor.py:753} INFO - DAG(s) dict_keys(['tutorial_dag']) retrieved from /home/airflow/.local/lib/python3.7/site-packages/airflow/example_dags/tutorial_dag.py
[2023-04-27T05:06:19.571+0000] {logging_mixin.py:137} INFO - [2023-04-27T05:06:19.571+0000] {dag.py:2705} INFO - Sync 1 DAGs
[2023-04-27T05:06:19.589+0000] {logging_mixin.py:137} INFO - [2023-04-27T05:06:19.589+0000] {dag.py:3456} INFO - Setting next_dagrun for tutorial_dag to None, run_after=None
[2023-04-27T05:06:19.606+0000] {processor.py:175} INFO - Processing /home/airflow/.local/lib/python3.7/site-packages/airflow/example_dags/tutorial_dag.py took 0.066 seconds
[2023-04-27T05:06:49.776+0000] {processor.py:153} INFO - Started process (PID=815) to work on /home/airflow/.local/lib/python3.7/site-packages/airflow/example_dags/tutorial_dag.py
[2023-04-27T05:06:49.777+0000] {processor.py:743} INFO - Processing file /home/airflow/.local/lib/python3.7/site-packages/airflow/example_dags/tutorial_dag.py for tasks to queue
[2023-04-27T05:06:49.777+0000] {logging_mixin.py:137} INFO - [2023-04-27T05:06:49.777+0000] {dagbag.py:532} INFO - Filling up the DagBag from /home/airflow/.local/lib/python3.7/site-packages/airflow/example_dags/tutorial_dag.py
[2023-04-27T05:06:49.788+0000] {processor.py:753} INFO - DAG(s) dict_keys(['tutorial_dag']) retrieved from /home/airflow/.local/lib/python3.7/site-packages/airflow/example_dags/tutorial_dag.py
[2023-04-27T05:06:49.807+0000] {logging_mixin.py:137} INFO - [2023-04-27T05:06:49.807+0000] {dag.py:2705} INFO - Sync 1 DAGs
[2023-04-27T05:06:49.826+0000] {logging_mixin.py:137} INFO - [2023-04-27T05:06:49.826+0000] {dag.py:3456} INFO - Setting next_dagrun for tutorial_dag to None, run_after=None
[2023-04-27T05:06:49.842+0000] {processor.py:175} INFO - Processing /home/airflow/.local/lib/python3.7/site-packages/airflow/example_dags/tutorial_dag.py took 0.068 seconds
[2023-04-27T05:07:20.093+0000] {processor.py:153} INFO - Started process (PID=865) to work on /home/airflow/.local/lib/python3.7/site-packages/airflow/example_dags/tutorial_dag.py
[2023-04-27T05:07:20.094+0000] {processor.py:743} INFO - Processing file /home/airflow/.local/lib/python3.7/site-packages/airflow/example_dags/tutorial_dag.py for tasks to queue
[2023-04-27T05:07:20.094+0000] {logging_mixin.py:137} INFO - [2023-04-27T05:07:20.094+0000] {dagbag.py:532} INFO - Filling up the DagBag from /home/airflow/.local/lib/python3.7/site-packages/airflow/example_dags/tutorial_dag.py
[2023-04-27T05:07:20.103+0000] {processor.py:753} INFO - DAG(s) dict_keys(['tutorial_dag']) retrieved from /home/airflow/.local/lib/python3.7/site-packages/airflow/example_dags/tutorial_dag.py
[2023-04-27T05:07:20.120+0000] {logging_mixin.py:137} INFO - [2023-04-27T05:07:20.120+0000] {dag.py:2705} INFO - Sync 1 DAGs
[2023-04-27T05:07:20.139+0000] {logging_mixin.py:137} INFO - [2023-04-27T05:07:20.139+0000] {dag.py:3456} INFO - Setting next_dagrun for tutorial_dag to None, run_after=None
[2023-04-27T05:07:20.159+0000] {processor.py:175} INFO - Processing /home/airflow/.local/lib/python3.7/site-packages/airflow/example_dags/tutorial_dag.py took 0.069 seconds
[2023-04-27T05:07:50.203+0000] {processor.py:153} INFO - Started process (PID=915) to work on /home/airflow/.local/lib/python3.7/site-packages/airflow/example_dags/tutorial_dag.py
[2023-04-27T05:07:50.203+0000] {processor.py:743} INFO - Processing file /home/airflow/.local/lib/python3.7/site-packages/airflow/example_dags/tutorial_dag.py for tasks to queue
[2023-04-27T05:07:50.204+0000] {logging_mixin.py:137} INFO - [2023-04-27T05:07:50.204+0000] {dagbag.py:532} INFO - Filling up the DagBag from /home/airflow/.local/lib/python3.7/site-packages/airflow/example_dags/tutorial_dag.py
[2023-04-27T05:07:50.211+0000] {processor.py:753} INFO - DAG(s) dict_keys(['tutorial_dag']) retrieved from /home/airflow/.local/lib/python3.7/site-packages/airflow/example_dags/tutorial_dag.py
[2023-04-27T05:07:50.227+0000] {logging_mixin.py:137} INFO - [2023-04-27T05:07:50.227+0000] {dag.py:2705} INFO - Sync 1 DAGs
[2023-04-27T05:07:50.242+0000] {logging_mixin.py:137} INFO - [2023-04-27T05:07:50.242+0000] {dag.py:3456} INFO - Setting next_dagrun for tutorial_dag to None, run_after=None
[2023-04-27T05:07:50.254+0000] {processor.py:175} INFO - Processing /home/airflow/.local/lib/python3.7/site-packages/airflow/example_dags/tutorial_dag.py took 0.053 seconds
[2023-04-27T05:08:20.334+0000] {processor.py:153} INFO - Started process (PID=965) to work on /home/airflow/.local/lib/python3.7/site-packages/airflow/example_dags/tutorial_dag.py
[2023-04-27T05:08:20.335+0000] {processor.py:743} INFO - Processing file /home/airflow/.local/lib/python3.7/site-packages/airflow/example_dags/tutorial_dag.py for tasks to queue
[2023-04-27T05:08:20.335+0000] {logging_mixin.py:137} INFO - [2023-04-27T05:08:20.335+0000] {dagbag.py:532} INFO - Filling up the DagBag from /home/airflow/.local/lib/python3.7/site-packages/airflow/example_dags/tutorial_dag.py
[2023-04-27T05:08:20.345+0000] {processor.py:753} INFO - DAG(s) dict_keys(['tutorial_dag']) retrieved from /home/airflow/.local/lib/python3.7/site-packages/airflow/example_dags/tutorial_dag.py
[2023-04-27T05:08:20.362+0000] {logging_mixin.py:137} INFO - [2023-04-27T05:08:20.362+0000] {dag.py:2705} INFO - Sync 1 DAGs
[2023-04-27T05:08:20.380+0000] {logging_mixin.py:137} INFO - [2023-04-27T05:08:20.380+0000] {dag.py:3456} INFO - Setting next_dagrun for tutorial_dag to None, run_after=None
[2023-04-27T05:08:20.394+0000] {processor.py:175} INFO - Processing /home/airflow/.local/lib/python3.7/site-packages/airflow/example_dags/tutorial_dag.py took 0.062 seconds
[2023-04-27T05:08:50.533+0000] {processor.py:153} INFO - Started process (PID=1015) to work on /home/airflow/.local/lib/python3.7/site-packages/airflow/example_dags/tutorial_dag.py
[2023-04-27T05:08:50.534+0000] {processor.py:743} INFO - Processing file /home/airflow/.local/lib/python3.7/site-packages/airflow/example_dags/tutorial_dag.py for tasks to queue
[2023-04-27T05:08:50.534+0000] {logging_mixin.py:137} INFO - [2023-04-27T05:08:50.534+0000] {dagbag.py:532} INFO - Filling up the DagBag from /home/airflow/.local/lib/python3.7/site-packages/airflow/example_dags/tutorial_dag.py
[2023-04-27T05:08:50.541+0000] {processor.py:753} INFO - DAG(s) dict_keys(['tutorial_dag']) retrieved from /home/airflow/.local/lib/python3.7/site-packages/airflow/example_dags/tutorial_dag.py
[2023-04-27T05:08:50.555+0000] {logging_mixin.py:137} INFO - [2023-04-27T05:08:50.555+0000] {dag.py:2705} INFO - Sync 1 DAGs
[2023-04-27T05:08:50.570+0000] {logging_mixin.py:137} INFO - [2023-04-27T05:08:50.570+0000] {dag.py:3456} INFO - Setting next_dagrun for tutorial_dag to None, run_after=None
[2023-04-27T05:08:50.582+0000] {processor.py:175} INFO - Processing /home/airflow/.local/lib/python3.7/site-packages/airflow/example_dags/tutorial_dag.py took 0.050 seconds
[2023-04-27T05:09:20.876+0000] {processor.py:153} INFO - Started process (PID=1065) to work on /home/airflow/.local/lib/python3.7/site-packages/airflow/example_dags/tutorial_dag.py
[2023-04-27T05:09:20.877+0000] {processor.py:743} INFO - Processing file /home/airflow/.local/lib/python3.7/site-packages/airflow/example_dags/tutorial_dag.py for tasks to queue
[2023-04-27T05:09:20.877+0000] {logging_mixin.py:137} INFO - [2023-04-27T05:09:20.877+0000] {dagbag.py:532} INFO - Filling up the DagBag from /home/airflow/.local/lib/python3.7/site-packages/airflow/example_dags/tutorial_dag.py
[2023-04-27T05:09:20.886+0000] {processor.py:753} INFO - DAG(s) dict_keys(['tutorial_dag']) retrieved from /home/airflow/.local/lib/python3.7/site-packages/airflow/example_dags/tutorial_dag.py
[2023-04-27T05:09:20.905+0000] {logging_mixin.py:137} INFO - [2023-04-27T05:09:20.905+0000] {dag.py:2705} INFO - Sync 1 DAGs
[2023-04-27T05:09:20.924+0000] {logging_mixin.py:137} INFO - [2023-04-27T05:09:20.923+0000] {dag.py:3456} INFO - Setting next_dagrun for tutorial_dag to None, run_after=None
[2023-04-27T05:09:20.942+0000] {processor.py:175} INFO - Processing /home/airflow/.local/lib/python3.7/site-packages/airflow/example_dags/tutorial_dag.py took 0.068 seconds
[2023-04-27T05:09:51.101+0000] {processor.py:153} INFO - Started process (PID=1115) to work on /home/airflow/.local/lib/python3.7/site-packages/airflow/example_dags/tutorial_dag.py
[2023-04-27T05:09:51.101+0000] {processor.py:743} INFO - Processing file /home/airflow/.local/lib/python3.7/site-packages/airflow/example_dags/tutorial_dag.py for tasks to queue
[2023-04-27T05:09:51.102+0000] {logging_mixin.py:137} INFO - [2023-04-27T05:09:51.102+0000] {dagbag.py:532} INFO - Filling up the DagBag from /home/airflow/.local/lib/python3.7/site-packages/airflow/example_dags/tutorial_dag.py
[2023-04-27T05:09:51.109+0000] {processor.py:753} INFO - DAG(s) dict_keys(['tutorial_dag']) retrieved from /home/airflow/.local/lib/python3.7/site-packages/airflow/example_dags/tutorial_dag.py
[2023-04-27T05:09:51.123+0000] {logging_mixin.py:137} INFO - [2023-04-27T05:09:51.123+0000] {dag.py:2705} INFO - Sync 1 DAGs
[2023-04-27T05:09:51.137+0000] {logging_mixin.py:137} INFO - [2023-04-27T05:09:51.137+0000] {dag.py:3456} INFO - Setting next_dagrun for tutorial_dag to None, run_after=None
[2023-04-27T05:09:51.149+0000] {processor.py:175} INFO - Processing /home/airflow/.local/lib/python3.7/site-packages/airflow/example_dags/tutorial_dag.py took 0.049 seconds
[2023-04-27T05:10:21.212+0000] {processor.py:153} INFO - Started process (PID=1165) to work on /home/airflow/.local/lib/python3.7/site-packages/airflow/example_dags/tutorial_dag.py
[2023-04-27T05:10:21.213+0000] {processor.py:743} INFO - Processing file /home/airflow/.local/lib/python3.7/site-packages/airflow/example_dags/tutorial_dag.py for tasks to queue
[2023-04-27T05:10:21.213+0000] {logging_mixin.py:137} INFO - [2023-04-27T05:10:21.213+0000] {dagbag.py:532} INFO - Filling up the DagBag from /home/airflow/.local/lib/python3.7/site-packages/airflow/example_dags/tutorial_dag.py
[2023-04-27T05:10:21.221+0000] {processor.py:753} INFO - DAG(s) dict_keys(['tutorial_dag']) retrieved from /home/airflow/.local/lib/python3.7/site-packages/airflow/example_dags/tutorial_dag.py
[2023-04-27T05:10:21.239+0000] {logging_mixin.py:137} INFO - [2023-04-27T05:10:21.239+0000] {dag.py:2705} INFO - Sync 1 DAGs
[2023-04-27T05:10:21.257+0000] {logging_mixin.py:137} INFO - [2023-04-27T05:10:21.257+0000] {dag.py:3456} INFO - Setting next_dagrun for tutorial_dag to None, run_after=None
[2023-04-27T05:10:21.271+0000] {processor.py:175} INFO - Processing /home/airflow/.local/lib/python3.7/site-packages/airflow/example_dags/tutorial_dag.py took 0.060 seconds
[2023-04-27T05:10:51.522+0000] {processor.py:153} INFO - Started process (PID=1214) to work on /home/airflow/.local/lib/python3.7/site-packages/airflow/example_dags/tutorial_dag.py
[2023-04-27T05:10:51.523+0000] {processor.py:743} INFO - Processing file /home/airflow/.local/lib/python3.7/site-packages/airflow/example_dags/tutorial_dag.py for tasks to queue
[2023-04-27T05:10:51.523+0000] {logging_mixin.py:137} INFO - [2023-04-27T05:10:51.523+0000] {dagbag.py:532} INFO - Filling up the DagBag from /home/airflow/.local/lib/python3.7/site-packages/airflow/example_dags/tutorial_dag.py
[2023-04-27T05:10:51.532+0000] {processor.py:753} INFO - DAG(s) dict_keys(['tutorial_dag']) retrieved from /home/airflow/.local/lib/python3.7/site-packages/airflow/example_dags/tutorial_dag.py
[2023-04-27T05:10:51.549+0000] {logging_mixin.py:137} INFO - [2023-04-27T05:10:51.549+0000] {dag.py:2705} INFO - Sync 1 DAGs
[2023-04-27T05:10:51.568+0000] {logging_mixin.py:137} INFO - [2023-04-27T05:10:51.568+0000] {dag.py:3456} INFO - Setting next_dagrun for tutorial_dag to None, run_after=None
[2023-04-27T05:10:51.582+0000] {processor.py:175} INFO - Processing /home/airflow/.local/lib/python3.7/site-packages/airflow/example_dags/tutorial_dag.py took 0.062 seconds
[2023-04-27T05:11:21.741+0000] {processor.py:153} INFO - Started process (PID=1264) to work on /home/airflow/.local/lib/python3.7/site-packages/airflow/example_dags/tutorial_dag.py
[2023-04-27T05:11:21.741+0000] {processor.py:743} INFO - Processing file /home/airflow/.local/lib/python3.7/site-packages/airflow/example_dags/tutorial_dag.py for tasks to queue
[2023-04-27T05:11:21.742+0000] {logging_mixin.py:137} INFO - [2023-04-27T05:11:21.741+0000] {dagbag.py:532} INFO - Filling up the DagBag from /home/airflow/.local/lib/python3.7/site-packages/airflow/example_dags/tutorial_dag.py
[2023-04-27T05:11:21.749+0000] {processor.py:753} INFO - DAG(s) dict_keys(['tutorial_dag']) retrieved from /home/airflow/.local/lib/python3.7/site-packages/airflow/example_dags/tutorial_dag.py
[2023-04-27T05:11:21.767+0000] {logging_mixin.py:137} INFO - [2023-04-27T05:11:21.767+0000] {dag.py:2705} INFO - Sync 1 DAGs
[2023-04-27T05:11:21.786+0000] {logging_mixin.py:137} INFO - [2023-04-27T05:11:21.786+0000] {dag.py:3456} INFO - Setting next_dagrun for tutorial_dag to None, run_after=None
[2023-04-27T05:11:21.798+0000] {processor.py:175} INFO - Processing /home/airflow/.local/lib/python3.7/site-packages/airflow/example_dags/tutorial_dag.py took 0.059 seconds
[2023-04-27T05:11:52.101+0000] {processor.py:153} INFO - Started process (PID=1314) to work on /home/airflow/.local/lib/python3.7/site-packages/airflow/example_dags/tutorial_dag.py
[2023-04-27T05:11:52.102+0000] {processor.py:743} INFO - Processing file /home/airflow/.local/lib/python3.7/site-packages/airflow/example_dags/tutorial_dag.py for tasks to queue
[2023-04-27T05:11:52.102+0000] {logging_mixin.py:137} INFO - [2023-04-27T05:11:52.102+0000] {dagbag.py:532} INFO - Filling up the DagBag from /home/airflow/.local/lib/python3.7/site-packages/airflow/example_dags/tutorial_dag.py
[2023-04-27T05:11:52.110+0000] {processor.py:753} INFO - DAG(s) dict_keys(['tutorial_dag']) retrieved from /home/airflow/.local/lib/python3.7/site-packages/airflow/example_dags/tutorial_dag.py
[2023-04-27T05:11:52.127+0000] {logging_mixin.py:137} INFO - [2023-04-27T05:11:52.127+0000] {dag.py:2705} INFO - Sync 1 DAGs
[2023-04-27T05:11:52.142+0000] {logging_mixin.py:137} INFO - [2023-04-27T05:11:52.142+0000] {dag.py:3456} INFO - Setting next_dagrun for tutorial_dag to None, run_after=None
[2023-04-27T05:11:52.153+0000] {processor.py:175} INFO - Processing /home/airflow/.local/lib/python3.7/site-packages/airflow/example_dags/tutorial_dag.py took 0.054 seconds
[2023-04-27T05:12:22.299+0000] {processor.py:153} INFO - Started process (PID=1364) to work on /home/airflow/.local/lib/python3.7/site-packages/airflow/example_dags/tutorial_dag.py
[2023-04-27T05:12:22.299+0000] {processor.py:743} INFO - Processing file /home/airflow/.local/lib/python3.7/site-packages/airflow/example_dags/tutorial_dag.py for tasks to queue
[2023-04-27T05:12:22.300+0000] {logging_mixin.py:137} INFO - [2023-04-27T05:12:22.300+0000] {dagbag.py:532} INFO - Filling up the DagBag from /home/airflow/.local/lib/python3.7/site-packages/airflow/example_dags/tutorial_dag.py
[2023-04-27T05:12:22.308+0000] {processor.py:753} INFO - DAG(s) dict_keys(['tutorial_dag']) retrieved from /home/airflow/.local/lib/python3.7/site-packages/airflow/example_dags/tutorial_dag.py
[2023-04-27T05:12:22.326+0000] {logging_mixin.py:137} INFO - [2023-04-27T05:12:22.326+0000] {dag.py:2705} INFO - Sync 1 DAGs
[2023-04-27T05:12:22.344+0000] {logging_mixin.py:137} INFO - [2023-04-27T05:12:22.344+0000] {dag.py:3456} INFO - Setting next_dagrun for tutorial_dag to None, run_after=None
[2023-04-27T05:12:22.359+0000] {processor.py:175} INFO - Processing /home/airflow/.local/lib/python3.7/site-packages/airflow/example_dags/tutorial_dag.py took 0.063 seconds
[2023-04-27T05:12:52.454+0000] {processor.py:153} INFO - Started process (PID=1414) to work on /home/airflow/.local/lib/python3.7/site-packages/airflow/example_dags/tutorial_dag.py
[2023-04-27T05:12:52.454+0000] {processor.py:743} INFO - Processing file /home/airflow/.local/lib/python3.7/site-packages/airflow/example_dags/tutorial_dag.py for tasks to queue
[2023-04-27T05:12:52.454+0000] {logging_mixin.py:137} INFO - [2023-04-27T05:12:52.454+0000] {dagbag.py:532} INFO - Filling up the DagBag from /home/airflow/.local/lib/python3.7/site-packages/airflow/example_dags/tutorial_dag.py
[2023-04-27T05:12:52.463+0000] {processor.py:753} INFO - DAG(s) dict_keys(['tutorial_dag']) retrieved from /home/airflow/.local/lib/python3.7/site-packages/airflow/example_dags/tutorial_dag.py
[2023-04-27T05:12:52.481+0000] {logging_mixin.py:137} INFO - [2023-04-27T05:12:52.480+0000] {dag.py:2705} INFO - Sync 1 DAGs
[2023-04-27T05:12:52.499+0000] {logging_mixin.py:137} INFO - [2023-04-27T05:12:52.499+0000] {dag.py:3456} INFO - Setting next_dagrun for tutorial_dag to None, run_after=None
[2023-04-27T05:12:52.514+0000] {processor.py:175} INFO - Processing /home/airflow/.local/lib/python3.7/site-packages/airflow/example_dags/tutorial_dag.py took 0.063 seconds
[2023-04-27T05:13:22.940+0000] {processor.py:153} INFO - Started process (PID=1464) to work on /home/airflow/.local/lib/python3.7/site-packages/airflow/example_dags/tutorial_dag.py
[2023-04-27T05:13:22.940+0000] {processor.py:743} INFO - Processing file /home/airflow/.local/lib/python3.7/site-packages/airflow/example_dags/tutorial_dag.py for tasks to queue
[2023-04-27T05:13:22.941+0000] {logging_mixin.py:137} INFO - [2023-04-27T05:13:22.941+0000] {dagbag.py:532} INFO - Filling up the DagBag from /home/airflow/.local/lib/python3.7/site-packages/airflow/example_dags/tutorial_dag.py
[2023-04-27T05:13:22.951+0000] {processor.py:753} INFO - DAG(s) dict_keys(['tutorial_dag']) retrieved from /home/airflow/.local/lib/python3.7/site-packages/airflow/example_dags/tutorial_dag.py
[2023-04-27T05:13:22.973+0000] {logging_mixin.py:137} INFO - [2023-04-27T05:13:22.973+0000] {dag.py:2705} INFO - Sync 1 DAGs
[2023-04-27T05:13:22.994+0000] {logging_mixin.py:137} INFO - [2023-04-27T05:13:22.993+0000] {dag.py:3456} INFO - Setting next_dagrun for tutorial_dag to None, run_after=None
[2023-04-27T05:13:23.011+0000] {processor.py:175} INFO - Processing /home/airflow/.local/lib/python3.7/site-packages/airflow/example_dags/tutorial_dag.py took 0.074 seconds
[2023-04-27T05:13:53.024+0000] {processor.py:153} INFO - Started process (PID=1514) to work on /home/airflow/.local/lib/python3.7/site-packages/airflow/example_dags/tutorial_dag.py
[2023-04-27T05:13:53.024+0000] {processor.py:743} INFO - Processing file /home/airflow/.local/lib/python3.7/site-packages/airflow/example_dags/tutorial_dag.py for tasks to queue
[2023-04-27T05:13:53.024+0000] {logging_mixin.py:137} INFO - [2023-04-27T05:13:53.024+0000] {dagbag.py:532} INFO - Filling up the DagBag from /home/airflow/.local/lib/python3.7/site-packages/airflow/example_dags/tutorial_dag.py
[2023-04-27T05:13:53.032+0000] {processor.py:753} INFO - DAG(s) dict_keys(['tutorial_dag']) retrieved from /home/airflow/.local/lib/python3.7/site-packages/airflow/example_dags/tutorial_dag.py
[2023-04-27T05:13:53.047+0000] {logging_mixin.py:137} INFO - [2023-04-27T05:13:53.047+0000] {dag.py:2705} INFO - Sync 1 DAGs
[2023-04-27T05:13:53.061+0000] {logging_mixin.py:137} INFO - [2023-04-27T05:13:53.061+0000] {dag.py:3456} INFO - Setting next_dagrun for tutorial_dag to None, run_after=None
[2023-04-27T05:13:53.074+0000] {processor.py:175} INFO - Processing /home/airflow/.local/lib/python3.7/site-packages/airflow/example_dags/tutorial_dag.py took 0.052 seconds
[2023-04-27T05:14:23.226+0000] {processor.py:153} INFO - Started process (PID=1564) to work on /home/airflow/.local/lib/python3.7/site-packages/airflow/example_dags/tutorial_dag.py
[2023-04-27T05:14:23.226+0000] {processor.py:743} INFO - Processing file /home/airflow/.local/lib/python3.7/site-packages/airflow/example_dags/tutorial_dag.py for tasks to queue
[2023-04-27T05:14:23.226+0000] {logging_mixin.py:137} INFO - [2023-04-27T05:14:23.226+0000] {dagbag.py:532} INFO - Filling up the DagBag from /home/airflow/.local/lib/python3.7/site-packages/airflow/example_dags/tutorial_dag.py
[2023-04-27T05:14:23.235+0000] {processor.py:753} INFO - DAG(s) dict_keys(['tutorial_dag']) retrieved from /home/airflow/.local/lib/python3.7/site-packages/airflow/example_dags/tutorial_dag.py
[2023-04-27T05:14:23.253+0000] {logging_mixin.py:137} INFO - [2023-04-27T05:14:23.253+0000] {dag.py:2705} INFO - Sync 1 DAGs
[2023-04-27T05:14:23.271+0000] {logging_mixin.py:137} INFO - [2023-04-27T05:14:23.271+0000] {dag.py:3456} INFO - Setting next_dagrun for tutorial_dag to None, run_after=None
[2023-04-27T05:14:23.290+0000] {processor.py:175} INFO - Processing /home/airflow/.local/lib/python3.7/site-packages/airflow/example_dags/tutorial_dag.py took 0.067 seconds
[2023-04-27T05:14:53.545+0000] {processor.py:153} INFO - Started process (PID=1613) to work on /home/airflow/.local/lib/python3.7/site-packages/airflow/example_dags/tutorial_dag.py
[2023-04-27T05:14:53.546+0000] {processor.py:743} INFO - Processing file /home/airflow/.local/lib/python3.7/site-packages/airflow/example_dags/tutorial_dag.py for tasks to queue
[2023-04-27T05:14:53.546+0000] {logging_mixin.py:137} INFO - [2023-04-27T05:14:53.546+0000] {dagbag.py:532} INFO - Filling up the DagBag from /home/airflow/.local/lib/python3.7/site-packages/airflow/example_dags/tutorial_dag.py
[2023-04-27T05:14:53.556+0000] {processor.py:753} INFO - DAG(s) dict_keys(['tutorial_dag']) retrieved from /home/airflow/.local/lib/python3.7/site-packages/airflow/example_dags/tutorial_dag.py
[2023-04-27T05:14:53.578+0000] {logging_mixin.py:137} INFO - [2023-04-27T05:14:53.577+0000] {dag.py:2705} INFO - Sync 1 DAGs
[2023-04-27T05:14:53.599+0000] {logging_mixin.py:137} INFO - [2023-04-27T05:14:53.598+0000] {dag.py:3456} INFO - Setting next_dagrun for tutorial_dag to None, run_after=None
[2023-04-27T05:14:53.615+0000] {processor.py:175} INFO - Processing /home/airflow/.local/lib/python3.7/site-packages/airflow/example_dags/tutorial_dag.py took 0.073 seconds
