[2023-05-01T16:08:23.289+0000] {taskinstance.py:1090} INFO - Dependencies all met for dep_context=non-requeueable deps ti=<TaskInstance: space_missions_launches_to_gcp_dag.branch_task manual__2023-05-01T16:08:19.169352+00:00 [queued]>
[2023-05-01T16:08:23.294+0000] {taskinstance.py:1090} INFO - Dependencies all met for dep_context=requeueable deps ti=<TaskInstance: space_missions_launches_to_gcp_dag.branch_task manual__2023-05-01T16:08:19.169352+00:00 [queued]>
[2023-05-01T16:08:23.294+0000] {taskinstance.py:1288} INFO - 
--------------------------------------------------------------------------------
[2023-05-01T16:08:23.294+0000] {taskinstance.py:1289} INFO - Starting attempt 1 of 1
[2023-05-01T16:08:23.294+0000] {taskinstance.py:1290} INFO - 
--------------------------------------------------------------------------------
[2023-05-01T16:08:23.305+0000] {taskinstance.py:1309} INFO - Executing <Task(_BranchPythonDecoratedOperator): branch_task> on 2023-05-01 16:08:19.169352+00:00
[2023-05-01T16:08:23.311+0000] {standard_task_runner.py:55} INFO - Started process 15525 to run task
[2023-05-01T16:08:23.313+0000] {standard_task_runner.py:82} INFO - Running: ['***', 'tasks', 'run', 'space_missions_launches_to_gcp_dag', 'branch_task', 'manual__2023-05-01T16:08:19.169352+00:00', '--job-id', '104', '--raw', '--subdir', 'DAGS_FOLDER/space_missions_launches_to_gcp.py', '--cfg-path', '/tmp/tmp_xr8xj1l']
[2023-05-01T16:08:23.313+0000] {standard_task_runner.py:83} INFO - Job 104: Subtask branch_task
[2023-05-01T16:08:23.399+0000] {task_command.py:389} INFO - Running <TaskInstance: space_missions_launches_to_gcp_dag.branch_task manual__2023-05-01T16:08:19.169352+00:00 [running]> on host e47d5c97588c
[2023-05-01T16:08:23.455+0000] {taskinstance.py:1518} INFO - Exporting the following env vars:
AIRFLOW_CTX_DAG_OWNER=***
AIRFLOW_CTX_DAG_ID=space_missions_launches_to_gcp_dag
AIRFLOW_CTX_TASK_ID=branch_task
AIRFLOW_CTX_EXECUTION_DATE=2023-05-01T16:08:19.169352+00:00
AIRFLOW_CTX_TRY_NUMBER=1
AIRFLOW_CTX_DAG_RUN_ID=manual__2023-05-01T16:08:19.169352+00:00
[2023-05-01T16:08:23.463+0000] {python.py:177} INFO - Done. Returned value was: space_missions_launches_from_gcs_to_bq_task
[2023-05-01T16:08:23.463+0000] {python.py:211} INFO - Branch callable return space_missions_launches_from_gcs_to_bq_task
[2023-05-01T16:08:23.463+0000] {skipmixin.py:155} INFO - Following branch space_missions_launches_from_gcs_to_bq_task
[2023-05-01T16:08:23.471+0000] {taskinstance.py:1776} ERROR - Task failed with exception
Traceback (most recent call last):
  File "/home/airflow/.local/lib/python3.7/site-packages/airflow/decorators/base.py", line 217, in execute
    return_value = super().execute(context)
  File "/home/airflow/.local/lib/python3.7/site-packages/airflow/operators/python.py", line 212, in execute
    self.skip_all_except(context["ti"], branch)
  File "/home/airflow/.local/lib/python3.7/site-packages/airflow/models/skipmixin.py", line 186, in skip_all_except
    "'branch_task_ids' must contain only valid task_ids. "
airflow.exceptions.AirflowException: 'branch_task_ids' must contain only valid task_ids. Invalid tasks found: {'space_missions_launches_from_gcs_to_bq_task'}.
[2023-05-01T16:08:23.474+0000] {taskinstance.py:1332} INFO - Marking task as FAILED. dag_id=space_missions_launches_to_gcp_dag, task_id=branch_task, execution_date=20230501T160819, start_date=20230501T160823, end_date=20230501T160823
[2023-05-01T16:08:23.487+0000] {standard_task_runner.py:105} ERROR - Failed to execute job 104 for task branch_task ('branch_task_ids' must contain only valid task_ids. Invalid tasks found: {'space_missions_launches_from_gcs_to_bq_task'}.; 15525)
[2023-05-01T16:08:23.525+0000] {local_task_job.py:212} INFO - Task exited with return code 1
[2023-05-01T16:08:23.547+0000] {taskinstance.py:2596} INFO - 0 downstream tasks scheduled from follow-on schedule check
