[2023-05-02T19:07:30.438+0000] {processor.py:153} INFO - Started process (PID=82) to work on /home/airflow/.local/lib/python3.7/site-packages/airflow/example_dags/example_task_group_decorator.py
[2023-05-02T19:07:30.439+0000] {processor.py:743} INFO - Processing file /home/airflow/.local/lib/python3.7/site-packages/airflow/example_dags/example_task_group_decorator.py for tasks to queue
[2023-05-02T19:07:30.439+0000] {logging_mixin.py:137} INFO - [2023-05-02T19:07:30.439+0000] {dagbag.py:532} INFO - Filling up the DagBag from /home/airflow/.local/lib/python3.7/site-packages/airflow/example_dags/example_task_group_decorator.py
[2023-05-02T19:07:30.458+0000] {processor.py:753} INFO - DAG(s) dict_keys(['example_task_group_decorator']) retrieved from /home/airflow/.local/lib/python3.7/site-packages/airflow/example_dags/example_task_group_decorator.py
[2023-05-02T19:07:30.474+0000] {logging_mixin.py:137} INFO - [2023-05-02T19:07:30.474+0000] {dag.py:2705} INFO - Sync 1 DAGs
[2023-05-02T19:07:30.489+0000] {logging_mixin.py:137} INFO - [2023-05-02T19:07:30.489+0000] {dag.py:3456} INFO - Setting next_dagrun for example_task_group_decorator to 2023-05-01T19:07:30.488963+00:00, run_after=2023-05-02T19:07:30.488963+00:00
[2023-05-02T19:07:30.500+0000] {processor.py:175} INFO - Processing /home/airflow/.local/lib/python3.7/site-packages/airflow/example_dags/example_task_group_decorator.py took 0.064 seconds
[2023-05-02T19:34:20.803+0000] {processor.py:153} INFO - Started process (PID=82) to work on /home/airflow/.local/lib/python3.7/site-packages/airflow/example_dags/example_task_group_decorator.py
[2023-05-02T19:34:20.804+0000] {processor.py:743} INFO - Processing file /home/airflow/.local/lib/python3.7/site-packages/airflow/example_dags/example_task_group_decorator.py for tasks to queue
[2023-05-02T19:34:20.804+0000] {logging_mixin.py:137} INFO - [2023-05-02T19:34:20.804+0000] {dagbag.py:532} INFO - Filling up the DagBag from /home/airflow/.local/lib/python3.7/site-packages/airflow/example_dags/example_task_group_decorator.py
[2023-05-02T19:34:20.821+0000] {processor.py:753} INFO - DAG(s) dict_keys(['example_task_group_decorator']) retrieved from /home/airflow/.local/lib/python3.7/site-packages/airflow/example_dags/example_task_group_decorator.py
[2023-05-02T19:34:20.828+0000] {logging_mixin.py:137} INFO - [2023-05-02T19:34:20.828+0000] {dag.py:2705} INFO - Sync 1 DAGs
[2023-05-02T19:34:20.844+0000] {logging_mixin.py:137} INFO - [2023-05-02T19:34:20.844+0000] {dag.py:3456} INFO - Setting next_dagrun for example_task_group_decorator to 2023-05-01T19:34:20.843983+00:00, run_after=2023-05-02T19:34:20.843983+00:00
[2023-05-02T19:34:20.856+0000] {processor.py:175} INFO - Processing /home/airflow/.local/lib/python3.7/site-packages/airflow/example_dags/example_task_group_decorator.py took 0.054 seconds
[2023-05-02T19:34:51.683+0000] {processor.py:153} INFO - Started process (PID=134) to work on /home/airflow/.local/lib/python3.7/site-packages/airflow/example_dags/example_task_group_decorator.py
[2023-05-02T19:34:51.684+0000] {processor.py:743} INFO - Processing file /home/airflow/.local/lib/python3.7/site-packages/airflow/example_dags/example_task_group_decorator.py for tasks to queue
[2023-05-02T19:34:51.684+0000] {logging_mixin.py:137} INFO - [2023-05-02T19:34:51.684+0000] {dagbag.py:532} INFO - Filling up the DagBag from /home/airflow/.local/lib/python3.7/site-packages/airflow/example_dags/example_task_group_decorator.py
[2023-05-02T19:34:51.700+0000] {processor.py:753} INFO - DAG(s) dict_keys(['example_task_group_decorator']) retrieved from /home/airflow/.local/lib/python3.7/site-packages/airflow/example_dags/example_task_group_decorator.py
[2023-05-02T19:34:51.717+0000] {logging_mixin.py:137} INFO - [2023-05-02T19:34:51.717+0000] {dag.py:2705} INFO - Sync 1 DAGs
[2023-05-02T19:34:51.732+0000] {logging_mixin.py:137} INFO - [2023-05-02T19:34:51.732+0000] {dag.py:3456} INFO - Setting next_dagrun for example_task_group_decorator to 2023-05-01T19:34:51.732400+00:00, run_after=2023-05-02T19:34:51.732400+00:00
[2023-05-02T19:34:51.744+0000] {processor.py:175} INFO - Processing /home/airflow/.local/lib/python3.7/site-packages/airflow/example_dags/example_task_group_decorator.py took 0.062 seconds
[2023-05-02T19:35:22.484+0000] {processor.py:153} INFO - Started process (PID=186) to work on /home/airflow/.local/lib/python3.7/site-packages/airflow/example_dags/example_task_group_decorator.py
[2023-05-02T19:35:22.485+0000] {processor.py:743} INFO - Processing file /home/airflow/.local/lib/python3.7/site-packages/airflow/example_dags/example_task_group_decorator.py for tasks to queue
[2023-05-02T19:35:22.485+0000] {logging_mixin.py:137} INFO - [2023-05-02T19:35:22.485+0000] {dagbag.py:532} INFO - Filling up the DagBag from /home/airflow/.local/lib/python3.7/site-packages/airflow/example_dags/example_task_group_decorator.py
[2023-05-02T19:35:22.501+0000] {processor.py:753} INFO - DAG(s) dict_keys(['example_task_group_decorator']) retrieved from /home/airflow/.local/lib/python3.7/site-packages/airflow/example_dags/example_task_group_decorator.py
[2023-05-02T19:35:22.518+0000] {logging_mixin.py:137} INFO - [2023-05-02T19:35:22.518+0000] {dag.py:2705} INFO - Sync 1 DAGs
[2023-05-02T19:35:22.532+0000] {logging_mixin.py:137} INFO - [2023-05-02T19:35:22.532+0000] {dag.py:3456} INFO - Setting next_dagrun for example_task_group_decorator to 2023-05-01T19:35:22.532292+00:00, run_after=2023-05-02T19:35:22.532292+00:00
[2023-05-02T19:35:22.543+0000] {processor.py:175} INFO - Processing /home/airflow/.local/lib/python3.7/site-packages/airflow/example_dags/example_task_group_decorator.py took 0.061 seconds
[2023-05-02T19:35:53.612+0000] {processor.py:153} INFO - Started process (PID=238) to work on /home/airflow/.local/lib/python3.7/site-packages/airflow/example_dags/example_task_group_decorator.py
[2023-05-02T19:35:53.612+0000] {processor.py:743} INFO - Processing file /home/airflow/.local/lib/python3.7/site-packages/airflow/example_dags/example_task_group_decorator.py for tasks to queue
[2023-05-02T19:35:53.613+0000] {logging_mixin.py:137} INFO - [2023-05-02T19:35:53.612+0000] {dagbag.py:532} INFO - Filling up the DagBag from /home/airflow/.local/lib/python3.7/site-packages/airflow/example_dags/example_task_group_decorator.py
[2023-05-02T19:35:53.629+0000] {processor.py:753} INFO - DAG(s) dict_keys(['example_task_group_decorator']) retrieved from /home/airflow/.local/lib/python3.7/site-packages/airflow/example_dags/example_task_group_decorator.py
[2023-05-02T19:35:53.646+0000] {logging_mixin.py:137} INFO - [2023-05-02T19:35:53.646+0000] {dag.py:2705} INFO - Sync 1 DAGs
[2023-05-02T19:35:53.661+0000] {logging_mixin.py:137} INFO - [2023-05-02T19:35:53.661+0000] {dag.py:3456} INFO - Setting next_dagrun for example_task_group_decorator to 2023-05-01T19:35:53.661550+00:00, run_after=2023-05-02T19:35:53.661550+00:00
[2023-05-02T19:35:53.674+0000] {processor.py:175} INFO - Processing /home/airflow/.local/lib/python3.7/site-packages/airflow/example_dags/example_task_group_decorator.py took 0.064 seconds
[2023-05-02T19:36:24.373+0000] {processor.py:153} INFO - Started process (PID=290) to work on /home/airflow/.local/lib/python3.7/site-packages/airflow/example_dags/example_task_group_decorator.py
[2023-05-02T19:36:24.373+0000] {processor.py:743} INFO - Processing file /home/airflow/.local/lib/python3.7/site-packages/airflow/example_dags/example_task_group_decorator.py for tasks to queue
[2023-05-02T19:36:24.373+0000] {logging_mixin.py:137} INFO - [2023-05-02T19:36:24.373+0000] {dagbag.py:532} INFO - Filling up the DagBag from /home/airflow/.local/lib/python3.7/site-packages/airflow/example_dags/example_task_group_decorator.py
[2023-05-02T19:36:24.390+0000] {processor.py:753} INFO - DAG(s) dict_keys(['example_task_group_decorator']) retrieved from /home/airflow/.local/lib/python3.7/site-packages/airflow/example_dags/example_task_group_decorator.py
[2023-05-02T19:36:24.406+0000] {logging_mixin.py:137} INFO - [2023-05-02T19:36:24.406+0000] {dag.py:2705} INFO - Sync 1 DAGs
[2023-05-02T19:36:24.420+0000] {logging_mixin.py:137} INFO - [2023-05-02T19:36:24.420+0000] {dag.py:3456} INFO - Setting next_dagrun for example_task_group_decorator to 2023-05-01T19:36:24.420227+00:00, run_after=2023-05-02T19:36:24.420227+00:00
[2023-05-02T19:36:24.431+0000] {processor.py:175} INFO - Processing /home/airflow/.local/lib/python3.7/site-packages/airflow/example_dags/example_task_group_decorator.py took 0.060 seconds
[2023-05-02T19:36:55.259+0000] {processor.py:153} INFO - Started process (PID=342) to work on /home/airflow/.local/lib/python3.7/site-packages/airflow/example_dags/example_task_group_decorator.py
[2023-05-02T19:36:55.260+0000] {processor.py:743} INFO - Processing file /home/airflow/.local/lib/python3.7/site-packages/airflow/example_dags/example_task_group_decorator.py for tasks to queue
[2023-05-02T19:36:55.260+0000] {logging_mixin.py:137} INFO - [2023-05-02T19:36:55.260+0000] {dagbag.py:532} INFO - Filling up the DagBag from /home/airflow/.local/lib/python3.7/site-packages/airflow/example_dags/example_task_group_decorator.py
[2023-05-02T19:36:55.277+0000] {processor.py:753} INFO - DAG(s) dict_keys(['example_task_group_decorator']) retrieved from /home/airflow/.local/lib/python3.7/site-packages/airflow/example_dags/example_task_group_decorator.py
[2023-05-02T19:36:55.294+0000] {logging_mixin.py:137} INFO - [2023-05-02T19:36:55.294+0000] {dag.py:2705} INFO - Sync 1 DAGs
[2023-05-02T19:36:55.308+0000] {logging_mixin.py:137} INFO - [2023-05-02T19:36:55.308+0000] {dag.py:3456} INFO - Setting next_dagrun for example_task_group_decorator to 2023-05-01T19:36:55.308005+00:00, run_after=2023-05-02T19:36:55.308005+00:00
[2023-05-02T19:36:55.319+0000] {processor.py:175} INFO - Processing /home/airflow/.local/lib/python3.7/site-packages/airflow/example_dags/example_task_group_decorator.py took 0.061 seconds
[2023-05-02T19:37:26.064+0000] {processor.py:153} INFO - Started process (PID=394) to work on /home/airflow/.local/lib/python3.7/site-packages/airflow/example_dags/example_task_group_decorator.py
[2023-05-02T19:37:26.065+0000] {processor.py:743} INFO - Processing file /home/airflow/.local/lib/python3.7/site-packages/airflow/example_dags/example_task_group_decorator.py for tasks to queue
[2023-05-02T19:37:26.065+0000] {logging_mixin.py:137} INFO - [2023-05-02T19:37:26.065+0000] {dagbag.py:532} INFO - Filling up the DagBag from /home/airflow/.local/lib/python3.7/site-packages/airflow/example_dags/example_task_group_decorator.py
[2023-05-02T19:37:26.082+0000] {processor.py:753} INFO - DAG(s) dict_keys(['example_task_group_decorator']) retrieved from /home/airflow/.local/lib/python3.7/site-packages/airflow/example_dags/example_task_group_decorator.py
[2023-05-02T19:37:26.099+0000] {logging_mixin.py:137} INFO - [2023-05-02T19:37:26.099+0000] {dag.py:2705} INFO - Sync 1 DAGs
[2023-05-02T19:37:26.114+0000] {logging_mixin.py:137} INFO - [2023-05-02T19:37:26.114+0000] {dag.py:3456} INFO - Setting next_dagrun for example_task_group_decorator to 2023-05-01T19:37:26.114085+00:00, run_after=2023-05-02T19:37:26.114085+00:00
[2023-05-02T19:37:26.127+0000] {processor.py:175} INFO - Processing /home/airflow/.local/lib/python3.7/site-packages/airflow/example_dags/example_task_group_decorator.py took 0.064 seconds
[2023-05-02T19:37:57.184+0000] {processor.py:153} INFO - Started process (PID=446) to work on /home/airflow/.local/lib/python3.7/site-packages/airflow/example_dags/example_task_group_decorator.py
[2023-05-02T19:37:57.185+0000] {processor.py:743} INFO - Processing file /home/airflow/.local/lib/python3.7/site-packages/airflow/example_dags/example_task_group_decorator.py for tasks to queue
[2023-05-02T19:37:57.185+0000] {logging_mixin.py:137} INFO - [2023-05-02T19:37:57.185+0000] {dagbag.py:532} INFO - Filling up the DagBag from /home/airflow/.local/lib/python3.7/site-packages/airflow/example_dags/example_task_group_decorator.py
[2023-05-02T19:37:57.209+0000] {processor.py:753} INFO - DAG(s) dict_keys(['example_task_group_decorator']) retrieved from /home/airflow/.local/lib/python3.7/site-packages/airflow/example_dags/example_task_group_decorator.py
[2023-05-02T19:37:57.227+0000] {logging_mixin.py:137} INFO - [2023-05-02T19:37:57.227+0000] {dag.py:2705} INFO - Sync 1 DAGs
[2023-05-02T19:37:57.244+0000] {logging_mixin.py:137} INFO - [2023-05-02T19:37:57.244+0000] {dag.py:3456} INFO - Setting next_dagrun for example_task_group_decorator to 2023-05-01T19:37:57.244212+00:00, run_after=2023-05-02T19:37:57.244212+00:00
[2023-05-02T19:37:57.256+0000] {processor.py:175} INFO - Processing /home/airflow/.local/lib/python3.7/site-packages/airflow/example_dags/example_task_group_decorator.py took 0.075 seconds
[2023-05-02T19:38:28.241+0000] {processor.py:153} INFO - Started process (PID=498) to work on /home/airflow/.local/lib/python3.7/site-packages/airflow/example_dags/example_task_group_decorator.py
[2023-05-02T19:38:28.242+0000] {processor.py:743} INFO - Processing file /home/airflow/.local/lib/python3.7/site-packages/airflow/example_dags/example_task_group_decorator.py for tasks to queue
[2023-05-02T19:38:28.242+0000] {logging_mixin.py:137} INFO - [2023-05-02T19:38:28.242+0000] {dagbag.py:532} INFO - Filling up the DagBag from /home/airflow/.local/lib/python3.7/site-packages/airflow/example_dags/example_task_group_decorator.py
[2023-05-02T19:38:28.259+0000] {processor.py:753} INFO - DAG(s) dict_keys(['example_task_group_decorator']) retrieved from /home/airflow/.local/lib/python3.7/site-packages/airflow/example_dags/example_task_group_decorator.py
[2023-05-02T19:38:28.276+0000] {logging_mixin.py:137} INFO - [2023-05-02T19:38:28.276+0000] {dag.py:2705} INFO - Sync 1 DAGs
[2023-05-02T19:38:28.291+0000] {logging_mixin.py:137} INFO - [2023-05-02T19:38:28.291+0000] {dag.py:3456} INFO - Setting next_dagrun for example_task_group_decorator to 2023-05-01T19:38:28.291550+00:00, run_after=2023-05-02T19:38:28.291550+00:00
[2023-05-02T19:38:28.307+0000] {processor.py:175} INFO - Processing /home/airflow/.local/lib/python3.7/site-packages/airflow/example_dags/example_task_group_decorator.py took 0.068 seconds
[2023-05-02T19:38:58.586+0000] {processor.py:153} INFO - Started process (PID=550) to work on /home/airflow/.local/lib/python3.7/site-packages/airflow/example_dags/example_task_group_decorator.py
[2023-05-02T19:38:58.587+0000] {processor.py:743} INFO - Processing file /home/airflow/.local/lib/python3.7/site-packages/airflow/example_dags/example_task_group_decorator.py for tasks to queue
[2023-05-02T19:38:58.587+0000] {logging_mixin.py:137} INFO - [2023-05-02T19:38:58.587+0000] {dagbag.py:532} INFO - Filling up the DagBag from /home/airflow/.local/lib/python3.7/site-packages/airflow/example_dags/example_task_group_decorator.py
[2023-05-02T19:38:58.608+0000] {processor.py:753} INFO - DAG(s) dict_keys(['example_task_group_decorator']) retrieved from /home/airflow/.local/lib/python3.7/site-packages/airflow/example_dags/example_task_group_decorator.py
[2023-05-02T19:38:58.627+0000] {logging_mixin.py:137} INFO - [2023-05-02T19:38:58.626+0000] {dag.py:2705} INFO - Sync 1 DAGs
[2023-05-02T19:38:58.643+0000] {logging_mixin.py:137} INFO - [2023-05-02T19:38:58.643+0000] {dag.py:3456} INFO - Setting next_dagrun for example_task_group_decorator to 2023-05-01T19:38:58.643133+00:00, run_after=2023-05-02T19:38:58.643133+00:00
[2023-05-02T19:38:58.658+0000] {processor.py:175} INFO - Processing /home/airflow/.local/lib/python3.7/site-packages/airflow/example_dags/example_task_group_decorator.py took 0.074 seconds
[2023-05-02T19:39:29.535+0000] {processor.py:153} INFO - Started process (PID=601) to work on /home/airflow/.local/lib/python3.7/site-packages/airflow/example_dags/example_task_group_decorator.py
[2023-05-02T19:39:29.536+0000] {processor.py:743} INFO - Processing file /home/airflow/.local/lib/python3.7/site-packages/airflow/example_dags/example_task_group_decorator.py for tasks to queue
[2023-05-02T19:39:29.536+0000] {logging_mixin.py:137} INFO - [2023-05-02T19:39:29.536+0000] {dagbag.py:532} INFO - Filling up the DagBag from /home/airflow/.local/lib/python3.7/site-packages/airflow/example_dags/example_task_group_decorator.py
[2023-05-02T19:39:29.552+0000] {processor.py:753} INFO - DAG(s) dict_keys(['example_task_group_decorator']) retrieved from /home/airflow/.local/lib/python3.7/site-packages/airflow/example_dags/example_task_group_decorator.py
[2023-05-02T19:39:29.568+0000] {logging_mixin.py:137} INFO - [2023-05-02T19:39:29.568+0000] {dag.py:2705} INFO - Sync 1 DAGs
[2023-05-02T19:39:29.583+0000] {logging_mixin.py:137} INFO - [2023-05-02T19:39:29.583+0000] {dag.py:3456} INFO - Setting next_dagrun for example_task_group_decorator to 2023-05-01T19:39:29.583384+00:00, run_after=2023-05-02T19:39:29.583384+00:00
[2023-05-02T19:39:29.595+0000] {processor.py:175} INFO - Processing /home/airflow/.local/lib/python3.7/site-packages/airflow/example_dags/example_task_group_decorator.py took 0.061 seconds
[2023-05-02T19:40:00.547+0000] {processor.py:153} INFO - Started process (PID=652) to work on /home/airflow/.local/lib/python3.7/site-packages/airflow/example_dags/example_task_group_decorator.py
[2023-05-02T19:40:00.548+0000] {processor.py:743} INFO - Processing file /home/airflow/.local/lib/python3.7/site-packages/airflow/example_dags/example_task_group_decorator.py for tasks to queue
[2023-05-02T19:40:00.548+0000] {logging_mixin.py:137} INFO - [2023-05-02T19:40:00.548+0000] {dagbag.py:532} INFO - Filling up the DagBag from /home/airflow/.local/lib/python3.7/site-packages/airflow/example_dags/example_task_group_decorator.py
[2023-05-02T19:40:00.563+0000] {processor.py:753} INFO - DAG(s) dict_keys(['example_task_group_decorator']) retrieved from /home/airflow/.local/lib/python3.7/site-packages/airflow/example_dags/example_task_group_decorator.py
[2023-05-02T19:40:00.579+0000] {logging_mixin.py:137} INFO - [2023-05-02T19:40:00.579+0000] {dag.py:2705} INFO - Sync 1 DAGs
[2023-05-02T19:40:00.594+0000] {logging_mixin.py:137} INFO - [2023-05-02T19:40:00.594+0000] {dag.py:3456} INFO - Setting next_dagrun for example_task_group_decorator to 2023-05-01T19:40:00.594405+00:00, run_after=2023-05-02T19:40:00.594405+00:00
[2023-05-02T19:40:00.606+0000] {processor.py:175} INFO - Processing /home/airflow/.local/lib/python3.7/site-packages/airflow/example_dags/example_task_group_decorator.py took 0.061 seconds
[2023-05-02T19:40:31.227+0000] {processor.py:153} INFO - Started process (PID=704) to work on /home/airflow/.local/lib/python3.7/site-packages/airflow/example_dags/example_task_group_decorator.py
[2023-05-02T19:40:31.228+0000] {processor.py:743} INFO - Processing file /home/airflow/.local/lib/python3.7/site-packages/airflow/example_dags/example_task_group_decorator.py for tasks to queue
[2023-05-02T19:40:31.228+0000] {logging_mixin.py:137} INFO - [2023-05-02T19:40:31.228+0000] {dagbag.py:532} INFO - Filling up the DagBag from /home/airflow/.local/lib/python3.7/site-packages/airflow/example_dags/example_task_group_decorator.py
[2023-05-02T19:40:31.243+0000] {processor.py:753} INFO - DAG(s) dict_keys(['example_task_group_decorator']) retrieved from /home/airflow/.local/lib/python3.7/site-packages/airflow/example_dags/example_task_group_decorator.py
[2023-05-02T19:40:31.261+0000] {logging_mixin.py:137} INFO - [2023-05-02T19:40:31.260+0000] {dag.py:2705} INFO - Sync 1 DAGs
[2023-05-02T19:40:31.275+0000] {logging_mixin.py:137} INFO - [2023-05-02T19:40:31.275+0000] {dag.py:3456} INFO - Setting next_dagrun for example_task_group_decorator to 2023-05-01T19:40:31.274963+00:00, run_after=2023-05-02T19:40:31.274963+00:00
[2023-05-02T19:40:31.286+0000] {processor.py:175} INFO - Processing /home/airflow/.local/lib/python3.7/site-packages/airflow/example_dags/example_task_group_decorator.py took 0.061 seconds
[2023-05-02T19:41:01.950+0000] {processor.py:153} INFO - Started process (PID=756) to work on /home/airflow/.local/lib/python3.7/site-packages/airflow/example_dags/example_task_group_decorator.py
[2023-05-02T19:41:01.951+0000] {processor.py:743} INFO - Processing file /home/airflow/.local/lib/python3.7/site-packages/airflow/example_dags/example_task_group_decorator.py for tasks to queue
[2023-05-02T19:41:01.951+0000] {logging_mixin.py:137} INFO - [2023-05-02T19:41:01.951+0000] {dagbag.py:532} INFO - Filling up the DagBag from /home/airflow/.local/lib/python3.7/site-packages/airflow/example_dags/example_task_group_decorator.py
[2023-05-02T19:41:01.967+0000] {processor.py:753} INFO - DAG(s) dict_keys(['example_task_group_decorator']) retrieved from /home/airflow/.local/lib/python3.7/site-packages/airflow/example_dags/example_task_group_decorator.py
[2023-05-02T19:41:01.982+0000] {logging_mixin.py:137} INFO - [2023-05-02T19:41:01.982+0000] {dag.py:2705} INFO - Sync 1 DAGs
[2023-05-02T19:41:01.997+0000] {logging_mixin.py:137} INFO - [2023-05-02T19:41:01.997+0000] {dag.py:3456} INFO - Setting next_dagrun for example_task_group_decorator to 2023-05-01T19:41:01.997016+00:00, run_after=2023-05-02T19:41:01.997016+00:00
[2023-05-02T19:41:02.009+0000] {processor.py:175} INFO - Processing /home/airflow/.local/lib/python3.7/site-packages/airflow/example_dags/example_task_group_decorator.py took 0.061 seconds
[2023-05-02T19:41:33.008+0000] {processor.py:153} INFO - Started process (PID=808) to work on /home/airflow/.local/lib/python3.7/site-packages/airflow/example_dags/example_task_group_decorator.py
[2023-05-02T19:41:33.009+0000] {processor.py:743} INFO - Processing file /home/airflow/.local/lib/python3.7/site-packages/airflow/example_dags/example_task_group_decorator.py for tasks to queue
[2023-05-02T19:41:33.009+0000] {logging_mixin.py:137} INFO - [2023-05-02T19:41:33.009+0000] {dagbag.py:532} INFO - Filling up the DagBag from /home/airflow/.local/lib/python3.7/site-packages/airflow/example_dags/example_task_group_decorator.py
[2023-05-02T19:41:33.026+0000] {processor.py:753} INFO - DAG(s) dict_keys(['example_task_group_decorator']) retrieved from /home/airflow/.local/lib/python3.7/site-packages/airflow/example_dags/example_task_group_decorator.py
[2023-05-02T19:41:33.043+0000] {logging_mixin.py:137} INFO - [2023-05-02T19:41:33.043+0000] {dag.py:2705} INFO - Sync 1 DAGs
[2023-05-02T19:41:33.059+0000] {logging_mixin.py:137} INFO - [2023-05-02T19:41:33.059+0000] {dag.py:3456} INFO - Setting next_dagrun for example_task_group_decorator to 2023-05-01T19:41:33.058858+00:00, run_after=2023-05-02T19:41:33.058858+00:00
[2023-05-02T19:41:33.071+0000] {processor.py:175} INFO - Processing /home/airflow/.local/lib/python3.7/site-packages/airflow/example_dags/example_task_group_decorator.py took 0.065 seconds
[2023-05-02T19:42:03.748+0000] {processor.py:153} INFO - Started process (PID=860) to work on /home/airflow/.local/lib/python3.7/site-packages/airflow/example_dags/example_task_group_decorator.py
[2023-05-02T19:42:03.748+0000] {processor.py:743} INFO - Processing file /home/airflow/.local/lib/python3.7/site-packages/airflow/example_dags/example_task_group_decorator.py for tasks to queue
[2023-05-02T19:42:03.749+0000] {logging_mixin.py:137} INFO - [2023-05-02T19:42:03.749+0000] {dagbag.py:532} INFO - Filling up the DagBag from /home/airflow/.local/lib/python3.7/site-packages/airflow/example_dags/example_task_group_decorator.py
[2023-05-02T19:42:03.764+0000] {processor.py:753} INFO - DAG(s) dict_keys(['example_task_group_decorator']) retrieved from /home/airflow/.local/lib/python3.7/site-packages/airflow/example_dags/example_task_group_decorator.py
[2023-05-02T19:42:03.780+0000] {logging_mixin.py:137} INFO - [2023-05-02T19:42:03.780+0000] {dag.py:2705} INFO - Sync 1 DAGs
[2023-05-02T19:42:03.794+0000] {logging_mixin.py:137} INFO - [2023-05-02T19:42:03.794+0000] {dag.py:3456} INFO - Setting next_dagrun for example_task_group_decorator to 2023-05-01T19:42:03.794355+00:00, run_after=2023-05-02T19:42:03.794355+00:00
[2023-05-02T19:42:03.805+0000] {processor.py:175} INFO - Processing /home/airflow/.local/lib/python3.7/site-packages/airflow/example_dags/example_task_group_decorator.py took 0.059 seconds
[2023-05-02T19:42:34.744+0000] {processor.py:153} INFO - Started process (PID=912) to work on /home/airflow/.local/lib/python3.7/site-packages/airflow/example_dags/example_task_group_decorator.py
[2023-05-02T19:42:34.744+0000] {processor.py:743} INFO - Processing file /home/airflow/.local/lib/python3.7/site-packages/airflow/example_dags/example_task_group_decorator.py for tasks to queue
[2023-05-02T19:42:34.745+0000] {logging_mixin.py:137} INFO - [2023-05-02T19:42:34.745+0000] {dagbag.py:532} INFO - Filling up the DagBag from /home/airflow/.local/lib/python3.7/site-packages/airflow/example_dags/example_task_group_decorator.py
[2023-05-02T19:42:34.760+0000] {processor.py:753} INFO - DAG(s) dict_keys(['example_task_group_decorator']) retrieved from /home/airflow/.local/lib/python3.7/site-packages/airflow/example_dags/example_task_group_decorator.py
[2023-05-02T19:42:34.775+0000] {logging_mixin.py:137} INFO - [2023-05-02T19:42:34.775+0000] {dag.py:2705} INFO - Sync 1 DAGs
[2023-05-02T19:42:34.789+0000] {logging_mixin.py:137} INFO - [2023-05-02T19:42:34.789+0000] {dag.py:3456} INFO - Setting next_dagrun for example_task_group_decorator to 2023-05-01T19:42:34.788999+00:00, run_after=2023-05-02T19:42:34.788999+00:00
[2023-05-02T19:42:34.801+0000] {processor.py:175} INFO - Processing /home/airflow/.local/lib/python3.7/site-packages/airflow/example_dags/example_task_group_decorator.py took 0.059 seconds
[2023-05-02T19:43:05.603+0000] {processor.py:153} INFO - Started process (PID=964) to work on /home/airflow/.local/lib/python3.7/site-packages/airflow/example_dags/example_task_group_decorator.py
[2023-05-02T19:43:05.603+0000] {processor.py:743} INFO - Processing file /home/airflow/.local/lib/python3.7/site-packages/airflow/example_dags/example_task_group_decorator.py for tasks to queue
[2023-05-02T19:43:05.603+0000] {logging_mixin.py:137} INFO - [2023-05-02T19:43:05.603+0000] {dagbag.py:532} INFO - Filling up the DagBag from /home/airflow/.local/lib/python3.7/site-packages/airflow/example_dags/example_task_group_decorator.py
[2023-05-02T19:43:05.619+0000] {processor.py:753} INFO - DAG(s) dict_keys(['example_task_group_decorator']) retrieved from /home/airflow/.local/lib/python3.7/site-packages/airflow/example_dags/example_task_group_decorator.py
[2023-05-02T19:43:05.635+0000] {logging_mixin.py:137} INFO - [2023-05-02T19:43:05.635+0000] {dag.py:2705} INFO - Sync 1 DAGs
[2023-05-02T19:43:05.650+0000] {logging_mixin.py:137} INFO - [2023-05-02T19:43:05.649+0000] {dag.py:3456} INFO - Setting next_dagrun for example_task_group_decorator to 2023-05-01T19:43:05.649763+00:00, run_after=2023-05-02T19:43:05.649763+00:00
[2023-05-02T19:43:05.661+0000] {processor.py:175} INFO - Processing /home/airflow/.local/lib/python3.7/site-packages/airflow/example_dags/example_task_group_decorator.py took 0.061 seconds
[2023-05-02T19:43:36.667+0000] {processor.py:153} INFO - Started process (PID=1016) to work on /home/airflow/.local/lib/python3.7/site-packages/airflow/example_dags/example_task_group_decorator.py
[2023-05-02T19:43:36.668+0000] {processor.py:743} INFO - Processing file /home/airflow/.local/lib/python3.7/site-packages/airflow/example_dags/example_task_group_decorator.py for tasks to queue
[2023-05-02T19:43:36.668+0000] {logging_mixin.py:137} INFO - [2023-05-02T19:43:36.668+0000] {dagbag.py:532} INFO - Filling up the DagBag from /home/airflow/.local/lib/python3.7/site-packages/airflow/example_dags/example_task_group_decorator.py
[2023-05-02T19:43:36.684+0000] {processor.py:753} INFO - DAG(s) dict_keys(['example_task_group_decorator']) retrieved from /home/airflow/.local/lib/python3.7/site-packages/airflow/example_dags/example_task_group_decorator.py
[2023-05-02T19:43:36.700+0000] {logging_mixin.py:137} INFO - [2023-05-02T19:43:36.700+0000] {dag.py:2705} INFO - Sync 1 DAGs
[2023-05-02T19:43:36.714+0000] {logging_mixin.py:137} INFO - [2023-05-02T19:43:36.714+0000] {dag.py:3456} INFO - Setting next_dagrun for example_task_group_decorator to 2023-05-01T19:43:36.714570+00:00, run_after=2023-05-02T19:43:36.714570+00:00
[2023-05-02T19:43:36.726+0000] {processor.py:175} INFO - Processing /home/airflow/.local/lib/python3.7/site-packages/airflow/example_dags/example_task_group_decorator.py took 0.060 seconds
[2023-05-02T19:44:07.602+0000] {processor.py:153} INFO - Started process (PID=1067) to work on /home/airflow/.local/lib/python3.7/site-packages/airflow/example_dags/example_task_group_decorator.py
[2023-05-02T19:44:07.602+0000] {processor.py:743} INFO - Processing file /home/airflow/.local/lib/python3.7/site-packages/airflow/example_dags/example_task_group_decorator.py for tasks to queue
[2023-05-02T19:44:07.603+0000] {logging_mixin.py:137} INFO - [2023-05-02T19:44:07.603+0000] {dagbag.py:532} INFO - Filling up the DagBag from /home/airflow/.local/lib/python3.7/site-packages/airflow/example_dags/example_task_group_decorator.py
[2023-05-02T19:44:07.618+0000] {processor.py:753} INFO - DAG(s) dict_keys(['example_task_group_decorator']) retrieved from /home/airflow/.local/lib/python3.7/site-packages/airflow/example_dags/example_task_group_decorator.py
[2023-05-02T19:44:07.634+0000] {logging_mixin.py:137} INFO - [2023-05-02T19:44:07.634+0000] {dag.py:2705} INFO - Sync 1 DAGs
[2023-05-02T19:44:07.648+0000] {logging_mixin.py:137} INFO - [2023-05-02T19:44:07.648+0000] {dag.py:3456} INFO - Setting next_dagrun for example_task_group_decorator to 2023-05-01T19:44:07.648153+00:00, run_after=2023-05-02T19:44:07.648153+00:00
[2023-05-02T19:44:07.660+0000] {processor.py:175} INFO - Processing /home/airflow/.local/lib/python3.7/site-packages/airflow/example_dags/example_task_group_decorator.py took 0.060 seconds
[2023-05-02T19:44:37.829+0000] {processor.py:153} INFO - Started process (PID=1119) to work on /home/airflow/.local/lib/python3.7/site-packages/airflow/example_dags/example_task_group_decorator.py
[2023-05-02T19:44:37.830+0000] {processor.py:743} INFO - Processing file /home/airflow/.local/lib/python3.7/site-packages/airflow/example_dags/example_task_group_decorator.py for tasks to queue
[2023-05-02T19:44:37.830+0000] {logging_mixin.py:137} INFO - [2023-05-02T19:44:37.830+0000] {dagbag.py:532} INFO - Filling up the DagBag from /home/airflow/.local/lib/python3.7/site-packages/airflow/example_dags/example_task_group_decorator.py
[2023-05-02T19:44:37.846+0000] {processor.py:753} INFO - DAG(s) dict_keys(['example_task_group_decorator']) retrieved from /home/airflow/.local/lib/python3.7/site-packages/airflow/example_dags/example_task_group_decorator.py
[2023-05-02T19:44:37.861+0000] {logging_mixin.py:137} INFO - [2023-05-02T19:44:37.861+0000] {dag.py:2705} INFO - Sync 1 DAGs
[2023-05-02T19:44:37.875+0000] {logging_mixin.py:137} INFO - [2023-05-02T19:44:37.874+0000] {dag.py:3456} INFO - Setting next_dagrun for example_task_group_decorator to 2023-05-01T19:44:37.874830+00:00, run_after=2023-05-02T19:44:37.874830+00:00
[2023-05-02T19:44:37.892+0000] {processor.py:175} INFO - Processing /home/airflow/.local/lib/python3.7/site-packages/airflow/example_dags/example_task_group_decorator.py took 0.064 seconds
[2023-05-02T19:45:08.794+0000] {processor.py:153} INFO - Started process (PID=1171) to work on /home/airflow/.local/lib/python3.7/site-packages/airflow/example_dags/example_task_group_decorator.py
[2023-05-02T19:45:08.795+0000] {processor.py:743} INFO - Processing file /home/airflow/.local/lib/python3.7/site-packages/airflow/example_dags/example_task_group_decorator.py for tasks to queue
[2023-05-02T19:45:08.795+0000] {logging_mixin.py:137} INFO - [2023-05-02T19:45:08.795+0000] {dagbag.py:532} INFO - Filling up the DagBag from /home/airflow/.local/lib/python3.7/site-packages/airflow/example_dags/example_task_group_decorator.py
[2023-05-02T19:45:08.810+0000] {processor.py:753} INFO - DAG(s) dict_keys(['example_task_group_decorator']) retrieved from /home/airflow/.local/lib/python3.7/site-packages/airflow/example_dags/example_task_group_decorator.py
[2023-05-02T19:45:08.826+0000] {logging_mixin.py:137} INFO - [2023-05-02T19:45:08.826+0000] {dag.py:2705} INFO - Sync 1 DAGs
[2023-05-02T19:45:08.841+0000] {logging_mixin.py:137} INFO - [2023-05-02T19:45:08.841+0000] {dag.py:3456} INFO - Setting next_dagrun for example_task_group_decorator to 2023-05-01T19:45:08.841088+00:00, run_after=2023-05-02T19:45:08.841088+00:00
[2023-05-02T19:45:08.853+0000] {processor.py:175} INFO - Processing /home/airflow/.local/lib/python3.7/site-packages/airflow/example_dags/example_task_group_decorator.py took 0.060 seconds
[2023-05-02T19:45:39.887+0000] {processor.py:153} INFO - Started process (PID=1223) to work on /home/airflow/.local/lib/python3.7/site-packages/airflow/example_dags/example_task_group_decorator.py
[2023-05-02T19:45:39.887+0000] {processor.py:743} INFO - Processing file /home/airflow/.local/lib/python3.7/site-packages/airflow/example_dags/example_task_group_decorator.py for tasks to queue
[2023-05-02T19:45:39.887+0000] {logging_mixin.py:137} INFO - [2023-05-02T19:45:39.887+0000] {dagbag.py:532} INFO - Filling up the DagBag from /home/airflow/.local/lib/python3.7/site-packages/airflow/example_dags/example_task_group_decorator.py
[2023-05-02T19:45:39.903+0000] {processor.py:753} INFO - DAG(s) dict_keys(['example_task_group_decorator']) retrieved from /home/airflow/.local/lib/python3.7/site-packages/airflow/example_dags/example_task_group_decorator.py
[2023-05-02T19:45:39.919+0000] {logging_mixin.py:137} INFO - [2023-05-02T19:45:39.919+0000] {dag.py:2705} INFO - Sync 1 DAGs
[2023-05-02T19:45:39.933+0000] {logging_mixin.py:137} INFO - [2023-05-02T19:45:39.933+0000] {dag.py:3456} INFO - Setting next_dagrun for example_task_group_decorator to 2023-05-01T19:45:39.933305+00:00, run_after=2023-05-02T19:45:39.933305+00:00
[2023-05-02T19:45:39.945+0000] {processor.py:175} INFO - Processing /home/airflow/.local/lib/python3.7/site-packages/airflow/example_dags/example_task_group_decorator.py took 0.060 seconds
[2023-05-02T19:46:10.981+0000] {processor.py:153} INFO - Started process (PID=1275) to work on /home/airflow/.local/lib/python3.7/site-packages/airflow/example_dags/example_task_group_decorator.py
[2023-05-02T19:46:10.982+0000] {processor.py:743} INFO - Processing file /home/airflow/.local/lib/python3.7/site-packages/airflow/example_dags/example_task_group_decorator.py for tasks to queue
[2023-05-02T19:46:10.982+0000] {logging_mixin.py:137} INFO - [2023-05-02T19:46:10.982+0000] {dagbag.py:532} INFO - Filling up the DagBag from /home/airflow/.local/lib/python3.7/site-packages/airflow/example_dags/example_task_group_decorator.py
[2023-05-02T19:46:10.998+0000] {processor.py:753} INFO - DAG(s) dict_keys(['example_task_group_decorator']) retrieved from /home/airflow/.local/lib/python3.7/site-packages/airflow/example_dags/example_task_group_decorator.py
[2023-05-02T19:46:11.014+0000] {logging_mixin.py:137} INFO - [2023-05-02T19:46:11.013+0000] {dag.py:2705} INFO - Sync 1 DAGs
[2023-05-02T19:46:11.027+0000] {logging_mixin.py:137} INFO - [2023-05-02T19:46:11.027+0000] {dag.py:3456} INFO - Setting next_dagrun for example_task_group_decorator to 2023-05-01T19:46:11.027172+00:00, run_after=2023-05-02T19:46:11.027172+00:00
[2023-05-02T19:46:11.038+0000] {processor.py:175} INFO - Processing /home/airflow/.local/lib/python3.7/site-packages/airflow/example_dags/example_task_group_decorator.py took 0.059 seconds
[2023-05-02T19:46:41.838+0000] {processor.py:153} INFO - Started process (PID=1327) to work on /home/airflow/.local/lib/python3.7/site-packages/airflow/example_dags/example_task_group_decorator.py
[2023-05-02T19:46:41.838+0000] {processor.py:743} INFO - Processing file /home/airflow/.local/lib/python3.7/site-packages/airflow/example_dags/example_task_group_decorator.py for tasks to queue
[2023-05-02T19:46:41.839+0000] {logging_mixin.py:137} INFO - [2023-05-02T19:46:41.838+0000] {dagbag.py:532} INFO - Filling up the DagBag from /home/airflow/.local/lib/python3.7/site-packages/airflow/example_dags/example_task_group_decorator.py
[2023-05-02T19:46:41.855+0000] {processor.py:753} INFO - DAG(s) dict_keys(['example_task_group_decorator']) retrieved from /home/airflow/.local/lib/python3.7/site-packages/airflow/example_dags/example_task_group_decorator.py
[2023-05-02T19:46:41.871+0000] {logging_mixin.py:137} INFO - [2023-05-02T19:46:41.871+0000] {dag.py:2705} INFO - Sync 1 DAGs
[2023-05-02T19:46:41.885+0000] {logging_mixin.py:137} INFO - [2023-05-02T19:46:41.885+0000] {dag.py:3456} INFO - Setting next_dagrun for example_task_group_decorator to 2023-05-01T19:46:41.885054+00:00, run_after=2023-05-02T19:46:41.885054+00:00
[2023-05-02T19:46:41.896+0000] {processor.py:175} INFO - Processing /home/airflow/.local/lib/python3.7/site-packages/airflow/example_dags/example_task_group_decorator.py took 0.060 seconds
[2023-05-02T19:47:12.688+0000] {processor.py:153} INFO - Started process (PID=1379) to work on /home/airflow/.local/lib/python3.7/site-packages/airflow/example_dags/example_task_group_decorator.py
[2023-05-02T19:47:12.689+0000] {processor.py:743} INFO - Processing file /home/airflow/.local/lib/python3.7/site-packages/airflow/example_dags/example_task_group_decorator.py for tasks to queue
[2023-05-02T19:47:12.689+0000] {logging_mixin.py:137} INFO - [2023-05-02T19:47:12.689+0000] {dagbag.py:532} INFO - Filling up the DagBag from /home/airflow/.local/lib/python3.7/site-packages/airflow/example_dags/example_task_group_decorator.py
[2023-05-02T19:47:12.704+0000] {processor.py:753} INFO - DAG(s) dict_keys(['example_task_group_decorator']) retrieved from /home/airflow/.local/lib/python3.7/site-packages/airflow/example_dags/example_task_group_decorator.py
[2023-05-02T19:47:12.720+0000] {logging_mixin.py:137} INFO - [2023-05-02T19:47:12.720+0000] {dag.py:2705} INFO - Sync 1 DAGs
[2023-05-02T19:47:12.734+0000] {logging_mixin.py:137} INFO - [2023-05-02T19:47:12.734+0000] {dag.py:3456} INFO - Setting next_dagrun for example_task_group_decorator to 2023-05-01T19:47:12.734008+00:00, run_after=2023-05-02T19:47:12.734008+00:00
[2023-05-02T19:47:12.745+0000] {processor.py:175} INFO - Processing /home/airflow/.local/lib/python3.7/site-packages/airflow/example_dags/example_task_group_decorator.py took 0.058 seconds
[2023-05-02T19:47:43.658+0000] {processor.py:153} INFO - Started process (PID=1431) to work on /home/airflow/.local/lib/python3.7/site-packages/airflow/example_dags/example_task_group_decorator.py
[2023-05-02T19:47:43.658+0000] {processor.py:743} INFO - Processing file /home/airflow/.local/lib/python3.7/site-packages/airflow/example_dags/example_task_group_decorator.py for tasks to queue
[2023-05-02T19:47:43.659+0000] {logging_mixin.py:137} INFO - [2023-05-02T19:47:43.658+0000] {dagbag.py:532} INFO - Filling up the DagBag from /home/airflow/.local/lib/python3.7/site-packages/airflow/example_dags/example_task_group_decorator.py
[2023-05-02T19:47:43.674+0000] {processor.py:753} INFO - DAG(s) dict_keys(['example_task_group_decorator']) retrieved from /home/airflow/.local/lib/python3.7/site-packages/airflow/example_dags/example_task_group_decorator.py
[2023-05-02T19:47:43.689+0000] {logging_mixin.py:137} INFO - [2023-05-02T19:47:43.689+0000] {dag.py:2705} INFO - Sync 1 DAGs
[2023-05-02T19:47:43.704+0000] {logging_mixin.py:137} INFO - [2023-05-02T19:47:43.703+0000] {dag.py:3456} INFO - Setting next_dagrun for example_task_group_decorator to 2023-05-01T19:47:43.703856+00:00, run_after=2023-05-02T19:47:43.703856+00:00
[2023-05-02T19:47:43.715+0000] {processor.py:175} INFO - Processing /home/airflow/.local/lib/python3.7/site-packages/airflow/example_dags/example_task_group_decorator.py took 0.059 seconds
[2023-05-02T19:48:14.675+0000] {processor.py:153} INFO - Started process (PID=1483) to work on /home/airflow/.local/lib/python3.7/site-packages/airflow/example_dags/example_task_group_decorator.py
[2023-05-02T19:48:14.675+0000] {processor.py:743} INFO - Processing file /home/airflow/.local/lib/python3.7/site-packages/airflow/example_dags/example_task_group_decorator.py for tasks to queue
[2023-05-02T19:48:14.676+0000] {logging_mixin.py:137} INFO - [2023-05-02T19:48:14.675+0000] {dagbag.py:532} INFO - Filling up the DagBag from /home/airflow/.local/lib/python3.7/site-packages/airflow/example_dags/example_task_group_decorator.py
[2023-05-02T19:48:14.691+0000] {processor.py:753} INFO - DAG(s) dict_keys(['example_task_group_decorator']) retrieved from /home/airflow/.local/lib/python3.7/site-packages/airflow/example_dags/example_task_group_decorator.py
[2023-05-02T19:48:14.707+0000] {logging_mixin.py:137} INFO - [2023-05-02T19:48:14.707+0000] {dag.py:2705} INFO - Sync 1 DAGs
[2023-05-02T19:48:14.721+0000] {logging_mixin.py:137} INFO - [2023-05-02T19:48:14.720+0000] {dag.py:3456} INFO - Setting next_dagrun for example_task_group_decorator to 2023-05-01T19:48:14.720876+00:00, run_after=2023-05-02T19:48:14.720876+00:00
[2023-05-02T19:48:14.733+0000] {processor.py:175} INFO - Processing /home/airflow/.local/lib/python3.7/site-packages/airflow/example_dags/example_task_group_decorator.py took 0.060 seconds
[2023-05-02T19:48:45.459+0000] {processor.py:153} INFO - Started process (PID=1534) to work on /home/airflow/.local/lib/python3.7/site-packages/airflow/example_dags/example_task_group_decorator.py
[2023-05-02T19:48:45.459+0000] {processor.py:743} INFO - Processing file /home/airflow/.local/lib/python3.7/site-packages/airflow/example_dags/example_task_group_decorator.py for tasks to queue
[2023-05-02T19:48:45.459+0000] {logging_mixin.py:137} INFO - [2023-05-02T19:48:45.459+0000] {dagbag.py:532} INFO - Filling up the DagBag from /home/airflow/.local/lib/python3.7/site-packages/airflow/example_dags/example_task_group_decorator.py
[2023-05-02T19:48:45.475+0000] {processor.py:753} INFO - DAG(s) dict_keys(['example_task_group_decorator']) retrieved from /home/airflow/.local/lib/python3.7/site-packages/airflow/example_dags/example_task_group_decorator.py
[2023-05-02T19:48:45.491+0000] {logging_mixin.py:137} INFO - [2023-05-02T19:48:45.491+0000] {dag.py:2705} INFO - Sync 1 DAGs
[2023-05-02T19:48:45.506+0000] {logging_mixin.py:137} INFO - [2023-05-02T19:48:45.505+0000] {dag.py:3456} INFO - Setting next_dagrun for example_task_group_decorator to 2023-05-01T19:48:45.505859+00:00, run_after=2023-05-02T19:48:45.505859+00:00
[2023-05-02T19:48:45.517+0000] {processor.py:175} INFO - Processing /home/airflow/.local/lib/python3.7/site-packages/airflow/example_dags/example_task_group_decorator.py took 0.060 seconds
[2023-05-02T19:49:16.224+0000] {processor.py:153} INFO - Started process (PID=1586) to work on /home/airflow/.local/lib/python3.7/site-packages/airflow/example_dags/example_task_group_decorator.py
[2023-05-02T19:49:16.224+0000] {processor.py:743} INFO - Processing file /home/airflow/.local/lib/python3.7/site-packages/airflow/example_dags/example_task_group_decorator.py for tasks to queue
[2023-05-02T19:49:16.224+0000] {logging_mixin.py:137} INFO - [2023-05-02T19:49:16.224+0000] {dagbag.py:532} INFO - Filling up the DagBag from /home/airflow/.local/lib/python3.7/site-packages/airflow/example_dags/example_task_group_decorator.py
[2023-05-02T19:49:16.240+0000] {processor.py:753} INFO - DAG(s) dict_keys(['example_task_group_decorator']) retrieved from /home/airflow/.local/lib/python3.7/site-packages/airflow/example_dags/example_task_group_decorator.py
[2023-05-02T19:49:16.256+0000] {logging_mixin.py:137} INFO - [2023-05-02T19:49:16.256+0000] {dag.py:2705} INFO - Sync 1 DAGs
[2023-05-02T19:49:16.270+0000] {logging_mixin.py:137} INFO - [2023-05-02T19:49:16.270+0000] {dag.py:3456} INFO - Setting next_dagrun for example_task_group_decorator to 2023-05-01T19:49:16.269904+00:00, run_after=2023-05-02T19:49:16.269904+00:00
[2023-05-02T19:49:16.281+0000] {processor.py:175} INFO - Processing /home/airflow/.local/lib/python3.7/site-packages/airflow/example_dags/example_task_group_decorator.py took 0.059 seconds
[2023-05-02T19:49:47.054+0000] {processor.py:153} INFO - Started process (PID=1637) to work on /home/airflow/.local/lib/python3.7/site-packages/airflow/example_dags/example_task_group_decorator.py
[2023-05-02T19:49:47.055+0000] {processor.py:743} INFO - Processing file /home/airflow/.local/lib/python3.7/site-packages/airflow/example_dags/example_task_group_decorator.py for tasks to queue
[2023-05-02T19:49:47.055+0000] {logging_mixin.py:137} INFO - [2023-05-02T19:49:47.055+0000] {dagbag.py:532} INFO - Filling up the DagBag from /home/airflow/.local/lib/python3.7/site-packages/airflow/example_dags/example_task_group_decorator.py
[2023-05-02T19:49:47.071+0000] {processor.py:753} INFO - DAG(s) dict_keys(['example_task_group_decorator']) retrieved from /home/airflow/.local/lib/python3.7/site-packages/airflow/example_dags/example_task_group_decorator.py
[2023-05-02T19:49:47.087+0000] {logging_mixin.py:137} INFO - [2023-05-02T19:49:47.087+0000] {dag.py:2705} INFO - Sync 1 DAGs
[2023-05-02T19:49:47.100+0000] {logging_mixin.py:137} INFO - [2023-05-02T19:49:47.100+0000] {dag.py:3456} INFO - Setting next_dagrun for example_task_group_decorator to 2023-05-01T19:49:47.100741+00:00, run_after=2023-05-02T19:49:47.100741+00:00
[2023-05-02T19:49:47.112+0000] {processor.py:175} INFO - Processing /home/airflow/.local/lib/python3.7/site-packages/airflow/example_dags/example_task_group_decorator.py took 0.060 seconds
[2023-05-02T19:50:17.830+0000] {processor.py:153} INFO - Started process (PID=1695) to work on /home/airflow/.local/lib/python3.7/site-packages/airflow/example_dags/example_task_group_decorator.py
[2023-05-02T19:50:17.830+0000] {processor.py:743} INFO - Processing file /home/airflow/.local/lib/python3.7/site-packages/airflow/example_dags/example_task_group_decorator.py for tasks to queue
[2023-05-02T19:50:17.830+0000] {logging_mixin.py:137} INFO - [2023-05-02T19:50:17.830+0000] {dagbag.py:532} INFO - Filling up the DagBag from /home/airflow/.local/lib/python3.7/site-packages/airflow/example_dags/example_task_group_decorator.py
[2023-05-02T19:50:17.846+0000] {processor.py:753} INFO - DAG(s) dict_keys(['example_task_group_decorator']) retrieved from /home/airflow/.local/lib/python3.7/site-packages/airflow/example_dags/example_task_group_decorator.py
[2023-05-02T19:50:17.862+0000] {logging_mixin.py:137} INFO - [2023-05-02T19:50:17.862+0000] {dag.py:2705} INFO - Sync 1 DAGs
[2023-05-02T19:50:17.876+0000] {logging_mixin.py:137} INFO - [2023-05-02T19:50:17.876+0000] {dag.py:3456} INFO - Setting next_dagrun for example_task_group_decorator to 2023-05-01T19:50:17.876787+00:00, run_after=2023-05-02T19:50:17.876787+00:00
[2023-05-02T19:50:17.888+0000] {processor.py:175} INFO - Processing /home/airflow/.local/lib/python3.7/site-packages/airflow/example_dags/example_task_group_decorator.py took 0.060 seconds
[2023-05-02T19:50:48.699+0000] {processor.py:153} INFO - Started process (PID=1746) to work on /home/airflow/.local/lib/python3.7/site-packages/airflow/example_dags/example_task_group_decorator.py
[2023-05-02T19:50:48.699+0000] {processor.py:743} INFO - Processing file /home/airflow/.local/lib/python3.7/site-packages/airflow/example_dags/example_task_group_decorator.py for tasks to queue
[2023-05-02T19:50:48.699+0000] {logging_mixin.py:137} INFO - [2023-05-02T19:50:48.699+0000] {dagbag.py:532} INFO - Filling up the DagBag from /home/airflow/.local/lib/python3.7/site-packages/airflow/example_dags/example_task_group_decorator.py
[2023-05-02T19:50:48.715+0000] {processor.py:753} INFO - DAG(s) dict_keys(['example_task_group_decorator']) retrieved from /home/airflow/.local/lib/python3.7/site-packages/airflow/example_dags/example_task_group_decorator.py
[2023-05-02T19:50:48.731+0000] {logging_mixin.py:137} INFO - [2023-05-02T19:50:48.731+0000] {dag.py:2705} INFO - Sync 1 DAGs
[2023-05-02T19:50:48.744+0000] {logging_mixin.py:137} INFO - [2023-05-02T19:50:48.744+0000] {dag.py:3456} INFO - Setting next_dagrun for example_task_group_decorator to 2023-05-01T19:50:48.744515+00:00, run_after=2023-05-02T19:50:48.744515+00:00
[2023-05-02T19:50:48.756+0000] {processor.py:175} INFO - Processing /home/airflow/.local/lib/python3.7/site-packages/airflow/example_dags/example_task_group_decorator.py took 0.059 seconds
[2023-05-02T19:51:19.350+0000] {processor.py:153} INFO - Started process (PID=1798) to work on /home/airflow/.local/lib/python3.7/site-packages/airflow/example_dags/example_task_group_decorator.py
[2023-05-02T19:51:19.350+0000] {processor.py:743} INFO - Processing file /home/airflow/.local/lib/python3.7/site-packages/airflow/example_dags/example_task_group_decorator.py for tasks to queue
[2023-05-02T19:51:19.350+0000] {logging_mixin.py:137} INFO - [2023-05-02T19:51:19.350+0000] {dagbag.py:532} INFO - Filling up the DagBag from /home/airflow/.local/lib/python3.7/site-packages/airflow/example_dags/example_task_group_decorator.py
[2023-05-02T19:51:19.366+0000] {processor.py:753} INFO - DAG(s) dict_keys(['example_task_group_decorator']) retrieved from /home/airflow/.local/lib/python3.7/site-packages/airflow/example_dags/example_task_group_decorator.py
[2023-05-02T19:51:19.382+0000] {logging_mixin.py:137} INFO - [2023-05-02T19:51:19.382+0000] {dag.py:2705} INFO - Sync 1 DAGs
[2023-05-02T19:51:19.395+0000] {logging_mixin.py:137} INFO - [2023-05-02T19:51:19.395+0000] {dag.py:3456} INFO - Setting next_dagrun for example_task_group_decorator to 2023-05-01T19:51:19.395623+00:00, run_after=2023-05-02T19:51:19.395623+00:00
[2023-05-02T19:51:19.407+0000] {processor.py:175} INFO - Processing /home/airflow/.local/lib/python3.7/site-packages/airflow/example_dags/example_task_group_decorator.py took 0.059 seconds
[2023-05-02T19:51:50.342+0000] {processor.py:153} INFO - Started process (PID=1849) to work on /home/airflow/.local/lib/python3.7/site-packages/airflow/example_dags/example_task_group_decorator.py
[2023-05-02T19:51:50.343+0000] {processor.py:743} INFO - Processing file /home/airflow/.local/lib/python3.7/site-packages/airflow/example_dags/example_task_group_decorator.py for tasks to queue
[2023-05-02T19:51:50.343+0000] {logging_mixin.py:137} INFO - [2023-05-02T19:51:50.343+0000] {dagbag.py:532} INFO - Filling up the DagBag from /home/airflow/.local/lib/python3.7/site-packages/airflow/example_dags/example_task_group_decorator.py
[2023-05-02T19:51:50.359+0000] {processor.py:753} INFO - DAG(s) dict_keys(['example_task_group_decorator']) retrieved from /home/airflow/.local/lib/python3.7/site-packages/airflow/example_dags/example_task_group_decorator.py
[2023-05-02T19:51:50.374+0000] {logging_mixin.py:137} INFO - [2023-05-02T19:51:50.374+0000] {dag.py:2705} INFO - Sync 1 DAGs
[2023-05-02T19:51:50.388+0000] {logging_mixin.py:137} INFO - [2023-05-02T19:51:50.388+0000] {dag.py:3456} INFO - Setting next_dagrun for example_task_group_decorator to 2023-05-01T19:51:50.388369+00:00, run_after=2023-05-02T19:51:50.388369+00:00
[2023-05-02T19:51:50.401+0000] {processor.py:175} INFO - Processing /home/airflow/.local/lib/python3.7/site-packages/airflow/example_dags/example_task_group_decorator.py took 0.060 seconds
[2023-05-02T19:52:21.115+0000] {processor.py:153} INFO - Started process (PID=1901) to work on /home/airflow/.local/lib/python3.7/site-packages/airflow/example_dags/example_task_group_decorator.py
[2023-05-02T19:52:21.115+0000] {processor.py:743} INFO - Processing file /home/airflow/.local/lib/python3.7/site-packages/airflow/example_dags/example_task_group_decorator.py for tasks to queue
[2023-05-02T19:52:21.115+0000] {logging_mixin.py:137} INFO - [2023-05-02T19:52:21.115+0000] {dagbag.py:532} INFO - Filling up the DagBag from /home/airflow/.local/lib/python3.7/site-packages/airflow/example_dags/example_task_group_decorator.py
[2023-05-02T19:52:21.131+0000] {processor.py:753} INFO - DAG(s) dict_keys(['example_task_group_decorator']) retrieved from /home/airflow/.local/lib/python3.7/site-packages/airflow/example_dags/example_task_group_decorator.py
[2023-05-02T19:52:21.147+0000] {logging_mixin.py:137} INFO - [2023-05-02T19:52:21.147+0000] {dag.py:2705} INFO - Sync 1 DAGs
[2023-05-02T19:52:21.161+0000] {logging_mixin.py:137} INFO - [2023-05-02T19:52:21.161+0000] {dag.py:3456} INFO - Setting next_dagrun for example_task_group_decorator to 2023-05-01T19:52:21.161448+00:00, run_after=2023-05-02T19:52:21.161448+00:00
[2023-05-02T19:52:21.175+0000] {processor.py:175} INFO - Processing /home/airflow/.local/lib/python3.7/site-packages/airflow/example_dags/example_task_group_decorator.py took 0.061 seconds
[2023-05-02T19:52:51.926+0000] {processor.py:153} INFO - Started process (PID=1953) to work on /home/airflow/.local/lib/python3.7/site-packages/airflow/example_dags/example_task_group_decorator.py
[2023-05-02T19:52:51.927+0000] {processor.py:743} INFO - Processing file /home/airflow/.local/lib/python3.7/site-packages/airflow/example_dags/example_task_group_decorator.py for tasks to queue
[2023-05-02T19:52:51.927+0000] {logging_mixin.py:137} INFO - [2023-05-02T19:52:51.927+0000] {dagbag.py:532} INFO - Filling up the DagBag from /home/airflow/.local/lib/python3.7/site-packages/airflow/example_dags/example_task_group_decorator.py
[2023-05-02T19:52:51.942+0000] {processor.py:753} INFO - DAG(s) dict_keys(['example_task_group_decorator']) retrieved from /home/airflow/.local/lib/python3.7/site-packages/airflow/example_dags/example_task_group_decorator.py
[2023-05-02T19:52:51.958+0000] {logging_mixin.py:137} INFO - [2023-05-02T19:52:51.958+0000] {dag.py:2705} INFO - Sync 1 DAGs
[2023-05-02T19:52:51.972+0000] {logging_mixin.py:137} INFO - [2023-05-02T19:52:51.972+0000] {dag.py:3456} INFO - Setting next_dagrun for example_task_group_decorator to 2023-05-01T19:52:51.972311+00:00, run_after=2023-05-02T19:52:51.972311+00:00
[2023-05-02T19:52:51.983+0000] {processor.py:175} INFO - Processing /home/airflow/.local/lib/python3.7/site-packages/airflow/example_dags/example_task_group_decorator.py took 0.058 seconds
[2023-05-02T19:53:22.710+0000] {processor.py:153} INFO - Started process (PID=2005) to work on /home/airflow/.local/lib/python3.7/site-packages/airflow/example_dags/example_task_group_decorator.py
[2023-05-02T19:53:22.711+0000] {processor.py:743} INFO - Processing file /home/airflow/.local/lib/python3.7/site-packages/airflow/example_dags/example_task_group_decorator.py for tasks to queue
[2023-05-02T19:53:22.711+0000] {logging_mixin.py:137} INFO - [2023-05-02T19:53:22.711+0000] {dagbag.py:532} INFO - Filling up the DagBag from /home/airflow/.local/lib/python3.7/site-packages/airflow/example_dags/example_task_group_decorator.py
[2023-05-02T19:53:22.727+0000] {processor.py:753} INFO - DAG(s) dict_keys(['example_task_group_decorator']) retrieved from /home/airflow/.local/lib/python3.7/site-packages/airflow/example_dags/example_task_group_decorator.py
[2023-05-02T19:53:22.742+0000] {logging_mixin.py:137} INFO - [2023-05-02T19:53:22.742+0000] {dag.py:2705} INFO - Sync 1 DAGs
[2023-05-02T19:53:22.756+0000] {logging_mixin.py:137} INFO - [2023-05-02T19:53:22.756+0000] {dag.py:3456} INFO - Setting next_dagrun for example_task_group_decorator to 2023-05-01T19:53:22.756775+00:00, run_after=2023-05-02T19:53:22.756775+00:00
[2023-05-02T19:53:22.767+0000] {processor.py:175} INFO - Processing /home/airflow/.local/lib/python3.7/site-packages/airflow/example_dags/example_task_group_decorator.py took 0.059 seconds
[2023-05-02T19:53:53.656+0000] {processor.py:153} INFO - Started process (PID=2057) to work on /home/airflow/.local/lib/python3.7/site-packages/airflow/example_dags/example_task_group_decorator.py
[2023-05-02T19:53:53.656+0000] {processor.py:743} INFO - Processing file /home/airflow/.local/lib/python3.7/site-packages/airflow/example_dags/example_task_group_decorator.py for tasks to queue
[2023-05-02T19:53:53.657+0000] {logging_mixin.py:137} INFO - [2023-05-02T19:53:53.657+0000] {dagbag.py:532} INFO - Filling up the DagBag from /home/airflow/.local/lib/python3.7/site-packages/airflow/example_dags/example_task_group_decorator.py
[2023-05-02T19:53:53.672+0000] {processor.py:753} INFO - DAG(s) dict_keys(['example_task_group_decorator']) retrieved from /home/airflow/.local/lib/python3.7/site-packages/airflow/example_dags/example_task_group_decorator.py
[2023-05-02T19:53:53.688+0000] {logging_mixin.py:137} INFO - [2023-05-02T19:53:53.688+0000] {dag.py:2705} INFO - Sync 1 DAGs
[2023-05-02T19:53:53.702+0000] {logging_mixin.py:137} INFO - [2023-05-02T19:53:53.702+0000] {dag.py:3456} INFO - Setting next_dagrun for example_task_group_decorator to 2023-05-01T19:53:53.702732+00:00, run_after=2023-05-02T19:53:53.702732+00:00
[2023-05-02T19:53:53.714+0000] {processor.py:175} INFO - Processing /home/airflow/.local/lib/python3.7/site-packages/airflow/example_dags/example_task_group_decorator.py took 0.060 seconds
[2023-05-02T19:54:24.682+0000] {processor.py:153} INFO - Started process (PID=2109) to work on /home/airflow/.local/lib/python3.7/site-packages/airflow/example_dags/example_task_group_decorator.py
[2023-05-02T19:54:24.682+0000] {processor.py:743} INFO - Processing file /home/airflow/.local/lib/python3.7/site-packages/airflow/example_dags/example_task_group_decorator.py for tasks to queue
[2023-05-02T19:54:24.683+0000] {logging_mixin.py:137} INFO - [2023-05-02T19:54:24.683+0000] {dagbag.py:532} INFO - Filling up the DagBag from /home/airflow/.local/lib/python3.7/site-packages/airflow/example_dags/example_task_group_decorator.py
[2023-05-02T19:54:24.698+0000] {processor.py:753} INFO - DAG(s) dict_keys(['example_task_group_decorator']) retrieved from /home/airflow/.local/lib/python3.7/site-packages/airflow/example_dags/example_task_group_decorator.py
[2023-05-02T19:54:24.716+0000] {logging_mixin.py:137} INFO - [2023-05-02T19:54:24.715+0000] {dag.py:2705} INFO - Sync 1 DAGs
[2023-05-02T19:54:24.729+0000] {logging_mixin.py:137} INFO - [2023-05-02T19:54:24.729+0000] {dag.py:3456} INFO - Setting next_dagrun for example_task_group_decorator to 2023-05-01T19:54:24.729572+00:00, run_after=2023-05-02T19:54:24.729572+00:00
[2023-05-02T19:54:24.741+0000] {processor.py:175} INFO - Processing /home/airflow/.local/lib/python3.7/site-packages/airflow/example_dags/example_task_group_decorator.py took 0.061 seconds
[2023-05-02T19:54:55.619+0000] {processor.py:153} INFO - Started process (PID=2161) to work on /home/airflow/.local/lib/python3.7/site-packages/airflow/example_dags/example_task_group_decorator.py
[2023-05-02T19:54:55.619+0000] {processor.py:743} INFO - Processing file /home/airflow/.local/lib/python3.7/site-packages/airflow/example_dags/example_task_group_decorator.py for tasks to queue
[2023-05-02T19:54:55.619+0000] {logging_mixin.py:137} INFO - [2023-05-02T19:54:55.619+0000] {dagbag.py:532} INFO - Filling up the DagBag from /home/airflow/.local/lib/python3.7/site-packages/airflow/example_dags/example_task_group_decorator.py
[2023-05-02T19:54:55.635+0000] {processor.py:753} INFO - DAG(s) dict_keys(['example_task_group_decorator']) retrieved from /home/airflow/.local/lib/python3.7/site-packages/airflow/example_dags/example_task_group_decorator.py
[2023-05-02T19:54:55.651+0000] {logging_mixin.py:137} INFO - [2023-05-02T19:54:55.651+0000] {dag.py:2705} INFO - Sync 1 DAGs
[2023-05-02T19:54:55.664+0000] {logging_mixin.py:137} INFO - [2023-05-02T19:54:55.664+0000] {dag.py:3456} INFO - Setting next_dagrun for example_task_group_decorator to 2023-05-01T19:54:55.664672+00:00, run_after=2023-05-02T19:54:55.664672+00:00
[2023-05-02T19:54:55.678+0000] {processor.py:175} INFO - Processing /home/airflow/.local/lib/python3.7/site-packages/airflow/example_dags/example_task_group_decorator.py took 0.061 seconds
[2023-05-02T19:55:26.691+0000] {processor.py:153} INFO - Started process (PID=2213) to work on /home/airflow/.local/lib/python3.7/site-packages/airflow/example_dags/example_task_group_decorator.py
[2023-05-02T19:55:26.692+0000] {processor.py:743} INFO - Processing file /home/airflow/.local/lib/python3.7/site-packages/airflow/example_dags/example_task_group_decorator.py for tasks to queue
[2023-05-02T19:55:26.692+0000] {logging_mixin.py:137} INFO - [2023-05-02T19:55:26.692+0000] {dagbag.py:532} INFO - Filling up the DagBag from /home/airflow/.local/lib/python3.7/site-packages/airflow/example_dags/example_task_group_decorator.py
[2023-05-02T19:55:26.707+0000] {processor.py:753} INFO - DAG(s) dict_keys(['example_task_group_decorator']) retrieved from /home/airflow/.local/lib/python3.7/site-packages/airflow/example_dags/example_task_group_decorator.py
[2023-05-02T19:55:26.723+0000] {logging_mixin.py:137} INFO - [2023-05-02T19:55:26.723+0000] {dag.py:2705} INFO - Sync 1 DAGs
[2023-05-02T19:55:26.738+0000] {logging_mixin.py:137} INFO - [2023-05-02T19:55:26.738+0000] {dag.py:3456} INFO - Setting next_dagrun for example_task_group_decorator to 2023-05-01T19:55:26.737895+00:00, run_after=2023-05-02T19:55:26.737895+00:00
[2023-05-02T19:55:26.749+0000] {processor.py:175} INFO - Processing /home/airflow/.local/lib/python3.7/site-packages/airflow/example_dags/example_task_group_decorator.py took 0.059 seconds
[2023-05-02T19:55:56.967+0000] {processor.py:153} INFO - Started process (PID=2265) to work on /home/airflow/.local/lib/python3.7/site-packages/airflow/example_dags/example_task_group_decorator.py
[2023-05-02T19:55:56.967+0000] {processor.py:743} INFO - Processing file /home/airflow/.local/lib/python3.7/site-packages/airflow/example_dags/example_task_group_decorator.py for tasks to queue
[2023-05-02T19:55:56.967+0000] {logging_mixin.py:137} INFO - [2023-05-02T19:55:56.967+0000] {dagbag.py:532} INFO - Filling up the DagBag from /home/airflow/.local/lib/python3.7/site-packages/airflow/example_dags/example_task_group_decorator.py
[2023-05-02T19:55:56.983+0000] {processor.py:753} INFO - DAG(s) dict_keys(['example_task_group_decorator']) retrieved from /home/airflow/.local/lib/python3.7/site-packages/airflow/example_dags/example_task_group_decorator.py
[2023-05-02T19:55:56.999+0000] {logging_mixin.py:137} INFO - [2023-05-02T19:55:56.999+0000] {dag.py:2705} INFO - Sync 1 DAGs
[2023-05-02T19:55:57.013+0000] {logging_mixin.py:137} INFO - [2023-05-02T19:55:57.013+0000] {dag.py:3456} INFO - Setting next_dagrun for example_task_group_decorator to 2023-05-01T19:55:57.013468+00:00, run_after=2023-05-02T19:55:57.013468+00:00
[2023-05-02T19:55:57.025+0000] {processor.py:175} INFO - Processing /home/airflow/.local/lib/python3.7/site-packages/airflow/example_dags/example_task_group_decorator.py took 0.060 seconds
[2023-05-02T19:56:27.073+0000] {processor.py:153} INFO - Started process (PID=2317) to work on /home/airflow/.local/lib/python3.7/site-packages/airflow/example_dags/example_task_group_decorator.py
[2023-05-02T19:56:27.073+0000] {processor.py:743} INFO - Processing file /home/airflow/.local/lib/python3.7/site-packages/airflow/example_dags/example_task_group_decorator.py for tasks to queue
[2023-05-02T19:56:27.073+0000] {logging_mixin.py:137} INFO - [2023-05-02T19:56:27.073+0000] {dagbag.py:532} INFO - Filling up the DagBag from /home/airflow/.local/lib/python3.7/site-packages/airflow/example_dags/example_task_group_decorator.py
[2023-05-02T19:56:27.089+0000] {processor.py:753} INFO - DAG(s) dict_keys(['example_task_group_decorator']) retrieved from /home/airflow/.local/lib/python3.7/site-packages/airflow/example_dags/example_task_group_decorator.py
[2023-05-02T19:56:27.105+0000] {logging_mixin.py:137} INFO - [2023-05-02T19:56:27.105+0000] {dag.py:2705} INFO - Sync 1 DAGs
[2023-05-02T19:56:27.119+0000] {logging_mixin.py:137} INFO - [2023-05-02T19:56:27.119+0000] {dag.py:3456} INFO - Setting next_dagrun for example_task_group_decorator to 2023-05-01T19:56:27.119236+00:00, run_after=2023-05-02T19:56:27.119236+00:00
[2023-05-02T19:56:27.130+0000] {processor.py:175} INFO - Processing /home/airflow/.local/lib/python3.7/site-packages/airflow/example_dags/example_task_group_decorator.py took 0.059 seconds
[2023-05-02T19:56:57.160+0000] {processor.py:153} INFO - Started process (PID=2367) to work on /home/airflow/.local/lib/python3.7/site-packages/airflow/example_dags/example_task_group_decorator.py
[2023-05-02T19:56:57.160+0000] {processor.py:743} INFO - Processing file /home/airflow/.local/lib/python3.7/site-packages/airflow/example_dags/example_task_group_decorator.py for tasks to queue
[2023-05-02T19:56:57.160+0000] {logging_mixin.py:137} INFO - [2023-05-02T19:56:57.160+0000] {dagbag.py:532} INFO - Filling up the DagBag from /home/airflow/.local/lib/python3.7/site-packages/airflow/example_dags/example_task_group_decorator.py
[2023-05-02T19:56:57.176+0000] {processor.py:753} INFO - DAG(s) dict_keys(['example_task_group_decorator']) retrieved from /home/airflow/.local/lib/python3.7/site-packages/airflow/example_dags/example_task_group_decorator.py
[2023-05-02T19:56:57.191+0000] {logging_mixin.py:137} INFO - [2023-05-02T19:56:57.191+0000] {dag.py:2705} INFO - Sync 1 DAGs
[2023-05-02T19:56:57.204+0000] {logging_mixin.py:137} INFO - [2023-05-02T19:56:57.204+0000] {dag.py:3456} INFO - Setting next_dagrun for example_task_group_decorator to 2023-05-01T19:56:57.204745+00:00, run_after=2023-05-02T19:56:57.204745+00:00
[2023-05-02T19:56:57.216+0000] {processor.py:175} INFO - Processing /home/airflow/.local/lib/python3.7/site-packages/airflow/example_dags/example_task_group_decorator.py took 0.058 seconds
[2023-05-02T19:57:28.044+0000] {processor.py:153} INFO - Started process (PID=2419) to work on /home/airflow/.local/lib/python3.7/site-packages/airflow/example_dags/example_task_group_decorator.py
[2023-05-02T19:57:28.044+0000] {processor.py:743} INFO - Processing file /home/airflow/.local/lib/python3.7/site-packages/airflow/example_dags/example_task_group_decorator.py for tasks to queue
[2023-05-02T19:57:28.044+0000] {logging_mixin.py:137} INFO - [2023-05-02T19:57:28.044+0000] {dagbag.py:532} INFO - Filling up the DagBag from /home/airflow/.local/lib/python3.7/site-packages/airflow/example_dags/example_task_group_decorator.py
[2023-05-02T19:57:28.059+0000] {processor.py:753} INFO - DAG(s) dict_keys(['example_task_group_decorator']) retrieved from /home/airflow/.local/lib/python3.7/site-packages/airflow/example_dags/example_task_group_decorator.py
[2023-05-02T19:57:28.075+0000] {logging_mixin.py:137} INFO - [2023-05-02T19:57:28.075+0000] {dag.py:2705} INFO - Sync 1 DAGs
[2023-05-02T19:57:28.089+0000] {logging_mixin.py:137} INFO - [2023-05-02T19:57:28.089+0000] {dag.py:3456} INFO - Setting next_dagrun for example_task_group_decorator to 2023-05-01T19:57:28.089149+00:00, run_after=2023-05-02T19:57:28.089149+00:00
[2023-05-02T19:57:28.101+0000] {processor.py:175} INFO - Processing /home/airflow/.local/lib/python3.7/site-packages/airflow/example_dags/example_task_group_decorator.py took 0.059 seconds
[2023-05-02T19:57:58.201+0000] {processor.py:153} INFO - Started process (PID=2471) to work on /home/airflow/.local/lib/python3.7/site-packages/airflow/example_dags/example_task_group_decorator.py
[2023-05-02T19:57:58.202+0000] {processor.py:743} INFO - Processing file /home/airflow/.local/lib/python3.7/site-packages/airflow/example_dags/example_task_group_decorator.py for tasks to queue
[2023-05-02T19:57:58.202+0000] {logging_mixin.py:137} INFO - [2023-05-02T19:57:58.202+0000] {dagbag.py:532} INFO - Filling up the DagBag from /home/airflow/.local/lib/python3.7/site-packages/airflow/example_dags/example_task_group_decorator.py
[2023-05-02T19:57:58.217+0000] {processor.py:753} INFO - DAG(s) dict_keys(['example_task_group_decorator']) retrieved from /home/airflow/.local/lib/python3.7/site-packages/airflow/example_dags/example_task_group_decorator.py
[2023-05-02T19:57:58.233+0000] {logging_mixin.py:137} INFO - [2023-05-02T19:57:58.233+0000] {dag.py:2705} INFO - Sync 1 DAGs
[2023-05-02T19:57:58.246+0000] {logging_mixin.py:137} INFO - [2023-05-02T19:57:58.246+0000] {dag.py:3456} INFO - Setting next_dagrun for example_task_group_decorator to 2023-05-01T19:57:58.246293+00:00, run_after=2023-05-02T19:57:58.246293+00:00
[2023-05-02T19:57:58.261+0000] {processor.py:175} INFO - Processing /home/airflow/.local/lib/python3.7/site-packages/airflow/example_dags/example_task_group_decorator.py took 0.061 seconds
[2023-05-02T19:58:29.130+0000] {processor.py:153} INFO - Started process (PID=2523) to work on /home/airflow/.local/lib/python3.7/site-packages/airflow/example_dags/example_task_group_decorator.py
[2023-05-02T19:58:29.131+0000] {processor.py:743} INFO - Processing file /home/airflow/.local/lib/python3.7/site-packages/airflow/example_dags/example_task_group_decorator.py for tasks to queue
[2023-05-02T19:58:29.131+0000] {logging_mixin.py:137} INFO - [2023-05-02T19:58:29.131+0000] {dagbag.py:532} INFO - Filling up the DagBag from /home/airflow/.local/lib/python3.7/site-packages/airflow/example_dags/example_task_group_decorator.py
[2023-05-02T19:58:29.147+0000] {processor.py:753} INFO - DAG(s) dict_keys(['example_task_group_decorator']) retrieved from /home/airflow/.local/lib/python3.7/site-packages/airflow/example_dags/example_task_group_decorator.py
[2023-05-02T19:58:29.162+0000] {logging_mixin.py:137} INFO - [2023-05-02T19:58:29.162+0000] {dag.py:2705} INFO - Sync 1 DAGs
[2023-05-02T19:58:29.176+0000] {logging_mixin.py:137} INFO - [2023-05-02T19:58:29.176+0000] {dag.py:3456} INFO - Setting next_dagrun for example_task_group_decorator to 2023-05-01T19:58:29.175970+00:00, run_after=2023-05-02T19:58:29.175970+00:00
[2023-05-02T19:58:29.187+0000] {processor.py:175} INFO - Processing /home/airflow/.local/lib/python3.7/site-packages/airflow/example_dags/example_task_group_decorator.py took 0.058 seconds
[2023-05-02T19:58:59.930+0000] {processor.py:153} INFO - Started process (PID=2575) to work on /home/airflow/.local/lib/python3.7/site-packages/airflow/example_dags/example_task_group_decorator.py
[2023-05-02T19:58:59.931+0000] {processor.py:743} INFO - Processing file /home/airflow/.local/lib/python3.7/site-packages/airflow/example_dags/example_task_group_decorator.py for tasks to queue
[2023-05-02T19:58:59.931+0000] {logging_mixin.py:137} INFO - [2023-05-02T19:58:59.931+0000] {dagbag.py:532} INFO - Filling up the DagBag from /home/airflow/.local/lib/python3.7/site-packages/airflow/example_dags/example_task_group_decorator.py
[2023-05-02T19:58:59.947+0000] {processor.py:753} INFO - DAG(s) dict_keys(['example_task_group_decorator']) retrieved from /home/airflow/.local/lib/python3.7/site-packages/airflow/example_dags/example_task_group_decorator.py
[2023-05-02T19:58:59.963+0000] {logging_mixin.py:137} INFO - [2023-05-02T19:58:59.963+0000] {dag.py:2705} INFO - Sync 1 DAGs
[2023-05-02T19:58:59.977+0000] {logging_mixin.py:137} INFO - [2023-05-02T19:58:59.977+0000] {dag.py:3456} INFO - Setting next_dagrun for example_task_group_decorator to 2023-05-01T19:58:59.976941+00:00, run_after=2023-05-02T19:58:59.976941+00:00
[2023-05-02T19:58:59.988+0000] {processor.py:175} INFO - Processing /home/airflow/.local/lib/python3.7/site-packages/airflow/example_dags/example_task_group_decorator.py took 0.059 seconds
[2023-05-02T19:59:30.712+0000] {processor.py:153} INFO - Started process (PID=2627) to work on /home/airflow/.local/lib/python3.7/site-packages/airflow/example_dags/example_task_group_decorator.py
[2023-05-02T19:59:30.712+0000] {processor.py:743} INFO - Processing file /home/airflow/.local/lib/python3.7/site-packages/airflow/example_dags/example_task_group_decorator.py for tasks to queue
[2023-05-02T19:59:30.712+0000] {logging_mixin.py:137} INFO - [2023-05-02T19:59:30.712+0000] {dagbag.py:532} INFO - Filling up the DagBag from /home/airflow/.local/lib/python3.7/site-packages/airflow/example_dags/example_task_group_decorator.py
[2023-05-02T19:59:30.728+0000] {processor.py:753} INFO - DAG(s) dict_keys(['example_task_group_decorator']) retrieved from /home/airflow/.local/lib/python3.7/site-packages/airflow/example_dags/example_task_group_decorator.py
[2023-05-02T19:59:30.744+0000] {logging_mixin.py:137} INFO - [2023-05-02T19:59:30.744+0000] {dag.py:2705} INFO - Sync 1 DAGs
[2023-05-02T19:59:30.757+0000] {logging_mixin.py:137} INFO - [2023-05-02T19:59:30.757+0000] {dag.py:3456} INFO - Setting next_dagrun for example_task_group_decorator to 2023-05-01T19:59:30.757636+00:00, run_after=2023-05-02T19:59:30.757636+00:00
[2023-05-02T19:59:30.769+0000] {processor.py:175} INFO - Processing /home/airflow/.local/lib/python3.7/site-packages/airflow/example_dags/example_task_group_decorator.py took 0.059 seconds
[2023-05-02T20:00:01.560+0000] {processor.py:153} INFO - Started process (PID=2679) to work on /home/airflow/.local/lib/python3.7/site-packages/airflow/example_dags/example_task_group_decorator.py
[2023-05-02T20:00:01.560+0000] {processor.py:743} INFO - Processing file /home/airflow/.local/lib/python3.7/site-packages/airflow/example_dags/example_task_group_decorator.py for tasks to queue
[2023-05-02T20:00:01.561+0000] {logging_mixin.py:137} INFO - [2023-05-02T20:00:01.561+0000] {dagbag.py:532} INFO - Filling up the DagBag from /home/airflow/.local/lib/python3.7/site-packages/airflow/example_dags/example_task_group_decorator.py
[2023-05-02T20:00:01.577+0000] {processor.py:753} INFO - DAG(s) dict_keys(['example_task_group_decorator']) retrieved from /home/airflow/.local/lib/python3.7/site-packages/airflow/example_dags/example_task_group_decorator.py
[2023-05-02T20:00:01.593+0000] {logging_mixin.py:137} INFO - [2023-05-02T20:00:01.593+0000] {dag.py:2705} INFO - Sync 1 DAGs
[2023-05-02T20:00:01.608+0000] {logging_mixin.py:137} INFO - [2023-05-02T20:00:01.608+0000] {dag.py:3456} INFO - Setting next_dagrun for example_task_group_decorator to 2023-05-01T20:00:01.607895+00:00, run_after=2023-05-02T20:00:01.607895+00:00
[2023-05-02T20:00:01.620+0000] {processor.py:175} INFO - Processing /home/airflow/.local/lib/python3.7/site-packages/airflow/example_dags/example_task_group_decorator.py took 0.062 seconds
[2023-05-02T20:00:32.338+0000] {processor.py:153} INFO - Started process (PID=2730) to work on /home/airflow/.local/lib/python3.7/site-packages/airflow/example_dags/example_task_group_decorator.py
[2023-05-02T20:00:32.339+0000] {processor.py:743} INFO - Processing file /home/airflow/.local/lib/python3.7/site-packages/airflow/example_dags/example_task_group_decorator.py for tasks to queue
[2023-05-02T20:00:32.339+0000] {logging_mixin.py:137} INFO - [2023-05-02T20:00:32.339+0000] {dagbag.py:532} INFO - Filling up the DagBag from /home/airflow/.local/lib/python3.7/site-packages/airflow/example_dags/example_task_group_decorator.py
[2023-05-02T20:00:32.355+0000] {processor.py:753} INFO - DAG(s) dict_keys(['example_task_group_decorator']) retrieved from /home/airflow/.local/lib/python3.7/site-packages/airflow/example_dags/example_task_group_decorator.py
[2023-05-02T20:00:32.371+0000] {logging_mixin.py:137} INFO - [2023-05-02T20:00:32.371+0000] {dag.py:2705} INFO - Sync 1 DAGs
[2023-05-02T20:00:32.384+0000] {logging_mixin.py:137} INFO - [2023-05-02T20:00:32.384+0000] {dag.py:3456} INFO - Setting next_dagrun for example_task_group_decorator to 2023-05-01T20:00:32.384377+00:00, run_after=2023-05-02T20:00:32.384377+00:00
[2023-05-02T20:00:32.396+0000] {processor.py:175} INFO - Processing /home/airflow/.local/lib/python3.7/site-packages/airflow/example_dags/example_task_group_decorator.py took 0.060 seconds
[2023-05-02T20:01:03.160+0000] {processor.py:153} INFO - Started process (PID=2782) to work on /home/airflow/.local/lib/python3.7/site-packages/airflow/example_dags/example_task_group_decorator.py
[2023-05-02T20:01:03.161+0000] {processor.py:743} INFO - Processing file /home/airflow/.local/lib/python3.7/site-packages/airflow/example_dags/example_task_group_decorator.py for tasks to queue
[2023-05-02T20:01:03.161+0000] {logging_mixin.py:137} INFO - [2023-05-02T20:01:03.161+0000] {dagbag.py:532} INFO - Filling up the DagBag from /home/airflow/.local/lib/python3.7/site-packages/airflow/example_dags/example_task_group_decorator.py
[2023-05-02T20:01:03.177+0000] {processor.py:753} INFO - DAG(s) dict_keys(['example_task_group_decorator']) retrieved from /home/airflow/.local/lib/python3.7/site-packages/airflow/example_dags/example_task_group_decorator.py
[2023-05-02T20:01:03.195+0000] {logging_mixin.py:137} INFO - [2023-05-02T20:01:03.195+0000] {dag.py:2705} INFO - Sync 1 DAGs
[2023-05-02T20:01:03.211+0000] {logging_mixin.py:137} INFO - [2023-05-02T20:01:03.211+0000] {dag.py:3456} INFO - Setting next_dagrun for example_task_group_decorator to 2023-05-01T20:01:03.211086+00:00, run_after=2023-05-02T20:01:03.211086+00:00
[2023-05-02T20:01:03.223+0000] {processor.py:175} INFO - Processing /home/airflow/.local/lib/python3.7/site-packages/airflow/example_dags/example_task_group_decorator.py took 0.064 seconds
[2023-05-02T20:01:33.869+0000] {processor.py:153} INFO - Started process (PID=2834) to work on /home/airflow/.local/lib/python3.7/site-packages/airflow/example_dags/example_task_group_decorator.py
[2023-05-02T20:01:33.869+0000] {processor.py:743} INFO - Processing file /home/airflow/.local/lib/python3.7/site-packages/airflow/example_dags/example_task_group_decorator.py for tasks to queue
[2023-05-02T20:01:33.870+0000] {logging_mixin.py:137} INFO - [2023-05-02T20:01:33.869+0000] {dagbag.py:532} INFO - Filling up the DagBag from /home/airflow/.local/lib/python3.7/site-packages/airflow/example_dags/example_task_group_decorator.py
[2023-05-02T20:01:33.886+0000] {processor.py:753} INFO - DAG(s) dict_keys(['example_task_group_decorator']) retrieved from /home/airflow/.local/lib/python3.7/site-packages/airflow/example_dags/example_task_group_decorator.py
[2023-05-02T20:01:33.903+0000] {logging_mixin.py:137} INFO - [2023-05-02T20:01:33.903+0000] {dag.py:2705} INFO - Sync 1 DAGs
[2023-05-02T20:01:33.918+0000] {logging_mixin.py:137} INFO - [2023-05-02T20:01:33.918+0000] {dag.py:3456} INFO - Setting next_dagrun for example_task_group_decorator to 2023-05-01T20:01:33.918125+00:00, run_after=2023-05-02T20:01:33.918125+00:00
[2023-05-02T20:01:33.929+0000] {processor.py:175} INFO - Processing /home/airflow/.local/lib/python3.7/site-packages/airflow/example_dags/example_task_group_decorator.py took 0.062 seconds
[2023-05-02T20:02:04.738+0000] {processor.py:153} INFO - Started process (PID=2886) to work on /home/airflow/.local/lib/python3.7/site-packages/airflow/example_dags/example_task_group_decorator.py
[2023-05-02T20:02:04.739+0000] {processor.py:743} INFO - Processing file /home/airflow/.local/lib/python3.7/site-packages/airflow/example_dags/example_task_group_decorator.py for tasks to queue
[2023-05-02T20:02:04.739+0000] {logging_mixin.py:137} INFO - [2023-05-02T20:02:04.739+0000] {dagbag.py:532} INFO - Filling up the DagBag from /home/airflow/.local/lib/python3.7/site-packages/airflow/example_dags/example_task_group_decorator.py
[2023-05-02T20:02:04.755+0000] {processor.py:753} INFO - DAG(s) dict_keys(['example_task_group_decorator']) retrieved from /home/airflow/.local/lib/python3.7/site-packages/airflow/example_dags/example_task_group_decorator.py
[2023-05-02T20:02:04.770+0000] {logging_mixin.py:137} INFO - [2023-05-02T20:02:04.770+0000] {dag.py:2705} INFO - Sync 1 DAGs
[2023-05-02T20:02:04.784+0000] {logging_mixin.py:137} INFO - [2023-05-02T20:02:04.784+0000] {dag.py:3456} INFO - Setting next_dagrun for example_task_group_decorator to 2023-05-01T20:02:04.783921+00:00, run_after=2023-05-02T20:02:04.783921+00:00
[2023-05-02T20:02:04.797+0000] {processor.py:175} INFO - Processing /home/airflow/.local/lib/python3.7/site-packages/airflow/example_dags/example_task_group_decorator.py took 0.060 seconds
[2023-05-02T20:02:35.604+0000] {processor.py:153} INFO - Started process (PID=2937) to work on /home/airflow/.local/lib/python3.7/site-packages/airflow/example_dags/example_task_group_decorator.py
[2023-05-02T20:02:35.604+0000] {processor.py:743} INFO - Processing file /home/airflow/.local/lib/python3.7/site-packages/airflow/example_dags/example_task_group_decorator.py for tasks to queue
[2023-05-02T20:02:35.604+0000] {logging_mixin.py:137} INFO - [2023-05-02T20:02:35.604+0000] {dagbag.py:532} INFO - Filling up the DagBag from /home/airflow/.local/lib/python3.7/site-packages/airflow/example_dags/example_task_group_decorator.py
[2023-05-02T20:02:35.620+0000] {processor.py:753} INFO - DAG(s) dict_keys(['example_task_group_decorator']) retrieved from /home/airflow/.local/lib/python3.7/site-packages/airflow/example_dags/example_task_group_decorator.py
[2023-05-02T20:02:35.636+0000] {logging_mixin.py:137} INFO - [2023-05-02T20:02:35.636+0000] {dag.py:2705} INFO - Sync 1 DAGs
[2023-05-02T20:02:35.650+0000] {logging_mixin.py:137} INFO - [2023-05-02T20:02:35.650+0000] {dag.py:3456} INFO - Setting next_dagrun for example_task_group_decorator to 2023-05-01T20:02:35.650224+00:00, run_after=2023-05-02T20:02:35.650224+00:00
[2023-05-02T20:02:35.662+0000] {processor.py:175} INFO - Processing /home/airflow/.local/lib/python3.7/site-packages/airflow/example_dags/example_task_group_decorator.py took 0.059 seconds
[2023-05-02T20:03:06.437+0000] {processor.py:153} INFO - Started process (PID=2989) to work on /home/airflow/.local/lib/python3.7/site-packages/airflow/example_dags/example_task_group_decorator.py
[2023-05-02T20:03:06.437+0000] {processor.py:743} INFO - Processing file /home/airflow/.local/lib/python3.7/site-packages/airflow/example_dags/example_task_group_decorator.py for tasks to queue
[2023-05-02T20:03:06.437+0000] {logging_mixin.py:137} INFO - [2023-05-02T20:03:06.437+0000] {dagbag.py:532} INFO - Filling up the DagBag from /home/airflow/.local/lib/python3.7/site-packages/airflow/example_dags/example_task_group_decorator.py
[2023-05-02T20:03:06.453+0000] {processor.py:753} INFO - DAG(s) dict_keys(['example_task_group_decorator']) retrieved from /home/airflow/.local/lib/python3.7/site-packages/airflow/example_dags/example_task_group_decorator.py
[2023-05-02T20:03:06.468+0000] {logging_mixin.py:137} INFO - [2023-05-02T20:03:06.468+0000] {dag.py:2705} INFO - Sync 1 DAGs
[2023-05-02T20:03:06.482+0000] {logging_mixin.py:137} INFO - [2023-05-02T20:03:06.482+0000] {dag.py:3456} INFO - Setting next_dagrun for example_task_group_decorator to 2023-05-01T20:03:06.481955+00:00, run_after=2023-05-02T20:03:06.481955+00:00
[2023-05-02T20:03:06.497+0000] {processor.py:175} INFO - Processing /home/airflow/.local/lib/python3.7/site-packages/airflow/example_dags/example_task_group_decorator.py took 0.062 seconds
[2023-05-02T20:03:37.231+0000] {processor.py:153} INFO - Started process (PID=3041) to work on /home/airflow/.local/lib/python3.7/site-packages/airflow/example_dags/example_task_group_decorator.py
[2023-05-02T20:03:37.231+0000] {processor.py:743} INFO - Processing file /home/airflow/.local/lib/python3.7/site-packages/airflow/example_dags/example_task_group_decorator.py for tasks to queue
[2023-05-02T20:03:37.231+0000] {logging_mixin.py:137} INFO - [2023-05-02T20:03:37.231+0000] {dagbag.py:532} INFO - Filling up the DagBag from /home/airflow/.local/lib/python3.7/site-packages/airflow/example_dags/example_task_group_decorator.py
[2023-05-02T20:03:37.246+0000] {processor.py:753} INFO - DAG(s) dict_keys(['example_task_group_decorator']) retrieved from /home/airflow/.local/lib/python3.7/site-packages/airflow/example_dags/example_task_group_decorator.py
[2023-05-02T20:03:37.262+0000] {logging_mixin.py:137} INFO - [2023-05-02T20:03:37.262+0000] {dag.py:2705} INFO - Sync 1 DAGs
[2023-05-02T20:03:37.275+0000] {logging_mixin.py:137} INFO - [2023-05-02T20:03:37.275+0000] {dag.py:3456} INFO - Setting next_dagrun for example_task_group_decorator to 2023-05-01T20:03:37.275757+00:00, run_after=2023-05-02T20:03:37.275757+00:00
[2023-05-02T20:03:37.286+0000] {processor.py:175} INFO - Processing /home/airflow/.local/lib/python3.7/site-packages/airflow/example_dags/example_task_group_decorator.py took 0.057 seconds
[2023-05-02T20:04:07.951+0000] {processor.py:153} INFO - Started process (PID=3093) to work on /home/airflow/.local/lib/python3.7/site-packages/airflow/example_dags/example_task_group_decorator.py
[2023-05-02T20:04:07.951+0000] {processor.py:743} INFO - Processing file /home/airflow/.local/lib/python3.7/site-packages/airflow/example_dags/example_task_group_decorator.py for tasks to queue
[2023-05-02T20:04:07.952+0000] {logging_mixin.py:137} INFO - [2023-05-02T20:04:07.952+0000] {dagbag.py:532} INFO - Filling up the DagBag from /home/airflow/.local/lib/python3.7/site-packages/airflow/example_dags/example_task_group_decorator.py
[2023-05-02T20:04:07.967+0000] {processor.py:753} INFO - DAG(s) dict_keys(['example_task_group_decorator']) retrieved from /home/airflow/.local/lib/python3.7/site-packages/airflow/example_dags/example_task_group_decorator.py
[2023-05-02T20:04:07.983+0000] {logging_mixin.py:137} INFO - [2023-05-02T20:04:07.983+0000] {dag.py:2705} INFO - Sync 1 DAGs
[2023-05-02T20:04:07.996+0000] {logging_mixin.py:137} INFO - [2023-05-02T20:04:07.996+0000] {dag.py:3456} INFO - Setting next_dagrun for example_task_group_decorator to 2023-05-01T20:04:07.996549+00:00, run_after=2023-05-02T20:04:07.996549+00:00
[2023-05-02T20:04:08.008+0000] {processor.py:175} INFO - Processing /home/airflow/.local/lib/python3.7/site-packages/airflow/example_dags/example_task_group_decorator.py took 0.059 seconds
[2023-05-02T20:04:38.769+0000] {processor.py:153} INFO - Started process (PID=3145) to work on /home/airflow/.local/lib/python3.7/site-packages/airflow/example_dags/example_task_group_decorator.py
[2023-05-02T20:04:38.770+0000] {processor.py:743} INFO - Processing file /home/airflow/.local/lib/python3.7/site-packages/airflow/example_dags/example_task_group_decorator.py for tasks to queue
[2023-05-02T20:04:38.770+0000] {logging_mixin.py:137} INFO - [2023-05-02T20:04:38.770+0000] {dagbag.py:532} INFO - Filling up the DagBag from /home/airflow/.local/lib/python3.7/site-packages/airflow/example_dags/example_task_group_decorator.py
[2023-05-02T20:04:38.786+0000] {processor.py:753} INFO - DAG(s) dict_keys(['example_task_group_decorator']) retrieved from /home/airflow/.local/lib/python3.7/site-packages/airflow/example_dags/example_task_group_decorator.py
[2023-05-02T20:04:38.802+0000] {logging_mixin.py:137} INFO - [2023-05-02T20:04:38.801+0000] {dag.py:2705} INFO - Sync 1 DAGs
[2023-05-02T20:04:38.815+0000] {logging_mixin.py:137} INFO - [2023-05-02T20:04:38.815+0000] {dag.py:3456} INFO - Setting next_dagrun for example_task_group_decorator to 2023-05-01T20:04:38.815700+00:00, run_after=2023-05-02T20:04:38.815700+00:00
[2023-05-02T20:04:38.827+0000] {processor.py:175} INFO - Processing /home/airflow/.local/lib/python3.7/site-packages/airflow/example_dags/example_task_group_decorator.py took 0.059 seconds
[2023-05-02T20:05:09.554+0000] {processor.py:153} INFO - Started process (PID=3197) to work on /home/airflow/.local/lib/python3.7/site-packages/airflow/example_dags/example_task_group_decorator.py
[2023-05-02T20:05:09.554+0000] {processor.py:743} INFO - Processing file /home/airflow/.local/lib/python3.7/site-packages/airflow/example_dags/example_task_group_decorator.py for tasks to queue
[2023-05-02T20:05:09.554+0000] {logging_mixin.py:137} INFO - [2023-05-02T20:05:09.554+0000] {dagbag.py:532} INFO - Filling up the DagBag from /home/airflow/.local/lib/python3.7/site-packages/airflow/example_dags/example_task_group_decorator.py
[2023-05-02T20:05:09.569+0000] {processor.py:753} INFO - DAG(s) dict_keys(['example_task_group_decorator']) retrieved from /home/airflow/.local/lib/python3.7/site-packages/airflow/example_dags/example_task_group_decorator.py
[2023-05-02T20:05:09.585+0000] {logging_mixin.py:137} INFO - [2023-05-02T20:05:09.585+0000] {dag.py:2705} INFO - Sync 1 DAGs
[2023-05-02T20:05:09.599+0000] {logging_mixin.py:137} INFO - [2023-05-02T20:05:09.598+0000] {dag.py:3456} INFO - Setting next_dagrun for example_task_group_decorator to 2023-05-01T20:05:09.598856+00:00, run_after=2023-05-02T20:05:09.598856+00:00
[2023-05-02T20:05:09.610+0000] {processor.py:175} INFO - Processing /home/airflow/.local/lib/python3.7/site-packages/airflow/example_dags/example_task_group_decorator.py took 0.058 seconds
[2023-05-02T20:05:40.358+0000] {processor.py:153} INFO - Started process (PID=3249) to work on /home/airflow/.local/lib/python3.7/site-packages/airflow/example_dags/example_task_group_decorator.py
[2023-05-02T20:05:40.358+0000] {processor.py:743} INFO - Processing file /home/airflow/.local/lib/python3.7/site-packages/airflow/example_dags/example_task_group_decorator.py for tasks to queue
[2023-05-02T20:05:40.358+0000] {logging_mixin.py:137} INFO - [2023-05-02T20:05:40.358+0000] {dagbag.py:532} INFO - Filling up the DagBag from /home/airflow/.local/lib/python3.7/site-packages/airflow/example_dags/example_task_group_decorator.py
[2023-05-02T20:05:40.374+0000] {processor.py:753} INFO - DAG(s) dict_keys(['example_task_group_decorator']) retrieved from /home/airflow/.local/lib/python3.7/site-packages/airflow/example_dags/example_task_group_decorator.py
[2023-05-02T20:05:40.390+0000] {logging_mixin.py:137} INFO - [2023-05-02T20:05:40.389+0000] {dag.py:2705} INFO - Sync 1 DAGs
[2023-05-02T20:05:40.403+0000] {logging_mixin.py:137} INFO - [2023-05-02T20:05:40.403+0000] {dag.py:3456} INFO - Setting next_dagrun for example_task_group_decorator to 2023-05-01T20:05:40.403360+00:00, run_after=2023-05-02T20:05:40.403360+00:00
[2023-05-02T20:05:40.415+0000] {processor.py:175} INFO - Processing /home/airflow/.local/lib/python3.7/site-packages/airflow/example_dags/example_task_group_decorator.py took 0.059 seconds
[2023-05-02T20:06:11.238+0000] {processor.py:153} INFO - Started process (PID=3301) to work on /home/airflow/.local/lib/python3.7/site-packages/airflow/example_dags/example_task_group_decorator.py
[2023-05-02T20:06:11.238+0000] {processor.py:743} INFO - Processing file /home/airflow/.local/lib/python3.7/site-packages/airflow/example_dags/example_task_group_decorator.py for tasks to queue
[2023-05-02T20:06:11.239+0000] {logging_mixin.py:137} INFO - [2023-05-02T20:06:11.238+0000] {dagbag.py:532} INFO - Filling up the DagBag from /home/airflow/.local/lib/python3.7/site-packages/airflow/example_dags/example_task_group_decorator.py
[2023-05-02T20:06:11.254+0000] {processor.py:753} INFO - DAG(s) dict_keys(['example_task_group_decorator']) retrieved from /home/airflow/.local/lib/python3.7/site-packages/airflow/example_dags/example_task_group_decorator.py
[2023-05-02T20:06:11.269+0000] {logging_mixin.py:137} INFO - [2023-05-02T20:06:11.269+0000] {dag.py:2705} INFO - Sync 1 DAGs
[2023-05-02T20:06:11.282+0000] {logging_mixin.py:137} INFO - [2023-05-02T20:06:11.282+0000] {dag.py:3456} INFO - Setting next_dagrun for example_task_group_decorator to 2023-05-01T20:06:11.282743+00:00, run_after=2023-05-02T20:06:11.282743+00:00
[2023-05-02T20:06:11.295+0000] {processor.py:175} INFO - Processing /home/airflow/.local/lib/python3.7/site-packages/airflow/example_dags/example_task_group_decorator.py took 0.059 seconds
[2023-05-02T20:06:42.114+0000] {processor.py:153} INFO - Started process (PID=3353) to work on /home/airflow/.local/lib/python3.7/site-packages/airflow/example_dags/example_task_group_decorator.py
[2023-05-02T20:06:42.115+0000] {processor.py:743} INFO - Processing file /home/airflow/.local/lib/python3.7/site-packages/airflow/example_dags/example_task_group_decorator.py for tasks to queue
[2023-05-02T20:06:42.115+0000] {logging_mixin.py:137} INFO - [2023-05-02T20:06:42.115+0000] {dagbag.py:532} INFO - Filling up the DagBag from /home/airflow/.local/lib/python3.7/site-packages/airflow/example_dags/example_task_group_decorator.py
[2023-05-02T20:06:42.130+0000] {processor.py:753} INFO - DAG(s) dict_keys(['example_task_group_decorator']) retrieved from /home/airflow/.local/lib/python3.7/site-packages/airflow/example_dags/example_task_group_decorator.py
[2023-05-02T20:06:42.146+0000] {logging_mixin.py:137} INFO - [2023-05-02T20:06:42.146+0000] {dag.py:2705} INFO - Sync 1 DAGs
[2023-05-02T20:06:42.160+0000] {logging_mixin.py:137} INFO - [2023-05-02T20:06:42.160+0000] {dag.py:3456} INFO - Setting next_dagrun for example_task_group_decorator to 2023-05-01T20:06:42.160425+00:00, run_after=2023-05-02T20:06:42.160425+00:00
[2023-05-02T20:06:42.172+0000] {processor.py:175} INFO - Processing /home/airflow/.local/lib/python3.7/site-packages/airflow/example_dags/example_task_group_decorator.py took 0.059 seconds
[2023-05-02T20:07:12.934+0000] {processor.py:153} INFO - Started process (PID=3406) to work on /home/airflow/.local/lib/python3.7/site-packages/airflow/example_dags/example_task_group_decorator.py
[2023-05-02T20:07:12.934+0000] {processor.py:743} INFO - Processing file /home/airflow/.local/lib/python3.7/site-packages/airflow/example_dags/example_task_group_decorator.py for tasks to queue
[2023-05-02T20:07:12.934+0000] {logging_mixin.py:137} INFO - [2023-05-02T20:07:12.934+0000] {dagbag.py:532} INFO - Filling up the DagBag from /home/airflow/.local/lib/python3.7/site-packages/airflow/example_dags/example_task_group_decorator.py
[2023-05-02T20:07:12.950+0000] {processor.py:753} INFO - DAG(s) dict_keys(['example_task_group_decorator']) retrieved from /home/airflow/.local/lib/python3.7/site-packages/airflow/example_dags/example_task_group_decorator.py
[2023-05-02T20:07:12.965+0000] {logging_mixin.py:137} INFO - [2023-05-02T20:07:12.965+0000] {dag.py:2705} INFO - Sync 1 DAGs
[2023-05-02T20:07:12.978+0000] {logging_mixin.py:137} INFO - [2023-05-02T20:07:12.978+0000] {dag.py:3456} INFO - Setting next_dagrun for example_task_group_decorator to 2023-05-01T20:07:12.978794+00:00, run_after=2023-05-02T20:07:12.978794+00:00
[2023-05-02T20:07:12.991+0000] {processor.py:175} INFO - Processing /home/airflow/.local/lib/python3.7/site-packages/airflow/example_dags/example_task_group_decorator.py took 0.059 seconds
[2023-05-02T20:07:43.808+0000] {processor.py:153} INFO - Started process (PID=3457) to work on /home/airflow/.local/lib/python3.7/site-packages/airflow/example_dags/example_task_group_decorator.py
[2023-05-02T20:07:43.809+0000] {processor.py:743} INFO - Processing file /home/airflow/.local/lib/python3.7/site-packages/airflow/example_dags/example_task_group_decorator.py for tasks to queue
[2023-05-02T20:07:43.809+0000] {logging_mixin.py:137} INFO - [2023-05-02T20:07:43.809+0000] {dagbag.py:532} INFO - Filling up the DagBag from /home/airflow/.local/lib/python3.7/site-packages/airflow/example_dags/example_task_group_decorator.py
[2023-05-02T20:07:43.825+0000] {processor.py:753} INFO - DAG(s) dict_keys(['example_task_group_decorator']) retrieved from /home/airflow/.local/lib/python3.7/site-packages/airflow/example_dags/example_task_group_decorator.py
[2023-05-02T20:07:43.841+0000] {logging_mixin.py:137} INFO - [2023-05-02T20:07:43.841+0000] {dag.py:2705} INFO - Sync 1 DAGs
[2023-05-02T20:07:43.858+0000] {logging_mixin.py:137} INFO - [2023-05-02T20:07:43.858+0000] {dag.py:3456} INFO - Setting next_dagrun for example_task_group_decorator to 2023-05-01T20:07:43.858246+00:00, run_after=2023-05-02T20:07:43.858246+00:00
[2023-05-02T20:07:43.879+0000] {processor.py:175} INFO - Processing /home/airflow/.local/lib/python3.7/site-packages/airflow/example_dags/example_task_group_decorator.py took 0.073 seconds
[2023-05-02T20:08:14.691+0000] {processor.py:153} INFO - Started process (PID=3509) to work on /home/airflow/.local/lib/python3.7/site-packages/airflow/example_dags/example_task_group_decorator.py
[2023-05-02T20:08:14.691+0000] {processor.py:743} INFO - Processing file /home/airflow/.local/lib/python3.7/site-packages/airflow/example_dags/example_task_group_decorator.py for tasks to queue
[2023-05-02T20:08:14.692+0000] {logging_mixin.py:137} INFO - [2023-05-02T20:08:14.691+0000] {dagbag.py:532} INFO - Filling up the DagBag from /home/airflow/.local/lib/python3.7/site-packages/airflow/example_dags/example_task_group_decorator.py
[2023-05-02T20:08:14.707+0000] {processor.py:753} INFO - DAG(s) dict_keys(['example_task_group_decorator']) retrieved from /home/airflow/.local/lib/python3.7/site-packages/airflow/example_dags/example_task_group_decorator.py
[2023-05-02T20:08:14.723+0000] {logging_mixin.py:137} INFO - [2023-05-02T20:08:14.722+0000] {dag.py:2705} INFO - Sync 1 DAGs
[2023-05-02T20:08:14.737+0000] {logging_mixin.py:137} INFO - [2023-05-02T20:08:14.737+0000] {dag.py:3456} INFO - Setting next_dagrun for example_task_group_decorator to 2023-05-01T20:08:14.736994+00:00, run_after=2023-05-02T20:08:14.736994+00:00
[2023-05-02T20:08:14.748+0000] {processor.py:175} INFO - Processing /home/airflow/.local/lib/python3.7/site-packages/airflow/example_dags/example_task_group_decorator.py took 0.059 seconds
[2023-05-02T20:08:45.562+0000] {processor.py:153} INFO - Started process (PID=3561) to work on /home/airflow/.local/lib/python3.7/site-packages/airflow/example_dags/example_task_group_decorator.py
[2023-05-02T20:08:45.562+0000] {processor.py:743} INFO - Processing file /home/airflow/.local/lib/python3.7/site-packages/airflow/example_dags/example_task_group_decorator.py for tasks to queue
[2023-05-02T20:08:45.563+0000] {logging_mixin.py:137} INFO - [2023-05-02T20:08:45.563+0000] {dagbag.py:532} INFO - Filling up the DagBag from /home/airflow/.local/lib/python3.7/site-packages/airflow/example_dags/example_task_group_decorator.py
[2023-05-02T20:08:45.579+0000] {processor.py:753} INFO - DAG(s) dict_keys(['example_task_group_decorator']) retrieved from /home/airflow/.local/lib/python3.7/site-packages/airflow/example_dags/example_task_group_decorator.py
[2023-05-02T20:08:45.596+0000] {logging_mixin.py:137} INFO - [2023-05-02T20:08:45.595+0000] {dag.py:2705} INFO - Sync 1 DAGs
[2023-05-02T20:08:45.610+0000] {logging_mixin.py:137} INFO - [2023-05-02T20:08:45.609+0000] {dag.py:3456} INFO - Setting next_dagrun for example_task_group_decorator to 2023-05-01T20:08:45.609783+00:00, run_after=2023-05-02T20:08:45.609783+00:00
[2023-05-02T20:08:45.621+0000] {processor.py:175} INFO - Processing /home/airflow/.local/lib/python3.7/site-packages/airflow/example_dags/example_task_group_decorator.py took 0.061 seconds
[2023-05-02T20:09:16.435+0000] {processor.py:153} INFO - Started process (PID=3613) to work on /home/airflow/.local/lib/python3.7/site-packages/airflow/example_dags/example_task_group_decorator.py
[2023-05-02T20:09:16.436+0000] {processor.py:743} INFO - Processing file /home/airflow/.local/lib/python3.7/site-packages/airflow/example_dags/example_task_group_decorator.py for tasks to queue
[2023-05-02T20:09:16.436+0000] {logging_mixin.py:137} INFO - [2023-05-02T20:09:16.436+0000] {dagbag.py:532} INFO - Filling up the DagBag from /home/airflow/.local/lib/python3.7/site-packages/airflow/example_dags/example_task_group_decorator.py
[2023-05-02T20:09:16.452+0000] {processor.py:753} INFO - DAG(s) dict_keys(['example_task_group_decorator']) retrieved from /home/airflow/.local/lib/python3.7/site-packages/airflow/example_dags/example_task_group_decorator.py
[2023-05-02T20:09:16.467+0000] {logging_mixin.py:137} INFO - [2023-05-02T20:09:16.467+0000] {dag.py:2705} INFO - Sync 1 DAGs
[2023-05-02T20:09:16.481+0000] {logging_mixin.py:137} INFO - [2023-05-02T20:09:16.481+0000] {dag.py:3456} INFO - Setting next_dagrun for example_task_group_decorator to 2023-05-01T20:09:16.480952+00:00, run_after=2023-05-02T20:09:16.480952+00:00
[2023-05-02T20:09:16.494+0000] {processor.py:175} INFO - Processing /home/airflow/.local/lib/python3.7/site-packages/airflow/example_dags/example_task_group_decorator.py took 0.060 seconds
