[2023-05-02T19:07:29.825+0000] {processor.py:153} INFO - Started process (PID=71) to work on /home/airflow/.local/lib/python3.7/site-packages/airflow/example_dags/example_latest_only.py
[2023-05-02T19:07:29.826+0000] {processor.py:743} INFO - Processing file /home/airflow/.local/lib/python3.7/site-packages/airflow/example_dags/example_latest_only.py for tasks to queue
[2023-05-02T19:07:29.826+0000] {logging_mixin.py:137} INFO - [2023-05-02T19:07:29.826+0000] {dagbag.py:532} INFO - Filling up the DagBag from /home/airflow/.local/lib/python3.7/site-packages/airflow/example_dags/example_latest_only.py
[2023-05-02T19:07:29.837+0000] {processor.py:753} INFO - DAG(s) dict_keys(['latest_only']) retrieved from /home/airflow/.local/lib/python3.7/site-packages/airflow/example_dags/example_latest_only.py
[2023-05-02T19:07:29.857+0000] {logging_mixin.py:137} INFO - [2023-05-02T19:07:29.857+0000] {dag.py:2705} INFO - Sync 1 DAGs
[2023-05-02T19:07:29.880+0000] {logging_mixin.py:137} INFO - [2023-05-02T19:07:29.880+0000] {dag.py:3456} INFO - Setting next_dagrun for latest_only to 2023-05-02T15:07:29.880274+00:00, run_after=2023-05-02T19:07:29.880274+00:00
[2023-05-02T19:07:29.897+0000] {processor.py:175} INFO - Processing /home/airflow/.local/lib/python3.7/site-packages/airflow/example_dags/example_latest_only.py took 0.073 seconds
[2023-05-02T19:34:20.427+0000] {processor.py:153} INFO - Started process (PID=71) to work on /home/airflow/.local/lib/python3.7/site-packages/airflow/example_dags/example_latest_only.py
[2023-05-02T19:34:20.428+0000] {processor.py:743} INFO - Processing file /home/airflow/.local/lib/python3.7/site-packages/airflow/example_dags/example_latest_only.py for tasks to queue
[2023-05-02T19:34:20.428+0000] {logging_mixin.py:137} INFO - [2023-05-02T19:34:20.428+0000] {dagbag.py:532} INFO - Filling up the DagBag from /home/airflow/.local/lib/python3.7/site-packages/airflow/example_dags/example_latest_only.py
[2023-05-02T19:34:20.438+0000] {processor.py:753} INFO - DAG(s) dict_keys(['latest_only']) retrieved from /home/airflow/.local/lib/python3.7/site-packages/airflow/example_dags/example_latest_only.py
[2023-05-02T19:34:20.446+0000] {logging_mixin.py:137} INFO - [2023-05-02T19:34:20.445+0000] {dag.py:2705} INFO - Sync 1 DAGs
[2023-05-02T19:34:20.462+0000] {logging_mixin.py:137} INFO - [2023-05-02T19:34:20.462+0000] {dag.py:3456} INFO - Setting next_dagrun for latest_only to 2023-05-02T15:34:20.462258+00:00, run_after=2023-05-02T19:34:20.462258+00:00
[2023-05-02T19:34:20.476+0000] {processor.py:175} INFO - Processing /home/airflow/.local/lib/python3.7/site-packages/airflow/example_dags/example_latest_only.py took 0.051 seconds
[2023-05-02T19:34:51.316+0000] {processor.py:153} INFO - Started process (PID=123) to work on /home/airflow/.local/lib/python3.7/site-packages/airflow/example_dags/example_latest_only.py
[2023-05-02T19:34:51.316+0000] {processor.py:743} INFO - Processing file /home/airflow/.local/lib/python3.7/site-packages/airflow/example_dags/example_latest_only.py for tasks to queue
[2023-05-02T19:34:51.317+0000] {logging_mixin.py:137} INFO - [2023-05-02T19:34:51.317+0000] {dagbag.py:532} INFO - Filling up the DagBag from /home/airflow/.local/lib/python3.7/site-packages/airflow/example_dags/example_latest_only.py
[2023-05-02T19:34:51.324+0000] {processor.py:753} INFO - DAG(s) dict_keys(['latest_only']) retrieved from /home/airflow/.local/lib/python3.7/site-packages/airflow/example_dags/example_latest_only.py
[2023-05-02T19:34:51.336+0000] {logging_mixin.py:137} INFO - [2023-05-02T19:34:51.336+0000] {dag.py:2705} INFO - Sync 1 DAGs
[2023-05-02T19:34:51.351+0000] {logging_mixin.py:137} INFO - [2023-05-02T19:34:51.351+0000] {dag.py:3456} INFO - Setting next_dagrun for latest_only to 2023-05-02T15:34:51.350953+00:00, run_after=2023-05-02T19:34:51.350953+00:00
[2023-05-02T19:34:51.362+0000] {processor.py:175} INFO - Processing /home/airflow/.local/lib/python3.7/site-packages/airflow/example_dags/example_latest_only.py took 0.048 seconds
[2023-05-02T19:35:22.062+0000] {processor.py:153} INFO - Started process (PID=175) to work on /home/airflow/.local/lib/python3.7/site-packages/airflow/example_dags/example_latest_only.py
[2023-05-02T19:35:22.062+0000] {processor.py:743} INFO - Processing file /home/airflow/.local/lib/python3.7/site-packages/airflow/example_dags/example_latest_only.py for tasks to queue
[2023-05-02T19:35:22.062+0000] {logging_mixin.py:137} INFO - [2023-05-02T19:35:22.062+0000] {dagbag.py:532} INFO - Filling up the DagBag from /home/airflow/.local/lib/python3.7/site-packages/airflow/example_dags/example_latest_only.py
[2023-05-02T19:35:22.069+0000] {processor.py:753} INFO - DAG(s) dict_keys(['latest_only']) retrieved from /home/airflow/.local/lib/python3.7/site-packages/airflow/example_dags/example_latest_only.py
[2023-05-02T19:35:22.083+0000] {logging_mixin.py:137} INFO - [2023-05-02T19:35:22.083+0000] {dag.py:2705} INFO - Sync 1 DAGs
[2023-05-02T19:35:22.097+0000] {logging_mixin.py:137} INFO - [2023-05-02T19:35:22.097+0000] {dag.py:3456} INFO - Setting next_dagrun for latest_only to 2023-05-02T15:35:22.097381+00:00, run_after=2023-05-02T19:35:22.097381+00:00
[2023-05-02T19:35:22.110+0000] {processor.py:175} INFO - Processing /home/airflow/.local/lib/python3.7/site-packages/airflow/example_dags/example_latest_only.py took 0.050 seconds
[2023-05-02T19:35:53.152+0000] {processor.py:153} INFO - Started process (PID=227) to work on /home/airflow/.local/lib/python3.7/site-packages/airflow/example_dags/example_latest_only.py
[2023-05-02T19:35:53.152+0000] {processor.py:743} INFO - Processing file /home/airflow/.local/lib/python3.7/site-packages/airflow/example_dags/example_latest_only.py for tasks to queue
[2023-05-02T19:35:53.153+0000] {logging_mixin.py:137} INFO - [2023-05-02T19:35:53.152+0000] {dagbag.py:532} INFO - Filling up the DagBag from /home/airflow/.local/lib/python3.7/site-packages/airflow/example_dags/example_latest_only.py
[2023-05-02T19:35:53.160+0000] {processor.py:753} INFO - DAG(s) dict_keys(['latest_only']) retrieved from /home/airflow/.local/lib/python3.7/site-packages/airflow/example_dags/example_latest_only.py
[2023-05-02T19:35:53.175+0000] {logging_mixin.py:137} INFO - [2023-05-02T19:35:53.175+0000] {dag.py:2705} INFO - Sync 1 DAGs
[2023-05-02T19:35:53.190+0000] {logging_mixin.py:137} INFO - [2023-05-02T19:35:53.190+0000] {dag.py:3456} INFO - Setting next_dagrun for latest_only to 2023-05-02T15:35:53.189891+00:00, run_after=2023-05-02T19:35:53.189891+00:00
[2023-05-02T19:35:53.202+0000] {processor.py:175} INFO - Processing /home/airflow/.local/lib/python3.7/site-packages/airflow/example_dags/example_latest_only.py took 0.052 seconds
[2023-05-02T19:36:23.961+0000] {processor.py:153} INFO - Started process (PID=279) to work on /home/airflow/.local/lib/python3.7/site-packages/airflow/example_dags/example_latest_only.py
[2023-05-02T19:36:23.961+0000] {processor.py:743} INFO - Processing file /home/airflow/.local/lib/python3.7/site-packages/airflow/example_dags/example_latest_only.py for tasks to queue
[2023-05-02T19:36:23.961+0000] {logging_mixin.py:137} INFO - [2023-05-02T19:36:23.961+0000] {dagbag.py:532} INFO - Filling up the DagBag from /home/airflow/.local/lib/python3.7/site-packages/airflow/example_dags/example_latest_only.py
[2023-05-02T19:36:23.969+0000] {processor.py:753} INFO - DAG(s) dict_keys(['latest_only']) retrieved from /home/airflow/.local/lib/python3.7/site-packages/airflow/example_dags/example_latest_only.py
[2023-05-02T19:36:23.982+0000] {logging_mixin.py:137} INFO - [2023-05-02T19:36:23.982+0000] {dag.py:2705} INFO - Sync 1 DAGs
[2023-05-02T19:36:23.997+0000] {logging_mixin.py:137} INFO - [2023-05-02T19:36:23.997+0000] {dag.py:3456} INFO - Setting next_dagrun for latest_only to 2023-05-02T15:36:23.996906+00:00, run_after=2023-05-02T19:36:23.996906+00:00
[2023-05-02T19:36:24.008+0000] {processor.py:175} INFO - Processing /home/airflow/.local/lib/python3.7/site-packages/airflow/example_dags/example_latest_only.py took 0.049 seconds
[2023-05-02T19:36:54.785+0000] {processor.py:153} INFO - Started process (PID=331) to work on /home/airflow/.local/lib/python3.7/site-packages/airflow/example_dags/example_latest_only.py
[2023-05-02T19:36:54.786+0000] {processor.py:743} INFO - Processing file /home/airflow/.local/lib/python3.7/site-packages/airflow/example_dags/example_latest_only.py for tasks to queue
[2023-05-02T19:36:54.786+0000] {logging_mixin.py:137} INFO - [2023-05-02T19:36:54.786+0000] {dagbag.py:532} INFO - Filling up the DagBag from /home/airflow/.local/lib/python3.7/site-packages/airflow/example_dags/example_latest_only.py
[2023-05-02T19:36:54.793+0000] {processor.py:753} INFO - DAG(s) dict_keys(['latest_only']) retrieved from /home/airflow/.local/lib/python3.7/site-packages/airflow/example_dags/example_latest_only.py
[2023-05-02T19:36:54.807+0000] {logging_mixin.py:137} INFO - [2023-05-02T19:36:54.807+0000] {dag.py:2705} INFO - Sync 1 DAGs
[2023-05-02T19:36:54.821+0000] {logging_mixin.py:137} INFO - [2023-05-02T19:36:54.821+0000] {dag.py:3456} INFO - Setting next_dagrun for latest_only to 2023-05-02T15:36:54.821264+00:00, run_after=2023-05-02T19:36:54.821264+00:00
[2023-05-02T19:36:54.832+0000] {processor.py:175} INFO - Processing /home/airflow/.local/lib/python3.7/site-packages/airflow/example_dags/example_latest_only.py took 0.049 seconds
[2023-05-02T19:37:25.660+0000] {processor.py:153} INFO - Started process (PID=383) to work on /home/airflow/.local/lib/python3.7/site-packages/airflow/example_dags/example_latest_only.py
[2023-05-02T19:37:25.661+0000] {processor.py:743} INFO - Processing file /home/airflow/.local/lib/python3.7/site-packages/airflow/example_dags/example_latest_only.py for tasks to queue
[2023-05-02T19:37:25.661+0000] {logging_mixin.py:137} INFO - [2023-05-02T19:37:25.661+0000] {dagbag.py:532} INFO - Filling up the DagBag from /home/airflow/.local/lib/python3.7/site-packages/airflow/example_dags/example_latest_only.py
[2023-05-02T19:37:25.670+0000] {processor.py:753} INFO - DAG(s) dict_keys(['latest_only']) retrieved from /home/airflow/.local/lib/python3.7/site-packages/airflow/example_dags/example_latest_only.py
[2023-05-02T19:37:25.685+0000] {logging_mixin.py:137} INFO - [2023-05-02T19:37:25.685+0000] {dag.py:2705} INFO - Sync 1 DAGs
[2023-05-02T19:37:25.700+0000] {logging_mixin.py:137} INFO - [2023-05-02T19:37:25.700+0000] {dag.py:3456} INFO - Setting next_dagrun for latest_only to 2023-05-02T15:37:25.700161+00:00, run_after=2023-05-02T19:37:25.700161+00:00
[2023-05-02T19:37:25.714+0000] {processor.py:175} INFO - Processing /home/airflow/.local/lib/python3.7/site-packages/airflow/example_dags/example_latest_only.py took 0.055 seconds
[2023-05-02T19:37:56.724+0000] {processor.py:153} INFO - Started process (PID=435) to work on /home/airflow/.local/lib/python3.7/site-packages/airflow/example_dags/example_latest_only.py
[2023-05-02T19:37:56.724+0000] {processor.py:743} INFO - Processing file /home/airflow/.local/lib/python3.7/site-packages/airflow/example_dags/example_latest_only.py for tasks to queue
[2023-05-02T19:37:56.724+0000] {logging_mixin.py:137} INFO - [2023-05-02T19:37:56.724+0000] {dagbag.py:532} INFO - Filling up the DagBag from /home/airflow/.local/lib/python3.7/site-packages/airflow/example_dags/example_latest_only.py
[2023-05-02T19:37:56.732+0000] {processor.py:753} INFO - DAG(s) dict_keys(['latest_only']) retrieved from /home/airflow/.local/lib/python3.7/site-packages/airflow/example_dags/example_latest_only.py
[2023-05-02T19:37:56.747+0000] {logging_mixin.py:137} INFO - [2023-05-02T19:37:56.747+0000] {dag.py:2705} INFO - Sync 1 DAGs
[2023-05-02T19:37:56.762+0000] {logging_mixin.py:137} INFO - [2023-05-02T19:37:56.762+0000] {dag.py:3456} INFO - Setting next_dagrun for latest_only to 2023-05-02T15:37:56.761906+00:00, run_after=2023-05-02T19:37:56.761906+00:00
[2023-05-02T19:37:56.775+0000] {processor.py:175} INFO - Processing /home/airflow/.local/lib/python3.7/site-packages/airflow/example_dags/example_latest_only.py took 0.053 seconds
[2023-05-02T19:38:27.834+0000] {processor.py:153} INFO - Started process (PID=487) to work on /home/airflow/.local/lib/python3.7/site-packages/airflow/example_dags/example_latest_only.py
[2023-05-02T19:38:27.834+0000] {processor.py:743} INFO - Processing file /home/airflow/.local/lib/python3.7/site-packages/airflow/example_dags/example_latest_only.py for tasks to queue
[2023-05-02T19:38:27.835+0000] {logging_mixin.py:137} INFO - [2023-05-02T19:38:27.834+0000] {dagbag.py:532} INFO - Filling up the DagBag from /home/airflow/.local/lib/python3.7/site-packages/airflow/example_dags/example_latest_only.py
[2023-05-02T19:38:27.842+0000] {processor.py:753} INFO - DAG(s) dict_keys(['latest_only']) retrieved from /home/airflow/.local/lib/python3.7/site-packages/airflow/example_dags/example_latest_only.py
[2023-05-02T19:38:27.857+0000] {logging_mixin.py:137} INFO - [2023-05-02T19:38:27.857+0000] {dag.py:2705} INFO - Sync 1 DAGs
[2023-05-02T19:38:27.873+0000] {logging_mixin.py:137} INFO - [2023-05-02T19:38:27.873+0000] {dag.py:3456} INFO - Setting next_dagrun for latest_only to 2023-05-02T15:38:27.873225+00:00, run_after=2023-05-02T19:38:27.873225+00:00
[2023-05-02T19:38:27.886+0000] {processor.py:175} INFO - Processing /home/airflow/.local/lib/python3.7/site-packages/airflow/example_dags/example_latest_only.py took 0.055 seconds
[2023-05-02T19:38:57.994+0000] {processor.py:153} INFO - Started process (PID=539) to work on /home/airflow/.local/lib/python3.7/site-packages/airflow/example_dags/example_latest_only.py
[2023-05-02T19:38:57.995+0000] {processor.py:743} INFO - Processing file /home/airflow/.local/lib/python3.7/site-packages/airflow/example_dags/example_latest_only.py for tasks to queue
[2023-05-02T19:38:57.995+0000] {logging_mixin.py:137} INFO - [2023-05-02T19:38:57.995+0000] {dagbag.py:532} INFO - Filling up the DagBag from /home/airflow/.local/lib/python3.7/site-packages/airflow/example_dags/example_latest_only.py
[2023-05-02T19:38:58.003+0000] {processor.py:753} INFO - DAG(s) dict_keys(['latest_only']) retrieved from /home/airflow/.local/lib/python3.7/site-packages/airflow/example_dags/example_latest_only.py
[2023-05-02T19:38:58.017+0000] {logging_mixin.py:137} INFO - [2023-05-02T19:38:58.017+0000] {dag.py:2705} INFO - Sync 1 DAGs
[2023-05-02T19:38:58.032+0000] {logging_mixin.py:137} INFO - [2023-05-02T19:38:58.032+0000] {dag.py:3456} INFO - Setting next_dagrun for latest_only to 2023-05-02T15:38:58.032724+00:00, run_after=2023-05-02T19:38:58.032724+00:00
[2023-05-02T19:38:58.045+0000] {processor.py:175} INFO - Processing /home/airflow/.local/lib/python3.7/site-packages/airflow/example_dags/example_latest_only.py took 0.053 seconds
[2023-05-02T19:39:29.151+0000] {processor.py:153} INFO - Started process (PID=590) to work on /home/airflow/.local/lib/python3.7/site-packages/airflow/example_dags/example_latest_only.py
[2023-05-02T19:39:29.152+0000] {processor.py:743} INFO - Processing file /home/airflow/.local/lib/python3.7/site-packages/airflow/example_dags/example_latest_only.py for tasks to queue
[2023-05-02T19:39:29.152+0000] {logging_mixin.py:137} INFO - [2023-05-02T19:39:29.152+0000] {dagbag.py:532} INFO - Filling up the DagBag from /home/airflow/.local/lib/python3.7/site-packages/airflow/example_dags/example_latest_only.py
[2023-05-02T19:39:29.159+0000] {processor.py:753} INFO - DAG(s) dict_keys(['latest_only']) retrieved from /home/airflow/.local/lib/python3.7/site-packages/airflow/example_dags/example_latest_only.py
[2023-05-02T19:39:29.173+0000] {logging_mixin.py:137} INFO - [2023-05-02T19:39:29.173+0000] {dag.py:2705} INFO - Sync 1 DAGs
[2023-05-02T19:39:29.187+0000] {logging_mixin.py:137} INFO - [2023-05-02T19:39:29.187+0000] {dag.py:3456} INFO - Setting next_dagrun for latest_only to 2023-05-02T15:39:29.187156+00:00, run_after=2023-05-02T19:39:29.187156+00:00
[2023-05-02T19:39:29.198+0000] {processor.py:175} INFO - Processing /home/airflow/.local/lib/python3.7/site-packages/airflow/example_dags/example_latest_only.py took 0.048 seconds
[2023-05-02T19:40:00.191+0000] {processor.py:153} INFO - Started process (PID=641) to work on /home/airflow/.local/lib/python3.7/site-packages/airflow/example_dags/example_latest_only.py
[2023-05-02T19:40:00.192+0000] {processor.py:743} INFO - Processing file /home/airflow/.local/lib/python3.7/site-packages/airflow/example_dags/example_latest_only.py for tasks to queue
[2023-05-02T19:40:00.192+0000] {logging_mixin.py:137} INFO - [2023-05-02T19:40:00.192+0000] {dagbag.py:532} INFO - Filling up the DagBag from /home/airflow/.local/lib/python3.7/site-packages/airflow/example_dags/example_latest_only.py
[2023-05-02T19:40:00.199+0000] {processor.py:753} INFO - DAG(s) dict_keys(['latest_only']) retrieved from /home/airflow/.local/lib/python3.7/site-packages/airflow/example_dags/example_latest_only.py
[2023-05-02T19:40:00.213+0000] {logging_mixin.py:137} INFO - [2023-05-02T19:40:00.213+0000] {dag.py:2705} INFO - Sync 1 DAGs
[2023-05-02T19:40:00.227+0000] {logging_mixin.py:137} INFO - [2023-05-02T19:40:00.227+0000] {dag.py:3456} INFO - Setting next_dagrun for latest_only to 2023-05-02T15:40:00.227535+00:00, run_after=2023-05-02T19:40:00.227535+00:00
[2023-05-02T19:40:00.239+0000] {processor.py:175} INFO - Processing /home/airflow/.local/lib/python3.7/site-packages/airflow/example_dags/example_latest_only.py took 0.049 seconds
[2023-05-02T19:40:30.864+0000] {processor.py:153} INFO - Started process (PID=693) to work on /home/airflow/.local/lib/python3.7/site-packages/airflow/example_dags/example_latest_only.py
[2023-05-02T19:40:30.865+0000] {processor.py:743} INFO - Processing file /home/airflow/.local/lib/python3.7/site-packages/airflow/example_dags/example_latest_only.py for tasks to queue
[2023-05-02T19:40:30.865+0000] {logging_mixin.py:137} INFO - [2023-05-02T19:40:30.865+0000] {dagbag.py:532} INFO - Filling up the DagBag from /home/airflow/.local/lib/python3.7/site-packages/airflow/example_dags/example_latest_only.py
[2023-05-02T19:40:30.873+0000] {processor.py:753} INFO - DAG(s) dict_keys(['latest_only']) retrieved from /home/airflow/.local/lib/python3.7/site-packages/airflow/example_dags/example_latest_only.py
[2023-05-02T19:40:30.887+0000] {logging_mixin.py:137} INFO - [2023-05-02T19:40:30.887+0000] {dag.py:2705} INFO - Sync 1 DAGs
[2023-05-02T19:40:30.902+0000] {logging_mixin.py:137} INFO - [2023-05-02T19:40:30.902+0000] {dag.py:3456} INFO - Setting next_dagrun for latest_only to 2023-05-02T15:40:30.901979+00:00, run_after=2023-05-02T19:40:30.901979+00:00
[2023-05-02T19:40:30.913+0000] {processor.py:175} INFO - Processing /home/airflow/.local/lib/python3.7/site-packages/airflow/example_dags/example_latest_only.py took 0.051 seconds
[2023-05-02T19:41:01.612+0000] {processor.py:153} INFO - Started process (PID=745) to work on /home/airflow/.local/lib/python3.7/site-packages/airflow/example_dags/example_latest_only.py
[2023-05-02T19:41:01.613+0000] {processor.py:743} INFO - Processing file /home/airflow/.local/lib/python3.7/site-packages/airflow/example_dags/example_latest_only.py for tasks to queue
[2023-05-02T19:41:01.613+0000] {logging_mixin.py:137} INFO - [2023-05-02T19:41:01.613+0000] {dagbag.py:532} INFO - Filling up the DagBag from /home/airflow/.local/lib/python3.7/site-packages/airflow/example_dags/example_latest_only.py
[2023-05-02T19:41:01.620+0000] {processor.py:753} INFO - DAG(s) dict_keys(['latest_only']) retrieved from /home/airflow/.local/lib/python3.7/site-packages/airflow/example_dags/example_latest_only.py
[2023-05-02T19:41:01.633+0000] {logging_mixin.py:137} INFO - [2023-05-02T19:41:01.633+0000] {dag.py:2705} INFO - Sync 1 DAGs
[2023-05-02T19:41:01.647+0000] {logging_mixin.py:137} INFO - [2023-05-02T19:41:01.647+0000] {dag.py:3456} INFO - Setting next_dagrun for latest_only to 2023-05-02T15:41:01.647130+00:00, run_after=2023-05-02T19:41:01.647130+00:00
[2023-05-02T19:41:01.659+0000] {processor.py:175} INFO - Processing /home/airflow/.local/lib/python3.7/site-packages/airflow/example_dags/example_latest_only.py took 0.049 seconds
[2023-05-02T19:41:32.628+0000] {processor.py:153} INFO - Started process (PID=797) to work on /home/airflow/.local/lib/python3.7/site-packages/airflow/example_dags/example_latest_only.py
[2023-05-02T19:41:32.628+0000] {processor.py:743} INFO - Processing file /home/airflow/.local/lib/python3.7/site-packages/airflow/example_dags/example_latest_only.py for tasks to queue
[2023-05-02T19:41:32.628+0000] {logging_mixin.py:137} INFO - [2023-05-02T19:41:32.628+0000] {dagbag.py:532} INFO - Filling up the DagBag from /home/airflow/.local/lib/python3.7/site-packages/airflow/example_dags/example_latest_only.py
[2023-05-02T19:41:32.637+0000] {processor.py:753} INFO - DAG(s) dict_keys(['latest_only']) retrieved from /home/airflow/.local/lib/python3.7/site-packages/airflow/example_dags/example_latest_only.py
[2023-05-02T19:41:32.654+0000] {logging_mixin.py:137} INFO - [2023-05-02T19:41:32.653+0000] {dag.py:2705} INFO - Sync 1 DAGs
[2023-05-02T19:41:32.669+0000] {logging_mixin.py:137} INFO - [2023-05-02T19:41:32.669+0000] {dag.py:3456} INFO - Setting next_dagrun for latest_only to 2023-05-02T15:41:32.669192+00:00, run_after=2023-05-02T19:41:32.669192+00:00
[2023-05-02T19:41:32.682+0000] {processor.py:175} INFO - Processing /home/airflow/.local/lib/python3.7/site-packages/airflow/example_dags/example_latest_only.py took 0.056 seconds
[2023-05-02T19:42:03.405+0000] {processor.py:153} INFO - Started process (PID=849) to work on /home/airflow/.local/lib/python3.7/site-packages/airflow/example_dags/example_latest_only.py
[2023-05-02T19:42:03.406+0000] {processor.py:743} INFO - Processing file /home/airflow/.local/lib/python3.7/site-packages/airflow/example_dags/example_latest_only.py for tasks to queue
[2023-05-02T19:42:03.406+0000] {logging_mixin.py:137} INFO - [2023-05-02T19:42:03.406+0000] {dagbag.py:532} INFO - Filling up the DagBag from /home/airflow/.local/lib/python3.7/site-packages/airflow/example_dags/example_latest_only.py
[2023-05-02T19:42:03.414+0000] {processor.py:753} INFO - DAG(s) dict_keys(['latest_only']) retrieved from /home/airflow/.local/lib/python3.7/site-packages/airflow/example_dags/example_latest_only.py
[2023-05-02T19:42:03.429+0000] {logging_mixin.py:137} INFO - [2023-05-02T19:42:03.428+0000] {dag.py:2705} INFO - Sync 1 DAGs
[2023-05-02T19:42:03.443+0000] {logging_mixin.py:137} INFO - [2023-05-02T19:42:03.443+0000] {dag.py:3456} INFO - Setting next_dagrun for latest_only to 2023-05-02T15:42:03.443640+00:00, run_after=2023-05-02T19:42:03.443640+00:00
[2023-05-02T19:42:03.456+0000] {processor.py:175} INFO - Processing /home/airflow/.local/lib/python3.7/site-packages/airflow/example_dags/example_latest_only.py took 0.052 seconds
[2023-05-02T19:42:34.339+0000] {processor.py:153} INFO - Started process (PID=901) to work on /home/airflow/.local/lib/python3.7/site-packages/airflow/example_dags/example_latest_only.py
[2023-05-02T19:42:34.340+0000] {processor.py:743} INFO - Processing file /home/airflow/.local/lib/python3.7/site-packages/airflow/example_dags/example_latest_only.py for tasks to queue
[2023-05-02T19:42:34.340+0000] {logging_mixin.py:137} INFO - [2023-05-02T19:42:34.340+0000] {dagbag.py:532} INFO - Filling up the DagBag from /home/airflow/.local/lib/python3.7/site-packages/airflow/example_dags/example_latest_only.py
[2023-05-02T19:42:34.347+0000] {processor.py:753} INFO - DAG(s) dict_keys(['latest_only']) retrieved from /home/airflow/.local/lib/python3.7/site-packages/airflow/example_dags/example_latest_only.py
[2023-05-02T19:42:34.360+0000] {logging_mixin.py:137} INFO - [2023-05-02T19:42:34.360+0000] {dag.py:2705} INFO - Sync 1 DAGs
[2023-05-02T19:42:34.377+0000] {logging_mixin.py:137} INFO - [2023-05-02T19:42:34.377+0000] {dag.py:3456} INFO - Setting next_dagrun for latest_only to 2023-05-02T15:42:34.376858+00:00, run_after=2023-05-02T19:42:34.376858+00:00
[2023-05-02T19:42:34.389+0000] {processor.py:175} INFO - Processing /home/airflow/.local/lib/python3.7/site-packages/airflow/example_dags/example_latest_only.py took 0.053 seconds
[2023-05-02T19:43:05.258+0000] {processor.py:153} INFO - Started process (PID=953) to work on /home/airflow/.local/lib/python3.7/site-packages/airflow/example_dags/example_latest_only.py
[2023-05-02T19:43:05.259+0000] {processor.py:743} INFO - Processing file /home/airflow/.local/lib/python3.7/site-packages/airflow/example_dags/example_latest_only.py for tasks to queue
[2023-05-02T19:43:05.259+0000] {logging_mixin.py:137} INFO - [2023-05-02T19:43:05.259+0000] {dagbag.py:532} INFO - Filling up the DagBag from /home/airflow/.local/lib/python3.7/site-packages/airflow/example_dags/example_latest_only.py
[2023-05-02T19:43:05.266+0000] {processor.py:753} INFO - DAG(s) dict_keys(['latest_only']) retrieved from /home/airflow/.local/lib/python3.7/site-packages/airflow/example_dags/example_latest_only.py
[2023-05-02T19:43:05.279+0000] {logging_mixin.py:137} INFO - [2023-05-02T19:43:05.279+0000] {dag.py:2705} INFO - Sync 1 DAGs
[2023-05-02T19:43:05.293+0000] {logging_mixin.py:137} INFO - [2023-05-02T19:43:05.293+0000] {dag.py:3456} INFO - Setting next_dagrun for latest_only to 2023-05-02T15:43:05.293304+00:00, run_after=2023-05-02T19:43:05.293304+00:00
[2023-05-02T19:43:05.304+0000] {processor.py:175} INFO - Processing /home/airflow/.local/lib/python3.7/site-packages/airflow/example_dags/example_latest_only.py took 0.047 seconds
[2023-05-02T19:43:36.250+0000] {processor.py:153} INFO - Started process (PID=1005) to work on /home/airflow/.local/lib/python3.7/site-packages/airflow/example_dags/example_latest_only.py
[2023-05-02T19:43:36.251+0000] {processor.py:743} INFO - Processing file /home/airflow/.local/lib/python3.7/site-packages/airflow/example_dags/example_latest_only.py for tasks to queue
[2023-05-02T19:43:36.251+0000] {logging_mixin.py:137} INFO - [2023-05-02T19:43:36.251+0000] {dagbag.py:532} INFO - Filling up the DagBag from /home/airflow/.local/lib/python3.7/site-packages/airflow/example_dags/example_latest_only.py
[2023-05-02T19:43:36.258+0000] {processor.py:753} INFO - DAG(s) dict_keys(['latest_only']) retrieved from /home/airflow/.local/lib/python3.7/site-packages/airflow/example_dags/example_latest_only.py
[2023-05-02T19:43:36.270+0000] {logging_mixin.py:137} INFO - [2023-05-02T19:43:36.270+0000] {dag.py:2705} INFO - Sync 1 DAGs
[2023-05-02T19:43:36.284+0000] {logging_mixin.py:137} INFO - [2023-05-02T19:43:36.284+0000] {dag.py:3456} INFO - Setting next_dagrun for latest_only to 2023-05-02T15:43:36.284596+00:00, run_after=2023-05-02T19:43:36.284596+00:00
[2023-05-02T19:43:36.298+0000] {processor.py:175} INFO - Processing /home/airflow/.local/lib/python3.7/site-packages/airflow/example_dags/example_latest_only.py took 0.049 seconds
[2023-05-02T19:44:07.152+0000] {processor.py:153} INFO - Started process (PID=1056) to work on /home/airflow/.local/lib/python3.7/site-packages/airflow/example_dags/example_latest_only.py
[2023-05-02T19:44:07.152+0000] {processor.py:743} INFO - Processing file /home/airflow/.local/lib/python3.7/site-packages/airflow/example_dags/example_latest_only.py for tasks to queue
[2023-05-02T19:44:07.153+0000] {logging_mixin.py:137} INFO - [2023-05-02T19:44:07.153+0000] {dagbag.py:532} INFO - Filling up the DagBag from /home/airflow/.local/lib/python3.7/site-packages/airflow/example_dags/example_latest_only.py
[2023-05-02T19:44:07.160+0000] {processor.py:753} INFO - DAG(s) dict_keys(['latest_only']) retrieved from /home/airflow/.local/lib/python3.7/site-packages/airflow/example_dags/example_latest_only.py
[2023-05-02T19:44:07.173+0000] {logging_mixin.py:137} INFO - [2023-05-02T19:44:07.173+0000] {dag.py:2705} INFO - Sync 1 DAGs
[2023-05-02T19:44:07.186+0000] {logging_mixin.py:137} INFO - [2023-05-02T19:44:07.186+0000] {dag.py:3456} INFO - Setting next_dagrun for latest_only to 2023-05-02T15:44:07.186431+00:00, run_after=2023-05-02T19:44:07.186431+00:00
[2023-05-02T19:44:07.198+0000] {processor.py:175} INFO - Processing /home/airflow/.local/lib/python3.7/site-packages/airflow/example_dags/example_latest_only.py took 0.048 seconds
[2023-05-02T19:44:37.359+0000] {processor.py:153} INFO - Started process (PID=1108) to work on /home/airflow/.local/lib/python3.7/site-packages/airflow/example_dags/example_latest_only.py
[2023-05-02T19:44:37.359+0000] {processor.py:743} INFO - Processing file /home/airflow/.local/lib/python3.7/site-packages/airflow/example_dags/example_latest_only.py for tasks to queue
[2023-05-02T19:44:37.360+0000] {logging_mixin.py:137} INFO - [2023-05-02T19:44:37.360+0000] {dagbag.py:532} INFO - Filling up the DagBag from /home/airflow/.local/lib/python3.7/site-packages/airflow/example_dags/example_latest_only.py
[2023-05-02T19:44:37.367+0000] {processor.py:753} INFO - DAG(s) dict_keys(['latest_only']) retrieved from /home/airflow/.local/lib/python3.7/site-packages/airflow/example_dags/example_latest_only.py
[2023-05-02T19:44:37.380+0000] {logging_mixin.py:137} INFO - [2023-05-02T19:44:37.380+0000] {dag.py:2705} INFO - Sync 1 DAGs
[2023-05-02T19:44:37.393+0000] {logging_mixin.py:137} INFO - [2023-05-02T19:44:37.393+0000] {dag.py:3456} INFO - Setting next_dagrun for latest_only to 2023-05-02T15:44:37.393544+00:00, run_after=2023-05-02T19:44:37.393544+00:00
[2023-05-02T19:44:37.405+0000] {processor.py:175} INFO - Processing /home/airflow/.local/lib/python3.7/site-packages/airflow/example_dags/example_latest_only.py took 0.048 seconds
[2023-05-02T19:45:08.374+0000] {processor.py:153} INFO - Started process (PID=1160) to work on /home/airflow/.local/lib/python3.7/site-packages/airflow/example_dags/example_latest_only.py
[2023-05-02T19:45:08.375+0000] {processor.py:743} INFO - Processing file /home/airflow/.local/lib/python3.7/site-packages/airflow/example_dags/example_latest_only.py for tasks to queue
[2023-05-02T19:45:08.375+0000] {logging_mixin.py:137} INFO - [2023-05-02T19:45:08.375+0000] {dagbag.py:532} INFO - Filling up the DagBag from /home/airflow/.local/lib/python3.7/site-packages/airflow/example_dags/example_latest_only.py
[2023-05-02T19:45:08.382+0000] {processor.py:753} INFO - DAG(s) dict_keys(['latest_only']) retrieved from /home/airflow/.local/lib/python3.7/site-packages/airflow/example_dags/example_latest_only.py
[2023-05-02T19:45:08.395+0000] {logging_mixin.py:137} INFO - [2023-05-02T19:45:08.395+0000] {dag.py:2705} INFO - Sync 1 DAGs
[2023-05-02T19:45:08.409+0000] {logging_mixin.py:137} INFO - [2023-05-02T19:45:08.409+0000] {dag.py:3456} INFO - Setting next_dagrun for latest_only to 2023-05-02T15:45:08.409494+00:00, run_after=2023-05-02T19:45:08.409494+00:00
[2023-05-02T19:45:08.420+0000] {processor.py:175} INFO - Processing /home/airflow/.local/lib/python3.7/site-packages/airflow/example_dags/example_latest_only.py took 0.048 seconds
[2023-05-02T19:45:39.423+0000] {processor.py:153} INFO - Started process (PID=1212) to work on /home/airflow/.local/lib/python3.7/site-packages/airflow/example_dags/example_latest_only.py
[2023-05-02T19:45:39.423+0000] {processor.py:743} INFO - Processing file /home/airflow/.local/lib/python3.7/site-packages/airflow/example_dags/example_latest_only.py for tasks to queue
[2023-05-02T19:45:39.424+0000] {logging_mixin.py:137} INFO - [2023-05-02T19:45:39.423+0000] {dagbag.py:532} INFO - Filling up the DagBag from /home/airflow/.local/lib/python3.7/site-packages/airflow/example_dags/example_latest_only.py
[2023-05-02T19:45:39.432+0000] {processor.py:753} INFO - DAG(s) dict_keys(['latest_only']) retrieved from /home/airflow/.local/lib/python3.7/site-packages/airflow/example_dags/example_latest_only.py
[2023-05-02T19:45:39.446+0000] {logging_mixin.py:137} INFO - [2023-05-02T19:45:39.446+0000] {dag.py:2705} INFO - Sync 1 DAGs
[2023-05-02T19:45:39.461+0000] {logging_mixin.py:137} INFO - [2023-05-02T19:45:39.461+0000] {dag.py:3456} INFO - Setting next_dagrun for latest_only to 2023-05-02T15:45:39.461270+00:00, run_after=2023-05-02T19:45:39.461270+00:00
[2023-05-02T19:45:39.474+0000] {processor.py:175} INFO - Processing /home/airflow/.local/lib/python3.7/site-packages/airflow/example_dags/example_latest_only.py took 0.054 seconds
[2023-05-02T19:46:10.438+0000] {processor.py:153} INFO - Started process (PID=1264) to work on /home/airflow/.local/lib/python3.7/site-packages/airflow/example_dags/example_latest_only.py
[2023-05-02T19:46:10.438+0000] {processor.py:743} INFO - Processing file /home/airflow/.local/lib/python3.7/site-packages/airflow/example_dags/example_latest_only.py for tasks to queue
[2023-05-02T19:46:10.439+0000] {logging_mixin.py:137} INFO - [2023-05-02T19:46:10.439+0000] {dagbag.py:532} INFO - Filling up the DagBag from /home/airflow/.local/lib/python3.7/site-packages/airflow/example_dags/example_latest_only.py
[2023-05-02T19:46:10.446+0000] {processor.py:753} INFO - DAG(s) dict_keys(['latest_only']) retrieved from /home/airflow/.local/lib/python3.7/site-packages/airflow/example_dags/example_latest_only.py
[2023-05-02T19:46:10.459+0000] {logging_mixin.py:137} INFO - [2023-05-02T19:46:10.459+0000] {dag.py:2705} INFO - Sync 1 DAGs
[2023-05-02T19:46:10.473+0000] {logging_mixin.py:137} INFO - [2023-05-02T19:46:10.473+0000] {dag.py:3456} INFO - Setting next_dagrun for latest_only to 2023-05-02T15:46:10.472879+00:00, run_after=2023-05-02T19:46:10.472879+00:00
[2023-05-02T19:46:10.485+0000] {processor.py:175} INFO - Processing /home/airflow/.local/lib/python3.7/site-packages/airflow/example_dags/example_latest_only.py took 0.048 seconds
[2023-05-02T19:46:41.370+0000] {processor.py:153} INFO - Started process (PID=1316) to work on /home/airflow/.local/lib/python3.7/site-packages/airflow/example_dags/example_latest_only.py
[2023-05-02T19:46:41.370+0000] {processor.py:743} INFO - Processing file /home/airflow/.local/lib/python3.7/site-packages/airflow/example_dags/example_latest_only.py for tasks to queue
[2023-05-02T19:46:41.370+0000] {logging_mixin.py:137} INFO - [2023-05-02T19:46:41.370+0000] {dagbag.py:532} INFO - Filling up the DagBag from /home/airflow/.local/lib/python3.7/site-packages/airflow/example_dags/example_latest_only.py
[2023-05-02T19:46:41.377+0000] {processor.py:753} INFO - DAG(s) dict_keys(['latest_only']) retrieved from /home/airflow/.local/lib/python3.7/site-packages/airflow/example_dags/example_latest_only.py
[2023-05-02T19:46:41.390+0000] {logging_mixin.py:137} INFO - [2023-05-02T19:46:41.390+0000] {dag.py:2705} INFO - Sync 1 DAGs
[2023-05-02T19:46:41.404+0000] {logging_mixin.py:137} INFO - [2023-05-02T19:46:41.404+0000] {dag.py:3456} INFO - Setting next_dagrun for latest_only to 2023-05-02T15:46:41.404382+00:00, run_after=2023-05-02T19:46:41.404382+00:00
[2023-05-02T19:46:41.416+0000] {processor.py:175} INFO - Processing /home/airflow/.local/lib/python3.7/site-packages/airflow/example_dags/example_latest_only.py took 0.048 seconds
[2023-05-02T19:47:12.150+0000] {processor.py:153} INFO - Started process (PID=1368) to work on /home/airflow/.local/lib/python3.7/site-packages/airflow/example_dags/example_latest_only.py
[2023-05-02T19:47:12.150+0000] {processor.py:743} INFO - Processing file /home/airflow/.local/lib/python3.7/site-packages/airflow/example_dags/example_latest_only.py for tasks to queue
[2023-05-02T19:47:12.151+0000] {logging_mixin.py:137} INFO - [2023-05-02T19:47:12.151+0000] {dagbag.py:532} INFO - Filling up the DagBag from /home/airflow/.local/lib/python3.7/site-packages/airflow/example_dags/example_latest_only.py
[2023-05-02T19:47:12.157+0000] {processor.py:753} INFO - DAG(s) dict_keys(['latest_only']) retrieved from /home/airflow/.local/lib/python3.7/site-packages/airflow/example_dags/example_latest_only.py
[2023-05-02T19:47:12.170+0000] {logging_mixin.py:137} INFO - [2023-05-02T19:47:12.170+0000] {dag.py:2705} INFO - Sync 1 DAGs
[2023-05-02T19:47:12.184+0000] {logging_mixin.py:137} INFO - [2023-05-02T19:47:12.184+0000] {dag.py:3456} INFO - Setting next_dagrun for latest_only to 2023-05-02T15:47:12.184648+00:00, run_after=2023-05-02T19:47:12.184648+00:00
[2023-05-02T19:47:12.196+0000] {processor.py:175} INFO - Processing /home/airflow/.local/lib/python3.7/site-packages/airflow/example_dags/example_latest_only.py took 0.048 seconds
[2023-05-02T19:47:43.121+0000] {processor.py:153} INFO - Started process (PID=1420) to work on /home/airflow/.local/lib/python3.7/site-packages/airflow/example_dags/example_latest_only.py
[2023-05-02T19:47:43.121+0000] {processor.py:743} INFO - Processing file /home/airflow/.local/lib/python3.7/site-packages/airflow/example_dags/example_latest_only.py for tasks to queue
[2023-05-02T19:47:43.122+0000] {logging_mixin.py:137} INFO - [2023-05-02T19:47:43.122+0000] {dagbag.py:532} INFO - Filling up the DagBag from /home/airflow/.local/lib/python3.7/site-packages/airflow/example_dags/example_latest_only.py
[2023-05-02T19:47:43.129+0000] {processor.py:753} INFO - DAG(s) dict_keys(['latest_only']) retrieved from /home/airflow/.local/lib/python3.7/site-packages/airflow/example_dags/example_latest_only.py
[2023-05-02T19:47:43.142+0000] {logging_mixin.py:137} INFO - [2023-05-02T19:47:43.142+0000] {dag.py:2705} INFO - Sync 1 DAGs
[2023-05-02T19:47:43.156+0000] {logging_mixin.py:137} INFO - [2023-05-02T19:47:43.156+0000] {dag.py:3456} INFO - Setting next_dagrun for latest_only to 2023-05-02T15:47:43.156212+00:00, run_after=2023-05-02T19:47:43.156212+00:00
[2023-05-02T19:47:43.167+0000] {processor.py:175} INFO - Processing /home/airflow/.local/lib/python3.7/site-packages/airflow/example_dags/example_latest_only.py took 0.048 seconds
[2023-05-02T19:48:14.148+0000] {processor.py:153} INFO - Started process (PID=1472) to work on /home/airflow/.local/lib/python3.7/site-packages/airflow/example_dags/example_latest_only.py
[2023-05-02T19:48:14.148+0000] {processor.py:743} INFO - Processing file /home/airflow/.local/lib/python3.7/site-packages/airflow/example_dags/example_latest_only.py for tasks to queue
[2023-05-02T19:48:14.148+0000] {logging_mixin.py:137} INFO - [2023-05-02T19:48:14.148+0000] {dagbag.py:532} INFO - Filling up the DagBag from /home/airflow/.local/lib/python3.7/site-packages/airflow/example_dags/example_latest_only.py
[2023-05-02T19:48:14.155+0000] {processor.py:753} INFO - DAG(s) dict_keys(['latest_only']) retrieved from /home/airflow/.local/lib/python3.7/site-packages/airflow/example_dags/example_latest_only.py
[2023-05-02T19:48:14.168+0000] {logging_mixin.py:137} INFO - [2023-05-02T19:48:14.168+0000] {dag.py:2705} INFO - Sync 1 DAGs
[2023-05-02T19:48:14.182+0000] {logging_mixin.py:137} INFO - [2023-05-02T19:48:14.182+0000] {dag.py:3456} INFO - Setting next_dagrun for latest_only to 2023-05-02T15:48:14.182424+00:00, run_after=2023-05-02T19:48:14.182424+00:00
[2023-05-02T19:48:14.194+0000] {processor.py:175} INFO - Processing /home/airflow/.local/lib/python3.7/site-packages/airflow/example_dags/example_latest_only.py took 0.047 seconds
[2023-05-02T19:48:44.935+0000] {processor.py:153} INFO - Started process (PID=1523) to work on /home/airflow/.local/lib/python3.7/site-packages/airflow/example_dags/example_latest_only.py
[2023-05-02T19:48:44.935+0000] {processor.py:743} INFO - Processing file /home/airflow/.local/lib/python3.7/site-packages/airflow/example_dags/example_latest_only.py for tasks to queue
[2023-05-02T19:48:44.936+0000] {logging_mixin.py:137} INFO - [2023-05-02T19:48:44.936+0000] {dagbag.py:532} INFO - Filling up the DagBag from /home/airflow/.local/lib/python3.7/site-packages/airflow/example_dags/example_latest_only.py
[2023-05-02T19:48:44.943+0000] {processor.py:753} INFO - DAG(s) dict_keys(['latest_only']) retrieved from /home/airflow/.local/lib/python3.7/site-packages/airflow/example_dags/example_latest_only.py
[2023-05-02T19:48:44.956+0000] {logging_mixin.py:137} INFO - [2023-05-02T19:48:44.956+0000] {dag.py:2705} INFO - Sync 1 DAGs
[2023-05-02T19:48:44.969+0000] {logging_mixin.py:137} INFO - [2023-05-02T19:48:44.969+0000] {dag.py:3456} INFO - Setting next_dagrun for latest_only to 2023-05-02T15:48:44.969576+00:00, run_after=2023-05-02T19:48:44.969576+00:00
[2023-05-02T19:48:44.985+0000] {processor.py:175} INFO - Processing /home/airflow/.local/lib/python3.7/site-packages/airflow/example_dags/example_latest_only.py took 0.051 seconds
[2023-05-02T19:49:15.695+0000] {processor.py:153} INFO - Started process (PID=1575) to work on /home/airflow/.local/lib/python3.7/site-packages/airflow/example_dags/example_latest_only.py
[2023-05-02T19:49:15.696+0000] {processor.py:743} INFO - Processing file /home/airflow/.local/lib/python3.7/site-packages/airflow/example_dags/example_latest_only.py for tasks to queue
[2023-05-02T19:49:15.696+0000] {logging_mixin.py:137} INFO - [2023-05-02T19:49:15.696+0000] {dagbag.py:532} INFO - Filling up the DagBag from /home/airflow/.local/lib/python3.7/site-packages/airflow/example_dags/example_latest_only.py
[2023-05-02T19:49:15.703+0000] {processor.py:753} INFO - DAG(s) dict_keys(['latest_only']) retrieved from /home/airflow/.local/lib/python3.7/site-packages/airflow/example_dags/example_latest_only.py
[2023-05-02T19:49:15.716+0000] {logging_mixin.py:137} INFO - [2023-05-02T19:49:15.716+0000] {dag.py:2705} INFO - Sync 1 DAGs
[2023-05-02T19:49:15.730+0000] {logging_mixin.py:137} INFO - [2023-05-02T19:49:15.730+0000] {dag.py:3456} INFO - Setting next_dagrun for latest_only to 2023-05-02T15:49:15.730537+00:00, run_after=2023-05-02T19:49:15.730537+00:00
[2023-05-02T19:49:15.743+0000] {processor.py:175} INFO - Processing /home/airflow/.local/lib/python3.7/site-packages/airflow/example_dags/example_latest_only.py took 0.049 seconds
[2023-05-02T19:49:46.531+0000] {processor.py:153} INFO - Started process (PID=1626) to work on /home/airflow/.local/lib/python3.7/site-packages/airflow/example_dags/example_latest_only.py
[2023-05-02T19:49:46.532+0000] {processor.py:743} INFO - Processing file /home/airflow/.local/lib/python3.7/site-packages/airflow/example_dags/example_latest_only.py for tasks to queue
[2023-05-02T19:49:46.532+0000] {logging_mixin.py:137} INFO - [2023-05-02T19:49:46.532+0000] {dagbag.py:532} INFO - Filling up the DagBag from /home/airflow/.local/lib/python3.7/site-packages/airflow/example_dags/example_latest_only.py
[2023-05-02T19:49:46.539+0000] {processor.py:753} INFO - DAG(s) dict_keys(['latest_only']) retrieved from /home/airflow/.local/lib/python3.7/site-packages/airflow/example_dags/example_latest_only.py
[2023-05-02T19:49:46.552+0000] {logging_mixin.py:137} INFO - [2023-05-02T19:49:46.552+0000] {dag.py:2705} INFO - Sync 1 DAGs
[2023-05-02T19:49:46.566+0000] {logging_mixin.py:137} INFO - [2023-05-02T19:49:46.566+0000] {dag.py:3456} INFO - Setting next_dagrun for latest_only to 2023-05-02T15:49:46.566056+00:00, run_after=2023-05-02T19:49:46.566056+00:00
[2023-05-02T19:49:46.583+0000] {processor.py:175} INFO - Processing /home/airflow/.local/lib/python3.7/site-packages/airflow/example_dags/example_latest_only.py took 0.053 seconds
[2023-05-02T19:50:17.296+0000] {processor.py:153} INFO - Started process (PID=1678) to work on /home/airflow/.local/lib/python3.7/site-packages/airflow/example_dags/example_latest_only.py
[2023-05-02T19:50:17.297+0000] {processor.py:743} INFO - Processing file /home/airflow/.local/lib/python3.7/site-packages/airflow/example_dags/example_latest_only.py for tasks to queue
[2023-05-02T19:50:17.297+0000] {logging_mixin.py:137} INFO - [2023-05-02T19:50:17.297+0000] {dagbag.py:532} INFO - Filling up the DagBag from /home/airflow/.local/lib/python3.7/site-packages/airflow/example_dags/example_latest_only.py
[2023-05-02T19:50:17.303+0000] {processor.py:753} INFO - DAG(s) dict_keys(['latest_only']) retrieved from /home/airflow/.local/lib/python3.7/site-packages/airflow/example_dags/example_latest_only.py
[2023-05-02T19:50:17.316+0000] {logging_mixin.py:137} INFO - [2023-05-02T19:50:17.316+0000] {dag.py:2705} INFO - Sync 1 DAGs
[2023-05-02T19:50:17.330+0000] {logging_mixin.py:137} INFO - [2023-05-02T19:50:17.330+0000] {dag.py:3456} INFO - Setting next_dagrun for latest_only to 2023-05-02T15:50:17.330312+00:00, run_after=2023-05-02T19:50:17.330312+00:00
[2023-05-02T19:50:17.342+0000] {processor.py:175} INFO - Processing /home/airflow/.local/lib/python3.7/site-packages/airflow/example_dags/example_latest_only.py took 0.048 seconds
[2023-05-02T19:50:48.169+0000] {processor.py:153} INFO - Started process (PID=1735) to work on /home/airflow/.local/lib/python3.7/site-packages/airflow/example_dags/example_latest_only.py
[2023-05-02T19:50:48.170+0000] {processor.py:743} INFO - Processing file /home/airflow/.local/lib/python3.7/site-packages/airflow/example_dags/example_latest_only.py for tasks to queue
[2023-05-02T19:50:48.170+0000] {logging_mixin.py:137} INFO - [2023-05-02T19:50:48.170+0000] {dagbag.py:532} INFO - Filling up the DagBag from /home/airflow/.local/lib/python3.7/site-packages/airflow/example_dags/example_latest_only.py
[2023-05-02T19:50:48.177+0000] {processor.py:753} INFO - DAG(s) dict_keys(['latest_only']) retrieved from /home/airflow/.local/lib/python3.7/site-packages/airflow/example_dags/example_latest_only.py
[2023-05-02T19:50:48.190+0000] {logging_mixin.py:137} INFO - [2023-05-02T19:50:48.190+0000] {dag.py:2705} INFO - Sync 1 DAGs
[2023-05-02T19:50:48.204+0000] {logging_mixin.py:137} INFO - [2023-05-02T19:50:48.204+0000] {dag.py:3456} INFO - Setting next_dagrun for latest_only to 2023-05-02T15:50:48.204176+00:00, run_after=2023-05-02T19:50:48.204176+00:00
[2023-05-02T19:50:48.219+0000] {processor.py:175} INFO - Processing /home/airflow/.local/lib/python3.7/site-packages/airflow/example_dags/example_latest_only.py took 0.051 seconds
[2023-05-02T19:51:18.830+0000] {processor.py:153} INFO - Started process (PID=1787) to work on /home/airflow/.local/lib/python3.7/site-packages/airflow/example_dags/example_latest_only.py
[2023-05-02T19:51:18.831+0000] {processor.py:743} INFO - Processing file /home/airflow/.local/lib/python3.7/site-packages/airflow/example_dags/example_latest_only.py for tasks to queue
[2023-05-02T19:51:18.831+0000] {logging_mixin.py:137} INFO - [2023-05-02T19:51:18.831+0000] {dagbag.py:532} INFO - Filling up the DagBag from /home/airflow/.local/lib/python3.7/site-packages/airflow/example_dags/example_latest_only.py
[2023-05-02T19:51:18.838+0000] {processor.py:753} INFO - DAG(s) dict_keys(['latest_only']) retrieved from /home/airflow/.local/lib/python3.7/site-packages/airflow/example_dags/example_latest_only.py
[2023-05-02T19:51:18.851+0000] {logging_mixin.py:137} INFO - [2023-05-02T19:51:18.851+0000] {dag.py:2705} INFO - Sync 1 DAGs
[2023-05-02T19:51:18.865+0000] {logging_mixin.py:137} INFO - [2023-05-02T19:51:18.865+0000] {dag.py:3456} INFO - Setting next_dagrun for latest_only to 2023-05-02T15:51:18.865413+00:00, run_after=2023-05-02T19:51:18.865413+00:00
[2023-05-02T19:51:18.876+0000] {processor.py:175} INFO - Processing /home/airflow/.local/lib/python3.7/site-packages/airflow/example_dags/example_latest_only.py took 0.048 seconds
[2023-05-02T19:51:49.821+0000] {processor.py:153} INFO - Started process (PID=1838) to work on /home/airflow/.local/lib/python3.7/site-packages/airflow/example_dags/example_latest_only.py
[2023-05-02T19:51:49.821+0000] {processor.py:743} INFO - Processing file /home/airflow/.local/lib/python3.7/site-packages/airflow/example_dags/example_latest_only.py for tasks to queue
[2023-05-02T19:51:49.822+0000] {logging_mixin.py:137} INFO - [2023-05-02T19:51:49.822+0000] {dagbag.py:532} INFO - Filling up the DagBag from /home/airflow/.local/lib/python3.7/site-packages/airflow/example_dags/example_latest_only.py
[2023-05-02T19:51:49.829+0000] {processor.py:753} INFO - DAG(s) dict_keys(['latest_only']) retrieved from /home/airflow/.local/lib/python3.7/site-packages/airflow/example_dags/example_latest_only.py
[2023-05-02T19:51:49.842+0000] {logging_mixin.py:137} INFO - [2023-05-02T19:51:49.842+0000] {dag.py:2705} INFO - Sync 1 DAGs
[2023-05-02T19:51:49.855+0000] {logging_mixin.py:137} INFO - [2023-05-02T19:51:49.855+0000] {dag.py:3456} INFO - Setting next_dagrun for latest_only to 2023-05-02T15:51:49.855524+00:00, run_after=2023-05-02T19:51:49.855524+00:00
[2023-05-02T19:51:49.866+0000] {processor.py:175} INFO - Processing /home/airflow/.local/lib/python3.7/site-packages/airflow/example_dags/example_latest_only.py took 0.047 seconds
[2023-05-02T19:52:20.596+0000] {processor.py:153} INFO - Started process (PID=1890) to work on /home/airflow/.local/lib/python3.7/site-packages/airflow/example_dags/example_latest_only.py
[2023-05-02T19:52:20.597+0000] {processor.py:743} INFO - Processing file /home/airflow/.local/lib/python3.7/site-packages/airflow/example_dags/example_latest_only.py for tasks to queue
[2023-05-02T19:52:20.597+0000] {logging_mixin.py:137} INFO - [2023-05-02T19:52:20.597+0000] {dagbag.py:532} INFO - Filling up the DagBag from /home/airflow/.local/lib/python3.7/site-packages/airflow/example_dags/example_latest_only.py
[2023-05-02T19:52:20.604+0000] {processor.py:753} INFO - DAG(s) dict_keys(['latest_only']) retrieved from /home/airflow/.local/lib/python3.7/site-packages/airflow/example_dags/example_latest_only.py
[2023-05-02T19:52:20.617+0000] {logging_mixin.py:137} INFO - [2023-05-02T19:52:20.617+0000] {dag.py:2705} INFO - Sync 1 DAGs
[2023-05-02T19:52:20.632+0000] {logging_mixin.py:137} INFO - [2023-05-02T19:52:20.632+0000] {dag.py:3456} INFO - Setting next_dagrun for latest_only to 2023-05-02T15:52:20.632323+00:00, run_after=2023-05-02T19:52:20.632323+00:00
[2023-05-02T19:52:20.643+0000] {processor.py:175} INFO - Processing /home/airflow/.local/lib/python3.7/site-packages/airflow/example_dags/example_latest_only.py took 0.048 seconds
[2023-05-02T19:52:51.402+0000] {processor.py:153} INFO - Started process (PID=1942) to work on /home/airflow/.local/lib/python3.7/site-packages/airflow/example_dags/example_latest_only.py
[2023-05-02T19:52:51.403+0000] {processor.py:743} INFO - Processing file /home/airflow/.local/lib/python3.7/site-packages/airflow/example_dags/example_latest_only.py for tasks to queue
[2023-05-02T19:52:51.403+0000] {logging_mixin.py:137} INFO - [2023-05-02T19:52:51.403+0000] {dagbag.py:532} INFO - Filling up the DagBag from /home/airflow/.local/lib/python3.7/site-packages/airflow/example_dags/example_latest_only.py
[2023-05-02T19:52:51.410+0000] {processor.py:753} INFO - DAG(s) dict_keys(['latest_only']) retrieved from /home/airflow/.local/lib/python3.7/site-packages/airflow/example_dags/example_latest_only.py
[2023-05-02T19:52:51.423+0000] {logging_mixin.py:137} INFO - [2023-05-02T19:52:51.423+0000] {dag.py:2705} INFO - Sync 1 DAGs
[2023-05-02T19:52:51.437+0000] {logging_mixin.py:137} INFO - [2023-05-02T19:52:51.437+0000] {dag.py:3456} INFO - Setting next_dagrun for latest_only to 2023-05-02T15:52:51.437045+00:00, run_after=2023-05-02T19:52:51.437045+00:00
[2023-05-02T19:52:51.448+0000] {processor.py:175} INFO - Processing /home/airflow/.local/lib/python3.7/site-packages/airflow/example_dags/example_latest_only.py took 0.048 seconds
[2023-05-02T19:53:22.184+0000] {processor.py:153} INFO - Started process (PID=1994) to work on /home/airflow/.local/lib/python3.7/site-packages/airflow/example_dags/example_latest_only.py
[2023-05-02T19:53:22.185+0000] {processor.py:743} INFO - Processing file /home/airflow/.local/lib/python3.7/site-packages/airflow/example_dags/example_latest_only.py for tasks to queue
[2023-05-02T19:53:22.185+0000] {logging_mixin.py:137} INFO - [2023-05-02T19:53:22.185+0000] {dagbag.py:532} INFO - Filling up the DagBag from /home/airflow/.local/lib/python3.7/site-packages/airflow/example_dags/example_latest_only.py
[2023-05-02T19:53:22.192+0000] {processor.py:753} INFO - DAG(s) dict_keys(['latest_only']) retrieved from /home/airflow/.local/lib/python3.7/site-packages/airflow/example_dags/example_latest_only.py
[2023-05-02T19:53:22.205+0000] {logging_mixin.py:137} INFO - [2023-05-02T19:53:22.205+0000] {dag.py:2705} INFO - Sync 1 DAGs
[2023-05-02T19:53:22.219+0000] {logging_mixin.py:137} INFO - [2023-05-02T19:53:22.219+0000] {dag.py:3456} INFO - Setting next_dagrun for latest_only to 2023-05-02T15:53:22.219010+00:00, run_after=2023-05-02T19:53:22.219010+00:00
[2023-05-02T19:53:22.230+0000] {processor.py:175} INFO - Processing /home/airflow/.local/lib/python3.7/site-packages/airflow/example_dags/example_latest_only.py took 0.047 seconds
[2023-05-02T19:53:52.997+0000] {processor.py:153} INFO - Started process (PID=2046) to work on /home/airflow/.local/lib/python3.7/site-packages/airflow/example_dags/example_latest_only.py
[2023-05-02T19:53:52.997+0000] {processor.py:743} INFO - Processing file /home/airflow/.local/lib/python3.7/site-packages/airflow/example_dags/example_latest_only.py for tasks to queue
[2023-05-02T19:53:52.998+0000] {logging_mixin.py:137} INFO - [2023-05-02T19:53:52.997+0000] {dagbag.py:532} INFO - Filling up the DagBag from /home/airflow/.local/lib/python3.7/site-packages/airflow/example_dags/example_latest_only.py
[2023-05-02T19:53:53.004+0000] {processor.py:753} INFO - DAG(s) dict_keys(['latest_only']) retrieved from /home/airflow/.local/lib/python3.7/site-packages/airflow/example_dags/example_latest_only.py
[2023-05-02T19:53:53.018+0000] {logging_mixin.py:137} INFO - [2023-05-02T19:53:53.018+0000] {dag.py:2705} INFO - Sync 1 DAGs
[2023-05-02T19:53:53.032+0000] {logging_mixin.py:137} INFO - [2023-05-02T19:53:53.031+0000] {dag.py:3456} INFO - Setting next_dagrun for latest_only to 2023-05-02T15:53:53.031863+00:00, run_after=2023-05-02T19:53:53.031863+00:00
[2023-05-02T19:53:53.044+0000] {processor.py:175} INFO - Processing /home/airflow/.local/lib/python3.7/site-packages/airflow/example_dags/example_latest_only.py took 0.048 seconds
[2023-05-02T19:54:23.072+0000] {processor.py:153} INFO - Started process (PID=2096) to work on /home/airflow/.local/lib/python3.7/site-packages/airflow/example_dags/example_latest_only.py
[2023-05-02T19:54:23.080+0000] {processor.py:743} INFO - Processing file /home/airflow/.local/lib/python3.7/site-packages/airflow/example_dags/example_latest_only.py for tasks to queue
[2023-05-02T19:54:23.081+0000] {logging_mixin.py:137} INFO - [2023-05-02T19:54:23.081+0000] {dagbag.py:532} INFO - Filling up the DagBag from /home/airflow/.local/lib/python3.7/site-packages/airflow/example_dags/example_latest_only.py
[2023-05-02T19:54:23.091+0000] {processor.py:753} INFO - DAG(s) dict_keys(['latest_only']) retrieved from /home/airflow/.local/lib/python3.7/site-packages/airflow/example_dags/example_latest_only.py
[2023-05-02T19:54:23.104+0000] {logging_mixin.py:137} INFO - [2023-05-02T19:54:23.104+0000] {dag.py:2705} INFO - Sync 1 DAGs
[2023-05-02T19:54:23.118+0000] {logging_mixin.py:137} INFO - [2023-05-02T19:54:23.118+0000] {dag.py:3456} INFO - Setting next_dagrun for latest_only to 2023-05-02T15:54:23.118703+00:00, run_after=2023-05-02T19:54:23.118703+00:00
[2023-05-02T19:54:23.131+0000] {processor.py:175} INFO - Processing /home/airflow/.local/lib/python3.7/site-packages/airflow/example_dags/example_latest_only.py took 0.060 seconds
[2023-05-02T19:54:53.995+0000] {processor.py:153} INFO - Started process (PID=2148) to work on /home/airflow/.local/lib/python3.7/site-packages/airflow/example_dags/example_latest_only.py
[2023-05-02T19:54:54.001+0000] {processor.py:743} INFO - Processing file /home/airflow/.local/lib/python3.7/site-packages/airflow/example_dags/example_latest_only.py for tasks to queue
[2023-05-02T19:54:54.002+0000] {logging_mixin.py:137} INFO - [2023-05-02T19:54:54.002+0000] {dagbag.py:532} INFO - Filling up the DagBag from /home/airflow/.local/lib/python3.7/site-packages/airflow/example_dags/example_latest_only.py
[2023-05-02T19:54:54.019+0000] {processor.py:753} INFO - DAG(s) dict_keys(['latest_only']) retrieved from /home/airflow/.local/lib/python3.7/site-packages/airflow/example_dags/example_latest_only.py
[2023-05-02T19:54:54.034+0000] {logging_mixin.py:137} INFO - [2023-05-02T19:54:54.034+0000] {dag.py:2705} INFO - Sync 1 DAGs
[2023-05-02T19:54:54.048+0000] {logging_mixin.py:137} INFO - [2023-05-02T19:54:54.048+0000] {dag.py:3456} INFO - Setting next_dagrun for latest_only to 2023-05-02T15:54:54.048501+00:00, run_after=2023-05-02T19:54:54.048501+00:00
[2023-05-02T19:54:54.062+0000] {processor.py:175} INFO - Processing /home/airflow/.local/lib/python3.7/site-packages/airflow/example_dags/example_latest_only.py took 0.070 seconds
[2023-05-02T19:55:24.082+0000] {processor.py:153} INFO - Started process (PID=2200) to work on /home/airflow/.local/lib/python3.7/site-packages/airflow/example_dags/example_latest_only.py
[2023-05-02T19:55:24.083+0000] {processor.py:743} INFO - Processing file /home/airflow/.local/lib/python3.7/site-packages/airflow/example_dags/example_latest_only.py for tasks to queue
[2023-05-02T19:55:24.083+0000] {logging_mixin.py:137} INFO - [2023-05-02T19:55:24.083+0000] {dagbag.py:532} INFO - Filling up the DagBag from /home/airflow/.local/lib/python3.7/site-packages/airflow/example_dags/example_latest_only.py
[2023-05-02T19:55:24.090+0000] {processor.py:753} INFO - DAG(s) dict_keys(['latest_only']) retrieved from /home/airflow/.local/lib/python3.7/site-packages/airflow/example_dags/example_latest_only.py
[2023-05-02T19:55:24.104+0000] {logging_mixin.py:137} INFO - [2023-05-02T19:55:24.104+0000] {dag.py:2705} INFO - Sync 1 DAGs
[2023-05-02T19:55:24.117+0000] {logging_mixin.py:137} INFO - [2023-05-02T19:55:24.117+0000] {dag.py:3456} INFO - Setting next_dagrun for latest_only to 2023-05-02T15:55:24.117664+00:00, run_after=2023-05-02T19:55:24.117664+00:00
[2023-05-02T19:55:24.129+0000] {processor.py:175} INFO - Processing /home/airflow/.local/lib/python3.7/site-packages/airflow/example_dags/example_latest_only.py took 0.049 seconds
[2023-05-02T19:55:54.174+0000] {processor.py:153} INFO - Started process (PID=2252) to work on /home/airflow/.local/lib/python3.7/site-packages/airflow/example_dags/example_latest_only.py
[2023-05-02T19:55:54.182+0000] {processor.py:743} INFO - Processing file /home/airflow/.local/lib/python3.7/site-packages/airflow/example_dags/example_latest_only.py for tasks to queue
[2023-05-02T19:55:54.183+0000] {logging_mixin.py:137} INFO - [2023-05-02T19:55:54.183+0000] {dagbag.py:532} INFO - Filling up the DagBag from /home/airflow/.local/lib/python3.7/site-packages/airflow/example_dags/example_latest_only.py
[2023-05-02T19:55:54.194+0000] {processor.py:753} INFO - DAG(s) dict_keys(['latest_only']) retrieved from /home/airflow/.local/lib/python3.7/site-packages/airflow/example_dags/example_latest_only.py
[2023-05-02T19:55:54.211+0000] {logging_mixin.py:137} INFO - [2023-05-02T19:55:54.211+0000] {dag.py:2705} INFO - Sync 1 DAGs
[2023-05-02T19:55:54.225+0000] {logging_mixin.py:137} INFO - [2023-05-02T19:55:54.225+0000] {dag.py:3456} INFO - Setting next_dagrun for latest_only to 2023-05-02T15:55:54.225482+00:00, run_after=2023-05-02T19:55:54.225482+00:00
[2023-05-02T19:55:54.236+0000] {processor.py:175} INFO - Processing /home/airflow/.local/lib/python3.7/site-packages/airflow/example_dags/example_latest_only.py took 0.064 seconds
[2023-05-02T19:56:24.404+0000] {processor.py:153} INFO - Started process (PID=2304) to work on /home/airflow/.local/lib/python3.7/site-packages/airflow/example_dags/example_latest_only.py
[2023-05-02T19:56:24.411+0000] {processor.py:743} INFO - Processing file /home/airflow/.local/lib/python3.7/site-packages/airflow/example_dags/example_latest_only.py for tasks to queue
[2023-05-02T19:56:24.411+0000] {logging_mixin.py:137} INFO - [2023-05-02T19:56:24.411+0000] {dagbag.py:532} INFO - Filling up the DagBag from /home/airflow/.local/lib/python3.7/site-packages/airflow/example_dags/example_latest_only.py
[2023-05-02T19:56:24.418+0000] {processor.py:753} INFO - DAG(s) dict_keys(['latest_only']) retrieved from /home/airflow/.local/lib/python3.7/site-packages/airflow/example_dags/example_latest_only.py
[2023-05-02T19:56:24.456+0000] {logging_mixin.py:137} INFO - [2023-05-02T19:56:24.456+0000] {dag.py:2705} INFO - Sync 1 DAGs
[2023-05-02T19:56:24.471+0000] {logging_mixin.py:137} INFO - [2023-05-02T19:56:24.471+0000] {dag.py:3456} INFO - Setting next_dagrun for latest_only to 2023-05-02T15:56:24.471704+00:00, run_after=2023-05-02T19:56:24.471704+00:00
[2023-05-02T19:56:24.484+0000] {processor.py:175} INFO - Processing /home/airflow/.local/lib/python3.7/site-packages/airflow/example_dags/example_latest_only.py took 0.081 seconds
[2023-05-02T19:56:54.530+0000] {processor.py:153} INFO - Started process (PID=2356) to work on /home/airflow/.local/lib/python3.7/site-packages/airflow/example_dags/example_latest_only.py
[2023-05-02T19:56:54.537+0000] {processor.py:743} INFO - Processing file /home/airflow/.local/lib/python3.7/site-packages/airflow/example_dags/example_latest_only.py for tasks to queue
[2023-05-02T19:56:54.539+0000] {logging_mixin.py:137} INFO - [2023-05-02T19:56:54.538+0000] {dagbag.py:532} INFO - Filling up the DagBag from /home/airflow/.local/lib/python3.7/site-packages/airflow/example_dags/example_latest_only.py
[2023-05-02T19:56:54.548+0000] {processor.py:753} INFO - DAG(s) dict_keys(['latest_only']) retrieved from /home/airflow/.local/lib/python3.7/site-packages/airflow/example_dags/example_latest_only.py
[2023-05-02T19:56:54.562+0000] {logging_mixin.py:137} INFO - [2023-05-02T19:56:54.562+0000] {dag.py:2705} INFO - Sync 1 DAGs
[2023-05-02T19:56:54.576+0000] {logging_mixin.py:137} INFO - [2023-05-02T19:56:54.576+0000] {dag.py:3456} INFO - Setting next_dagrun for latest_only to 2023-05-02T15:56:54.576241+00:00, run_after=2023-05-02T19:56:54.576241+00:00
[2023-05-02T19:56:54.589+0000] {processor.py:175} INFO - Processing /home/airflow/.local/lib/python3.7/site-packages/airflow/example_dags/example_latest_only.py took 0.060 seconds
[2023-05-02T19:57:25.540+0000] {processor.py:153} INFO - Started process (PID=2408) to work on /home/airflow/.local/lib/python3.7/site-packages/airflow/example_dags/example_latest_only.py
[2023-05-02T19:57:25.548+0000] {processor.py:743} INFO - Processing file /home/airflow/.local/lib/python3.7/site-packages/airflow/example_dags/example_latest_only.py for tasks to queue
[2023-05-02T19:57:25.549+0000] {logging_mixin.py:137} INFO - [2023-05-02T19:57:25.549+0000] {dagbag.py:532} INFO - Filling up the DagBag from /home/airflow/.local/lib/python3.7/site-packages/airflow/example_dags/example_latest_only.py
[2023-05-02T19:57:25.559+0000] {processor.py:753} INFO - DAG(s) dict_keys(['latest_only']) retrieved from /home/airflow/.local/lib/python3.7/site-packages/airflow/example_dags/example_latest_only.py
[2023-05-02T19:57:25.573+0000] {logging_mixin.py:137} INFO - [2023-05-02T19:57:25.573+0000] {dag.py:2705} INFO - Sync 1 DAGs
[2023-05-02T19:57:25.587+0000] {logging_mixin.py:137} INFO - [2023-05-02T19:57:25.587+0000] {dag.py:3456} INFO - Setting next_dagrun for latest_only to 2023-05-02T15:57:25.586952+00:00, run_after=2023-05-02T19:57:25.586952+00:00
[2023-05-02T19:57:25.606+0000] {processor.py:175} INFO - Processing /home/airflow/.local/lib/python3.7/site-packages/airflow/example_dags/example_latest_only.py took 0.068 seconds
[2023-05-02T19:57:55.682+0000] {processor.py:153} INFO - Started process (PID=2460) to work on /home/airflow/.local/lib/python3.7/site-packages/airflow/example_dags/example_latest_only.py
[2023-05-02T19:57:55.689+0000] {processor.py:743} INFO - Processing file /home/airflow/.local/lib/python3.7/site-packages/airflow/example_dags/example_latest_only.py for tasks to queue
[2023-05-02T19:57:55.691+0000] {logging_mixin.py:137} INFO - [2023-05-02T19:57:55.690+0000] {dagbag.py:532} INFO - Filling up the DagBag from /home/airflow/.local/lib/python3.7/site-packages/airflow/example_dags/example_latest_only.py
[2023-05-02T19:57:55.701+0000] {processor.py:753} INFO - DAG(s) dict_keys(['latest_only']) retrieved from /home/airflow/.local/lib/python3.7/site-packages/airflow/example_dags/example_latest_only.py
[2023-05-02T19:57:55.714+0000] {logging_mixin.py:137} INFO - [2023-05-02T19:57:55.714+0000] {dag.py:2705} INFO - Sync 1 DAGs
[2023-05-02T19:57:55.729+0000] {logging_mixin.py:137} INFO - [2023-05-02T19:57:55.729+0000] {dag.py:3456} INFO - Setting next_dagrun for latest_only to 2023-05-02T15:57:55.728984+00:00, run_after=2023-05-02T19:57:55.728984+00:00
[2023-05-02T19:57:55.741+0000] {processor.py:175} INFO - Processing /home/airflow/.local/lib/python3.7/site-packages/airflow/example_dags/example_latest_only.py took 0.061 seconds
[2023-05-02T19:58:26.666+0000] {processor.py:153} INFO - Started process (PID=2512) to work on /home/airflow/.local/lib/python3.7/site-packages/airflow/example_dags/example_latest_only.py
[2023-05-02T19:58:26.667+0000] {processor.py:743} INFO - Processing file /home/airflow/.local/lib/python3.7/site-packages/airflow/example_dags/example_latest_only.py for tasks to queue
[2023-05-02T19:58:26.667+0000] {logging_mixin.py:137} INFO - [2023-05-02T19:58:26.667+0000] {dagbag.py:532} INFO - Filling up the DagBag from /home/airflow/.local/lib/python3.7/site-packages/airflow/example_dags/example_latest_only.py
[2023-05-02T19:58:26.674+0000] {processor.py:753} INFO - DAG(s) dict_keys(['latest_only']) retrieved from /home/airflow/.local/lib/python3.7/site-packages/airflow/example_dags/example_latest_only.py
[2023-05-02T19:58:26.688+0000] {logging_mixin.py:137} INFO - [2023-05-02T19:58:26.688+0000] {dag.py:2705} INFO - Sync 1 DAGs
[2023-05-02T19:58:26.701+0000] {logging_mixin.py:137} INFO - [2023-05-02T19:58:26.701+0000] {dag.py:3456} INFO - Setting next_dagrun for latest_only to 2023-05-02T15:58:26.701781+00:00, run_after=2023-05-02T19:58:26.701781+00:00
[2023-05-02T19:58:26.714+0000] {processor.py:175} INFO - Processing /home/airflow/.local/lib/python3.7/site-packages/airflow/example_dags/example_latest_only.py took 0.049 seconds
[2023-05-02T19:58:57.445+0000] {processor.py:153} INFO - Started process (PID=2564) to work on /home/airflow/.local/lib/python3.7/site-packages/airflow/example_dags/example_latest_only.py
[2023-05-02T19:58:57.451+0000] {processor.py:743} INFO - Processing file /home/airflow/.local/lib/python3.7/site-packages/airflow/example_dags/example_latest_only.py for tasks to queue
[2023-05-02T19:58:57.452+0000] {logging_mixin.py:137} INFO - [2023-05-02T19:58:57.451+0000] {dagbag.py:532} INFO - Filling up the DagBag from /home/airflow/.local/lib/python3.7/site-packages/airflow/example_dags/example_latest_only.py
[2023-05-02T19:58:57.469+0000] {processor.py:753} INFO - DAG(s) dict_keys(['latest_only']) retrieved from /home/airflow/.local/lib/python3.7/site-packages/airflow/example_dags/example_latest_only.py
[2023-05-02T19:58:57.483+0000] {logging_mixin.py:137} INFO - [2023-05-02T19:58:57.483+0000] {dag.py:2705} INFO - Sync 1 DAGs
[2023-05-02T19:58:57.496+0000] {logging_mixin.py:137} INFO - [2023-05-02T19:58:57.496+0000] {dag.py:3456} INFO - Setting next_dagrun for latest_only to 2023-05-02T15:58:57.496652+00:00, run_after=2023-05-02T19:58:57.496652+00:00
[2023-05-02T19:58:57.508+0000] {processor.py:175} INFO - Processing /home/airflow/.local/lib/python3.7/site-packages/airflow/example_dags/example_latest_only.py took 0.067 seconds
[2023-05-02T19:59:28.224+0000] {processor.py:153} INFO - Started process (PID=2616) to work on /home/airflow/.local/lib/python3.7/site-packages/airflow/example_dags/example_latest_only.py
[2023-05-02T19:59:28.231+0000] {processor.py:743} INFO - Processing file /home/airflow/.local/lib/python3.7/site-packages/airflow/example_dags/example_latest_only.py for tasks to queue
[2023-05-02T19:59:28.231+0000] {logging_mixin.py:137} INFO - [2023-05-02T19:59:28.231+0000] {dagbag.py:532} INFO - Filling up the DagBag from /home/airflow/.local/lib/python3.7/site-packages/airflow/example_dags/example_latest_only.py
[2023-05-02T19:59:28.238+0000] {processor.py:753} INFO - DAG(s) dict_keys(['latest_only']) retrieved from /home/airflow/.local/lib/python3.7/site-packages/airflow/example_dags/example_latest_only.py
[2023-05-02T19:59:28.253+0000] {logging_mixin.py:137} INFO - [2023-05-02T19:59:28.253+0000] {dag.py:2705} INFO - Sync 1 DAGs
[2023-05-02T19:59:28.268+0000] {logging_mixin.py:137} INFO - [2023-05-02T19:59:28.268+0000] {dag.py:3456} INFO - Setting next_dagrun for latest_only to 2023-05-02T15:59:28.268275+00:00, run_after=2023-05-02T19:59:28.268275+00:00
[2023-05-02T19:59:28.281+0000] {processor.py:175} INFO - Processing /home/airflow/.local/lib/python3.7/site-packages/airflow/example_dags/example_latest_only.py took 0.058 seconds
[2023-05-02T19:59:59.119+0000] {processor.py:153} INFO - Started process (PID=2668) to work on /home/airflow/.local/lib/python3.7/site-packages/airflow/example_dags/example_latest_only.py
[2023-05-02T19:59:59.126+0000] {processor.py:743} INFO - Processing file /home/airflow/.local/lib/python3.7/site-packages/airflow/example_dags/example_latest_only.py for tasks to queue
[2023-05-02T19:59:59.126+0000] {logging_mixin.py:137} INFO - [2023-05-02T19:59:59.126+0000] {dagbag.py:532} INFO - Filling up the DagBag from /home/airflow/.local/lib/python3.7/site-packages/airflow/example_dags/example_latest_only.py
[2023-05-02T19:59:59.133+0000] {processor.py:753} INFO - DAG(s) dict_keys(['latest_only']) retrieved from /home/airflow/.local/lib/python3.7/site-packages/airflow/example_dags/example_latest_only.py
[2023-05-02T19:59:59.149+0000] {logging_mixin.py:137} INFO - [2023-05-02T19:59:59.149+0000] {dag.py:2705} INFO - Sync 1 DAGs
[2023-05-02T19:59:59.164+0000] {logging_mixin.py:137} INFO - [2023-05-02T19:59:59.164+0000] {dag.py:3456} INFO - Setting next_dagrun for latest_only to 2023-05-02T15:59:59.164772+00:00, run_after=2023-05-02T19:59:59.164772+00:00
[2023-05-02T19:59:59.177+0000] {processor.py:175} INFO - Processing /home/airflow/.local/lib/python3.7/site-packages/airflow/example_dags/example_latest_only.py took 0.060 seconds
[2023-05-02T20:00:29.889+0000] {processor.py:153} INFO - Started process (PID=2719) to work on /home/airflow/.local/lib/python3.7/site-packages/airflow/example_dags/example_latest_only.py
[2023-05-02T20:00:29.890+0000] {processor.py:743} INFO - Processing file /home/airflow/.local/lib/python3.7/site-packages/airflow/example_dags/example_latest_only.py for tasks to queue
[2023-05-02T20:00:29.890+0000] {logging_mixin.py:137} INFO - [2023-05-02T20:00:29.890+0000] {dagbag.py:532} INFO - Filling up the DagBag from /home/airflow/.local/lib/python3.7/site-packages/airflow/example_dags/example_latest_only.py
[2023-05-02T20:00:29.899+0000] {processor.py:753} INFO - DAG(s) dict_keys(['latest_only']) retrieved from /home/airflow/.local/lib/python3.7/site-packages/airflow/example_dags/example_latest_only.py
[2023-05-02T20:00:29.915+0000] {logging_mixin.py:137} INFO - [2023-05-02T20:00:29.915+0000] {dag.py:2705} INFO - Sync 1 DAGs
[2023-05-02T20:00:29.931+0000] {logging_mixin.py:137} INFO - [2023-05-02T20:00:29.931+0000] {dag.py:3456} INFO - Setting next_dagrun for latest_only to 2023-05-02T16:00:29.931085+00:00, run_after=2023-05-02T20:00:29.931085+00:00
[2023-05-02T20:00:29.944+0000] {processor.py:175} INFO - Processing /home/airflow/.local/lib/python3.7/site-packages/airflow/example_dags/example_latest_only.py took 0.057 seconds
[2023-05-02T20:01:00.663+0000] {processor.py:153} INFO - Started process (PID=2771) to work on /home/airflow/.local/lib/python3.7/site-packages/airflow/example_dags/example_latest_only.py
[2023-05-02T20:01:00.670+0000] {processor.py:743} INFO - Processing file /home/airflow/.local/lib/python3.7/site-packages/airflow/example_dags/example_latest_only.py for tasks to queue
[2023-05-02T20:01:00.671+0000] {logging_mixin.py:137} INFO - [2023-05-02T20:01:00.671+0000] {dagbag.py:532} INFO - Filling up the DagBag from /home/airflow/.local/lib/python3.7/site-packages/airflow/example_dags/example_latest_only.py
[2023-05-02T20:01:00.685+0000] {processor.py:753} INFO - DAG(s) dict_keys(['latest_only']) retrieved from /home/airflow/.local/lib/python3.7/site-packages/airflow/example_dags/example_latest_only.py
[2023-05-02T20:01:00.698+0000] {logging_mixin.py:137} INFO - [2023-05-02T20:01:00.698+0000] {dag.py:2705} INFO - Sync 1 DAGs
[2023-05-02T20:01:00.712+0000] {logging_mixin.py:137} INFO - [2023-05-02T20:01:00.712+0000] {dag.py:3456} INFO - Setting next_dagrun for latest_only to 2023-05-02T16:01:00.712366+00:00, run_after=2023-05-02T20:01:00.712366+00:00
[2023-05-02T20:01:00.724+0000] {processor.py:175} INFO - Processing /home/airflow/.local/lib/python3.7/site-packages/airflow/example_dags/example_latest_only.py took 0.063 seconds
[2023-05-02T20:01:31.434+0000] {processor.py:153} INFO - Started process (PID=2823) to work on /home/airflow/.local/lib/python3.7/site-packages/airflow/example_dags/example_latest_only.py
[2023-05-02T20:01:31.441+0000] {processor.py:743} INFO - Processing file /home/airflow/.local/lib/python3.7/site-packages/airflow/example_dags/example_latest_only.py for tasks to queue
[2023-05-02T20:01:31.442+0000] {logging_mixin.py:137} INFO - [2023-05-02T20:01:31.442+0000] {dagbag.py:532} INFO - Filling up the DagBag from /home/airflow/.local/lib/python3.7/site-packages/airflow/example_dags/example_latest_only.py
[2023-05-02T20:01:31.452+0000] {processor.py:753} INFO - DAG(s) dict_keys(['latest_only']) retrieved from /home/airflow/.local/lib/python3.7/site-packages/airflow/example_dags/example_latest_only.py
[2023-05-02T20:01:31.465+0000] {logging_mixin.py:137} INFO - [2023-05-02T20:01:31.465+0000] {dag.py:2705} INFO - Sync 1 DAGs
[2023-05-02T20:01:31.480+0000] {logging_mixin.py:137} INFO - [2023-05-02T20:01:31.480+0000] {dag.py:3456} INFO - Setting next_dagrun for latest_only to 2023-05-02T16:01:31.480077+00:00, run_after=2023-05-02T20:01:31.480077+00:00
[2023-05-02T20:01:31.491+0000] {processor.py:175} INFO - Processing /home/airflow/.local/lib/python3.7/site-packages/airflow/example_dags/example_latest_only.py took 0.060 seconds
[2023-05-02T20:02:02.253+0000] {processor.py:153} INFO - Started process (PID=2875) to work on /home/airflow/.local/lib/python3.7/site-packages/airflow/example_dags/example_latest_only.py
[2023-05-02T20:02:02.261+0000] {processor.py:743} INFO - Processing file /home/airflow/.local/lib/python3.7/site-packages/airflow/example_dags/example_latest_only.py for tasks to queue
[2023-05-02T20:02:02.262+0000] {logging_mixin.py:137} INFO - [2023-05-02T20:02:02.262+0000] {dagbag.py:532} INFO - Filling up the DagBag from /home/airflow/.local/lib/python3.7/site-packages/airflow/example_dags/example_latest_only.py
[2023-05-02T20:02:02.272+0000] {processor.py:753} INFO - DAG(s) dict_keys(['latest_only']) retrieved from /home/airflow/.local/lib/python3.7/site-packages/airflow/example_dags/example_latest_only.py
[2023-05-02T20:02:02.286+0000] {logging_mixin.py:137} INFO - [2023-05-02T20:02:02.286+0000] {dag.py:2705} INFO - Sync 1 DAGs
[2023-05-02T20:02:02.300+0000] {logging_mixin.py:137} INFO - [2023-05-02T20:02:02.300+0000] {dag.py:3456} INFO - Setting next_dagrun for latest_only to 2023-05-02T16:02:02.300541+00:00, run_after=2023-05-02T20:02:02.300541+00:00
[2023-05-02T20:02:02.311+0000] {processor.py:175} INFO - Processing /home/airflow/.local/lib/python3.7/site-packages/airflow/example_dags/example_latest_only.py took 0.060 seconds
[2023-05-02T20:02:33.104+0000] {processor.py:153} INFO - Started process (PID=2926) to work on /home/airflow/.local/lib/python3.7/site-packages/airflow/example_dags/example_latest_only.py
[2023-05-02T20:02:33.104+0000] {processor.py:743} INFO - Processing file /home/airflow/.local/lib/python3.7/site-packages/airflow/example_dags/example_latest_only.py for tasks to queue
[2023-05-02T20:02:33.104+0000] {logging_mixin.py:137} INFO - [2023-05-02T20:02:33.104+0000] {dagbag.py:532} INFO - Filling up the DagBag from /home/airflow/.local/lib/python3.7/site-packages/airflow/example_dags/example_latest_only.py
[2023-05-02T20:02:33.111+0000] {processor.py:753} INFO - DAG(s) dict_keys(['latest_only']) retrieved from /home/airflow/.local/lib/python3.7/site-packages/airflow/example_dags/example_latest_only.py
[2023-05-02T20:02:33.125+0000] {logging_mixin.py:137} INFO - [2023-05-02T20:02:33.125+0000] {dag.py:2705} INFO - Sync 1 DAGs
[2023-05-02T20:02:33.138+0000] {logging_mixin.py:137} INFO - [2023-05-02T20:02:33.138+0000] {dag.py:3456} INFO - Setting next_dagrun for latest_only to 2023-05-02T16:02:33.138750+00:00, run_after=2023-05-02T20:02:33.138750+00:00
[2023-05-02T20:02:33.156+0000] {processor.py:175} INFO - Processing /home/airflow/.local/lib/python3.7/site-packages/airflow/example_dags/example_latest_only.py took 0.054 seconds
[2023-05-02T20:03:03.961+0000] {processor.py:153} INFO - Started process (PID=2978) to work on /home/airflow/.local/lib/python3.7/site-packages/airflow/example_dags/example_latest_only.py
[2023-05-02T20:03:03.969+0000] {processor.py:743} INFO - Processing file /home/airflow/.local/lib/python3.7/site-packages/airflow/example_dags/example_latest_only.py for tasks to queue
[2023-05-02T20:03:03.970+0000] {logging_mixin.py:137} INFO - [2023-05-02T20:03:03.970+0000] {dagbag.py:532} INFO - Filling up the DagBag from /home/airflow/.local/lib/python3.7/site-packages/airflow/example_dags/example_latest_only.py
[2023-05-02T20:03:03.980+0000] {processor.py:753} INFO - DAG(s) dict_keys(['latest_only']) retrieved from /home/airflow/.local/lib/python3.7/site-packages/airflow/example_dags/example_latest_only.py
[2023-05-02T20:03:03.993+0000] {logging_mixin.py:137} INFO - [2023-05-02T20:03:03.993+0000] {dag.py:2705} INFO - Sync 1 DAGs
[2023-05-02T20:03:04.008+0000] {logging_mixin.py:137} INFO - [2023-05-02T20:03:04.008+0000] {dag.py:3456} INFO - Setting next_dagrun for latest_only to 2023-05-02T16:03:04.007944+00:00, run_after=2023-05-02T20:03:04.007944+00:00
[2023-05-02T20:03:04.025+0000] {processor.py:175} INFO - Processing /home/airflow/.local/lib/python3.7/site-packages/airflow/example_dags/example_latest_only.py took 0.066 seconds
[2023-05-02T20:03:34.767+0000] {processor.py:153} INFO - Started process (PID=3030) to work on /home/airflow/.local/lib/python3.7/site-packages/airflow/example_dags/example_latest_only.py
[2023-05-02T20:03:34.768+0000] {processor.py:743} INFO - Processing file /home/airflow/.local/lib/python3.7/site-packages/airflow/example_dags/example_latest_only.py for tasks to queue
[2023-05-02T20:03:34.768+0000] {logging_mixin.py:137} INFO - [2023-05-02T20:03:34.768+0000] {dagbag.py:532} INFO - Filling up the DagBag from /home/airflow/.local/lib/python3.7/site-packages/airflow/example_dags/example_latest_only.py
[2023-05-02T20:03:34.775+0000] {processor.py:753} INFO - DAG(s) dict_keys(['latest_only']) retrieved from /home/airflow/.local/lib/python3.7/site-packages/airflow/example_dags/example_latest_only.py
[2023-05-02T20:03:34.789+0000] {logging_mixin.py:137} INFO - [2023-05-02T20:03:34.789+0000] {dag.py:2705} INFO - Sync 1 DAGs
[2023-05-02T20:03:34.803+0000] {logging_mixin.py:137} INFO - [2023-05-02T20:03:34.803+0000] {dag.py:3456} INFO - Setting next_dagrun for latest_only to 2023-05-02T16:03:34.803264+00:00, run_after=2023-05-02T20:03:34.803264+00:00
[2023-05-02T20:03:34.815+0000] {processor.py:175} INFO - Processing /home/airflow/.local/lib/python3.7/site-packages/airflow/example_dags/example_latest_only.py took 0.050 seconds
[2023-05-02T20:04:05.538+0000] {processor.py:153} INFO - Started process (PID=3082) to work on /home/airflow/.local/lib/python3.7/site-packages/airflow/example_dags/example_latest_only.py
[2023-05-02T20:04:05.539+0000] {processor.py:743} INFO - Processing file /home/airflow/.local/lib/python3.7/site-packages/airflow/example_dags/example_latest_only.py for tasks to queue
[2023-05-02T20:04:05.539+0000] {logging_mixin.py:137} INFO - [2023-05-02T20:04:05.539+0000] {dagbag.py:532} INFO - Filling up the DagBag from /home/airflow/.local/lib/python3.7/site-packages/airflow/example_dags/example_latest_only.py
[2023-05-02T20:04:05.546+0000] {processor.py:753} INFO - DAG(s) dict_keys(['latest_only']) retrieved from /home/airflow/.local/lib/python3.7/site-packages/airflow/example_dags/example_latest_only.py
[2023-05-02T20:04:05.560+0000] {logging_mixin.py:137} INFO - [2023-05-02T20:04:05.560+0000] {dag.py:2705} INFO - Sync 1 DAGs
[2023-05-02T20:04:05.574+0000] {logging_mixin.py:137} INFO - [2023-05-02T20:04:05.574+0000] {dag.py:3456} INFO - Setting next_dagrun for latest_only to 2023-05-02T16:04:05.574231+00:00, run_after=2023-05-02T20:04:05.574231+00:00
[2023-05-02T20:04:05.586+0000] {processor.py:175} INFO - Processing /home/airflow/.local/lib/python3.7/site-packages/airflow/example_dags/example_latest_only.py took 0.049 seconds
[2023-05-02T20:04:36.304+0000] {processor.py:153} INFO - Started process (PID=3134) to work on /home/airflow/.local/lib/python3.7/site-packages/airflow/example_dags/example_latest_only.py
[2023-05-02T20:04:36.309+0000] {processor.py:743} INFO - Processing file /home/airflow/.local/lib/python3.7/site-packages/airflow/example_dags/example_latest_only.py for tasks to queue
[2023-05-02T20:04:36.310+0000] {logging_mixin.py:137} INFO - [2023-05-02T20:04:36.310+0000] {dagbag.py:532} INFO - Filling up the DagBag from /home/airflow/.local/lib/python3.7/site-packages/airflow/example_dags/example_latest_only.py
[2023-05-02T20:04:36.320+0000] {processor.py:753} INFO - DAG(s) dict_keys(['latest_only']) retrieved from /home/airflow/.local/lib/python3.7/site-packages/airflow/example_dags/example_latest_only.py
[2023-05-02T20:04:36.333+0000] {logging_mixin.py:137} INFO - [2023-05-02T20:04:36.333+0000] {dag.py:2705} INFO - Sync 1 DAGs
[2023-05-02T20:04:36.347+0000] {logging_mixin.py:137} INFO - [2023-05-02T20:04:36.347+0000] {dag.py:3456} INFO - Setting next_dagrun for latest_only to 2023-05-02T16:04:36.347502+00:00, run_after=2023-05-02T20:04:36.347502+00:00
[2023-05-02T20:04:36.360+0000] {processor.py:175} INFO - Processing /home/airflow/.local/lib/python3.7/site-packages/airflow/example_dags/example_latest_only.py took 0.061 seconds
[2023-05-02T20:05:07.059+0000] {processor.py:153} INFO - Started process (PID=3186) to work on /home/airflow/.local/lib/python3.7/site-packages/airflow/example_dags/example_latest_only.py
[2023-05-02T20:05:07.064+0000] {processor.py:743} INFO - Processing file /home/airflow/.local/lib/python3.7/site-packages/airflow/example_dags/example_latest_only.py for tasks to queue
[2023-05-02T20:05:07.065+0000] {logging_mixin.py:137} INFO - [2023-05-02T20:05:07.065+0000] {dagbag.py:532} INFO - Filling up the DagBag from /home/airflow/.local/lib/python3.7/site-packages/airflow/example_dags/example_latest_only.py
[2023-05-02T20:05:07.077+0000] {processor.py:753} INFO - DAG(s) dict_keys(['latest_only']) retrieved from /home/airflow/.local/lib/python3.7/site-packages/airflow/example_dags/example_latest_only.py
[2023-05-02T20:05:07.096+0000] {logging_mixin.py:137} INFO - [2023-05-02T20:05:07.096+0000] {dag.py:2705} INFO - Sync 1 DAGs
[2023-05-02T20:05:07.118+0000] {logging_mixin.py:137} INFO - [2023-05-02T20:05:07.118+0000] {dag.py:3456} INFO - Setting next_dagrun for latest_only to 2023-05-02T16:05:07.118181+00:00, run_after=2023-05-02T20:05:07.118181+00:00
[2023-05-02T20:05:07.135+0000] {processor.py:175} INFO - Processing /home/airflow/.local/lib/python3.7/site-packages/airflow/example_dags/example_latest_only.py took 0.078 seconds
[2023-05-02T20:05:37.867+0000] {processor.py:153} INFO - Started process (PID=3238) to work on /home/airflow/.local/lib/python3.7/site-packages/airflow/example_dags/example_latest_only.py
[2023-05-02T20:05:37.874+0000] {processor.py:743} INFO - Processing file /home/airflow/.local/lib/python3.7/site-packages/airflow/example_dags/example_latest_only.py for tasks to queue
[2023-05-02T20:05:37.874+0000] {logging_mixin.py:137} INFO - [2023-05-02T20:05:37.874+0000] {dagbag.py:532} INFO - Filling up the DagBag from /home/airflow/.local/lib/python3.7/site-packages/airflow/example_dags/example_latest_only.py
[2023-05-02T20:05:37.881+0000] {processor.py:753} INFO - DAG(s) dict_keys(['latest_only']) retrieved from /home/airflow/.local/lib/python3.7/site-packages/airflow/example_dags/example_latest_only.py
[2023-05-02T20:05:37.896+0000] {logging_mixin.py:137} INFO - [2023-05-02T20:05:37.896+0000] {dag.py:2705} INFO - Sync 1 DAGs
[2023-05-02T20:05:37.910+0000] {logging_mixin.py:137} INFO - [2023-05-02T20:05:37.910+0000] {dag.py:3456} INFO - Setting next_dagrun for latest_only to 2023-05-02T16:05:37.910065+00:00, run_after=2023-05-02T20:05:37.910065+00:00
[2023-05-02T20:05:37.922+0000] {processor.py:175} INFO - Processing /home/airflow/.local/lib/python3.7/site-packages/airflow/example_dags/example_latest_only.py took 0.057 seconds
[2023-05-02T20:06:08.766+0000] {processor.py:153} INFO - Started process (PID=3290) to work on /home/airflow/.local/lib/python3.7/site-packages/airflow/example_dags/example_latest_only.py
[2023-05-02T20:06:08.773+0000] {processor.py:743} INFO - Processing file /home/airflow/.local/lib/python3.7/site-packages/airflow/example_dags/example_latest_only.py for tasks to queue
[2023-05-02T20:06:08.773+0000] {logging_mixin.py:137} INFO - [2023-05-02T20:06:08.773+0000] {dagbag.py:532} INFO - Filling up the DagBag from /home/airflow/.local/lib/python3.7/site-packages/airflow/example_dags/example_latest_only.py
[2023-05-02T20:06:08.780+0000] {processor.py:753} INFO - DAG(s) dict_keys(['latest_only']) retrieved from /home/airflow/.local/lib/python3.7/site-packages/airflow/example_dags/example_latest_only.py
[2023-05-02T20:06:08.795+0000] {logging_mixin.py:137} INFO - [2023-05-02T20:06:08.794+0000] {dag.py:2705} INFO - Sync 1 DAGs
[2023-05-02T20:06:08.809+0000] {logging_mixin.py:137} INFO - [2023-05-02T20:06:08.808+0000] {dag.py:3456} INFO - Setting next_dagrun for latest_only to 2023-05-02T16:06:08.808802+00:00, run_after=2023-05-02T20:06:08.808802+00:00
[2023-05-02T20:06:08.820+0000] {processor.py:175} INFO - Processing /home/airflow/.local/lib/python3.7/site-packages/airflow/example_dags/example_latest_only.py took 0.055 seconds
[2023-05-02T20:06:39.613+0000] {processor.py:153} INFO - Started process (PID=3342) to work on /home/airflow/.local/lib/python3.7/site-packages/airflow/example_dags/example_latest_only.py
[2023-05-02T20:06:39.620+0000] {processor.py:743} INFO - Processing file /home/airflow/.local/lib/python3.7/site-packages/airflow/example_dags/example_latest_only.py for tasks to queue
[2023-05-02T20:06:39.621+0000] {logging_mixin.py:137} INFO - [2023-05-02T20:06:39.621+0000] {dagbag.py:532} INFO - Filling up the DagBag from /home/airflow/.local/lib/python3.7/site-packages/airflow/example_dags/example_latest_only.py
[2023-05-02T20:06:39.631+0000] {processor.py:753} INFO - DAG(s) dict_keys(['latest_only']) retrieved from /home/airflow/.local/lib/python3.7/site-packages/airflow/example_dags/example_latest_only.py
[2023-05-02T20:06:39.644+0000] {logging_mixin.py:137} INFO - [2023-05-02T20:06:39.644+0000] {dag.py:2705} INFO - Sync 1 DAGs
[2023-05-02T20:06:39.659+0000] {logging_mixin.py:137} INFO - [2023-05-02T20:06:39.659+0000] {dag.py:3456} INFO - Setting next_dagrun for latest_only to 2023-05-02T16:06:39.658978+00:00, run_after=2023-05-02T20:06:39.658978+00:00
[2023-05-02T20:06:39.671+0000] {processor.py:175} INFO - Processing /home/airflow/.local/lib/python3.7/site-packages/airflow/example_dags/example_latest_only.py took 0.061 seconds
[2023-05-02T20:07:10.479+0000] {processor.py:153} INFO - Started process (PID=3395) to work on /home/airflow/.local/lib/python3.7/site-packages/airflow/example_dags/example_latest_only.py
[2023-05-02T20:07:10.487+0000] {processor.py:743} INFO - Processing file /home/airflow/.local/lib/python3.7/site-packages/airflow/example_dags/example_latest_only.py for tasks to queue
[2023-05-02T20:07:10.488+0000] {logging_mixin.py:137} INFO - [2023-05-02T20:07:10.488+0000] {dagbag.py:532} INFO - Filling up the DagBag from /home/airflow/.local/lib/python3.7/site-packages/airflow/example_dags/example_latest_only.py
[2023-05-02T20:07:10.501+0000] {processor.py:753} INFO - DAG(s) dict_keys(['latest_only']) retrieved from /home/airflow/.local/lib/python3.7/site-packages/airflow/example_dags/example_latest_only.py
[2023-05-02T20:07:10.515+0000] {logging_mixin.py:137} INFO - [2023-05-02T20:07:10.515+0000] {dag.py:2705} INFO - Sync 1 DAGs
[2023-05-02T20:07:10.529+0000] {logging_mixin.py:137} INFO - [2023-05-02T20:07:10.529+0000] {dag.py:3456} INFO - Setting next_dagrun for latest_only to 2023-05-02T16:07:10.529259+00:00, run_after=2023-05-02T20:07:10.529259+00:00
[2023-05-02T20:07:10.548+0000] {processor.py:175} INFO - Processing /home/airflow/.local/lib/python3.7/site-packages/airflow/example_dags/example_latest_only.py took 0.070 seconds
[2023-05-02T20:07:41.291+0000] {processor.py:153} INFO - Started process (PID=3446) to work on /home/airflow/.local/lib/python3.7/site-packages/airflow/example_dags/example_latest_only.py
[2023-05-02T20:07:41.298+0000] {processor.py:743} INFO - Processing file /home/airflow/.local/lib/python3.7/site-packages/airflow/example_dags/example_latest_only.py for tasks to queue
[2023-05-02T20:07:41.299+0000] {logging_mixin.py:137} INFO - [2023-05-02T20:07:41.299+0000] {dagbag.py:532} INFO - Filling up the DagBag from /home/airflow/.local/lib/python3.7/site-packages/airflow/example_dags/example_latest_only.py
[2023-05-02T20:07:41.309+0000] {processor.py:753} INFO - DAG(s) dict_keys(['latest_only']) retrieved from /home/airflow/.local/lib/python3.7/site-packages/airflow/example_dags/example_latest_only.py
[2023-05-02T20:07:41.323+0000] {logging_mixin.py:137} INFO - [2023-05-02T20:07:41.322+0000] {dag.py:2705} INFO - Sync 1 DAGs
[2023-05-02T20:07:41.336+0000] {logging_mixin.py:137} INFO - [2023-05-02T20:07:41.336+0000] {dag.py:3456} INFO - Setting next_dagrun for latest_only to 2023-05-02T16:07:41.336640+00:00, run_after=2023-05-02T20:07:41.336640+00:00
[2023-05-02T20:07:41.349+0000] {processor.py:175} INFO - Processing /home/airflow/.local/lib/python3.7/site-packages/airflow/example_dags/example_latest_only.py took 0.061 seconds
[2023-05-02T20:08:12.209+0000] {processor.py:153} INFO - Started process (PID=3498) to work on /home/airflow/.local/lib/python3.7/site-packages/airflow/example_dags/example_latest_only.py
[2023-05-02T20:08:12.214+0000] {processor.py:743} INFO - Processing file /home/airflow/.local/lib/python3.7/site-packages/airflow/example_dags/example_latest_only.py for tasks to queue
[2023-05-02T20:08:12.215+0000] {logging_mixin.py:137} INFO - [2023-05-02T20:08:12.215+0000] {dagbag.py:532} INFO - Filling up the DagBag from /home/airflow/.local/lib/python3.7/site-packages/airflow/example_dags/example_latest_only.py
[2023-05-02T20:08:12.225+0000] {processor.py:753} INFO - DAG(s) dict_keys(['latest_only']) retrieved from /home/airflow/.local/lib/python3.7/site-packages/airflow/example_dags/example_latest_only.py
[2023-05-02T20:08:12.239+0000] {logging_mixin.py:137} INFO - [2023-05-02T20:08:12.239+0000] {dag.py:2705} INFO - Sync 1 DAGs
[2023-05-02T20:08:12.253+0000] {logging_mixin.py:137} INFO - [2023-05-02T20:08:12.252+0000] {dag.py:3456} INFO - Setting next_dagrun for latest_only to 2023-05-02T16:08:12.252792+00:00, run_after=2023-05-02T20:08:12.252792+00:00
[2023-05-02T20:08:12.266+0000] {processor.py:175} INFO - Processing /home/airflow/.local/lib/python3.7/site-packages/airflow/example_dags/example_latest_only.py took 0.061 seconds
[2023-05-02T20:08:43.049+0000] {processor.py:153} INFO - Started process (PID=3550) to work on /home/airflow/.local/lib/python3.7/site-packages/airflow/example_dags/example_latest_only.py
[2023-05-02T20:08:43.057+0000] {processor.py:743} INFO - Processing file /home/airflow/.local/lib/python3.7/site-packages/airflow/example_dags/example_latest_only.py for tasks to queue
[2023-05-02T20:08:43.058+0000] {logging_mixin.py:137} INFO - [2023-05-02T20:08:43.058+0000] {dagbag.py:532} INFO - Filling up the DagBag from /home/airflow/.local/lib/python3.7/site-packages/airflow/example_dags/example_latest_only.py
[2023-05-02T20:08:43.069+0000] {processor.py:753} INFO - DAG(s) dict_keys(['latest_only']) retrieved from /home/airflow/.local/lib/python3.7/site-packages/airflow/example_dags/example_latest_only.py
[2023-05-02T20:08:43.083+0000] {logging_mixin.py:137} INFO - [2023-05-02T20:08:43.082+0000] {dag.py:2705} INFO - Sync 1 DAGs
[2023-05-02T20:08:43.097+0000] {logging_mixin.py:137} INFO - [2023-05-02T20:08:43.097+0000] {dag.py:3456} INFO - Setting next_dagrun for latest_only to 2023-05-02T16:08:43.097047+00:00, run_after=2023-05-02T20:08:43.097047+00:00
[2023-05-02T20:08:43.108+0000] {processor.py:175} INFO - Processing /home/airflow/.local/lib/python3.7/site-packages/airflow/example_dags/example_latest_only.py took 0.061 seconds
[2023-05-02T20:09:13.930+0000] {processor.py:153} INFO - Started process (PID=3602) to work on /home/airflow/.local/lib/python3.7/site-packages/airflow/example_dags/example_latest_only.py
[2023-05-02T20:09:13.936+0000] {processor.py:743} INFO - Processing file /home/airflow/.local/lib/python3.7/site-packages/airflow/example_dags/example_latest_only.py for tasks to queue
[2023-05-02T20:09:13.937+0000] {logging_mixin.py:137} INFO - [2023-05-02T20:09:13.937+0000] {dagbag.py:532} INFO - Filling up the DagBag from /home/airflow/.local/lib/python3.7/site-packages/airflow/example_dags/example_latest_only.py
[2023-05-02T20:09:13.947+0000] {processor.py:753} INFO - DAG(s) dict_keys(['latest_only']) retrieved from /home/airflow/.local/lib/python3.7/site-packages/airflow/example_dags/example_latest_only.py
[2023-05-02T20:09:13.962+0000] {logging_mixin.py:137} INFO - [2023-05-02T20:09:13.962+0000] {dag.py:2705} INFO - Sync 1 DAGs
[2023-05-02T20:09:13.976+0000] {logging_mixin.py:137} INFO - [2023-05-02T20:09:13.976+0000] {dag.py:3456} INFO - Setting next_dagrun for latest_only to 2023-05-02T16:09:13.975921+00:00, run_after=2023-05-02T20:09:13.975921+00:00
[2023-05-02T20:09:13.992+0000] {processor.py:175} INFO - Processing /home/airflow/.local/lib/python3.7/site-packages/airflow/example_dags/example_latest_only.py took 0.066 seconds
