[2023-05-02T19:07:30.205+0000] {processor.py:153} INFO - Started process (PID=76) to work on /home/airflow/.local/lib/python3.7/site-packages/airflow/example_dags/example_sensor_decorator.py
[2023-05-02T19:07:30.205+0000] {processor.py:743} INFO - Processing file /home/airflow/.local/lib/python3.7/site-packages/airflow/example_dags/example_sensor_decorator.py for tasks to queue
[2023-05-02T19:07:30.205+0000] {logging_mixin.py:137} INFO - [2023-05-02T19:07:30.205+0000] {dagbag.py:532} INFO - Filling up the DagBag from /home/airflow/.local/lib/python3.7/site-packages/airflow/example_dags/example_sensor_decorator.py
[2023-05-02T19:07:30.222+0000] {processor.py:753} INFO - DAG(s) dict_keys(['example_sensor_decorator']) retrieved from /home/airflow/.local/lib/python3.7/site-packages/airflow/example_dags/example_sensor_decorator.py
[2023-05-02T19:07:30.237+0000] {logging_mixin.py:137} INFO - [2023-05-02T19:07:30.237+0000] {dag.py:2705} INFO - Sync 1 DAGs
[2023-05-02T19:07:30.255+0000] {logging_mixin.py:137} INFO - [2023-05-02T19:07:30.255+0000] {dag.py:3456} INFO - Setting next_dagrun for example_sensor_decorator to None, run_after=None
[2023-05-02T19:07:30.269+0000] {processor.py:175} INFO - Processing /home/airflow/.local/lib/python3.7/site-packages/airflow/example_dags/example_sensor_decorator.py took 0.067 seconds
[2023-05-02T19:34:20.618+0000] {processor.py:153} INFO - Started process (PID=76) to work on /home/airflow/.local/lib/python3.7/site-packages/airflow/example_dags/example_sensor_decorator.py
[2023-05-02T19:34:20.619+0000] {processor.py:743} INFO - Processing file /home/airflow/.local/lib/python3.7/site-packages/airflow/example_dags/example_sensor_decorator.py for tasks to queue
[2023-05-02T19:34:20.619+0000] {logging_mixin.py:137} INFO - [2023-05-02T19:34:20.619+0000] {dagbag.py:532} INFO - Filling up the DagBag from /home/airflow/.local/lib/python3.7/site-packages/airflow/example_dags/example_sensor_decorator.py
[2023-05-02T19:34:20.633+0000] {processor.py:753} INFO - DAG(s) dict_keys(['example_sensor_decorator']) retrieved from /home/airflow/.local/lib/python3.7/site-packages/airflow/example_dags/example_sensor_decorator.py
[2023-05-02T19:34:20.640+0000] {logging_mixin.py:137} INFO - [2023-05-02T19:34:20.640+0000] {dag.py:2705} INFO - Sync 1 DAGs
[2023-05-02T19:34:20.656+0000] {logging_mixin.py:137} INFO - [2023-05-02T19:34:20.656+0000] {dag.py:3456} INFO - Setting next_dagrun for example_sensor_decorator to None, run_after=None
[2023-05-02T19:34:20.669+0000] {processor.py:175} INFO - Processing /home/airflow/.local/lib/python3.7/site-packages/airflow/example_dags/example_sensor_decorator.py took 0.053 seconds
[2023-05-02T19:34:51.498+0000] {processor.py:153} INFO - Started process (PID=128) to work on /home/airflow/.local/lib/python3.7/site-packages/airflow/example_dags/example_sensor_decorator.py
[2023-05-02T19:34:51.498+0000] {processor.py:743} INFO - Processing file /home/airflow/.local/lib/python3.7/site-packages/airflow/example_dags/example_sensor_decorator.py for tasks to queue
[2023-05-02T19:34:51.498+0000] {logging_mixin.py:137} INFO - [2023-05-02T19:34:51.498+0000] {dagbag.py:532} INFO - Filling up the DagBag from /home/airflow/.local/lib/python3.7/site-packages/airflow/example_dags/example_sensor_decorator.py
[2023-05-02T19:34:51.510+0000] {processor.py:753} INFO - DAG(s) dict_keys(['example_sensor_decorator']) retrieved from /home/airflow/.local/lib/python3.7/site-packages/airflow/example_dags/example_sensor_decorator.py
[2023-05-02T19:34:51.523+0000] {logging_mixin.py:137} INFO - [2023-05-02T19:34:51.523+0000] {dag.py:2705} INFO - Sync 1 DAGs
[2023-05-02T19:34:51.536+0000] {logging_mixin.py:137} INFO - [2023-05-02T19:34:51.536+0000] {dag.py:3456} INFO - Setting next_dagrun for example_sensor_decorator to None, run_after=None
[2023-05-02T19:34:51.548+0000] {processor.py:175} INFO - Processing /home/airflow/.local/lib/python3.7/site-packages/airflow/example_dags/example_sensor_decorator.py took 0.052 seconds
[2023-05-02T19:35:22.293+0000] {processor.py:153} INFO - Started process (PID=180) to work on /home/airflow/.local/lib/python3.7/site-packages/airflow/example_dags/example_sensor_decorator.py
[2023-05-02T19:35:22.293+0000] {processor.py:743} INFO - Processing file /home/airflow/.local/lib/python3.7/site-packages/airflow/example_dags/example_sensor_decorator.py for tasks to queue
[2023-05-02T19:35:22.294+0000] {logging_mixin.py:137} INFO - [2023-05-02T19:35:22.294+0000] {dagbag.py:532} INFO - Filling up the DagBag from /home/airflow/.local/lib/python3.7/site-packages/airflow/example_dags/example_sensor_decorator.py
[2023-05-02T19:35:22.306+0000] {processor.py:753} INFO - DAG(s) dict_keys(['example_sensor_decorator']) retrieved from /home/airflow/.local/lib/python3.7/site-packages/airflow/example_dags/example_sensor_decorator.py
[2023-05-02T19:35:22.319+0000] {logging_mixin.py:137} INFO - [2023-05-02T19:35:22.319+0000] {dag.py:2705} INFO - Sync 1 DAGs
[2023-05-02T19:35:22.333+0000] {logging_mixin.py:137} INFO - [2023-05-02T19:35:22.333+0000] {dag.py:3456} INFO - Setting next_dagrun for example_sensor_decorator to None, run_after=None
[2023-05-02T19:35:22.344+0000] {processor.py:175} INFO - Processing /home/airflow/.local/lib/python3.7/site-packages/airflow/example_dags/example_sensor_decorator.py took 0.053 seconds
[2023-05-02T19:35:53.349+0000] {processor.py:153} INFO - Started process (PID=232) to work on /home/airflow/.local/lib/python3.7/site-packages/airflow/example_dags/example_sensor_decorator.py
[2023-05-02T19:35:53.350+0000] {processor.py:743} INFO - Processing file /home/airflow/.local/lib/python3.7/site-packages/airflow/example_dags/example_sensor_decorator.py for tasks to queue
[2023-05-02T19:35:53.350+0000] {logging_mixin.py:137} INFO - [2023-05-02T19:35:53.350+0000] {dagbag.py:532} INFO - Filling up the DagBag from /home/airflow/.local/lib/python3.7/site-packages/airflow/example_dags/example_sensor_decorator.py
[2023-05-02T19:35:53.363+0000] {processor.py:753} INFO - DAG(s) dict_keys(['example_sensor_decorator']) retrieved from /home/airflow/.local/lib/python3.7/site-packages/airflow/example_dags/example_sensor_decorator.py
[2023-05-02T19:35:53.376+0000] {logging_mixin.py:137} INFO - [2023-05-02T19:35:53.376+0000] {dag.py:2705} INFO - Sync 1 DAGs
[2023-05-02T19:35:53.391+0000] {logging_mixin.py:137} INFO - [2023-05-02T19:35:53.391+0000] {dag.py:3456} INFO - Setting next_dagrun for example_sensor_decorator to None, run_after=None
[2023-05-02T19:35:53.403+0000] {processor.py:175} INFO - Processing /home/airflow/.local/lib/python3.7/site-packages/airflow/example_dags/example_sensor_decorator.py took 0.055 seconds
[2023-05-02T19:36:24.177+0000] {processor.py:153} INFO - Started process (PID=284) to work on /home/airflow/.local/lib/python3.7/site-packages/airflow/example_dags/example_sensor_decorator.py
[2023-05-02T19:36:24.178+0000] {processor.py:743} INFO - Processing file /home/airflow/.local/lib/python3.7/site-packages/airflow/example_dags/example_sensor_decorator.py for tasks to queue
[2023-05-02T19:36:24.178+0000] {logging_mixin.py:137} INFO - [2023-05-02T19:36:24.178+0000] {dagbag.py:532} INFO - Filling up the DagBag from /home/airflow/.local/lib/python3.7/site-packages/airflow/example_dags/example_sensor_decorator.py
[2023-05-02T19:36:24.191+0000] {processor.py:753} INFO - DAG(s) dict_keys(['example_sensor_decorator']) retrieved from /home/airflow/.local/lib/python3.7/site-packages/airflow/example_dags/example_sensor_decorator.py
[2023-05-02T19:36:24.205+0000] {logging_mixin.py:137} INFO - [2023-05-02T19:36:24.205+0000] {dag.py:2705} INFO - Sync 1 DAGs
[2023-05-02T19:36:24.220+0000] {logging_mixin.py:137} INFO - [2023-05-02T19:36:24.220+0000] {dag.py:3456} INFO - Setting next_dagrun for example_sensor_decorator to None, run_after=None
[2023-05-02T19:36:24.232+0000] {processor.py:175} INFO - Processing /home/airflow/.local/lib/python3.7/site-packages/airflow/example_dags/example_sensor_decorator.py took 0.056 seconds
[2023-05-02T19:36:54.996+0000] {processor.py:153} INFO - Started process (PID=336) to work on /home/airflow/.local/lib/python3.7/site-packages/airflow/example_dags/example_sensor_decorator.py
[2023-05-02T19:36:54.996+0000] {processor.py:743} INFO - Processing file /home/airflow/.local/lib/python3.7/site-packages/airflow/example_dags/example_sensor_decorator.py for tasks to queue
[2023-05-02T19:36:54.997+0000] {logging_mixin.py:137} INFO - [2023-05-02T19:36:54.997+0000] {dagbag.py:532} INFO - Filling up the DagBag from /home/airflow/.local/lib/python3.7/site-packages/airflow/example_dags/example_sensor_decorator.py
[2023-05-02T19:36:55.008+0000] {processor.py:753} INFO - DAG(s) dict_keys(['example_sensor_decorator']) retrieved from /home/airflow/.local/lib/python3.7/site-packages/airflow/example_dags/example_sensor_decorator.py
[2023-05-02T19:36:55.023+0000] {logging_mixin.py:137} INFO - [2023-05-02T19:36:55.023+0000] {dag.py:2705} INFO - Sync 1 DAGs
[2023-05-02T19:36:55.036+0000] {logging_mixin.py:137} INFO - [2023-05-02T19:36:55.036+0000] {dag.py:3456} INFO - Setting next_dagrun for example_sensor_decorator to None, run_after=None
[2023-05-02T19:36:55.048+0000] {processor.py:175} INFO - Processing /home/airflow/.local/lib/python3.7/site-packages/airflow/example_dags/example_sensor_decorator.py took 0.054 seconds
[2023-05-02T19:37:25.858+0000] {processor.py:153} INFO - Started process (PID=388) to work on /home/airflow/.local/lib/python3.7/site-packages/airflow/example_dags/example_sensor_decorator.py
[2023-05-02T19:37:25.858+0000] {processor.py:743} INFO - Processing file /home/airflow/.local/lib/python3.7/site-packages/airflow/example_dags/example_sensor_decorator.py for tasks to queue
[2023-05-02T19:37:25.858+0000] {logging_mixin.py:137} INFO - [2023-05-02T19:37:25.858+0000] {dagbag.py:532} INFO - Filling up the DagBag from /home/airflow/.local/lib/python3.7/site-packages/airflow/example_dags/example_sensor_decorator.py
[2023-05-02T19:37:25.872+0000] {processor.py:753} INFO - DAG(s) dict_keys(['example_sensor_decorator']) retrieved from /home/airflow/.local/lib/python3.7/site-packages/airflow/example_dags/example_sensor_decorator.py
[2023-05-02T19:37:25.887+0000] {logging_mixin.py:137} INFO - [2023-05-02T19:37:25.887+0000] {dag.py:2705} INFO - Sync 1 DAGs
[2023-05-02T19:37:25.901+0000] {logging_mixin.py:137} INFO - [2023-05-02T19:37:25.901+0000] {dag.py:3456} INFO - Setting next_dagrun for example_sensor_decorator to None, run_after=None
[2023-05-02T19:37:25.914+0000] {processor.py:175} INFO - Processing /home/airflow/.local/lib/python3.7/site-packages/airflow/example_dags/example_sensor_decorator.py took 0.058 seconds
[2023-05-02T19:37:56.974+0000] {processor.py:153} INFO - Started process (PID=440) to work on /home/airflow/.local/lib/python3.7/site-packages/airflow/example_dags/example_sensor_decorator.py
[2023-05-02T19:37:56.975+0000] {processor.py:743} INFO - Processing file /home/airflow/.local/lib/python3.7/site-packages/airflow/example_dags/example_sensor_decorator.py for tasks to queue
[2023-05-02T19:37:56.975+0000] {logging_mixin.py:137} INFO - [2023-05-02T19:37:56.975+0000] {dagbag.py:532} INFO - Filling up the DagBag from /home/airflow/.local/lib/python3.7/site-packages/airflow/example_dags/example_sensor_decorator.py
[2023-05-02T19:37:56.988+0000] {processor.py:753} INFO - DAG(s) dict_keys(['example_sensor_decorator']) retrieved from /home/airflow/.local/lib/python3.7/site-packages/airflow/example_dags/example_sensor_decorator.py
[2023-05-02T19:37:57.002+0000] {logging_mixin.py:137} INFO - [2023-05-02T19:37:57.002+0000] {dag.py:2705} INFO - Sync 1 DAGs
[2023-05-02T19:37:57.017+0000] {logging_mixin.py:137} INFO - [2023-05-02T19:37:57.017+0000] {dag.py:3456} INFO - Setting next_dagrun for example_sensor_decorator to None, run_after=None
[2023-05-02T19:37:57.029+0000] {processor.py:175} INFO - Processing /home/airflow/.local/lib/python3.7/site-packages/airflow/example_dags/example_sensor_decorator.py took 0.057 seconds
[2023-05-02T19:38:28.014+0000] {processor.py:153} INFO - Started process (PID=492) to work on /home/airflow/.local/lib/python3.7/site-packages/airflow/example_dags/example_sensor_decorator.py
[2023-05-02T19:38:28.015+0000] {processor.py:743} INFO - Processing file /home/airflow/.local/lib/python3.7/site-packages/airflow/example_dags/example_sensor_decorator.py for tasks to queue
[2023-05-02T19:38:28.015+0000] {logging_mixin.py:137} INFO - [2023-05-02T19:38:28.015+0000] {dagbag.py:532} INFO - Filling up the DagBag from /home/airflow/.local/lib/python3.7/site-packages/airflow/example_dags/example_sensor_decorator.py
[2023-05-02T19:38:28.028+0000] {processor.py:753} INFO - DAG(s) dict_keys(['example_sensor_decorator']) retrieved from /home/airflow/.local/lib/python3.7/site-packages/airflow/example_dags/example_sensor_decorator.py
[2023-05-02T19:38:28.043+0000] {logging_mixin.py:137} INFO - [2023-05-02T19:38:28.043+0000] {dag.py:2705} INFO - Sync 1 DAGs
[2023-05-02T19:38:28.060+0000] {logging_mixin.py:137} INFO - [2023-05-02T19:38:28.060+0000] {dag.py:3456} INFO - Setting next_dagrun for example_sensor_decorator to None, run_after=None
[2023-05-02T19:38:28.073+0000] {processor.py:175} INFO - Processing /home/airflow/.local/lib/python3.7/site-packages/airflow/example_dags/example_sensor_decorator.py took 0.062 seconds
[2023-05-02T19:38:58.236+0000] {processor.py:153} INFO - Started process (PID=544) to work on /home/airflow/.local/lib/python3.7/site-packages/airflow/example_dags/example_sensor_decorator.py
[2023-05-02T19:38:58.237+0000] {processor.py:743} INFO - Processing file /home/airflow/.local/lib/python3.7/site-packages/airflow/example_dags/example_sensor_decorator.py for tasks to queue
[2023-05-02T19:38:58.237+0000] {logging_mixin.py:137} INFO - [2023-05-02T19:38:58.237+0000] {dagbag.py:532} INFO - Filling up the DagBag from /home/airflow/.local/lib/python3.7/site-packages/airflow/example_dags/example_sensor_decorator.py
[2023-05-02T19:38:58.261+0000] {processor.py:753} INFO - DAG(s) dict_keys(['example_sensor_decorator']) retrieved from /home/airflow/.local/lib/python3.7/site-packages/airflow/example_dags/example_sensor_decorator.py
[2023-05-02T19:38:58.284+0000] {logging_mixin.py:137} INFO - [2023-05-02T19:38:58.284+0000] {dag.py:2705} INFO - Sync 1 DAGs
[2023-05-02T19:38:58.309+0000] {logging_mixin.py:137} INFO - [2023-05-02T19:38:58.309+0000] {dag.py:3456} INFO - Setting next_dagrun for example_sensor_decorator to None, run_after=None
[2023-05-02T19:38:58.329+0000] {processor.py:175} INFO - Processing /home/airflow/.local/lib/python3.7/site-packages/airflow/example_dags/example_sensor_decorator.py took 0.096 seconds
[2023-05-02T19:39:29.339+0000] {processor.py:153} INFO - Started process (PID=595) to work on /home/airflow/.local/lib/python3.7/site-packages/airflow/example_dags/example_sensor_decorator.py
[2023-05-02T19:39:29.340+0000] {processor.py:743} INFO - Processing file /home/airflow/.local/lib/python3.7/site-packages/airflow/example_dags/example_sensor_decorator.py for tasks to queue
[2023-05-02T19:39:29.340+0000] {logging_mixin.py:137} INFO - [2023-05-02T19:39:29.340+0000] {dagbag.py:532} INFO - Filling up the DagBag from /home/airflow/.local/lib/python3.7/site-packages/airflow/example_dags/example_sensor_decorator.py
[2023-05-02T19:39:29.352+0000] {processor.py:753} INFO - DAG(s) dict_keys(['example_sensor_decorator']) retrieved from /home/airflow/.local/lib/python3.7/site-packages/airflow/example_dags/example_sensor_decorator.py
[2023-05-02T19:39:29.366+0000] {logging_mixin.py:137} INFO - [2023-05-02T19:39:29.366+0000] {dag.py:2705} INFO - Sync 1 DAGs
[2023-05-02T19:39:29.381+0000] {logging_mixin.py:137} INFO - [2023-05-02T19:39:29.380+0000] {dag.py:3456} INFO - Setting next_dagrun for example_sensor_decorator to None, run_after=None
[2023-05-02T19:39:29.392+0000] {processor.py:175} INFO - Processing /home/airflow/.local/lib/python3.7/site-packages/airflow/example_dags/example_sensor_decorator.py took 0.055 seconds
[2023-05-02T19:40:00.354+0000] {processor.py:153} INFO - Started process (PID=646) to work on /home/airflow/.local/lib/python3.7/site-packages/airflow/example_dags/example_sensor_decorator.py
[2023-05-02T19:40:00.354+0000] {processor.py:743} INFO - Processing file /home/airflow/.local/lib/python3.7/site-packages/airflow/example_dags/example_sensor_decorator.py for tasks to queue
[2023-05-02T19:40:00.354+0000] {logging_mixin.py:137} INFO - [2023-05-02T19:40:00.354+0000] {dagbag.py:532} INFO - Filling up the DagBag from /home/airflow/.local/lib/python3.7/site-packages/airflow/example_dags/example_sensor_decorator.py
[2023-05-02T19:40:00.366+0000] {processor.py:753} INFO - DAG(s) dict_keys(['example_sensor_decorator']) retrieved from /home/airflow/.local/lib/python3.7/site-packages/airflow/example_dags/example_sensor_decorator.py
[2023-05-02T19:40:00.380+0000] {logging_mixin.py:137} INFO - [2023-05-02T19:40:00.380+0000] {dag.py:2705} INFO - Sync 1 DAGs
[2023-05-02T19:40:00.394+0000] {logging_mixin.py:137} INFO - [2023-05-02T19:40:00.394+0000] {dag.py:3456} INFO - Setting next_dagrun for example_sensor_decorator to None, run_after=None
[2023-05-02T19:40:00.406+0000] {processor.py:175} INFO - Processing /home/airflow/.local/lib/python3.7/site-packages/airflow/example_dags/example_sensor_decorator.py took 0.054 seconds
[2023-05-02T19:40:31.035+0000] {processor.py:153} INFO - Started process (PID=698) to work on /home/airflow/.local/lib/python3.7/site-packages/airflow/example_dags/example_sensor_decorator.py
[2023-05-02T19:40:31.036+0000] {processor.py:743} INFO - Processing file /home/airflow/.local/lib/python3.7/site-packages/airflow/example_dags/example_sensor_decorator.py for tasks to queue
[2023-05-02T19:40:31.036+0000] {logging_mixin.py:137} INFO - [2023-05-02T19:40:31.036+0000] {dagbag.py:532} INFO - Filling up the DagBag from /home/airflow/.local/lib/python3.7/site-packages/airflow/example_dags/example_sensor_decorator.py
[2023-05-02T19:40:31.048+0000] {processor.py:753} INFO - DAG(s) dict_keys(['example_sensor_decorator']) retrieved from /home/airflow/.local/lib/python3.7/site-packages/airflow/example_dags/example_sensor_decorator.py
[2023-05-02T19:40:31.062+0000] {logging_mixin.py:137} INFO - [2023-05-02T19:40:31.062+0000] {dag.py:2705} INFO - Sync 1 DAGs
[2023-05-02T19:40:31.076+0000] {logging_mixin.py:137} INFO - [2023-05-02T19:40:31.076+0000] {dag.py:3456} INFO - Setting next_dagrun for example_sensor_decorator to None, run_after=None
[2023-05-02T19:40:31.087+0000] {processor.py:175} INFO - Processing /home/airflow/.local/lib/python3.7/site-packages/airflow/example_dags/example_sensor_decorator.py took 0.053 seconds
[2023-05-02T19:41:01.768+0000] {processor.py:153} INFO - Started process (PID=750) to work on /home/airflow/.local/lib/python3.7/site-packages/airflow/example_dags/example_sensor_decorator.py
[2023-05-02T19:41:01.768+0000] {processor.py:743} INFO - Processing file /home/airflow/.local/lib/python3.7/site-packages/airflow/example_dags/example_sensor_decorator.py for tasks to queue
[2023-05-02T19:41:01.769+0000] {logging_mixin.py:137} INFO - [2023-05-02T19:41:01.769+0000] {dagbag.py:532} INFO - Filling up the DagBag from /home/airflow/.local/lib/python3.7/site-packages/airflow/example_dags/example_sensor_decorator.py
[2023-05-02T19:41:01.780+0000] {processor.py:753} INFO - DAG(s) dict_keys(['example_sensor_decorator']) retrieved from /home/airflow/.local/lib/python3.7/site-packages/airflow/example_dags/example_sensor_decorator.py
[2023-05-02T19:41:01.794+0000] {logging_mixin.py:137} INFO - [2023-05-02T19:41:01.794+0000] {dag.py:2705} INFO - Sync 1 DAGs
[2023-05-02T19:41:01.807+0000] {logging_mixin.py:137} INFO - [2023-05-02T19:41:01.807+0000] {dag.py:3456} INFO - Setting next_dagrun for example_sensor_decorator to None, run_after=None
[2023-05-02T19:41:01.818+0000] {processor.py:175} INFO - Processing /home/airflow/.local/lib/python3.7/site-packages/airflow/example_dags/example_sensor_decorator.py took 0.052 seconds
[2023-05-02T19:41:32.799+0000] {processor.py:153} INFO - Started process (PID=802) to work on /home/airflow/.local/lib/python3.7/site-packages/airflow/example_dags/example_sensor_decorator.py
[2023-05-02T19:41:32.799+0000] {processor.py:743} INFO - Processing file /home/airflow/.local/lib/python3.7/site-packages/airflow/example_dags/example_sensor_decorator.py for tasks to queue
[2023-05-02T19:41:32.800+0000] {logging_mixin.py:137} INFO - [2023-05-02T19:41:32.800+0000] {dagbag.py:532} INFO - Filling up the DagBag from /home/airflow/.local/lib/python3.7/site-packages/airflow/example_dags/example_sensor_decorator.py
[2023-05-02T19:41:32.812+0000] {processor.py:753} INFO - DAG(s) dict_keys(['example_sensor_decorator']) retrieved from /home/airflow/.local/lib/python3.7/site-packages/airflow/example_dags/example_sensor_decorator.py
[2023-05-02T19:41:32.828+0000] {logging_mixin.py:137} INFO - [2023-05-02T19:41:32.827+0000] {dag.py:2705} INFO - Sync 1 DAGs
[2023-05-02T19:41:32.842+0000] {logging_mixin.py:137} INFO - [2023-05-02T19:41:32.842+0000] {dag.py:3456} INFO - Setting next_dagrun for example_sensor_decorator to None, run_after=None
[2023-05-02T19:41:32.854+0000] {processor.py:175} INFO - Processing /home/airflow/.local/lib/python3.7/site-packages/airflow/example_dags/example_sensor_decorator.py took 0.057 seconds
[2023-05-02T19:42:03.565+0000] {processor.py:153} INFO - Started process (PID=854) to work on /home/airflow/.local/lib/python3.7/site-packages/airflow/example_dags/example_sensor_decorator.py
[2023-05-02T19:42:03.565+0000] {processor.py:743} INFO - Processing file /home/airflow/.local/lib/python3.7/site-packages/airflow/example_dags/example_sensor_decorator.py for tasks to queue
[2023-05-02T19:42:03.565+0000] {logging_mixin.py:137} INFO - [2023-05-02T19:42:03.565+0000] {dagbag.py:532} INFO - Filling up the DagBag from /home/airflow/.local/lib/python3.7/site-packages/airflow/example_dags/example_sensor_decorator.py
[2023-05-02T19:42:03.577+0000] {processor.py:753} INFO - DAG(s) dict_keys(['example_sensor_decorator']) retrieved from /home/airflow/.local/lib/python3.7/site-packages/airflow/example_dags/example_sensor_decorator.py
[2023-05-02T19:42:03.590+0000] {logging_mixin.py:137} INFO - [2023-05-02T19:42:03.590+0000] {dag.py:2705} INFO - Sync 1 DAGs
[2023-05-02T19:42:03.603+0000] {logging_mixin.py:137} INFO - [2023-05-02T19:42:03.603+0000] {dag.py:3456} INFO - Setting next_dagrun for example_sensor_decorator to None, run_after=None
[2023-05-02T19:42:03.614+0000] {processor.py:175} INFO - Processing /home/airflow/.local/lib/python3.7/site-packages/airflow/example_dags/example_sensor_decorator.py took 0.052 seconds
[2023-05-02T19:42:34.497+0000] {processor.py:153} INFO - Started process (PID=906) to work on /home/airflow/.local/lib/python3.7/site-packages/airflow/example_dags/example_sensor_decorator.py
[2023-05-02T19:42:34.498+0000] {processor.py:743} INFO - Processing file /home/airflow/.local/lib/python3.7/site-packages/airflow/example_dags/example_sensor_decorator.py for tasks to queue
[2023-05-02T19:42:34.498+0000] {logging_mixin.py:137} INFO - [2023-05-02T19:42:34.498+0000] {dagbag.py:532} INFO - Filling up the DagBag from /home/airflow/.local/lib/python3.7/site-packages/airflow/example_dags/example_sensor_decorator.py
[2023-05-02T19:42:34.510+0000] {processor.py:753} INFO - DAG(s) dict_keys(['example_sensor_decorator']) retrieved from /home/airflow/.local/lib/python3.7/site-packages/airflow/example_dags/example_sensor_decorator.py
[2023-05-02T19:42:34.524+0000] {logging_mixin.py:137} INFO - [2023-05-02T19:42:34.524+0000] {dag.py:2705} INFO - Sync 1 DAGs
[2023-05-02T19:42:34.537+0000] {logging_mixin.py:137} INFO - [2023-05-02T19:42:34.537+0000] {dag.py:3456} INFO - Setting next_dagrun for example_sensor_decorator to None, run_after=None
[2023-05-02T19:42:34.548+0000] {processor.py:175} INFO - Processing /home/airflow/.local/lib/python3.7/site-packages/airflow/example_dags/example_sensor_decorator.py took 0.053 seconds
[2023-05-02T19:43:05.416+0000] {processor.py:153} INFO - Started process (PID=958) to work on /home/airflow/.local/lib/python3.7/site-packages/airflow/example_dags/example_sensor_decorator.py
[2023-05-02T19:43:05.416+0000] {processor.py:743} INFO - Processing file /home/airflow/.local/lib/python3.7/site-packages/airflow/example_dags/example_sensor_decorator.py for tasks to queue
[2023-05-02T19:43:05.416+0000] {logging_mixin.py:137} INFO - [2023-05-02T19:43:05.416+0000] {dagbag.py:532} INFO - Filling up the DagBag from /home/airflow/.local/lib/python3.7/site-packages/airflow/example_dags/example_sensor_decorator.py
[2023-05-02T19:43:05.428+0000] {processor.py:753} INFO - DAG(s) dict_keys(['example_sensor_decorator']) retrieved from /home/airflow/.local/lib/python3.7/site-packages/airflow/example_dags/example_sensor_decorator.py
[2023-05-02T19:43:05.441+0000] {logging_mixin.py:137} INFO - [2023-05-02T19:43:05.441+0000] {dag.py:2705} INFO - Sync 1 DAGs
[2023-05-02T19:43:05.454+0000] {logging_mixin.py:137} INFO - [2023-05-02T19:43:05.454+0000] {dag.py:3456} INFO - Setting next_dagrun for example_sensor_decorator to None, run_after=None
[2023-05-02T19:43:05.467+0000] {processor.py:175} INFO - Processing /home/airflow/.local/lib/python3.7/site-packages/airflow/example_dags/example_sensor_decorator.py took 0.053 seconds
[2023-05-02T19:43:36.481+0000] {processor.py:153} INFO - Started process (PID=1010) to work on /home/airflow/.local/lib/python3.7/site-packages/airflow/example_dags/example_sensor_decorator.py
[2023-05-02T19:43:36.481+0000] {processor.py:743} INFO - Processing file /home/airflow/.local/lib/python3.7/site-packages/airflow/example_dags/example_sensor_decorator.py for tasks to queue
[2023-05-02T19:43:36.482+0000] {logging_mixin.py:137} INFO - [2023-05-02T19:43:36.482+0000] {dagbag.py:532} INFO - Filling up the DagBag from /home/airflow/.local/lib/python3.7/site-packages/airflow/example_dags/example_sensor_decorator.py
[2023-05-02T19:43:36.493+0000] {processor.py:753} INFO - DAG(s) dict_keys(['example_sensor_decorator']) retrieved from /home/airflow/.local/lib/python3.7/site-packages/airflow/example_dags/example_sensor_decorator.py
[2023-05-02T19:43:36.506+0000] {logging_mixin.py:137} INFO - [2023-05-02T19:43:36.506+0000] {dag.py:2705} INFO - Sync 1 DAGs
[2023-05-02T19:43:36.520+0000] {logging_mixin.py:137} INFO - [2023-05-02T19:43:36.520+0000] {dag.py:3456} INFO - Setting next_dagrun for example_sensor_decorator to None, run_after=None
[2023-05-02T19:43:36.532+0000] {processor.py:175} INFO - Processing /home/airflow/.local/lib/python3.7/site-packages/airflow/example_dags/example_sensor_decorator.py took 0.053 seconds
[2023-05-02T19:44:07.357+0000] {processor.py:153} INFO - Started process (PID=1061) to work on /home/airflow/.local/lib/python3.7/site-packages/airflow/example_dags/example_sensor_decorator.py
[2023-05-02T19:44:07.357+0000] {processor.py:743} INFO - Processing file /home/airflow/.local/lib/python3.7/site-packages/airflow/example_dags/example_sensor_decorator.py for tasks to queue
[2023-05-02T19:44:07.358+0000] {logging_mixin.py:137} INFO - [2023-05-02T19:44:07.358+0000] {dagbag.py:532} INFO - Filling up the DagBag from /home/airflow/.local/lib/python3.7/site-packages/airflow/example_dags/example_sensor_decorator.py
[2023-05-02T19:44:07.369+0000] {processor.py:753} INFO - DAG(s) dict_keys(['example_sensor_decorator']) retrieved from /home/airflow/.local/lib/python3.7/site-packages/airflow/example_dags/example_sensor_decorator.py
[2023-05-02T19:44:07.382+0000] {logging_mixin.py:137} INFO - [2023-05-02T19:44:07.382+0000] {dag.py:2705} INFO - Sync 1 DAGs
[2023-05-02T19:44:07.395+0000] {logging_mixin.py:137} INFO - [2023-05-02T19:44:07.395+0000] {dag.py:3456} INFO - Setting next_dagrun for example_sensor_decorator to None, run_after=None
[2023-05-02T19:44:07.407+0000] {processor.py:175} INFO - Processing /home/airflow/.local/lib/python3.7/site-packages/airflow/example_dags/example_sensor_decorator.py took 0.051 seconds
[2023-05-02T19:44:37.580+0000] {processor.py:153} INFO - Started process (PID=1113) to work on /home/airflow/.local/lib/python3.7/site-packages/airflow/example_dags/example_sensor_decorator.py
[2023-05-02T19:44:37.580+0000] {processor.py:743} INFO - Processing file /home/airflow/.local/lib/python3.7/site-packages/airflow/example_dags/example_sensor_decorator.py for tasks to queue
[2023-05-02T19:44:37.581+0000] {logging_mixin.py:137} INFO - [2023-05-02T19:44:37.581+0000] {dagbag.py:532} INFO - Filling up the DagBag from /home/airflow/.local/lib/python3.7/site-packages/airflow/example_dags/example_sensor_decorator.py
[2023-05-02T19:44:37.592+0000] {processor.py:753} INFO - DAG(s) dict_keys(['example_sensor_decorator']) retrieved from /home/airflow/.local/lib/python3.7/site-packages/airflow/example_dags/example_sensor_decorator.py
[2023-05-02T19:44:37.605+0000] {logging_mixin.py:137} INFO - [2023-05-02T19:44:37.605+0000] {dag.py:2705} INFO - Sync 1 DAGs
[2023-05-02T19:44:37.618+0000] {logging_mixin.py:137} INFO - [2023-05-02T19:44:37.618+0000] {dag.py:3456} INFO - Setting next_dagrun for example_sensor_decorator to None, run_after=None
[2023-05-02T19:44:37.633+0000] {processor.py:175} INFO - Processing /home/airflow/.local/lib/python3.7/site-packages/airflow/example_dags/example_sensor_decorator.py took 0.055 seconds
[2023-05-02T19:45:08.606+0000] {processor.py:153} INFO - Started process (PID=1165) to work on /home/airflow/.local/lib/python3.7/site-packages/airflow/example_dags/example_sensor_decorator.py
[2023-05-02T19:45:08.607+0000] {processor.py:743} INFO - Processing file /home/airflow/.local/lib/python3.7/site-packages/airflow/example_dags/example_sensor_decorator.py for tasks to queue
[2023-05-02T19:45:08.607+0000] {logging_mixin.py:137} INFO - [2023-05-02T19:45:08.607+0000] {dagbag.py:532} INFO - Filling up the DagBag from /home/airflow/.local/lib/python3.7/site-packages/airflow/example_dags/example_sensor_decorator.py
[2023-05-02T19:45:08.618+0000] {processor.py:753} INFO - DAG(s) dict_keys(['example_sensor_decorator']) retrieved from /home/airflow/.local/lib/python3.7/site-packages/airflow/example_dags/example_sensor_decorator.py
[2023-05-02T19:45:08.632+0000] {logging_mixin.py:137} INFO - [2023-05-02T19:45:08.631+0000] {dag.py:2705} INFO - Sync 1 DAGs
[2023-05-02T19:45:08.646+0000] {logging_mixin.py:137} INFO - [2023-05-02T19:45:08.645+0000] {dag.py:3456} INFO - Setting next_dagrun for example_sensor_decorator to None, run_after=None
[2023-05-02T19:45:08.657+0000] {processor.py:175} INFO - Processing /home/airflow/.local/lib/python3.7/site-packages/airflow/example_dags/example_sensor_decorator.py took 0.052 seconds
[2023-05-02T19:45:39.642+0000] {processor.py:153} INFO - Started process (PID=1217) to work on /home/airflow/.local/lib/python3.7/site-packages/airflow/example_dags/example_sensor_decorator.py
[2023-05-02T19:45:39.643+0000] {processor.py:743} INFO - Processing file /home/airflow/.local/lib/python3.7/site-packages/airflow/example_dags/example_sensor_decorator.py for tasks to queue
[2023-05-02T19:45:39.643+0000] {logging_mixin.py:137} INFO - [2023-05-02T19:45:39.643+0000] {dagbag.py:532} INFO - Filling up the DagBag from /home/airflow/.local/lib/python3.7/site-packages/airflow/example_dags/example_sensor_decorator.py
[2023-05-02T19:45:39.655+0000] {processor.py:753} INFO - DAG(s) dict_keys(['example_sensor_decorator']) retrieved from /home/airflow/.local/lib/python3.7/site-packages/airflow/example_dags/example_sensor_decorator.py
[2023-05-02T19:45:39.669+0000] {logging_mixin.py:137} INFO - [2023-05-02T19:45:39.668+0000] {dag.py:2705} INFO - Sync 1 DAGs
[2023-05-02T19:45:39.682+0000] {logging_mixin.py:137} INFO - [2023-05-02T19:45:39.682+0000] {dag.py:3456} INFO - Setting next_dagrun for example_sensor_decorator to None, run_after=None
[2023-05-02T19:45:39.693+0000] {processor.py:175} INFO - Processing /home/airflow/.local/lib/python3.7/site-packages/airflow/example_dags/example_sensor_decorator.py took 0.053 seconds
[2023-05-02T19:46:10.735+0000] {processor.py:153} INFO - Started process (PID=1269) to work on /home/airflow/.local/lib/python3.7/site-packages/airflow/example_dags/example_sensor_decorator.py
[2023-05-02T19:46:10.735+0000] {processor.py:743} INFO - Processing file /home/airflow/.local/lib/python3.7/site-packages/airflow/example_dags/example_sensor_decorator.py for tasks to queue
[2023-05-02T19:46:10.735+0000] {logging_mixin.py:137} INFO - [2023-05-02T19:46:10.735+0000] {dagbag.py:532} INFO - Filling up the DagBag from /home/airflow/.local/lib/python3.7/site-packages/airflow/example_dags/example_sensor_decorator.py
[2023-05-02T19:46:10.747+0000] {processor.py:753} INFO - DAG(s) dict_keys(['example_sensor_decorator']) retrieved from /home/airflow/.local/lib/python3.7/site-packages/airflow/example_dags/example_sensor_decorator.py
[2023-05-02T19:46:10.760+0000] {logging_mixin.py:137} INFO - [2023-05-02T19:46:10.760+0000] {dag.py:2705} INFO - Sync 1 DAGs
[2023-05-02T19:46:10.773+0000] {logging_mixin.py:137} INFO - [2023-05-02T19:46:10.773+0000] {dag.py:3456} INFO - Setting next_dagrun for example_sensor_decorator to None, run_after=None
[2023-05-02T19:46:10.784+0000] {processor.py:175} INFO - Processing /home/airflow/.local/lib/python3.7/site-packages/airflow/example_dags/example_sensor_decorator.py took 0.051 seconds
[2023-05-02T19:46:41.599+0000] {processor.py:153} INFO - Started process (PID=1321) to work on /home/airflow/.local/lib/python3.7/site-packages/airflow/example_dags/example_sensor_decorator.py
[2023-05-02T19:46:41.599+0000] {processor.py:743} INFO - Processing file /home/airflow/.local/lib/python3.7/site-packages/airflow/example_dags/example_sensor_decorator.py for tasks to queue
[2023-05-02T19:46:41.600+0000] {logging_mixin.py:137} INFO - [2023-05-02T19:46:41.600+0000] {dagbag.py:532} INFO - Filling up the DagBag from /home/airflow/.local/lib/python3.7/site-packages/airflow/example_dags/example_sensor_decorator.py
[2023-05-02T19:46:41.611+0000] {processor.py:753} INFO - DAG(s) dict_keys(['example_sensor_decorator']) retrieved from /home/airflow/.local/lib/python3.7/site-packages/airflow/example_dags/example_sensor_decorator.py
[2023-05-02T19:46:41.624+0000] {logging_mixin.py:137} INFO - [2023-05-02T19:46:41.624+0000] {dag.py:2705} INFO - Sync 1 DAGs
[2023-05-02T19:46:41.638+0000] {logging_mixin.py:137} INFO - [2023-05-02T19:46:41.638+0000] {dag.py:3456} INFO - Setting next_dagrun for example_sensor_decorator to None, run_after=None
[2023-05-02T19:46:41.649+0000] {processor.py:175} INFO - Processing /home/airflow/.local/lib/python3.7/site-packages/airflow/example_dags/example_sensor_decorator.py took 0.052 seconds
[2023-05-02T19:47:12.442+0000] {processor.py:153} INFO - Started process (PID=1373) to work on /home/airflow/.local/lib/python3.7/site-packages/airflow/example_dags/example_sensor_decorator.py
[2023-05-02T19:47:12.442+0000] {processor.py:743} INFO - Processing file /home/airflow/.local/lib/python3.7/site-packages/airflow/example_dags/example_sensor_decorator.py for tasks to queue
[2023-05-02T19:47:12.442+0000] {logging_mixin.py:137} INFO - [2023-05-02T19:47:12.442+0000] {dagbag.py:532} INFO - Filling up the DagBag from /home/airflow/.local/lib/python3.7/site-packages/airflow/example_dags/example_sensor_decorator.py
[2023-05-02T19:47:12.454+0000] {processor.py:753} INFO - DAG(s) dict_keys(['example_sensor_decorator']) retrieved from /home/airflow/.local/lib/python3.7/site-packages/airflow/example_dags/example_sensor_decorator.py
[2023-05-02T19:47:12.467+0000] {logging_mixin.py:137} INFO - [2023-05-02T19:47:12.467+0000] {dag.py:2705} INFO - Sync 1 DAGs
[2023-05-02T19:47:12.480+0000] {logging_mixin.py:137} INFO - [2023-05-02T19:47:12.480+0000] {dag.py:3456} INFO - Setting next_dagrun for example_sensor_decorator to None, run_after=None
[2023-05-02T19:47:12.491+0000] {processor.py:175} INFO - Processing /home/airflow/.local/lib/python3.7/site-packages/airflow/example_dags/example_sensor_decorator.py took 0.051 seconds
[2023-05-02T19:47:43.413+0000] {processor.py:153} INFO - Started process (PID=1425) to work on /home/airflow/.local/lib/python3.7/site-packages/airflow/example_dags/example_sensor_decorator.py
[2023-05-02T19:47:43.414+0000] {processor.py:743} INFO - Processing file /home/airflow/.local/lib/python3.7/site-packages/airflow/example_dags/example_sensor_decorator.py for tasks to queue
[2023-05-02T19:47:43.414+0000] {logging_mixin.py:137} INFO - [2023-05-02T19:47:43.414+0000] {dagbag.py:532} INFO - Filling up the DagBag from /home/airflow/.local/lib/python3.7/site-packages/airflow/example_dags/example_sensor_decorator.py
[2023-05-02T19:47:43.426+0000] {processor.py:753} INFO - DAG(s) dict_keys(['example_sensor_decorator']) retrieved from /home/airflow/.local/lib/python3.7/site-packages/airflow/example_dags/example_sensor_decorator.py
[2023-05-02T19:47:43.439+0000] {logging_mixin.py:137} INFO - [2023-05-02T19:47:43.439+0000] {dag.py:2705} INFO - Sync 1 DAGs
[2023-05-02T19:47:43.452+0000] {logging_mixin.py:137} INFO - [2023-05-02T19:47:43.452+0000] {dag.py:3456} INFO - Setting next_dagrun for example_sensor_decorator to None, run_after=None
[2023-05-02T19:47:43.463+0000] {processor.py:175} INFO - Processing /home/airflow/.local/lib/python3.7/site-packages/airflow/example_dags/example_sensor_decorator.py took 0.051 seconds
[2023-05-02T19:48:14.489+0000] {processor.py:153} INFO - Started process (PID=1477) to work on /home/airflow/.local/lib/python3.7/site-packages/airflow/example_dags/example_sensor_decorator.py
[2023-05-02T19:48:14.490+0000] {processor.py:743} INFO - Processing file /home/airflow/.local/lib/python3.7/site-packages/airflow/example_dags/example_sensor_decorator.py for tasks to queue
[2023-05-02T19:48:14.490+0000] {logging_mixin.py:137} INFO - [2023-05-02T19:48:14.490+0000] {dagbag.py:532} INFO - Filling up the DagBag from /home/airflow/.local/lib/python3.7/site-packages/airflow/example_dags/example_sensor_decorator.py
[2023-05-02T19:48:14.502+0000] {processor.py:753} INFO - DAG(s) dict_keys(['example_sensor_decorator']) retrieved from /home/airflow/.local/lib/python3.7/site-packages/airflow/example_dags/example_sensor_decorator.py
[2023-05-02T19:48:14.515+0000] {logging_mixin.py:137} INFO - [2023-05-02T19:48:14.515+0000] {dag.py:2705} INFO - Sync 1 DAGs
[2023-05-02T19:48:14.529+0000] {logging_mixin.py:137} INFO - [2023-05-02T19:48:14.529+0000] {dag.py:3456} INFO - Setting next_dagrun for example_sensor_decorator to None, run_after=None
[2023-05-02T19:48:14.540+0000] {processor.py:175} INFO - Processing /home/airflow/.local/lib/python3.7/site-packages/airflow/example_dags/example_sensor_decorator.py took 0.052 seconds
[2023-05-02T19:48:45.273+0000] {processor.py:153} INFO - Started process (PID=1528) to work on /home/airflow/.local/lib/python3.7/site-packages/airflow/example_dags/example_sensor_decorator.py
[2023-05-02T19:48:45.273+0000] {processor.py:743} INFO - Processing file /home/airflow/.local/lib/python3.7/site-packages/airflow/example_dags/example_sensor_decorator.py for tasks to queue
[2023-05-02T19:48:45.274+0000] {logging_mixin.py:137} INFO - [2023-05-02T19:48:45.274+0000] {dagbag.py:532} INFO - Filling up the DagBag from /home/airflow/.local/lib/python3.7/site-packages/airflow/example_dags/example_sensor_decorator.py
[2023-05-02T19:48:45.285+0000] {processor.py:753} INFO - DAG(s) dict_keys(['example_sensor_decorator']) retrieved from /home/airflow/.local/lib/python3.7/site-packages/airflow/example_dags/example_sensor_decorator.py
[2023-05-02T19:48:45.298+0000] {logging_mixin.py:137} INFO - [2023-05-02T19:48:45.298+0000] {dag.py:2705} INFO - Sync 1 DAGs
[2023-05-02T19:48:45.313+0000] {logging_mixin.py:137} INFO - [2023-05-02T19:48:45.313+0000] {dag.py:3456} INFO - Setting next_dagrun for example_sensor_decorator to None, run_after=None
[2023-05-02T19:48:45.324+0000] {processor.py:175} INFO - Processing /home/airflow/.local/lib/python3.7/site-packages/airflow/example_dags/example_sensor_decorator.py took 0.053 seconds
[2023-05-02T19:49:16.036+0000] {processor.py:153} INFO - Started process (PID=1580) to work on /home/airflow/.local/lib/python3.7/site-packages/airflow/example_dags/example_sensor_decorator.py
[2023-05-02T19:49:16.037+0000] {processor.py:743} INFO - Processing file /home/airflow/.local/lib/python3.7/site-packages/airflow/example_dags/example_sensor_decorator.py for tasks to queue
[2023-05-02T19:49:16.037+0000] {logging_mixin.py:137} INFO - [2023-05-02T19:49:16.037+0000] {dagbag.py:532} INFO - Filling up the DagBag from /home/airflow/.local/lib/python3.7/site-packages/airflow/example_dags/example_sensor_decorator.py
[2023-05-02T19:49:16.049+0000] {processor.py:753} INFO - DAG(s) dict_keys(['example_sensor_decorator']) retrieved from /home/airflow/.local/lib/python3.7/site-packages/airflow/example_dags/example_sensor_decorator.py
[2023-05-02T19:49:16.063+0000] {logging_mixin.py:137} INFO - [2023-05-02T19:49:16.063+0000] {dag.py:2705} INFO - Sync 1 DAGs
[2023-05-02T19:49:16.077+0000] {logging_mixin.py:137} INFO - [2023-05-02T19:49:16.077+0000] {dag.py:3456} INFO - Setting next_dagrun for example_sensor_decorator to None, run_after=None
[2023-05-02T19:49:16.088+0000] {processor.py:175} INFO - Processing /home/airflow/.local/lib/python3.7/site-packages/airflow/example_dags/example_sensor_decorator.py took 0.053 seconds
[2023-05-02T19:49:46.867+0000] {processor.py:153} INFO - Started process (PID=1631) to work on /home/airflow/.local/lib/python3.7/site-packages/airflow/example_dags/example_sensor_decorator.py
[2023-05-02T19:49:46.868+0000] {processor.py:743} INFO - Processing file /home/airflow/.local/lib/python3.7/site-packages/airflow/example_dags/example_sensor_decorator.py for tasks to queue
[2023-05-02T19:49:46.868+0000] {logging_mixin.py:137} INFO - [2023-05-02T19:49:46.868+0000] {dagbag.py:532} INFO - Filling up the DagBag from /home/airflow/.local/lib/python3.7/site-packages/airflow/example_dags/example_sensor_decorator.py
[2023-05-02T19:49:46.880+0000] {processor.py:753} INFO - DAG(s) dict_keys(['example_sensor_decorator']) retrieved from /home/airflow/.local/lib/python3.7/site-packages/airflow/example_dags/example_sensor_decorator.py
[2023-05-02T19:49:46.893+0000] {logging_mixin.py:137} INFO - [2023-05-02T19:49:46.893+0000] {dag.py:2705} INFO - Sync 1 DAGs
[2023-05-02T19:49:46.906+0000] {logging_mixin.py:137} INFO - [2023-05-02T19:49:46.906+0000] {dag.py:3456} INFO - Setting next_dagrun for example_sensor_decorator to None, run_after=None
[2023-05-02T19:49:46.918+0000] {processor.py:175} INFO - Processing /home/airflow/.local/lib/python3.7/site-packages/airflow/example_dags/example_sensor_decorator.py took 0.052 seconds
[2023-05-02T19:50:17.642+0000] {processor.py:153} INFO - Started process (PID=1689) to work on /home/airflow/.local/lib/python3.7/site-packages/airflow/example_dags/example_sensor_decorator.py
[2023-05-02T19:50:17.642+0000] {processor.py:743} INFO - Processing file /home/airflow/.local/lib/python3.7/site-packages/airflow/example_dags/example_sensor_decorator.py for tasks to queue
[2023-05-02T19:50:17.642+0000] {logging_mixin.py:137} INFO - [2023-05-02T19:50:17.642+0000] {dagbag.py:532} INFO - Filling up the DagBag from /home/airflow/.local/lib/python3.7/site-packages/airflow/example_dags/example_sensor_decorator.py
[2023-05-02T19:50:17.654+0000] {processor.py:753} INFO - DAG(s) dict_keys(['example_sensor_decorator']) retrieved from /home/airflow/.local/lib/python3.7/site-packages/airflow/example_dags/example_sensor_decorator.py
[2023-05-02T19:50:17.667+0000] {logging_mixin.py:137} INFO - [2023-05-02T19:50:17.667+0000] {dag.py:2705} INFO - Sync 1 DAGs
[2023-05-02T19:50:17.681+0000] {logging_mixin.py:137} INFO - [2023-05-02T19:50:17.681+0000] {dag.py:3456} INFO - Setting next_dagrun for example_sensor_decorator to None, run_after=None
[2023-05-02T19:50:17.693+0000] {processor.py:175} INFO - Processing /home/airflow/.local/lib/python3.7/site-packages/airflow/example_dags/example_sensor_decorator.py took 0.053 seconds
[2023-05-02T19:50:48.504+0000] {processor.py:153} INFO - Started process (PID=1740) to work on /home/airflow/.local/lib/python3.7/site-packages/airflow/example_dags/example_sensor_decorator.py
[2023-05-02T19:50:48.504+0000] {processor.py:743} INFO - Processing file /home/airflow/.local/lib/python3.7/site-packages/airflow/example_dags/example_sensor_decorator.py for tasks to queue
[2023-05-02T19:50:48.505+0000] {logging_mixin.py:137} INFO - [2023-05-02T19:50:48.505+0000] {dagbag.py:532} INFO - Filling up the DagBag from /home/airflow/.local/lib/python3.7/site-packages/airflow/example_dags/example_sensor_decorator.py
[2023-05-02T19:50:48.517+0000] {processor.py:753} INFO - DAG(s) dict_keys(['example_sensor_decorator']) retrieved from /home/airflow/.local/lib/python3.7/site-packages/airflow/example_dags/example_sensor_decorator.py
[2023-05-02T19:50:48.529+0000] {logging_mixin.py:137} INFO - [2023-05-02T19:50:48.529+0000] {dag.py:2705} INFO - Sync 1 DAGs
[2023-05-02T19:50:48.543+0000] {logging_mixin.py:137} INFO - [2023-05-02T19:50:48.543+0000] {dag.py:3456} INFO - Setting next_dagrun for example_sensor_decorator to None, run_after=None
[2023-05-02T19:50:48.558+0000] {processor.py:175} INFO - Processing /home/airflow/.local/lib/python3.7/site-packages/airflow/example_dags/example_sensor_decorator.py took 0.056 seconds
[2023-05-02T19:51:19.165+0000] {processor.py:153} INFO - Started process (PID=1792) to work on /home/airflow/.local/lib/python3.7/site-packages/airflow/example_dags/example_sensor_decorator.py
[2023-05-02T19:51:19.166+0000] {processor.py:743} INFO - Processing file /home/airflow/.local/lib/python3.7/site-packages/airflow/example_dags/example_sensor_decorator.py for tasks to queue
[2023-05-02T19:51:19.166+0000] {logging_mixin.py:137} INFO - [2023-05-02T19:51:19.166+0000] {dagbag.py:532} INFO - Filling up the DagBag from /home/airflow/.local/lib/python3.7/site-packages/airflow/example_dags/example_sensor_decorator.py
[2023-05-02T19:51:19.178+0000] {processor.py:753} INFO - DAG(s) dict_keys(['example_sensor_decorator']) retrieved from /home/airflow/.local/lib/python3.7/site-packages/airflow/example_dags/example_sensor_decorator.py
[2023-05-02T19:51:19.192+0000] {logging_mixin.py:137} INFO - [2023-05-02T19:51:19.191+0000] {dag.py:2705} INFO - Sync 1 DAGs
[2023-05-02T19:51:19.205+0000] {logging_mixin.py:137} INFO - [2023-05-02T19:51:19.205+0000] {dag.py:3456} INFO - Setting next_dagrun for example_sensor_decorator to None, run_after=None
[2023-05-02T19:51:19.216+0000] {processor.py:175} INFO - Processing /home/airflow/.local/lib/python3.7/site-packages/airflow/example_dags/example_sensor_decorator.py took 0.053 seconds
[2023-05-02T19:51:50.155+0000] {processor.py:153} INFO - Started process (PID=1843) to work on /home/airflow/.local/lib/python3.7/site-packages/airflow/example_dags/example_sensor_decorator.py
[2023-05-02T19:51:50.155+0000] {processor.py:743} INFO - Processing file /home/airflow/.local/lib/python3.7/site-packages/airflow/example_dags/example_sensor_decorator.py for tasks to queue
[2023-05-02T19:51:50.156+0000] {logging_mixin.py:137} INFO - [2023-05-02T19:51:50.156+0000] {dagbag.py:532} INFO - Filling up the DagBag from /home/airflow/.local/lib/python3.7/site-packages/airflow/example_dags/example_sensor_decorator.py
[2023-05-02T19:51:50.168+0000] {processor.py:753} INFO - DAG(s) dict_keys(['example_sensor_decorator']) retrieved from /home/airflow/.local/lib/python3.7/site-packages/airflow/example_dags/example_sensor_decorator.py
[2023-05-02T19:51:50.181+0000] {logging_mixin.py:137} INFO - [2023-05-02T19:51:50.181+0000] {dag.py:2705} INFO - Sync 1 DAGs
[2023-05-02T19:51:50.194+0000] {logging_mixin.py:137} INFO - [2023-05-02T19:51:50.194+0000] {dag.py:3456} INFO - Setting next_dagrun for example_sensor_decorator to None, run_after=None
[2023-05-02T19:51:50.207+0000] {processor.py:175} INFO - Processing /home/airflow/.local/lib/python3.7/site-packages/airflow/example_dags/example_sensor_decorator.py took 0.053 seconds
[2023-05-02T19:52:20.927+0000] {processor.py:153} INFO - Started process (PID=1895) to work on /home/airflow/.local/lib/python3.7/site-packages/airflow/example_dags/example_sensor_decorator.py
[2023-05-02T19:52:20.928+0000] {processor.py:743} INFO - Processing file /home/airflow/.local/lib/python3.7/site-packages/airflow/example_dags/example_sensor_decorator.py for tasks to queue
[2023-05-02T19:52:20.928+0000] {logging_mixin.py:137} INFO - [2023-05-02T19:52:20.928+0000] {dagbag.py:532} INFO - Filling up the DagBag from /home/airflow/.local/lib/python3.7/site-packages/airflow/example_dags/example_sensor_decorator.py
[2023-05-02T19:52:20.940+0000] {processor.py:753} INFO - DAG(s) dict_keys(['example_sensor_decorator']) retrieved from /home/airflow/.local/lib/python3.7/site-packages/airflow/example_dags/example_sensor_decorator.py
[2023-05-02T19:52:20.953+0000] {logging_mixin.py:137} INFO - [2023-05-02T19:52:20.953+0000] {dag.py:2705} INFO - Sync 1 DAGs
[2023-05-02T19:52:20.968+0000] {logging_mixin.py:137} INFO - [2023-05-02T19:52:20.968+0000] {dag.py:3456} INFO - Setting next_dagrun for example_sensor_decorator to None, run_after=None
[2023-05-02T19:52:20.979+0000] {processor.py:175} INFO - Processing /home/airflow/.local/lib/python3.7/site-packages/airflow/example_dags/example_sensor_decorator.py took 0.054 seconds
[2023-05-02T19:52:51.739+0000] {processor.py:153} INFO - Started process (PID=1947) to work on /home/airflow/.local/lib/python3.7/site-packages/airflow/example_dags/example_sensor_decorator.py
[2023-05-02T19:52:51.739+0000] {processor.py:743} INFO - Processing file /home/airflow/.local/lib/python3.7/site-packages/airflow/example_dags/example_sensor_decorator.py for tasks to queue
[2023-05-02T19:52:51.740+0000] {logging_mixin.py:137} INFO - [2023-05-02T19:52:51.740+0000] {dagbag.py:532} INFO - Filling up the DagBag from /home/airflow/.local/lib/python3.7/site-packages/airflow/example_dags/example_sensor_decorator.py
[2023-05-02T19:52:51.751+0000] {processor.py:753} INFO - DAG(s) dict_keys(['example_sensor_decorator']) retrieved from /home/airflow/.local/lib/python3.7/site-packages/airflow/example_dags/example_sensor_decorator.py
[2023-05-02T19:52:51.765+0000] {logging_mixin.py:137} INFO - [2023-05-02T19:52:51.765+0000] {dag.py:2705} INFO - Sync 1 DAGs
[2023-05-02T19:52:51.779+0000] {logging_mixin.py:137} INFO - [2023-05-02T19:52:51.779+0000] {dag.py:3456} INFO - Setting next_dagrun for example_sensor_decorator to None, run_after=None
[2023-05-02T19:52:51.790+0000] {processor.py:175} INFO - Processing /home/airflow/.local/lib/python3.7/site-packages/airflow/example_dags/example_sensor_decorator.py took 0.053 seconds
[2023-05-02T19:53:22.523+0000] {processor.py:153} INFO - Started process (PID=1999) to work on /home/airflow/.local/lib/python3.7/site-packages/airflow/example_dags/example_sensor_decorator.py
[2023-05-02T19:53:22.524+0000] {processor.py:743} INFO - Processing file /home/airflow/.local/lib/python3.7/site-packages/airflow/example_dags/example_sensor_decorator.py for tasks to queue
[2023-05-02T19:53:22.524+0000] {logging_mixin.py:137} INFO - [2023-05-02T19:53:22.524+0000] {dagbag.py:532} INFO - Filling up the DagBag from /home/airflow/.local/lib/python3.7/site-packages/airflow/example_dags/example_sensor_decorator.py
[2023-05-02T19:53:22.537+0000] {processor.py:753} INFO - DAG(s) dict_keys(['example_sensor_decorator']) retrieved from /home/airflow/.local/lib/python3.7/site-packages/airflow/example_dags/example_sensor_decorator.py
[2023-05-02T19:53:22.551+0000] {logging_mixin.py:137} INFO - [2023-05-02T19:53:22.551+0000] {dag.py:2705} INFO - Sync 1 DAGs
[2023-05-02T19:53:22.564+0000] {logging_mixin.py:137} INFO - [2023-05-02T19:53:22.564+0000] {dag.py:3456} INFO - Setting next_dagrun for example_sensor_decorator to None, run_after=None
[2023-05-02T19:53:22.575+0000] {processor.py:175} INFO - Processing /home/airflow/.local/lib/python3.7/site-packages/airflow/example_dags/example_sensor_decorator.py took 0.054 seconds
[2023-05-02T19:53:53.409+0000] {processor.py:153} INFO - Started process (PID=2051) to work on /home/airflow/.local/lib/python3.7/site-packages/airflow/example_dags/example_sensor_decorator.py
[2023-05-02T19:53:53.409+0000] {processor.py:743} INFO - Processing file /home/airflow/.local/lib/python3.7/site-packages/airflow/example_dags/example_sensor_decorator.py for tasks to queue
[2023-05-02T19:53:53.409+0000] {logging_mixin.py:137} INFO - [2023-05-02T19:53:53.409+0000] {dagbag.py:532} INFO - Filling up the DagBag from /home/airflow/.local/lib/python3.7/site-packages/airflow/example_dags/example_sensor_decorator.py
[2023-05-02T19:53:53.421+0000] {processor.py:753} INFO - DAG(s) dict_keys(['example_sensor_decorator']) retrieved from /home/airflow/.local/lib/python3.7/site-packages/airflow/example_dags/example_sensor_decorator.py
[2023-05-02T19:53:53.434+0000] {logging_mixin.py:137} INFO - [2023-05-02T19:53:53.434+0000] {dag.py:2705} INFO - Sync 1 DAGs
[2023-05-02T19:53:53.449+0000] {logging_mixin.py:137} INFO - [2023-05-02T19:53:53.449+0000] {dag.py:3456} INFO - Setting next_dagrun for example_sensor_decorator to None, run_after=None
[2023-05-02T19:53:53.462+0000] {processor.py:175} INFO - Processing /home/airflow/.local/lib/python3.7/site-packages/airflow/example_dags/example_sensor_decorator.py took 0.055 seconds
[2023-05-02T19:54:24.466+0000] {processor.py:153} INFO - Started process (PID=2103) to work on /home/airflow/.local/lib/python3.7/site-packages/airflow/example_dags/example_sensor_decorator.py
[2023-05-02T19:54:24.467+0000] {processor.py:743} INFO - Processing file /home/airflow/.local/lib/python3.7/site-packages/airflow/example_dags/example_sensor_decorator.py for tasks to queue
[2023-05-02T19:54:24.467+0000] {logging_mixin.py:137} INFO - [2023-05-02T19:54:24.467+0000] {dagbag.py:532} INFO - Filling up the DagBag from /home/airflow/.local/lib/python3.7/site-packages/airflow/example_dags/example_sensor_decorator.py
[2023-05-02T19:54:24.479+0000] {processor.py:753} INFO - DAG(s) dict_keys(['example_sensor_decorator']) retrieved from /home/airflow/.local/lib/python3.7/site-packages/airflow/example_dags/example_sensor_decorator.py
[2023-05-02T19:54:24.492+0000] {logging_mixin.py:137} INFO - [2023-05-02T19:54:24.492+0000] {dag.py:2705} INFO - Sync 1 DAGs
[2023-05-02T19:54:24.505+0000] {logging_mixin.py:137} INFO - [2023-05-02T19:54:24.505+0000] {dag.py:3456} INFO - Setting next_dagrun for example_sensor_decorator to None, run_after=None
[2023-05-02T19:54:24.517+0000] {processor.py:175} INFO - Processing /home/airflow/.local/lib/python3.7/site-packages/airflow/example_dags/example_sensor_decorator.py took 0.053 seconds
[2023-05-02T19:54:55.410+0000] {processor.py:153} INFO - Started process (PID=2155) to work on /home/airflow/.local/lib/python3.7/site-packages/airflow/example_dags/example_sensor_decorator.py
[2023-05-02T19:54:55.411+0000] {processor.py:743} INFO - Processing file /home/airflow/.local/lib/python3.7/site-packages/airflow/example_dags/example_sensor_decorator.py for tasks to queue
[2023-05-02T19:54:55.411+0000] {logging_mixin.py:137} INFO - [2023-05-02T19:54:55.411+0000] {dagbag.py:532} INFO - Filling up the DagBag from /home/airflow/.local/lib/python3.7/site-packages/airflow/example_dags/example_sensor_decorator.py
[2023-05-02T19:54:55.422+0000] {processor.py:753} INFO - DAG(s) dict_keys(['example_sensor_decorator']) retrieved from /home/airflow/.local/lib/python3.7/site-packages/airflow/example_dags/example_sensor_decorator.py
[2023-05-02T19:54:55.435+0000] {logging_mixin.py:137} INFO - [2023-05-02T19:54:55.435+0000] {dag.py:2705} INFO - Sync 1 DAGs
[2023-05-02T19:54:55.449+0000] {logging_mixin.py:137} INFO - [2023-05-02T19:54:55.449+0000] {dag.py:3456} INFO - Setting next_dagrun for example_sensor_decorator to None, run_after=None
[2023-05-02T19:54:55.464+0000] {processor.py:175} INFO - Processing /home/airflow/.local/lib/python3.7/site-packages/airflow/example_dags/example_sensor_decorator.py took 0.055 seconds
[2023-05-02T19:55:26.476+0000] {processor.py:153} INFO - Started process (PID=2207) to work on /home/airflow/.local/lib/python3.7/site-packages/airflow/example_dags/example_sensor_decorator.py
[2023-05-02T19:55:26.476+0000] {processor.py:743} INFO - Processing file /home/airflow/.local/lib/python3.7/site-packages/airflow/example_dags/example_sensor_decorator.py for tasks to queue
[2023-05-02T19:55:26.477+0000] {logging_mixin.py:137} INFO - [2023-05-02T19:55:26.477+0000] {dagbag.py:532} INFO - Filling up the DagBag from /home/airflow/.local/lib/python3.7/site-packages/airflow/example_dags/example_sensor_decorator.py
[2023-05-02T19:55:26.488+0000] {processor.py:753} INFO - DAG(s) dict_keys(['example_sensor_decorator']) retrieved from /home/airflow/.local/lib/python3.7/site-packages/airflow/example_dags/example_sensor_decorator.py
[2023-05-02T19:55:26.501+0000] {logging_mixin.py:137} INFO - [2023-05-02T19:55:26.501+0000] {dag.py:2705} INFO - Sync 1 DAGs
[2023-05-02T19:55:26.514+0000] {logging_mixin.py:137} INFO - [2023-05-02T19:55:26.514+0000] {dag.py:3456} INFO - Setting next_dagrun for example_sensor_decorator to None, run_after=None
[2023-05-02T19:55:26.527+0000] {processor.py:175} INFO - Processing /home/airflow/.local/lib/python3.7/site-packages/airflow/example_dags/example_sensor_decorator.py took 0.052 seconds
[2023-05-02T19:55:56.591+0000] {processor.py:153} INFO - Started process (PID=2258) to work on /home/airflow/.local/lib/python3.7/site-packages/airflow/example_dags/example_sensor_decorator.py
[2023-05-02T19:55:56.592+0000] {processor.py:743} INFO - Processing file /home/airflow/.local/lib/python3.7/site-packages/airflow/example_dags/example_sensor_decorator.py for tasks to queue
[2023-05-02T19:55:56.592+0000] {logging_mixin.py:137} INFO - [2023-05-02T19:55:56.592+0000] {dagbag.py:532} INFO - Filling up the DagBag from /home/airflow/.local/lib/python3.7/site-packages/airflow/example_dags/example_sensor_decorator.py
[2023-05-02T19:55:56.604+0000] {processor.py:753} INFO - DAG(s) dict_keys(['example_sensor_decorator']) retrieved from /home/airflow/.local/lib/python3.7/site-packages/airflow/example_dags/example_sensor_decorator.py
[2023-05-02T19:55:56.617+0000] {logging_mixin.py:137} INFO - [2023-05-02T19:55:56.617+0000] {dag.py:2705} INFO - Sync 1 DAGs
[2023-05-02T19:55:56.631+0000] {logging_mixin.py:137} INFO - [2023-05-02T19:55:56.631+0000] {dag.py:3456} INFO - Setting next_dagrun for example_sensor_decorator to None, run_after=None
[2023-05-02T19:55:56.642+0000] {processor.py:175} INFO - Processing /home/airflow/.local/lib/python3.7/site-packages/airflow/example_dags/example_sensor_decorator.py took 0.052 seconds
[2023-05-02T19:56:26.701+0000] {processor.py:153} INFO - Started process (PID=2309) to work on /home/airflow/.local/lib/python3.7/site-packages/airflow/example_dags/example_sensor_decorator.py
[2023-05-02T19:56:26.701+0000] {processor.py:743} INFO - Processing file /home/airflow/.local/lib/python3.7/site-packages/airflow/example_dags/example_sensor_decorator.py for tasks to queue
[2023-05-02T19:56:26.701+0000] {logging_mixin.py:137} INFO - [2023-05-02T19:56:26.701+0000] {dagbag.py:532} INFO - Filling up the DagBag from /home/airflow/.local/lib/python3.7/site-packages/airflow/example_dags/example_sensor_decorator.py
[2023-05-02T19:56:26.713+0000] {processor.py:753} INFO - DAG(s) dict_keys(['example_sensor_decorator']) retrieved from /home/airflow/.local/lib/python3.7/site-packages/airflow/example_dags/example_sensor_decorator.py
[2023-05-02T19:56:26.728+0000] {logging_mixin.py:137} INFO - [2023-05-02T19:56:26.727+0000] {dag.py:2705} INFO - Sync 1 DAGs
[2023-05-02T19:56:26.741+0000] {logging_mixin.py:137} INFO - [2023-05-02T19:56:26.741+0000] {dag.py:3456} INFO - Setting next_dagrun for example_sensor_decorator to None, run_after=None
[2023-05-02T19:56:26.751+0000] {processor.py:175} INFO - Processing /home/airflow/.local/lib/python3.7/site-packages/airflow/example_dags/example_sensor_decorator.py took 0.052 seconds
[2023-05-02T19:56:56.765+0000] {processor.py:153} INFO - Started process (PID=2361) to work on /home/airflow/.local/lib/python3.7/site-packages/airflow/example_dags/example_sensor_decorator.py
[2023-05-02T19:56:56.765+0000] {processor.py:743} INFO - Processing file /home/airflow/.local/lib/python3.7/site-packages/airflow/example_dags/example_sensor_decorator.py for tasks to queue
[2023-05-02T19:56:56.766+0000] {logging_mixin.py:137} INFO - [2023-05-02T19:56:56.765+0000] {dagbag.py:532} INFO - Filling up the DagBag from /home/airflow/.local/lib/python3.7/site-packages/airflow/example_dags/example_sensor_decorator.py
[2023-05-02T19:56:56.777+0000] {processor.py:753} INFO - DAG(s) dict_keys(['example_sensor_decorator']) retrieved from /home/airflow/.local/lib/python3.7/site-packages/airflow/example_dags/example_sensor_decorator.py
[2023-05-02T19:56:56.790+0000] {logging_mixin.py:137} INFO - [2023-05-02T19:56:56.790+0000] {dag.py:2705} INFO - Sync 1 DAGs
[2023-05-02T19:56:56.803+0000] {logging_mixin.py:137} INFO - [2023-05-02T19:56:56.803+0000] {dag.py:3456} INFO - Setting next_dagrun for example_sensor_decorator to None, run_after=None
[2023-05-02T19:56:56.818+0000] {processor.py:175} INFO - Processing /home/airflow/.local/lib/python3.7/site-packages/airflow/example_dags/example_sensor_decorator.py took 0.054 seconds
[2023-05-02T19:57:27.781+0000] {processor.py:153} INFO - Started process (PID=2413) to work on /home/airflow/.local/lib/python3.7/site-packages/airflow/example_dags/example_sensor_decorator.py
[2023-05-02T19:57:27.781+0000] {processor.py:743} INFO - Processing file /home/airflow/.local/lib/python3.7/site-packages/airflow/example_dags/example_sensor_decorator.py for tasks to queue
[2023-05-02T19:57:27.782+0000] {logging_mixin.py:137} INFO - [2023-05-02T19:57:27.782+0000] {dagbag.py:532} INFO - Filling up the DagBag from /home/airflow/.local/lib/python3.7/site-packages/airflow/example_dags/example_sensor_decorator.py
[2023-05-02T19:57:27.793+0000] {processor.py:753} INFO - DAG(s) dict_keys(['example_sensor_decorator']) retrieved from /home/airflow/.local/lib/python3.7/site-packages/airflow/example_dags/example_sensor_decorator.py
[2023-05-02T19:57:27.805+0000] {logging_mixin.py:137} INFO - [2023-05-02T19:57:27.805+0000] {dag.py:2705} INFO - Sync 1 DAGs
[2023-05-02T19:57:27.819+0000] {logging_mixin.py:137} INFO - [2023-05-02T19:57:27.819+0000] {dag.py:3456} INFO - Setting next_dagrun for example_sensor_decorator to None, run_after=None
[2023-05-02T19:57:27.838+0000] {processor.py:175} INFO - Processing /home/airflow/.local/lib/python3.7/site-packages/airflow/example_dags/example_sensor_decorator.py took 0.059 seconds
[2023-05-02T19:57:57.939+0000] {processor.py:153} INFO - Started process (PID=2465) to work on /home/airflow/.local/lib/python3.7/site-packages/airflow/example_dags/example_sensor_decorator.py
[2023-05-02T19:57:57.939+0000] {processor.py:743} INFO - Processing file /home/airflow/.local/lib/python3.7/site-packages/airflow/example_dags/example_sensor_decorator.py for tasks to queue
[2023-05-02T19:57:57.939+0000] {logging_mixin.py:137} INFO - [2023-05-02T19:57:57.939+0000] {dagbag.py:532} INFO - Filling up the DagBag from /home/airflow/.local/lib/python3.7/site-packages/airflow/example_dags/example_sensor_decorator.py
[2023-05-02T19:57:57.952+0000] {processor.py:753} INFO - DAG(s) dict_keys(['example_sensor_decorator']) retrieved from /home/airflow/.local/lib/python3.7/site-packages/airflow/example_dags/example_sensor_decorator.py
[2023-05-02T19:57:57.964+0000] {logging_mixin.py:137} INFO - [2023-05-02T19:57:57.964+0000] {dag.py:2705} INFO - Sync 1 DAGs
[2023-05-02T19:57:57.978+0000] {logging_mixin.py:137} INFO - [2023-05-02T19:57:57.978+0000] {dag.py:3456} INFO - Setting next_dagrun for example_sensor_decorator to None, run_after=None
[2023-05-02T19:57:57.994+0000] {processor.py:175} INFO - Processing /home/airflow/.local/lib/python3.7/site-packages/airflow/example_dags/example_sensor_decorator.py took 0.057 seconds
[2023-05-02T19:58:28.886+0000] {processor.py:153} INFO - Started process (PID=2517) to work on /home/airflow/.local/lib/python3.7/site-packages/airflow/example_dags/example_sensor_decorator.py
[2023-05-02T19:58:28.887+0000] {processor.py:743} INFO - Processing file /home/airflow/.local/lib/python3.7/site-packages/airflow/example_dags/example_sensor_decorator.py for tasks to queue
[2023-05-02T19:58:28.887+0000] {logging_mixin.py:137} INFO - [2023-05-02T19:58:28.887+0000] {dagbag.py:532} INFO - Filling up the DagBag from /home/airflow/.local/lib/python3.7/site-packages/airflow/example_dags/example_sensor_decorator.py
[2023-05-02T19:58:28.899+0000] {processor.py:753} INFO - DAG(s) dict_keys(['example_sensor_decorator']) retrieved from /home/airflow/.local/lib/python3.7/site-packages/airflow/example_dags/example_sensor_decorator.py
[2023-05-02T19:58:28.911+0000] {logging_mixin.py:137} INFO - [2023-05-02T19:58:28.911+0000] {dag.py:2705} INFO - Sync 1 DAGs
[2023-05-02T19:58:28.925+0000] {logging_mixin.py:137} INFO - [2023-05-02T19:58:28.925+0000] {dag.py:3456} INFO - Setting next_dagrun for example_sensor_decorator to None, run_after=None
[2023-05-02T19:58:28.936+0000] {processor.py:175} INFO - Processing /home/airflow/.local/lib/python3.7/site-packages/airflow/example_dags/example_sensor_decorator.py took 0.051 seconds
[2023-05-02T19:58:59.686+0000] {processor.py:153} INFO - Started process (PID=2569) to work on /home/airflow/.local/lib/python3.7/site-packages/airflow/example_dags/example_sensor_decorator.py
[2023-05-02T19:58:59.686+0000] {processor.py:743} INFO - Processing file /home/airflow/.local/lib/python3.7/site-packages/airflow/example_dags/example_sensor_decorator.py for tasks to queue
[2023-05-02T19:58:59.686+0000] {logging_mixin.py:137} INFO - [2023-05-02T19:58:59.686+0000] {dagbag.py:532} INFO - Filling up the DagBag from /home/airflow/.local/lib/python3.7/site-packages/airflow/example_dags/example_sensor_decorator.py
[2023-05-02T19:58:59.698+0000] {processor.py:753} INFO - DAG(s) dict_keys(['example_sensor_decorator']) retrieved from /home/airflow/.local/lib/python3.7/site-packages/airflow/example_dags/example_sensor_decorator.py
[2023-05-02T19:58:59.711+0000] {logging_mixin.py:137} INFO - [2023-05-02T19:58:59.711+0000] {dag.py:2705} INFO - Sync 1 DAGs
[2023-05-02T19:58:59.724+0000] {logging_mixin.py:137} INFO - [2023-05-02T19:58:59.724+0000] {dag.py:3456} INFO - Setting next_dagrun for example_sensor_decorator to None, run_after=None
[2023-05-02T19:58:59.735+0000] {processor.py:175} INFO - Processing /home/airflow/.local/lib/python3.7/site-packages/airflow/example_dags/example_sensor_decorator.py took 0.051 seconds
[2023-05-02T19:59:30.469+0000] {processor.py:153} INFO - Started process (PID=2621) to work on /home/airflow/.local/lib/python3.7/site-packages/airflow/example_dags/example_sensor_decorator.py
[2023-05-02T19:59:30.469+0000] {processor.py:743} INFO - Processing file /home/airflow/.local/lib/python3.7/site-packages/airflow/example_dags/example_sensor_decorator.py for tasks to queue
[2023-05-02T19:59:30.469+0000] {logging_mixin.py:137} INFO - [2023-05-02T19:59:30.469+0000] {dagbag.py:532} INFO - Filling up the DagBag from /home/airflow/.local/lib/python3.7/site-packages/airflow/example_dags/example_sensor_decorator.py
[2023-05-02T19:59:30.481+0000] {processor.py:753} INFO - DAG(s) dict_keys(['example_sensor_decorator']) retrieved from /home/airflow/.local/lib/python3.7/site-packages/airflow/example_dags/example_sensor_decorator.py
[2023-05-02T19:59:30.494+0000] {logging_mixin.py:137} INFO - [2023-05-02T19:59:30.494+0000] {dag.py:2705} INFO - Sync 1 DAGs
[2023-05-02T19:59:30.509+0000] {logging_mixin.py:137} INFO - [2023-05-02T19:59:30.508+0000] {dag.py:3456} INFO - Setting next_dagrun for example_sensor_decorator to None, run_after=None
[2023-05-02T19:59:30.520+0000] {processor.py:175} INFO - Processing /home/airflow/.local/lib/python3.7/site-packages/airflow/example_dags/example_sensor_decorator.py took 0.053 seconds
[2023-05-02T20:00:01.357+0000] {processor.py:153} INFO - Started process (PID=2673) to work on /home/airflow/.local/lib/python3.7/site-packages/airflow/example_dags/example_sensor_decorator.py
[2023-05-02T20:00:01.357+0000] {processor.py:743} INFO - Processing file /home/airflow/.local/lib/python3.7/site-packages/airflow/example_dags/example_sensor_decorator.py for tasks to queue
[2023-05-02T20:00:01.358+0000] {logging_mixin.py:137} INFO - [2023-05-02T20:00:01.358+0000] {dagbag.py:532} INFO - Filling up the DagBag from /home/airflow/.local/lib/python3.7/site-packages/airflow/example_dags/example_sensor_decorator.py
[2023-05-02T20:00:01.371+0000] {processor.py:753} INFO - DAG(s) dict_keys(['example_sensor_decorator']) retrieved from /home/airflow/.local/lib/python3.7/site-packages/airflow/example_dags/example_sensor_decorator.py
[2023-05-02T20:00:01.385+0000] {logging_mixin.py:137} INFO - [2023-05-02T20:00:01.385+0000] {dag.py:2705} INFO - Sync 1 DAGs
[2023-05-02T20:00:01.399+0000] {logging_mixin.py:137} INFO - [2023-05-02T20:00:01.399+0000] {dag.py:3456} INFO - Setting next_dagrun for example_sensor_decorator to None, run_after=None
[2023-05-02T20:00:01.410+0000] {processor.py:175} INFO - Processing /home/airflow/.local/lib/python3.7/site-packages/airflow/example_dags/example_sensor_decorator.py took 0.055 seconds
[2023-05-02T20:00:32.130+0000] {processor.py:153} INFO - Started process (PID=2724) to work on /home/airflow/.local/lib/python3.7/site-packages/airflow/example_dags/example_sensor_decorator.py
[2023-05-02T20:00:32.130+0000] {processor.py:743} INFO - Processing file /home/airflow/.local/lib/python3.7/site-packages/airflow/example_dags/example_sensor_decorator.py for tasks to queue
[2023-05-02T20:00:32.130+0000] {logging_mixin.py:137} INFO - [2023-05-02T20:00:32.130+0000] {dagbag.py:532} INFO - Filling up the DagBag from /home/airflow/.local/lib/python3.7/site-packages/airflow/example_dags/example_sensor_decorator.py
[2023-05-02T20:00:32.144+0000] {processor.py:753} INFO - DAG(s) dict_keys(['example_sensor_decorator']) retrieved from /home/airflow/.local/lib/python3.7/site-packages/airflow/example_dags/example_sensor_decorator.py
[2023-05-02T20:00:32.158+0000] {logging_mixin.py:137} INFO - [2023-05-02T20:00:32.157+0000] {dag.py:2705} INFO - Sync 1 DAGs
[2023-05-02T20:00:32.172+0000] {logging_mixin.py:137} INFO - [2023-05-02T20:00:32.172+0000] {dag.py:3456} INFO - Setting next_dagrun for example_sensor_decorator to None, run_after=None
[2023-05-02T20:00:32.184+0000] {processor.py:175} INFO - Processing /home/airflow/.local/lib/python3.7/site-packages/airflow/example_dags/example_sensor_decorator.py took 0.056 seconds
[2023-05-02T20:01:02.903+0000] {processor.py:153} INFO - Started process (PID=2776) to work on /home/airflow/.local/lib/python3.7/site-packages/airflow/example_dags/example_sensor_decorator.py
[2023-05-02T20:01:02.904+0000] {processor.py:743} INFO - Processing file /home/airflow/.local/lib/python3.7/site-packages/airflow/example_dags/example_sensor_decorator.py for tasks to queue
[2023-05-02T20:01:02.904+0000] {logging_mixin.py:137} INFO - [2023-05-02T20:01:02.904+0000] {dagbag.py:532} INFO - Filling up the DagBag from /home/airflow/.local/lib/python3.7/site-packages/airflow/example_dags/example_sensor_decorator.py
[2023-05-02T20:01:02.916+0000] {processor.py:753} INFO - DAG(s) dict_keys(['example_sensor_decorator']) retrieved from /home/airflow/.local/lib/python3.7/site-packages/airflow/example_dags/example_sensor_decorator.py
[2023-05-02T20:01:02.931+0000] {logging_mixin.py:137} INFO - [2023-05-02T20:01:02.931+0000] {dag.py:2705} INFO - Sync 1 DAGs
[2023-05-02T20:01:02.946+0000] {logging_mixin.py:137} INFO - [2023-05-02T20:01:02.946+0000] {dag.py:3456} INFO - Setting next_dagrun for example_sensor_decorator to None, run_after=None
[2023-05-02T20:01:02.962+0000] {processor.py:175} INFO - Processing /home/airflow/.local/lib/python3.7/site-packages/airflow/example_dags/example_sensor_decorator.py took 0.060 seconds
[2023-05-02T20:01:33.669+0000] {processor.py:153} INFO - Started process (PID=2828) to work on /home/airflow/.local/lib/python3.7/site-packages/airflow/example_dags/example_sensor_decorator.py
[2023-05-02T20:01:33.670+0000] {processor.py:743} INFO - Processing file /home/airflow/.local/lib/python3.7/site-packages/airflow/example_dags/example_sensor_decorator.py for tasks to queue
[2023-05-02T20:01:33.670+0000] {logging_mixin.py:137} INFO - [2023-05-02T20:01:33.670+0000] {dagbag.py:532} INFO - Filling up the DagBag from /home/airflow/.local/lib/python3.7/site-packages/airflow/example_dags/example_sensor_decorator.py
[2023-05-02T20:01:33.683+0000] {processor.py:753} INFO - DAG(s) dict_keys(['example_sensor_decorator']) retrieved from /home/airflow/.local/lib/python3.7/site-packages/airflow/example_dags/example_sensor_decorator.py
[2023-05-02T20:01:33.697+0000] {logging_mixin.py:137} INFO - [2023-05-02T20:01:33.697+0000] {dag.py:2705} INFO - Sync 1 DAGs
[2023-05-02T20:01:33.711+0000] {logging_mixin.py:137} INFO - [2023-05-02T20:01:33.711+0000] {dag.py:3456} INFO - Setting next_dagrun for example_sensor_decorator to None, run_after=None
[2023-05-02T20:01:33.723+0000] {processor.py:175} INFO - Processing /home/airflow/.local/lib/python3.7/site-packages/airflow/example_dags/example_sensor_decorator.py took 0.055 seconds
[2023-05-02T20:02:04.493+0000] {processor.py:153} INFO - Started process (PID=2880) to work on /home/airflow/.local/lib/python3.7/site-packages/airflow/example_dags/example_sensor_decorator.py
[2023-05-02T20:02:04.494+0000] {processor.py:743} INFO - Processing file /home/airflow/.local/lib/python3.7/site-packages/airflow/example_dags/example_sensor_decorator.py for tasks to queue
[2023-05-02T20:02:04.494+0000] {logging_mixin.py:137} INFO - [2023-05-02T20:02:04.494+0000] {dagbag.py:532} INFO - Filling up the DagBag from /home/airflow/.local/lib/python3.7/site-packages/airflow/example_dags/example_sensor_decorator.py
[2023-05-02T20:02:04.505+0000] {processor.py:753} INFO - DAG(s) dict_keys(['example_sensor_decorator']) retrieved from /home/airflow/.local/lib/python3.7/site-packages/airflow/example_dags/example_sensor_decorator.py
[2023-05-02T20:02:04.519+0000] {logging_mixin.py:137} INFO - [2023-05-02T20:02:04.519+0000] {dag.py:2705} INFO - Sync 1 DAGs
[2023-05-02T20:02:04.532+0000] {logging_mixin.py:137} INFO - [2023-05-02T20:02:04.532+0000] {dag.py:3456} INFO - Setting next_dagrun for example_sensor_decorator to None, run_after=None
[2023-05-02T20:02:04.543+0000] {processor.py:175} INFO - Processing /home/airflow/.local/lib/python3.7/site-packages/airflow/example_dags/example_sensor_decorator.py took 0.052 seconds
[2023-05-02T20:02:35.344+0000] {processor.py:153} INFO - Started process (PID=2931) to work on /home/airflow/.local/lib/python3.7/site-packages/airflow/example_dags/example_sensor_decorator.py
[2023-05-02T20:02:35.344+0000] {processor.py:743} INFO - Processing file /home/airflow/.local/lib/python3.7/site-packages/airflow/example_dags/example_sensor_decorator.py for tasks to queue
[2023-05-02T20:02:35.344+0000] {logging_mixin.py:137} INFO - [2023-05-02T20:02:35.344+0000] {dagbag.py:532} INFO - Filling up the DagBag from /home/airflow/.local/lib/python3.7/site-packages/airflow/example_dags/example_sensor_decorator.py
[2023-05-02T20:02:35.356+0000] {processor.py:753} INFO - DAG(s) dict_keys(['example_sensor_decorator']) retrieved from /home/airflow/.local/lib/python3.7/site-packages/airflow/example_dags/example_sensor_decorator.py
[2023-05-02T20:02:35.369+0000] {logging_mixin.py:137} INFO - [2023-05-02T20:02:35.369+0000] {dag.py:2705} INFO - Sync 1 DAGs
[2023-05-02T20:02:35.382+0000] {logging_mixin.py:137} INFO - [2023-05-02T20:02:35.382+0000] {dag.py:3456} INFO - Setting next_dagrun for example_sensor_decorator to None, run_after=None
[2023-05-02T20:02:35.401+0000] {processor.py:175} INFO - Processing /home/airflow/.local/lib/python3.7/site-packages/airflow/example_dags/example_sensor_decorator.py took 0.059 seconds
[2023-05-02T20:03:06.185+0000] {processor.py:153} INFO - Started process (PID=2983) to work on /home/airflow/.local/lib/python3.7/site-packages/airflow/example_dags/example_sensor_decorator.py
[2023-05-02T20:03:06.185+0000] {processor.py:743} INFO - Processing file /home/airflow/.local/lib/python3.7/site-packages/airflow/example_dags/example_sensor_decorator.py for tasks to queue
[2023-05-02T20:03:06.185+0000] {logging_mixin.py:137} INFO - [2023-05-02T20:03:06.185+0000] {dagbag.py:532} INFO - Filling up the DagBag from /home/airflow/.local/lib/python3.7/site-packages/airflow/example_dags/example_sensor_decorator.py
[2023-05-02T20:03:06.197+0000] {processor.py:753} INFO - DAG(s) dict_keys(['example_sensor_decorator']) retrieved from /home/airflow/.local/lib/python3.7/site-packages/airflow/example_dags/example_sensor_decorator.py
[2023-05-02T20:03:06.210+0000] {logging_mixin.py:137} INFO - [2023-05-02T20:03:06.210+0000] {dag.py:2705} INFO - Sync 1 DAGs
[2023-05-02T20:03:06.224+0000] {logging_mixin.py:137} INFO - [2023-05-02T20:03:06.224+0000] {dag.py:3456} INFO - Setting next_dagrun for example_sensor_decorator to None, run_after=None
[2023-05-02T20:03:06.235+0000] {processor.py:175} INFO - Processing /home/airflow/.local/lib/python3.7/site-packages/airflow/example_dags/example_sensor_decorator.py took 0.051 seconds
[2023-05-02T20:03:36.986+0000] {processor.py:153} INFO - Started process (PID=3035) to work on /home/airflow/.local/lib/python3.7/site-packages/airflow/example_dags/example_sensor_decorator.py
[2023-05-02T20:03:36.986+0000] {processor.py:743} INFO - Processing file /home/airflow/.local/lib/python3.7/site-packages/airflow/example_dags/example_sensor_decorator.py for tasks to queue
[2023-05-02T20:03:36.987+0000] {logging_mixin.py:137} INFO - [2023-05-02T20:03:36.987+0000] {dagbag.py:532} INFO - Filling up the DagBag from /home/airflow/.local/lib/python3.7/site-packages/airflow/example_dags/example_sensor_decorator.py
[2023-05-02T20:03:36.998+0000] {processor.py:753} INFO - DAG(s) dict_keys(['example_sensor_decorator']) retrieved from /home/airflow/.local/lib/python3.7/site-packages/airflow/example_dags/example_sensor_decorator.py
[2023-05-02T20:03:37.012+0000] {logging_mixin.py:137} INFO - [2023-05-02T20:03:37.011+0000] {dag.py:2705} INFO - Sync 1 DAGs
[2023-05-02T20:03:37.025+0000] {logging_mixin.py:137} INFO - [2023-05-02T20:03:37.025+0000] {dag.py:3456} INFO - Setting next_dagrun for example_sensor_decorator to None, run_after=None
[2023-05-02T20:03:37.036+0000] {processor.py:175} INFO - Processing /home/airflow/.local/lib/python3.7/site-packages/airflow/example_dags/example_sensor_decorator.py took 0.052 seconds
[2023-05-02T20:04:07.763+0000] {processor.py:153} INFO - Started process (PID=3087) to work on /home/airflow/.local/lib/python3.7/site-packages/airflow/example_dags/example_sensor_decorator.py
[2023-05-02T20:04:07.764+0000] {processor.py:743} INFO - Processing file /home/airflow/.local/lib/python3.7/site-packages/airflow/example_dags/example_sensor_decorator.py for tasks to queue
[2023-05-02T20:04:07.764+0000] {logging_mixin.py:137} INFO - [2023-05-02T20:04:07.764+0000] {dagbag.py:532} INFO - Filling up the DagBag from /home/airflow/.local/lib/python3.7/site-packages/airflow/example_dags/example_sensor_decorator.py
[2023-05-02T20:04:07.778+0000] {processor.py:753} INFO - DAG(s) dict_keys(['example_sensor_decorator']) retrieved from /home/airflow/.local/lib/python3.7/site-packages/airflow/example_dags/example_sensor_decorator.py
[2023-05-02T20:04:07.791+0000] {logging_mixin.py:137} INFO - [2023-05-02T20:04:07.791+0000] {dag.py:2705} INFO - Sync 1 DAGs
[2023-05-02T20:04:07.805+0000] {logging_mixin.py:137} INFO - [2023-05-02T20:04:07.805+0000] {dag.py:3456} INFO - Setting next_dagrun for example_sensor_decorator to None, run_after=None
[2023-05-02T20:04:07.816+0000] {processor.py:175} INFO - Processing /home/airflow/.local/lib/python3.7/site-packages/airflow/example_dags/example_sensor_decorator.py took 0.055 seconds
[2023-05-02T20:04:38.516+0000] {processor.py:153} INFO - Started process (PID=3139) to work on /home/airflow/.local/lib/python3.7/site-packages/airflow/example_dags/example_sensor_decorator.py
[2023-05-02T20:04:38.516+0000] {processor.py:743} INFO - Processing file /home/airflow/.local/lib/python3.7/site-packages/airflow/example_dags/example_sensor_decorator.py for tasks to queue
[2023-05-02T20:04:38.517+0000] {logging_mixin.py:137} INFO - [2023-05-02T20:04:38.517+0000] {dagbag.py:532} INFO - Filling up the DagBag from /home/airflow/.local/lib/python3.7/site-packages/airflow/example_dags/example_sensor_decorator.py
[2023-05-02T20:04:38.529+0000] {processor.py:753} INFO - DAG(s) dict_keys(['example_sensor_decorator']) retrieved from /home/airflow/.local/lib/python3.7/site-packages/airflow/example_dags/example_sensor_decorator.py
[2023-05-02T20:04:38.542+0000] {logging_mixin.py:137} INFO - [2023-05-02T20:04:38.542+0000] {dag.py:2705} INFO - Sync 1 DAGs
[2023-05-02T20:04:38.558+0000] {logging_mixin.py:137} INFO - [2023-05-02T20:04:38.558+0000] {dag.py:3456} INFO - Setting next_dagrun for example_sensor_decorator to None, run_after=None
[2023-05-02T20:04:38.571+0000] {processor.py:175} INFO - Processing /home/airflow/.local/lib/python3.7/site-packages/airflow/example_dags/example_sensor_decorator.py took 0.057 seconds
[2023-05-02T20:05:09.308+0000] {processor.py:153} INFO - Started process (PID=3191) to work on /home/airflow/.local/lib/python3.7/site-packages/airflow/example_dags/example_sensor_decorator.py
[2023-05-02T20:05:09.309+0000] {processor.py:743} INFO - Processing file /home/airflow/.local/lib/python3.7/site-packages/airflow/example_dags/example_sensor_decorator.py for tasks to queue
[2023-05-02T20:05:09.309+0000] {logging_mixin.py:137} INFO - [2023-05-02T20:05:09.309+0000] {dagbag.py:532} INFO - Filling up the DagBag from /home/airflow/.local/lib/python3.7/site-packages/airflow/example_dags/example_sensor_decorator.py
[2023-05-02T20:05:09.321+0000] {processor.py:753} INFO - DAG(s) dict_keys(['example_sensor_decorator']) retrieved from /home/airflow/.local/lib/python3.7/site-packages/airflow/example_dags/example_sensor_decorator.py
[2023-05-02T20:05:09.333+0000] {logging_mixin.py:137} INFO - [2023-05-02T20:05:09.333+0000] {dag.py:2705} INFO - Sync 1 DAGs
[2023-05-02T20:05:09.347+0000] {logging_mixin.py:137} INFO - [2023-05-02T20:05:09.347+0000] {dag.py:3456} INFO - Setting next_dagrun for example_sensor_decorator to None, run_after=None
[2023-05-02T20:05:09.358+0000] {processor.py:175} INFO - Processing /home/airflow/.local/lib/python3.7/site-packages/airflow/example_dags/example_sensor_decorator.py took 0.051 seconds
[2023-05-02T20:05:40.110+0000] {processor.py:153} INFO - Started process (PID=3243) to work on /home/airflow/.local/lib/python3.7/site-packages/airflow/example_dags/example_sensor_decorator.py
[2023-05-02T20:05:40.111+0000] {processor.py:743} INFO - Processing file /home/airflow/.local/lib/python3.7/site-packages/airflow/example_dags/example_sensor_decorator.py for tasks to queue
[2023-05-02T20:05:40.111+0000] {logging_mixin.py:137} INFO - [2023-05-02T20:05:40.111+0000] {dagbag.py:532} INFO - Filling up the DagBag from /home/airflow/.local/lib/python3.7/site-packages/airflow/example_dags/example_sensor_decorator.py
[2023-05-02T20:05:40.123+0000] {processor.py:753} INFO - DAG(s) dict_keys(['example_sensor_decorator']) retrieved from /home/airflow/.local/lib/python3.7/site-packages/airflow/example_dags/example_sensor_decorator.py
[2023-05-02T20:05:40.137+0000] {logging_mixin.py:137} INFO - [2023-05-02T20:05:40.137+0000] {dag.py:2705} INFO - Sync 1 DAGs
[2023-05-02T20:05:40.151+0000] {logging_mixin.py:137} INFO - [2023-05-02T20:05:40.151+0000] {dag.py:3456} INFO - Setting next_dagrun for example_sensor_decorator to None, run_after=None
[2023-05-02T20:05:40.163+0000] {processor.py:175} INFO - Processing /home/airflow/.local/lib/python3.7/site-packages/airflow/example_dags/example_sensor_decorator.py took 0.054 seconds
[2023-05-02T20:06:10.995+0000] {processor.py:153} INFO - Started process (PID=3295) to work on /home/airflow/.local/lib/python3.7/site-packages/airflow/example_dags/example_sensor_decorator.py
[2023-05-02T20:06:10.995+0000] {processor.py:743} INFO - Processing file /home/airflow/.local/lib/python3.7/site-packages/airflow/example_dags/example_sensor_decorator.py for tasks to queue
[2023-05-02T20:06:10.996+0000] {logging_mixin.py:137} INFO - [2023-05-02T20:06:10.996+0000] {dagbag.py:532} INFO - Filling up the DagBag from /home/airflow/.local/lib/python3.7/site-packages/airflow/example_dags/example_sensor_decorator.py
[2023-05-02T20:06:11.007+0000] {processor.py:753} INFO - DAG(s) dict_keys(['example_sensor_decorator']) retrieved from /home/airflow/.local/lib/python3.7/site-packages/airflow/example_dags/example_sensor_decorator.py
[2023-05-02T20:06:11.020+0000] {logging_mixin.py:137} INFO - [2023-05-02T20:06:11.020+0000] {dag.py:2705} INFO - Sync 1 DAGs
[2023-05-02T20:06:11.033+0000] {logging_mixin.py:137} INFO - [2023-05-02T20:06:11.033+0000] {dag.py:3456} INFO - Setting next_dagrun for example_sensor_decorator to None, run_after=None
[2023-05-02T20:06:11.047+0000] {processor.py:175} INFO - Processing /home/airflow/.local/lib/python3.7/site-packages/airflow/example_dags/example_sensor_decorator.py took 0.053 seconds
[2023-05-02T20:06:41.868+0000] {processor.py:153} INFO - Started process (PID=3347) to work on /home/airflow/.local/lib/python3.7/site-packages/airflow/example_dags/example_sensor_decorator.py
[2023-05-02T20:06:41.868+0000] {processor.py:743} INFO - Processing file /home/airflow/.local/lib/python3.7/site-packages/airflow/example_dags/example_sensor_decorator.py for tasks to queue
[2023-05-02T20:06:41.869+0000] {logging_mixin.py:137} INFO - [2023-05-02T20:06:41.869+0000] {dagbag.py:532} INFO - Filling up the DagBag from /home/airflow/.local/lib/python3.7/site-packages/airflow/example_dags/example_sensor_decorator.py
[2023-05-02T20:06:41.881+0000] {processor.py:753} INFO - DAG(s) dict_keys(['example_sensor_decorator']) retrieved from /home/airflow/.local/lib/python3.7/site-packages/airflow/example_dags/example_sensor_decorator.py
[2023-05-02T20:06:41.894+0000] {logging_mixin.py:137} INFO - [2023-05-02T20:06:41.894+0000] {dag.py:2705} INFO - Sync 1 DAGs
[2023-05-02T20:06:41.908+0000] {logging_mixin.py:137} INFO - [2023-05-02T20:06:41.908+0000] {dag.py:3456} INFO - Setting next_dagrun for example_sensor_decorator to None, run_after=None
[2023-05-02T20:06:41.920+0000] {processor.py:175} INFO - Processing /home/airflow/.local/lib/python3.7/site-packages/airflow/example_dags/example_sensor_decorator.py took 0.053 seconds
[2023-05-02T20:07:12.687+0000] {processor.py:153} INFO - Started process (PID=3400) to work on /home/airflow/.local/lib/python3.7/site-packages/airflow/example_dags/example_sensor_decorator.py
[2023-05-02T20:07:12.688+0000] {processor.py:743} INFO - Processing file /home/airflow/.local/lib/python3.7/site-packages/airflow/example_dags/example_sensor_decorator.py for tasks to queue
[2023-05-02T20:07:12.688+0000] {logging_mixin.py:137} INFO - [2023-05-02T20:07:12.688+0000] {dagbag.py:532} INFO - Filling up the DagBag from /home/airflow/.local/lib/python3.7/site-packages/airflow/example_dags/example_sensor_decorator.py
[2023-05-02T20:07:12.701+0000] {processor.py:753} INFO - DAG(s) dict_keys(['example_sensor_decorator']) retrieved from /home/airflow/.local/lib/python3.7/site-packages/airflow/example_dags/example_sensor_decorator.py
[2023-05-02T20:07:12.716+0000] {logging_mixin.py:137} INFO - [2023-05-02T20:07:12.716+0000] {dag.py:2705} INFO - Sync 1 DAGs
[2023-05-02T20:07:12.730+0000] {logging_mixin.py:137} INFO - [2023-05-02T20:07:12.730+0000] {dag.py:3456} INFO - Setting next_dagrun for example_sensor_decorator to None, run_after=None
[2023-05-02T20:07:12.741+0000] {processor.py:175} INFO - Processing /home/airflow/.local/lib/python3.7/site-packages/airflow/example_dags/example_sensor_decorator.py took 0.055 seconds
[2023-05-02T20:07:43.538+0000] {processor.py:153} INFO - Started process (PID=3451) to work on /home/airflow/.local/lib/python3.7/site-packages/airflow/example_dags/example_sensor_decorator.py
[2023-05-02T20:07:43.538+0000] {processor.py:743} INFO - Processing file /home/airflow/.local/lib/python3.7/site-packages/airflow/example_dags/example_sensor_decorator.py for tasks to queue
[2023-05-02T20:07:43.539+0000] {logging_mixin.py:137} INFO - [2023-05-02T20:07:43.539+0000] {dagbag.py:532} INFO - Filling up the DagBag from /home/airflow/.local/lib/python3.7/site-packages/airflow/example_dags/example_sensor_decorator.py
[2023-05-02T20:07:43.551+0000] {processor.py:753} INFO - DAG(s) dict_keys(['example_sensor_decorator']) retrieved from /home/airflow/.local/lib/python3.7/site-packages/airflow/example_dags/example_sensor_decorator.py
[2023-05-02T20:07:43.564+0000] {logging_mixin.py:137} INFO - [2023-05-02T20:07:43.563+0000] {dag.py:2705} INFO - Sync 1 DAGs
[2023-05-02T20:07:43.577+0000] {logging_mixin.py:137} INFO - [2023-05-02T20:07:43.577+0000] {dag.py:3456} INFO - Setting next_dagrun for example_sensor_decorator to None, run_after=None
[2023-05-02T20:07:43.591+0000] {processor.py:175} INFO - Processing /home/airflow/.local/lib/python3.7/site-packages/airflow/example_dags/example_sensor_decorator.py took 0.055 seconds
[2023-05-02T20:08:14.439+0000] {processor.py:153} INFO - Started process (PID=3503) to work on /home/airflow/.local/lib/python3.7/site-packages/airflow/example_dags/example_sensor_decorator.py
[2023-05-02T20:08:14.440+0000] {processor.py:743} INFO - Processing file /home/airflow/.local/lib/python3.7/site-packages/airflow/example_dags/example_sensor_decorator.py for tasks to queue
[2023-05-02T20:08:14.440+0000] {logging_mixin.py:137} INFO - [2023-05-02T20:08:14.440+0000] {dagbag.py:532} INFO - Filling up the DagBag from /home/airflow/.local/lib/python3.7/site-packages/airflow/example_dags/example_sensor_decorator.py
[2023-05-02T20:08:14.452+0000] {processor.py:753} INFO - DAG(s) dict_keys(['example_sensor_decorator']) retrieved from /home/airflow/.local/lib/python3.7/site-packages/airflow/example_dags/example_sensor_decorator.py
[2023-05-02T20:08:14.465+0000] {logging_mixin.py:137} INFO - [2023-05-02T20:08:14.465+0000] {dag.py:2705} INFO - Sync 1 DAGs
[2023-05-02T20:08:14.479+0000] {logging_mixin.py:137} INFO - [2023-05-02T20:08:14.479+0000] {dag.py:3456} INFO - Setting next_dagrun for example_sensor_decorator to None, run_after=None
[2023-05-02T20:08:14.490+0000] {processor.py:175} INFO - Processing /home/airflow/.local/lib/python3.7/site-packages/airflow/example_dags/example_sensor_decorator.py took 0.052 seconds
[2023-05-02T20:08:45.299+0000] {processor.py:153} INFO - Started process (PID=3555) to work on /home/airflow/.local/lib/python3.7/site-packages/airflow/example_dags/example_sensor_decorator.py
[2023-05-02T20:08:45.300+0000] {processor.py:743} INFO - Processing file /home/airflow/.local/lib/python3.7/site-packages/airflow/example_dags/example_sensor_decorator.py for tasks to queue
[2023-05-02T20:08:45.300+0000] {logging_mixin.py:137} INFO - [2023-05-02T20:08:45.300+0000] {dagbag.py:532} INFO - Filling up the DagBag from /home/airflow/.local/lib/python3.7/site-packages/airflow/example_dags/example_sensor_decorator.py
[2023-05-02T20:08:45.312+0000] {processor.py:753} INFO - DAG(s) dict_keys(['example_sensor_decorator']) retrieved from /home/airflow/.local/lib/python3.7/site-packages/airflow/example_dags/example_sensor_decorator.py
[2023-05-02T20:08:45.324+0000] {logging_mixin.py:137} INFO - [2023-05-02T20:08:45.324+0000] {dag.py:2705} INFO - Sync 1 DAGs
[2023-05-02T20:08:45.338+0000] {logging_mixin.py:137} INFO - [2023-05-02T20:08:45.338+0000] {dag.py:3456} INFO - Setting next_dagrun for example_sensor_decorator to None, run_after=None
[2023-05-02T20:08:45.349+0000] {processor.py:175} INFO - Processing /home/airflow/.local/lib/python3.7/site-packages/airflow/example_dags/example_sensor_decorator.py took 0.051 seconds
[2023-05-02T20:09:16.166+0000] {processor.py:153} INFO - Started process (PID=3607) to work on /home/airflow/.local/lib/python3.7/site-packages/airflow/example_dags/example_sensor_decorator.py
[2023-05-02T20:09:16.167+0000] {processor.py:743} INFO - Processing file /home/airflow/.local/lib/python3.7/site-packages/airflow/example_dags/example_sensor_decorator.py for tasks to queue
[2023-05-02T20:09:16.167+0000] {logging_mixin.py:137} INFO - [2023-05-02T20:09:16.167+0000] {dagbag.py:532} INFO - Filling up the DagBag from /home/airflow/.local/lib/python3.7/site-packages/airflow/example_dags/example_sensor_decorator.py
[2023-05-02T20:09:16.180+0000] {processor.py:753} INFO - DAG(s) dict_keys(['example_sensor_decorator']) retrieved from /home/airflow/.local/lib/python3.7/site-packages/airflow/example_dags/example_sensor_decorator.py
[2023-05-02T20:09:16.193+0000] {logging_mixin.py:137} INFO - [2023-05-02T20:09:16.193+0000] {dag.py:2705} INFO - Sync 1 DAGs
[2023-05-02T20:09:16.207+0000] {logging_mixin.py:137} INFO - [2023-05-02T20:09:16.206+0000] {dag.py:3456} INFO - Setting next_dagrun for example_sensor_decorator to None, run_after=None
[2023-05-02T20:09:16.224+0000] {processor.py:175} INFO - Processing /home/airflow/.local/lib/python3.7/site-packages/airflow/example_dags/example_sensor_decorator.py took 0.059 seconds
