[2023-05-02T19:07:28.951+0000] {processor.py:153} INFO - Started process (PID=54) to work on /home/airflow/.local/lib/python3.7/site-packages/airflow/example_dags/example_branch_operator.py
[2023-05-02T19:07:28.951+0000] {processor.py:743} INFO - Processing file /home/airflow/.local/lib/python3.7/site-packages/airflow/example_dags/example_branch_operator.py for tasks to queue
[2023-05-02T19:07:28.952+0000] {logging_mixin.py:137} INFO - [2023-05-02T19:07:28.952+0000] {dagbag.py:532} INFO - Filling up the DagBag from /home/airflow/.local/lib/python3.7/site-packages/airflow/example_dags/example_branch_operator.py
[2023-05-02T19:07:28.967+0000] {processor.py:753} INFO - DAG(s) dict_keys(['example_branch_operator']) retrieved from /home/airflow/.local/lib/python3.7/site-packages/airflow/example_dags/example_branch_operator.py
[2023-05-02T19:07:28.988+0000] {logging_mixin.py:137} INFO - [2023-05-02T19:07:28.988+0000] {dag.py:2705} INFO - Sync 1 DAGs
[2023-05-02T19:07:29.009+0000] {logging_mixin.py:137} INFO - [2023-05-02T19:07:29.009+0000] {dag.py:3456} INFO - Setting next_dagrun for example_branch_operator to 2023-05-01T00:00:00+00:00, run_after=2023-05-02T00:00:00+00:00
[2023-05-02T19:07:29.027+0000] {processor.py:175} INFO - Processing /home/airflow/.local/lib/python3.7/site-packages/airflow/example_dags/example_branch_operator.py took 0.079 seconds
[2023-05-02T19:34:19.693+0000] {processor.py:153} INFO - Started process (PID=54) to work on /home/airflow/.local/lib/python3.7/site-packages/airflow/example_dags/example_branch_operator.py
[2023-05-02T19:34:19.693+0000] {processor.py:743} INFO - Processing file /home/airflow/.local/lib/python3.7/site-packages/airflow/example_dags/example_branch_operator.py for tasks to queue
[2023-05-02T19:34:19.693+0000] {logging_mixin.py:137} INFO - [2023-05-02T19:34:19.693+0000] {dagbag.py:532} INFO - Filling up the DagBag from /home/airflow/.local/lib/python3.7/site-packages/airflow/example_dags/example_branch_operator.py
[2023-05-02T19:34:19.705+0000] {processor.py:753} INFO - DAG(s) dict_keys(['example_branch_operator']) retrieved from /home/airflow/.local/lib/python3.7/site-packages/airflow/example_dags/example_branch_operator.py
[2023-05-02T19:34:19.713+0000] {logging_mixin.py:137} INFO - [2023-05-02T19:34:19.713+0000] {dag.py:2705} INFO - Sync 1 DAGs
[2023-05-02T19:34:19.730+0000] {logging_mixin.py:137} INFO - [2023-05-02T19:34:19.730+0000] {dag.py:3456} INFO - Setting next_dagrun for example_branch_operator to 2023-05-01T00:00:00+00:00, run_after=2023-05-02T00:00:00+00:00
[2023-05-02T19:34:19.744+0000] {processor.py:175} INFO - Processing /home/airflow/.local/lib/python3.7/site-packages/airflow/example_dags/example_branch_operator.py took 0.053 seconds
[2023-05-02T19:34:50.763+0000] {processor.py:153} INFO - Started process (PID=106) to work on /home/airflow/.local/lib/python3.7/site-packages/airflow/example_dags/example_branch_operator.py
[2023-05-02T19:34:50.764+0000] {processor.py:743} INFO - Processing file /home/airflow/.local/lib/python3.7/site-packages/airflow/example_dags/example_branch_operator.py for tasks to queue
[2023-05-02T19:34:50.764+0000] {logging_mixin.py:137} INFO - [2023-05-02T19:34:50.764+0000] {dagbag.py:532} INFO - Filling up the DagBag from /home/airflow/.local/lib/python3.7/site-packages/airflow/example_dags/example_branch_operator.py
[2023-05-02T19:34:50.773+0000] {processor.py:753} INFO - DAG(s) dict_keys(['example_branch_operator']) retrieved from /home/airflow/.local/lib/python3.7/site-packages/airflow/example_dags/example_branch_operator.py
[2023-05-02T19:34:50.788+0000] {logging_mixin.py:137} INFO - [2023-05-02T19:34:50.788+0000] {dag.py:2705} INFO - Sync 1 DAGs
[2023-05-02T19:34:50.804+0000] {logging_mixin.py:137} INFO - [2023-05-02T19:34:50.804+0000] {dag.py:3456} INFO - Setting next_dagrun for example_branch_operator to 2023-05-01T00:00:00+00:00, run_after=2023-05-02T00:00:00+00:00
[2023-05-02T19:34:50.815+0000] {processor.py:175} INFO - Processing /home/airflow/.local/lib/python3.7/site-packages/airflow/example_dags/example_branch_operator.py took 0.054 seconds
[2023-05-02T19:35:21.481+0000] {processor.py:153} INFO - Started process (PID=158) to work on /home/airflow/.local/lib/python3.7/site-packages/airflow/example_dags/example_branch_operator.py
[2023-05-02T19:35:21.482+0000] {processor.py:743} INFO - Processing file /home/airflow/.local/lib/python3.7/site-packages/airflow/example_dags/example_branch_operator.py for tasks to queue
[2023-05-02T19:35:21.482+0000] {logging_mixin.py:137} INFO - [2023-05-02T19:35:21.482+0000] {dagbag.py:532} INFO - Filling up the DagBag from /home/airflow/.local/lib/python3.7/site-packages/airflow/example_dags/example_branch_operator.py
[2023-05-02T19:35:21.493+0000] {processor.py:753} INFO - DAG(s) dict_keys(['example_branch_operator']) retrieved from /home/airflow/.local/lib/python3.7/site-packages/airflow/example_dags/example_branch_operator.py
[2023-05-02T19:35:21.510+0000] {logging_mixin.py:137} INFO - [2023-05-02T19:35:21.510+0000] {dag.py:2705} INFO - Sync 1 DAGs
[2023-05-02T19:35:21.527+0000] {logging_mixin.py:137} INFO - [2023-05-02T19:35:21.527+0000] {dag.py:3456} INFO - Setting next_dagrun for example_branch_operator to 2023-05-01T00:00:00+00:00, run_after=2023-05-02T00:00:00+00:00
[2023-05-02T19:35:21.540+0000] {processor.py:175} INFO - Processing /home/airflow/.local/lib/python3.7/site-packages/airflow/example_dags/example_branch_operator.py took 0.060 seconds
[2023-05-02T19:35:52.498+0000] {processor.py:153} INFO - Started process (PID=210) to work on /home/airflow/.local/lib/python3.7/site-packages/airflow/example_dags/example_branch_operator.py
[2023-05-02T19:35:52.499+0000] {processor.py:743} INFO - Processing file /home/airflow/.local/lib/python3.7/site-packages/airflow/example_dags/example_branch_operator.py for tasks to queue
[2023-05-02T19:35:52.499+0000] {logging_mixin.py:137} INFO - [2023-05-02T19:35:52.499+0000] {dagbag.py:532} INFO - Filling up the DagBag from /home/airflow/.local/lib/python3.7/site-packages/airflow/example_dags/example_branch_operator.py
[2023-05-02T19:35:52.509+0000] {processor.py:753} INFO - DAG(s) dict_keys(['example_branch_operator']) retrieved from /home/airflow/.local/lib/python3.7/site-packages/airflow/example_dags/example_branch_operator.py
[2023-05-02T19:35:52.524+0000] {logging_mixin.py:137} INFO - [2023-05-02T19:35:52.524+0000] {dag.py:2705} INFO - Sync 1 DAGs
[2023-05-02T19:35:52.540+0000] {logging_mixin.py:137} INFO - [2023-05-02T19:35:52.539+0000] {dag.py:3456} INFO - Setting next_dagrun for example_branch_operator to 2023-05-01T00:00:00+00:00, run_after=2023-05-02T00:00:00+00:00
[2023-05-02T19:35:52.550+0000] {processor.py:175} INFO - Processing /home/airflow/.local/lib/python3.7/site-packages/airflow/example_dags/example_branch_operator.py took 0.053 seconds
[2023-05-02T19:36:23.298+0000] {processor.py:153} INFO - Started process (PID=262) to work on /home/airflow/.local/lib/python3.7/site-packages/airflow/example_dags/example_branch_operator.py
[2023-05-02T19:36:23.298+0000] {processor.py:743} INFO - Processing file /home/airflow/.local/lib/python3.7/site-packages/airflow/example_dags/example_branch_operator.py for tasks to queue
[2023-05-02T19:36:23.299+0000] {logging_mixin.py:137} INFO - [2023-05-02T19:36:23.298+0000] {dagbag.py:532} INFO - Filling up the DagBag from /home/airflow/.local/lib/python3.7/site-packages/airflow/example_dags/example_branch_operator.py
[2023-05-02T19:36:23.309+0000] {processor.py:753} INFO - DAG(s) dict_keys(['example_branch_operator']) retrieved from /home/airflow/.local/lib/python3.7/site-packages/airflow/example_dags/example_branch_operator.py
[2023-05-02T19:36:23.325+0000] {logging_mixin.py:137} INFO - [2023-05-02T19:36:23.325+0000] {dag.py:2705} INFO - Sync 1 DAGs
[2023-05-02T19:36:23.340+0000] {logging_mixin.py:137} INFO - [2023-05-02T19:36:23.340+0000] {dag.py:3456} INFO - Setting next_dagrun for example_branch_operator to 2023-05-01T00:00:00+00:00, run_after=2023-05-02T00:00:00+00:00
[2023-05-02T19:36:23.352+0000] {processor.py:175} INFO - Processing /home/airflow/.local/lib/python3.7/site-packages/airflow/example_dags/example_branch_operator.py took 0.056 seconds
[2023-05-02T19:36:54.134+0000] {processor.py:153} INFO - Started process (PID=314) to work on /home/airflow/.local/lib/python3.7/site-packages/airflow/example_dags/example_branch_operator.py
[2023-05-02T19:36:54.135+0000] {processor.py:743} INFO - Processing file /home/airflow/.local/lib/python3.7/site-packages/airflow/example_dags/example_branch_operator.py for tasks to queue
[2023-05-02T19:36:54.135+0000] {logging_mixin.py:137} INFO - [2023-05-02T19:36:54.135+0000] {dagbag.py:532} INFO - Filling up the DagBag from /home/airflow/.local/lib/python3.7/site-packages/airflow/example_dags/example_branch_operator.py
[2023-05-02T19:36:54.145+0000] {processor.py:753} INFO - DAG(s) dict_keys(['example_branch_operator']) retrieved from /home/airflow/.local/lib/python3.7/site-packages/airflow/example_dags/example_branch_operator.py
[2023-05-02T19:36:54.160+0000] {logging_mixin.py:137} INFO - [2023-05-02T19:36:54.160+0000] {dag.py:2705} INFO - Sync 1 DAGs
[2023-05-02T19:36:54.176+0000] {logging_mixin.py:137} INFO - [2023-05-02T19:36:54.176+0000] {dag.py:3456} INFO - Setting next_dagrun for example_branch_operator to 2023-05-01T00:00:00+00:00, run_after=2023-05-02T00:00:00+00:00
[2023-05-02T19:36:54.188+0000] {processor.py:175} INFO - Processing /home/airflow/.local/lib/python3.7/site-packages/airflow/example_dags/example_branch_operator.py took 0.055 seconds
[2023-05-02T19:37:24.926+0000] {processor.py:153} INFO - Started process (PID=366) to work on /home/airflow/.local/lib/python3.7/site-packages/airflow/example_dags/example_branch_operator.py
[2023-05-02T19:37:24.927+0000] {processor.py:743} INFO - Processing file /home/airflow/.local/lib/python3.7/site-packages/airflow/example_dags/example_branch_operator.py for tasks to queue
[2023-05-02T19:37:24.927+0000] {logging_mixin.py:137} INFO - [2023-05-02T19:37:24.927+0000] {dagbag.py:532} INFO - Filling up the DagBag from /home/airflow/.local/lib/python3.7/site-packages/airflow/example_dags/example_branch_operator.py
[2023-05-02T19:37:24.937+0000] {processor.py:753} INFO - DAG(s) dict_keys(['example_branch_operator']) retrieved from /home/airflow/.local/lib/python3.7/site-packages/airflow/example_dags/example_branch_operator.py
[2023-05-02T19:37:24.953+0000] {logging_mixin.py:137} INFO - [2023-05-02T19:37:24.953+0000] {dag.py:2705} INFO - Sync 1 DAGs
[2023-05-02T19:37:24.969+0000] {logging_mixin.py:137} INFO - [2023-05-02T19:37:24.968+0000] {dag.py:3456} INFO - Setting next_dagrun for example_branch_operator to 2023-05-01T00:00:00+00:00, run_after=2023-05-02T00:00:00+00:00
[2023-05-02T19:37:24.981+0000] {processor.py:175} INFO - Processing /home/airflow/.local/lib/python3.7/site-packages/airflow/example_dags/example_branch_operator.py took 0.057 seconds
[2023-05-02T19:37:55.823+0000] {processor.py:153} INFO - Started process (PID=418) to work on /home/airflow/.local/lib/python3.7/site-packages/airflow/example_dags/example_branch_operator.py
[2023-05-02T19:37:55.824+0000] {processor.py:743} INFO - Processing file /home/airflow/.local/lib/python3.7/site-packages/airflow/example_dags/example_branch_operator.py for tasks to queue
[2023-05-02T19:37:55.824+0000] {logging_mixin.py:137} INFO - [2023-05-02T19:37:55.824+0000] {dagbag.py:532} INFO - Filling up the DagBag from /home/airflow/.local/lib/python3.7/site-packages/airflow/example_dags/example_branch_operator.py
[2023-05-02T19:37:55.835+0000] {processor.py:753} INFO - DAG(s) dict_keys(['example_branch_operator']) retrieved from /home/airflow/.local/lib/python3.7/site-packages/airflow/example_dags/example_branch_operator.py
[2023-05-02T19:37:55.851+0000] {logging_mixin.py:137} INFO - [2023-05-02T19:37:55.851+0000] {dag.py:2705} INFO - Sync 1 DAGs
[2023-05-02T19:37:55.867+0000] {logging_mixin.py:137} INFO - [2023-05-02T19:37:55.867+0000] {dag.py:3456} INFO - Setting next_dagrun for example_branch_operator to 2023-05-01T00:00:00+00:00, run_after=2023-05-02T00:00:00+00:00
[2023-05-02T19:37:55.883+0000] {processor.py:175} INFO - Processing /home/airflow/.local/lib/python3.7/site-packages/airflow/example_dags/example_branch_operator.py took 0.061 seconds
[2023-05-02T19:38:26.872+0000] {processor.py:153} INFO - Started process (PID=470) to work on /home/airflow/.local/lib/python3.7/site-packages/airflow/example_dags/example_branch_operator.py
[2023-05-02T19:38:26.872+0000] {processor.py:743} INFO - Processing file /home/airflow/.local/lib/python3.7/site-packages/airflow/example_dags/example_branch_operator.py for tasks to queue
[2023-05-02T19:38:26.872+0000] {logging_mixin.py:137} INFO - [2023-05-02T19:38:26.872+0000] {dagbag.py:532} INFO - Filling up the DagBag from /home/airflow/.local/lib/python3.7/site-packages/airflow/example_dags/example_branch_operator.py
[2023-05-02T19:38:26.883+0000] {processor.py:753} INFO - DAG(s) dict_keys(['example_branch_operator']) retrieved from /home/airflow/.local/lib/python3.7/site-packages/airflow/example_dags/example_branch_operator.py
[2023-05-02T19:38:26.903+0000] {logging_mixin.py:137} INFO - [2023-05-02T19:38:26.902+0000] {dag.py:2705} INFO - Sync 1 DAGs
[2023-05-02T19:38:26.922+0000] {logging_mixin.py:137} INFO - [2023-05-02T19:38:26.922+0000] {dag.py:3456} INFO - Setting next_dagrun for example_branch_operator to 2023-05-01T00:00:00+00:00, run_after=2023-05-02T00:00:00+00:00
[2023-05-02T19:38:26.939+0000] {processor.py:175} INFO - Processing /home/airflow/.local/lib/python3.7/site-packages/airflow/example_dags/example_branch_operator.py took 0.069 seconds
[2023-05-02T19:38:56.968+0000] {processor.py:153} INFO - Started process (PID=520) to work on /home/airflow/.local/lib/python3.7/site-packages/airflow/example_dags/example_branch_operator.py
[2023-05-02T19:38:56.968+0000] {processor.py:743} INFO - Processing file /home/airflow/.local/lib/python3.7/site-packages/airflow/example_dags/example_branch_operator.py for tasks to queue
[2023-05-02T19:38:56.968+0000] {logging_mixin.py:137} INFO - [2023-05-02T19:38:56.968+0000] {dagbag.py:532} INFO - Filling up the DagBag from /home/airflow/.local/lib/python3.7/site-packages/airflow/example_dags/example_branch_operator.py
[2023-05-02T19:38:56.981+0000] {processor.py:753} INFO - DAG(s) dict_keys(['example_branch_operator']) retrieved from /home/airflow/.local/lib/python3.7/site-packages/airflow/example_dags/example_branch_operator.py
[2023-05-02T19:38:57.027+0000] {logging_mixin.py:137} INFO - [2023-05-02T19:38:57.027+0000] {dag.py:2705} INFO - Sync 1 DAGs
[2023-05-02T19:38:57.045+0000] {logging_mixin.py:137} INFO - [2023-05-02T19:38:57.045+0000] {dag.py:3456} INFO - Setting next_dagrun for example_branch_operator to 2023-05-01T00:00:00+00:00, run_after=2023-05-02T00:00:00+00:00
[2023-05-02T19:38:57.063+0000] {processor.py:175} INFO - Processing /home/airflow/.local/lib/python3.7/site-packages/airflow/example_dags/example_branch_operator.py took 0.097 seconds
[2023-05-02T19:39:27.399+0000] {processor.py:153} INFO - Started process (PID=571) to work on /home/airflow/.local/lib/python3.7/site-packages/airflow/example_dags/example_branch_operator.py
[2023-05-02T19:39:27.399+0000] {processor.py:743} INFO - Processing file /home/airflow/.local/lib/python3.7/site-packages/airflow/example_dags/example_branch_operator.py for tasks to queue
[2023-05-02T19:39:27.399+0000] {logging_mixin.py:137} INFO - [2023-05-02T19:39:27.399+0000] {dagbag.py:532} INFO - Filling up the DagBag from /home/airflow/.local/lib/python3.7/site-packages/airflow/example_dags/example_branch_operator.py
[2023-05-02T19:39:27.409+0000] {processor.py:753} INFO - DAG(s) dict_keys(['example_branch_operator']) retrieved from /home/airflow/.local/lib/python3.7/site-packages/airflow/example_dags/example_branch_operator.py
[2023-05-02T19:39:27.424+0000] {logging_mixin.py:137} INFO - [2023-05-02T19:39:27.424+0000] {dag.py:2705} INFO - Sync 1 DAGs
[2023-05-02T19:39:27.438+0000] {logging_mixin.py:137} INFO - [2023-05-02T19:39:27.438+0000] {dag.py:3456} INFO - Setting next_dagrun for example_branch_operator to 2023-05-01T00:00:00+00:00, run_after=2023-05-02T00:00:00+00:00
[2023-05-02T19:39:27.450+0000] {processor.py:175} INFO - Processing /home/airflow/.local/lib/python3.7/site-packages/airflow/example_dags/example_branch_operator.py took 0.053 seconds
[2023-05-02T19:39:58.359+0000] {processor.py:153} INFO - Started process (PID=622) to work on /home/airflow/.local/lib/python3.7/site-packages/airflow/example_dags/example_branch_operator.py
[2023-05-02T19:39:58.359+0000] {processor.py:743} INFO - Processing file /home/airflow/.local/lib/python3.7/site-packages/airflow/example_dags/example_branch_operator.py for tasks to queue
[2023-05-02T19:39:58.359+0000] {logging_mixin.py:137} INFO - [2023-05-02T19:39:58.359+0000] {dagbag.py:532} INFO - Filling up the DagBag from /home/airflow/.local/lib/python3.7/site-packages/airflow/example_dags/example_branch_operator.py
[2023-05-02T19:39:58.369+0000] {processor.py:753} INFO - DAG(s) dict_keys(['example_branch_operator']) retrieved from /home/airflow/.local/lib/python3.7/site-packages/airflow/example_dags/example_branch_operator.py
[2023-05-02T19:39:58.383+0000] {logging_mixin.py:137} INFO - [2023-05-02T19:39:58.383+0000] {dag.py:2705} INFO - Sync 1 DAGs
[2023-05-02T19:39:58.398+0000] {logging_mixin.py:137} INFO - [2023-05-02T19:39:58.398+0000] {dag.py:3456} INFO - Setting next_dagrun for example_branch_operator to 2023-05-01T00:00:00+00:00, run_after=2023-05-02T00:00:00+00:00
[2023-05-02T19:39:58.409+0000] {processor.py:175} INFO - Processing /home/airflow/.local/lib/python3.7/site-packages/airflow/example_dags/example_branch_operator.py took 0.052 seconds
[2023-05-02T19:40:29.109+0000] {processor.py:153} INFO - Started process (PID=674) to work on /home/airflow/.local/lib/python3.7/site-packages/airflow/example_dags/example_branch_operator.py
[2023-05-02T19:40:29.109+0000] {processor.py:743} INFO - Processing file /home/airflow/.local/lib/python3.7/site-packages/airflow/example_dags/example_branch_operator.py for tasks to queue
[2023-05-02T19:40:29.110+0000] {logging_mixin.py:137} INFO - [2023-05-02T19:40:29.110+0000] {dagbag.py:532} INFO - Filling up the DagBag from /home/airflow/.local/lib/python3.7/site-packages/airflow/example_dags/example_branch_operator.py
[2023-05-02T19:40:29.119+0000] {processor.py:753} INFO - DAG(s) dict_keys(['example_branch_operator']) retrieved from /home/airflow/.local/lib/python3.7/site-packages/airflow/example_dags/example_branch_operator.py
[2023-05-02T19:40:29.135+0000] {logging_mixin.py:137} INFO - [2023-05-02T19:40:29.135+0000] {dag.py:2705} INFO - Sync 1 DAGs
[2023-05-02T19:40:29.149+0000] {logging_mixin.py:137} INFO - [2023-05-02T19:40:29.149+0000] {dag.py:3456} INFO - Setting next_dagrun for example_branch_operator to 2023-05-01T00:00:00+00:00, run_after=2023-05-02T00:00:00+00:00
[2023-05-02T19:40:29.161+0000] {processor.py:175} INFO - Processing /home/airflow/.local/lib/python3.7/site-packages/airflow/example_dags/example_branch_operator.py took 0.053 seconds
[2023-05-02T19:40:59.791+0000] {processor.py:153} INFO - Started process (PID=726) to work on /home/airflow/.local/lib/python3.7/site-packages/airflow/example_dags/example_branch_operator.py
[2023-05-02T19:40:59.791+0000] {processor.py:743} INFO - Processing file /home/airflow/.local/lib/python3.7/site-packages/airflow/example_dags/example_branch_operator.py for tasks to queue
[2023-05-02T19:40:59.792+0000] {logging_mixin.py:137} INFO - [2023-05-02T19:40:59.791+0000] {dagbag.py:532} INFO - Filling up the DagBag from /home/airflow/.local/lib/python3.7/site-packages/airflow/example_dags/example_branch_operator.py
[2023-05-02T19:40:59.801+0000] {processor.py:753} INFO - DAG(s) dict_keys(['example_branch_operator']) retrieved from /home/airflow/.local/lib/python3.7/site-packages/airflow/example_dags/example_branch_operator.py
[2023-05-02T19:40:59.816+0000] {logging_mixin.py:137} INFO - [2023-05-02T19:40:59.815+0000] {dag.py:2705} INFO - Sync 1 DAGs
[2023-05-02T19:40:59.830+0000] {logging_mixin.py:137} INFO - [2023-05-02T19:40:59.830+0000] {dag.py:3456} INFO - Setting next_dagrun for example_branch_operator to 2023-05-01T00:00:00+00:00, run_after=2023-05-02T00:00:00+00:00
[2023-05-02T19:40:59.842+0000] {processor.py:175} INFO - Processing /home/airflow/.local/lib/python3.7/site-packages/airflow/example_dags/example_branch_operator.py took 0.053 seconds
[2023-05-02T19:41:30.736+0000] {processor.py:153} INFO - Started process (PID=778) to work on /home/airflow/.local/lib/python3.7/site-packages/airflow/example_dags/example_branch_operator.py
[2023-05-02T19:41:30.736+0000] {processor.py:743} INFO - Processing file /home/airflow/.local/lib/python3.7/site-packages/airflow/example_dags/example_branch_operator.py for tasks to queue
[2023-05-02T19:41:30.736+0000] {logging_mixin.py:137} INFO - [2023-05-02T19:41:30.736+0000] {dagbag.py:532} INFO - Filling up the DagBag from /home/airflow/.local/lib/python3.7/site-packages/airflow/example_dags/example_branch_operator.py
[2023-05-02T19:41:30.746+0000] {processor.py:753} INFO - DAG(s) dict_keys(['example_branch_operator']) retrieved from /home/airflow/.local/lib/python3.7/site-packages/airflow/example_dags/example_branch_operator.py
[2023-05-02T19:41:30.762+0000] {logging_mixin.py:137} INFO - [2023-05-02T19:41:30.762+0000] {dag.py:2705} INFO - Sync 1 DAGs
[2023-05-02T19:41:30.777+0000] {logging_mixin.py:137} INFO - [2023-05-02T19:41:30.777+0000] {dag.py:3456} INFO - Setting next_dagrun for example_branch_operator to 2023-05-01T00:00:00+00:00, run_after=2023-05-02T00:00:00+00:00
[2023-05-02T19:41:30.796+0000] {processor.py:175} INFO - Processing /home/airflow/.local/lib/python3.7/site-packages/airflow/example_dags/example_branch_operator.py took 0.062 seconds
[2023-05-02T19:42:01.556+0000] {processor.py:153} INFO - Started process (PID=830) to work on /home/airflow/.local/lib/python3.7/site-packages/airflow/example_dags/example_branch_operator.py
[2023-05-02T19:42:01.557+0000] {processor.py:743} INFO - Processing file /home/airflow/.local/lib/python3.7/site-packages/airflow/example_dags/example_branch_operator.py for tasks to queue
[2023-05-02T19:42:01.557+0000] {logging_mixin.py:137} INFO - [2023-05-02T19:42:01.557+0000] {dagbag.py:532} INFO - Filling up the DagBag from /home/airflow/.local/lib/python3.7/site-packages/airflow/example_dags/example_branch_operator.py
[2023-05-02T19:42:01.566+0000] {processor.py:753} INFO - DAG(s) dict_keys(['example_branch_operator']) retrieved from /home/airflow/.local/lib/python3.7/site-packages/airflow/example_dags/example_branch_operator.py
[2023-05-02T19:42:01.580+0000] {logging_mixin.py:137} INFO - [2023-05-02T19:42:01.580+0000] {dag.py:2705} INFO - Sync 1 DAGs
[2023-05-02T19:42:01.595+0000] {logging_mixin.py:137} INFO - [2023-05-02T19:42:01.595+0000] {dag.py:3456} INFO - Setting next_dagrun for example_branch_operator to 2023-05-01T00:00:00+00:00, run_after=2023-05-02T00:00:00+00:00
[2023-05-02T19:42:01.607+0000] {processor.py:175} INFO - Processing /home/airflow/.local/lib/python3.7/site-packages/airflow/example_dags/example_branch_operator.py took 0.053 seconds
[2023-05-02T19:42:32.509+0000] {processor.py:153} INFO - Started process (PID=882) to work on /home/airflow/.local/lib/python3.7/site-packages/airflow/example_dags/example_branch_operator.py
[2023-05-02T19:42:32.510+0000] {processor.py:743} INFO - Processing file /home/airflow/.local/lib/python3.7/site-packages/airflow/example_dags/example_branch_operator.py for tasks to queue
[2023-05-02T19:42:32.510+0000] {logging_mixin.py:137} INFO - [2023-05-02T19:42:32.510+0000] {dagbag.py:532} INFO - Filling up the DagBag from /home/airflow/.local/lib/python3.7/site-packages/airflow/example_dags/example_branch_operator.py
[2023-05-02T19:42:32.519+0000] {processor.py:753} INFO - DAG(s) dict_keys(['example_branch_operator']) retrieved from /home/airflow/.local/lib/python3.7/site-packages/airflow/example_dags/example_branch_operator.py
[2023-05-02T19:42:32.534+0000] {logging_mixin.py:137} INFO - [2023-05-02T19:42:32.534+0000] {dag.py:2705} INFO - Sync 1 DAGs
[2023-05-02T19:42:32.549+0000] {logging_mixin.py:137} INFO - [2023-05-02T19:42:32.549+0000] {dag.py:3456} INFO - Setting next_dagrun for example_branch_operator to 2023-05-01T00:00:00+00:00, run_after=2023-05-02T00:00:00+00:00
[2023-05-02T19:42:32.564+0000] {processor.py:175} INFO - Processing /home/airflow/.local/lib/python3.7/site-packages/airflow/example_dags/example_branch_operator.py took 0.057 seconds
[2023-05-02T19:43:03.403+0000] {processor.py:153} INFO - Started process (PID=934) to work on /home/airflow/.local/lib/python3.7/site-packages/airflow/example_dags/example_branch_operator.py
[2023-05-02T19:43:03.403+0000] {processor.py:743} INFO - Processing file /home/airflow/.local/lib/python3.7/site-packages/airflow/example_dags/example_branch_operator.py for tasks to queue
[2023-05-02T19:43:03.403+0000] {logging_mixin.py:137} INFO - [2023-05-02T19:43:03.403+0000] {dagbag.py:532} INFO - Filling up the DagBag from /home/airflow/.local/lib/python3.7/site-packages/airflow/example_dags/example_branch_operator.py
[2023-05-02T19:43:03.413+0000] {processor.py:753} INFO - DAG(s) dict_keys(['example_branch_operator']) retrieved from /home/airflow/.local/lib/python3.7/site-packages/airflow/example_dags/example_branch_operator.py
[2023-05-02T19:43:03.428+0000] {logging_mixin.py:137} INFO - [2023-05-02T19:43:03.428+0000] {dag.py:2705} INFO - Sync 1 DAGs
[2023-05-02T19:43:03.444+0000] {logging_mixin.py:137} INFO - [2023-05-02T19:43:03.443+0000] {dag.py:3456} INFO - Setting next_dagrun for example_branch_operator to 2023-05-01T00:00:00+00:00, run_after=2023-05-02T00:00:00+00:00
[2023-05-02T19:43:03.462+0000] {processor.py:175} INFO - Processing /home/airflow/.local/lib/python3.7/site-packages/airflow/example_dags/example_branch_operator.py took 0.061 seconds
[2023-05-02T19:43:33.497+0000] {processor.py:153} INFO - Started process (PID=986) to work on /home/airflow/.local/lib/python3.7/site-packages/airflow/example_dags/example_branch_operator.py
[2023-05-02T19:43:33.497+0000] {processor.py:743} INFO - Processing file /home/airflow/.local/lib/python3.7/site-packages/airflow/example_dags/example_branch_operator.py for tasks to queue
[2023-05-02T19:43:33.498+0000] {logging_mixin.py:137} INFO - [2023-05-02T19:43:33.498+0000] {dagbag.py:532} INFO - Filling up the DagBag from /home/airflow/.local/lib/python3.7/site-packages/airflow/example_dags/example_branch_operator.py
[2023-05-02T19:43:33.507+0000] {processor.py:753} INFO - DAG(s) dict_keys(['example_branch_operator']) retrieved from /home/airflow/.local/lib/python3.7/site-packages/airflow/example_dags/example_branch_operator.py
[2023-05-02T19:43:33.523+0000] {logging_mixin.py:137} INFO - [2023-05-02T19:43:33.522+0000] {dag.py:2705} INFO - Sync 1 DAGs
[2023-05-02T19:43:33.538+0000] {logging_mixin.py:137} INFO - [2023-05-02T19:43:33.538+0000] {dag.py:3456} INFO - Setting next_dagrun for example_branch_operator to 2023-05-01T00:00:00+00:00, run_after=2023-05-02T00:00:00+00:00
[2023-05-02T19:43:33.549+0000] {processor.py:175} INFO - Processing /home/airflow/.local/lib/python3.7/site-packages/airflow/example_dags/example_branch_operator.py took 0.054 seconds
[2023-05-02T19:44:04.281+0000] {processor.py:153} INFO - Started process (PID=1037) to work on /home/airflow/.local/lib/python3.7/site-packages/airflow/example_dags/example_branch_operator.py
[2023-05-02T19:44:04.282+0000] {processor.py:743} INFO - Processing file /home/airflow/.local/lib/python3.7/site-packages/airflow/example_dags/example_branch_operator.py for tasks to queue
[2023-05-02T19:44:04.282+0000] {logging_mixin.py:137} INFO - [2023-05-02T19:44:04.282+0000] {dagbag.py:532} INFO - Filling up the DagBag from /home/airflow/.local/lib/python3.7/site-packages/airflow/example_dags/example_branch_operator.py
[2023-05-02T19:44:04.291+0000] {processor.py:753} INFO - DAG(s) dict_keys(['example_branch_operator']) retrieved from /home/airflow/.local/lib/python3.7/site-packages/airflow/example_dags/example_branch_operator.py
[2023-05-02T19:44:04.306+0000] {logging_mixin.py:137} INFO - [2023-05-02T19:44:04.306+0000] {dag.py:2705} INFO - Sync 1 DAGs
[2023-05-02T19:44:04.320+0000] {logging_mixin.py:137} INFO - [2023-05-02T19:44:04.320+0000] {dag.py:3456} INFO - Setting next_dagrun for example_branch_operator to 2023-05-01T00:00:00+00:00, run_after=2023-05-02T00:00:00+00:00
[2023-05-02T19:44:04.332+0000] {processor.py:175} INFO - Processing /home/airflow/.local/lib/python3.7/site-packages/airflow/example_dags/example_branch_operator.py took 0.052 seconds
[2023-05-02T19:44:34.366+0000] {processor.py:153} INFO - Started process (PID=1089) to work on /home/airflow/.local/lib/python3.7/site-packages/airflow/example_dags/example_branch_operator.py
[2023-05-02T19:44:34.367+0000] {processor.py:743} INFO - Processing file /home/airflow/.local/lib/python3.7/site-packages/airflow/example_dags/example_branch_operator.py for tasks to queue
[2023-05-02T19:44:34.367+0000] {logging_mixin.py:137} INFO - [2023-05-02T19:44:34.367+0000] {dagbag.py:532} INFO - Filling up the DagBag from /home/airflow/.local/lib/python3.7/site-packages/airflow/example_dags/example_branch_operator.py
[2023-05-02T19:44:34.376+0000] {processor.py:753} INFO - DAG(s) dict_keys(['example_branch_operator']) retrieved from /home/airflow/.local/lib/python3.7/site-packages/airflow/example_dags/example_branch_operator.py
[2023-05-02T19:44:34.390+0000] {logging_mixin.py:137} INFO - [2023-05-02T19:44:34.390+0000] {dag.py:2705} INFO - Sync 1 DAGs
[2023-05-02T19:44:34.404+0000] {logging_mixin.py:137} INFO - [2023-05-02T19:44:34.404+0000] {dag.py:3456} INFO - Setting next_dagrun for example_branch_operator to 2023-05-01T00:00:00+00:00, run_after=2023-05-02T00:00:00+00:00
[2023-05-02T19:44:34.415+0000] {processor.py:175} INFO - Processing /home/airflow/.local/lib/python3.7/site-packages/airflow/example_dags/example_branch_operator.py took 0.050 seconds
[2023-05-02T19:45:04.474+0000] {processor.py:153} INFO - Started process (PID=1141) to work on /home/airflow/.local/lib/python3.7/site-packages/airflow/example_dags/example_branch_operator.py
[2023-05-02T19:45:04.475+0000] {processor.py:743} INFO - Processing file /home/airflow/.local/lib/python3.7/site-packages/airflow/example_dags/example_branch_operator.py for tasks to queue
[2023-05-02T19:45:04.475+0000] {logging_mixin.py:137} INFO - [2023-05-02T19:45:04.475+0000] {dagbag.py:532} INFO - Filling up the DagBag from /home/airflow/.local/lib/python3.7/site-packages/airflow/example_dags/example_branch_operator.py
[2023-05-02T19:45:04.484+0000] {processor.py:753} INFO - DAG(s) dict_keys(['example_branch_operator']) retrieved from /home/airflow/.local/lib/python3.7/site-packages/airflow/example_dags/example_branch_operator.py
[2023-05-02T19:45:04.499+0000] {logging_mixin.py:137} INFO - [2023-05-02T19:45:04.499+0000] {dag.py:2705} INFO - Sync 1 DAGs
[2023-05-02T19:45:04.514+0000] {logging_mixin.py:137} INFO - [2023-05-02T19:45:04.513+0000] {dag.py:3456} INFO - Setting next_dagrun for example_branch_operator to 2023-05-01T00:00:00+00:00, run_after=2023-05-02T00:00:00+00:00
[2023-05-02T19:45:04.525+0000] {processor.py:175} INFO - Processing /home/airflow/.local/lib/python3.7/site-packages/airflow/example_dags/example_branch_operator.py took 0.053 seconds
[2023-05-02T19:45:34.601+0000] {processor.py:153} INFO - Started process (PID=1193) to work on /home/airflow/.local/lib/python3.7/site-packages/airflow/example_dags/example_branch_operator.py
[2023-05-02T19:45:34.601+0000] {processor.py:743} INFO - Processing file /home/airflow/.local/lib/python3.7/site-packages/airflow/example_dags/example_branch_operator.py for tasks to queue
[2023-05-02T19:45:34.602+0000] {logging_mixin.py:137} INFO - [2023-05-02T19:45:34.601+0000] {dagbag.py:532} INFO - Filling up the DagBag from /home/airflow/.local/lib/python3.7/site-packages/airflow/example_dags/example_branch_operator.py
[2023-05-02T19:45:34.611+0000] {processor.py:753} INFO - DAG(s) dict_keys(['example_branch_operator']) retrieved from /home/airflow/.local/lib/python3.7/site-packages/airflow/example_dags/example_branch_operator.py
[2023-05-02T19:45:34.626+0000] {logging_mixin.py:137} INFO - [2023-05-02T19:45:34.626+0000] {dag.py:2705} INFO - Sync 1 DAGs
[2023-05-02T19:45:34.641+0000] {logging_mixin.py:137} INFO - [2023-05-02T19:45:34.641+0000] {dag.py:3456} INFO - Setting next_dagrun for example_branch_operator to 2023-05-01T00:00:00+00:00, run_after=2023-05-02T00:00:00+00:00
[2023-05-02T19:45:34.652+0000] {processor.py:175} INFO - Processing /home/airflow/.local/lib/python3.7/site-packages/airflow/example_dags/example_branch_operator.py took 0.053 seconds
[2023-05-02T19:46:04.687+0000] {processor.py:153} INFO - Started process (PID=1245) to work on /home/airflow/.local/lib/python3.7/site-packages/airflow/example_dags/example_branch_operator.py
[2023-05-02T19:46:04.688+0000] {processor.py:743} INFO - Processing file /home/airflow/.local/lib/python3.7/site-packages/airflow/example_dags/example_branch_operator.py for tasks to queue
[2023-05-02T19:46:04.688+0000] {logging_mixin.py:137} INFO - [2023-05-02T19:46:04.688+0000] {dagbag.py:532} INFO - Filling up the DagBag from /home/airflow/.local/lib/python3.7/site-packages/airflow/example_dags/example_branch_operator.py
[2023-05-02T19:46:04.697+0000] {processor.py:753} INFO - DAG(s) dict_keys(['example_branch_operator']) retrieved from /home/airflow/.local/lib/python3.7/site-packages/airflow/example_dags/example_branch_operator.py
[2023-05-02T19:46:04.712+0000] {logging_mixin.py:137} INFO - [2023-05-02T19:46:04.712+0000] {dag.py:2705} INFO - Sync 1 DAGs
[2023-05-02T19:46:04.726+0000] {logging_mixin.py:137} INFO - [2023-05-02T19:46:04.726+0000] {dag.py:3456} INFO - Setting next_dagrun for example_branch_operator to 2023-05-01T00:00:00+00:00, run_after=2023-05-02T00:00:00+00:00
[2023-05-02T19:46:04.737+0000] {processor.py:175} INFO - Processing /home/airflow/.local/lib/python3.7/site-packages/airflow/example_dags/example_branch_operator.py took 0.052 seconds
[2023-05-02T19:46:35.589+0000] {processor.py:153} INFO - Started process (PID=1297) to work on /home/airflow/.local/lib/python3.7/site-packages/airflow/example_dags/example_branch_operator.py
[2023-05-02T19:46:35.590+0000] {processor.py:743} INFO - Processing file /home/airflow/.local/lib/python3.7/site-packages/airflow/example_dags/example_branch_operator.py for tasks to queue
[2023-05-02T19:46:35.590+0000] {logging_mixin.py:137} INFO - [2023-05-02T19:46:35.590+0000] {dagbag.py:532} INFO - Filling up the DagBag from /home/airflow/.local/lib/python3.7/site-packages/airflow/example_dags/example_branch_operator.py
[2023-05-02T19:46:35.600+0000] {processor.py:753} INFO - DAG(s) dict_keys(['example_branch_operator']) retrieved from /home/airflow/.local/lib/python3.7/site-packages/airflow/example_dags/example_branch_operator.py
[2023-05-02T19:46:35.615+0000] {logging_mixin.py:137} INFO - [2023-05-02T19:46:35.615+0000] {dag.py:2705} INFO - Sync 1 DAGs
[2023-05-02T19:46:35.629+0000] {logging_mixin.py:137} INFO - [2023-05-02T19:46:35.629+0000] {dag.py:3456} INFO - Setting next_dagrun for example_branch_operator to 2023-05-01T00:00:00+00:00, run_after=2023-05-02T00:00:00+00:00
[2023-05-02T19:46:35.640+0000] {processor.py:175} INFO - Processing /home/airflow/.local/lib/python3.7/site-packages/airflow/example_dags/example_branch_operator.py took 0.052 seconds
[2023-05-02T19:47:06.459+0000] {processor.py:153} INFO - Started process (PID=1349) to work on /home/airflow/.local/lib/python3.7/site-packages/airflow/example_dags/example_branch_operator.py
[2023-05-02T19:47:06.459+0000] {processor.py:743} INFO - Processing file /home/airflow/.local/lib/python3.7/site-packages/airflow/example_dags/example_branch_operator.py for tasks to queue
[2023-05-02T19:47:06.460+0000] {logging_mixin.py:137} INFO - [2023-05-02T19:47:06.459+0000] {dagbag.py:532} INFO - Filling up the DagBag from /home/airflow/.local/lib/python3.7/site-packages/airflow/example_dags/example_branch_operator.py
[2023-05-02T19:47:06.469+0000] {processor.py:753} INFO - DAG(s) dict_keys(['example_branch_operator']) retrieved from /home/airflow/.local/lib/python3.7/site-packages/airflow/example_dags/example_branch_operator.py
[2023-05-02T19:47:06.483+0000] {logging_mixin.py:137} INFO - [2023-05-02T19:47:06.483+0000] {dag.py:2705} INFO - Sync 1 DAGs
[2023-05-02T19:47:06.498+0000] {logging_mixin.py:137} INFO - [2023-05-02T19:47:06.498+0000] {dag.py:3456} INFO - Setting next_dagrun for example_branch_operator to 2023-05-01T00:00:00+00:00, run_after=2023-05-02T00:00:00+00:00
[2023-05-02T19:47:06.510+0000] {processor.py:175} INFO - Processing /home/airflow/.local/lib/python3.7/site-packages/airflow/example_dags/example_branch_operator.py took 0.054 seconds
[2023-05-02T19:47:37.336+0000] {processor.py:153} INFO - Started process (PID=1401) to work on /home/airflow/.local/lib/python3.7/site-packages/airflow/example_dags/example_branch_operator.py
[2023-05-02T19:47:37.336+0000] {processor.py:743} INFO - Processing file /home/airflow/.local/lib/python3.7/site-packages/airflow/example_dags/example_branch_operator.py for tasks to queue
[2023-05-02T19:47:37.336+0000] {logging_mixin.py:137} INFO - [2023-05-02T19:47:37.336+0000] {dagbag.py:532} INFO - Filling up the DagBag from /home/airflow/.local/lib/python3.7/site-packages/airflow/example_dags/example_branch_operator.py
[2023-05-02T19:47:37.346+0000] {processor.py:753} INFO - DAG(s) dict_keys(['example_branch_operator']) retrieved from /home/airflow/.local/lib/python3.7/site-packages/airflow/example_dags/example_branch_operator.py
[2023-05-02T19:47:37.360+0000] {logging_mixin.py:137} INFO - [2023-05-02T19:47:37.360+0000] {dag.py:2705} INFO - Sync 1 DAGs
[2023-05-02T19:47:37.375+0000] {logging_mixin.py:137} INFO - [2023-05-02T19:47:37.375+0000] {dag.py:3456} INFO - Setting next_dagrun for example_branch_operator to 2023-05-01T00:00:00+00:00, run_after=2023-05-02T00:00:00+00:00
[2023-05-02T19:47:37.390+0000] {processor.py:175} INFO - Processing /home/airflow/.local/lib/python3.7/site-packages/airflow/example_dags/example_branch_operator.py took 0.056 seconds
[2023-05-02T19:48:07.472+0000] {processor.py:153} INFO - Started process (PID=1453) to work on /home/airflow/.local/lib/python3.7/site-packages/airflow/example_dags/example_branch_operator.py
[2023-05-02T19:48:07.473+0000] {processor.py:743} INFO - Processing file /home/airflow/.local/lib/python3.7/site-packages/airflow/example_dags/example_branch_operator.py for tasks to queue
[2023-05-02T19:48:07.473+0000] {logging_mixin.py:137} INFO - [2023-05-02T19:48:07.473+0000] {dagbag.py:532} INFO - Filling up the DagBag from /home/airflow/.local/lib/python3.7/site-packages/airflow/example_dags/example_branch_operator.py
[2023-05-02T19:48:07.482+0000] {processor.py:753} INFO - DAG(s) dict_keys(['example_branch_operator']) retrieved from /home/airflow/.local/lib/python3.7/site-packages/airflow/example_dags/example_branch_operator.py
[2023-05-02T19:48:07.497+0000] {logging_mixin.py:137} INFO - [2023-05-02T19:48:07.497+0000] {dag.py:2705} INFO - Sync 1 DAGs
[2023-05-02T19:48:07.512+0000] {logging_mixin.py:137} INFO - [2023-05-02T19:48:07.512+0000] {dag.py:3456} INFO - Setting next_dagrun for example_branch_operator to 2023-05-01T00:00:00+00:00, run_after=2023-05-02T00:00:00+00:00
[2023-05-02T19:48:07.523+0000] {processor.py:175} INFO - Processing /home/airflow/.local/lib/python3.7/site-packages/airflow/example_dags/example_branch_operator.py took 0.052 seconds
[2023-05-02T19:48:38.253+0000] {processor.py:153} INFO - Started process (PID=1504) to work on /home/airflow/.local/lib/python3.7/site-packages/airflow/example_dags/example_branch_operator.py
[2023-05-02T19:48:38.253+0000] {processor.py:743} INFO - Processing file /home/airflow/.local/lib/python3.7/site-packages/airflow/example_dags/example_branch_operator.py for tasks to queue
[2023-05-02T19:48:38.254+0000] {logging_mixin.py:137} INFO - [2023-05-02T19:48:38.254+0000] {dagbag.py:532} INFO - Filling up the DagBag from /home/airflow/.local/lib/python3.7/site-packages/airflow/example_dags/example_branch_operator.py
[2023-05-02T19:48:38.263+0000] {processor.py:753} INFO - DAG(s) dict_keys(['example_branch_operator']) retrieved from /home/airflow/.local/lib/python3.7/site-packages/airflow/example_dags/example_branch_operator.py
[2023-05-02T19:48:38.279+0000] {logging_mixin.py:137} INFO - [2023-05-02T19:48:38.279+0000] {dag.py:2705} INFO - Sync 1 DAGs
[2023-05-02T19:48:38.293+0000] {logging_mixin.py:137} INFO - [2023-05-02T19:48:38.293+0000] {dag.py:3456} INFO - Setting next_dagrun for example_branch_operator to 2023-05-01T00:00:00+00:00, run_after=2023-05-02T00:00:00+00:00
[2023-05-02T19:48:38.306+0000] {processor.py:175} INFO - Processing /home/airflow/.local/lib/python3.7/site-packages/airflow/example_dags/example_branch_operator.py took 0.054 seconds
[2023-05-02T19:49:09.049+0000] {processor.py:153} INFO - Started process (PID=1556) to work on /home/airflow/.local/lib/python3.7/site-packages/airflow/example_dags/example_branch_operator.py
[2023-05-02T19:49:09.050+0000] {processor.py:743} INFO - Processing file /home/airflow/.local/lib/python3.7/site-packages/airflow/example_dags/example_branch_operator.py for tasks to queue
[2023-05-02T19:49:09.050+0000] {logging_mixin.py:137} INFO - [2023-05-02T19:49:09.050+0000] {dagbag.py:532} INFO - Filling up the DagBag from /home/airflow/.local/lib/python3.7/site-packages/airflow/example_dags/example_branch_operator.py
[2023-05-02T19:49:09.059+0000] {processor.py:753} INFO - DAG(s) dict_keys(['example_branch_operator']) retrieved from /home/airflow/.local/lib/python3.7/site-packages/airflow/example_dags/example_branch_operator.py
[2023-05-02T19:49:09.074+0000] {logging_mixin.py:137} INFO - [2023-05-02T19:49:09.074+0000] {dag.py:2705} INFO - Sync 1 DAGs
[2023-05-02T19:49:09.089+0000] {logging_mixin.py:137} INFO - [2023-05-02T19:49:09.089+0000] {dag.py:3456} INFO - Setting next_dagrun for example_branch_operator to 2023-05-01T00:00:00+00:00, run_after=2023-05-02T00:00:00+00:00
[2023-05-02T19:49:09.100+0000] {processor.py:175} INFO - Processing /home/airflow/.local/lib/python3.7/site-packages/airflow/example_dags/example_branch_operator.py took 0.053 seconds
[2023-05-02T19:49:39.831+0000] {processor.py:153} INFO - Started process (PID=1607) to work on /home/airflow/.local/lib/python3.7/site-packages/airflow/example_dags/example_branch_operator.py
[2023-05-02T19:49:39.831+0000] {processor.py:743} INFO - Processing file /home/airflow/.local/lib/python3.7/site-packages/airflow/example_dags/example_branch_operator.py for tasks to queue
[2023-05-02T19:49:39.831+0000] {logging_mixin.py:137} INFO - [2023-05-02T19:49:39.831+0000] {dagbag.py:532} INFO - Filling up the DagBag from /home/airflow/.local/lib/python3.7/site-packages/airflow/example_dags/example_branch_operator.py
[2023-05-02T19:49:39.841+0000] {processor.py:753} INFO - DAG(s) dict_keys(['example_branch_operator']) retrieved from /home/airflow/.local/lib/python3.7/site-packages/airflow/example_dags/example_branch_operator.py
[2023-05-02T19:49:39.856+0000] {logging_mixin.py:137} INFO - [2023-05-02T19:49:39.856+0000] {dag.py:2705} INFO - Sync 1 DAGs
[2023-05-02T19:49:39.871+0000] {logging_mixin.py:137} INFO - [2023-05-02T19:49:39.870+0000] {dag.py:3456} INFO - Setting next_dagrun for example_branch_operator to 2023-05-01T00:00:00+00:00, run_after=2023-05-02T00:00:00+00:00
[2023-05-02T19:49:39.882+0000] {processor.py:175} INFO - Processing /home/airflow/.local/lib/python3.7/site-packages/airflow/example_dags/example_branch_operator.py took 0.053 seconds
[2023-05-02T19:50:10.643+0000] {processor.py:153} INFO - Started process (PID=1659) to work on /home/airflow/.local/lib/python3.7/site-packages/airflow/example_dags/example_branch_operator.py
[2023-05-02T19:50:10.644+0000] {processor.py:743} INFO - Processing file /home/airflow/.local/lib/python3.7/site-packages/airflow/example_dags/example_branch_operator.py for tasks to queue
[2023-05-02T19:50:10.644+0000] {logging_mixin.py:137} INFO - [2023-05-02T19:50:10.644+0000] {dagbag.py:532} INFO - Filling up the DagBag from /home/airflow/.local/lib/python3.7/site-packages/airflow/example_dags/example_branch_operator.py
[2023-05-02T19:50:10.653+0000] {processor.py:753} INFO - DAG(s) dict_keys(['example_branch_operator']) retrieved from /home/airflow/.local/lib/python3.7/site-packages/airflow/example_dags/example_branch_operator.py
[2023-05-02T19:50:10.668+0000] {logging_mixin.py:137} INFO - [2023-05-02T19:50:10.668+0000] {dag.py:2705} INFO - Sync 1 DAGs
[2023-05-02T19:50:10.683+0000] {logging_mixin.py:137} INFO - [2023-05-02T19:50:10.683+0000] {dag.py:3456} INFO - Setting next_dagrun for example_branch_operator to 2023-05-01T00:00:00+00:00, run_after=2023-05-02T00:00:00+00:00
[2023-05-02T19:50:10.695+0000] {processor.py:175} INFO - Processing /home/airflow/.local/lib/python3.7/site-packages/airflow/example_dags/example_branch_operator.py took 0.053 seconds
[2023-05-02T19:50:41.457+0000] {processor.py:153} INFO - Started process (PID=1710) to work on /home/airflow/.local/lib/python3.7/site-packages/airflow/example_dags/example_branch_operator.py
[2023-05-02T19:50:41.458+0000] {processor.py:743} INFO - Processing file /home/airflow/.local/lib/python3.7/site-packages/airflow/example_dags/example_branch_operator.py for tasks to queue
[2023-05-02T19:50:41.458+0000] {logging_mixin.py:137} INFO - [2023-05-02T19:50:41.458+0000] {dagbag.py:532} INFO - Filling up the DagBag from /home/airflow/.local/lib/python3.7/site-packages/airflow/example_dags/example_branch_operator.py
[2023-05-02T19:50:41.468+0000] {processor.py:753} INFO - DAG(s) dict_keys(['example_branch_operator']) retrieved from /home/airflow/.local/lib/python3.7/site-packages/airflow/example_dags/example_branch_operator.py
[2023-05-02T19:50:41.483+0000] {logging_mixin.py:137} INFO - [2023-05-02T19:50:41.483+0000] {dag.py:2705} INFO - Sync 1 DAGs
[2023-05-02T19:50:41.499+0000] {logging_mixin.py:137} INFO - [2023-05-02T19:50:41.499+0000] {dag.py:3456} INFO - Setting next_dagrun for example_branch_operator to 2023-05-01T00:00:00+00:00, run_after=2023-05-02T00:00:00+00:00
[2023-05-02T19:50:41.515+0000] {processor.py:175} INFO - Processing /home/airflow/.local/lib/python3.7/site-packages/airflow/example_dags/example_branch_operator.py took 0.060 seconds
[2023-05-02T19:51:12.250+0000] {processor.py:153} INFO - Started process (PID=1761) to work on /home/airflow/.local/lib/python3.7/site-packages/airflow/example_dags/example_branch_operator.py
[2023-05-02T19:51:12.250+0000] {processor.py:743} INFO - Processing file /home/airflow/.local/lib/python3.7/site-packages/airflow/example_dags/example_branch_operator.py for tasks to queue
[2023-05-02T19:51:12.250+0000] {logging_mixin.py:137} INFO - [2023-05-02T19:51:12.250+0000] {dagbag.py:532} INFO - Filling up the DagBag from /home/airflow/.local/lib/python3.7/site-packages/airflow/example_dags/example_branch_operator.py
[2023-05-02T19:51:12.260+0000] {processor.py:753} INFO - DAG(s) dict_keys(['example_branch_operator']) retrieved from /home/airflow/.local/lib/python3.7/site-packages/airflow/example_dags/example_branch_operator.py
[2023-05-02T19:51:12.275+0000] {logging_mixin.py:137} INFO - [2023-05-02T19:51:12.275+0000] {dag.py:2705} INFO - Sync 1 DAGs
[2023-05-02T19:51:12.289+0000] {logging_mixin.py:137} INFO - [2023-05-02T19:51:12.289+0000] {dag.py:3456} INFO - Setting next_dagrun for example_branch_operator to 2023-05-01T00:00:00+00:00, run_after=2023-05-02T00:00:00+00:00
[2023-05-02T19:51:12.301+0000] {processor.py:175} INFO - Processing /home/airflow/.local/lib/python3.7/site-packages/airflow/example_dags/example_branch_operator.py took 0.053 seconds
[2023-05-02T19:51:43.166+0000] {processor.py:153} INFO - Started process (PID=1813) to work on /home/airflow/.local/lib/python3.7/site-packages/airflow/example_dags/example_branch_operator.py
[2023-05-02T19:51:43.167+0000] {processor.py:743} INFO - Processing file /home/airflow/.local/lib/python3.7/site-packages/airflow/example_dags/example_branch_operator.py for tasks to queue
[2023-05-02T19:51:43.167+0000] {logging_mixin.py:137} INFO - [2023-05-02T19:51:43.167+0000] {dagbag.py:532} INFO - Filling up the DagBag from /home/airflow/.local/lib/python3.7/site-packages/airflow/example_dags/example_branch_operator.py
[2023-05-02T19:51:43.176+0000] {processor.py:753} INFO - DAG(s) dict_keys(['example_branch_operator']) retrieved from /home/airflow/.local/lib/python3.7/site-packages/airflow/example_dags/example_branch_operator.py
[2023-05-02T19:51:43.191+0000] {logging_mixin.py:137} INFO - [2023-05-02T19:51:43.191+0000] {dag.py:2705} INFO - Sync 1 DAGs
[2023-05-02T19:51:43.206+0000] {logging_mixin.py:137} INFO - [2023-05-02T19:51:43.206+0000] {dag.py:3456} INFO - Setting next_dagrun for example_branch_operator to 2023-05-01T00:00:00+00:00, run_after=2023-05-02T00:00:00+00:00
[2023-05-02T19:51:43.218+0000] {processor.py:175} INFO - Processing /home/airflow/.local/lib/python3.7/site-packages/airflow/example_dags/example_branch_operator.py took 0.054 seconds
[2023-05-02T19:52:13.930+0000] {processor.py:153} INFO - Started process (PID=1864) to work on /home/airflow/.local/lib/python3.7/site-packages/airflow/example_dags/example_branch_operator.py
[2023-05-02T19:52:13.931+0000] {processor.py:743} INFO - Processing file /home/airflow/.local/lib/python3.7/site-packages/airflow/example_dags/example_branch_operator.py for tasks to queue
[2023-05-02T19:52:13.931+0000] {logging_mixin.py:137} INFO - [2023-05-02T19:52:13.931+0000] {dagbag.py:532} INFO - Filling up the DagBag from /home/airflow/.local/lib/python3.7/site-packages/airflow/example_dags/example_branch_operator.py
[2023-05-02T19:52:13.941+0000] {processor.py:753} INFO - DAG(s) dict_keys(['example_branch_operator']) retrieved from /home/airflow/.local/lib/python3.7/site-packages/airflow/example_dags/example_branch_operator.py
[2023-05-02T19:52:13.955+0000] {logging_mixin.py:137} INFO - [2023-05-02T19:52:13.955+0000] {dag.py:2705} INFO - Sync 1 DAGs
[2023-05-02T19:52:13.970+0000] {logging_mixin.py:137} INFO - [2023-05-02T19:52:13.970+0000] {dag.py:3456} INFO - Setting next_dagrun for example_branch_operator to 2023-05-01T00:00:00+00:00, run_after=2023-05-02T00:00:00+00:00
[2023-05-02T19:52:13.982+0000] {processor.py:175} INFO - Processing /home/airflow/.local/lib/python3.7/site-packages/airflow/example_dags/example_branch_operator.py took 0.053 seconds
[2023-05-02T19:52:44.748+0000] {processor.py:153} INFO - Started process (PID=1916) to work on /home/airflow/.local/lib/python3.7/site-packages/airflow/example_dags/example_branch_operator.py
[2023-05-02T19:52:44.749+0000] {processor.py:743} INFO - Processing file /home/airflow/.local/lib/python3.7/site-packages/airflow/example_dags/example_branch_operator.py for tasks to queue
[2023-05-02T19:52:44.749+0000] {logging_mixin.py:137} INFO - [2023-05-02T19:52:44.749+0000] {dagbag.py:532} INFO - Filling up the DagBag from /home/airflow/.local/lib/python3.7/site-packages/airflow/example_dags/example_branch_operator.py
[2023-05-02T19:52:44.758+0000] {processor.py:753} INFO - DAG(s) dict_keys(['example_branch_operator']) retrieved from /home/airflow/.local/lib/python3.7/site-packages/airflow/example_dags/example_branch_operator.py
[2023-05-02T19:52:44.773+0000] {logging_mixin.py:137} INFO - [2023-05-02T19:52:44.773+0000] {dag.py:2705} INFO - Sync 1 DAGs
[2023-05-02T19:52:44.788+0000] {logging_mixin.py:137} INFO - [2023-05-02T19:52:44.788+0000] {dag.py:3456} INFO - Setting next_dagrun for example_branch_operator to 2023-05-01T00:00:00+00:00, run_after=2023-05-02T00:00:00+00:00
[2023-05-02T19:52:44.800+0000] {processor.py:175} INFO - Processing /home/airflow/.local/lib/python3.7/site-packages/airflow/example_dags/example_branch_operator.py took 0.053 seconds
[2023-05-02T19:53:15.526+0000] {processor.py:153} INFO - Started process (PID=1968) to work on /home/airflow/.local/lib/python3.7/site-packages/airflow/example_dags/example_branch_operator.py
[2023-05-02T19:53:15.527+0000] {processor.py:743} INFO - Processing file /home/airflow/.local/lib/python3.7/site-packages/airflow/example_dags/example_branch_operator.py for tasks to queue
[2023-05-02T19:53:15.527+0000] {logging_mixin.py:137} INFO - [2023-05-02T19:53:15.527+0000] {dagbag.py:532} INFO - Filling up the DagBag from /home/airflow/.local/lib/python3.7/site-packages/airflow/example_dags/example_branch_operator.py
[2023-05-02T19:53:15.536+0000] {processor.py:753} INFO - DAG(s) dict_keys(['example_branch_operator']) retrieved from /home/airflow/.local/lib/python3.7/site-packages/airflow/example_dags/example_branch_operator.py
[2023-05-02T19:53:15.551+0000] {logging_mixin.py:137} INFO - [2023-05-02T19:53:15.551+0000] {dag.py:2705} INFO - Sync 1 DAGs
[2023-05-02T19:53:15.566+0000] {logging_mixin.py:137} INFO - [2023-05-02T19:53:15.565+0000] {dag.py:3456} INFO - Setting next_dagrun for example_branch_operator to 2023-05-01T00:00:00+00:00, run_after=2023-05-02T00:00:00+00:00
[2023-05-02T19:53:15.577+0000] {processor.py:175} INFO - Processing /home/airflow/.local/lib/python3.7/site-packages/airflow/example_dags/example_branch_operator.py took 0.052 seconds
[2023-05-02T19:53:46.315+0000] {processor.py:153} INFO - Started process (PID=2020) to work on /home/airflow/.local/lib/python3.7/site-packages/airflow/example_dags/example_branch_operator.py
[2023-05-02T19:53:46.316+0000] {processor.py:743} INFO - Processing file /home/airflow/.local/lib/python3.7/site-packages/airflow/example_dags/example_branch_operator.py for tasks to queue
[2023-05-02T19:53:46.316+0000] {logging_mixin.py:137} INFO - [2023-05-02T19:53:46.316+0000] {dagbag.py:532} INFO - Filling up the DagBag from /home/airflow/.local/lib/python3.7/site-packages/airflow/example_dags/example_branch_operator.py
[2023-05-02T19:53:46.325+0000] {processor.py:753} INFO - DAG(s) dict_keys(['example_branch_operator']) retrieved from /home/airflow/.local/lib/python3.7/site-packages/airflow/example_dags/example_branch_operator.py
[2023-05-02T19:53:46.340+0000] {logging_mixin.py:137} INFO - [2023-05-02T19:53:46.340+0000] {dag.py:2705} INFO - Sync 1 DAGs
[2023-05-02T19:53:46.354+0000] {logging_mixin.py:137} INFO - [2023-05-02T19:53:46.354+0000] {dag.py:3456} INFO - Setting next_dagrun for example_branch_operator to 2023-05-01T00:00:00+00:00, run_after=2023-05-02T00:00:00+00:00
[2023-05-02T19:53:46.370+0000] {processor.py:175} INFO - Processing /home/airflow/.local/lib/python3.7/site-packages/airflow/example_dags/example_branch_operator.py took 0.056 seconds
[2023-05-02T19:54:16.462+0000] {processor.py:153} INFO - Started process (PID=2072) to work on /home/airflow/.local/lib/python3.7/site-packages/airflow/example_dags/example_branch_operator.py
[2023-05-02T19:54:16.463+0000] {processor.py:743} INFO - Processing file /home/airflow/.local/lib/python3.7/site-packages/airflow/example_dags/example_branch_operator.py for tasks to queue
[2023-05-02T19:54:16.463+0000] {logging_mixin.py:137} INFO - [2023-05-02T19:54:16.463+0000] {dagbag.py:532} INFO - Filling up the DagBag from /home/airflow/.local/lib/python3.7/site-packages/airflow/example_dags/example_branch_operator.py
[2023-05-02T19:54:16.472+0000] {processor.py:753} INFO - DAG(s) dict_keys(['example_branch_operator']) retrieved from /home/airflow/.local/lib/python3.7/site-packages/airflow/example_dags/example_branch_operator.py
[2023-05-02T19:54:16.487+0000] {logging_mixin.py:137} INFO - [2023-05-02T19:54:16.487+0000] {dag.py:2705} INFO - Sync 1 DAGs
[2023-05-02T19:54:16.502+0000] {logging_mixin.py:137} INFO - [2023-05-02T19:54:16.502+0000] {dag.py:3456} INFO - Setting next_dagrun for example_branch_operator to 2023-05-01T00:00:00+00:00, run_after=2023-05-02T00:00:00+00:00
[2023-05-02T19:54:16.516+0000] {processor.py:175} INFO - Processing /home/airflow/.local/lib/python3.7/site-packages/airflow/example_dags/example_branch_operator.py took 0.056 seconds
[2023-05-02T19:54:47.470+0000] {processor.py:153} INFO - Started process (PID=2124) to work on /home/airflow/.local/lib/python3.7/site-packages/airflow/example_dags/example_branch_operator.py
[2023-05-02T19:54:47.471+0000] {processor.py:743} INFO - Processing file /home/airflow/.local/lib/python3.7/site-packages/airflow/example_dags/example_branch_operator.py for tasks to queue
[2023-05-02T19:54:47.471+0000] {logging_mixin.py:137} INFO - [2023-05-02T19:54:47.471+0000] {dagbag.py:532} INFO - Filling up the DagBag from /home/airflow/.local/lib/python3.7/site-packages/airflow/example_dags/example_branch_operator.py
[2023-05-02T19:54:47.480+0000] {processor.py:753} INFO - DAG(s) dict_keys(['example_branch_operator']) retrieved from /home/airflow/.local/lib/python3.7/site-packages/airflow/example_dags/example_branch_operator.py
[2023-05-02T19:54:47.495+0000] {logging_mixin.py:137} INFO - [2023-05-02T19:54:47.495+0000] {dag.py:2705} INFO - Sync 1 DAGs
[2023-05-02T19:54:47.509+0000] {logging_mixin.py:137} INFO - [2023-05-02T19:54:47.509+0000] {dag.py:3456} INFO - Setting next_dagrun for example_branch_operator to 2023-05-01T00:00:00+00:00, run_after=2023-05-02T00:00:00+00:00
[2023-05-02T19:54:47.520+0000] {processor.py:175} INFO - Processing /home/airflow/.local/lib/python3.7/site-packages/airflow/example_dags/example_branch_operator.py took 0.051 seconds
[2023-05-02T19:55:18.481+0000] {processor.py:153} INFO - Started process (PID=2183) to work on /home/airflow/.local/lib/python3.7/site-packages/airflow/example_dags/example_branch_operator.py
[2023-05-02T19:55:18.482+0000] {processor.py:743} INFO - Processing file /home/airflow/.local/lib/python3.7/site-packages/airflow/example_dags/example_branch_operator.py for tasks to queue
[2023-05-02T19:55:18.482+0000] {logging_mixin.py:137} INFO - [2023-05-02T19:55:18.482+0000] {dagbag.py:532} INFO - Filling up the DagBag from /home/airflow/.local/lib/python3.7/site-packages/airflow/example_dags/example_branch_operator.py
[2023-05-02T19:55:18.492+0000] {processor.py:753} INFO - DAG(s) dict_keys(['example_branch_operator']) retrieved from /home/airflow/.local/lib/python3.7/site-packages/airflow/example_dags/example_branch_operator.py
[2023-05-02T19:55:18.506+0000] {logging_mixin.py:137} INFO - [2023-05-02T19:55:18.506+0000] {dag.py:2705} INFO - Sync 1 DAGs
[2023-05-02T19:55:18.521+0000] {logging_mixin.py:137} INFO - [2023-05-02T19:55:18.521+0000] {dag.py:3456} INFO - Setting next_dagrun for example_branch_operator to 2023-05-01T00:00:00+00:00, run_after=2023-05-02T00:00:00+00:00
[2023-05-02T19:55:18.538+0000] {processor.py:175} INFO - Processing /home/airflow/.local/lib/python3.7/site-packages/airflow/example_dags/example_branch_operator.py took 0.058 seconds
[2023-05-02T19:55:48.574+0000] {processor.py:153} INFO - Started process (PID=2235) to work on /home/airflow/.local/lib/python3.7/site-packages/airflow/example_dags/example_branch_operator.py
[2023-05-02T19:55:48.575+0000] {processor.py:743} INFO - Processing file /home/airflow/.local/lib/python3.7/site-packages/airflow/example_dags/example_branch_operator.py for tasks to queue
[2023-05-02T19:55:48.575+0000] {logging_mixin.py:137} INFO - [2023-05-02T19:55:48.575+0000] {dagbag.py:532} INFO - Filling up the DagBag from /home/airflow/.local/lib/python3.7/site-packages/airflow/example_dags/example_branch_operator.py
[2023-05-02T19:55:48.584+0000] {processor.py:753} INFO - DAG(s) dict_keys(['example_branch_operator']) retrieved from /home/airflow/.local/lib/python3.7/site-packages/airflow/example_dags/example_branch_operator.py
[2023-05-02T19:55:48.599+0000] {logging_mixin.py:137} INFO - [2023-05-02T19:55:48.599+0000] {dag.py:2705} INFO - Sync 1 DAGs
[2023-05-02T19:55:48.614+0000] {logging_mixin.py:137} INFO - [2023-05-02T19:55:48.614+0000] {dag.py:3456} INFO - Setting next_dagrun for example_branch_operator to 2023-05-01T00:00:00+00:00, run_after=2023-05-02T00:00:00+00:00
[2023-05-02T19:55:48.625+0000] {processor.py:175} INFO - Processing /home/airflow/.local/lib/python3.7/site-packages/airflow/example_dags/example_branch_operator.py took 0.052 seconds
[2023-05-02T19:56:18.766+0000] {processor.py:153} INFO - Started process (PID=2287) to work on /home/airflow/.local/lib/python3.7/site-packages/airflow/example_dags/example_branch_operator.py
[2023-05-02T19:56:18.767+0000] {processor.py:743} INFO - Processing file /home/airflow/.local/lib/python3.7/site-packages/airflow/example_dags/example_branch_operator.py for tasks to queue
[2023-05-02T19:56:18.767+0000] {logging_mixin.py:137} INFO - [2023-05-02T19:56:18.767+0000] {dagbag.py:532} INFO - Filling up the DagBag from /home/airflow/.local/lib/python3.7/site-packages/airflow/example_dags/example_branch_operator.py
[2023-05-02T19:56:18.776+0000] {processor.py:753} INFO - DAG(s) dict_keys(['example_branch_operator']) retrieved from /home/airflow/.local/lib/python3.7/site-packages/airflow/example_dags/example_branch_operator.py
[2023-05-02T19:56:18.791+0000] {logging_mixin.py:137} INFO - [2023-05-02T19:56:18.791+0000] {dag.py:2705} INFO - Sync 1 DAGs
[2023-05-02T19:56:18.806+0000] {logging_mixin.py:137} INFO - [2023-05-02T19:56:18.806+0000] {dag.py:3456} INFO - Setting next_dagrun for example_branch_operator to 2023-05-01T00:00:00+00:00, run_after=2023-05-02T00:00:00+00:00
[2023-05-02T19:56:18.818+0000] {processor.py:175} INFO - Processing /home/airflow/.local/lib/python3.7/site-packages/airflow/example_dags/example_branch_operator.py took 0.053 seconds
[2023-05-02T19:56:49.017+0000] {processor.py:153} INFO - Started process (PID=2339) to work on /home/airflow/.local/lib/python3.7/site-packages/airflow/example_dags/example_branch_operator.py
[2023-05-02T19:56:49.017+0000] {processor.py:743} INFO - Processing file /home/airflow/.local/lib/python3.7/site-packages/airflow/example_dags/example_branch_operator.py for tasks to queue
[2023-05-02T19:56:49.018+0000] {logging_mixin.py:137} INFO - [2023-05-02T19:56:49.018+0000] {dagbag.py:532} INFO - Filling up the DagBag from /home/airflow/.local/lib/python3.7/site-packages/airflow/example_dags/example_branch_operator.py
[2023-05-02T19:56:49.027+0000] {processor.py:753} INFO - DAG(s) dict_keys(['example_branch_operator']) retrieved from /home/airflow/.local/lib/python3.7/site-packages/airflow/example_dags/example_branch_operator.py
[2023-05-02T19:56:49.042+0000] {logging_mixin.py:137} INFO - [2023-05-02T19:56:49.042+0000] {dag.py:2705} INFO - Sync 1 DAGs
[2023-05-02T19:56:49.056+0000] {logging_mixin.py:137} INFO - [2023-05-02T19:56:49.056+0000] {dag.py:3456} INFO - Setting next_dagrun for example_branch_operator to 2023-05-01T00:00:00+00:00, run_after=2023-05-02T00:00:00+00:00
[2023-05-02T19:56:49.068+0000] {processor.py:175} INFO - Processing /home/airflow/.local/lib/python3.7/site-packages/airflow/example_dags/example_branch_operator.py took 0.053 seconds
[2023-05-02T19:57:19.949+0000] {processor.py:153} INFO - Started process (PID=2391) to work on /home/airflow/.local/lib/python3.7/site-packages/airflow/example_dags/example_branch_operator.py
[2023-05-02T19:57:19.950+0000] {processor.py:743} INFO - Processing file /home/airflow/.local/lib/python3.7/site-packages/airflow/example_dags/example_branch_operator.py for tasks to queue
[2023-05-02T19:57:19.950+0000] {logging_mixin.py:137} INFO - [2023-05-02T19:57:19.950+0000] {dagbag.py:532} INFO - Filling up the DagBag from /home/airflow/.local/lib/python3.7/site-packages/airflow/example_dags/example_branch_operator.py
[2023-05-02T19:57:19.959+0000] {processor.py:753} INFO - DAG(s) dict_keys(['example_branch_operator']) retrieved from /home/airflow/.local/lib/python3.7/site-packages/airflow/example_dags/example_branch_operator.py
[2023-05-02T19:57:19.974+0000] {logging_mixin.py:137} INFO - [2023-05-02T19:57:19.974+0000] {dag.py:2705} INFO - Sync 1 DAGs
[2023-05-02T19:57:19.989+0000] {logging_mixin.py:137} INFO - [2023-05-02T19:57:19.989+0000] {dag.py:3456} INFO - Setting next_dagrun for example_branch_operator to 2023-05-01T00:00:00+00:00, run_after=2023-05-02T00:00:00+00:00
[2023-05-02T19:57:20.006+0000] {processor.py:175} INFO - Processing /home/airflow/.local/lib/python3.7/site-packages/airflow/example_dags/example_branch_operator.py took 0.058 seconds
[2023-05-02T19:57:50.027+0000] {processor.py:153} INFO - Started process (PID=2443) to work on /home/airflow/.local/lib/python3.7/site-packages/airflow/example_dags/example_branch_operator.py
[2023-05-02T19:57:50.027+0000] {processor.py:743} INFO - Processing file /home/airflow/.local/lib/python3.7/site-packages/airflow/example_dags/example_branch_operator.py for tasks to queue
[2023-05-02T19:57:50.027+0000] {logging_mixin.py:137} INFO - [2023-05-02T19:57:50.027+0000] {dagbag.py:532} INFO - Filling up the DagBag from /home/airflow/.local/lib/python3.7/site-packages/airflow/example_dags/example_branch_operator.py
[2023-05-02T19:57:50.036+0000] {processor.py:753} INFO - DAG(s) dict_keys(['example_branch_operator']) retrieved from /home/airflow/.local/lib/python3.7/site-packages/airflow/example_dags/example_branch_operator.py
[2023-05-02T19:57:50.051+0000] {logging_mixin.py:137} INFO - [2023-05-02T19:57:50.051+0000] {dag.py:2705} INFO - Sync 1 DAGs
[2023-05-02T19:57:50.066+0000] {logging_mixin.py:137} INFO - [2023-05-02T19:57:50.066+0000] {dag.py:3456} INFO - Setting next_dagrun for example_branch_operator to 2023-05-01T00:00:00+00:00, run_after=2023-05-02T00:00:00+00:00
[2023-05-02T19:57:50.077+0000] {processor.py:175} INFO - Processing /home/airflow/.local/lib/python3.7/site-packages/airflow/example_dags/example_branch_operator.py took 0.053 seconds
[2023-05-02T19:58:20.155+0000] {processor.py:153} INFO - Started process (PID=2495) to work on /home/airflow/.local/lib/python3.7/site-packages/airflow/example_dags/example_branch_operator.py
[2023-05-02T19:58:20.155+0000] {processor.py:743} INFO - Processing file /home/airflow/.local/lib/python3.7/site-packages/airflow/example_dags/example_branch_operator.py for tasks to queue
[2023-05-02T19:58:20.155+0000] {logging_mixin.py:137} INFO - [2023-05-02T19:58:20.155+0000] {dagbag.py:532} INFO - Filling up the DagBag from /home/airflow/.local/lib/python3.7/site-packages/airflow/example_dags/example_branch_operator.py
[2023-05-02T19:58:20.165+0000] {processor.py:753} INFO - DAG(s) dict_keys(['example_branch_operator']) retrieved from /home/airflow/.local/lib/python3.7/site-packages/airflow/example_dags/example_branch_operator.py
[2023-05-02T19:58:20.181+0000] {logging_mixin.py:137} INFO - [2023-05-02T19:58:20.180+0000] {dag.py:2705} INFO - Sync 1 DAGs
[2023-05-02T19:58:20.195+0000] {logging_mixin.py:137} INFO - [2023-05-02T19:58:20.195+0000] {dag.py:3456} INFO - Setting next_dagrun for example_branch_operator to 2023-05-01T00:00:00+00:00, run_after=2023-05-02T00:00:00+00:00
[2023-05-02T19:58:20.206+0000] {processor.py:175} INFO - Processing /home/airflow/.local/lib/python3.7/site-packages/airflow/example_dags/example_branch_operator.py took 0.053 seconds
[2023-05-02T19:58:50.903+0000] {processor.py:153} INFO - Started process (PID=2547) to work on /home/airflow/.local/lib/python3.7/site-packages/airflow/example_dags/example_branch_operator.py
[2023-05-02T19:58:50.903+0000] {processor.py:743} INFO - Processing file /home/airflow/.local/lib/python3.7/site-packages/airflow/example_dags/example_branch_operator.py for tasks to queue
[2023-05-02T19:58:50.904+0000] {logging_mixin.py:137} INFO - [2023-05-02T19:58:50.904+0000] {dagbag.py:532} INFO - Filling up the DagBag from /home/airflow/.local/lib/python3.7/site-packages/airflow/example_dags/example_branch_operator.py
[2023-05-02T19:58:50.913+0000] {processor.py:753} INFO - DAG(s) dict_keys(['example_branch_operator']) retrieved from /home/airflow/.local/lib/python3.7/site-packages/airflow/example_dags/example_branch_operator.py
[2023-05-02T19:58:50.928+0000] {logging_mixin.py:137} INFO - [2023-05-02T19:58:50.928+0000] {dag.py:2705} INFO - Sync 1 DAGs
[2023-05-02T19:58:50.942+0000] {logging_mixin.py:137} INFO - [2023-05-02T19:58:50.942+0000] {dag.py:3456} INFO - Setting next_dagrun for example_branch_operator to 2023-05-01T00:00:00+00:00, run_after=2023-05-02T00:00:00+00:00
[2023-05-02T19:58:50.954+0000] {processor.py:175} INFO - Processing /home/airflow/.local/lib/python3.7/site-packages/airflow/example_dags/example_branch_operator.py took 0.052 seconds
[2023-05-02T19:59:21.693+0000] {processor.py:153} INFO - Started process (PID=2599) to work on /home/airflow/.local/lib/python3.7/site-packages/airflow/example_dags/example_branch_operator.py
[2023-05-02T19:59:21.694+0000] {processor.py:743} INFO - Processing file /home/airflow/.local/lib/python3.7/site-packages/airflow/example_dags/example_branch_operator.py for tasks to queue
[2023-05-02T19:59:21.694+0000] {logging_mixin.py:137} INFO - [2023-05-02T19:59:21.694+0000] {dagbag.py:532} INFO - Filling up the DagBag from /home/airflow/.local/lib/python3.7/site-packages/airflow/example_dags/example_branch_operator.py
[2023-05-02T19:59:21.704+0000] {processor.py:753} INFO - DAG(s) dict_keys(['example_branch_operator']) retrieved from /home/airflow/.local/lib/python3.7/site-packages/airflow/example_dags/example_branch_operator.py
[2023-05-02T19:59:21.719+0000] {logging_mixin.py:137} INFO - [2023-05-02T19:59:21.719+0000] {dag.py:2705} INFO - Sync 1 DAGs
[2023-05-02T19:59:21.734+0000] {logging_mixin.py:137} INFO - [2023-05-02T19:59:21.734+0000] {dag.py:3456} INFO - Setting next_dagrun for example_branch_operator to 2023-05-01T00:00:00+00:00, run_after=2023-05-02T00:00:00+00:00
[2023-05-02T19:59:21.746+0000] {processor.py:175} INFO - Processing /home/airflow/.local/lib/python3.7/site-packages/airflow/example_dags/example_branch_operator.py took 0.054 seconds
[2023-05-02T19:59:52.517+0000] {processor.py:153} INFO - Started process (PID=2651) to work on /home/airflow/.local/lib/python3.7/site-packages/airflow/example_dags/example_branch_operator.py
[2023-05-02T19:59:52.517+0000] {processor.py:743} INFO - Processing file /home/airflow/.local/lib/python3.7/site-packages/airflow/example_dags/example_branch_operator.py for tasks to queue
[2023-05-02T19:59:52.517+0000] {logging_mixin.py:137} INFO - [2023-05-02T19:59:52.517+0000] {dagbag.py:532} INFO - Filling up the DagBag from /home/airflow/.local/lib/python3.7/site-packages/airflow/example_dags/example_branch_operator.py
[2023-05-02T19:59:52.527+0000] {processor.py:753} INFO - DAG(s) dict_keys(['example_branch_operator']) retrieved from /home/airflow/.local/lib/python3.7/site-packages/airflow/example_dags/example_branch_operator.py
[2023-05-02T19:59:52.543+0000] {logging_mixin.py:137} INFO - [2023-05-02T19:59:52.543+0000] {dag.py:2705} INFO - Sync 1 DAGs
[2023-05-02T19:59:52.558+0000] {logging_mixin.py:137} INFO - [2023-05-02T19:59:52.558+0000] {dag.py:3456} INFO - Setting next_dagrun for example_branch_operator to 2023-05-01T00:00:00+00:00, run_after=2023-05-02T00:00:00+00:00
[2023-05-02T19:59:52.571+0000] {processor.py:175} INFO - Processing /home/airflow/.local/lib/python3.7/site-packages/airflow/example_dags/example_branch_operator.py took 0.056 seconds
[2023-05-02T20:00:23.346+0000] {processor.py:153} INFO - Started process (PID=2702) to work on /home/airflow/.local/lib/python3.7/site-packages/airflow/example_dags/example_branch_operator.py
[2023-05-02T20:00:23.347+0000] {processor.py:743} INFO - Processing file /home/airflow/.local/lib/python3.7/site-packages/airflow/example_dags/example_branch_operator.py for tasks to queue
[2023-05-02T20:00:23.347+0000] {logging_mixin.py:137} INFO - [2023-05-02T20:00:23.347+0000] {dagbag.py:532} INFO - Filling up the DagBag from /home/airflow/.local/lib/python3.7/site-packages/airflow/example_dags/example_branch_operator.py
[2023-05-02T20:00:23.357+0000] {processor.py:753} INFO - DAG(s) dict_keys(['example_branch_operator']) retrieved from /home/airflow/.local/lib/python3.7/site-packages/airflow/example_dags/example_branch_operator.py
[2023-05-02T20:00:23.373+0000] {logging_mixin.py:137} INFO - [2023-05-02T20:00:23.373+0000] {dag.py:2705} INFO - Sync 1 DAGs
[2023-05-02T20:00:23.388+0000] {logging_mixin.py:137} INFO - [2023-05-02T20:00:23.388+0000] {dag.py:3456} INFO - Setting next_dagrun for example_branch_operator to 2023-05-01T00:00:00+00:00, run_after=2023-05-02T00:00:00+00:00
[2023-05-02T20:00:23.400+0000] {processor.py:175} INFO - Processing /home/airflow/.local/lib/python3.7/site-packages/airflow/example_dags/example_branch_operator.py took 0.056 seconds
[2023-05-02T20:00:54.128+0000] {processor.py:153} INFO - Started process (PID=2754) to work on /home/airflow/.local/lib/python3.7/site-packages/airflow/example_dags/example_branch_operator.py
[2023-05-02T20:00:54.129+0000] {processor.py:743} INFO - Processing file /home/airflow/.local/lib/python3.7/site-packages/airflow/example_dags/example_branch_operator.py for tasks to queue
[2023-05-02T20:00:54.129+0000] {logging_mixin.py:137} INFO - [2023-05-02T20:00:54.129+0000] {dagbag.py:532} INFO - Filling up the DagBag from /home/airflow/.local/lib/python3.7/site-packages/airflow/example_dags/example_branch_operator.py
[2023-05-02T20:00:54.138+0000] {processor.py:753} INFO - DAG(s) dict_keys(['example_branch_operator']) retrieved from /home/airflow/.local/lib/python3.7/site-packages/airflow/example_dags/example_branch_operator.py
[2023-05-02T20:00:54.153+0000] {logging_mixin.py:137} INFO - [2023-05-02T20:00:54.153+0000] {dag.py:2705} INFO - Sync 1 DAGs
[2023-05-02T20:00:54.167+0000] {logging_mixin.py:137} INFO - [2023-05-02T20:00:54.167+0000] {dag.py:3456} INFO - Setting next_dagrun for example_branch_operator to 2023-05-01T00:00:00+00:00, run_after=2023-05-02T00:00:00+00:00
[2023-05-02T20:00:54.181+0000] {processor.py:175} INFO - Processing /home/airflow/.local/lib/python3.7/site-packages/airflow/example_dags/example_branch_operator.py took 0.054 seconds
[2023-05-02T20:01:24.906+0000] {processor.py:153} INFO - Started process (PID=2806) to work on /home/airflow/.local/lib/python3.7/site-packages/airflow/example_dags/example_branch_operator.py
[2023-05-02T20:01:24.907+0000] {processor.py:743} INFO - Processing file /home/airflow/.local/lib/python3.7/site-packages/airflow/example_dags/example_branch_operator.py for tasks to queue
[2023-05-02T20:01:24.907+0000] {logging_mixin.py:137} INFO - [2023-05-02T20:01:24.907+0000] {dagbag.py:532} INFO - Filling up the DagBag from /home/airflow/.local/lib/python3.7/site-packages/airflow/example_dags/example_branch_operator.py
[2023-05-02T20:01:24.916+0000] {processor.py:753} INFO - DAG(s) dict_keys(['example_branch_operator']) retrieved from /home/airflow/.local/lib/python3.7/site-packages/airflow/example_dags/example_branch_operator.py
[2023-05-02T20:01:24.931+0000] {logging_mixin.py:137} INFO - [2023-05-02T20:01:24.931+0000] {dag.py:2705} INFO - Sync 1 DAGs
[2023-05-02T20:01:24.946+0000] {logging_mixin.py:137} INFO - [2023-05-02T20:01:24.946+0000] {dag.py:3456} INFO - Setting next_dagrun for example_branch_operator to 2023-05-01T00:00:00+00:00, run_after=2023-05-02T00:00:00+00:00
[2023-05-02T20:01:24.957+0000] {processor.py:175} INFO - Processing /home/airflow/.local/lib/python3.7/site-packages/airflow/example_dags/example_branch_operator.py took 0.053 seconds
[2023-05-02T20:01:55.711+0000] {processor.py:153} INFO - Started process (PID=2858) to work on /home/airflow/.local/lib/python3.7/site-packages/airflow/example_dags/example_branch_operator.py
[2023-05-02T20:01:55.711+0000] {processor.py:743} INFO - Processing file /home/airflow/.local/lib/python3.7/site-packages/airflow/example_dags/example_branch_operator.py for tasks to queue
[2023-05-02T20:01:55.712+0000] {logging_mixin.py:137} INFO - [2023-05-02T20:01:55.712+0000] {dagbag.py:532} INFO - Filling up the DagBag from /home/airflow/.local/lib/python3.7/site-packages/airflow/example_dags/example_branch_operator.py
[2023-05-02T20:01:55.721+0000] {processor.py:753} INFO - DAG(s) dict_keys(['example_branch_operator']) retrieved from /home/airflow/.local/lib/python3.7/site-packages/airflow/example_dags/example_branch_operator.py
[2023-05-02T20:01:55.737+0000] {logging_mixin.py:137} INFO - [2023-05-02T20:01:55.737+0000] {dag.py:2705} INFO - Sync 1 DAGs
[2023-05-02T20:01:55.752+0000] {logging_mixin.py:137} INFO - [2023-05-02T20:01:55.752+0000] {dag.py:3456} INFO - Setting next_dagrun for example_branch_operator to 2023-05-01T00:00:00+00:00, run_after=2023-05-02T00:00:00+00:00
[2023-05-02T20:01:55.764+0000] {processor.py:175} INFO - Processing /home/airflow/.local/lib/python3.7/site-packages/airflow/example_dags/example_branch_operator.py took 0.054 seconds
[2023-05-02T20:02:26.573+0000] {processor.py:153} INFO - Started process (PID=2909) to work on /home/airflow/.local/lib/python3.7/site-packages/airflow/example_dags/example_branch_operator.py
[2023-05-02T20:02:26.573+0000] {processor.py:743} INFO - Processing file /home/airflow/.local/lib/python3.7/site-packages/airflow/example_dags/example_branch_operator.py for tasks to queue
[2023-05-02T20:02:26.574+0000] {logging_mixin.py:137} INFO - [2023-05-02T20:02:26.574+0000] {dagbag.py:532} INFO - Filling up the DagBag from /home/airflow/.local/lib/python3.7/site-packages/airflow/example_dags/example_branch_operator.py
[2023-05-02T20:02:26.583+0000] {processor.py:753} INFO - DAG(s) dict_keys(['example_branch_operator']) retrieved from /home/airflow/.local/lib/python3.7/site-packages/airflow/example_dags/example_branch_operator.py
[2023-05-02T20:02:26.598+0000] {logging_mixin.py:137} INFO - [2023-05-02T20:02:26.598+0000] {dag.py:2705} INFO - Sync 1 DAGs
[2023-05-02T20:02:26.612+0000] {logging_mixin.py:137} INFO - [2023-05-02T20:02:26.612+0000] {dag.py:3456} INFO - Setting next_dagrun for example_branch_operator to 2023-05-01T00:00:00+00:00, run_after=2023-05-02T00:00:00+00:00
[2023-05-02T20:02:26.624+0000] {processor.py:175} INFO - Processing /home/airflow/.local/lib/python3.7/site-packages/airflow/example_dags/example_branch_operator.py took 0.053 seconds
[2023-05-02T20:02:57.405+0000] {processor.py:153} INFO - Started process (PID=2961) to work on /home/airflow/.local/lib/python3.7/site-packages/airflow/example_dags/example_branch_operator.py
[2023-05-02T20:02:57.405+0000] {processor.py:743} INFO - Processing file /home/airflow/.local/lib/python3.7/site-packages/airflow/example_dags/example_branch_operator.py for tasks to queue
[2023-05-02T20:02:57.405+0000] {logging_mixin.py:137} INFO - [2023-05-02T20:02:57.405+0000] {dagbag.py:532} INFO - Filling up the DagBag from /home/airflow/.local/lib/python3.7/site-packages/airflow/example_dags/example_branch_operator.py
[2023-05-02T20:02:57.414+0000] {processor.py:753} INFO - DAG(s) dict_keys(['example_branch_operator']) retrieved from /home/airflow/.local/lib/python3.7/site-packages/airflow/example_dags/example_branch_operator.py
[2023-05-02T20:02:57.429+0000] {logging_mixin.py:137} INFO - [2023-05-02T20:02:57.429+0000] {dag.py:2705} INFO - Sync 1 DAGs
[2023-05-02T20:02:57.444+0000] {logging_mixin.py:137} INFO - [2023-05-02T20:02:57.444+0000] {dag.py:3456} INFO - Setting next_dagrun for example_branch_operator to 2023-05-01T00:00:00+00:00, run_after=2023-05-02T00:00:00+00:00
[2023-05-02T20:02:57.456+0000] {processor.py:175} INFO - Processing /home/airflow/.local/lib/python3.7/site-packages/airflow/example_dags/example_branch_operator.py took 0.053 seconds
[2023-05-02T20:03:28.256+0000] {processor.py:153} INFO - Started process (PID=3013) to work on /home/airflow/.local/lib/python3.7/site-packages/airflow/example_dags/example_branch_operator.py
[2023-05-02T20:03:28.256+0000] {processor.py:743} INFO - Processing file /home/airflow/.local/lib/python3.7/site-packages/airflow/example_dags/example_branch_operator.py for tasks to queue
[2023-05-02T20:03:28.257+0000] {logging_mixin.py:137} INFO - [2023-05-02T20:03:28.256+0000] {dagbag.py:532} INFO - Filling up the DagBag from /home/airflow/.local/lib/python3.7/site-packages/airflow/example_dags/example_branch_operator.py
[2023-05-02T20:03:28.267+0000] {processor.py:753} INFO - DAG(s) dict_keys(['example_branch_operator']) retrieved from /home/airflow/.local/lib/python3.7/site-packages/airflow/example_dags/example_branch_operator.py
[2023-05-02T20:03:28.281+0000] {logging_mixin.py:137} INFO - [2023-05-02T20:03:28.281+0000] {dag.py:2705} INFO - Sync 1 DAGs
[2023-05-02T20:03:28.296+0000] {logging_mixin.py:137} INFO - [2023-05-02T20:03:28.296+0000] {dag.py:3456} INFO - Setting next_dagrun for example_branch_operator to 2023-05-01T00:00:00+00:00, run_after=2023-05-02T00:00:00+00:00
[2023-05-02T20:03:28.308+0000] {processor.py:175} INFO - Processing /home/airflow/.local/lib/python3.7/site-packages/airflow/example_dags/example_branch_operator.py took 0.054 seconds
[2023-05-02T20:03:59.014+0000] {processor.py:153} INFO - Started process (PID=3065) to work on /home/airflow/.local/lib/python3.7/site-packages/airflow/example_dags/example_branch_operator.py
[2023-05-02T20:03:59.015+0000] {processor.py:743} INFO - Processing file /home/airflow/.local/lib/python3.7/site-packages/airflow/example_dags/example_branch_operator.py for tasks to queue
[2023-05-02T20:03:59.015+0000] {logging_mixin.py:137} INFO - [2023-05-02T20:03:59.015+0000] {dagbag.py:532} INFO - Filling up the DagBag from /home/airflow/.local/lib/python3.7/site-packages/airflow/example_dags/example_branch_operator.py
[2023-05-02T20:03:59.024+0000] {processor.py:753} INFO - DAG(s) dict_keys(['example_branch_operator']) retrieved from /home/airflow/.local/lib/python3.7/site-packages/airflow/example_dags/example_branch_operator.py
[2023-05-02T20:03:59.039+0000] {logging_mixin.py:137} INFO - [2023-05-02T20:03:59.039+0000] {dag.py:2705} INFO - Sync 1 DAGs
[2023-05-02T20:03:59.053+0000] {logging_mixin.py:137} INFO - [2023-05-02T20:03:59.053+0000] {dag.py:3456} INFO - Setting next_dagrun for example_branch_operator to 2023-05-01T00:00:00+00:00, run_after=2023-05-02T00:00:00+00:00
[2023-05-02T20:03:59.064+0000] {processor.py:175} INFO - Processing /home/airflow/.local/lib/python3.7/site-packages/airflow/example_dags/example_branch_operator.py took 0.052 seconds
[2023-05-02T20:04:29.764+0000] {processor.py:153} INFO - Started process (PID=3117) to work on /home/airflow/.local/lib/python3.7/site-packages/airflow/example_dags/example_branch_operator.py
[2023-05-02T20:04:29.765+0000] {processor.py:743} INFO - Processing file /home/airflow/.local/lib/python3.7/site-packages/airflow/example_dags/example_branch_operator.py for tasks to queue
[2023-05-02T20:04:29.765+0000] {logging_mixin.py:137} INFO - [2023-05-02T20:04:29.765+0000] {dagbag.py:532} INFO - Filling up the DagBag from /home/airflow/.local/lib/python3.7/site-packages/airflow/example_dags/example_branch_operator.py
[2023-05-02T20:04:29.774+0000] {processor.py:753} INFO - DAG(s) dict_keys(['example_branch_operator']) retrieved from /home/airflow/.local/lib/python3.7/site-packages/airflow/example_dags/example_branch_operator.py
[2023-05-02T20:04:29.789+0000] {logging_mixin.py:137} INFO - [2023-05-02T20:04:29.789+0000] {dag.py:2705} INFO - Sync 1 DAGs
[2023-05-02T20:04:29.804+0000] {logging_mixin.py:137} INFO - [2023-05-02T20:04:29.804+0000] {dag.py:3456} INFO - Setting next_dagrun for example_branch_operator to 2023-05-01T00:00:00+00:00, run_after=2023-05-02T00:00:00+00:00
[2023-05-02T20:04:29.816+0000] {processor.py:175} INFO - Processing /home/airflow/.local/lib/python3.7/site-packages/airflow/example_dags/example_branch_operator.py took 0.053 seconds
[2023-05-02T20:05:00.562+0000] {processor.py:153} INFO - Started process (PID=3169) to work on /home/airflow/.local/lib/python3.7/site-packages/airflow/example_dags/example_branch_operator.py
[2023-05-02T20:05:00.563+0000] {processor.py:743} INFO - Processing file /home/airflow/.local/lib/python3.7/site-packages/airflow/example_dags/example_branch_operator.py for tasks to queue
[2023-05-02T20:05:00.563+0000] {logging_mixin.py:137} INFO - [2023-05-02T20:05:00.563+0000] {dagbag.py:532} INFO - Filling up the DagBag from /home/airflow/.local/lib/python3.7/site-packages/airflow/example_dags/example_branch_operator.py
[2023-05-02T20:05:00.572+0000] {processor.py:753} INFO - DAG(s) dict_keys(['example_branch_operator']) retrieved from /home/airflow/.local/lib/python3.7/site-packages/airflow/example_dags/example_branch_operator.py
[2023-05-02T20:05:00.587+0000] {logging_mixin.py:137} INFO - [2023-05-02T20:05:00.587+0000] {dag.py:2705} INFO - Sync 1 DAGs
[2023-05-02T20:05:00.602+0000] {logging_mixin.py:137} INFO - [2023-05-02T20:05:00.602+0000] {dag.py:3456} INFO - Setting next_dagrun for example_branch_operator to 2023-05-01T00:00:00+00:00, run_after=2023-05-02T00:00:00+00:00
[2023-05-02T20:05:00.613+0000] {processor.py:175} INFO - Processing /home/airflow/.local/lib/python3.7/site-packages/airflow/example_dags/example_branch_operator.py took 0.053 seconds
[2023-05-02T20:05:31.320+0000] {processor.py:153} INFO - Started process (PID=3221) to work on /home/airflow/.local/lib/python3.7/site-packages/airflow/example_dags/example_branch_operator.py
[2023-05-02T20:05:31.321+0000] {processor.py:743} INFO - Processing file /home/airflow/.local/lib/python3.7/site-packages/airflow/example_dags/example_branch_operator.py for tasks to queue
[2023-05-02T20:05:31.321+0000] {logging_mixin.py:137} INFO - [2023-05-02T20:05:31.321+0000] {dagbag.py:532} INFO - Filling up the DagBag from /home/airflow/.local/lib/python3.7/site-packages/airflow/example_dags/example_branch_operator.py
[2023-05-02T20:05:31.330+0000] {processor.py:753} INFO - DAG(s) dict_keys(['example_branch_operator']) retrieved from /home/airflow/.local/lib/python3.7/site-packages/airflow/example_dags/example_branch_operator.py
[2023-05-02T20:05:31.346+0000] {logging_mixin.py:137} INFO - [2023-05-02T20:05:31.346+0000] {dag.py:2705} INFO - Sync 1 DAGs
[2023-05-02T20:05:31.360+0000] {logging_mixin.py:137} INFO - [2023-05-02T20:05:31.360+0000] {dag.py:3456} INFO - Setting next_dagrun for example_branch_operator to 2023-05-01T00:00:00+00:00, run_after=2023-05-02T00:00:00+00:00
[2023-05-02T20:05:31.372+0000] {processor.py:175} INFO - Processing /home/airflow/.local/lib/python3.7/site-packages/airflow/example_dags/example_branch_operator.py took 0.053 seconds
[2023-05-02T20:06:02.179+0000] {processor.py:153} INFO - Started process (PID=3273) to work on /home/airflow/.local/lib/python3.7/site-packages/airflow/example_dags/example_branch_operator.py
[2023-05-02T20:06:02.179+0000] {processor.py:743} INFO - Processing file /home/airflow/.local/lib/python3.7/site-packages/airflow/example_dags/example_branch_operator.py for tasks to queue
[2023-05-02T20:06:02.179+0000] {logging_mixin.py:137} INFO - [2023-05-02T20:06:02.179+0000] {dagbag.py:532} INFO - Filling up the DagBag from /home/airflow/.local/lib/python3.7/site-packages/airflow/example_dags/example_branch_operator.py
[2023-05-02T20:06:02.189+0000] {processor.py:753} INFO - DAG(s) dict_keys(['example_branch_operator']) retrieved from /home/airflow/.local/lib/python3.7/site-packages/airflow/example_dags/example_branch_operator.py
[2023-05-02T20:06:02.204+0000] {logging_mixin.py:137} INFO - [2023-05-02T20:06:02.204+0000] {dag.py:2705} INFO - Sync 1 DAGs
[2023-05-02T20:06:02.218+0000] {logging_mixin.py:137} INFO - [2023-05-02T20:06:02.218+0000] {dag.py:3456} INFO - Setting next_dagrun for example_branch_operator to 2023-05-01T00:00:00+00:00, run_after=2023-05-02T00:00:00+00:00
[2023-05-02T20:06:02.230+0000] {processor.py:175} INFO - Processing /home/airflow/.local/lib/python3.7/site-packages/airflow/example_dags/example_branch_operator.py took 0.053 seconds
[2023-05-02T20:06:33.047+0000] {processor.py:153} INFO - Started process (PID=3325) to work on /home/airflow/.local/lib/python3.7/site-packages/airflow/example_dags/example_branch_operator.py
[2023-05-02T20:06:33.047+0000] {processor.py:743} INFO - Processing file /home/airflow/.local/lib/python3.7/site-packages/airflow/example_dags/example_branch_operator.py for tasks to queue
[2023-05-02T20:06:33.048+0000] {logging_mixin.py:137} INFO - [2023-05-02T20:06:33.048+0000] {dagbag.py:532} INFO - Filling up the DagBag from /home/airflow/.local/lib/python3.7/site-packages/airflow/example_dags/example_branch_operator.py
[2023-05-02T20:06:33.057+0000] {processor.py:753} INFO - DAG(s) dict_keys(['example_branch_operator']) retrieved from /home/airflow/.local/lib/python3.7/site-packages/airflow/example_dags/example_branch_operator.py
[2023-05-02T20:06:33.072+0000] {logging_mixin.py:137} INFO - [2023-05-02T20:06:33.072+0000] {dag.py:2705} INFO - Sync 1 DAGs
[2023-05-02T20:06:33.087+0000] {logging_mixin.py:137} INFO - [2023-05-02T20:06:33.087+0000] {dag.py:3456} INFO - Setting next_dagrun for example_branch_operator to 2023-05-01T00:00:00+00:00, run_after=2023-05-02T00:00:00+00:00
[2023-05-02T20:06:33.098+0000] {processor.py:175} INFO - Processing /home/airflow/.local/lib/python3.7/site-packages/airflow/example_dags/example_branch_operator.py took 0.053 seconds
[2023-05-02T20:07:03.929+0000] {processor.py:153} INFO - Started process (PID=3378) to work on /home/airflow/.local/lib/python3.7/site-packages/airflow/example_dags/example_branch_operator.py
[2023-05-02T20:07:03.929+0000] {processor.py:743} INFO - Processing file /home/airflow/.local/lib/python3.7/site-packages/airflow/example_dags/example_branch_operator.py for tasks to queue
[2023-05-02T20:07:03.930+0000] {logging_mixin.py:137} INFO - [2023-05-02T20:07:03.930+0000] {dagbag.py:532} INFO - Filling up the DagBag from /home/airflow/.local/lib/python3.7/site-packages/airflow/example_dags/example_branch_operator.py
[2023-05-02T20:07:03.939+0000] {processor.py:753} INFO - DAG(s) dict_keys(['example_branch_operator']) retrieved from /home/airflow/.local/lib/python3.7/site-packages/airflow/example_dags/example_branch_operator.py
[2023-05-02T20:07:03.954+0000] {logging_mixin.py:137} INFO - [2023-05-02T20:07:03.954+0000] {dag.py:2705} INFO - Sync 1 DAGs
[2023-05-02T20:07:03.969+0000] {logging_mixin.py:137} INFO - [2023-05-02T20:07:03.969+0000] {dag.py:3456} INFO - Setting next_dagrun for example_branch_operator to 2023-05-01T00:00:00+00:00, run_after=2023-05-02T00:00:00+00:00
[2023-05-02T20:07:03.983+0000] {processor.py:175} INFO - Processing /home/airflow/.local/lib/python3.7/site-packages/airflow/example_dags/example_branch_operator.py took 0.056 seconds
[2023-05-02T20:07:34.714+0000] {processor.py:153} INFO - Started process (PID=3429) to work on /home/airflow/.local/lib/python3.7/site-packages/airflow/example_dags/example_branch_operator.py
[2023-05-02T20:07:34.714+0000] {processor.py:743} INFO - Processing file /home/airflow/.local/lib/python3.7/site-packages/airflow/example_dags/example_branch_operator.py for tasks to queue
[2023-05-02T20:07:34.715+0000] {logging_mixin.py:137} INFO - [2023-05-02T20:07:34.715+0000] {dagbag.py:532} INFO - Filling up the DagBag from /home/airflow/.local/lib/python3.7/site-packages/airflow/example_dags/example_branch_operator.py
[2023-05-02T20:07:34.724+0000] {processor.py:753} INFO - DAG(s) dict_keys(['example_branch_operator']) retrieved from /home/airflow/.local/lib/python3.7/site-packages/airflow/example_dags/example_branch_operator.py
[2023-05-02T20:07:34.739+0000] {logging_mixin.py:137} INFO - [2023-05-02T20:07:34.739+0000] {dag.py:2705} INFO - Sync 1 DAGs
[2023-05-02T20:07:34.754+0000] {logging_mixin.py:137} INFO - [2023-05-02T20:07:34.753+0000] {dag.py:3456} INFO - Setting next_dagrun for example_branch_operator to 2023-05-01T00:00:00+00:00, run_after=2023-05-02T00:00:00+00:00
[2023-05-02T20:07:34.765+0000] {processor.py:175} INFO - Processing /home/airflow/.local/lib/python3.7/site-packages/airflow/example_dags/example_branch_operator.py took 0.053 seconds
[2023-05-02T20:08:05.645+0000] {processor.py:153} INFO - Started process (PID=3481) to work on /home/airflow/.local/lib/python3.7/site-packages/airflow/example_dags/example_branch_operator.py
[2023-05-02T20:08:05.646+0000] {processor.py:743} INFO - Processing file /home/airflow/.local/lib/python3.7/site-packages/airflow/example_dags/example_branch_operator.py for tasks to queue
[2023-05-02T20:08:05.646+0000] {logging_mixin.py:137} INFO - [2023-05-02T20:08:05.646+0000] {dagbag.py:532} INFO - Filling up the DagBag from /home/airflow/.local/lib/python3.7/site-packages/airflow/example_dags/example_branch_operator.py
[2023-05-02T20:08:05.655+0000] {processor.py:753} INFO - DAG(s) dict_keys(['example_branch_operator']) retrieved from /home/airflow/.local/lib/python3.7/site-packages/airflow/example_dags/example_branch_operator.py
[2023-05-02T20:08:05.670+0000] {logging_mixin.py:137} INFO - [2023-05-02T20:08:05.670+0000] {dag.py:2705} INFO - Sync 1 DAGs
[2023-05-02T20:08:05.685+0000] {logging_mixin.py:137} INFO - [2023-05-02T20:08:05.685+0000] {dag.py:3456} INFO - Setting next_dagrun for example_branch_operator to 2023-05-01T00:00:00+00:00, run_after=2023-05-02T00:00:00+00:00
[2023-05-02T20:08:05.696+0000] {processor.py:175} INFO - Processing /home/airflow/.local/lib/python3.7/site-packages/airflow/example_dags/example_branch_operator.py took 0.052 seconds
[2023-05-02T20:08:36.506+0000] {processor.py:153} INFO - Started process (PID=3533) to work on /home/airflow/.local/lib/python3.7/site-packages/airflow/example_dags/example_branch_operator.py
[2023-05-02T20:08:36.507+0000] {processor.py:743} INFO - Processing file /home/airflow/.local/lib/python3.7/site-packages/airflow/example_dags/example_branch_operator.py for tasks to queue
[2023-05-02T20:08:36.507+0000] {logging_mixin.py:137} INFO - [2023-05-02T20:08:36.507+0000] {dagbag.py:532} INFO - Filling up the DagBag from /home/airflow/.local/lib/python3.7/site-packages/airflow/example_dags/example_branch_operator.py
[2023-05-02T20:08:36.516+0000] {processor.py:753} INFO - DAG(s) dict_keys(['example_branch_operator']) retrieved from /home/airflow/.local/lib/python3.7/site-packages/airflow/example_dags/example_branch_operator.py
[2023-05-02T20:08:36.531+0000] {logging_mixin.py:137} INFO - [2023-05-02T20:08:36.531+0000] {dag.py:2705} INFO - Sync 1 DAGs
[2023-05-02T20:08:36.546+0000] {logging_mixin.py:137} INFO - [2023-05-02T20:08:36.546+0000] {dag.py:3456} INFO - Setting next_dagrun for example_branch_operator to 2023-05-01T00:00:00+00:00, run_after=2023-05-02T00:00:00+00:00
[2023-05-02T20:08:36.558+0000] {processor.py:175} INFO - Processing /home/airflow/.local/lib/python3.7/site-packages/airflow/example_dags/example_branch_operator.py took 0.053 seconds
[2023-05-02T20:09:07.384+0000] {processor.py:153} INFO - Started process (PID=3585) to work on /home/airflow/.local/lib/python3.7/site-packages/airflow/example_dags/example_branch_operator.py
[2023-05-02T20:09:07.385+0000] {processor.py:743} INFO - Processing file /home/airflow/.local/lib/python3.7/site-packages/airflow/example_dags/example_branch_operator.py for tasks to queue
[2023-05-02T20:09:07.385+0000] {logging_mixin.py:137} INFO - [2023-05-02T20:09:07.385+0000] {dagbag.py:532} INFO - Filling up the DagBag from /home/airflow/.local/lib/python3.7/site-packages/airflow/example_dags/example_branch_operator.py
[2023-05-02T20:09:07.394+0000] {processor.py:753} INFO - DAG(s) dict_keys(['example_branch_operator']) retrieved from /home/airflow/.local/lib/python3.7/site-packages/airflow/example_dags/example_branch_operator.py
[2023-05-02T20:09:07.409+0000] {logging_mixin.py:137} INFO - [2023-05-02T20:09:07.409+0000] {dag.py:2705} INFO - Sync 1 DAGs
[2023-05-02T20:09:07.424+0000] {logging_mixin.py:137} INFO - [2023-05-02T20:09:07.423+0000] {dag.py:3456} INFO - Setting next_dagrun for example_branch_operator to 2023-05-01T00:00:00+00:00, run_after=2023-05-02T00:00:00+00:00
[2023-05-02T20:09:07.438+0000] {processor.py:175} INFO - Processing /home/airflow/.local/lib/python3.7/site-packages/airflow/example_dags/example_branch_operator.py took 0.055 seconds
[2023-05-02T20:09:38.288+0000] {processor.py:153} INFO - Started process (PID=3637) to work on /home/airflow/.local/lib/python3.7/site-packages/airflow/example_dags/example_branch_operator.py
[2023-05-02T20:09:38.289+0000] {processor.py:743} INFO - Processing file /home/airflow/.local/lib/python3.7/site-packages/airflow/example_dags/example_branch_operator.py for tasks to queue
[2023-05-02T20:09:38.289+0000] {logging_mixin.py:137} INFO - [2023-05-02T20:09:38.289+0000] {dagbag.py:532} INFO - Filling up the DagBag from /home/airflow/.local/lib/python3.7/site-packages/airflow/example_dags/example_branch_operator.py
[2023-05-02T20:09:38.300+0000] {processor.py:753} INFO - DAG(s) dict_keys(['example_branch_operator']) retrieved from /home/airflow/.local/lib/python3.7/site-packages/airflow/example_dags/example_branch_operator.py
[2023-05-02T20:09:38.318+0000] {logging_mixin.py:137} INFO - [2023-05-02T20:09:38.318+0000] {dag.py:2705} INFO - Sync 1 DAGs
[2023-05-02T20:09:38.334+0000] {logging_mixin.py:137} INFO - [2023-05-02T20:09:38.334+0000] {dag.py:3456} INFO - Setting next_dagrun for example_branch_operator to 2023-05-01T00:00:00+00:00, run_after=2023-05-02T00:00:00+00:00
[2023-05-02T20:09:38.346+0000] {processor.py:175} INFO - Processing /home/airflow/.local/lib/python3.7/site-packages/airflow/example_dags/example_branch_operator.py took 0.060 seconds
