[2023-05-02T19:07:29.638+0000] {processor.py:153} INFO - Started process (PID=67) to work on /home/airflow/.local/lib/python3.7/site-packages/airflow/example_dags/example_sla_dag.py
[2023-05-02T19:07:29.639+0000] {processor.py:743} INFO - Processing file /home/airflow/.local/lib/python3.7/site-packages/airflow/example_dags/example_sla_dag.py for tasks to queue
[2023-05-02T19:07:29.639+0000] {logging_mixin.py:137} INFO - [2023-05-02T19:07:29.639+0000] {dagbag.py:532} INFO - Filling up the DagBag from /home/airflow/.local/lib/python3.7/site-packages/airflow/example_dags/example_sla_dag.py
[2023-05-02T19:07:29.662+0000] {processor.py:753} INFO - DAG(s) dict_keys(['example_sla_dag']) retrieved from /home/airflow/.local/lib/python3.7/site-packages/airflow/example_dags/example_sla_dag.py
[2023-05-02T19:07:29.683+0000] {logging_mixin.py:137} INFO - [2023-05-02T19:07:29.683+0000] {dag.py:2705} INFO - Sync 1 DAGs
[2023-05-02T19:07:29.707+0000] {logging_mixin.py:137} INFO - [2023-05-02T19:07:29.707+0000] {dag.py:3456} INFO - Setting next_dagrun for example_sla_dag to 2023-05-02T19:04:00+00:00, run_after=2023-05-02T19:06:00+00:00
[2023-05-02T19:07:29.724+0000] {processor.py:175} INFO - Processing /home/airflow/.local/lib/python3.7/site-packages/airflow/example_dags/example_sla_dag.py took 0.088 seconds
[2023-05-02T19:34:20.280+0000] {processor.py:153} INFO - Started process (PID=67) to work on /home/airflow/.local/lib/python3.7/site-packages/airflow/example_dags/example_sla_dag.py
[2023-05-02T19:34:20.280+0000] {processor.py:743} INFO - Processing file /home/airflow/.local/lib/python3.7/site-packages/airflow/example_dags/example_sla_dag.py for tasks to queue
[2023-05-02T19:34:20.281+0000] {logging_mixin.py:137} INFO - [2023-05-02T19:34:20.281+0000] {dagbag.py:532} INFO - Filling up the DagBag from /home/airflow/.local/lib/python3.7/site-packages/airflow/example_dags/example_sla_dag.py
[2023-05-02T19:34:20.296+0000] {processor.py:753} INFO - DAG(s) dict_keys(['example_sla_dag']) retrieved from /home/airflow/.local/lib/python3.7/site-packages/airflow/example_dags/example_sla_dag.py
[2023-05-02T19:34:20.304+0000] {logging_mixin.py:137} INFO - [2023-05-02T19:34:20.303+0000] {dag.py:2705} INFO - Sync 1 DAGs
[2023-05-02T19:34:20.321+0000] {logging_mixin.py:137} INFO - [2023-05-02T19:34:20.321+0000] {dag.py:3456} INFO - Setting next_dagrun for example_sla_dag to 2023-05-02T19:32:00+00:00, run_after=2023-05-02T19:34:00+00:00
[2023-05-02T19:34:20.334+0000] {processor.py:175} INFO - Processing /home/airflow/.local/lib/python3.7/site-packages/airflow/example_dags/example_sla_dag.py took 0.056 seconds
[2023-05-02T19:34:51.193+0000] {processor.py:153} INFO - Started process (PID=119) to work on /home/airflow/.local/lib/python3.7/site-packages/airflow/example_dags/example_sla_dag.py
[2023-05-02T19:34:51.193+0000] {processor.py:743} INFO - Processing file /home/airflow/.local/lib/python3.7/site-packages/airflow/example_dags/example_sla_dag.py for tasks to queue
[2023-05-02T19:34:51.193+0000] {logging_mixin.py:137} INFO - [2023-05-02T19:34:51.193+0000] {dagbag.py:532} INFO - Filling up the DagBag from /home/airflow/.local/lib/python3.7/site-packages/airflow/example_dags/example_sla_dag.py
[2023-05-02T19:34:51.206+0000] {processor.py:753} INFO - DAG(s) dict_keys(['example_sla_dag']) retrieved from /home/airflow/.local/lib/python3.7/site-packages/airflow/example_dags/example_sla_dag.py
[2023-05-02T19:34:51.220+0000] {logging_mixin.py:137} INFO - [2023-05-02T19:34:51.220+0000] {dag.py:2705} INFO - Sync 1 DAGs
[2023-05-02T19:34:51.236+0000] {logging_mixin.py:137} INFO - [2023-05-02T19:34:51.236+0000] {dag.py:3456} INFO - Setting next_dagrun for example_sla_dag to 2023-05-02T19:32:00+00:00, run_after=2023-05-02T19:34:00+00:00
[2023-05-02T19:34:51.247+0000] {processor.py:175} INFO - Processing /home/airflow/.local/lib/python3.7/site-packages/airflow/example_dags/example_sla_dag.py took 0.056 seconds
[2023-05-02T19:35:21.936+0000] {processor.py:153} INFO - Started process (PID=171) to work on /home/airflow/.local/lib/python3.7/site-packages/airflow/example_dags/example_sla_dag.py
[2023-05-02T19:35:21.936+0000] {processor.py:743} INFO - Processing file /home/airflow/.local/lib/python3.7/site-packages/airflow/example_dags/example_sla_dag.py for tasks to queue
[2023-05-02T19:35:21.936+0000] {logging_mixin.py:137} INFO - [2023-05-02T19:35:21.936+0000] {dagbag.py:532} INFO - Filling up the DagBag from /home/airflow/.local/lib/python3.7/site-packages/airflow/example_dags/example_sla_dag.py
[2023-05-02T19:35:21.950+0000] {processor.py:753} INFO - DAG(s) dict_keys(['example_sla_dag']) retrieved from /home/airflow/.local/lib/python3.7/site-packages/airflow/example_dags/example_sla_dag.py
[2023-05-02T19:35:21.965+0000] {logging_mixin.py:137} INFO - [2023-05-02T19:35:21.965+0000] {dag.py:2705} INFO - Sync 1 DAGs
[2023-05-02T19:35:21.981+0000] {logging_mixin.py:137} INFO - [2023-05-02T19:35:21.981+0000] {dag.py:3456} INFO - Setting next_dagrun for example_sla_dag to 2023-05-02T19:32:00+00:00, run_after=2023-05-02T19:34:00+00:00
[2023-05-02T19:35:21.993+0000] {processor.py:175} INFO - Processing /home/airflow/.local/lib/python3.7/site-packages/airflow/example_dags/example_sla_dag.py took 0.059 seconds
[2023-05-02T19:35:53.023+0000] {processor.py:153} INFO - Started process (PID=223) to work on /home/airflow/.local/lib/python3.7/site-packages/airflow/example_dags/example_sla_dag.py
[2023-05-02T19:35:53.024+0000] {processor.py:743} INFO - Processing file /home/airflow/.local/lib/python3.7/site-packages/airflow/example_dags/example_sla_dag.py for tasks to queue
[2023-05-02T19:35:53.024+0000] {logging_mixin.py:137} INFO - [2023-05-02T19:35:53.024+0000] {dagbag.py:532} INFO - Filling up the DagBag from /home/airflow/.local/lib/python3.7/site-packages/airflow/example_dags/example_sla_dag.py
[2023-05-02T19:35:53.037+0000] {processor.py:753} INFO - DAG(s) dict_keys(['example_sla_dag']) retrieved from /home/airflow/.local/lib/python3.7/site-packages/airflow/example_dags/example_sla_dag.py
[2023-05-02T19:35:53.051+0000] {logging_mixin.py:137} INFO - [2023-05-02T19:35:53.051+0000] {dag.py:2705} INFO - Sync 1 DAGs
[2023-05-02T19:35:53.067+0000] {logging_mixin.py:137} INFO - [2023-05-02T19:35:53.067+0000] {dag.py:3456} INFO - Setting next_dagrun for example_sla_dag to 2023-05-02T19:32:00+00:00, run_after=2023-05-02T19:34:00+00:00
[2023-05-02T19:35:53.079+0000] {processor.py:175} INFO - Processing /home/airflow/.local/lib/python3.7/site-packages/airflow/example_dags/example_sla_dag.py took 0.058 seconds
[2023-05-02T19:36:23.831+0000] {processor.py:153} INFO - Started process (PID=275) to work on /home/airflow/.local/lib/python3.7/site-packages/airflow/example_dags/example_sla_dag.py
[2023-05-02T19:36:23.832+0000] {processor.py:743} INFO - Processing file /home/airflow/.local/lib/python3.7/site-packages/airflow/example_dags/example_sla_dag.py for tasks to queue
[2023-05-02T19:36:23.832+0000] {logging_mixin.py:137} INFO - [2023-05-02T19:36:23.832+0000] {dagbag.py:532} INFO - Filling up the DagBag from /home/airflow/.local/lib/python3.7/site-packages/airflow/example_dags/example_sla_dag.py
[2023-05-02T19:36:23.845+0000] {processor.py:753} INFO - DAG(s) dict_keys(['example_sla_dag']) retrieved from /home/airflow/.local/lib/python3.7/site-packages/airflow/example_dags/example_sla_dag.py
[2023-05-02T19:36:23.859+0000] {logging_mixin.py:137} INFO - [2023-05-02T19:36:23.859+0000] {dag.py:2705} INFO - Sync 1 DAGs
[2023-05-02T19:36:23.876+0000] {logging_mixin.py:137} INFO - [2023-05-02T19:36:23.876+0000] {dag.py:3456} INFO - Setting next_dagrun for example_sla_dag to 2023-05-02T19:34:00+00:00, run_after=2023-05-02T19:36:00+00:00
[2023-05-02T19:36:23.888+0000] {processor.py:175} INFO - Processing /home/airflow/.local/lib/python3.7/site-packages/airflow/example_dags/example_sla_dag.py took 0.059 seconds
[2023-05-02T19:36:54.658+0000] {processor.py:153} INFO - Started process (PID=327) to work on /home/airflow/.local/lib/python3.7/site-packages/airflow/example_dags/example_sla_dag.py
[2023-05-02T19:36:54.659+0000] {processor.py:743} INFO - Processing file /home/airflow/.local/lib/python3.7/site-packages/airflow/example_dags/example_sla_dag.py for tasks to queue
[2023-05-02T19:36:54.659+0000] {logging_mixin.py:137} INFO - [2023-05-02T19:36:54.659+0000] {dagbag.py:532} INFO - Filling up the DagBag from /home/airflow/.local/lib/python3.7/site-packages/airflow/example_dags/example_sla_dag.py
[2023-05-02T19:36:54.672+0000] {processor.py:753} INFO - DAG(s) dict_keys(['example_sla_dag']) retrieved from /home/airflow/.local/lib/python3.7/site-packages/airflow/example_dags/example_sla_dag.py
[2023-05-02T19:36:54.688+0000] {logging_mixin.py:137} INFO - [2023-05-02T19:36:54.687+0000] {dag.py:2705} INFO - Sync 1 DAGs
[2023-05-02T19:36:54.703+0000] {logging_mixin.py:137} INFO - [2023-05-02T19:36:54.703+0000] {dag.py:3456} INFO - Setting next_dagrun for example_sla_dag to 2023-05-02T19:34:00+00:00, run_after=2023-05-02T19:36:00+00:00
[2023-05-02T19:36:54.714+0000] {processor.py:175} INFO - Processing /home/airflow/.local/lib/python3.7/site-packages/airflow/example_dags/example_sla_dag.py took 0.057 seconds
[2023-05-02T19:37:25.524+0000] {processor.py:153} INFO - Started process (PID=379) to work on /home/airflow/.local/lib/python3.7/site-packages/airflow/example_dags/example_sla_dag.py
[2023-05-02T19:37:25.524+0000] {processor.py:743} INFO - Processing file /home/airflow/.local/lib/python3.7/site-packages/airflow/example_dags/example_sla_dag.py for tasks to queue
[2023-05-02T19:37:25.524+0000] {logging_mixin.py:137} INFO - [2023-05-02T19:37:25.524+0000] {dagbag.py:532} INFO - Filling up the DagBag from /home/airflow/.local/lib/python3.7/site-packages/airflow/example_dags/example_sla_dag.py
[2023-05-02T19:37:25.539+0000] {processor.py:753} INFO - DAG(s) dict_keys(['example_sla_dag']) retrieved from /home/airflow/.local/lib/python3.7/site-packages/airflow/example_dags/example_sla_dag.py
[2023-05-02T19:37:25.554+0000] {logging_mixin.py:137} INFO - [2023-05-02T19:37:25.554+0000] {dag.py:2705} INFO - Sync 1 DAGs
[2023-05-02T19:37:25.571+0000] {logging_mixin.py:137} INFO - [2023-05-02T19:37:25.571+0000] {dag.py:3456} INFO - Setting next_dagrun for example_sla_dag to 2023-05-02T19:34:00+00:00, run_after=2023-05-02T19:36:00+00:00
[2023-05-02T19:37:25.582+0000] {processor.py:175} INFO - Processing /home/airflow/.local/lib/python3.7/site-packages/airflow/example_dags/example_sla_dag.py took 0.060 seconds
[2023-05-02T19:37:56.591+0000] {processor.py:153} INFO - Started process (PID=431) to work on /home/airflow/.local/lib/python3.7/site-packages/airflow/example_dags/example_sla_dag.py
[2023-05-02T19:37:56.592+0000] {processor.py:743} INFO - Processing file /home/airflow/.local/lib/python3.7/site-packages/airflow/example_dags/example_sla_dag.py for tasks to queue
[2023-05-02T19:37:56.592+0000] {logging_mixin.py:137} INFO - [2023-05-02T19:37:56.592+0000] {dagbag.py:532} INFO - Filling up the DagBag from /home/airflow/.local/lib/python3.7/site-packages/airflow/example_dags/example_sla_dag.py
[2023-05-02T19:37:56.607+0000] {processor.py:753} INFO - DAG(s) dict_keys(['example_sla_dag']) retrieved from /home/airflow/.local/lib/python3.7/site-packages/airflow/example_dags/example_sla_dag.py
[2023-05-02T19:37:56.621+0000] {logging_mixin.py:137} INFO - [2023-05-02T19:37:56.621+0000] {dag.py:2705} INFO - Sync 1 DAGs
[2023-05-02T19:37:56.638+0000] {logging_mixin.py:137} INFO - [2023-05-02T19:37:56.638+0000] {dag.py:3456} INFO - Setting next_dagrun for example_sla_dag to 2023-05-02T19:34:00+00:00, run_after=2023-05-02T19:36:00+00:00
[2023-05-02T19:37:56.649+0000] {processor.py:175} INFO - Processing /home/airflow/.local/lib/python3.7/site-packages/airflow/example_dags/example_sla_dag.py took 0.059 seconds
[2023-05-02T19:38:27.622+0000] {processor.py:153} INFO - Started process (PID=483) to work on /home/airflow/.local/lib/python3.7/site-packages/airflow/example_dags/example_sla_dag.py
[2023-05-02T19:38:27.623+0000] {processor.py:743} INFO - Processing file /home/airflow/.local/lib/python3.7/site-packages/airflow/example_dags/example_sla_dag.py for tasks to queue
[2023-05-02T19:38:27.623+0000] {logging_mixin.py:137} INFO - [2023-05-02T19:38:27.623+0000] {dagbag.py:532} INFO - Filling up the DagBag from /home/airflow/.local/lib/python3.7/site-packages/airflow/example_dags/example_sla_dag.py
[2023-05-02T19:38:27.637+0000] {processor.py:753} INFO - DAG(s) dict_keys(['example_sla_dag']) retrieved from /home/airflow/.local/lib/python3.7/site-packages/airflow/example_dags/example_sla_dag.py
[2023-05-02T19:38:27.652+0000] {logging_mixin.py:137} INFO - [2023-05-02T19:38:27.652+0000] {dag.py:2705} INFO - Sync 1 DAGs
[2023-05-02T19:38:27.669+0000] {logging_mixin.py:137} INFO - [2023-05-02T19:38:27.669+0000] {dag.py:3456} INFO - Setting next_dagrun for example_sla_dag to 2023-05-02T19:36:00+00:00, run_after=2023-05-02T19:38:00+00:00
[2023-05-02T19:38:27.680+0000] {processor.py:175} INFO - Processing /home/airflow/.local/lib/python3.7/site-packages/airflow/example_dags/example_sla_dag.py took 0.059 seconds
[2023-05-02T19:38:57.855+0000] {processor.py:153} INFO - Started process (PID=535) to work on /home/airflow/.local/lib/python3.7/site-packages/airflow/example_dags/example_sla_dag.py
[2023-05-02T19:38:57.856+0000] {processor.py:743} INFO - Processing file /home/airflow/.local/lib/python3.7/site-packages/airflow/example_dags/example_sla_dag.py for tasks to queue
[2023-05-02T19:38:57.856+0000] {logging_mixin.py:137} INFO - [2023-05-02T19:38:57.856+0000] {dagbag.py:532} INFO - Filling up the DagBag from /home/airflow/.local/lib/python3.7/site-packages/airflow/example_dags/example_sla_dag.py
[2023-05-02T19:38:57.870+0000] {processor.py:753} INFO - DAG(s) dict_keys(['example_sla_dag']) retrieved from /home/airflow/.local/lib/python3.7/site-packages/airflow/example_dags/example_sla_dag.py
[2023-05-02T19:38:57.885+0000] {logging_mixin.py:137} INFO - [2023-05-02T19:38:57.885+0000] {dag.py:2705} INFO - Sync 1 DAGs
[2023-05-02T19:38:57.902+0000] {logging_mixin.py:137} INFO - [2023-05-02T19:38:57.902+0000] {dag.py:3456} INFO - Setting next_dagrun for example_sla_dag to 2023-05-02T19:36:00+00:00, run_after=2023-05-02T19:38:00+00:00
[2023-05-02T19:38:57.916+0000] {processor.py:175} INFO - Processing /home/airflow/.local/lib/python3.7/site-packages/airflow/example_dags/example_sla_dag.py took 0.063 seconds
[2023-05-02T19:39:29.025+0000] {processor.py:153} INFO - Started process (PID=586) to work on /home/airflow/.local/lib/python3.7/site-packages/airflow/example_dags/example_sla_dag.py
[2023-05-02T19:39:29.026+0000] {processor.py:743} INFO - Processing file /home/airflow/.local/lib/python3.7/site-packages/airflow/example_dags/example_sla_dag.py for tasks to queue
[2023-05-02T19:39:29.026+0000] {logging_mixin.py:137} INFO - [2023-05-02T19:39:29.026+0000] {dagbag.py:532} INFO - Filling up the DagBag from /home/airflow/.local/lib/python3.7/site-packages/airflow/example_dags/example_sla_dag.py
[2023-05-02T19:39:29.039+0000] {processor.py:753} INFO - DAG(s) dict_keys(['example_sla_dag']) retrieved from /home/airflow/.local/lib/python3.7/site-packages/airflow/example_dags/example_sla_dag.py
[2023-05-02T19:39:29.054+0000] {logging_mixin.py:137} INFO - [2023-05-02T19:39:29.054+0000] {dag.py:2705} INFO - Sync 1 DAGs
[2023-05-02T19:39:29.070+0000] {logging_mixin.py:137} INFO - [2023-05-02T19:39:29.070+0000] {dag.py:3456} INFO - Setting next_dagrun for example_sla_dag to 2023-05-02T19:36:00+00:00, run_after=2023-05-02T19:38:00+00:00
[2023-05-02T19:39:29.082+0000] {processor.py:175} INFO - Processing /home/airflow/.local/lib/python3.7/site-packages/airflow/example_dags/example_sla_dag.py took 0.058 seconds
[2023-05-02T19:39:59.986+0000] {processor.py:153} INFO - Started process (PID=637) to work on /home/airflow/.local/lib/python3.7/site-packages/airflow/example_dags/example_sla_dag.py
[2023-05-02T19:39:59.987+0000] {processor.py:743} INFO - Processing file /home/airflow/.local/lib/python3.7/site-packages/airflow/example_dags/example_sla_dag.py for tasks to queue
[2023-05-02T19:39:59.987+0000] {logging_mixin.py:137} INFO - [2023-05-02T19:39:59.987+0000] {dagbag.py:532} INFO - Filling up the DagBag from /home/airflow/.local/lib/python3.7/site-packages/airflow/example_dags/example_sla_dag.py
[2023-05-02T19:40:00.000+0000] {processor.py:753} INFO - DAG(s) dict_keys(['example_sla_dag']) retrieved from /home/airflow/.local/lib/python3.7/site-packages/airflow/example_dags/example_sla_dag.py
[2023-05-02T19:40:00.013+0000] {logging_mixin.py:137} INFO - [2023-05-02T19:40:00.013+0000] {dag.py:2705} INFO - Sync 1 DAGs
[2023-05-02T19:40:00.028+0000] {logging_mixin.py:137} INFO - [2023-05-02T19:40:00.028+0000] {dag.py:3456} INFO - Setting next_dagrun for example_sla_dag to 2023-05-02T19:38:00+00:00, run_after=2023-05-02T19:40:00+00:00
[2023-05-02T19:40:00.039+0000] {processor.py:175} INFO - Processing /home/airflow/.local/lib/python3.7/site-packages/airflow/example_dags/example_sla_dag.py took 0.054 seconds
[2023-05-02T19:40:30.733+0000] {processor.py:153} INFO - Started process (PID=689) to work on /home/airflow/.local/lib/python3.7/site-packages/airflow/example_dags/example_sla_dag.py
[2023-05-02T19:40:30.734+0000] {processor.py:743} INFO - Processing file /home/airflow/.local/lib/python3.7/site-packages/airflow/example_dags/example_sla_dag.py for tasks to queue
[2023-05-02T19:40:30.734+0000] {logging_mixin.py:137} INFO - [2023-05-02T19:40:30.734+0000] {dagbag.py:532} INFO - Filling up the DagBag from /home/airflow/.local/lib/python3.7/site-packages/airflow/example_dags/example_sla_dag.py
[2023-05-02T19:40:30.748+0000] {processor.py:753} INFO - DAG(s) dict_keys(['example_sla_dag']) retrieved from /home/airflow/.local/lib/python3.7/site-packages/airflow/example_dags/example_sla_dag.py
[2023-05-02T19:40:30.762+0000] {logging_mixin.py:137} INFO - [2023-05-02T19:40:30.762+0000] {dag.py:2705} INFO - Sync 1 DAGs
[2023-05-02T19:40:30.778+0000] {logging_mixin.py:137} INFO - [2023-05-02T19:40:30.778+0000] {dag.py:3456} INFO - Setting next_dagrun for example_sla_dag to 2023-05-02T19:38:00+00:00, run_after=2023-05-02T19:40:00+00:00
[2023-05-02T19:40:30.789+0000] {processor.py:175} INFO - Processing /home/airflow/.local/lib/python3.7/site-packages/airflow/example_dags/example_sla_dag.py took 0.058 seconds
[2023-05-02T19:41:01.429+0000] {processor.py:153} INFO - Started process (PID=741) to work on /home/airflow/.local/lib/python3.7/site-packages/airflow/example_dags/example_sla_dag.py
[2023-05-02T19:41:01.429+0000] {processor.py:743} INFO - Processing file /home/airflow/.local/lib/python3.7/site-packages/airflow/example_dags/example_sla_dag.py for tasks to queue
[2023-05-02T19:41:01.429+0000] {logging_mixin.py:137} INFO - [2023-05-02T19:41:01.429+0000] {dagbag.py:532} INFO - Filling up the DagBag from /home/airflow/.local/lib/python3.7/site-packages/airflow/example_dags/example_sla_dag.py
[2023-05-02T19:41:01.442+0000] {processor.py:753} INFO - DAG(s) dict_keys(['example_sla_dag']) retrieved from /home/airflow/.local/lib/python3.7/site-packages/airflow/example_dags/example_sla_dag.py
[2023-05-02T19:41:01.454+0000] {logging_mixin.py:137} INFO - [2023-05-02T19:41:01.454+0000] {dag.py:2705} INFO - Sync 1 DAGs
[2023-05-02T19:41:01.470+0000] {logging_mixin.py:137} INFO - [2023-05-02T19:41:01.470+0000] {dag.py:3456} INFO - Setting next_dagrun for example_sla_dag to 2023-05-02T19:38:00+00:00, run_after=2023-05-02T19:40:00+00:00
[2023-05-02T19:41:01.481+0000] {processor.py:175} INFO - Processing /home/airflow/.local/lib/python3.7/site-packages/airflow/example_dags/example_sla_dag.py took 0.054 seconds
[2023-05-02T19:41:32.438+0000] {processor.py:153} INFO - Started process (PID=793) to work on /home/airflow/.local/lib/python3.7/site-packages/airflow/example_dags/example_sla_dag.py
[2023-05-02T19:41:32.438+0000] {processor.py:743} INFO - Processing file /home/airflow/.local/lib/python3.7/site-packages/airflow/example_dags/example_sla_dag.py for tasks to queue
[2023-05-02T19:41:32.439+0000] {logging_mixin.py:137} INFO - [2023-05-02T19:41:32.439+0000] {dagbag.py:532} INFO - Filling up the DagBag from /home/airflow/.local/lib/python3.7/site-packages/airflow/example_dags/example_sla_dag.py
[2023-05-02T19:41:32.451+0000] {processor.py:753} INFO - DAG(s) dict_keys(['example_sla_dag']) retrieved from /home/airflow/.local/lib/python3.7/site-packages/airflow/example_dags/example_sla_dag.py
[2023-05-02T19:41:32.464+0000] {logging_mixin.py:137} INFO - [2023-05-02T19:41:32.464+0000] {dag.py:2705} INFO - Sync 1 DAGs
[2023-05-02T19:41:32.480+0000] {logging_mixin.py:137} INFO - [2023-05-02T19:41:32.480+0000] {dag.py:3456} INFO - Setting next_dagrun for example_sla_dag to 2023-05-02T19:38:00+00:00, run_after=2023-05-02T19:40:00+00:00
[2023-05-02T19:41:32.492+0000] {processor.py:175} INFO - Processing /home/airflow/.local/lib/python3.7/site-packages/airflow/example_dags/example_sla_dag.py took 0.055 seconds
[2023-05-02T19:42:03.211+0000] {processor.py:153} INFO - Started process (PID=845) to work on /home/airflow/.local/lib/python3.7/site-packages/airflow/example_dags/example_sla_dag.py
[2023-05-02T19:42:03.211+0000] {processor.py:743} INFO - Processing file /home/airflow/.local/lib/python3.7/site-packages/airflow/example_dags/example_sla_dag.py for tasks to queue
[2023-05-02T19:42:03.212+0000] {logging_mixin.py:137} INFO - [2023-05-02T19:42:03.211+0000] {dagbag.py:532} INFO - Filling up the DagBag from /home/airflow/.local/lib/python3.7/site-packages/airflow/example_dags/example_sla_dag.py
[2023-05-02T19:42:03.224+0000] {processor.py:753} INFO - DAG(s) dict_keys(['example_sla_dag']) retrieved from /home/airflow/.local/lib/python3.7/site-packages/airflow/example_dags/example_sla_dag.py
[2023-05-02T19:42:03.240+0000] {logging_mixin.py:137} INFO - [2023-05-02T19:42:03.239+0000] {dag.py:2705} INFO - Sync 1 DAGs
[2023-05-02T19:42:03.255+0000] {logging_mixin.py:137} INFO - [2023-05-02T19:42:03.255+0000] {dag.py:3456} INFO - Setting next_dagrun for example_sla_dag to 2023-05-02T19:40:00+00:00, run_after=2023-05-02T19:42:00+00:00
[2023-05-02T19:42:03.267+0000] {processor.py:175} INFO - Processing /home/airflow/.local/lib/python3.7/site-packages/airflow/example_dags/example_sla_dag.py took 0.058 seconds
[2023-05-02T19:42:34.143+0000] {processor.py:153} INFO - Started process (PID=897) to work on /home/airflow/.local/lib/python3.7/site-packages/airflow/example_dags/example_sla_dag.py
[2023-05-02T19:42:34.143+0000] {processor.py:743} INFO - Processing file /home/airflow/.local/lib/python3.7/site-packages/airflow/example_dags/example_sla_dag.py for tasks to queue
[2023-05-02T19:42:34.143+0000] {logging_mixin.py:137} INFO - [2023-05-02T19:42:34.143+0000] {dagbag.py:532} INFO - Filling up the DagBag from /home/airflow/.local/lib/python3.7/site-packages/airflow/example_dags/example_sla_dag.py
[2023-05-02T19:42:34.156+0000] {processor.py:753} INFO - DAG(s) dict_keys(['example_sla_dag']) retrieved from /home/airflow/.local/lib/python3.7/site-packages/airflow/example_dags/example_sla_dag.py
[2023-05-02T19:42:34.170+0000] {logging_mixin.py:137} INFO - [2023-05-02T19:42:34.170+0000] {dag.py:2705} INFO - Sync 1 DAGs
[2023-05-02T19:42:34.185+0000] {logging_mixin.py:137} INFO - [2023-05-02T19:42:34.185+0000] {dag.py:3456} INFO - Setting next_dagrun for example_sla_dag to 2023-05-02T19:40:00+00:00, run_after=2023-05-02T19:42:00+00:00
[2023-05-02T19:42:34.200+0000] {processor.py:175} INFO - Processing /home/airflow/.local/lib/python3.7/site-packages/airflow/example_dags/example_sla_dag.py took 0.059 seconds
[2023-05-02T19:43:05.063+0000] {processor.py:153} INFO - Started process (PID=949) to work on /home/airflow/.local/lib/python3.7/site-packages/airflow/example_dags/example_sla_dag.py
[2023-05-02T19:43:05.064+0000] {processor.py:743} INFO - Processing file /home/airflow/.local/lib/python3.7/site-packages/airflow/example_dags/example_sla_dag.py for tasks to queue
[2023-05-02T19:43:05.064+0000] {logging_mixin.py:137} INFO - [2023-05-02T19:43:05.064+0000] {dagbag.py:532} INFO - Filling up the DagBag from /home/airflow/.local/lib/python3.7/site-packages/airflow/example_dags/example_sla_dag.py
[2023-05-02T19:43:05.077+0000] {processor.py:753} INFO - DAG(s) dict_keys(['example_sla_dag']) retrieved from /home/airflow/.local/lib/python3.7/site-packages/airflow/example_dags/example_sla_dag.py
[2023-05-02T19:43:05.092+0000] {logging_mixin.py:137} INFO - [2023-05-02T19:43:05.092+0000] {dag.py:2705} INFO - Sync 1 DAGs
[2023-05-02T19:43:05.109+0000] {logging_mixin.py:137} INFO - [2023-05-02T19:43:05.109+0000] {dag.py:3456} INFO - Setting next_dagrun for example_sla_dag to 2023-05-02T19:40:00+00:00, run_after=2023-05-02T19:42:00+00:00
[2023-05-02T19:43:05.125+0000] {processor.py:175} INFO - Processing /home/airflow/.local/lib/python3.7/site-packages/airflow/example_dags/example_sla_dag.py took 0.063 seconds
[2023-05-02T19:43:36.119+0000] {processor.py:153} INFO - Started process (PID=1001) to work on /home/airflow/.local/lib/python3.7/site-packages/airflow/example_dags/example_sla_dag.py
[2023-05-02T19:43:36.120+0000] {processor.py:743} INFO - Processing file /home/airflow/.local/lib/python3.7/site-packages/airflow/example_dags/example_sla_dag.py for tasks to queue
[2023-05-02T19:43:36.120+0000] {logging_mixin.py:137} INFO - [2023-05-02T19:43:36.120+0000] {dagbag.py:532} INFO - Filling up the DagBag from /home/airflow/.local/lib/python3.7/site-packages/airflow/example_dags/example_sla_dag.py
[2023-05-02T19:43:36.132+0000] {processor.py:753} INFO - DAG(s) dict_keys(['example_sla_dag']) retrieved from /home/airflow/.local/lib/python3.7/site-packages/airflow/example_dags/example_sla_dag.py
[2023-05-02T19:43:36.147+0000] {logging_mixin.py:137} INFO - [2023-05-02T19:43:36.147+0000] {dag.py:2705} INFO - Sync 1 DAGs
[2023-05-02T19:43:36.163+0000] {logging_mixin.py:137} INFO - [2023-05-02T19:43:36.163+0000] {dag.py:3456} INFO - Setting next_dagrun for example_sla_dag to 2023-05-02T19:40:00+00:00, run_after=2023-05-02T19:42:00+00:00
[2023-05-02T19:43:36.174+0000] {processor.py:175} INFO - Processing /home/airflow/.local/lib/python3.7/site-packages/airflow/example_dags/example_sla_dag.py took 0.056 seconds
[2023-05-02T19:44:06.969+0000] {processor.py:153} INFO - Started process (PID=1052) to work on /home/airflow/.local/lib/python3.7/site-packages/airflow/example_dags/example_sla_dag.py
[2023-05-02T19:44:06.970+0000] {processor.py:743} INFO - Processing file /home/airflow/.local/lib/python3.7/site-packages/airflow/example_dags/example_sla_dag.py for tasks to queue
[2023-05-02T19:44:06.970+0000] {logging_mixin.py:137} INFO - [2023-05-02T19:44:06.970+0000] {dagbag.py:532} INFO - Filling up the DagBag from /home/airflow/.local/lib/python3.7/site-packages/airflow/example_dags/example_sla_dag.py
[2023-05-02T19:44:06.982+0000] {processor.py:753} INFO - DAG(s) dict_keys(['example_sla_dag']) retrieved from /home/airflow/.local/lib/python3.7/site-packages/airflow/example_dags/example_sla_dag.py
[2023-05-02T19:44:06.997+0000] {logging_mixin.py:137} INFO - [2023-05-02T19:44:06.996+0000] {dag.py:2705} INFO - Sync 1 DAGs
[2023-05-02T19:44:07.012+0000] {logging_mixin.py:137} INFO - [2023-05-02T19:44:07.012+0000] {dag.py:3456} INFO - Setting next_dagrun for example_sla_dag to 2023-05-02T19:42:00+00:00, run_after=2023-05-02T19:44:00+00:00
[2023-05-02T19:44:07.024+0000] {processor.py:175} INFO - Processing /home/airflow/.local/lib/python3.7/site-packages/airflow/example_dags/example_sla_dag.py took 0.057 seconds
[2023-05-02T19:44:37.089+0000] {processor.py:153} INFO - Started process (PID=1103) to work on /home/airflow/.local/lib/python3.7/site-packages/airflow/example_dags/example_sla_dag.py
[2023-05-02T19:44:37.090+0000] {processor.py:743} INFO - Processing file /home/airflow/.local/lib/python3.7/site-packages/airflow/example_dags/example_sla_dag.py for tasks to queue
[2023-05-02T19:44:37.090+0000] {logging_mixin.py:137} INFO - [2023-05-02T19:44:37.090+0000] {dagbag.py:532} INFO - Filling up the DagBag from /home/airflow/.local/lib/python3.7/site-packages/airflow/example_dags/example_sla_dag.py
[2023-05-02T19:44:37.105+0000] {processor.py:753} INFO - DAG(s) dict_keys(['example_sla_dag']) retrieved from /home/airflow/.local/lib/python3.7/site-packages/airflow/example_dags/example_sla_dag.py
[2023-05-02T19:44:37.119+0000] {logging_mixin.py:137} INFO - [2023-05-02T19:44:37.119+0000] {dag.py:2705} INFO - Sync 1 DAGs
[2023-05-02T19:44:37.135+0000] {logging_mixin.py:137} INFO - [2023-05-02T19:44:37.135+0000] {dag.py:3456} INFO - Setting next_dagrun for example_sla_dag to 2023-05-02T19:42:00+00:00, run_after=2023-05-02T19:44:00+00:00
[2023-05-02T19:44:37.154+0000] {processor.py:175} INFO - Processing /home/airflow/.local/lib/python3.7/site-packages/airflow/example_dags/example_sla_dag.py took 0.068 seconds
[2023-05-02T19:45:08.112+0000] {processor.py:153} INFO - Started process (PID=1155) to work on /home/airflow/.local/lib/python3.7/site-packages/airflow/example_dags/example_sla_dag.py
[2023-05-02T19:45:08.119+0000] {processor.py:743} INFO - Processing file /home/airflow/.local/lib/python3.7/site-packages/airflow/example_dags/example_sla_dag.py for tasks to queue
[2023-05-02T19:45:08.120+0000] {logging_mixin.py:137} INFO - [2023-05-02T19:45:08.120+0000] {dagbag.py:532} INFO - Filling up the DagBag from /home/airflow/.local/lib/python3.7/site-packages/airflow/example_dags/example_sla_dag.py
[2023-05-02T19:45:08.136+0000] {processor.py:753} INFO - DAG(s) dict_keys(['example_sla_dag']) retrieved from /home/airflow/.local/lib/python3.7/site-packages/airflow/example_dags/example_sla_dag.py
[2023-05-02T19:45:08.151+0000] {logging_mixin.py:137} INFO - [2023-05-02T19:45:08.151+0000] {dag.py:2705} INFO - Sync 1 DAGs
[2023-05-02T19:45:08.168+0000] {logging_mixin.py:137} INFO - [2023-05-02T19:45:08.168+0000] {dag.py:3456} INFO - Setting next_dagrun for example_sla_dag to 2023-05-02T19:42:00+00:00, run_after=2023-05-02T19:44:00+00:00
[2023-05-02T19:45:08.180+0000] {processor.py:175} INFO - Processing /home/airflow/.local/lib/python3.7/site-packages/airflow/example_dags/example_sla_dag.py took 0.070 seconds
[2023-05-02T19:45:39.115+0000] {processor.py:153} INFO - Started process (PID=1207) to work on /home/airflow/.local/lib/python3.7/site-packages/airflow/example_dags/example_sla_dag.py
[2023-05-02T19:45:39.123+0000] {processor.py:743} INFO - Processing file /home/airflow/.local/lib/python3.7/site-packages/airflow/example_dags/example_sla_dag.py for tasks to queue
[2023-05-02T19:45:39.123+0000] {logging_mixin.py:137} INFO - [2023-05-02T19:45:39.123+0000] {dagbag.py:532} INFO - Filling up the DagBag from /home/airflow/.local/lib/python3.7/site-packages/airflow/example_dags/example_sla_dag.py
[2023-05-02T19:45:39.139+0000] {processor.py:753} INFO - DAG(s) dict_keys(['example_sla_dag']) retrieved from /home/airflow/.local/lib/python3.7/site-packages/airflow/example_dags/example_sla_dag.py
[2023-05-02T19:45:39.154+0000] {logging_mixin.py:137} INFO - [2023-05-02T19:45:39.153+0000] {dag.py:2705} INFO - Sync 1 DAGs
[2023-05-02T19:45:39.170+0000] {logging_mixin.py:137} INFO - [2023-05-02T19:45:39.170+0000] {dag.py:3456} INFO - Setting next_dagrun for example_sla_dag to 2023-05-02T19:42:00+00:00, run_after=2023-05-02T19:44:00+00:00
[2023-05-02T19:45:39.187+0000] {processor.py:175} INFO - Processing /home/airflow/.local/lib/python3.7/site-packages/airflow/example_dags/example_sla_dag.py took 0.073 seconds
[2023-05-02T19:46:10.180+0000] {processor.py:153} INFO - Started process (PID=1259) to work on /home/airflow/.local/lib/python3.7/site-packages/airflow/example_dags/example_sla_dag.py
[2023-05-02T19:46:10.187+0000] {processor.py:743} INFO - Processing file /home/airflow/.local/lib/python3.7/site-packages/airflow/example_dags/example_sla_dag.py for tasks to queue
[2023-05-02T19:46:10.188+0000] {logging_mixin.py:137} INFO - [2023-05-02T19:46:10.188+0000] {dagbag.py:532} INFO - Filling up the DagBag from /home/airflow/.local/lib/python3.7/site-packages/airflow/example_dags/example_sla_dag.py
[2023-05-02T19:46:10.203+0000] {processor.py:753} INFO - DAG(s) dict_keys(['example_sla_dag']) retrieved from /home/airflow/.local/lib/python3.7/site-packages/airflow/example_dags/example_sla_dag.py
[2023-05-02T19:46:10.217+0000] {logging_mixin.py:137} INFO - [2023-05-02T19:46:10.217+0000] {dag.py:2705} INFO - Sync 1 DAGs
[2023-05-02T19:46:10.232+0000] {logging_mixin.py:137} INFO - [2023-05-02T19:46:10.232+0000] {dag.py:3456} INFO - Setting next_dagrun for example_sla_dag to 2023-05-02T19:44:00+00:00, run_after=2023-05-02T19:46:00+00:00
[2023-05-02T19:46:10.245+0000] {processor.py:175} INFO - Processing /home/airflow/.local/lib/python3.7/site-packages/airflow/example_dags/example_sla_dag.py took 0.066 seconds
[2023-05-02T19:46:41.109+0000] {processor.py:153} INFO - Started process (PID=1311) to work on /home/airflow/.local/lib/python3.7/site-packages/airflow/example_dags/example_sla_dag.py
[2023-05-02T19:46:41.117+0000] {processor.py:743} INFO - Processing file /home/airflow/.local/lib/python3.7/site-packages/airflow/example_dags/example_sla_dag.py for tasks to queue
[2023-05-02T19:46:41.118+0000] {logging_mixin.py:137} INFO - [2023-05-02T19:46:41.118+0000] {dagbag.py:532} INFO - Filling up the DagBag from /home/airflow/.local/lib/python3.7/site-packages/airflow/example_dags/example_sla_dag.py
[2023-05-02T19:46:41.133+0000] {processor.py:753} INFO - DAG(s) dict_keys(['example_sla_dag']) retrieved from /home/airflow/.local/lib/python3.7/site-packages/airflow/example_dags/example_sla_dag.py
[2023-05-02T19:46:41.148+0000] {logging_mixin.py:137} INFO - [2023-05-02T19:46:41.147+0000] {dag.py:2705} INFO - Sync 1 DAGs
[2023-05-02T19:46:41.163+0000] {logging_mixin.py:137} INFO - [2023-05-02T19:46:41.163+0000] {dag.py:3456} INFO - Setting next_dagrun for example_sla_dag to 2023-05-02T19:44:00+00:00, run_after=2023-05-02T19:46:00+00:00
[2023-05-02T19:46:41.176+0000] {processor.py:175} INFO - Processing /home/airflow/.local/lib/python3.7/site-packages/airflow/example_dags/example_sla_dag.py took 0.068 seconds
[2023-05-02T19:47:11.903+0000] {processor.py:153} INFO - Started process (PID=1363) to work on /home/airflow/.local/lib/python3.7/site-packages/airflow/example_dags/example_sla_dag.py
[2023-05-02T19:47:11.903+0000] {processor.py:743} INFO - Processing file /home/airflow/.local/lib/python3.7/site-packages/airflow/example_dags/example_sla_dag.py for tasks to queue
[2023-05-02T19:47:11.903+0000] {logging_mixin.py:137} INFO - [2023-05-02T19:47:11.903+0000] {dagbag.py:532} INFO - Filling up the DagBag from /home/airflow/.local/lib/python3.7/site-packages/airflow/example_dags/example_sla_dag.py
[2023-05-02T19:47:11.915+0000] {processor.py:753} INFO - DAG(s) dict_keys(['example_sla_dag']) retrieved from /home/airflow/.local/lib/python3.7/site-packages/airflow/example_dags/example_sla_dag.py
[2023-05-02T19:47:11.929+0000] {logging_mixin.py:137} INFO - [2023-05-02T19:47:11.929+0000] {dag.py:2705} INFO - Sync 1 DAGs
[2023-05-02T19:47:11.946+0000] {logging_mixin.py:137} INFO - [2023-05-02T19:47:11.945+0000] {dag.py:3456} INFO - Setting next_dagrun for example_sla_dag to 2023-05-02T19:44:00+00:00, run_after=2023-05-02T19:46:00+00:00
[2023-05-02T19:47:11.956+0000] {processor.py:175} INFO - Processing /home/airflow/.local/lib/python3.7/site-packages/airflow/example_dags/example_sla_dag.py took 0.056 seconds
[2023-05-02T19:47:42.858+0000] {processor.py:153} INFO - Started process (PID=1415) to work on /home/airflow/.local/lib/python3.7/site-packages/airflow/example_dags/example_sla_dag.py
[2023-05-02T19:47:42.865+0000] {processor.py:743} INFO - Processing file /home/airflow/.local/lib/python3.7/site-packages/airflow/example_dags/example_sla_dag.py for tasks to queue
[2023-05-02T19:47:42.866+0000] {logging_mixin.py:137} INFO - [2023-05-02T19:47:42.866+0000] {dagbag.py:532} INFO - Filling up the DagBag from /home/airflow/.local/lib/python3.7/site-packages/airflow/example_dags/example_sla_dag.py
[2023-05-02T19:47:42.882+0000] {processor.py:753} INFO - DAG(s) dict_keys(['example_sla_dag']) retrieved from /home/airflow/.local/lib/python3.7/site-packages/airflow/example_dags/example_sla_dag.py
[2023-05-02T19:47:42.896+0000] {logging_mixin.py:137} INFO - [2023-05-02T19:47:42.896+0000] {dag.py:2705} INFO - Sync 1 DAGs
[2023-05-02T19:47:42.912+0000] {logging_mixin.py:137} INFO - [2023-05-02T19:47:42.912+0000] {dag.py:3456} INFO - Setting next_dagrun for example_sla_dag to 2023-05-02T19:44:00+00:00, run_after=2023-05-02T19:46:00+00:00
[2023-05-02T19:47:42.925+0000] {processor.py:175} INFO - Processing /home/airflow/.local/lib/python3.7/site-packages/airflow/example_dags/example_sla_dag.py took 0.068 seconds
[2023-05-02T19:48:12.980+0000] {processor.py:153} INFO - Started process (PID=1466) to work on /home/airflow/.local/lib/python3.7/site-packages/airflow/example_dags/example_sla_dag.py
[2023-05-02T19:48:12.990+0000] {processor.py:743} INFO - Processing file /home/airflow/.local/lib/python3.7/site-packages/airflow/example_dags/example_sla_dag.py for tasks to queue
[2023-05-02T19:48:12.991+0000] {logging_mixin.py:137} INFO - [2023-05-02T19:48:12.991+0000] {dagbag.py:532} INFO - Filling up the DagBag from /home/airflow/.local/lib/python3.7/site-packages/airflow/example_dags/example_sla_dag.py
[2023-05-02T19:48:13.007+0000] {processor.py:753} INFO - DAG(s) dict_keys(['example_sla_dag']) retrieved from /home/airflow/.local/lib/python3.7/site-packages/airflow/example_dags/example_sla_dag.py
[2023-05-02T19:48:13.021+0000] {logging_mixin.py:137} INFO - [2023-05-02T19:48:13.021+0000] {dag.py:2705} INFO - Sync 1 DAGs
[2023-05-02T19:48:13.036+0000] {logging_mixin.py:137} INFO - [2023-05-02T19:48:13.036+0000] {dag.py:3456} INFO - Setting next_dagrun for example_sla_dag to 2023-05-02T19:46:00+00:00, run_after=2023-05-02T19:48:00+00:00
[2023-05-02T19:48:13.048+0000] {processor.py:175} INFO - Processing /home/airflow/.local/lib/python3.7/site-packages/airflow/example_dags/example_sla_dag.py took 0.070 seconds
[2023-05-02T19:48:43.784+0000] {processor.py:153} INFO - Started process (PID=1517) to work on /home/airflow/.local/lib/python3.7/site-packages/airflow/example_dags/example_sla_dag.py
[2023-05-02T19:48:43.785+0000] {processor.py:743} INFO - Processing file /home/airflow/.local/lib/python3.7/site-packages/airflow/example_dags/example_sla_dag.py for tasks to queue
[2023-05-02T19:48:43.785+0000] {logging_mixin.py:137} INFO - [2023-05-02T19:48:43.785+0000] {dagbag.py:532} INFO - Filling up the DagBag from /home/airflow/.local/lib/python3.7/site-packages/airflow/example_dags/example_sla_dag.py
[2023-05-02T19:48:43.798+0000] {processor.py:753} INFO - DAG(s) dict_keys(['example_sla_dag']) retrieved from /home/airflow/.local/lib/python3.7/site-packages/airflow/example_dags/example_sla_dag.py
[2023-05-02T19:48:43.811+0000] {logging_mixin.py:137} INFO - [2023-05-02T19:48:43.810+0000] {dag.py:2705} INFO - Sync 1 DAGs
[2023-05-02T19:48:43.827+0000] {logging_mixin.py:137} INFO - [2023-05-02T19:48:43.827+0000] {dag.py:3456} INFO - Setting next_dagrun for example_sla_dag to 2023-05-02T19:46:00+00:00, run_after=2023-05-02T19:48:00+00:00
[2023-05-02T19:48:43.841+0000] {processor.py:175} INFO - Processing /home/airflow/.local/lib/python3.7/site-packages/airflow/example_dags/example_sla_dag.py took 0.061 seconds
[2023-05-02T19:49:14.546+0000] {processor.py:153} INFO - Started process (PID=1569) to work on /home/airflow/.local/lib/python3.7/site-packages/airflow/example_dags/example_sla_dag.py
[2023-05-02T19:49:14.546+0000] {processor.py:743} INFO - Processing file /home/airflow/.local/lib/python3.7/site-packages/airflow/example_dags/example_sla_dag.py for tasks to queue
[2023-05-02T19:49:14.546+0000] {logging_mixin.py:137} INFO - [2023-05-02T19:49:14.546+0000] {dagbag.py:532} INFO - Filling up the DagBag from /home/airflow/.local/lib/python3.7/site-packages/airflow/example_dags/example_sla_dag.py
[2023-05-02T19:49:14.559+0000] {processor.py:753} INFO - DAG(s) dict_keys(['example_sla_dag']) retrieved from /home/airflow/.local/lib/python3.7/site-packages/airflow/example_dags/example_sla_dag.py
[2023-05-02T19:49:14.572+0000] {logging_mixin.py:137} INFO - [2023-05-02T19:49:14.572+0000] {dag.py:2705} INFO - Sync 1 DAGs
[2023-05-02T19:49:14.587+0000] {logging_mixin.py:137} INFO - [2023-05-02T19:49:14.587+0000] {dag.py:3456} INFO - Setting next_dagrun for example_sla_dag to 2023-05-02T19:46:00+00:00, run_after=2023-05-02T19:48:00+00:00
[2023-05-02T19:49:14.599+0000] {processor.py:175} INFO - Processing /home/airflow/.local/lib/python3.7/site-packages/airflow/example_dags/example_sla_dag.py took 0.055 seconds
[2023-05-02T19:49:45.353+0000] {processor.py:153} INFO - Started process (PID=1620) to work on /home/airflow/.local/lib/python3.7/site-packages/airflow/example_dags/example_sla_dag.py
[2023-05-02T19:49:45.362+0000] {processor.py:743} INFO - Processing file /home/airflow/.local/lib/python3.7/site-packages/airflow/example_dags/example_sla_dag.py for tasks to queue
[2023-05-02T19:49:45.363+0000] {logging_mixin.py:137} INFO - [2023-05-02T19:49:45.363+0000] {dagbag.py:532} INFO - Filling up the DagBag from /home/airflow/.local/lib/python3.7/site-packages/airflow/example_dags/example_sla_dag.py
[2023-05-02T19:49:45.379+0000] {processor.py:753} INFO - DAG(s) dict_keys(['example_sla_dag']) retrieved from /home/airflow/.local/lib/python3.7/site-packages/airflow/example_dags/example_sla_dag.py
[2023-05-02T19:49:45.392+0000] {logging_mixin.py:137} INFO - [2023-05-02T19:49:45.392+0000] {dag.py:2705} INFO - Sync 1 DAGs
[2023-05-02T19:49:45.407+0000] {logging_mixin.py:137} INFO - [2023-05-02T19:49:45.407+0000] {dag.py:3456} INFO - Setting next_dagrun for example_sla_dag to 2023-05-02T19:46:00+00:00, run_after=2023-05-02T19:48:00+00:00
[2023-05-02T19:49:45.422+0000] {processor.py:175} INFO - Processing /home/airflow/.local/lib/python3.7/site-packages/airflow/example_dags/example_sla_dag.py took 0.070 seconds
[2023-05-02T19:50:16.148+0000] {processor.py:153} INFO - Started process (PID=1672) to work on /home/airflow/.local/lib/python3.7/site-packages/airflow/example_dags/example_sla_dag.py
[2023-05-02T19:50:16.155+0000] {processor.py:743} INFO - Processing file /home/airflow/.local/lib/python3.7/site-packages/airflow/example_dags/example_sla_dag.py for tasks to queue
[2023-05-02T19:50:16.156+0000] {logging_mixin.py:137} INFO - [2023-05-02T19:50:16.156+0000] {dagbag.py:532} INFO - Filling up the DagBag from /home/airflow/.local/lib/python3.7/site-packages/airflow/example_dags/example_sla_dag.py
[2023-05-02T19:50:16.171+0000] {processor.py:753} INFO - DAG(s) dict_keys(['example_sla_dag']) retrieved from /home/airflow/.local/lib/python3.7/site-packages/airflow/example_dags/example_sla_dag.py
[2023-05-02T19:50:16.184+0000] {logging_mixin.py:137} INFO - [2023-05-02T19:50:16.184+0000] {dag.py:2705} INFO - Sync 1 DAGs
[2023-05-02T19:50:16.200+0000] {logging_mixin.py:137} INFO - [2023-05-02T19:50:16.200+0000] {dag.py:3456} INFO - Setting next_dagrun for example_sla_dag to 2023-05-02T19:48:00+00:00, run_after=2023-05-02T19:50:00+00:00
[2023-05-02T19:50:16.212+0000] {processor.py:175} INFO - Processing /home/airflow/.local/lib/python3.7/site-packages/airflow/example_dags/example_sla_dag.py took 0.066 seconds
[2023-05-02T19:50:46.996+0000] {processor.py:153} INFO - Started process (PID=1723) to work on /home/airflow/.local/lib/python3.7/site-packages/airflow/example_dags/example_sla_dag.py
[2023-05-02T19:50:47.005+0000] {processor.py:743} INFO - Processing file /home/airflow/.local/lib/python3.7/site-packages/airflow/example_dags/example_sla_dag.py for tasks to queue
[2023-05-02T19:50:47.006+0000] {logging_mixin.py:137} INFO - [2023-05-02T19:50:47.006+0000] {dagbag.py:532} INFO - Filling up the DagBag from /home/airflow/.local/lib/python3.7/site-packages/airflow/example_dags/example_sla_dag.py
[2023-05-02T19:50:47.021+0000] {processor.py:753} INFO - DAG(s) dict_keys(['example_sla_dag']) retrieved from /home/airflow/.local/lib/python3.7/site-packages/airflow/example_dags/example_sla_dag.py
[2023-05-02T19:50:47.034+0000] {logging_mixin.py:137} INFO - [2023-05-02T19:50:47.034+0000] {dag.py:2705} INFO - Sync 1 DAGs
[2023-05-02T19:50:47.050+0000] {logging_mixin.py:137} INFO - [2023-05-02T19:50:47.050+0000] {dag.py:3456} INFO - Setting next_dagrun for example_sla_dag to 2023-05-02T19:48:00+00:00, run_after=2023-05-02T19:50:00+00:00
[2023-05-02T19:50:47.062+0000] {processor.py:175} INFO - Processing /home/airflow/.local/lib/python3.7/site-packages/airflow/example_dags/example_sla_dag.py took 0.069 seconds
[2023-05-02T19:51:17.678+0000] {processor.py:153} INFO - Started process (PID=1780) to work on /home/airflow/.local/lib/python3.7/site-packages/airflow/example_dags/example_sla_dag.py
[2023-05-02T19:51:17.687+0000] {processor.py:743} INFO - Processing file /home/airflow/.local/lib/python3.7/site-packages/airflow/example_dags/example_sla_dag.py for tasks to queue
[2023-05-02T19:51:17.688+0000] {logging_mixin.py:137} INFO - [2023-05-02T19:51:17.688+0000] {dagbag.py:532} INFO - Filling up the DagBag from /home/airflow/.local/lib/python3.7/site-packages/airflow/example_dags/example_sla_dag.py
[2023-05-02T19:51:17.703+0000] {processor.py:753} INFO - DAG(s) dict_keys(['example_sla_dag']) retrieved from /home/airflow/.local/lib/python3.7/site-packages/airflow/example_dags/example_sla_dag.py
[2023-05-02T19:51:17.716+0000] {logging_mixin.py:137} INFO - [2023-05-02T19:51:17.716+0000] {dag.py:2705} INFO - Sync 1 DAGs
[2023-05-02T19:51:17.732+0000] {logging_mixin.py:137} INFO - [2023-05-02T19:51:17.732+0000] {dag.py:3456} INFO - Setting next_dagrun for example_sla_dag to 2023-05-02T19:48:00+00:00, run_after=2023-05-02T19:50:00+00:00
[2023-05-02T19:51:17.742+0000] {processor.py:175} INFO - Processing /home/airflow/.local/lib/python3.7/site-packages/airflow/example_dags/example_sla_dag.py took 0.066 seconds
[2023-05-02T19:51:48.669+0000] {processor.py:153} INFO - Started process (PID=1832) to work on /home/airflow/.local/lib/python3.7/site-packages/airflow/example_dags/example_sla_dag.py
[2023-05-02T19:51:48.678+0000] {processor.py:743} INFO - Processing file /home/airflow/.local/lib/python3.7/site-packages/airflow/example_dags/example_sla_dag.py for tasks to queue
[2023-05-02T19:51:48.679+0000] {logging_mixin.py:137} INFO - [2023-05-02T19:51:48.679+0000] {dagbag.py:532} INFO - Filling up the DagBag from /home/airflow/.local/lib/python3.7/site-packages/airflow/example_dags/example_sla_dag.py
[2023-05-02T19:51:48.694+0000] {processor.py:753} INFO - DAG(s) dict_keys(['example_sla_dag']) retrieved from /home/airflow/.local/lib/python3.7/site-packages/airflow/example_dags/example_sla_dag.py
[2023-05-02T19:51:48.708+0000] {logging_mixin.py:137} INFO - [2023-05-02T19:51:48.708+0000] {dag.py:2705} INFO - Sync 1 DAGs
[2023-05-02T19:51:48.723+0000] {logging_mixin.py:137} INFO - [2023-05-02T19:51:48.723+0000] {dag.py:3456} INFO - Setting next_dagrun for example_sla_dag to 2023-05-02T19:48:00+00:00, run_after=2023-05-02T19:50:00+00:00
[2023-05-02T19:51:48.734+0000] {processor.py:175} INFO - Processing /home/airflow/.local/lib/python3.7/site-packages/airflow/example_dags/example_sla_dag.py took 0.067 seconds
[2023-05-02T19:52:19.432+0000] {processor.py:153} INFO - Started process (PID=1884) to work on /home/airflow/.local/lib/python3.7/site-packages/airflow/example_dags/example_sla_dag.py
[2023-05-02T19:52:19.442+0000] {processor.py:743} INFO - Processing file /home/airflow/.local/lib/python3.7/site-packages/airflow/example_dags/example_sla_dag.py for tasks to queue
[2023-05-02T19:52:19.443+0000] {logging_mixin.py:137} INFO - [2023-05-02T19:52:19.442+0000] {dagbag.py:532} INFO - Filling up the DagBag from /home/airflow/.local/lib/python3.7/site-packages/airflow/example_dags/example_sla_dag.py
[2023-05-02T19:52:19.459+0000] {processor.py:753} INFO - DAG(s) dict_keys(['example_sla_dag']) retrieved from /home/airflow/.local/lib/python3.7/site-packages/airflow/example_dags/example_sla_dag.py
[2023-05-02T19:52:19.472+0000] {logging_mixin.py:137} INFO - [2023-05-02T19:52:19.472+0000] {dag.py:2705} INFO - Sync 1 DAGs
[2023-05-02T19:52:19.488+0000] {logging_mixin.py:137} INFO - [2023-05-02T19:52:19.488+0000] {dag.py:3456} INFO - Setting next_dagrun for example_sla_dag to 2023-05-02T19:50:00+00:00, run_after=2023-05-02T19:52:00+00:00
[2023-05-02T19:52:19.500+0000] {processor.py:175} INFO - Processing /home/airflow/.local/lib/python3.7/site-packages/airflow/example_dags/example_sla_dag.py took 0.070 seconds
[2023-05-02T19:52:50.240+0000] {processor.py:153} INFO - Started process (PID=1936) to work on /home/airflow/.local/lib/python3.7/site-packages/airflow/example_dags/example_sla_dag.py
[2023-05-02T19:52:50.249+0000] {processor.py:743} INFO - Processing file /home/airflow/.local/lib/python3.7/site-packages/airflow/example_dags/example_sla_dag.py for tasks to queue
[2023-05-02T19:52:50.250+0000] {logging_mixin.py:137} INFO - [2023-05-02T19:52:50.250+0000] {dagbag.py:532} INFO - Filling up the DagBag from /home/airflow/.local/lib/python3.7/site-packages/airflow/example_dags/example_sla_dag.py
[2023-05-02T19:52:50.265+0000] {processor.py:753} INFO - DAG(s) dict_keys(['example_sla_dag']) retrieved from /home/airflow/.local/lib/python3.7/site-packages/airflow/example_dags/example_sla_dag.py
[2023-05-02T19:52:50.279+0000] {logging_mixin.py:137} INFO - [2023-05-02T19:52:50.279+0000] {dag.py:2705} INFO - Sync 1 DAGs
[2023-05-02T19:52:50.294+0000] {logging_mixin.py:137} INFO - [2023-05-02T19:52:50.294+0000] {dag.py:3456} INFO - Setting next_dagrun for example_sla_dag to 2023-05-02T19:50:00+00:00, run_after=2023-05-02T19:52:00+00:00
[2023-05-02T19:52:50.306+0000] {processor.py:175} INFO - Processing /home/airflow/.local/lib/python3.7/site-packages/airflow/example_dags/example_sla_dag.py took 0.068 seconds
[2023-05-02T19:53:21.024+0000] {processor.py:153} INFO - Started process (PID=1988) to work on /home/airflow/.local/lib/python3.7/site-packages/airflow/example_dags/example_sla_dag.py
[2023-05-02T19:53:21.033+0000] {processor.py:743} INFO - Processing file /home/airflow/.local/lib/python3.7/site-packages/airflow/example_dags/example_sla_dag.py for tasks to queue
[2023-05-02T19:53:21.034+0000] {logging_mixin.py:137} INFO - [2023-05-02T19:53:21.034+0000] {dagbag.py:532} INFO - Filling up the DagBag from /home/airflow/.local/lib/python3.7/site-packages/airflow/example_dags/example_sla_dag.py
[2023-05-02T19:53:21.049+0000] {processor.py:753} INFO - DAG(s) dict_keys(['example_sla_dag']) retrieved from /home/airflow/.local/lib/python3.7/site-packages/airflow/example_dags/example_sla_dag.py
[2023-05-02T19:53:21.062+0000] {logging_mixin.py:137} INFO - [2023-05-02T19:53:21.062+0000] {dag.py:2705} INFO - Sync 1 DAGs
[2023-05-02T19:53:21.077+0000] {logging_mixin.py:137} INFO - [2023-05-02T19:53:21.077+0000] {dag.py:3456} INFO - Setting next_dagrun for example_sla_dag to 2023-05-02T19:50:00+00:00, run_after=2023-05-02T19:52:00+00:00
[2023-05-02T19:53:21.088+0000] {processor.py:175} INFO - Processing /home/airflow/.local/lib/python3.7/site-packages/airflow/example_dags/example_sla_dag.py took 0.066 seconds
[2023-05-02T19:53:51.829+0000] {processor.py:153} INFO - Started process (PID=2040) to work on /home/airflow/.local/lib/python3.7/site-packages/airflow/example_dags/example_sla_dag.py
[2023-05-02T19:53:51.838+0000] {processor.py:743} INFO - Processing file /home/airflow/.local/lib/python3.7/site-packages/airflow/example_dags/example_sla_dag.py for tasks to queue
[2023-05-02T19:53:51.839+0000] {logging_mixin.py:137} INFO - [2023-05-02T19:53:51.838+0000] {dagbag.py:532} INFO - Filling up the DagBag from /home/airflow/.local/lib/python3.7/site-packages/airflow/example_dags/example_sla_dag.py
[2023-05-02T19:53:51.855+0000] {processor.py:753} INFO - DAG(s) dict_keys(['example_sla_dag']) retrieved from /home/airflow/.local/lib/python3.7/site-packages/airflow/example_dags/example_sla_dag.py
[2023-05-02T19:53:51.868+0000] {logging_mixin.py:137} INFO - [2023-05-02T19:53:51.868+0000] {dag.py:2705} INFO - Sync 1 DAGs
[2023-05-02T19:53:51.883+0000] {logging_mixin.py:137} INFO - [2023-05-02T19:53:51.883+0000] {dag.py:3456} INFO - Setting next_dagrun for example_sla_dag to 2023-05-02T19:50:00+00:00, run_after=2023-05-02T19:52:00+00:00
[2023-05-02T19:53:51.896+0000] {processor.py:175} INFO - Processing /home/airflow/.local/lib/python3.7/site-packages/airflow/example_dags/example_sla_dag.py took 0.069 seconds
[2023-05-02T19:54:21.987+0000] {processor.py:153} INFO - Started process (PID=2092) to work on /home/airflow/.local/lib/python3.7/site-packages/airflow/example_dags/example_sla_dag.py
[2023-05-02T19:54:21.987+0000] {processor.py:743} INFO - Processing file /home/airflow/.local/lib/python3.7/site-packages/airflow/example_dags/example_sla_dag.py for tasks to queue
[2023-05-02T19:54:21.988+0000] {logging_mixin.py:137} INFO - [2023-05-02T19:54:21.988+0000] {dagbag.py:532} INFO - Filling up the DagBag from /home/airflow/.local/lib/python3.7/site-packages/airflow/example_dags/example_sla_dag.py
[2023-05-02T19:54:22.001+0000] {processor.py:753} INFO - DAG(s) dict_keys(['example_sla_dag']) retrieved from /home/airflow/.local/lib/python3.7/site-packages/airflow/example_dags/example_sla_dag.py
[2023-05-02T19:54:22.015+0000] {logging_mixin.py:137} INFO - [2023-05-02T19:54:22.015+0000] {dag.py:2705} INFO - Sync 1 DAGs
[2023-05-02T19:54:22.030+0000] {logging_mixin.py:137} INFO - [2023-05-02T19:54:22.030+0000] {dag.py:3456} INFO - Setting next_dagrun for example_sla_dag to 2023-05-02T19:52:00+00:00, run_after=2023-05-02T19:54:00+00:00
[2023-05-02T19:54:22.046+0000] {processor.py:175} INFO - Processing /home/airflow/.local/lib/python3.7/site-packages/airflow/example_dags/example_sla_dag.py took 0.061 seconds
[2023-05-02T19:54:52.903+0000] {processor.py:153} INFO - Started process (PID=2144) to work on /home/airflow/.local/lib/python3.7/site-packages/airflow/example_dags/example_sla_dag.py
[2023-05-02T19:54:52.904+0000] {processor.py:743} INFO - Processing file /home/airflow/.local/lib/python3.7/site-packages/airflow/example_dags/example_sla_dag.py for tasks to queue
[2023-05-02T19:54:52.905+0000] {logging_mixin.py:137} INFO - [2023-05-02T19:54:52.904+0000] {dagbag.py:532} INFO - Filling up the DagBag from /home/airflow/.local/lib/python3.7/site-packages/airflow/example_dags/example_sla_dag.py
[2023-05-02T19:54:52.917+0000] {processor.py:753} INFO - DAG(s) dict_keys(['example_sla_dag']) retrieved from /home/airflow/.local/lib/python3.7/site-packages/airflow/example_dags/example_sla_dag.py
[2023-05-02T19:54:52.932+0000] {logging_mixin.py:137} INFO - [2023-05-02T19:54:52.932+0000] {dag.py:2705} INFO - Sync 1 DAGs
[2023-05-02T19:54:52.947+0000] {logging_mixin.py:137} INFO - [2023-05-02T19:54:52.947+0000] {dag.py:3456} INFO - Setting next_dagrun for example_sla_dag to 2023-05-02T19:52:00+00:00, run_after=2023-05-02T19:54:00+00:00
[2023-05-02T19:54:52.962+0000] {processor.py:175} INFO - Processing /home/airflow/.local/lib/python3.7/site-packages/airflow/example_dags/example_sla_dag.py took 0.064 seconds
[2023-05-02T19:55:22.995+0000] {processor.py:153} INFO - Started process (PID=2196) to work on /home/airflow/.local/lib/python3.7/site-packages/airflow/example_dags/example_sla_dag.py
[2023-05-02T19:55:23.004+0000] {processor.py:743} INFO - Processing file /home/airflow/.local/lib/python3.7/site-packages/airflow/example_dags/example_sla_dag.py for tasks to queue
[2023-05-02T19:55:23.005+0000] {logging_mixin.py:137} INFO - [2023-05-02T19:55:23.005+0000] {dagbag.py:532} INFO - Filling up the DagBag from /home/airflow/.local/lib/python3.7/site-packages/airflow/example_dags/example_sla_dag.py
[2023-05-02T19:55:23.020+0000] {processor.py:753} INFO - DAG(s) dict_keys(['example_sla_dag']) retrieved from /home/airflow/.local/lib/python3.7/site-packages/airflow/example_dags/example_sla_dag.py
[2023-05-02T19:55:23.033+0000] {logging_mixin.py:137} INFO - [2023-05-02T19:55:23.033+0000] {dag.py:2705} INFO - Sync 1 DAGs
[2023-05-02T19:55:23.048+0000] {logging_mixin.py:137} INFO - [2023-05-02T19:55:23.048+0000] {dag.py:3456} INFO - Setting next_dagrun for example_sla_dag to 2023-05-02T19:52:00+00:00, run_after=2023-05-02T19:54:00+00:00
[2023-05-02T19:55:23.060+0000] {processor.py:175} INFO - Processing /home/airflow/.local/lib/python3.7/site-packages/airflow/example_dags/example_sla_dag.py took 0.067 seconds
[2023-05-02T19:55:53.085+0000] {processor.py:153} INFO - Started process (PID=2248) to work on /home/airflow/.local/lib/python3.7/site-packages/airflow/example_dags/example_sla_dag.py
[2023-05-02T19:55:53.094+0000] {processor.py:743} INFO - Processing file /home/airflow/.local/lib/python3.7/site-packages/airflow/example_dags/example_sla_dag.py for tasks to queue
[2023-05-02T19:55:53.095+0000] {logging_mixin.py:137} INFO - [2023-05-02T19:55:53.095+0000] {dagbag.py:532} INFO - Filling up the DagBag from /home/airflow/.local/lib/python3.7/site-packages/airflow/example_dags/example_sla_dag.py
[2023-05-02T19:55:53.110+0000] {processor.py:753} INFO - DAG(s) dict_keys(['example_sla_dag']) retrieved from /home/airflow/.local/lib/python3.7/site-packages/airflow/example_dags/example_sla_dag.py
[2023-05-02T19:55:53.122+0000] {logging_mixin.py:137} INFO - [2023-05-02T19:55:53.122+0000] {dag.py:2705} INFO - Sync 1 DAGs
[2023-05-02T19:55:53.138+0000] {logging_mixin.py:137} INFO - [2023-05-02T19:55:53.138+0000] {dag.py:3456} INFO - Setting next_dagrun for example_sla_dag to 2023-05-02T19:52:00+00:00, run_after=2023-05-02T19:54:00+00:00
[2023-05-02T19:55:53.150+0000] {processor.py:175} INFO - Processing /home/airflow/.local/lib/python3.7/site-packages/airflow/example_dags/example_sla_dag.py took 0.067 seconds
[2023-05-02T19:56:23.312+0000] {processor.py:153} INFO - Started process (PID=2300) to work on /home/airflow/.local/lib/python3.7/site-packages/airflow/example_dags/example_sla_dag.py
[2023-05-02T19:56:23.322+0000] {processor.py:743} INFO - Processing file /home/airflow/.local/lib/python3.7/site-packages/airflow/example_dags/example_sla_dag.py for tasks to queue
[2023-05-02T19:56:23.322+0000] {logging_mixin.py:137} INFO - [2023-05-02T19:56:23.322+0000] {dagbag.py:532} INFO - Filling up the DagBag from /home/airflow/.local/lib/python3.7/site-packages/airflow/example_dags/example_sla_dag.py
[2023-05-02T19:56:23.338+0000] {processor.py:753} INFO - DAG(s) dict_keys(['example_sla_dag']) retrieved from /home/airflow/.local/lib/python3.7/site-packages/airflow/example_dags/example_sla_dag.py
[2023-05-02T19:56:23.351+0000] {logging_mixin.py:137} INFO - [2023-05-02T19:56:23.351+0000] {dag.py:2705} INFO - Sync 1 DAGs
[2023-05-02T19:56:23.367+0000] {logging_mixin.py:137} INFO - [2023-05-02T19:56:23.366+0000] {dag.py:3456} INFO - Setting next_dagrun for example_sla_dag to 2023-05-02T19:54:00+00:00, run_after=2023-05-02T19:56:00+00:00
[2023-05-02T19:56:23.378+0000] {processor.py:175} INFO - Processing /home/airflow/.local/lib/python3.7/site-packages/airflow/example_dags/example_sla_dag.py took 0.067 seconds
[2023-05-02T19:56:53.443+0000] {processor.py:153} INFO - Started process (PID=2352) to work on /home/airflow/.local/lib/python3.7/site-packages/airflow/example_dags/example_sla_dag.py
[2023-05-02T19:56:53.444+0000] {processor.py:743} INFO - Processing file /home/airflow/.local/lib/python3.7/site-packages/airflow/example_dags/example_sla_dag.py for tasks to queue
[2023-05-02T19:56:53.444+0000] {logging_mixin.py:137} INFO - [2023-05-02T19:56:53.444+0000] {dagbag.py:532} INFO - Filling up the DagBag from /home/airflow/.local/lib/python3.7/site-packages/airflow/example_dags/example_sla_dag.py
[2023-05-02T19:56:53.457+0000] {processor.py:753} INFO - DAG(s) dict_keys(['example_sla_dag']) retrieved from /home/airflow/.local/lib/python3.7/site-packages/airflow/example_dags/example_sla_dag.py
[2023-05-02T19:56:53.470+0000] {logging_mixin.py:137} INFO - [2023-05-02T19:56:53.470+0000] {dag.py:2705} INFO - Sync 1 DAGs
[2023-05-02T19:56:53.486+0000] {logging_mixin.py:137} INFO - [2023-05-02T19:56:53.485+0000] {dag.py:3456} INFO - Setting next_dagrun for example_sla_dag to 2023-05-02T19:54:00+00:00, run_after=2023-05-02T19:56:00+00:00
[2023-05-02T19:56:53.500+0000] {processor.py:175} INFO - Processing /home/airflow/.local/lib/python3.7/site-packages/airflow/example_dags/example_sla_dag.py took 0.059 seconds
[2023-05-02T19:57:24.454+0000] {processor.py:153} INFO - Started process (PID=2404) to work on /home/airflow/.local/lib/python3.7/site-packages/airflow/example_dags/example_sla_dag.py
[2023-05-02T19:57:24.463+0000] {processor.py:743} INFO - Processing file /home/airflow/.local/lib/python3.7/site-packages/airflow/example_dags/example_sla_dag.py for tasks to queue
[2023-05-02T19:57:24.464+0000] {logging_mixin.py:137} INFO - [2023-05-02T19:57:24.464+0000] {dagbag.py:532} INFO - Filling up the DagBag from /home/airflow/.local/lib/python3.7/site-packages/airflow/example_dags/example_sla_dag.py
[2023-05-02T19:57:24.479+0000] {processor.py:753} INFO - DAG(s) dict_keys(['example_sla_dag']) retrieved from /home/airflow/.local/lib/python3.7/site-packages/airflow/example_dags/example_sla_dag.py
[2023-05-02T19:57:24.492+0000] {logging_mixin.py:137} INFO - [2023-05-02T19:57:24.491+0000] {dag.py:2705} INFO - Sync 1 DAGs
[2023-05-02T19:57:24.507+0000] {logging_mixin.py:137} INFO - [2023-05-02T19:57:24.507+0000] {dag.py:3456} INFO - Setting next_dagrun for example_sla_dag to 2023-05-02T19:54:00+00:00, run_after=2023-05-02T19:56:00+00:00
[2023-05-02T19:57:24.519+0000] {processor.py:175} INFO - Processing /home/airflow/.local/lib/python3.7/site-packages/airflow/example_dags/example_sla_dag.py took 0.067 seconds
[2023-05-02T19:57:54.593+0000] {processor.py:153} INFO - Started process (PID=2456) to work on /home/airflow/.local/lib/python3.7/site-packages/airflow/example_dags/example_sla_dag.py
[2023-05-02T19:57:54.602+0000] {processor.py:743} INFO - Processing file /home/airflow/.local/lib/python3.7/site-packages/airflow/example_dags/example_sla_dag.py for tasks to queue
[2023-05-02T19:57:54.603+0000] {logging_mixin.py:137} INFO - [2023-05-02T19:57:54.603+0000] {dagbag.py:532} INFO - Filling up the DagBag from /home/airflow/.local/lib/python3.7/site-packages/airflow/example_dags/example_sla_dag.py
[2023-05-02T19:57:54.618+0000] {processor.py:753} INFO - DAG(s) dict_keys(['example_sla_dag']) retrieved from /home/airflow/.local/lib/python3.7/site-packages/airflow/example_dags/example_sla_dag.py
[2023-05-02T19:57:54.631+0000] {logging_mixin.py:137} INFO - [2023-05-02T19:57:54.631+0000] {dag.py:2705} INFO - Sync 1 DAGs
[2023-05-02T19:57:54.646+0000] {logging_mixin.py:137} INFO - [2023-05-02T19:57:54.646+0000] {dag.py:3456} INFO - Setting next_dagrun for example_sla_dag to 2023-05-02T19:54:00+00:00, run_after=2023-05-02T19:56:00+00:00
[2023-05-02T19:57:54.660+0000] {processor.py:175} INFO - Processing /home/airflow/.local/lib/python3.7/site-packages/airflow/example_dags/example_sla_dag.py took 0.069 seconds
[2023-05-02T19:58:25.576+0000] {processor.py:153} INFO - Started process (PID=2508) to work on /home/airflow/.local/lib/python3.7/site-packages/airflow/example_dags/example_sla_dag.py
[2023-05-02T19:58:25.586+0000] {processor.py:743} INFO - Processing file /home/airflow/.local/lib/python3.7/site-packages/airflow/example_dags/example_sla_dag.py for tasks to queue
[2023-05-02T19:58:25.586+0000] {logging_mixin.py:137} INFO - [2023-05-02T19:58:25.586+0000] {dagbag.py:532} INFO - Filling up the DagBag from /home/airflow/.local/lib/python3.7/site-packages/airflow/example_dags/example_sla_dag.py
[2023-05-02T19:58:25.599+0000] {processor.py:753} INFO - DAG(s) dict_keys(['example_sla_dag']) retrieved from /home/airflow/.local/lib/python3.7/site-packages/airflow/example_dags/example_sla_dag.py
[2023-05-02T19:58:25.615+0000] {logging_mixin.py:137} INFO - [2023-05-02T19:58:25.614+0000] {dag.py:2705} INFO - Sync 1 DAGs
[2023-05-02T19:58:25.632+0000] {logging_mixin.py:137} INFO - [2023-05-02T19:58:25.632+0000] {dag.py:3456} INFO - Setting next_dagrun for example_sla_dag to 2023-05-02T19:56:00+00:00, run_after=2023-05-02T19:58:00+00:00
[2023-05-02T19:58:25.644+0000] {processor.py:175} INFO - Processing /home/airflow/.local/lib/python3.7/site-packages/airflow/example_dags/example_sla_dag.py took 0.069 seconds
[2023-05-02T19:58:56.344+0000] {processor.py:153} INFO - Started process (PID=2560) to work on /home/airflow/.local/lib/python3.7/site-packages/airflow/example_dags/example_sla_dag.py
[2023-05-02T19:58:56.344+0000] {processor.py:743} INFO - Processing file /home/airflow/.local/lib/python3.7/site-packages/airflow/example_dags/example_sla_dag.py for tasks to queue
[2023-05-02T19:58:56.344+0000] {logging_mixin.py:137} INFO - [2023-05-02T19:58:56.344+0000] {dagbag.py:532} INFO - Filling up the DagBag from /home/airflow/.local/lib/python3.7/site-packages/airflow/example_dags/example_sla_dag.py
[2023-05-02T19:58:56.357+0000] {processor.py:753} INFO - DAG(s) dict_keys(['example_sla_dag']) retrieved from /home/airflow/.local/lib/python3.7/site-packages/airflow/example_dags/example_sla_dag.py
[2023-05-02T19:58:56.375+0000] {logging_mixin.py:137} INFO - [2023-05-02T19:58:56.374+0000] {dag.py:2705} INFO - Sync 1 DAGs
[2023-05-02T19:58:56.399+0000] {logging_mixin.py:137} INFO - [2023-05-02T19:58:56.399+0000] {dag.py:3456} INFO - Setting next_dagrun for example_sla_dag to 2023-05-02T19:56:00+00:00, run_after=2023-05-02T19:58:00+00:00
[2023-05-02T19:58:56.416+0000] {processor.py:175} INFO - Processing /home/airflow/.local/lib/python3.7/site-packages/airflow/example_dags/example_sla_dag.py took 0.074 seconds
[2023-05-02T19:59:27.099+0000] {processor.py:153} INFO - Started process (PID=2612) to work on /home/airflow/.local/lib/python3.7/site-packages/airflow/example_dags/example_sla_dag.py
[2023-05-02T19:59:27.109+0000] {processor.py:743} INFO - Processing file /home/airflow/.local/lib/python3.7/site-packages/airflow/example_dags/example_sla_dag.py for tasks to queue
[2023-05-02T19:59:27.110+0000] {logging_mixin.py:137} INFO - [2023-05-02T19:59:27.110+0000] {dagbag.py:532} INFO - Filling up the DagBag from /home/airflow/.local/lib/python3.7/site-packages/airflow/example_dags/example_sla_dag.py
[2023-05-02T19:59:27.128+0000] {processor.py:753} INFO - DAG(s) dict_keys(['example_sla_dag']) retrieved from /home/airflow/.local/lib/python3.7/site-packages/airflow/example_dags/example_sla_dag.py
[2023-05-02T19:59:27.180+0000] {logging_mixin.py:137} INFO - [2023-05-02T19:59:27.179+0000] {dag.py:2705} INFO - Sync 1 DAGs
[2023-05-02T19:59:27.196+0000] {logging_mixin.py:137} INFO - [2023-05-02T19:59:27.196+0000] {dag.py:3456} INFO - Setting next_dagrun for example_sla_dag to 2023-05-02T19:56:00+00:00, run_after=2023-05-02T19:58:00+00:00
[2023-05-02T19:59:27.208+0000] {processor.py:175} INFO - Processing /home/airflow/.local/lib/python3.7/site-packages/airflow/example_dags/example_sla_dag.py took 0.110 seconds
[2023-05-02T19:59:58.013+0000] {processor.py:153} INFO - Started process (PID=2664) to work on /home/airflow/.local/lib/python3.7/site-packages/airflow/example_dags/example_sla_dag.py
[2023-05-02T19:59:58.022+0000] {processor.py:743} INFO - Processing file /home/airflow/.local/lib/python3.7/site-packages/airflow/example_dags/example_sla_dag.py for tasks to queue
[2023-05-02T19:59:58.022+0000] {logging_mixin.py:137} INFO - [2023-05-02T19:59:58.022+0000] {dagbag.py:532} INFO - Filling up the DagBag from /home/airflow/.local/lib/python3.7/site-packages/airflow/example_dags/example_sla_dag.py
[2023-05-02T19:59:58.037+0000] {processor.py:753} INFO - DAG(s) dict_keys(['example_sla_dag']) retrieved from /home/airflow/.local/lib/python3.7/site-packages/airflow/example_dags/example_sla_dag.py
[2023-05-02T19:59:58.059+0000] {logging_mixin.py:137} INFO - [2023-05-02T19:59:58.059+0000] {dag.py:2705} INFO - Sync 1 DAGs
[2023-05-02T19:59:58.085+0000] {logging_mixin.py:137} INFO - [2023-05-02T19:59:58.085+0000] {dag.py:3456} INFO - Setting next_dagrun for example_sla_dag to 2023-05-02T19:56:00+00:00, run_after=2023-05-02T19:58:00+00:00
[2023-05-02T19:59:58.100+0000] {processor.py:175} INFO - Processing /home/airflow/.local/lib/python3.7/site-packages/airflow/example_dags/example_sla_dag.py took 0.089 seconds
[2023-05-02T20:00:28.811+0000] {processor.py:153} INFO - Started process (PID=2715) to work on /home/airflow/.local/lib/python3.7/site-packages/airflow/example_dags/example_sla_dag.py
[2023-05-02T20:00:28.811+0000] {processor.py:743} INFO - Processing file /home/airflow/.local/lib/python3.7/site-packages/airflow/example_dags/example_sla_dag.py for tasks to queue
[2023-05-02T20:00:28.812+0000] {logging_mixin.py:137} INFO - [2023-05-02T20:00:28.811+0000] {dagbag.py:532} INFO - Filling up the DagBag from /home/airflow/.local/lib/python3.7/site-packages/airflow/example_dags/example_sla_dag.py
[2023-05-02T20:00:28.825+0000] {processor.py:753} INFO - DAG(s) dict_keys(['example_sla_dag']) retrieved from /home/airflow/.local/lib/python3.7/site-packages/airflow/example_dags/example_sla_dag.py
[2023-05-02T20:00:28.839+0000] {logging_mixin.py:137} INFO - [2023-05-02T20:00:28.839+0000] {dag.py:2705} INFO - Sync 1 DAGs
[2023-05-02T20:00:28.857+0000] {logging_mixin.py:137} INFO - [2023-05-02T20:00:28.857+0000] {dag.py:3456} INFO - Setting next_dagrun for example_sla_dag to 2023-05-02T19:58:00+00:00, run_after=2023-05-02T20:00:00+00:00
[2023-05-02T20:00:28.870+0000] {processor.py:175} INFO - Processing /home/airflow/.local/lib/python3.7/site-packages/airflow/example_dags/example_sla_dag.py took 0.061 seconds
[2023-05-02T20:00:59.573+0000] {processor.py:153} INFO - Started process (PID=2767) to work on /home/airflow/.local/lib/python3.7/site-packages/airflow/example_dags/example_sla_dag.py
[2023-05-02T20:00:59.583+0000] {processor.py:743} INFO - Processing file /home/airflow/.local/lib/python3.7/site-packages/airflow/example_dags/example_sla_dag.py for tasks to queue
[2023-05-02T20:00:59.583+0000] {logging_mixin.py:137} INFO - [2023-05-02T20:00:59.583+0000] {dagbag.py:532} INFO - Filling up the DagBag from /home/airflow/.local/lib/python3.7/site-packages/airflow/example_dags/example_sla_dag.py
[2023-05-02T20:00:59.598+0000] {processor.py:753} INFO - DAG(s) dict_keys(['example_sla_dag']) retrieved from /home/airflow/.local/lib/python3.7/site-packages/airflow/example_dags/example_sla_dag.py
[2023-05-02T20:00:59.611+0000] {logging_mixin.py:137} INFO - [2023-05-02T20:00:59.611+0000] {dag.py:2705} INFO - Sync 1 DAGs
[2023-05-02T20:00:59.627+0000] {logging_mixin.py:137} INFO - [2023-05-02T20:00:59.627+0000] {dag.py:3456} INFO - Setting next_dagrun for example_sla_dag to 2023-05-02T19:58:00+00:00, run_after=2023-05-02T20:00:00+00:00
[2023-05-02T20:00:59.638+0000] {processor.py:175} INFO - Processing /home/airflow/.local/lib/python3.7/site-packages/airflow/example_dags/example_sla_dag.py took 0.067 seconds
[2023-05-02T20:01:30.346+0000] {processor.py:153} INFO - Started process (PID=2819) to work on /home/airflow/.local/lib/python3.7/site-packages/airflow/example_dags/example_sla_dag.py
[2023-05-02T20:01:30.356+0000] {processor.py:743} INFO - Processing file /home/airflow/.local/lib/python3.7/site-packages/airflow/example_dags/example_sla_dag.py for tasks to queue
[2023-05-02T20:01:30.356+0000] {logging_mixin.py:137} INFO - [2023-05-02T20:01:30.356+0000] {dagbag.py:532} INFO - Filling up the DagBag from /home/airflow/.local/lib/python3.7/site-packages/airflow/example_dags/example_sla_dag.py
[2023-05-02T20:01:30.372+0000] {processor.py:753} INFO - DAG(s) dict_keys(['example_sla_dag']) retrieved from /home/airflow/.local/lib/python3.7/site-packages/airflow/example_dags/example_sla_dag.py
[2023-05-02T20:01:30.385+0000] {logging_mixin.py:137} INFO - [2023-05-02T20:01:30.385+0000] {dag.py:2705} INFO - Sync 1 DAGs
[2023-05-02T20:01:30.400+0000] {logging_mixin.py:137} INFO - [2023-05-02T20:01:30.400+0000] {dag.py:3456} INFO - Setting next_dagrun for example_sla_dag to 2023-05-02T19:58:00+00:00, run_after=2023-05-02T20:00:00+00:00
[2023-05-02T20:01:30.412+0000] {processor.py:175} INFO - Processing /home/airflow/.local/lib/python3.7/site-packages/airflow/example_dags/example_sla_dag.py took 0.067 seconds
[2023-05-02T20:02:01.167+0000] {processor.py:153} INFO - Started process (PID=2871) to work on /home/airflow/.local/lib/python3.7/site-packages/airflow/example_dags/example_sla_dag.py
[2023-05-02T20:02:01.177+0000] {processor.py:743} INFO - Processing file /home/airflow/.local/lib/python3.7/site-packages/airflow/example_dags/example_sla_dag.py for tasks to queue
[2023-05-02T20:02:01.177+0000] {logging_mixin.py:137} INFO - [2023-05-02T20:02:01.177+0000] {dagbag.py:532} INFO - Filling up the DagBag from /home/airflow/.local/lib/python3.7/site-packages/airflow/example_dags/example_sla_dag.py
[2023-05-02T20:02:01.193+0000] {processor.py:753} INFO - DAG(s) dict_keys(['example_sla_dag']) retrieved from /home/airflow/.local/lib/python3.7/site-packages/airflow/example_dags/example_sla_dag.py
[2023-05-02T20:02:01.206+0000] {logging_mixin.py:137} INFO - [2023-05-02T20:02:01.206+0000] {dag.py:2705} INFO - Sync 1 DAGs
[2023-05-02T20:02:01.221+0000] {logging_mixin.py:137} INFO - [2023-05-02T20:02:01.221+0000] {dag.py:3456} INFO - Setting next_dagrun for example_sla_dag to 2023-05-02T20:00:00+00:00, run_after=2023-05-02T20:02:00+00:00
[2023-05-02T20:02:01.232+0000] {processor.py:175} INFO - Processing /home/airflow/.local/lib/python3.7/site-packages/airflow/example_dags/example_sla_dag.py took 0.067 seconds
[2023-05-02T20:02:32.022+0000] {processor.py:153} INFO - Started process (PID=2922) to work on /home/airflow/.local/lib/python3.7/site-packages/airflow/example_dags/example_sla_dag.py
[2023-05-02T20:02:32.023+0000] {processor.py:743} INFO - Processing file /home/airflow/.local/lib/python3.7/site-packages/airflow/example_dags/example_sla_dag.py for tasks to queue
[2023-05-02T20:02:32.023+0000] {logging_mixin.py:137} INFO - [2023-05-02T20:02:32.023+0000] {dagbag.py:532} INFO - Filling up the DagBag from /home/airflow/.local/lib/python3.7/site-packages/airflow/example_dags/example_sla_dag.py
[2023-05-02T20:02:32.036+0000] {processor.py:753} INFO - DAG(s) dict_keys(['example_sla_dag']) retrieved from /home/airflow/.local/lib/python3.7/site-packages/airflow/example_dags/example_sla_dag.py
[2023-05-02T20:02:32.048+0000] {logging_mixin.py:137} INFO - [2023-05-02T20:02:32.048+0000] {dag.py:2705} INFO - Sync 1 DAGs
[2023-05-02T20:02:32.063+0000] {logging_mixin.py:137} INFO - [2023-05-02T20:02:32.063+0000] {dag.py:3456} INFO - Setting next_dagrun for example_sla_dag to 2023-05-02T20:00:00+00:00, run_after=2023-05-02T20:02:00+00:00
[2023-05-02T20:02:32.076+0000] {processor.py:175} INFO - Processing /home/airflow/.local/lib/python3.7/site-packages/airflow/example_dags/example_sla_dag.py took 0.056 seconds
[2023-05-02T20:03:02.867+0000] {processor.py:153} INFO - Started process (PID=2974) to work on /home/airflow/.local/lib/python3.7/site-packages/airflow/example_dags/example_sla_dag.py
[2023-05-02T20:03:02.876+0000] {processor.py:743} INFO - Processing file /home/airflow/.local/lib/python3.7/site-packages/airflow/example_dags/example_sla_dag.py for tasks to queue
[2023-05-02T20:03:02.876+0000] {logging_mixin.py:137} INFO - [2023-05-02T20:03:02.876+0000] {dagbag.py:532} INFO - Filling up the DagBag from /home/airflow/.local/lib/python3.7/site-packages/airflow/example_dags/example_sla_dag.py
[2023-05-02T20:03:02.891+0000] {processor.py:753} INFO - DAG(s) dict_keys(['example_sla_dag']) retrieved from /home/airflow/.local/lib/python3.7/site-packages/airflow/example_dags/example_sla_dag.py
[2023-05-02T20:03:02.904+0000] {logging_mixin.py:137} INFO - [2023-05-02T20:03:02.904+0000] {dag.py:2705} INFO - Sync 1 DAGs
[2023-05-02T20:03:02.919+0000] {logging_mixin.py:137} INFO - [2023-05-02T20:03:02.919+0000] {dag.py:3456} INFO - Setting next_dagrun for example_sla_dag to 2023-05-02T20:00:00+00:00, run_after=2023-05-02T20:02:00+00:00
[2023-05-02T20:03:02.932+0000] {processor.py:175} INFO - Processing /home/airflow/.local/lib/python3.7/site-packages/airflow/example_dags/example_sla_dag.py took 0.068 seconds
[2023-05-02T20:03:33.694+0000] {processor.py:153} INFO - Started process (PID=3026) to work on /home/airflow/.local/lib/python3.7/site-packages/airflow/example_dags/example_sla_dag.py
[2023-05-02T20:03:33.695+0000] {processor.py:743} INFO - Processing file /home/airflow/.local/lib/python3.7/site-packages/airflow/example_dags/example_sla_dag.py for tasks to queue
[2023-05-02T20:03:33.695+0000] {logging_mixin.py:137} INFO - [2023-05-02T20:03:33.695+0000] {dagbag.py:532} INFO - Filling up the DagBag from /home/airflow/.local/lib/python3.7/site-packages/airflow/example_dags/example_sla_dag.py
[2023-05-02T20:03:33.707+0000] {processor.py:753} INFO - DAG(s) dict_keys(['example_sla_dag']) retrieved from /home/airflow/.local/lib/python3.7/site-packages/airflow/example_dags/example_sla_dag.py
[2023-05-02T20:03:33.721+0000] {logging_mixin.py:137} INFO - [2023-05-02T20:03:33.720+0000] {dag.py:2705} INFO - Sync 1 DAGs
[2023-05-02T20:03:33.735+0000] {logging_mixin.py:137} INFO - [2023-05-02T20:03:33.735+0000] {dag.py:3456} INFO - Setting next_dagrun for example_sla_dag to 2023-05-02T20:00:00+00:00, run_after=2023-05-02T20:02:00+00:00
[2023-05-02T20:03:33.747+0000] {processor.py:175} INFO - Processing /home/airflow/.local/lib/python3.7/site-packages/airflow/example_dags/example_sla_dag.py took 0.054 seconds
[2023-05-02T20:04:04.446+0000] {processor.py:153} INFO - Started process (PID=3078) to work on /home/airflow/.local/lib/python3.7/site-packages/airflow/example_dags/example_sla_dag.py
[2023-05-02T20:04:04.455+0000] {processor.py:743} INFO - Processing file /home/airflow/.local/lib/python3.7/site-packages/airflow/example_dags/example_sla_dag.py for tasks to queue
[2023-05-02T20:04:04.455+0000] {logging_mixin.py:137} INFO - [2023-05-02T20:04:04.455+0000] {dagbag.py:532} INFO - Filling up the DagBag from /home/airflow/.local/lib/python3.7/site-packages/airflow/example_dags/example_sla_dag.py
[2023-05-02T20:04:04.469+0000] {processor.py:753} INFO - DAG(s) dict_keys(['example_sla_dag']) retrieved from /home/airflow/.local/lib/python3.7/site-packages/airflow/example_dags/example_sla_dag.py
[2023-05-02T20:04:04.485+0000] {logging_mixin.py:137} INFO - [2023-05-02T20:04:04.484+0000] {dag.py:2705} INFO - Sync 1 DAGs
[2023-05-02T20:04:04.501+0000] {logging_mixin.py:137} INFO - [2023-05-02T20:04:04.501+0000] {dag.py:3456} INFO - Setting next_dagrun for example_sla_dag to 2023-05-02T20:02:00+00:00, run_after=2023-05-02T20:04:00+00:00
[2023-05-02T20:04:04.515+0000] {processor.py:175} INFO - Processing /home/airflow/.local/lib/python3.7/site-packages/airflow/example_dags/example_sla_dag.py took 0.071 seconds
[2023-05-02T20:04:35.216+0000] {processor.py:153} INFO - Started process (PID=3130) to work on /home/airflow/.local/lib/python3.7/site-packages/airflow/example_dags/example_sla_dag.py
[2023-05-02T20:04:35.225+0000] {processor.py:743} INFO - Processing file /home/airflow/.local/lib/python3.7/site-packages/airflow/example_dags/example_sla_dag.py for tasks to queue
[2023-05-02T20:04:35.225+0000] {logging_mixin.py:137} INFO - [2023-05-02T20:04:35.225+0000] {dagbag.py:532} INFO - Filling up the DagBag from /home/airflow/.local/lib/python3.7/site-packages/airflow/example_dags/example_sla_dag.py
[2023-05-02T20:04:35.238+0000] {processor.py:753} INFO - DAG(s) dict_keys(['example_sla_dag']) retrieved from /home/airflow/.local/lib/python3.7/site-packages/airflow/example_dags/example_sla_dag.py
[2023-05-02T20:04:35.251+0000] {logging_mixin.py:137} INFO - [2023-05-02T20:04:35.251+0000] {dag.py:2705} INFO - Sync 1 DAGs
[2023-05-02T20:04:35.267+0000] {logging_mixin.py:137} INFO - [2023-05-02T20:04:35.267+0000] {dag.py:3456} INFO - Setting next_dagrun for example_sla_dag to 2023-05-02T20:02:00+00:00, run_after=2023-05-02T20:04:00+00:00
[2023-05-02T20:04:35.279+0000] {processor.py:175} INFO - Processing /home/airflow/.local/lib/python3.7/site-packages/airflow/example_dags/example_sla_dag.py took 0.065 seconds
[2023-05-02T20:05:05.982+0000] {processor.py:153} INFO - Started process (PID=3182) to work on /home/airflow/.local/lib/python3.7/site-packages/airflow/example_dags/example_sla_dag.py
[2023-05-02T20:05:05.983+0000] {processor.py:743} INFO - Processing file /home/airflow/.local/lib/python3.7/site-packages/airflow/example_dags/example_sla_dag.py for tasks to queue
[2023-05-02T20:05:05.983+0000] {logging_mixin.py:137} INFO - [2023-05-02T20:05:05.983+0000] {dagbag.py:532} INFO - Filling up the DagBag from /home/airflow/.local/lib/python3.7/site-packages/airflow/example_dags/example_sla_dag.py
[2023-05-02T20:05:05.996+0000] {processor.py:753} INFO - DAG(s) dict_keys(['example_sla_dag']) retrieved from /home/airflow/.local/lib/python3.7/site-packages/airflow/example_dags/example_sla_dag.py
[2023-05-02T20:05:06.009+0000] {logging_mixin.py:137} INFO - [2023-05-02T20:05:06.009+0000] {dag.py:2705} INFO - Sync 1 DAGs
[2023-05-02T20:05:06.024+0000] {logging_mixin.py:137} INFO - [2023-05-02T20:05:06.024+0000] {dag.py:3456} INFO - Setting next_dagrun for example_sla_dag to 2023-05-02T20:02:00+00:00, run_after=2023-05-02T20:04:00+00:00
[2023-05-02T20:05:06.035+0000] {processor.py:175} INFO - Processing /home/airflow/.local/lib/python3.7/site-packages/airflow/example_dags/example_sla_dag.py took 0.055 seconds
[2023-05-02T20:05:36.780+0000] {processor.py:153} INFO - Started process (PID=3234) to work on /home/airflow/.local/lib/python3.7/site-packages/airflow/example_dags/example_sla_dag.py
[2023-05-02T20:05:36.789+0000] {processor.py:743} INFO - Processing file /home/airflow/.local/lib/python3.7/site-packages/airflow/example_dags/example_sla_dag.py for tasks to queue
[2023-05-02T20:05:36.790+0000] {logging_mixin.py:137} INFO - [2023-05-02T20:05:36.790+0000] {dagbag.py:532} INFO - Filling up the DagBag from /home/airflow/.local/lib/python3.7/site-packages/airflow/example_dags/example_sla_dag.py
[2023-05-02T20:05:36.808+0000] {processor.py:753} INFO - DAG(s) dict_keys(['example_sla_dag']) retrieved from /home/airflow/.local/lib/python3.7/site-packages/airflow/example_dags/example_sla_dag.py
[2023-05-02T20:05:36.822+0000] {logging_mixin.py:137} INFO - [2023-05-02T20:05:36.822+0000] {dag.py:2705} INFO - Sync 1 DAGs
[2023-05-02T20:05:36.837+0000] {logging_mixin.py:137} INFO - [2023-05-02T20:05:36.837+0000] {dag.py:3456} INFO - Setting next_dagrun for example_sla_dag to 2023-05-02T20:02:00+00:00, run_after=2023-05-02T20:04:00+00:00
[2023-05-02T20:05:36.849+0000] {processor.py:175} INFO - Processing /home/airflow/.local/lib/python3.7/site-packages/airflow/example_dags/example_sla_dag.py took 0.071 seconds
[2023-05-02T20:06:07.697+0000] {processor.py:153} INFO - Started process (PID=3286) to work on /home/airflow/.local/lib/python3.7/site-packages/airflow/example_dags/example_sla_dag.py
[2023-05-02T20:06:07.698+0000] {processor.py:743} INFO - Processing file /home/airflow/.local/lib/python3.7/site-packages/airflow/example_dags/example_sla_dag.py for tasks to queue
[2023-05-02T20:06:07.698+0000] {logging_mixin.py:137} INFO - [2023-05-02T20:06:07.698+0000] {dagbag.py:532} INFO - Filling up the DagBag from /home/airflow/.local/lib/python3.7/site-packages/airflow/example_dags/example_sla_dag.py
[2023-05-02T20:06:07.711+0000] {processor.py:753} INFO - DAG(s) dict_keys(['example_sla_dag']) retrieved from /home/airflow/.local/lib/python3.7/site-packages/airflow/example_dags/example_sla_dag.py
[2023-05-02T20:06:07.724+0000] {logging_mixin.py:137} INFO - [2023-05-02T20:06:07.724+0000] {dag.py:2705} INFO - Sync 1 DAGs
[2023-05-02T20:06:07.739+0000] {logging_mixin.py:137} INFO - [2023-05-02T20:06:07.739+0000] {dag.py:3456} INFO - Setting next_dagrun for example_sla_dag to 2023-05-02T20:04:00+00:00, run_after=2023-05-02T20:06:00+00:00
[2023-05-02T20:06:07.750+0000] {processor.py:175} INFO - Processing /home/airflow/.local/lib/python3.7/site-packages/airflow/example_dags/example_sla_dag.py took 0.055 seconds
[2023-05-02T20:06:38.521+0000] {processor.py:153} INFO - Started process (PID=3338) to work on /home/airflow/.local/lib/python3.7/site-packages/airflow/example_dags/example_sla_dag.py
[2023-05-02T20:06:38.530+0000] {processor.py:743} INFO - Processing file /home/airflow/.local/lib/python3.7/site-packages/airflow/example_dags/example_sla_dag.py for tasks to queue
[2023-05-02T20:06:38.531+0000] {logging_mixin.py:137} INFO - [2023-05-02T20:06:38.530+0000] {dagbag.py:532} INFO - Filling up the DagBag from /home/airflow/.local/lib/python3.7/site-packages/airflow/example_dags/example_sla_dag.py
[2023-05-02T20:06:38.546+0000] {processor.py:753} INFO - DAG(s) dict_keys(['example_sla_dag']) retrieved from /home/airflow/.local/lib/python3.7/site-packages/airflow/example_dags/example_sla_dag.py
[2023-05-02T20:06:38.558+0000] {logging_mixin.py:137} INFO - [2023-05-02T20:06:38.558+0000] {dag.py:2705} INFO - Sync 1 DAGs
[2023-05-02T20:06:38.574+0000] {logging_mixin.py:137} INFO - [2023-05-02T20:06:38.574+0000] {dag.py:3456} INFO - Setting next_dagrun for example_sla_dag to 2023-05-02T20:04:00+00:00, run_after=2023-05-02T20:06:00+00:00
[2023-05-02T20:06:38.585+0000] {processor.py:175} INFO - Processing /home/airflow/.local/lib/python3.7/site-packages/airflow/example_dags/example_sla_dag.py took 0.067 seconds
[2023-05-02T20:07:09.398+0000] {processor.py:153} INFO - Started process (PID=3391) to work on /home/airflow/.local/lib/python3.7/site-packages/airflow/example_dags/example_sla_dag.py
[2023-05-02T20:07:09.399+0000] {processor.py:743} INFO - Processing file /home/airflow/.local/lib/python3.7/site-packages/airflow/example_dags/example_sla_dag.py for tasks to queue
[2023-05-02T20:07:09.399+0000] {logging_mixin.py:137} INFO - [2023-05-02T20:07:09.399+0000] {dagbag.py:532} INFO - Filling up the DagBag from /home/airflow/.local/lib/python3.7/site-packages/airflow/example_dags/example_sla_dag.py
[2023-05-02T20:07:09.412+0000] {processor.py:753} INFO - DAG(s) dict_keys(['example_sla_dag']) retrieved from /home/airflow/.local/lib/python3.7/site-packages/airflow/example_dags/example_sla_dag.py
[2023-05-02T20:07:09.426+0000] {logging_mixin.py:137} INFO - [2023-05-02T20:07:09.425+0000] {dag.py:2705} INFO - Sync 1 DAGs
[2023-05-02T20:07:09.441+0000] {logging_mixin.py:137} INFO - [2023-05-02T20:07:09.441+0000] {dag.py:3456} INFO - Setting next_dagrun for example_sla_dag to 2023-05-02T20:04:00+00:00, run_after=2023-05-02T20:06:00+00:00
[2023-05-02T20:07:09.452+0000] {processor.py:175} INFO - Processing /home/airflow/.local/lib/python3.7/site-packages/airflow/example_dags/example_sla_dag.py took 0.055 seconds
[2023-05-02T20:07:40.193+0000] {processor.py:153} INFO - Started process (PID=3442) to work on /home/airflow/.local/lib/python3.7/site-packages/airflow/example_dags/example_sla_dag.py
[2023-05-02T20:07:40.203+0000] {processor.py:743} INFO - Processing file /home/airflow/.local/lib/python3.7/site-packages/airflow/example_dags/example_sla_dag.py for tasks to queue
[2023-05-02T20:07:40.203+0000] {logging_mixin.py:137} INFO - [2023-05-02T20:07:40.203+0000] {dagbag.py:532} INFO - Filling up the DagBag from /home/airflow/.local/lib/python3.7/site-packages/airflow/example_dags/example_sla_dag.py
[2023-05-02T20:07:40.226+0000] {processor.py:753} INFO - DAG(s) dict_keys(['example_sla_dag']) retrieved from /home/airflow/.local/lib/python3.7/site-packages/airflow/example_dags/example_sla_dag.py
[2023-05-02T20:07:40.239+0000] {logging_mixin.py:137} INFO - [2023-05-02T20:07:40.238+0000] {dag.py:2705} INFO - Sync 1 DAGs
[2023-05-02T20:07:40.254+0000] {logging_mixin.py:137} INFO - [2023-05-02T20:07:40.254+0000] {dag.py:3456} INFO - Setting next_dagrun for example_sla_dag to 2023-05-02T20:04:00+00:00, run_after=2023-05-02T20:06:00+00:00
[2023-05-02T20:07:40.265+0000] {processor.py:175} INFO - Processing /home/airflow/.local/lib/python3.7/site-packages/airflow/example_dags/example_sla_dag.py took 0.076 seconds
[2023-05-02T20:08:11.118+0000] {processor.py:153} INFO - Started process (PID=3494) to work on /home/airflow/.local/lib/python3.7/site-packages/airflow/example_dags/example_sla_dag.py
[2023-05-02T20:08:11.127+0000] {processor.py:743} INFO - Processing file /home/airflow/.local/lib/python3.7/site-packages/airflow/example_dags/example_sla_dag.py for tasks to queue
[2023-05-02T20:08:11.128+0000] {logging_mixin.py:137} INFO - [2023-05-02T20:08:11.128+0000] {dagbag.py:532} INFO - Filling up the DagBag from /home/airflow/.local/lib/python3.7/site-packages/airflow/example_dags/example_sla_dag.py
[2023-05-02T20:08:11.143+0000] {processor.py:753} INFO - DAG(s) dict_keys(['example_sla_dag']) retrieved from /home/airflow/.local/lib/python3.7/site-packages/airflow/example_dags/example_sla_dag.py
[2023-05-02T20:08:11.156+0000] {logging_mixin.py:137} INFO - [2023-05-02T20:08:11.156+0000] {dag.py:2705} INFO - Sync 1 DAGs
[2023-05-02T20:08:11.172+0000] {logging_mixin.py:137} INFO - [2023-05-02T20:08:11.172+0000] {dag.py:3456} INFO - Setting next_dagrun for example_sla_dag to 2023-05-02T20:06:00+00:00, run_after=2023-05-02T20:08:00+00:00
[2023-05-02T20:08:11.183+0000] {processor.py:175} INFO - Processing /home/airflow/.local/lib/python3.7/site-packages/airflow/example_dags/example_sla_dag.py took 0.067 seconds
[2023-05-02T20:08:41.961+0000] {processor.py:153} INFO - Started process (PID=3546) to work on /home/airflow/.local/lib/python3.7/site-packages/airflow/example_dags/example_sla_dag.py
[2023-05-02T20:08:41.970+0000] {processor.py:743} INFO - Processing file /home/airflow/.local/lib/python3.7/site-packages/airflow/example_dags/example_sla_dag.py for tasks to queue
[2023-05-02T20:08:41.971+0000] {logging_mixin.py:137} INFO - [2023-05-02T20:08:41.971+0000] {dagbag.py:532} INFO - Filling up the DagBag from /home/airflow/.local/lib/python3.7/site-packages/airflow/example_dags/example_sla_dag.py
[2023-05-02T20:08:41.987+0000] {processor.py:753} INFO - DAG(s) dict_keys(['example_sla_dag']) retrieved from /home/airflow/.local/lib/python3.7/site-packages/airflow/example_dags/example_sla_dag.py
[2023-05-02T20:08:42.000+0000] {logging_mixin.py:137} INFO - [2023-05-02T20:08:42.000+0000] {dag.py:2705} INFO - Sync 1 DAGs
[2023-05-02T20:08:42.016+0000] {logging_mixin.py:137} INFO - [2023-05-02T20:08:42.015+0000] {dag.py:3456} INFO - Setting next_dagrun for example_sla_dag to 2023-05-02T20:06:00+00:00, run_after=2023-05-02T20:08:00+00:00
[2023-05-02T20:08:42.027+0000] {processor.py:175} INFO - Processing /home/airflow/.local/lib/python3.7/site-packages/airflow/example_dags/example_sla_dag.py took 0.067 seconds
[2023-05-02T20:09:12.847+0000] {processor.py:153} INFO - Started process (PID=3598) to work on /home/airflow/.local/lib/python3.7/site-packages/airflow/example_dags/example_sla_dag.py
[2023-05-02T20:09:12.847+0000] {processor.py:743} INFO - Processing file /home/airflow/.local/lib/python3.7/site-packages/airflow/example_dags/example_sla_dag.py for tasks to queue
[2023-05-02T20:09:12.847+0000] {logging_mixin.py:137} INFO - [2023-05-02T20:09:12.847+0000] {dagbag.py:532} INFO - Filling up the DagBag from /home/airflow/.local/lib/python3.7/site-packages/airflow/example_dags/example_sla_dag.py
[2023-05-02T20:09:12.860+0000] {processor.py:753} INFO - DAG(s) dict_keys(['example_sla_dag']) retrieved from /home/airflow/.local/lib/python3.7/site-packages/airflow/example_dags/example_sla_dag.py
[2023-05-02T20:09:12.873+0000] {logging_mixin.py:137} INFO - [2023-05-02T20:09:12.873+0000] {dag.py:2705} INFO - Sync 1 DAGs
[2023-05-02T20:09:12.888+0000] {logging_mixin.py:137} INFO - [2023-05-02T20:09:12.888+0000] {dag.py:3456} INFO - Setting next_dagrun for example_sla_dag to 2023-05-02T20:06:00+00:00, run_after=2023-05-02T20:08:00+00:00
[2023-05-02T20:09:12.904+0000] {processor.py:175} INFO - Processing /home/airflow/.local/lib/python3.7/site-packages/airflow/example_dags/example_sla_dag.py took 0.060 seconds
[2023-05-02T20:09:43.754+0000] {processor.py:153} INFO - Started process (PID=3650) to work on /home/airflow/.local/lib/python3.7/site-packages/airflow/example_dags/example_sla_dag.py
[2023-05-02T20:09:43.755+0000] {processor.py:743} INFO - Processing file /home/airflow/.local/lib/python3.7/site-packages/airflow/example_dags/example_sla_dag.py for tasks to queue
[2023-05-02T20:09:43.755+0000] {logging_mixin.py:137} INFO - [2023-05-02T20:09:43.755+0000] {dagbag.py:532} INFO - Filling up the DagBag from /home/airflow/.local/lib/python3.7/site-packages/airflow/example_dags/example_sla_dag.py
[2023-05-02T20:09:43.769+0000] {processor.py:753} INFO - DAG(s) dict_keys(['example_sla_dag']) retrieved from /home/airflow/.local/lib/python3.7/site-packages/airflow/example_dags/example_sla_dag.py
[2023-05-02T20:09:43.782+0000] {logging_mixin.py:137} INFO - [2023-05-02T20:09:43.782+0000] {dag.py:2705} INFO - Sync 1 DAGs
[2023-05-02T20:09:43.797+0000] {logging_mixin.py:137} INFO - [2023-05-02T20:09:43.797+0000] {dag.py:3456} INFO - Setting next_dagrun for example_sla_dag to 2023-05-02T20:06:00+00:00, run_after=2023-05-02T20:08:00+00:00
[2023-05-02T20:09:43.808+0000] {processor.py:175} INFO - Processing /home/airflow/.local/lib/python3.7/site-packages/airflow/example_dags/example_sla_dag.py took 0.056 seconds
