[2023-05-02T19:07:28.455+0000] {processor.py:153} INFO - Started process (PID=49) to work on /home/airflow/.local/lib/python3.7/site-packages/airflow/example_dags/tutorial.py
[2023-05-02T19:07:28.456+0000] {processor.py:743} INFO - Processing file /home/airflow/.local/lib/python3.7/site-packages/airflow/example_dags/tutorial.py for tasks to queue
[2023-05-02T19:07:28.456+0000] {logging_mixin.py:137} INFO - [2023-05-02T19:07:28.456+0000] {dagbag.py:532} INFO - Filling up the DagBag from /home/airflow/.local/lib/python3.7/site-packages/airflow/example_dags/tutorial.py
[2023-05-02T19:07:28.469+0000] {processor.py:753} INFO - DAG(s) dict_keys(['tutorial']) retrieved from /home/airflow/.local/lib/python3.7/site-packages/airflow/example_dags/tutorial.py
[2023-05-02T19:07:28.487+0000] {logging_mixin.py:137} INFO - [2023-05-02T19:07:28.487+0000] {dag.py:2705} INFO - Sync 1 DAGs
[2023-05-02T19:07:28.507+0000] {logging_mixin.py:137} INFO - [2023-05-02T19:07:28.507+0000] {dag.py:3456} INFO - Setting next_dagrun for tutorial to 2023-05-01T19:07:28.507563+00:00, run_after=2023-05-02T19:07:28.507563+00:00
[2023-05-02T19:07:28.523+0000] {processor.py:175} INFO - Processing /home/airflow/.local/lib/python3.7/site-packages/airflow/example_dags/tutorial.py took 0.070 seconds
[2023-05-02T19:34:19.371+0000] {processor.py:153} INFO - Started process (PID=49) to work on /home/airflow/.local/lib/python3.7/site-packages/airflow/example_dags/tutorial.py
[2023-05-02T19:34:19.371+0000] {processor.py:743} INFO - Processing file /home/airflow/.local/lib/python3.7/site-packages/airflow/example_dags/tutorial.py for tasks to queue
[2023-05-02T19:34:19.371+0000] {logging_mixin.py:137} INFO - [2023-05-02T19:34:19.371+0000] {dagbag.py:532} INFO - Filling up the DagBag from /home/airflow/.local/lib/python3.7/site-packages/airflow/example_dags/tutorial.py
[2023-05-02T19:34:19.382+0000] {processor.py:753} INFO - DAG(s) dict_keys(['tutorial']) retrieved from /home/airflow/.local/lib/python3.7/site-packages/airflow/example_dags/tutorial.py
[2023-05-02T19:34:19.390+0000] {logging_mixin.py:137} INFO - [2023-05-02T19:34:19.390+0000] {dag.py:2705} INFO - Sync 1 DAGs
[2023-05-02T19:34:19.407+0000] {logging_mixin.py:137} INFO - [2023-05-02T19:34:19.407+0000] {dag.py:3456} INFO - Setting next_dagrun for tutorial to 2023-05-01T19:34:19.407734+00:00, run_after=2023-05-02T19:34:19.407734+00:00
[2023-05-02T19:34:19.423+0000] {processor.py:175} INFO - Processing /home/airflow/.local/lib/python3.7/site-packages/airflow/example_dags/tutorial.py took 0.054 seconds
[2023-05-02T19:34:50.578+0000] {processor.py:153} INFO - Started process (PID=101) to work on /home/airflow/.local/lib/python3.7/site-packages/airflow/example_dags/tutorial.py
[2023-05-02T19:34:50.578+0000] {processor.py:743} INFO - Processing file /home/airflow/.local/lib/python3.7/site-packages/airflow/example_dags/tutorial.py for tasks to queue
[2023-05-02T19:34:50.579+0000] {logging_mixin.py:137} INFO - [2023-05-02T19:34:50.579+0000] {dagbag.py:532} INFO - Filling up the DagBag from /home/airflow/.local/lib/python3.7/site-packages/airflow/example_dags/tutorial.py
[2023-05-02T19:34:50.587+0000] {processor.py:753} INFO - DAG(s) dict_keys(['tutorial']) retrieved from /home/airflow/.local/lib/python3.7/site-packages/airflow/example_dags/tutorial.py
[2023-05-02T19:34:50.601+0000] {logging_mixin.py:137} INFO - [2023-05-02T19:34:50.601+0000] {dag.py:2705} INFO - Sync 1 DAGs
[2023-05-02T19:34:50.615+0000] {logging_mixin.py:137} INFO - [2023-05-02T19:34:50.614+0000] {dag.py:3456} INFO - Setting next_dagrun for tutorial to 2023-05-01T19:34:50.614824+00:00, run_after=2023-05-02T19:34:50.614824+00:00
[2023-05-02T19:34:50.626+0000] {processor.py:175} INFO - Processing /home/airflow/.local/lib/python3.7/site-packages/airflow/example_dags/tutorial.py took 0.051 seconds
[2023-05-02T19:35:21.135+0000] {processor.py:153} INFO - Started process (PID=153) to work on /home/airflow/.local/lib/python3.7/site-packages/airflow/example_dags/tutorial.py
[2023-05-02T19:35:21.136+0000] {processor.py:743} INFO - Processing file /home/airflow/.local/lib/python3.7/site-packages/airflow/example_dags/tutorial.py for tasks to queue
[2023-05-02T19:35:21.136+0000] {logging_mixin.py:137} INFO - [2023-05-02T19:35:21.136+0000] {dagbag.py:532} INFO - Filling up the DagBag from /home/airflow/.local/lib/python3.7/site-packages/airflow/example_dags/tutorial.py
[2023-05-02T19:35:21.144+0000] {processor.py:753} INFO - DAG(s) dict_keys(['tutorial']) retrieved from /home/airflow/.local/lib/python3.7/site-packages/airflow/example_dags/tutorial.py
[2023-05-02T19:35:21.159+0000] {logging_mixin.py:137} INFO - [2023-05-02T19:35:21.159+0000] {dag.py:2705} INFO - Sync 1 DAGs
[2023-05-02T19:35:21.174+0000] {logging_mixin.py:137} INFO - [2023-05-02T19:35:21.174+0000] {dag.py:3456} INFO - Setting next_dagrun for tutorial to 2023-05-01T19:35:21.174197+00:00, run_after=2023-05-02T19:35:21.174197+00:00
[2023-05-02T19:35:21.185+0000] {processor.py:175} INFO - Processing /home/airflow/.local/lib/python3.7/site-packages/airflow/example_dags/tutorial.py took 0.052 seconds
[2023-05-02T19:35:51.211+0000] {processor.py:153} INFO - Started process (PID=203) to work on /home/airflow/.local/lib/python3.7/site-packages/airflow/example_dags/tutorial.py
[2023-05-02T19:35:51.212+0000] {processor.py:743} INFO - Processing file /home/airflow/.local/lib/python3.7/site-packages/airflow/example_dags/tutorial.py for tasks to queue
[2023-05-02T19:35:51.212+0000] {logging_mixin.py:137} INFO - [2023-05-02T19:35:51.212+0000] {dagbag.py:532} INFO - Filling up the DagBag from /home/airflow/.local/lib/python3.7/site-packages/airflow/example_dags/tutorial.py
[2023-05-02T19:35:51.219+0000] {processor.py:753} INFO - DAG(s) dict_keys(['tutorial']) retrieved from /home/airflow/.local/lib/python3.7/site-packages/airflow/example_dags/tutorial.py
[2023-05-02T19:35:51.234+0000] {logging_mixin.py:137} INFO - [2023-05-02T19:35:51.234+0000] {dag.py:2705} INFO - Sync 1 DAGs
[2023-05-02T19:35:51.247+0000] {logging_mixin.py:137} INFO - [2023-05-02T19:35:51.247+0000] {dag.py:3456} INFO - Setting next_dagrun for tutorial to 2023-05-01T19:35:51.247547+00:00, run_after=2023-05-02T19:35:51.247547+00:00
[2023-05-02T19:35:51.259+0000] {processor.py:175} INFO - Processing /home/airflow/.local/lib/python3.7/site-packages/airflow/example_dags/tutorial.py took 0.049 seconds
[2023-05-02T19:36:21.988+0000] {processor.py:153} INFO - Started process (PID=255) to work on /home/airflow/.local/lib/python3.7/site-packages/airflow/example_dags/tutorial.py
[2023-05-02T19:36:21.994+0000] {processor.py:743} INFO - Processing file /home/airflow/.local/lib/python3.7/site-packages/airflow/example_dags/tutorial.py for tasks to queue
[2023-05-02T19:36:21.995+0000] {logging_mixin.py:137} INFO - [2023-05-02T19:36:21.995+0000] {dagbag.py:532} INFO - Filling up the DagBag from /home/airflow/.local/lib/python3.7/site-packages/airflow/example_dags/tutorial.py
[2023-05-02T19:36:22.003+0000] {processor.py:753} INFO - DAG(s) dict_keys(['tutorial']) retrieved from /home/airflow/.local/lib/python3.7/site-packages/airflow/example_dags/tutorial.py
[2023-05-02T19:36:22.024+0000] {logging_mixin.py:137} INFO - [2023-05-02T19:36:22.024+0000] {dag.py:2705} INFO - Sync 1 DAGs
[2023-05-02T19:36:22.048+0000] {logging_mixin.py:137} INFO - [2023-05-02T19:36:22.048+0000] {dag.py:3456} INFO - Setting next_dagrun for tutorial to 2023-05-01T19:36:22.048526+00:00, run_after=2023-05-02T19:36:22.048526+00:00
[2023-05-02T19:36:22.062+0000] {processor.py:175} INFO - Processing /home/airflow/.local/lib/python3.7/site-packages/airflow/example_dags/tutorial.py took 0.076 seconds
[2023-05-02T19:36:52.839+0000] {processor.py:153} INFO - Started process (PID=307) to work on /home/airflow/.local/lib/python3.7/site-packages/airflow/example_dags/tutorial.py
[2023-05-02T19:36:52.845+0000] {processor.py:743} INFO - Processing file /home/airflow/.local/lib/python3.7/site-packages/airflow/example_dags/tutorial.py for tasks to queue
[2023-05-02T19:36:52.845+0000] {logging_mixin.py:137} INFO - [2023-05-02T19:36:52.845+0000] {dagbag.py:532} INFO - Filling up the DagBag from /home/airflow/.local/lib/python3.7/site-packages/airflow/example_dags/tutorial.py
[2023-05-02T19:36:52.853+0000] {processor.py:753} INFO - DAG(s) dict_keys(['tutorial']) retrieved from /home/airflow/.local/lib/python3.7/site-packages/airflow/example_dags/tutorial.py
[2023-05-02T19:36:52.869+0000] {logging_mixin.py:137} INFO - [2023-05-02T19:36:52.869+0000] {dag.py:2705} INFO - Sync 1 DAGs
[2023-05-02T19:36:52.885+0000] {logging_mixin.py:137} INFO - [2023-05-02T19:36:52.885+0000] {dag.py:3456} INFO - Setting next_dagrun for tutorial to 2023-05-01T19:36:52.885336+00:00, run_after=2023-05-02T19:36:52.885336+00:00
[2023-05-02T19:36:52.901+0000] {processor.py:175} INFO - Processing /home/airflow/.local/lib/python3.7/site-packages/airflow/example_dags/tutorial.py took 0.064 seconds
[2023-05-02T19:37:23.611+0000] {processor.py:153} INFO - Started process (PID=359) to work on /home/airflow/.local/lib/python3.7/site-packages/airflow/example_dags/tutorial.py
[2023-05-02T19:37:23.615+0000] {processor.py:743} INFO - Processing file /home/airflow/.local/lib/python3.7/site-packages/airflow/example_dags/tutorial.py for tasks to queue
[2023-05-02T19:37:23.616+0000] {logging_mixin.py:137} INFO - [2023-05-02T19:37:23.616+0000] {dagbag.py:532} INFO - Filling up the DagBag from /home/airflow/.local/lib/python3.7/site-packages/airflow/example_dags/tutorial.py
[2023-05-02T19:37:23.629+0000] {processor.py:753} INFO - DAG(s) dict_keys(['tutorial']) retrieved from /home/airflow/.local/lib/python3.7/site-packages/airflow/example_dags/tutorial.py
[2023-05-02T19:37:23.653+0000] {logging_mixin.py:137} INFO - [2023-05-02T19:37:23.652+0000] {dag.py:2705} INFO - Sync 1 DAGs
[2023-05-02T19:37:23.668+0000] {logging_mixin.py:137} INFO - [2023-05-02T19:37:23.668+0000] {dag.py:3456} INFO - Setting next_dagrun for tutorial to 2023-05-01T19:37:23.668452+00:00, run_after=2023-05-02T19:37:23.668452+00:00
[2023-05-02T19:37:23.685+0000] {processor.py:175} INFO - Processing /home/airflow/.local/lib/python3.7/site-packages/airflow/example_dags/tutorial.py took 0.077 seconds
[2023-05-02T19:37:54.455+0000] {processor.py:153} INFO - Started process (PID=411) to work on /home/airflow/.local/lib/python3.7/site-packages/airflow/example_dags/tutorial.py
[2023-05-02T19:37:54.456+0000] {processor.py:743} INFO - Processing file /home/airflow/.local/lib/python3.7/site-packages/airflow/example_dags/tutorial.py for tasks to queue
[2023-05-02T19:37:54.456+0000] {logging_mixin.py:137} INFO - [2023-05-02T19:37:54.456+0000] {dagbag.py:532} INFO - Filling up the DagBag from /home/airflow/.local/lib/python3.7/site-packages/airflow/example_dags/tutorial.py
[2023-05-02T19:37:54.463+0000] {processor.py:753} INFO - DAG(s) dict_keys(['tutorial']) retrieved from /home/airflow/.local/lib/python3.7/site-packages/airflow/example_dags/tutorial.py
[2023-05-02T19:37:54.478+0000] {logging_mixin.py:137} INFO - [2023-05-02T19:37:54.478+0000] {dag.py:2705} INFO - Sync 1 DAGs
[2023-05-02T19:37:54.493+0000] {logging_mixin.py:137} INFO - [2023-05-02T19:37:54.493+0000] {dag.py:3456} INFO - Setting next_dagrun for tutorial to 2023-05-01T19:37:54.493330+00:00, run_after=2023-05-02T19:37:54.493330+00:00
[2023-05-02T19:37:54.508+0000] {processor.py:175} INFO - Processing /home/airflow/.local/lib/python3.7/site-packages/airflow/example_dags/tutorial.py took 0.055 seconds
[2023-05-02T19:38:24.560+0000] {processor.py:153} INFO - Started process (PID=463) to work on /home/airflow/.local/lib/python3.7/site-packages/airflow/example_dags/tutorial.py
[2023-05-02T19:38:24.567+0000] {processor.py:743} INFO - Processing file /home/airflow/.local/lib/python3.7/site-packages/airflow/example_dags/tutorial.py for tasks to queue
[2023-05-02T19:38:24.567+0000] {logging_mixin.py:137} INFO - [2023-05-02T19:38:24.567+0000] {dagbag.py:532} INFO - Filling up the DagBag from /home/airflow/.local/lib/python3.7/site-packages/airflow/example_dags/tutorial.py
[2023-05-02T19:38:24.575+0000] {processor.py:753} INFO - DAG(s) dict_keys(['tutorial']) retrieved from /home/airflow/.local/lib/python3.7/site-packages/airflow/example_dags/tutorial.py
[2023-05-02T19:38:24.594+0000] {logging_mixin.py:137} INFO - [2023-05-02T19:38:24.594+0000] {dag.py:2705} INFO - Sync 1 DAGs
[2023-05-02T19:38:24.618+0000] {logging_mixin.py:137} INFO - [2023-05-02T19:38:24.618+0000] {dag.py:3456} INFO - Setting next_dagrun for tutorial to 2023-05-01T19:38:24.618044+00:00, run_after=2023-05-02T19:38:24.618044+00:00
[2023-05-02T19:38:24.633+0000] {processor.py:175} INFO - Processing /home/airflow/.local/lib/python3.7/site-packages/airflow/example_dags/tutorial.py took 0.075 seconds
[2023-05-02T19:38:54.763+0000] {processor.py:153} INFO - Started process (PID=515) to work on /home/airflow/.local/lib/python3.7/site-packages/airflow/example_dags/tutorial.py
[2023-05-02T19:38:54.764+0000] {processor.py:743} INFO - Processing file /home/airflow/.local/lib/python3.7/site-packages/airflow/example_dags/tutorial.py for tasks to queue
[2023-05-02T19:38:54.764+0000] {logging_mixin.py:137} INFO - [2023-05-02T19:38:54.764+0000] {dagbag.py:532} INFO - Filling up the DagBag from /home/airflow/.local/lib/python3.7/site-packages/airflow/example_dags/tutorial.py
[2023-05-02T19:38:54.772+0000] {processor.py:753} INFO - DAG(s) dict_keys(['tutorial']) retrieved from /home/airflow/.local/lib/python3.7/site-packages/airflow/example_dags/tutorial.py
[2023-05-02T19:38:54.787+0000] {logging_mixin.py:137} INFO - [2023-05-02T19:38:54.787+0000] {dag.py:2705} INFO - Sync 1 DAGs
[2023-05-02T19:38:54.802+0000] {logging_mixin.py:137} INFO - [2023-05-02T19:38:54.801+0000] {dag.py:3456} INFO - Setting next_dagrun for tutorial to 2023-05-01T19:38:54.801800+00:00, run_after=2023-05-02T19:38:54.801800+00:00
[2023-05-02T19:38:54.814+0000] {processor.py:175} INFO - Processing /home/airflow/.local/lib/python3.7/site-packages/airflow/example_dags/tutorial.py took 0.053 seconds
[2023-05-02T19:39:25.178+0000] {processor.py:153} INFO - Started process (PID=566) to work on /home/airflow/.local/lib/python3.7/site-packages/airflow/example_dags/tutorial.py
[2023-05-02T19:39:25.185+0000] {processor.py:743} INFO - Processing file /home/airflow/.local/lib/python3.7/site-packages/airflow/example_dags/tutorial.py for tasks to queue
[2023-05-02T19:39:25.186+0000] {logging_mixin.py:137} INFO - [2023-05-02T19:39:25.186+0000] {dagbag.py:532} INFO - Filling up the DagBag from /home/airflow/.local/lib/python3.7/site-packages/airflow/example_dags/tutorial.py
[2023-05-02T19:39:25.196+0000] {processor.py:753} INFO - DAG(s) dict_keys(['tutorial']) retrieved from /home/airflow/.local/lib/python3.7/site-packages/airflow/example_dags/tutorial.py
[2023-05-02T19:39:25.212+0000] {logging_mixin.py:137} INFO - [2023-05-02T19:39:25.212+0000] {dag.py:2705} INFO - Sync 1 DAGs
[2023-05-02T19:39:25.227+0000] {logging_mixin.py:137} INFO - [2023-05-02T19:39:25.227+0000] {dag.py:3456} INFO - Setting next_dagrun for tutorial to 2023-05-01T19:39:25.227344+00:00, run_after=2023-05-02T19:39:25.227344+00:00
[2023-05-02T19:39:25.239+0000] {processor.py:175} INFO - Processing /home/airflow/.local/lib/python3.7/site-packages/airflow/example_dags/tutorial.py took 0.063 seconds
[2023-05-02T19:39:56.154+0000] {processor.py:153} INFO - Started process (PID=617) to work on /home/airflow/.local/lib/python3.7/site-packages/airflow/example_dags/tutorial.py
[2023-05-02T19:39:56.162+0000] {processor.py:743} INFO - Processing file /home/airflow/.local/lib/python3.7/site-packages/airflow/example_dags/tutorial.py for tasks to queue
[2023-05-02T19:39:56.163+0000] {logging_mixin.py:137} INFO - [2023-05-02T19:39:56.163+0000] {dagbag.py:532} INFO - Filling up the DagBag from /home/airflow/.local/lib/python3.7/site-packages/airflow/example_dags/tutorial.py
[2023-05-02T19:39:56.173+0000] {processor.py:753} INFO - DAG(s) dict_keys(['tutorial']) retrieved from /home/airflow/.local/lib/python3.7/site-packages/airflow/example_dags/tutorial.py
[2023-05-02T19:39:56.187+0000] {logging_mixin.py:137} INFO - [2023-05-02T19:39:56.187+0000] {dag.py:2705} INFO - Sync 1 DAGs
[2023-05-02T19:39:56.201+0000] {logging_mixin.py:137} INFO - [2023-05-02T19:39:56.201+0000] {dag.py:3456} INFO - Setting next_dagrun for tutorial to 2023-05-01T19:39:56.201157+00:00, run_after=2023-05-02T19:39:56.201157+00:00
[2023-05-02T19:39:56.213+0000] {processor.py:175} INFO - Processing /home/airflow/.local/lib/python3.7/site-packages/airflow/example_dags/tutorial.py took 0.060 seconds
[2023-05-02T19:40:26.911+0000] {processor.py:153} INFO - Started process (PID=669) to work on /home/airflow/.local/lib/python3.7/site-packages/airflow/example_dags/tutorial.py
[2023-05-02T19:40:26.916+0000] {processor.py:743} INFO - Processing file /home/airflow/.local/lib/python3.7/site-packages/airflow/example_dags/tutorial.py for tasks to queue
[2023-05-02T19:40:26.916+0000] {logging_mixin.py:137} INFO - [2023-05-02T19:40:26.916+0000] {dagbag.py:532} INFO - Filling up the DagBag from /home/airflow/.local/lib/python3.7/site-packages/airflow/example_dags/tutorial.py
[2023-05-02T19:40:26.928+0000] {processor.py:753} INFO - DAG(s) dict_keys(['tutorial']) retrieved from /home/airflow/.local/lib/python3.7/site-packages/airflow/example_dags/tutorial.py
[2023-05-02T19:40:26.947+0000] {logging_mixin.py:137} INFO - [2023-05-02T19:40:26.947+0000] {dag.py:2705} INFO - Sync 1 DAGs
[2023-05-02T19:40:26.964+0000] {logging_mixin.py:137} INFO - [2023-05-02T19:40:26.964+0000] {dag.py:3456} INFO - Setting next_dagrun for tutorial to 2023-05-01T19:40:26.964472+00:00, run_after=2023-05-02T19:40:26.964472+00:00
[2023-05-02T19:40:26.975+0000] {processor.py:175} INFO - Processing /home/airflow/.local/lib/python3.7/site-packages/airflow/example_dags/tutorial.py took 0.067 seconds
[2023-05-02T19:40:57.577+0000] {processor.py:153} INFO - Started process (PID=721) to work on /home/airflow/.local/lib/python3.7/site-packages/airflow/example_dags/tutorial.py
[2023-05-02T19:40:57.584+0000] {processor.py:743} INFO - Processing file /home/airflow/.local/lib/python3.7/site-packages/airflow/example_dags/tutorial.py for tasks to queue
[2023-05-02T19:40:57.584+0000] {logging_mixin.py:137} INFO - [2023-05-02T19:40:57.584+0000] {dagbag.py:532} INFO - Filling up the DagBag from /home/airflow/.local/lib/python3.7/site-packages/airflow/example_dags/tutorial.py
[2023-05-02T19:40:57.591+0000] {processor.py:753} INFO - DAG(s) dict_keys(['tutorial']) retrieved from /home/airflow/.local/lib/python3.7/site-packages/airflow/example_dags/tutorial.py
[2023-05-02T19:40:57.605+0000] {logging_mixin.py:137} INFO - [2023-05-02T19:40:57.605+0000] {dag.py:2705} INFO - Sync 1 DAGs
[2023-05-02T19:40:57.619+0000] {logging_mixin.py:137} INFO - [2023-05-02T19:40:57.619+0000] {dag.py:3456} INFO - Setting next_dagrun for tutorial to 2023-05-01T19:40:57.619125+00:00, run_after=2023-05-02T19:40:57.619125+00:00
[2023-05-02T19:40:57.630+0000] {processor.py:175} INFO - Processing /home/airflow/.local/lib/python3.7/site-packages/airflow/example_dags/tutorial.py took 0.055 seconds
[2023-05-02T19:41:28.528+0000] {processor.py:153} INFO - Started process (PID=773) to work on /home/airflow/.local/lib/python3.7/site-packages/airflow/example_dags/tutorial.py
[2023-05-02T19:41:28.529+0000] {processor.py:743} INFO - Processing file /home/airflow/.local/lib/python3.7/site-packages/airflow/example_dags/tutorial.py for tasks to queue
[2023-05-02T19:41:28.530+0000] {logging_mixin.py:137} INFO - [2023-05-02T19:41:28.529+0000] {dagbag.py:532} INFO - Filling up the DagBag from /home/airflow/.local/lib/python3.7/site-packages/airflow/example_dags/tutorial.py
[2023-05-02T19:41:28.538+0000] {processor.py:753} INFO - DAG(s) dict_keys(['tutorial']) retrieved from /home/airflow/.local/lib/python3.7/site-packages/airflow/example_dags/tutorial.py
[2023-05-02T19:41:28.554+0000] {logging_mixin.py:137} INFO - [2023-05-02T19:41:28.554+0000] {dag.py:2705} INFO - Sync 1 DAGs
[2023-05-02T19:41:28.568+0000] {logging_mixin.py:137} INFO - [2023-05-02T19:41:28.568+0000] {dag.py:3456} INFO - Setting next_dagrun for tutorial to 2023-05-01T19:41:28.568624+00:00, run_after=2023-05-02T19:41:28.568624+00:00
[2023-05-02T19:41:28.583+0000] {processor.py:175} INFO - Processing /home/airflow/.local/lib/python3.7/site-packages/airflow/example_dags/tutorial.py took 0.057 seconds
[2023-05-02T19:41:59.342+0000] {processor.py:153} INFO - Started process (PID=825) to work on /home/airflow/.local/lib/python3.7/site-packages/airflow/example_dags/tutorial.py
[2023-05-02T19:41:59.349+0000] {processor.py:743} INFO - Processing file /home/airflow/.local/lib/python3.7/site-packages/airflow/example_dags/tutorial.py for tasks to queue
[2023-05-02T19:41:59.350+0000] {logging_mixin.py:137} INFO - [2023-05-02T19:41:59.350+0000] {dagbag.py:532} INFO - Filling up the DagBag from /home/airflow/.local/lib/python3.7/site-packages/airflow/example_dags/tutorial.py
[2023-05-02T19:41:59.362+0000] {processor.py:753} INFO - DAG(s) dict_keys(['tutorial']) retrieved from /home/airflow/.local/lib/python3.7/site-packages/airflow/example_dags/tutorial.py
[2023-05-02T19:41:59.377+0000] {logging_mixin.py:137} INFO - [2023-05-02T19:41:59.377+0000] {dag.py:2705} INFO - Sync 1 DAGs
[2023-05-02T19:41:59.391+0000] {logging_mixin.py:137} INFO - [2023-05-02T19:41:59.391+0000] {dag.py:3456} INFO - Setting next_dagrun for tutorial to 2023-05-01T19:41:59.391010+00:00, run_after=2023-05-02T19:41:59.391010+00:00
[2023-05-02T19:41:59.407+0000] {processor.py:175} INFO - Processing /home/airflow/.local/lib/python3.7/site-packages/airflow/example_dags/tutorial.py took 0.067 seconds
[2023-05-02T19:42:30.272+0000] {processor.py:153} INFO - Started process (PID=877) to work on /home/airflow/.local/lib/python3.7/site-packages/airflow/example_dags/tutorial.py
[2023-05-02T19:42:30.279+0000] {processor.py:743} INFO - Processing file /home/airflow/.local/lib/python3.7/site-packages/airflow/example_dags/tutorial.py for tasks to queue
[2023-05-02T19:42:30.280+0000] {logging_mixin.py:137} INFO - [2023-05-02T19:42:30.280+0000] {dagbag.py:532} INFO - Filling up the DagBag from /home/airflow/.local/lib/python3.7/site-packages/airflow/example_dags/tutorial.py
[2023-05-02T19:42:30.297+0000] {processor.py:753} INFO - DAG(s) dict_keys(['tutorial']) retrieved from /home/airflow/.local/lib/python3.7/site-packages/airflow/example_dags/tutorial.py
[2023-05-02T19:42:30.313+0000] {logging_mixin.py:137} INFO - [2023-05-02T19:42:30.313+0000] {dag.py:2705} INFO - Sync 1 DAGs
[2023-05-02T19:42:30.327+0000] {logging_mixin.py:137} INFO - [2023-05-02T19:42:30.327+0000] {dag.py:3456} INFO - Setting next_dagrun for tutorial to 2023-05-01T19:42:30.327086+00:00, run_after=2023-05-02T19:42:30.327086+00:00
[2023-05-02T19:42:30.344+0000] {processor.py:175} INFO - Processing /home/airflow/.local/lib/python3.7/site-packages/airflow/example_dags/tutorial.py took 0.073 seconds
[2023-05-02T19:43:01.158+0000] {processor.py:153} INFO - Started process (PID=929) to work on /home/airflow/.local/lib/python3.7/site-packages/airflow/example_dags/tutorial.py
[2023-05-02T19:43:01.165+0000] {processor.py:743} INFO - Processing file /home/airflow/.local/lib/python3.7/site-packages/airflow/example_dags/tutorial.py for tasks to queue
[2023-05-02T19:43:01.167+0000] {logging_mixin.py:137} INFO - [2023-05-02T19:43:01.166+0000] {dagbag.py:532} INFO - Filling up the DagBag from /home/airflow/.local/lib/python3.7/site-packages/airflow/example_dags/tutorial.py
[2023-05-02T19:43:01.177+0000] {processor.py:753} INFO - DAG(s) dict_keys(['tutorial']) retrieved from /home/airflow/.local/lib/python3.7/site-packages/airflow/example_dags/tutorial.py
[2023-05-02T19:43:01.190+0000] {logging_mixin.py:137} INFO - [2023-05-02T19:43:01.190+0000] {dag.py:2705} INFO - Sync 1 DAGs
[2023-05-02T19:43:01.204+0000] {logging_mixin.py:137} INFO - [2023-05-02T19:43:01.204+0000] {dag.py:3456} INFO - Setting next_dagrun for tutorial to 2023-05-01T19:43:01.204107+00:00, run_after=2023-05-02T19:43:01.204107+00:00
[2023-05-02T19:43:01.217+0000] {processor.py:175} INFO - Processing /home/airflow/.local/lib/python3.7/site-packages/airflow/example_dags/tutorial.py took 0.061 seconds
[2023-05-02T19:43:32.220+0000] {processor.py:153} INFO - Started process (PID=981) to work on /home/airflow/.local/lib/python3.7/site-packages/airflow/example_dags/tutorial.py
[2023-05-02T19:43:32.228+0000] {processor.py:743} INFO - Processing file /home/airflow/.local/lib/python3.7/site-packages/airflow/example_dags/tutorial.py for tasks to queue
[2023-05-02T19:43:32.228+0000] {logging_mixin.py:137} INFO - [2023-05-02T19:43:32.228+0000] {dagbag.py:532} INFO - Filling up the DagBag from /home/airflow/.local/lib/python3.7/site-packages/airflow/example_dags/tutorial.py
[2023-05-02T19:43:32.239+0000] {processor.py:753} INFO - DAG(s) dict_keys(['tutorial']) retrieved from /home/airflow/.local/lib/python3.7/site-packages/airflow/example_dags/tutorial.py
[2023-05-02T19:43:32.253+0000] {logging_mixin.py:137} INFO - [2023-05-02T19:43:32.253+0000] {dag.py:2705} INFO - Sync 1 DAGs
[2023-05-02T19:43:32.267+0000] {logging_mixin.py:137} INFO - [2023-05-02T19:43:32.267+0000] {dag.py:3456} INFO - Setting next_dagrun for tutorial to 2023-05-01T19:43:32.267190+00:00, run_after=2023-05-02T19:43:32.267190+00:00
[2023-05-02T19:43:32.278+0000] {processor.py:175} INFO - Processing /home/airflow/.local/lib/python3.7/site-packages/airflow/example_dags/tutorial.py took 0.060 seconds
[2023-05-02T19:44:03.075+0000] {processor.py:153} INFO - Started process (PID=1032) to work on /home/airflow/.local/lib/python3.7/site-packages/airflow/example_dags/tutorial.py
[2023-05-02T19:44:03.082+0000] {processor.py:743} INFO - Processing file /home/airflow/.local/lib/python3.7/site-packages/airflow/example_dags/tutorial.py for tasks to queue
[2023-05-02T19:44:03.083+0000] {logging_mixin.py:137} INFO - [2023-05-02T19:44:03.083+0000] {dagbag.py:532} INFO - Filling up the DagBag from /home/airflow/.local/lib/python3.7/site-packages/airflow/example_dags/tutorial.py
[2023-05-02T19:44:03.091+0000] {processor.py:753} INFO - DAG(s) dict_keys(['tutorial']) retrieved from /home/airflow/.local/lib/python3.7/site-packages/airflow/example_dags/tutorial.py
[2023-05-02T19:44:03.106+0000] {logging_mixin.py:137} INFO - [2023-05-02T19:44:03.106+0000] {dag.py:2705} INFO - Sync 1 DAGs
[2023-05-02T19:44:03.119+0000] {logging_mixin.py:137} INFO - [2023-05-02T19:44:03.119+0000] {dag.py:3456} INFO - Setting next_dagrun for tutorial to 2023-05-01T19:44:03.119767+00:00, run_after=2023-05-02T19:44:03.119767+00:00
[2023-05-02T19:44:03.131+0000] {processor.py:175} INFO - Processing /home/airflow/.local/lib/python3.7/site-packages/airflow/example_dags/tutorial.py took 0.058 seconds
[2023-05-02T19:44:33.162+0000] {processor.py:153} INFO - Started process (PID=1084) to work on /home/airflow/.local/lib/python3.7/site-packages/airflow/example_dags/tutorial.py
[2023-05-02T19:44:33.168+0000] {processor.py:743} INFO - Processing file /home/airflow/.local/lib/python3.7/site-packages/airflow/example_dags/tutorial.py for tasks to queue
[2023-05-02T19:44:33.169+0000] {logging_mixin.py:137} INFO - [2023-05-02T19:44:33.169+0000] {dagbag.py:532} INFO - Filling up the DagBag from /home/airflow/.local/lib/python3.7/site-packages/airflow/example_dags/tutorial.py
[2023-05-02T19:44:33.177+0000] {processor.py:753} INFO - DAG(s) dict_keys(['tutorial']) retrieved from /home/airflow/.local/lib/python3.7/site-packages/airflow/example_dags/tutorial.py
[2023-05-02T19:44:33.191+0000] {logging_mixin.py:137} INFO - [2023-05-02T19:44:33.190+0000] {dag.py:2705} INFO - Sync 1 DAGs
[2023-05-02T19:44:33.204+0000] {logging_mixin.py:137} INFO - [2023-05-02T19:44:33.204+0000] {dag.py:3456} INFO - Setting next_dagrun for tutorial to 2023-05-01T19:44:33.204433+00:00, run_after=2023-05-02T19:44:33.204433+00:00
[2023-05-02T19:44:33.216+0000] {processor.py:175} INFO - Processing /home/airflow/.local/lib/python3.7/site-packages/airflow/example_dags/tutorial.py took 0.057 seconds
[2023-05-02T19:45:03.256+0000] {processor.py:153} INFO - Started process (PID=1136) to work on /home/airflow/.local/lib/python3.7/site-packages/airflow/example_dags/tutorial.py
[2023-05-02T19:45:03.262+0000] {processor.py:743} INFO - Processing file /home/airflow/.local/lib/python3.7/site-packages/airflow/example_dags/tutorial.py for tasks to queue
[2023-05-02T19:45:03.263+0000] {logging_mixin.py:137} INFO - [2023-05-02T19:45:03.263+0000] {dagbag.py:532} INFO - Filling up the DagBag from /home/airflow/.local/lib/python3.7/site-packages/airflow/example_dags/tutorial.py
[2023-05-02T19:45:03.274+0000] {processor.py:753} INFO - DAG(s) dict_keys(['tutorial']) retrieved from /home/airflow/.local/lib/python3.7/site-packages/airflow/example_dags/tutorial.py
[2023-05-02T19:45:03.287+0000] {logging_mixin.py:137} INFO - [2023-05-02T19:45:03.287+0000] {dag.py:2705} INFO - Sync 1 DAGs
[2023-05-02T19:45:03.301+0000] {logging_mixin.py:137} INFO - [2023-05-02T19:45:03.301+0000] {dag.py:3456} INFO - Setting next_dagrun for tutorial to 2023-05-01T19:45:03.301102+00:00, run_after=2023-05-02T19:45:03.301102+00:00
[2023-05-02T19:45:03.313+0000] {processor.py:175} INFO - Processing /home/airflow/.local/lib/python3.7/site-packages/airflow/example_dags/tutorial.py took 0.060 seconds
[2023-05-02T19:45:33.381+0000] {processor.py:153} INFO - Started process (PID=1188) to work on /home/airflow/.local/lib/python3.7/site-packages/airflow/example_dags/tutorial.py
[2023-05-02T19:45:33.389+0000] {processor.py:743} INFO - Processing file /home/airflow/.local/lib/python3.7/site-packages/airflow/example_dags/tutorial.py for tasks to queue
[2023-05-02T19:45:33.390+0000] {logging_mixin.py:137} INFO - [2023-05-02T19:45:33.390+0000] {dagbag.py:532} INFO - Filling up the DagBag from /home/airflow/.local/lib/python3.7/site-packages/airflow/example_dags/tutorial.py
[2023-05-02T19:45:33.401+0000] {processor.py:753} INFO - DAG(s) dict_keys(['tutorial']) retrieved from /home/airflow/.local/lib/python3.7/site-packages/airflow/example_dags/tutorial.py
[2023-05-02T19:45:33.415+0000] {logging_mixin.py:137} INFO - [2023-05-02T19:45:33.415+0000] {dag.py:2705} INFO - Sync 1 DAGs
[2023-05-02T19:45:33.429+0000] {logging_mixin.py:137} INFO - [2023-05-02T19:45:33.429+0000] {dag.py:3456} INFO - Setting next_dagrun for tutorial to 2023-05-01T19:45:33.429381+00:00, run_after=2023-05-02T19:45:33.429381+00:00
[2023-05-02T19:45:33.441+0000] {processor.py:175} INFO - Processing /home/airflow/.local/lib/python3.7/site-packages/airflow/example_dags/tutorial.py took 0.061 seconds
[2023-05-02T19:46:03.466+0000] {processor.py:153} INFO - Started process (PID=1240) to work on /home/airflow/.local/lib/python3.7/site-packages/airflow/example_dags/tutorial.py
[2023-05-02T19:46:03.474+0000] {processor.py:743} INFO - Processing file /home/airflow/.local/lib/python3.7/site-packages/airflow/example_dags/tutorial.py for tasks to queue
[2023-05-02T19:46:03.475+0000] {logging_mixin.py:137} INFO - [2023-05-02T19:46:03.475+0000] {dagbag.py:532} INFO - Filling up the DagBag from /home/airflow/.local/lib/python3.7/site-packages/airflow/example_dags/tutorial.py
[2023-05-02T19:46:03.486+0000] {processor.py:753} INFO - DAG(s) dict_keys(['tutorial']) retrieved from /home/airflow/.local/lib/python3.7/site-packages/airflow/example_dags/tutorial.py
[2023-05-02T19:46:03.500+0000] {logging_mixin.py:137} INFO - [2023-05-02T19:46:03.500+0000] {dag.py:2705} INFO - Sync 1 DAGs
[2023-05-02T19:46:03.513+0000] {logging_mixin.py:137} INFO - [2023-05-02T19:46:03.513+0000] {dag.py:3456} INFO - Setting next_dagrun for tutorial to 2023-05-01T19:46:03.513660+00:00, run_after=2023-05-02T19:46:03.513660+00:00
[2023-05-02T19:46:03.525+0000] {processor.py:175} INFO - Processing /home/airflow/.local/lib/python3.7/site-packages/airflow/example_dags/tutorial.py took 0.061 seconds
[2023-05-02T19:46:34.388+0000] {processor.py:153} INFO - Started process (PID=1292) to work on /home/airflow/.local/lib/python3.7/site-packages/airflow/example_dags/tutorial.py
[2023-05-02T19:46:34.388+0000] {processor.py:743} INFO - Processing file /home/airflow/.local/lib/python3.7/site-packages/airflow/example_dags/tutorial.py for tasks to queue
[2023-05-02T19:46:34.388+0000] {logging_mixin.py:137} INFO - [2023-05-02T19:46:34.388+0000] {dagbag.py:532} INFO - Filling up the DagBag from /home/airflow/.local/lib/python3.7/site-packages/airflow/example_dags/tutorial.py
[2023-05-02T19:46:34.396+0000] {processor.py:753} INFO - DAG(s) dict_keys(['tutorial']) retrieved from /home/airflow/.local/lib/python3.7/site-packages/airflow/example_dags/tutorial.py
[2023-05-02T19:46:34.409+0000] {logging_mixin.py:137} INFO - [2023-05-02T19:46:34.409+0000] {dag.py:2705} INFO - Sync 1 DAGs
[2023-05-02T19:46:34.423+0000] {logging_mixin.py:137} INFO - [2023-05-02T19:46:34.423+0000] {dag.py:3456} INFO - Setting next_dagrun for tutorial to 2023-05-01T19:46:34.423207+00:00, run_after=2023-05-02T19:46:34.423207+00:00
[2023-05-02T19:46:34.434+0000] {processor.py:175} INFO - Processing /home/airflow/.local/lib/python3.7/site-packages/airflow/example_dags/tutorial.py took 0.048 seconds
[2023-05-02T19:47:05.261+0000] {processor.py:153} INFO - Started process (PID=1344) to work on /home/airflow/.local/lib/python3.7/site-packages/airflow/example_dags/tutorial.py
[2023-05-02T19:47:05.262+0000] {processor.py:743} INFO - Processing file /home/airflow/.local/lib/python3.7/site-packages/airflow/example_dags/tutorial.py for tasks to queue
[2023-05-02T19:47:05.262+0000] {logging_mixin.py:137} INFO - [2023-05-02T19:47:05.262+0000] {dagbag.py:532} INFO - Filling up the DagBag from /home/airflow/.local/lib/python3.7/site-packages/airflow/example_dags/tutorial.py
[2023-05-02T19:47:05.269+0000] {processor.py:753} INFO - DAG(s) dict_keys(['tutorial']) retrieved from /home/airflow/.local/lib/python3.7/site-packages/airflow/example_dags/tutorial.py
[2023-05-02T19:47:05.283+0000] {logging_mixin.py:137} INFO - [2023-05-02T19:47:05.282+0000] {dag.py:2705} INFO - Sync 1 DAGs
[2023-05-02T19:47:05.297+0000] {logging_mixin.py:137} INFO - [2023-05-02T19:47:05.297+0000] {dag.py:3456} INFO - Setting next_dagrun for tutorial to 2023-05-01T19:47:05.296913+00:00, run_after=2023-05-02T19:47:05.296913+00:00
[2023-05-02T19:47:05.309+0000] {processor.py:175} INFO - Processing /home/airflow/.local/lib/python3.7/site-packages/airflow/example_dags/tutorial.py took 0.049 seconds
[2023-05-02T19:47:36.090+0000] {processor.py:153} INFO - Started process (PID=1396) to work on /home/airflow/.local/lib/python3.7/site-packages/airflow/example_dags/tutorial.py
[2023-05-02T19:47:36.098+0000] {processor.py:743} INFO - Processing file /home/airflow/.local/lib/python3.7/site-packages/airflow/example_dags/tutorial.py for tasks to queue
[2023-05-02T19:47:36.099+0000] {logging_mixin.py:137} INFO - [2023-05-02T19:47:36.099+0000] {dagbag.py:532} INFO - Filling up the DagBag from /home/airflow/.local/lib/python3.7/site-packages/airflow/example_dags/tutorial.py
[2023-05-02T19:47:36.110+0000] {processor.py:753} INFO - DAG(s) dict_keys(['tutorial']) retrieved from /home/airflow/.local/lib/python3.7/site-packages/airflow/example_dags/tutorial.py
[2023-05-02T19:47:36.124+0000] {logging_mixin.py:137} INFO - [2023-05-02T19:47:36.124+0000] {dag.py:2705} INFO - Sync 1 DAGs
[2023-05-02T19:47:36.138+0000] {logging_mixin.py:137} INFO - [2023-05-02T19:47:36.138+0000] {dag.py:3456} INFO - Setting next_dagrun for tutorial to 2023-05-01T19:47:36.138277+00:00, run_after=2023-05-02T19:47:36.138277+00:00
[2023-05-02T19:47:36.157+0000] {processor.py:175} INFO - Processing /home/airflow/.local/lib/python3.7/site-packages/airflow/example_dags/tutorial.py took 0.068 seconds
[2023-05-02T19:48:06.258+0000] {processor.py:153} INFO - Started process (PID=1448) to work on /home/airflow/.local/lib/python3.7/site-packages/airflow/example_dags/tutorial.py
[2023-05-02T19:48:06.265+0000] {processor.py:743} INFO - Processing file /home/airflow/.local/lib/python3.7/site-packages/airflow/example_dags/tutorial.py for tasks to queue
[2023-05-02T19:48:06.266+0000] {logging_mixin.py:137} INFO - [2023-05-02T19:48:06.266+0000] {dagbag.py:532} INFO - Filling up the DagBag from /home/airflow/.local/lib/python3.7/site-packages/airflow/example_dags/tutorial.py
[2023-05-02T19:48:06.276+0000] {processor.py:753} INFO - DAG(s) dict_keys(['tutorial']) retrieved from /home/airflow/.local/lib/python3.7/site-packages/airflow/example_dags/tutorial.py
[2023-05-02T19:48:06.291+0000] {logging_mixin.py:137} INFO - [2023-05-02T19:48:06.291+0000] {dag.py:2705} INFO - Sync 1 DAGs
[2023-05-02T19:48:06.304+0000] {logging_mixin.py:137} INFO - [2023-05-02T19:48:06.304+0000] {dag.py:3456} INFO - Setting next_dagrun for tutorial to 2023-05-01T19:48:06.304654+00:00, run_after=2023-05-02T19:48:06.304654+00:00
[2023-05-02T19:48:06.316+0000] {processor.py:175} INFO - Processing /home/airflow/.local/lib/python3.7/site-packages/airflow/example_dags/tutorial.py took 0.060 seconds
[2023-05-02T19:48:37.040+0000] {processor.py:153} INFO - Started process (PID=1499) to work on /home/airflow/.local/lib/python3.7/site-packages/airflow/example_dags/tutorial.py
[2023-05-02T19:48:37.044+0000] {processor.py:743} INFO - Processing file /home/airflow/.local/lib/python3.7/site-packages/airflow/example_dags/tutorial.py for tasks to queue
[2023-05-02T19:48:37.045+0000] {logging_mixin.py:137} INFO - [2023-05-02T19:48:37.045+0000] {dagbag.py:532} INFO - Filling up the DagBag from /home/airflow/.local/lib/python3.7/site-packages/airflow/example_dags/tutorial.py
[2023-05-02T19:48:37.060+0000] {processor.py:753} INFO - DAG(s) dict_keys(['tutorial']) retrieved from /home/airflow/.local/lib/python3.7/site-packages/airflow/example_dags/tutorial.py
[2023-05-02T19:48:37.075+0000] {logging_mixin.py:137} INFO - [2023-05-02T19:48:37.074+0000] {dag.py:2705} INFO - Sync 1 DAGs
[2023-05-02T19:48:37.088+0000] {logging_mixin.py:137} INFO - [2023-05-02T19:48:37.088+0000] {dag.py:3456} INFO - Setting next_dagrun for tutorial to 2023-05-01T19:48:37.088691+00:00, run_after=2023-05-02T19:48:37.088691+00:00
[2023-05-02T19:48:37.101+0000] {processor.py:175} INFO - Processing /home/airflow/.local/lib/python3.7/site-packages/airflow/example_dags/tutorial.py took 0.065 seconds
[2023-05-02T19:49:07.845+0000] {processor.py:153} INFO - Started process (PID=1551) to work on /home/airflow/.local/lib/python3.7/site-packages/airflow/example_dags/tutorial.py
[2023-05-02T19:49:07.845+0000] {processor.py:743} INFO - Processing file /home/airflow/.local/lib/python3.7/site-packages/airflow/example_dags/tutorial.py for tasks to queue
[2023-05-02T19:49:07.845+0000] {logging_mixin.py:137} INFO - [2023-05-02T19:49:07.845+0000] {dagbag.py:532} INFO - Filling up the DagBag from /home/airflow/.local/lib/python3.7/site-packages/airflow/example_dags/tutorial.py
[2023-05-02T19:49:07.853+0000] {processor.py:753} INFO - DAG(s) dict_keys(['tutorial']) retrieved from /home/airflow/.local/lib/python3.7/site-packages/airflow/example_dags/tutorial.py
[2023-05-02T19:49:07.866+0000] {logging_mixin.py:137} INFO - [2023-05-02T19:49:07.866+0000] {dag.py:2705} INFO - Sync 1 DAGs
[2023-05-02T19:49:07.881+0000] {logging_mixin.py:137} INFO - [2023-05-02T19:49:07.881+0000] {dag.py:3456} INFO - Setting next_dagrun for tutorial to 2023-05-01T19:49:07.881000+00:00, run_after=2023-05-02T19:49:07.881000+00:00
[2023-05-02T19:49:07.893+0000] {processor.py:175} INFO - Processing /home/airflow/.local/lib/python3.7/site-packages/airflow/example_dags/tutorial.py took 0.051 seconds
[2023-05-02T19:49:38.618+0000] {processor.py:153} INFO - Started process (PID=1602) to work on /home/airflow/.local/lib/python3.7/site-packages/airflow/example_dags/tutorial.py
[2023-05-02T19:49:38.624+0000] {processor.py:743} INFO - Processing file /home/airflow/.local/lib/python3.7/site-packages/airflow/example_dags/tutorial.py for tasks to queue
[2023-05-02T19:49:38.626+0000] {logging_mixin.py:137} INFO - [2023-05-02T19:49:38.625+0000] {dagbag.py:532} INFO - Filling up the DagBag from /home/airflow/.local/lib/python3.7/site-packages/airflow/example_dags/tutorial.py
[2023-05-02T19:49:38.635+0000] {processor.py:753} INFO - DAG(s) dict_keys(['tutorial']) retrieved from /home/airflow/.local/lib/python3.7/site-packages/airflow/example_dags/tutorial.py
[2023-05-02T19:49:38.650+0000] {logging_mixin.py:137} INFO - [2023-05-02T19:49:38.649+0000] {dag.py:2705} INFO - Sync 1 DAGs
[2023-05-02T19:49:38.663+0000] {logging_mixin.py:137} INFO - [2023-05-02T19:49:38.663+0000] {dag.py:3456} INFO - Setting next_dagrun for tutorial to 2023-05-01T19:49:38.663390+00:00, run_after=2023-05-02T19:49:38.663390+00:00
[2023-05-02T19:49:38.675+0000] {processor.py:175} INFO - Processing /home/airflow/.local/lib/python3.7/site-packages/airflow/example_dags/tutorial.py took 0.058 seconds
[2023-05-02T19:50:09.435+0000] {processor.py:153} INFO - Started process (PID=1654) to work on /home/airflow/.local/lib/python3.7/site-packages/airflow/example_dags/tutorial.py
[2023-05-02T19:50:09.436+0000] {processor.py:743} INFO - Processing file /home/airflow/.local/lib/python3.7/site-packages/airflow/example_dags/tutorial.py for tasks to queue
[2023-05-02T19:50:09.436+0000] {logging_mixin.py:137} INFO - [2023-05-02T19:50:09.436+0000] {dagbag.py:532} INFO - Filling up the DagBag from /home/airflow/.local/lib/python3.7/site-packages/airflow/example_dags/tutorial.py
[2023-05-02T19:50:09.443+0000] {processor.py:753} INFO - DAG(s) dict_keys(['tutorial']) retrieved from /home/airflow/.local/lib/python3.7/site-packages/airflow/example_dags/tutorial.py
[2023-05-02T19:50:09.457+0000] {logging_mixin.py:137} INFO - [2023-05-02T19:50:09.457+0000] {dag.py:2705} INFO - Sync 1 DAGs
[2023-05-02T19:50:09.471+0000] {logging_mixin.py:137} INFO - [2023-05-02T19:50:09.470+0000] {dag.py:3456} INFO - Setting next_dagrun for tutorial to 2023-05-01T19:50:09.470795+00:00, run_after=2023-05-02T19:50:09.470795+00:00
[2023-05-02T19:50:09.482+0000] {processor.py:175} INFO - Processing /home/airflow/.local/lib/python3.7/site-packages/airflow/example_dags/tutorial.py took 0.049 seconds
[2023-05-02T19:50:40.240+0000] {processor.py:153} INFO - Started process (PID=1705) to work on /home/airflow/.local/lib/python3.7/site-packages/airflow/example_dags/tutorial.py
[2023-05-02T19:50:40.246+0000] {processor.py:743} INFO - Processing file /home/airflow/.local/lib/python3.7/site-packages/airflow/example_dags/tutorial.py for tasks to queue
[2023-05-02T19:50:40.247+0000] {logging_mixin.py:137} INFO - [2023-05-02T19:50:40.247+0000] {dagbag.py:532} INFO - Filling up the DagBag from /home/airflow/.local/lib/python3.7/site-packages/airflow/example_dags/tutorial.py
[2023-05-02T19:50:40.256+0000] {processor.py:753} INFO - DAG(s) dict_keys(['tutorial']) retrieved from /home/airflow/.local/lib/python3.7/site-packages/airflow/example_dags/tutorial.py
[2023-05-02T19:50:40.271+0000] {logging_mixin.py:137} INFO - [2023-05-02T19:50:40.270+0000] {dag.py:2705} INFO - Sync 1 DAGs
[2023-05-02T19:50:40.285+0000] {logging_mixin.py:137} INFO - [2023-05-02T19:50:40.285+0000] {dag.py:3456} INFO - Setting next_dagrun for tutorial to 2023-05-01T19:50:40.285259+00:00, run_after=2023-05-02T19:50:40.285259+00:00
[2023-05-02T19:50:40.303+0000] {processor.py:175} INFO - Processing /home/airflow/.local/lib/python3.7/site-packages/airflow/example_dags/tutorial.py took 0.065 seconds
[2023-05-02T19:51:11.049+0000] {processor.py:153} INFO - Started process (PID=1756) to work on /home/airflow/.local/lib/python3.7/site-packages/airflow/example_dags/tutorial.py
[2023-05-02T19:51:11.056+0000] {processor.py:743} INFO - Processing file /home/airflow/.local/lib/python3.7/site-packages/airflow/example_dags/tutorial.py for tasks to queue
[2023-05-02T19:51:11.057+0000] {logging_mixin.py:137} INFO - [2023-05-02T19:51:11.057+0000] {dagbag.py:532} INFO - Filling up the DagBag from /home/airflow/.local/lib/python3.7/site-packages/airflow/example_dags/tutorial.py
[2023-05-02T19:51:11.068+0000] {processor.py:753} INFO - DAG(s) dict_keys(['tutorial']) retrieved from /home/airflow/.local/lib/python3.7/site-packages/airflow/example_dags/tutorial.py
[2023-05-02T19:51:11.082+0000] {logging_mixin.py:137} INFO - [2023-05-02T19:51:11.082+0000] {dag.py:2705} INFO - Sync 1 DAGs
[2023-05-02T19:51:11.096+0000] {logging_mixin.py:137} INFO - [2023-05-02T19:51:11.095+0000] {dag.py:3456} INFO - Setting next_dagrun for tutorial to 2023-05-01T19:51:11.095864+00:00, run_after=2023-05-02T19:51:11.095864+00:00
[2023-05-02T19:51:11.107+0000] {processor.py:175} INFO - Processing /home/airflow/.local/lib/python3.7/site-packages/airflow/example_dags/tutorial.py took 0.060 seconds
[2023-05-02T19:51:41.953+0000] {processor.py:153} INFO - Started process (PID=1808) to work on /home/airflow/.local/lib/python3.7/site-packages/airflow/example_dags/tutorial.py
[2023-05-02T19:51:41.960+0000] {processor.py:743} INFO - Processing file /home/airflow/.local/lib/python3.7/site-packages/airflow/example_dags/tutorial.py for tasks to queue
[2023-05-02T19:51:41.961+0000] {logging_mixin.py:137} INFO - [2023-05-02T19:51:41.961+0000] {dagbag.py:532} INFO - Filling up the DagBag from /home/airflow/.local/lib/python3.7/site-packages/airflow/example_dags/tutorial.py
[2023-05-02T19:51:41.971+0000] {processor.py:753} INFO - DAG(s) dict_keys(['tutorial']) retrieved from /home/airflow/.local/lib/python3.7/site-packages/airflow/example_dags/tutorial.py
[2023-05-02T19:51:41.985+0000] {logging_mixin.py:137} INFO - [2023-05-02T19:51:41.985+0000] {dag.py:2705} INFO - Sync 1 DAGs
[2023-05-02T19:51:42.000+0000] {logging_mixin.py:137} INFO - [2023-05-02T19:51:41.999+0000] {dag.py:3456} INFO - Setting next_dagrun for tutorial to 2023-05-01T19:51:41.999832+00:00, run_after=2023-05-02T19:51:41.999832+00:00
[2023-05-02T19:51:42.012+0000] {processor.py:175} INFO - Processing /home/airflow/.local/lib/python3.7/site-packages/airflow/example_dags/tutorial.py took 0.061 seconds
[2023-05-02T19:52:12.727+0000] {processor.py:153} INFO - Started process (PID=1859) to work on /home/airflow/.local/lib/python3.7/site-packages/airflow/example_dags/tutorial.py
[2023-05-02T19:52:12.728+0000] {processor.py:743} INFO - Processing file /home/airflow/.local/lib/python3.7/site-packages/airflow/example_dags/tutorial.py for tasks to queue
[2023-05-02T19:52:12.728+0000] {logging_mixin.py:137} INFO - [2023-05-02T19:52:12.728+0000] {dagbag.py:532} INFO - Filling up the DagBag from /home/airflow/.local/lib/python3.7/site-packages/airflow/example_dags/tutorial.py
[2023-05-02T19:52:12.736+0000] {processor.py:753} INFO - DAG(s) dict_keys(['tutorial']) retrieved from /home/airflow/.local/lib/python3.7/site-packages/airflow/example_dags/tutorial.py
[2023-05-02T19:52:12.749+0000] {logging_mixin.py:137} INFO - [2023-05-02T19:52:12.749+0000] {dag.py:2705} INFO - Sync 1 DAGs
[2023-05-02T19:52:12.763+0000] {logging_mixin.py:137} INFO - [2023-05-02T19:52:12.763+0000] {dag.py:3456} INFO - Setting next_dagrun for tutorial to 2023-05-01T19:52:12.763029+00:00, run_after=2023-05-02T19:52:12.763029+00:00
[2023-05-02T19:52:12.775+0000] {processor.py:175} INFO - Processing /home/airflow/.local/lib/python3.7/site-packages/airflow/example_dags/tutorial.py took 0.049 seconds
[2023-05-02T19:52:43.547+0000] {processor.py:153} INFO - Started process (PID=1911) to work on /home/airflow/.local/lib/python3.7/site-packages/airflow/example_dags/tutorial.py
[2023-05-02T19:52:43.547+0000] {processor.py:743} INFO - Processing file /home/airflow/.local/lib/python3.7/site-packages/airflow/example_dags/tutorial.py for tasks to queue
[2023-05-02T19:52:43.548+0000] {logging_mixin.py:137} INFO - [2023-05-02T19:52:43.548+0000] {dagbag.py:532} INFO - Filling up the DagBag from /home/airflow/.local/lib/python3.7/site-packages/airflow/example_dags/tutorial.py
[2023-05-02T19:52:43.555+0000] {processor.py:753} INFO - DAG(s) dict_keys(['tutorial']) retrieved from /home/airflow/.local/lib/python3.7/site-packages/airflow/example_dags/tutorial.py
[2023-05-02T19:52:43.569+0000] {logging_mixin.py:137} INFO - [2023-05-02T19:52:43.569+0000] {dag.py:2705} INFO - Sync 1 DAGs
[2023-05-02T19:52:43.583+0000] {logging_mixin.py:137} INFO - [2023-05-02T19:52:43.583+0000] {dag.py:3456} INFO - Setting next_dagrun for tutorial to 2023-05-01T19:52:43.582966+00:00, run_after=2023-05-02T19:52:43.582966+00:00
[2023-05-02T19:52:43.594+0000] {processor.py:175} INFO - Processing /home/airflow/.local/lib/python3.7/site-packages/airflow/example_dags/tutorial.py took 0.049 seconds
[2023-05-02T19:53:14.321+0000] {processor.py:153} INFO - Started process (PID=1963) to work on /home/airflow/.local/lib/python3.7/site-packages/airflow/example_dags/tutorial.py
[2023-05-02T19:53:14.329+0000] {processor.py:743} INFO - Processing file /home/airflow/.local/lib/python3.7/site-packages/airflow/example_dags/tutorial.py for tasks to queue
[2023-05-02T19:53:14.330+0000] {logging_mixin.py:137} INFO - [2023-05-02T19:53:14.330+0000] {dagbag.py:532} INFO - Filling up the DagBag from /home/airflow/.local/lib/python3.7/site-packages/airflow/example_dags/tutorial.py
[2023-05-02T19:53:14.341+0000] {processor.py:753} INFO - DAG(s) dict_keys(['tutorial']) retrieved from /home/airflow/.local/lib/python3.7/site-packages/airflow/example_dags/tutorial.py
[2023-05-02T19:53:14.356+0000] {logging_mixin.py:137} INFO - [2023-05-02T19:53:14.356+0000] {dag.py:2705} INFO - Sync 1 DAGs
[2023-05-02T19:53:14.369+0000] {logging_mixin.py:137} INFO - [2023-05-02T19:53:14.369+0000] {dag.py:3456} INFO - Setting next_dagrun for tutorial to 2023-05-01T19:53:14.369659+00:00, run_after=2023-05-02T19:53:14.369659+00:00
[2023-05-02T19:53:14.381+0000] {processor.py:175} INFO - Processing /home/airflow/.local/lib/python3.7/site-packages/airflow/example_dags/tutorial.py took 0.062 seconds
[2023-05-02T19:53:45.101+0000] {processor.py:153} INFO - Started process (PID=2015) to work on /home/airflow/.local/lib/python3.7/site-packages/airflow/example_dags/tutorial.py
[2023-05-02T19:53:45.101+0000] {processor.py:743} INFO - Processing file /home/airflow/.local/lib/python3.7/site-packages/airflow/example_dags/tutorial.py for tasks to queue
[2023-05-02T19:53:45.102+0000] {logging_mixin.py:137} INFO - [2023-05-02T19:53:45.101+0000] {dagbag.py:532} INFO - Filling up the DagBag from /home/airflow/.local/lib/python3.7/site-packages/airflow/example_dags/tutorial.py
[2023-05-02T19:53:45.109+0000] {processor.py:753} INFO - DAG(s) dict_keys(['tutorial']) retrieved from /home/airflow/.local/lib/python3.7/site-packages/airflow/example_dags/tutorial.py
[2023-05-02T19:53:45.122+0000] {logging_mixin.py:137} INFO - [2023-05-02T19:53:45.122+0000] {dag.py:2705} INFO - Sync 1 DAGs
[2023-05-02T19:53:45.136+0000] {logging_mixin.py:137} INFO - [2023-05-02T19:53:45.136+0000] {dag.py:3456} INFO - Setting next_dagrun for tutorial to 2023-05-01T19:53:45.136114+00:00, run_after=2023-05-02T19:53:45.136114+00:00
[2023-05-02T19:53:45.153+0000] {processor.py:175} INFO - Processing /home/airflow/.local/lib/python3.7/site-packages/airflow/example_dags/tutorial.py took 0.054 seconds
[2023-05-02T19:54:15.164+0000] {processor.py:153} INFO - Started process (PID=2066) to work on /home/airflow/.local/lib/python3.7/site-packages/airflow/example_dags/tutorial.py
[2023-05-02T19:54:15.165+0000] {processor.py:743} INFO - Processing file /home/airflow/.local/lib/python3.7/site-packages/airflow/example_dags/tutorial.py for tasks to queue
[2023-05-02T19:54:15.165+0000] {logging_mixin.py:137} INFO - [2023-05-02T19:54:15.165+0000] {dagbag.py:532} INFO - Filling up the DagBag from /home/airflow/.local/lib/python3.7/site-packages/airflow/example_dags/tutorial.py
[2023-05-02T19:54:15.174+0000] {processor.py:753} INFO - DAG(s) dict_keys(['tutorial']) retrieved from /home/airflow/.local/lib/python3.7/site-packages/airflow/example_dags/tutorial.py
[2023-05-02T19:54:15.191+0000] {logging_mixin.py:137} INFO - [2023-05-02T19:54:15.191+0000] {dag.py:2705} INFO - Sync 1 DAGs
[2023-05-02T19:54:15.207+0000] {logging_mixin.py:137} INFO - [2023-05-02T19:54:15.207+0000] {dag.py:3456} INFO - Setting next_dagrun for tutorial to 2023-05-01T19:54:15.207736+00:00, run_after=2023-05-02T19:54:15.207736+00:00
[2023-05-02T19:54:15.222+0000] {processor.py:175} INFO - Processing /home/airflow/.local/lib/python3.7/site-packages/airflow/example_dags/tutorial.py took 0.060 seconds
[2023-05-02T19:54:45.267+0000] {processor.py:153} INFO - Started process (PID=2119) to work on /home/airflow/.local/lib/python3.7/site-packages/airflow/example_dags/tutorial.py
[2023-05-02T19:54:45.267+0000] {processor.py:743} INFO - Processing file /home/airflow/.local/lib/python3.7/site-packages/airflow/example_dags/tutorial.py for tasks to queue
[2023-05-02T19:54:45.268+0000] {logging_mixin.py:137} INFO - [2023-05-02T19:54:45.268+0000] {dagbag.py:532} INFO - Filling up the DagBag from /home/airflow/.local/lib/python3.7/site-packages/airflow/example_dags/tutorial.py
[2023-05-02T19:54:45.275+0000] {processor.py:753} INFO - DAG(s) dict_keys(['tutorial']) retrieved from /home/airflow/.local/lib/python3.7/site-packages/airflow/example_dags/tutorial.py
[2023-05-02T19:54:45.288+0000] {logging_mixin.py:137} INFO - [2023-05-02T19:54:45.288+0000] {dag.py:2705} INFO - Sync 1 DAGs
[2023-05-02T19:54:45.302+0000] {logging_mixin.py:137} INFO - [2023-05-02T19:54:45.301+0000] {dag.py:3456} INFO - Setting next_dagrun for tutorial to 2023-05-01T19:54:45.301860+00:00, run_after=2023-05-02T19:54:45.301860+00:00
[2023-05-02T19:54:45.313+0000] {processor.py:175} INFO - Processing /home/airflow/.local/lib/python3.7/site-packages/airflow/example_dags/tutorial.py took 0.047 seconds
[2023-05-02T19:55:16.191+0000] {processor.py:153} INFO - Started process (PID=2171) to work on /home/airflow/.local/lib/python3.7/site-packages/airflow/example_dags/tutorial.py
[2023-05-02T19:55:16.198+0000] {processor.py:743} INFO - Processing file /home/airflow/.local/lib/python3.7/site-packages/airflow/example_dags/tutorial.py for tasks to queue
[2023-05-02T19:55:16.198+0000] {logging_mixin.py:137} INFO - [2023-05-02T19:55:16.198+0000] {dagbag.py:532} INFO - Filling up the DagBag from /home/airflow/.local/lib/python3.7/site-packages/airflow/example_dags/tutorial.py
[2023-05-02T19:55:16.206+0000] {processor.py:753} INFO - DAG(s) dict_keys(['tutorial']) retrieved from /home/airflow/.local/lib/python3.7/site-packages/airflow/example_dags/tutorial.py
[2023-05-02T19:55:16.220+0000] {logging_mixin.py:137} INFO - [2023-05-02T19:55:16.220+0000] {dag.py:2705} INFO - Sync 1 DAGs
[2023-05-02T19:55:16.234+0000] {logging_mixin.py:137} INFO - [2023-05-02T19:55:16.234+0000] {dag.py:3456} INFO - Setting next_dagrun for tutorial to 2023-05-01T19:55:16.234077+00:00, run_after=2023-05-02T19:55:16.234077+00:00
[2023-05-02T19:55:16.250+0000] {processor.py:175} INFO - Processing /home/airflow/.local/lib/python3.7/site-packages/airflow/example_dags/tutorial.py took 0.061 seconds
[2023-05-02T19:55:46.284+0000] {processor.py:153} INFO - Started process (PID=2223) to work on /home/airflow/.local/lib/python3.7/site-packages/airflow/example_dags/tutorial.py
[2023-05-02T19:55:46.292+0000] {processor.py:743} INFO - Processing file /home/airflow/.local/lib/python3.7/site-packages/airflow/example_dags/tutorial.py for tasks to queue
[2023-05-02T19:55:46.293+0000] {logging_mixin.py:137} INFO - [2023-05-02T19:55:46.292+0000] {dagbag.py:532} INFO - Filling up the DagBag from /home/airflow/.local/lib/python3.7/site-packages/airflow/example_dags/tutorial.py
[2023-05-02T19:55:46.303+0000] {processor.py:753} INFO - DAG(s) dict_keys(['tutorial']) retrieved from /home/airflow/.local/lib/python3.7/site-packages/airflow/example_dags/tutorial.py
[2023-05-02T19:55:46.316+0000] {logging_mixin.py:137} INFO - [2023-05-02T19:55:46.316+0000] {dag.py:2705} INFO - Sync 1 DAGs
[2023-05-02T19:55:46.330+0000] {logging_mixin.py:137} INFO - [2023-05-02T19:55:46.330+0000] {dag.py:3456} INFO - Setting next_dagrun for tutorial to 2023-05-01T19:55:46.330428+00:00, run_after=2023-05-02T19:55:46.330428+00:00
[2023-05-02T19:55:46.343+0000] {processor.py:175} INFO - Processing /home/airflow/.local/lib/python3.7/site-packages/airflow/example_dags/tutorial.py took 0.061 seconds
[2023-05-02T19:56:16.559+0000] {processor.py:153} INFO - Started process (PID=2275) to work on /home/airflow/.local/lib/python3.7/site-packages/airflow/example_dags/tutorial.py
[2023-05-02T19:56:16.567+0000] {processor.py:743} INFO - Processing file /home/airflow/.local/lib/python3.7/site-packages/airflow/example_dags/tutorial.py for tasks to queue
[2023-05-02T19:56:16.568+0000] {logging_mixin.py:137} INFO - [2023-05-02T19:56:16.568+0000] {dagbag.py:532} INFO - Filling up the DagBag from /home/airflow/.local/lib/python3.7/site-packages/airflow/example_dags/tutorial.py
[2023-05-02T19:56:16.577+0000] {processor.py:753} INFO - DAG(s) dict_keys(['tutorial']) retrieved from /home/airflow/.local/lib/python3.7/site-packages/airflow/example_dags/tutorial.py
[2023-05-02T19:56:16.591+0000] {logging_mixin.py:137} INFO - [2023-05-02T19:56:16.591+0000] {dag.py:2705} INFO - Sync 1 DAGs
[2023-05-02T19:56:16.605+0000] {logging_mixin.py:137} INFO - [2023-05-02T19:56:16.605+0000] {dag.py:3456} INFO - Setting next_dagrun for tutorial to 2023-05-01T19:56:16.605386+00:00, run_after=2023-05-02T19:56:16.605386+00:00
[2023-05-02T19:56:16.618+0000] {processor.py:175} INFO - Processing /home/airflow/.local/lib/python3.7/site-packages/airflow/example_dags/tutorial.py took 0.060 seconds
[2023-05-02T19:56:46.793+0000] {processor.py:153} INFO - Started process (PID=2327) to work on /home/airflow/.local/lib/python3.7/site-packages/airflow/example_dags/tutorial.py
[2023-05-02T19:56:46.801+0000] {processor.py:743} INFO - Processing file /home/airflow/.local/lib/python3.7/site-packages/airflow/example_dags/tutorial.py for tasks to queue
[2023-05-02T19:56:46.801+0000] {logging_mixin.py:137} INFO - [2023-05-02T19:56:46.801+0000] {dagbag.py:532} INFO - Filling up the DagBag from /home/airflow/.local/lib/python3.7/site-packages/airflow/example_dags/tutorial.py
[2023-05-02T19:56:46.812+0000] {processor.py:753} INFO - DAG(s) dict_keys(['tutorial']) retrieved from /home/airflow/.local/lib/python3.7/site-packages/airflow/example_dags/tutorial.py
[2023-05-02T19:56:46.826+0000] {logging_mixin.py:137} INFO - [2023-05-02T19:56:46.826+0000] {dag.py:2705} INFO - Sync 1 DAGs
[2023-05-02T19:56:46.840+0000] {logging_mixin.py:137} INFO - [2023-05-02T19:56:46.840+0000] {dag.py:3456} INFO - Setting next_dagrun for tutorial to 2023-05-01T19:56:46.840073+00:00, run_after=2023-05-02T19:56:46.840073+00:00
[2023-05-02T19:56:46.852+0000] {processor.py:175} INFO - Processing /home/airflow/.local/lib/python3.7/site-packages/airflow/example_dags/tutorial.py took 0.061 seconds
[2023-05-02T19:57:17.750+0000] {processor.py:153} INFO - Started process (PID=2379) to work on /home/airflow/.local/lib/python3.7/site-packages/airflow/example_dags/tutorial.py
[2023-05-02T19:57:17.750+0000] {processor.py:743} INFO - Processing file /home/airflow/.local/lib/python3.7/site-packages/airflow/example_dags/tutorial.py for tasks to queue
[2023-05-02T19:57:17.750+0000] {logging_mixin.py:137} INFO - [2023-05-02T19:57:17.750+0000] {dagbag.py:532} INFO - Filling up the DagBag from /home/airflow/.local/lib/python3.7/site-packages/airflow/example_dags/tutorial.py
[2023-05-02T19:57:17.757+0000] {processor.py:753} INFO - DAG(s) dict_keys(['tutorial']) retrieved from /home/airflow/.local/lib/python3.7/site-packages/airflow/example_dags/tutorial.py
[2023-05-02T19:57:17.771+0000] {logging_mixin.py:137} INFO - [2023-05-02T19:57:17.771+0000] {dag.py:2705} INFO - Sync 1 DAGs
[2023-05-02T19:57:17.785+0000] {logging_mixin.py:137} INFO - [2023-05-02T19:57:17.785+0000] {dag.py:3456} INFO - Setting next_dagrun for tutorial to 2023-05-01T19:57:17.785240+00:00, run_after=2023-05-02T19:57:17.785240+00:00
[2023-05-02T19:57:17.798+0000] {processor.py:175} INFO - Processing /home/airflow/.local/lib/python3.7/site-packages/airflow/example_dags/tutorial.py took 0.050 seconds
[2023-05-02T19:57:48.720+0000] {processor.py:153} INFO - Started process (PID=2431) to work on /home/airflow/.local/lib/python3.7/site-packages/airflow/example_dags/tutorial.py
[2023-05-02T19:57:48.721+0000] {processor.py:743} INFO - Processing file /home/airflow/.local/lib/python3.7/site-packages/airflow/example_dags/tutorial.py for tasks to queue
[2023-05-02T19:57:48.721+0000] {logging_mixin.py:137} INFO - [2023-05-02T19:57:48.721+0000] {dagbag.py:532} INFO - Filling up the DagBag from /home/airflow/.local/lib/python3.7/site-packages/airflow/example_dags/tutorial.py
[2023-05-02T19:57:48.728+0000] {processor.py:753} INFO - DAG(s) dict_keys(['tutorial']) retrieved from /home/airflow/.local/lib/python3.7/site-packages/airflow/example_dags/tutorial.py
[2023-05-02T19:57:48.742+0000] {logging_mixin.py:137} INFO - [2023-05-02T19:57:48.742+0000] {dag.py:2705} INFO - Sync 1 DAGs
[2023-05-02T19:57:48.756+0000] {logging_mixin.py:137} INFO - [2023-05-02T19:57:48.756+0000] {dag.py:3456} INFO - Setting next_dagrun for tutorial to 2023-05-01T19:57:48.756627+00:00, run_after=2023-05-02T19:57:48.756627+00:00
[2023-05-02T19:57:48.768+0000] {processor.py:175} INFO - Processing /home/airflow/.local/lib/python3.7/site-packages/airflow/example_dags/tutorial.py took 0.050 seconds
[2023-05-02T19:58:18.925+0000] {processor.py:153} INFO - Started process (PID=2483) to work on /home/airflow/.local/lib/python3.7/site-packages/airflow/example_dags/tutorial.py
[2023-05-02T19:58:18.931+0000] {processor.py:743} INFO - Processing file /home/airflow/.local/lib/python3.7/site-packages/airflow/example_dags/tutorial.py for tasks to queue
[2023-05-02T19:58:18.932+0000] {logging_mixin.py:137} INFO - [2023-05-02T19:58:18.932+0000] {dagbag.py:532} INFO - Filling up the DagBag from /home/airflow/.local/lib/python3.7/site-packages/airflow/example_dags/tutorial.py
[2023-05-02T19:58:18.939+0000] {processor.py:753} INFO - DAG(s) dict_keys(['tutorial']) retrieved from /home/airflow/.local/lib/python3.7/site-packages/airflow/example_dags/tutorial.py
[2023-05-02T19:58:18.969+0000] {logging_mixin.py:137} INFO - [2023-05-02T19:58:18.969+0000] {dag.py:2705} INFO - Sync 1 DAGs
[2023-05-02T19:58:18.986+0000] {logging_mixin.py:137} INFO - [2023-05-02T19:58:18.986+0000] {dag.py:3456} INFO - Setting next_dagrun for tutorial to 2023-05-01T19:58:18.986080+00:00, run_after=2023-05-02T19:58:18.986080+00:00
[2023-05-02T19:58:18.999+0000] {processor.py:175} INFO - Processing /home/airflow/.local/lib/python3.7/site-packages/airflow/example_dags/tutorial.py took 0.076 seconds
[2023-05-02T19:58:49.708+0000] {processor.py:153} INFO - Started process (PID=2542) to work on /home/airflow/.local/lib/python3.7/site-packages/airflow/example_dags/tutorial.py
[2023-05-02T19:58:49.715+0000] {processor.py:743} INFO - Processing file /home/airflow/.local/lib/python3.7/site-packages/airflow/example_dags/tutorial.py for tasks to queue
[2023-05-02T19:58:49.715+0000] {logging_mixin.py:137} INFO - [2023-05-02T19:58:49.715+0000] {dagbag.py:532} INFO - Filling up the DagBag from /home/airflow/.local/lib/python3.7/site-packages/airflow/example_dags/tutorial.py
[2023-05-02T19:58:49.723+0000] {processor.py:753} INFO - DAG(s) dict_keys(['tutorial']) retrieved from /home/airflow/.local/lib/python3.7/site-packages/airflow/example_dags/tutorial.py
[2023-05-02T19:58:49.737+0000] {logging_mixin.py:137} INFO - [2023-05-02T19:58:49.737+0000] {dag.py:2705} INFO - Sync 1 DAGs
[2023-05-02T19:58:49.751+0000] {logging_mixin.py:137} INFO - [2023-05-02T19:58:49.751+0000] {dag.py:3456} INFO - Setting next_dagrun for tutorial to 2023-05-01T19:58:49.751487+00:00, run_after=2023-05-02T19:58:49.751487+00:00
[2023-05-02T19:58:49.763+0000] {processor.py:175} INFO - Processing /home/airflow/.local/lib/python3.7/site-packages/airflow/example_dags/tutorial.py took 0.056 seconds
[2023-05-02T19:59:20.492+0000] {processor.py:153} INFO - Started process (PID=2594) to work on /home/airflow/.local/lib/python3.7/site-packages/airflow/example_dags/tutorial.py
[2023-05-02T19:59:20.498+0000] {processor.py:743} INFO - Processing file /home/airflow/.local/lib/python3.7/site-packages/airflow/example_dags/tutorial.py for tasks to queue
[2023-05-02T19:59:20.499+0000] {logging_mixin.py:137} INFO - [2023-05-02T19:59:20.499+0000] {dagbag.py:532} INFO - Filling up the DagBag from /home/airflow/.local/lib/python3.7/site-packages/airflow/example_dags/tutorial.py
[2023-05-02T19:59:20.508+0000] {processor.py:753} INFO - DAG(s) dict_keys(['tutorial']) retrieved from /home/airflow/.local/lib/python3.7/site-packages/airflow/example_dags/tutorial.py
[2023-05-02T19:59:20.523+0000] {logging_mixin.py:137} INFO - [2023-05-02T19:59:20.523+0000] {dag.py:2705} INFO - Sync 1 DAGs
[2023-05-02T19:59:20.537+0000] {logging_mixin.py:137} INFO - [2023-05-02T19:59:20.537+0000] {dag.py:3456} INFO - Setting next_dagrun for tutorial to 2023-05-01T19:59:20.537223+00:00, run_after=2023-05-02T19:59:20.537223+00:00
[2023-05-02T19:59:20.550+0000] {processor.py:175} INFO - Processing /home/airflow/.local/lib/python3.7/site-packages/airflow/example_dags/tutorial.py took 0.060 seconds
[2023-05-02T19:59:51.302+0000] {processor.py:153} INFO - Started process (PID=2646) to work on /home/airflow/.local/lib/python3.7/site-packages/airflow/example_dags/tutorial.py
[2023-05-02T19:59:51.310+0000] {processor.py:743} INFO - Processing file /home/airflow/.local/lib/python3.7/site-packages/airflow/example_dags/tutorial.py for tasks to queue
[2023-05-02T19:59:51.311+0000] {logging_mixin.py:137} INFO - [2023-05-02T19:59:51.311+0000] {dagbag.py:532} INFO - Filling up the DagBag from /home/airflow/.local/lib/python3.7/site-packages/airflow/example_dags/tutorial.py
[2023-05-02T19:59:51.322+0000] {processor.py:753} INFO - DAG(s) dict_keys(['tutorial']) retrieved from /home/airflow/.local/lib/python3.7/site-packages/airflow/example_dags/tutorial.py
[2023-05-02T19:59:51.336+0000] {logging_mixin.py:137} INFO - [2023-05-02T19:59:51.336+0000] {dag.py:2705} INFO - Sync 1 DAGs
[2023-05-02T19:59:51.350+0000] {logging_mixin.py:137} INFO - [2023-05-02T19:59:51.350+0000] {dag.py:3456} INFO - Setting next_dagrun for tutorial to 2023-05-01T19:59:51.349927+00:00, run_after=2023-05-02T19:59:51.349927+00:00
[2023-05-02T19:59:51.362+0000] {processor.py:175} INFO - Processing /home/airflow/.local/lib/python3.7/site-packages/airflow/example_dags/tutorial.py took 0.061 seconds
[2023-05-02T20:00:22.113+0000] {processor.py:153} INFO - Started process (PID=2697) to work on /home/airflow/.local/lib/python3.7/site-packages/airflow/example_dags/tutorial.py
[2023-05-02T20:00:22.121+0000] {processor.py:743} INFO - Processing file /home/airflow/.local/lib/python3.7/site-packages/airflow/example_dags/tutorial.py for tasks to queue
[2023-05-02T20:00:22.122+0000] {logging_mixin.py:137} INFO - [2023-05-02T20:00:22.122+0000] {dagbag.py:532} INFO - Filling up the DagBag from /home/airflow/.local/lib/python3.7/site-packages/airflow/example_dags/tutorial.py
[2023-05-02T20:00:22.134+0000] {processor.py:753} INFO - DAG(s) dict_keys(['tutorial']) retrieved from /home/airflow/.local/lib/python3.7/site-packages/airflow/example_dags/tutorial.py
[2023-05-02T20:00:22.149+0000] {logging_mixin.py:137} INFO - [2023-05-02T20:00:22.149+0000] {dag.py:2705} INFO - Sync 1 DAGs
[2023-05-02T20:00:22.164+0000] {logging_mixin.py:137} INFO - [2023-05-02T20:00:22.164+0000] {dag.py:3456} INFO - Setting next_dagrun for tutorial to 2023-05-01T20:00:22.164490+00:00, run_after=2023-05-02T20:00:22.164490+00:00
[2023-05-02T20:00:22.179+0000] {processor.py:175} INFO - Processing /home/airflow/.local/lib/python3.7/site-packages/airflow/example_dags/tutorial.py took 0.067 seconds
[2023-05-02T20:00:52.930+0000] {processor.py:153} INFO - Started process (PID=2749) to work on /home/airflow/.local/lib/python3.7/site-packages/airflow/example_dags/tutorial.py
[2023-05-02T20:00:52.930+0000] {processor.py:743} INFO - Processing file /home/airflow/.local/lib/python3.7/site-packages/airflow/example_dags/tutorial.py for tasks to queue
[2023-05-02T20:00:52.931+0000] {logging_mixin.py:137} INFO - [2023-05-02T20:00:52.931+0000] {dagbag.py:532} INFO - Filling up the DagBag from /home/airflow/.local/lib/python3.7/site-packages/airflow/example_dags/tutorial.py
[2023-05-02T20:00:52.938+0000] {processor.py:753} INFO - DAG(s) dict_keys(['tutorial']) retrieved from /home/airflow/.local/lib/python3.7/site-packages/airflow/example_dags/tutorial.py
[2023-05-02T20:00:52.951+0000] {logging_mixin.py:137} INFO - [2023-05-02T20:00:52.951+0000] {dag.py:2705} INFO - Sync 1 DAGs
[2023-05-02T20:00:52.964+0000] {logging_mixin.py:137} INFO - [2023-05-02T20:00:52.964+0000] {dag.py:3456} INFO - Setting next_dagrun for tutorial to 2023-05-01T20:00:52.964618+00:00, run_after=2023-05-02T20:00:52.964618+00:00
[2023-05-02T20:00:52.976+0000] {processor.py:175} INFO - Processing /home/airflow/.local/lib/python3.7/site-packages/airflow/example_dags/tutorial.py took 0.050 seconds
[2023-05-02T20:01:23.721+0000] {processor.py:153} INFO - Started process (PID=2801) to work on /home/airflow/.local/lib/python3.7/site-packages/airflow/example_dags/tutorial.py
[2023-05-02T20:01:23.722+0000] {processor.py:743} INFO - Processing file /home/airflow/.local/lib/python3.7/site-packages/airflow/example_dags/tutorial.py for tasks to queue
[2023-05-02T20:01:23.722+0000] {logging_mixin.py:137} INFO - [2023-05-02T20:01:23.722+0000] {dagbag.py:532} INFO - Filling up the DagBag from /home/airflow/.local/lib/python3.7/site-packages/airflow/example_dags/tutorial.py
[2023-05-02T20:01:23.730+0000] {processor.py:753} INFO - DAG(s) dict_keys(['tutorial']) retrieved from /home/airflow/.local/lib/python3.7/site-packages/airflow/example_dags/tutorial.py
[2023-05-02T20:01:23.743+0000] {logging_mixin.py:137} INFO - [2023-05-02T20:01:23.743+0000] {dag.py:2705} INFO - Sync 1 DAGs
[2023-05-02T20:01:23.757+0000] {logging_mixin.py:137} INFO - [2023-05-02T20:01:23.757+0000] {dag.py:3456} INFO - Setting next_dagrun for tutorial to 2023-05-01T20:01:23.757567+00:00, run_after=2023-05-02T20:01:23.757567+00:00
[2023-05-02T20:01:23.768+0000] {processor.py:175} INFO - Processing /home/airflow/.local/lib/python3.7/site-packages/airflow/example_dags/tutorial.py took 0.049 seconds
[2023-05-02T20:01:54.502+0000] {processor.py:153} INFO - Started process (PID=2853) to work on /home/airflow/.local/lib/python3.7/site-packages/airflow/example_dags/tutorial.py
[2023-05-02T20:01:54.508+0000] {processor.py:743} INFO - Processing file /home/airflow/.local/lib/python3.7/site-packages/airflow/example_dags/tutorial.py for tasks to queue
[2023-05-02T20:01:54.509+0000] {logging_mixin.py:137} INFO - [2023-05-02T20:01:54.508+0000] {dagbag.py:532} INFO - Filling up the DagBag from /home/airflow/.local/lib/python3.7/site-packages/airflow/example_dags/tutorial.py
[2023-05-02T20:01:54.519+0000] {processor.py:753} INFO - DAG(s) dict_keys(['tutorial']) retrieved from /home/airflow/.local/lib/python3.7/site-packages/airflow/example_dags/tutorial.py
[2023-05-02T20:01:54.533+0000] {logging_mixin.py:137} INFO - [2023-05-02T20:01:54.533+0000] {dag.py:2705} INFO - Sync 1 DAGs
[2023-05-02T20:01:54.547+0000] {logging_mixin.py:137} INFO - [2023-05-02T20:01:54.546+0000] {dag.py:3456} INFO - Setting next_dagrun for tutorial to 2023-05-01T20:01:54.546879+00:00, run_after=2023-05-02T20:01:54.546879+00:00
[2023-05-02T20:01:54.558+0000] {processor.py:175} INFO - Processing /home/airflow/.local/lib/python3.7/site-packages/airflow/example_dags/tutorial.py took 0.060 seconds
[2023-05-02T20:02:25.357+0000] {processor.py:153} INFO - Started process (PID=2904) to work on /home/airflow/.local/lib/python3.7/site-packages/airflow/example_dags/tutorial.py
[2023-05-02T20:02:25.363+0000] {processor.py:743} INFO - Processing file /home/airflow/.local/lib/python3.7/site-packages/airflow/example_dags/tutorial.py for tasks to queue
[2023-05-02T20:02:25.364+0000] {logging_mixin.py:137} INFO - [2023-05-02T20:02:25.364+0000] {dagbag.py:532} INFO - Filling up the DagBag from /home/airflow/.local/lib/python3.7/site-packages/airflow/example_dags/tutorial.py
[2023-05-02T20:02:25.375+0000] {processor.py:753} INFO - DAG(s) dict_keys(['tutorial']) retrieved from /home/airflow/.local/lib/python3.7/site-packages/airflow/example_dags/tutorial.py
[2023-05-02T20:02:25.389+0000] {logging_mixin.py:137} INFO - [2023-05-02T20:02:25.389+0000] {dag.py:2705} INFO - Sync 1 DAGs
[2023-05-02T20:02:25.402+0000] {logging_mixin.py:137} INFO - [2023-05-02T20:02:25.402+0000] {dag.py:3456} INFO - Setting next_dagrun for tutorial to 2023-05-01T20:02:25.402520+00:00, run_after=2023-05-02T20:02:25.402520+00:00
[2023-05-02T20:02:25.418+0000] {processor.py:175} INFO - Processing /home/airflow/.local/lib/python3.7/site-packages/airflow/example_dags/tutorial.py took 0.064 seconds
[2023-05-02T20:02:56.212+0000] {processor.py:153} INFO - Started process (PID=2956) to work on /home/airflow/.local/lib/python3.7/site-packages/airflow/example_dags/tutorial.py
[2023-05-02T20:02:56.213+0000] {processor.py:743} INFO - Processing file /home/airflow/.local/lib/python3.7/site-packages/airflow/example_dags/tutorial.py for tasks to queue
[2023-05-02T20:02:56.213+0000] {logging_mixin.py:137} INFO - [2023-05-02T20:02:56.213+0000] {dagbag.py:532} INFO - Filling up the DagBag from /home/airflow/.local/lib/python3.7/site-packages/airflow/example_dags/tutorial.py
[2023-05-02T20:02:56.221+0000] {processor.py:753} INFO - DAG(s) dict_keys(['tutorial']) retrieved from /home/airflow/.local/lib/python3.7/site-packages/airflow/example_dags/tutorial.py
[2023-05-02T20:02:56.234+0000] {logging_mixin.py:137} INFO - [2023-05-02T20:02:56.234+0000] {dag.py:2705} INFO - Sync 1 DAGs
[2023-05-02T20:02:56.248+0000] {logging_mixin.py:137} INFO - [2023-05-02T20:02:56.248+0000] {dag.py:3456} INFO - Setting next_dagrun for tutorial to 2023-05-01T20:02:56.247991+00:00, run_after=2023-05-02T20:02:56.247991+00:00
[2023-05-02T20:02:56.260+0000] {processor.py:175} INFO - Processing /home/airflow/.local/lib/python3.7/site-packages/airflow/example_dags/tutorial.py took 0.049 seconds
[2023-05-02T20:03:27.048+0000] {processor.py:153} INFO - Started process (PID=3008) to work on /home/airflow/.local/lib/python3.7/site-packages/airflow/example_dags/tutorial.py
[2023-05-02T20:03:27.056+0000] {processor.py:743} INFO - Processing file /home/airflow/.local/lib/python3.7/site-packages/airflow/example_dags/tutorial.py for tasks to queue
[2023-05-02T20:03:27.057+0000] {logging_mixin.py:137} INFO - [2023-05-02T20:03:27.057+0000] {dagbag.py:532} INFO - Filling up the DagBag from /home/airflow/.local/lib/python3.7/site-packages/airflow/example_dags/tutorial.py
[2023-05-02T20:03:27.068+0000] {processor.py:753} INFO - DAG(s) dict_keys(['tutorial']) retrieved from /home/airflow/.local/lib/python3.7/site-packages/airflow/example_dags/tutorial.py
[2023-05-02T20:03:27.082+0000] {logging_mixin.py:137} INFO - [2023-05-02T20:03:27.082+0000] {dag.py:2705} INFO - Sync 1 DAGs
[2023-05-02T20:03:27.096+0000] {logging_mixin.py:137} INFO - [2023-05-02T20:03:27.096+0000] {dag.py:3456} INFO - Setting next_dagrun for tutorial to 2023-05-01T20:03:27.096594+00:00, run_after=2023-05-02T20:03:27.096594+00:00
[2023-05-02T20:03:27.108+0000] {processor.py:175} INFO - Processing /home/airflow/.local/lib/python3.7/site-packages/airflow/example_dags/tutorial.py took 0.062 seconds
[2023-05-02T20:03:57.806+0000] {processor.py:153} INFO - Started process (PID=3060) to work on /home/airflow/.local/lib/python3.7/site-packages/airflow/example_dags/tutorial.py
[2023-05-02T20:03:57.806+0000] {processor.py:743} INFO - Processing file /home/airflow/.local/lib/python3.7/site-packages/airflow/example_dags/tutorial.py for tasks to queue
[2023-05-02T20:03:57.806+0000] {logging_mixin.py:137} INFO - [2023-05-02T20:03:57.806+0000] {dagbag.py:532} INFO - Filling up the DagBag from /home/airflow/.local/lib/python3.7/site-packages/airflow/example_dags/tutorial.py
[2023-05-02T20:03:57.813+0000] {processor.py:753} INFO - DAG(s) dict_keys(['tutorial']) retrieved from /home/airflow/.local/lib/python3.7/site-packages/airflow/example_dags/tutorial.py
[2023-05-02T20:03:57.827+0000] {logging_mixin.py:137} INFO - [2023-05-02T20:03:57.827+0000] {dag.py:2705} INFO - Sync 1 DAGs
[2023-05-02T20:03:57.841+0000] {logging_mixin.py:137} INFO - [2023-05-02T20:03:57.841+0000] {dag.py:3456} INFO - Setting next_dagrun for tutorial to 2023-05-01T20:03:57.840957+00:00, run_after=2023-05-02T20:03:57.840957+00:00
[2023-05-02T20:03:57.853+0000] {processor.py:175} INFO - Processing /home/airflow/.local/lib/python3.7/site-packages/airflow/example_dags/tutorial.py took 0.050 seconds
[2023-05-02T20:04:28.550+0000] {processor.py:153} INFO - Started process (PID=3112) to work on /home/airflow/.local/lib/python3.7/site-packages/airflow/example_dags/tutorial.py
[2023-05-02T20:04:28.557+0000] {processor.py:743} INFO - Processing file /home/airflow/.local/lib/python3.7/site-packages/airflow/example_dags/tutorial.py for tasks to queue
[2023-05-02T20:04:28.559+0000] {logging_mixin.py:137} INFO - [2023-05-02T20:04:28.558+0000] {dagbag.py:532} INFO - Filling up the DagBag from /home/airflow/.local/lib/python3.7/site-packages/airflow/example_dags/tutorial.py
[2023-05-02T20:04:28.569+0000] {processor.py:753} INFO - DAG(s) dict_keys(['tutorial']) retrieved from /home/airflow/.local/lib/python3.7/site-packages/airflow/example_dags/tutorial.py
[2023-05-02T20:04:28.583+0000] {logging_mixin.py:137} INFO - [2023-05-02T20:04:28.583+0000] {dag.py:2705} INFO - Sync 1 DAGs
[2023-05-02T20:04:28.597+0000] {logging_mixin.py:137} INFO - [2023-05-02T20:04:28.597+0000] {dag.py:3456} INFO - Setting next_dagrun for tutorial to 2023-05-01T20:04:28.597275+00:00, run_after=2023-05-02T20:04:28.597275+00:00
[2023-05-02T20:04:28.609+0000] {processor.py:175} INFO - Processing /home/airflow/.local/lib/python3.7/site-packages/airflow/example_dags/tutorial.py took 0.061 seconds
[2023-05-02T20:04:59.357+0000] {processor.py:153} INFO - Started process (PID=3164) to work on /home/airflow/.local/lib/python3.7/site-packages/airflow/example_dags/tutorial.py
[2023-05-02T20:04:59.365+0000] {processor.py:743} INFO - Processing file /home/airflow/.local/lib/python3.7/site-packages/airflow/example_dags/tutorial.py for tasks to queue
[2023-05-02T20:04:59.365+0000] {logging_mixin.py:137} INFO - [2023-05-02T20:04:59.365+0000] {dagbag.py:532} INFO - Filling up the DagBag from /home/airflow/.local/lib/python3.7/site-packages/airflow/example_dags/tutorial.py
[2023-05-02T20:04:59.375+0000] {processor.py:753} INFO - DAG(s) dict_keys(['tutorial']) retrieved from /home/airflow/.local/lib/python3.7/site-packages/airflow/example_dags/tutorial.py
[2023-05-02T20:04:59.389+0000] {logging_mixin.py:137} INFO - [2023-05-02T20:04:59.389+0000] {dag.py:2705} INFO - Sync 1 DAGs
[2023-05-02T20:04:59.403+0000] {logging_mixin.py:137} INFO - [2023-05-02T20:04:59.403+0000] {dag.py:3456} INFO - Setting next_dagrun for tutorial to 2023-05-01T20:04:59.403556+00:00, run_after=2023-05-02T20:04:59.403556+00:00
[2023-05-02T20:04:59.416+0000] {processor.py:175} INFO - Processing /home/airflow/.local/lib/python3.7/site-packages/airflow/example_dags/tutorial.py took 0.060 seconds
[2023-05-02T20:05:30.104+0000] {processor.py:153} INFO - Started process (PID=3216) to work on /home/airflow/.local/lib/python3.7/site-packages/airflow/example_dags/tutorial.py
[2023-05-02T20:05:30.112+0000] {processor.py:743} INFO - Processing file /home/airflow/.local/lib/python3.7/site-packages/airflow/example_dags/tutorial.py for tasks to queue
[2023-05-02T20:05:30.113+0000] {logging_mixin.py:137} INFO - [2023-05-02T20:05:30.112+0000] {dagbag.py:532} INFO - Filling up the DagBag from /home/airflow/.local/lib/python3.7/site-packages/airflow/example_dags/tutorial.py
[2023-05-02T20:05:30.125+0000] {processor.py:753} INFO - DAG(s) dict_keys(['tutorial']) retrieved from /home/airflow/.local/lib/python3.7/site-packages/airflow/example_dags/tutorial.py
[2023-05-02T20:05:30.141+0000] {logging_mixin.py:137} INFO - [2023-05-02T20:05:30.141+0000] {dag.py:2705} INFO - Sync 1 DAGs
[2023-05-02T20:05:30.154+0000] {logging_mixin.py:137} INFO - [2023-05-02T20:05:30.154+0000] {dag.py:3456} INFO - Setting next_dagrun for tutorial to 2023-05-01T20:05:30.154569+00:00, run_after=2023-05-02T20:05:30.154569+00:00
[2023-05-02T20:05:30.167+0000] {processor.py:175} INFO - Processing /home/airflow/.local/lib/python3.7/site-packages/airflow/example_dags/tutorial.py took 0.065 seconds
[2023-05-02T20:06:00.942+0000] {processor.py:153} INFO - Started process (PID=3268) to work on /home/airflow/.local/lib/python3.7/site-packages/airflow/example_dags/tutorial.py
[2023-05-02T20:06:00.950+0000] {processor.py:743} INFO - Processing file /home/airflow/.local/lib/python3.7/site-packages/airflow/example_dags/tutorial.py for tasks to queue
[2023-05-02T20:06:00.951+0000] {logging_mixin.py:137} INFO - [2023-05-02T20:06:00.951+0000] {dagbag.py:532} INFO - Filling up the DagBag from /home/airflow/.local/lib/python3.7/site-packages/airflow/example_dags/tutorial.py
[2023-05-02T20:06:00.962+0000] {processor.py:753} INFO - DAG(s) dict_keys(['tutorial']) retrieved from /home/airflow/.local/lib/python3.7/site-packages/airflow/example_dags/tutorial.py
[2023-05-02T20:06:00.976+0000] {logging_mixin.py:137} INFO - [2023-05-02T20:06:00.976+0000] {dag.py:2705} INFO - Sync 1 DAGs
[2023-05-02T20:06:00.989+0000] {logging_mixin.py:137} INFO - [2023-05-02T20:06:00.989+0000] {dag.py:3456} INFO - Setting next_dagrun for tutorial to 2023-05-01T20:06:00.989696+00:00, run_after=2023-05-02T20:06:00.989696+00:00
[2023-05-02T20:06:01.008+0000] {processor.py:175} INFO - Processing /home/airflow/.local/lib/python3.7/site-packages/airflow/example_dags/tutorial.py took 0.067 seconds
[2023-05-02T20:06:31.833+0000] {processor.py:153} INFO - Started process (PID=3320) to work on /home/airflow/.local/lib/python3.7/site-packages/airflow/example_dags/tutorial.py
[2023-05-02T20:06:31.841+0000] {processor.py:743} INFO - Processing file /home/airflow/.local/lib/python3.7/site-packages/airflow/example_dags/tutorial.py for tasks to queue
[2023-05-02T20:06:31.842+0000] {logging_mixin.py:137} INFO - [2023-05-02T20:06:31.841+0000] {dagbag.py:532} INFO - Filling up the DagBag from /home/airflow/.local/lib/python3.7/site-packages/airflow/example_dags/tutorial.py
[2023-05-02T20:06:31.852+0000] {processor.py:753} INFO - DAG(s) dict_keys(['tutorial']) retrieved from /home/airflow/.local/lib/python3.7/site-packages/airflow/example_dags/tutorial.py
[2023-05-02T20:06:31.866+0000] {logging_mixin.py:137} INFO - [2023-05-02T20:06:31.866+0000] {dag.py:2705} INFO - Sync 1 DAGs
[2023-05-02T20:06:31.879+0000] {logging_mixin.py:137} INFO - [2023-05-02T20:06:31.879+0000] {dag.py:3456} INFO - Setting next_dagrun for tutorial to 2023-05-01T20:06:31.879496+00:00, run_after=2023-05-02T20:06:31.879496+00:00
[2023-05-02T20:06:31.892+0000] {processor.py:175} INFO - Processing /home/airflow/.local/lib/python3.7/site-packages/airflow/example_dags/tutorial.py took 0.061 seconds
[2023-05-02T20:07:02.701+0000] {processor.py:153} INFO - Started process (PID=3373) to work on /home/airflow/.local/lib/python3.7/site-packages/airflow/example_dags/tutorial.py
[2023-05-02T20:07:02.706+0000] {processor.py:743} INFO - Processing file /home/airflow/.local/lib/python3.7/site-packages/airflow/example_dags/tutorial.py for tasks to queue
[2023-05-02T20:07:02.707+0000] {logging_mixin.py:137} INFO - [2023-05-02T20:07:02.707+0000] {dagbag.py:532} INFO - Filling up the DagBag from /home/airflow/.local/lib/python3.7/site-packages/airflow/example_dags/tutorial.py
[2023-05-02T20:07:02.717+0000] {processor.py:753} INFO - DAG(s) dict_keys(['tutorial']) retrieved from /home/airflow/.local/lib/python3.7/site-packages/airflow/example_dags/tutorial.py
[2023-05-02T20:07:02.731+0000] {logging_mixin.py:137} INFO - [2023-05-02T20:07:02.731+0000] {dag.py:2705} INFO - Sync 1 DAGs
[2023-05-02T20:07:02.745+0000] {logging_mixin.py:137} INFO - [2023-05-02T20:07:02.745+0000] {dag.py:3456} INFO - Setting next_dagrun for tutorial to 2023-05-01T20:07:02.745110+00:00, run_after=2023-05-02T20:07:02.745110+00:00
[2023-05-02T20:07:02.764+0000] {processor.py:175} INFO - Processing /home/airflow/.local/lib/python3.7/site-packages/airflow/example_dags/tutorial.py took 0.067 seconds
[2023-05-02T20:07:33.512+0000] {processor.py:153} INFO - Started process (PID=3424) to work on /home/airflow/.local/lib/python3.7/site-packages/airflow/example_dags/tutorial.py
[2023-05-02T20:07:33.512+0000] {processor.py:743} INFO - Processing file /home/airflow/.local/lib/python3.7/site-packages/airflow/example_dags/tutorial.py for tasks to queue
[2023-05-02T20:07:33.513+0000] {logging_mixin.py:137} INFO - [2023-05-02T20:07:33.513+0000] {dagbag.py:532} INFO - Filling up the DagBag from /home/airflow/.local/lib/python3.7/site-packages/airflow/example_dags/tutorial.py
[2023-05-02T20:07:33.519+0000] {processor.py:753} INFO - DAG(s) dict_keys(['tutorial']) retrieved from /home/airflow/.local/lib/python3.7/site-packages/airflow/example_dags/tutorial.py
[2023-05-02T20:07:33.533+0000] {logging_mixin.py:137} INFO - [2023-05-02T20:07:33.533+0000] {dag.py:2705} INFO - Sync 1 DAGs
[2023-05-02T20:07:33.547+0000] {logging_mixin.py:137} INFO - [2023-05-02T20:07:33.547+0000] {dag.py:3456} INFO - Setting next_dagrun for tutorial to 2023-05-01T20:07:33.547180+00:00, run_after=2023-05-02T20:07:33.547180+00:00
[2023-05-02T20:07:33.559+0000] {processor.py:175} INFO - Processing /home/airflow/.local/lib/python3.7/site-packages/airflow/example_dags/tutorial.py took 0.049 seconds
[2023-05-02T20:08:04.433+0000] {processor.py:153} INFO - Started process (PID=3476) to work on /home/airflow/.local/lib/python3.7/site-packages/airflow/example_dags/tutorial.py
[2023-05-02T20:08:04.440+0000] {processor.py:743} INFO - Processing file /home/airflow/.local/lib/python3.7/site-packages/airflow/example_dags/tutorial.py for tasks to queue
[2023-05-02T20:08:04.441+0000] {logging_mixin.py:137} INFO - [2023-05-02T20:08:04.441+0000] {dagbag.py:532} INFO - Filling up the DagBag from /home/airflow/.local/lib/python3.7/site-packages/airflow/example_dags/tutorial.py
[2023-05-02T20:08:04.452+0000] {processor.py:753} INFO - DAG(s) dict_keys(['tutorial']) retrieved from /home/airflow/.local/lib/python3.7/site-packages/airflow/example_dags/tutorial.py
[2023-05-02T20:08:04.466+0000] {logging_mixin.py:137} INFO - [2023-05-02T20:08:04.466+0000] {dag.py:2705} INFO - Sync 1 DAGs
[2023-05-02T20:08:04.480+0000] {logging_mixin.py:137} INFO - [2023-05-02T20:08:04.479+0000] {dag.py:3456} INFO - Setting next_dagrun for tutorial to 2023-05-01T20:08:04.479830+00:00, run_after=2023-05-02T20:08:04.479830+00:00
[2023-05-02T20:08:04.491+0000] {processor.py:175} INFO - Processing /home/airflow/.local/lib/python3.7/site-packages/airflow/example_dags/tutorial.py took 0.060 seconds
[2023-05-02T20:08:35.284+0000] {processor.py:153} INFO - Started process (PID=3528) to work on /home/airflow/.local/lib/python3.7/site-packages/airflow/example_dags/tutorial.py
[2023-05-02T20:08:35.292+0000] {processor.py:743} INFO - Processing file /home/airflow/.local/lib/python3.7/site-packages/airflow/example_dags/tutorial.py for tasks to queue
[2023-05-02T20:08:35.293+0000] {logging_mixin.py:137} INFO - [2023-05-02T20:08:35.293+0000] {dagbag.py:532} INFO - Filling up the DagBag from /home/airflow/.local/lib/python3.7/site-packages/airflow/example_dags/tutorial.py
[2023-05-02T20:08:35.304+0000] {processor.py:753} INFO - DAG(s) dict_keys(['tutorial']) retrieved from /home/airflow/.local/lib/python3.7/site-packages/airflow/example_dags/tutorial.py
[2023-05-02T20:08:35.318+0000] {logging_mixin.py:137} INFO - [2023-05-02T20:08:35.318+0000] {dag.py:2705} INFO - Sync 1 DAGs
[2023-05-02T20:08:35.332+0000] {logging_mixin.py:137} INFO - [2023-05-02T20:08:35.332+0000] {dag.py:3456} INFO - Setting next_dagrun for tutorial to 2023-05-01T20:08:35.332569+00:00, run_after=2023-05-02T20:08:35.332569+00:00
[2023-05-02T20:08:35.344+0000] {processor.py:175} INFO - Processing /home/airflow/.local/lib/python3.7/site-packages/airflow/example_dags/tutorial.py took 0.061 seconds
[2023-05-02T20:09:06.176+0000] {processor.py:153} INFO - Started process (PID=3580) to work on /home/airflow/.local/lib/python3.7/site-packages/airflow/example_dags/tutorial.py
[2023-05-02T20:09:06.176+0000] {processor.py:743} INFO - Processing file /home/airflow/.local/lib/python3.7/site-packages/airflow/example_dags/tutorial.py for tasks to queue
[2023-05-02T20:09:06.176+0000] {logging_mixin.py:137} INFO - [2023-05-02T20:09:06.176+0000] {dagbag.py:532} INFO - Filling up the DagBag from /home/airflow/.local/lib/python3.7/site-packages/airflow/example_dags/tutorial.py
[2023-05-02T20:09:06.183+0000] {processor.py:753} INFO - DAG(s) dict_keys(['tutorial']) retrieved from /home/airflow/.local/lib/python3.7/site-packages/airflow/example_dags/tutorial.py
[2023-05-02T20:09:06.197+0000] {logging_mixin.py:137} INFO - [2023-05-02T20:09:06.197+0000] {dag.py:2705} INFO - Sync 1 DAGs
[2023-05-02T20:09:06.211+0000] {logging_mixin.py:137} INFO - [2023-05-02T20:09:06.211+0000] {dag.py:3456} INFO - Setting next_dagrun for tutorial to 2023-05-01T20:09:06.211705+00:00, run_after=2023-05-02T20:09:06.211705+00:00
[2023-05-02T20:09:06.224+0000] {processor.py:175} INFO - Processing /home/airflow/.local/lib/python3.7/site-packages/airflow/example_dags/tutorial.py took 0.051 seconds
[2023-05-02T20:09:37.086+0000] {processor.py:153} INFO - Started process (PID=3632) to work on /home/airflow/.local/lib/python3.7/site-packages/airflow/example_dags/tutorial.py
[2023-05-02T20:09:37.094+0000] {processor.py:743} INFO - Processing file /home/airflow/.local/lib/python3.7/site-packages/airflow/example_dags/tutorial.py for tasks to queue
[2023-05-02T20:09:37.095+0000] {logging_mixin.py:137} INFO - [2023-05-02T20:09:37.094+0000] {dagbag.py:532} INFO - Filling up the DagBag from /home/airflow/.local/lib/python3.7/site-packages/airflow/example_dags/tutorial.py
[2023-05-02T20:09:37.105+0000] {processor.py:753} INFO - DAG(s) dict_keys(['tutorial']) retrieved from /home/airflow/.local/lib/python3.7/site-packages/airflow/example_dags/tutorial.py
[2023-05-02T20:09:37.119+0000] {logging_mixin.py:137} INFO - [2023-05-02T20:09:37.119+0000] {dag.py:2705} INFO - Sync 1 DAGs
[2023-05-02T20:09:37.132+0000] {logging_mixin.py:137} INFO - [2023-05-02T20:09:37.132+0000] {dag.py:3456} INFO - Setting next_dagrun for tutorial to 2023-05-01T20:09:37.132529+00:00, run_after=2023-05-02T20:09:37.132529+00:00
[2023-05-02T20:09:37.144+0000] {processor.py:175} INFO - Processing /home/airflow/.local/lib/python3.7/site-packages/airflow/example_dags/tutorial.py took 0.060 seconds
