[2023-05-02T19:07:29.737+0000] {processor.py:153} INFO - Started process (PID=69) to work on /home/airflow/.local/lib/python3.7/site-packages/airflow/example_dags/tutorial_dag.py
[2023-05-02T19:07:29.738+0000] {processor.py:743} INFO - Processing file /home/airflow/.local/lib/python3.7/site-packages/airflow/example_dags/tutorial_dag.py for tasks to queue
[2023-05-02T19:07:29.738+0000] {logging_mixin.py:137} INFO - [2023-05-02T19:07:29.738+0000] {dagbag.py:532} INFO - Filling up the DagBag from /home/airflow/.local/lib/python3.7/site-packages/airflow/example_dags/tutorial_dag.py
[2023-05-02T19:07:29.752+0000] {processor.py:753} INFO - DAG(s) dict_keys(['tutorial_dag']) retrieved from /home/airflow/.local/lib/python3.7/site-packages/airflow/example_dags/tutorial_dag.py
[2023-05-02T19:07:29.772+0000] {logging_mixin.py:137} INFO - [2023-05-02T19:07:29.772+0000] {dag.py:2705} INFO - Sync 1 DAGs
[2023-05-02T19:07:29.793+0000] {logging_mixin.py:137} INFO - [2023-05-02T19:07:29.793+0000] {dag.py:3456} INFO - Setting next_dagrun for tutorial_dag to None, run_after=None
[2023-05-02T19:07:29.810+0000] {processor.py:175} INFO - Processing /home/airflow/.local/lib/python3.7/site-packages/airflow/example_dags/tutorial_dag.py took 0.074 seconds
[2023-05-02T19:34:20.359+0000] {processor.py:153} INFO - Started process (PID=69) to work on /home/airflow/.local/lib/python3.7/site-packages/airflow/example_dags/tutorial_dag.py
[2023-05-02T19:34:20.361+0000] {processor.py:743} INFO - Processing file /home/airflow/.local/lib/python3.7/site-packages/airflow/example_dags/tutorial_dag.py for tasks to queue
[2023-05-02T19:34:20.361+0000] {logging_mixin.py:137} INFO - [2023-05-02T19:34:20.361+0000] {dagbag.py:532} INFO - Filling up the DagBag from /home/airflow/.local/lib/python3.7/site-packages/airflow/example_dags/tutorial_dag.py
[2023-05-02T19:34:20.373+0000] {processor.py:753} INFO - DAG(s) dict_keys(['tutorial_dag']) retrieved from /home/airflow/.local/lib/python3.7/site-packages/airflow/example_dags/tutorial_dag.py
[2023-05-02T19:34:20.381+0000] {logging_mixin.py:137} INFO - [2023-05-02T19:34:20.381+0000] {dag.py:2705} INFO - Sync 1 DAGs
[2023-05-02T19:34:20.400+0000] {logging_mixin.py:137} INFO - [2023-05-02T19:34:20.400+0000] {dag.py:3456} INFO - Setting next_dagrun for tutorial_dag to None, run_after=None
[2023-05-02T19:34:20.414+0000] {processor.py:175} INFO - Processing /home/airflow/.local/lib/python3.7/site-packages/airflow/example_dags/tutorial_dag.py took 0.057 seconds
[2023-05-02T19:34:51.258+0000] {processor.py:153} INFO - Started process (PID=121) to work on /home/airflow/.local/lib/python3.7/site-packages/airflow/example_dags/tutorial_dag.py
[2023-05-02T19:34:51.259+0000] {processor.py:743} INFO - Processing file /home/airflow/.local/lib/python3.7/site-packages/airflow/example_dags/tutorial_dag.py for tasks to queue
[2023-05-02T19:34:51.259+0000] {logging_mixin.py:137} INFO - [2023-05-02T19:34:51.259+0000] {dagbag.py:532} INFO - Filling up the DagBag from /home/airflow/.local/lib/python3.7/site-packages/airflow/example_dags/tutorial_dag.py
[2023-05-02T19:34:51.266+0000] {processor.py:753} INFO - DAG(s) dict_keys(['tutorial_dag']) retrieved from /home/airflow/.local/lib/python3.7/site-packages/airflow/example_dags/tutorial_dag.py
[2023-05-02T19:34:51.280+0000] {logging_mixin.py:137} INFO - [2023-05-02T19:34:51.280+0000] {dag.py:2705} INFO - Sync 1 DAGs
[2023-05-02T19:34:51.294+0000] {logging_mixin.py:137} INFO - [2023-05-02T19:34:51.294+0000] {dag.py:3456} INFO - Setting next_dagrun for tutorial_dag to None, run_after=None
[2023-05-02T19:34:51.305+0000] {processor.py:175} INFO - Processing /home/airflow/.local/lib/python3.7/site-packages/airflow/example_dags/tutorial_dag.py took 0.049 seconds
[2023-05-02T19:35:22.003+0000] {processor.py:153} INFO - Started process (PID=173) to work on /home/airflow/.local/lib/python3.7/site-packages/airflow/example_dags/tutorial_dag.py
[2023-05-02T19:35:22.004+0000] {processor.py:743} INFO - Processing file /home/airflow/.local/lib/python3.7/site-packages/airflow/example_dags/tutorial_dag.py for tasks to queue
[2023-05-02T19:35:22.004+0000] {logging_mixin.py:137} INFO - [2023-05-02T19:35:22.004+0000] {dagbag.py:532} INFO - Filling up the DagBag from /home/airflow/.local/lib/python3.7/site-packages/airflow/example_dags/tutorial_dag.py
[2023-05-02T19:35:22.011+0000] {processor.py:753} INFO - DAG(s) dict_keys(['tutorial_dag']) retrieved from /home/airflow/.local/lib/python3.7/site-packages/airflow/example_dags/tutorial_dag.py
[2023-05-02T19:35:22.026+0000] {logging_mixin.py:137} INFO - [2023-05-02T19:35:22.026+0000] {dag.py:2705} INFO - Sync 1 DAGs
[2023-05-02T19:35:22.040+0000] {logging_mixin.py:137} INFO - [2023-05-02T19:35:22.040+0000] {dag.py:3456} INFO - Setting next_dagrun for tutorial_dag to None, run_after=None
[2023-05-02T19:35:22.051+0000] {processor.py:175} INFO - Processing /home/airflow/.local/lib/python3.7/site-packages/airflow/example_dags/tutorial_dag.py took 0.049 seconds
[2023-05-02T19:35:53.090+0000] {processor.py:153} INFO - Started process (PID=225) to work on /home/airflow/.local/lib/python3.7/site-packages/airflow/example_dags/tutorial_dag.py
[2023-05-02T19:35:53.090+0000] {processor.py:743} INFO - Processing file /home/airflow/.local/lib/python3.7/site-packages/airflow/example_dags/tutorial_dag.py for tasks to queue
[2023-05-02T19:35:53.091+0000] {logging_mixin.py:137} INFO - [2023-05-02T19:35:53.091+0000] {dagbag.py:532} INFO - Filling up the DagBag from /home/airflow/.local/lib/python3.7/site-packages/airflow/example_dags/tutorial_dag.py
[2023-05-02T19:35:53.098+0000] {processor.py:753} INFO - DAG(s) dict_keys(['tutorial_dag']) retrieved from /home/airflow/.local/lib/python3.7/site-packages/airflow/example_dags/tutorial_dag.py
[2023-05-02T19:35:53.112+0000] {logging_mixin.py:137} INFO - [2023-05-02T19:35:53.112+0000] {dag.py:2705} INFO - Sync 1 DAGs
[2023-05-02T19:35:53.126+0000] {logging_mixin.py:137} INFO - [2023-05-02T19:35:53.126+0000] {dag.py:3456} INFO - Setting next_dagrun for tutorial_dag to None, run_after=None
[2023-05-02T19:35:53.138+0000] {processor.py:175} INFO - Processing /home/airflow/.local/lib/python3.7/site-packages/airflow/example_dags/tutorial_dag.py took 0.050 seconds
[2023-05-02T19:36:23.900+0000] {processor.py:153} INFO - Started process (PID=277) to work on /home/airflow/.local/lib/python3.7/site-packages/airflow/example_dags/tutorial_dag.py
[2023-05-02T19:36:23.900+0000] {processor.py:743} INFO - Processing file /home/airflow/.local/lib/python3.7/site-packages/airflow/example_dags/tutorial_dag.py for tasks to queue
[2023-05-02T19:36:23.901+0000] {logging_mixin.py:137} INFO - [2023-05-02T19:36:23.901+0000] {dagbag.py:532} INFO - Filling up the DagBag from /home/airflow/.local/lib/python3.7/site-packages/airflow/example_dags/tutorial_dag.py
[2023-05-02T19:36:23.908+0000] {processor.py:753} INFO - DAG(s) dict_keys(['tutorial_dag']) retrieved from /home/airflow/.local/lib/python3.7/site-packages/airflow/example_dags/tutorial_dag.py
[2023-05-02T19:36:23.923+0000] {logging_mixin.py:137} INFO - [2023-05-02T19:36:23.922+0000] {dag.py:2705} INFO - Sync 1 DAGs
[2023-05-02T19:36:23.937+0000] {logging_mixin.py:137} INFO - [2023-05-02T19:36:23.937+0000] {dag.py:3456} INFO - Setting next_dagrun for tutorial_dag to None, run_after=None
[2023-05-02T19:36:23.949+0000] {processor.py:175} INFO - Processing /home/airflow/.local/lib/python3.7/site-packages/airflow/example_dags/tutorial_dag.py took 0.051 seconds
[2023-05-02T19:36:54.725+0000] {processor.py:153} INFO - Started process (PID=329) to work on /home/airflow/.local/lib/python3.7/site-packages/airflow/example_dags/tutorial_dag.py
[2023-05-02T19:36:54.725+0000] {processor.py:743} INFO - Processing file /home/airflow/.local/lib/python3.7/site-packages/airflow/example_dags/tutorial_dag.py for tasks to queue
[2023-05-02T19:36:54.726+0000] {logging_mixin.py:137} INFO - [2023-05-02T19:36:54.726+0000] {dagbag.py:532} INFO - Filling up the DagBag from /home/airflow/.local/lib/python3.7/site-packages/airflow/example_dags/tutorial_dag.py
[2023-05-02T19:36:54.733+0000] {processor.py:753} INFO - DAG(s) dict_keys(['tutorial_dag']) retrieved from /home/airflow/.local/lib/python3.7/site-packages/airflow/example_dags/tutorial_dag.py
[2023-05-02T19:36:54.747+0000] {logging_mixin.py:137} INFO - [2023-05-02T19:36:54.747+0000] {dag.py:2705} INFO - Sync 1 DAGs
[2023-05-02T19:36:54.761+0000] {logging_mixin.py:137} INFO - [2023-05-02T19:36:54.761+0000] {dag.py:3456} INFO - Setting next_dagrun for tutorial_dag to None, run_after=None
[2023-05-02T19:36:54.773+0000] {processor.py:175} INFO - Processing /home/airflow/.local/lib/python3.7/site-packages/airflow/example_dags/tutorial_dag.py took 0.050 seconds
[2023-05-02T19:37:25.594+0000] {processor.py:153} INFO - Started process (PID=381) to work on /home/airflow/.local/lib/python3.7/site-packages/airflow/example_dags/tutorial_dag.py
[2023-05-02T19:37:25.595+0000] {processor.py:743} INFO - Processing file /home/airflow/.local/lib/python3.7/site-packages/airflow/example_dags/tutorial_dag.py for tasks to queue
[2023-05-02T19:37:25.595+0000] {logging_mixin.py:137} INFO - [2023-05-02T19:37:25.595+0000] {dagbag.py:532} INFO - Filling up the DagBag from /home/airflow/.local/lib/python3.7/site-packages/airflow/example_dags/tutorial_dag.py
[2023-05-02T19:37:25.603+0000] {processor.py:753} INFO - DAG(s) dict_keys(['tutorial_dag']) retrieved from /home/airflow/.local/lib/python3.7/site-packages/airflow/example_dags/tutorial_dag.py
[2023-05-02T19:37:25.619+0000] {logging_mixin.py:137} INFO - [2023-05-02T19:37:25.619+0000] {dag.py:2705} INFO - Sync 1 DAGs
[2023-05-02T19:37:25.635+0000] {logging_mixin.py:137} INFO - [2023-05-02T19:37:25.635+0000] {dag.py:3456} INFO - Setting next_dagrun for tutorial_dag to None, run_after=None
[2023-05-02T19:37:25.647+0000] {processor.py:175} INFO - Processing /home/airflow/.local/lib/python3.7/site-packages/airflow/example_dags/tutorial_dag.py took 0.055 seconds
[2023-05-02T19:37:56.658+0000] {processor.py:153} INFO - Started process (PID=433) to work on /home/airflow/.local/lib/python3.7/site-packages/airflow/example_dags/tutorial_dag.py
[2023-05-02T19:37:56.658+0000] {processor.py:743} INFO - Processing file /home/airflow/.local/lib/python3.7/site-packages/airflow/example_dags/tutorial_dag.py for tasks to queue
[2023-05-02T19:37:56.658+0000] {logging_mixin.py:137} INFO - [2023-05-02T19:37:56.658+0000] {dagbag.py:532} INFO - Filling up the DagBag from /home/airflow/.local/lib/python3.7/site-packages/airflow/example_dags/tutorial_dag.py
[2023-05-02T19:37:56.665+0000] {processor.py:753} INFO - DAG(s) dict_keys(['tutorial_dag']) retrieved from /home/airflow/.local/lib/python3.7/site-packages/airflow/example_dags/tutorial_dag.py
[2023-05-02T19:37:56.680+0000] {logging_mixin.py:137} INFO - [2023-05-02T19:37:56.680+0000] {dag.py:2705} INFO - Sync 1 DAGs
[2023-05-02T19:37:56.695+0000] {logging_mixin.py:137} INFO - [2023-05-02T19:37:56.695+0000] {dag.py:3456} INFO - Setting next_dagrun for tutorial_dag to None, run_after=None
[2023-05-02T19:37:56.708+0000] {processor.py:175} INFO - Processing /home/airflow/.local/lib/python3.7/site-packages/airflow/example_dags/tutorial_dag.py took 0.052 seconds
[2023-05-02T19:38:27.699+0000] {processor.py:153} INFO - Started process (PID=485) to work on /home/airflow/.local/lib/python3.7/site-packages/airflow/example_dags/tutorial_dag.py
[2023-05-02T19:38:27.700+0000] {processor.py:743} INFO - Processing file /home/airflow/.local/lib/python3.7/site-packages/airflow/example_dags/tutorial_dag.py for tasks to queue
[2023-05-02T19:38:27.700+0000] {logging_mixin.py:137} INFO - [2023-05-02T19:38:27.700+0000] {dagbag.py:532} INFO - Filling up the DagBag from /home/airflow/.local/lib/python3.7/site-packages/airflow/example_dags/tutorial_dag.py
[2023-05-02T19:38:27.707+0000] {processor.py:753} INFO - DAG(s) dict_keys(['tutorial_dag']) retrieved from /home/airflow/.local/lib/python3.7/site-packages/airflow/example_dags/tutorial_dag.py
[2023-05-02T19:38:27.723+0000] {logging_mixin.py:137} INFO - [2023-05-02T19:38:27.723+0000] {dag.py:2705} INFO - Sync 1 DAGs
[2023-05-02T19:38:27.738+0000] {logging_mixin.py:137} INFO - [2023-05-02T19:38:27.738+0000] {dag.py:3456} INFO - Setting next_dagrun for tutorial_dag to None, run_after=None
[2023-05-02T19:38:27.752+0000] {processor.py:175} INFO - Processing /home/airflow/.local/lib/python3.7/site-packages/airflow/example_dags/tutorial_dag.py took 0.055 seconds
[2023-05-02T19:38:57.928+0000] {processor.py:153} INFO - Started process (PID=537) to work on /home/airflow/.local/lib/python3.7/site-packages/airflow/example_dags/tutorial_dag.py
[2023-05-02T19:38:57.929+0000] {processor.py:743} INFO - Processing file /home/airflow/.local/lib/python3.7/site-packages/airflow/example_dags/tutorial_dag.py for tasks to queue
[2023-05-02T19:38:57.929+0000] {logging_mixin.py:137} INFO - [2023-05-02T19:38:57.929+0000] {dagbag.py:532} INFO - Filling up the DagBag from /home/airflow/.local/lib/python3.7/site-packages/airflow/example_dags/tutorial_dag.py
[2023-05-02T19:38:57.937+0000] {processor.py:753} INFO - DAG(s) dict_keys(['tutorial_dag']) retrieved from /home/airflow/.local/lib/python3.7/site-packages/airflow/example_dags/tutorial_dag.py
[2023-05-02T19:38:57.954+0000] {logging_mixin.py:137} INFO - [2023-05-02T19:38:57.954+0000] {dag.py:2705} INFO - Sync 1 DAGs
[2023-05-02T19:38:57.969+0000] {logging_mixin.py:137} INFO - [2023-05-02T19:38:57.969+0000] {dag.py:3456} INFO - Setting next_dagrun for tutorial_dag to None, run_after=None
[2023-05-02T19:38:57.981+0000] {processor.py:175} INFO - Processing /home/airflow/.local/lib/python3.7/site-packages/airflow/example_dags/tutorial_dag.py took 0.055 seconds
[2023-05-02T19:39:29.093+0000] {processor.py:153} INFO - Started process (PID=588) to work on /home/airflow/.local/lib/python3.7/site-packages/airflow/example_dags/tutorial_dag.py
[2023-05-02T19:39:29.094+0000] {processor.py:743} INFO - Processing file /home/airflow/.local/lib/python3.7/site-packages/airflow/example_dags/tutorial_dag.py for tasks to queue
[2023-05-02T19:39:29.094+0000] {logging_mixin.py:137} INFO - [2023-05-02T19:39:29.094+0000] {dagbag.py:532} INFO - Filling up the DagBag from /home/airflow/.local/lib/python3.7/site-packages/airflow/example_dags/tutorial_dag.py
[2023-05-02T19:39:29.101+0000] {processor.py:753} INFO - DAG(s) dict_keys(['tutorial_dag']) retrieved from /home/airflow/.local/lib/python3.7/site-packages/airflow/example_dags/tutorial_dag.py
[2023-05-02T19:39:29.115+0000] {logging_mixin.py:137} INFO - [2023-05-02T19:39:29.115+0000] {dag.py:2705} INFO - Sync 1 DAGs
[2023-05-02T19:39:29.129+0000] {logging_mixin.py:137} INFO - [2023-05-02T19:39:29.129+0000] {dag.py:3456} INFO - Setting next_dagrun for tutorial_dag to None, run_after=None
[2023-05-02T19:39:29.140+0000] {processor.py:175} INFO - Processing /home/airflow/.local/lib/python3.7/site-packages/airflow/example_dags/tutorial_dag.py took 0.049 seconds
[2023-05-02T19:40:00.052+0000] {processor.py:153} INFO - Started process (PID=639) to work on /home/airflow/.local/lib/python3.7/site-packages/airflow/example_dags/tutorial_dag.py
[2023-05-02T19:40:00.052+0000] {processor.py:743} INFO - Processing file /home/airflow/.local/lib/python3.7/site-packages/airflow/example_dags/tutorial_dag.py for tasks to queue
[2023-05-02T19:40:00.052+0000] {logging_mixin.py:137} INFO - [2023-05-02T19:40:00.052+0000] {dagbag.py:532} INFO - Filling up the DagBag from /home/airflow/.local/lib/python3.7/site-packages/airflow/example_dags/tutorial_dag.py
[2023-05-02T19:40:00.059+0000] {processor.py:753} INFO - DAG(s) dict_keys(['tutorial_dag']) retrieved from /home/airflow/.local/lib/python3.7/site-packages/airflow/example_dags/tutorial_dag.py
[2023-05-02T19:40:00.073+0000] {logging_mixin.py:137} INFO - [2023-05-02T19:40:00.073+0000] {dag.py:2705} INFO - Sync 1 DAGs
[2023-05-02T19:40:00.088+0000] {logging_mixin.py:137} INFO - [2023-05-02T19:40:00.087+0000] {dag.py:3456} INFO - Setting next_dagrun for tutorial_dag to None, run_after=None
[2023-05-02T19:40:00.099+0000] {processor.py:175} INFO - Processing /home/airflow/.local/lib/python3.7/site-packages/airflow/example_dags/tutorial_dag.py took 0.049 seconds
[2023-05-02T19:40:30.802+0000] {processor.py:153} INFO - Started process (PID=691) to work on /home/airflow/.local/lib/python3.7/site-packages/airflow/example_dags/tutorial_dag.py
[2023-05-02T19:40:30.802+0000] {processor.py:743} INFO - Processing file /home/airflow/.local/lib/python3.7/site-packages/airflow/example_dags/tutorial_dag.py for tasks to queue
[2023-05-02T19:40:30.803+0000] {logging_mixin.py:137} INFO - [2023-05-02T19:40:30.803+0000] {dagbag.py:532} INFO - Filling up the DagBag from /home/airflow/.local/lib/python3.7/site-packages/airflow/example_dags/tutorial_dag.py
[2023-05-02T19:40:30.810+0000] {processor.py:753} INFO - DAG(s) dict_keys(['tutorial_dag']) retrieved from /home/airflow/.local/lib/python3.7/site-packages/airflow/example_dags/tutorial_dag.py
[2023-05-02T19:40:30.825+0000] {logging_mixin.py:137} INFO - [2023-05-02T19:40:30.825+0000] {dag.py:2705} INFO - Sync 1 DAGs
[2023-05-02T19:40:30.840+0000] {logging_mixin.py:137} INFO - [2023-05-02T19:40:30.840+0000] {dag.py:3456} INFO - Setting next_dagrun for tutorial_dag to None, run_after=None
[2023-05-02T19:40:30.852+0000] {processor.py:175} INFO - Processing /home/airflow/.local/lib/python3.7/site-packages/airflow/example_dags/tutorial_dag.py took 0.052 seconds
[2023-05-02T19:41:01.495+0000] {processor.py:153} INFO - Started process (PID=743) to work on /home/airflow/.local/lib/python3.7/site-packages/airflow/example_dags/tutorial_dag.py
[2023-05-02T19:41:01.495+0000] {processor.py:743} INFO - Processing file /home/airflow/.local/lib/python3.7/site-packages/airflow/example_dags/tutorial_dag.py for tasks to queue
[2023-05-02T19:41:01.495+0000] {logging_mixin.py:137} INFO - [2023-05-02T19:41:01.495+0000] {dagbag.py:532} INFO - Filling up the DagBag from /home/airflow/.local/lib/python3.7/site-packages/airflow/example_dags/tutorial_dag.py
[2023-05-02T19:41:01.502+0000] {processor.py:753} INFO - DAG(s) dict_keys(['tutorial_dag']) retrieved from /home/airflow/.local/lib/python3.7/site-packages/airflow/example_dags/tutorial_dag.py
[2023-05-02T19:41:01.515+0000] {logging_mixin.py:137} INFO - [2023-05-02T19:41:01.515+0000] {dag.py:2705} INFO - Sync 1 DAGs
[2023-05-02T19:41:01.529+0000] {logging_mixin.py:137} INFO - [2023-05-02T19:41:01.529+0000] {dag.py:3456} INFO - Setting next_dagrun for tutorial_dag to None, run_after=None
[2023-05-02T19:41:01.541+0000] {processor.py:175} INFO - Processing /home/airflow/.local/lib/python3.7/site-packages/airflow/example_dags/tutorial_dag.py took 0.048 seconds
[2023-05-02T19:41:32.504+0000] {processor.py:153} INFO - Started process (PID=795) to work on /home/airflow/.local/lib/python3.7/site-packages/airflow/example_dags/tutorial_dag.py
[2023-05-02T19:41:32.504+0000] {processor.py:743} INFO - Processing file /home/airflow/.local/lib/python3.7/site-packages/airflow/example_dags/tutorial_dag.py for tasks to queue
[2023-05-02T19:41:32.505+0000] {logging_mixin.py:137} INFO - [2023-05-02T19:41:32.505+0000] {dagbag.py:532} INFO - Filling up the DagBag from /home/airflow/.local/lib/python3.7/site-packages/airflow/example_dags/tutorial_dag.py
[2023-05-02T19:41:32.511+0000] {processor.py:753} INFO - DAG(s) dict_keys(['tutorial_dag']) retrieved from /home/airflow/.local/lib/python3.7/site-packages/airflow/example_dags/tutorial_dag.py
[2023-05-02T19:41:32.525+0000] {logging_mixin.py:137} INFO - [2023-05-02T19:41:32.525+0000] {dag.py:2705} INFO - Sync 1 DAGs
[2023-05-02T19:41:32.538+0000] {logging_mixin.py:137} INFO - [2023-05-02T19:41:32.538+0000] {dag.py:3456} INFO - Setting next_dagrun for tutorial_dag to None, run_after=None
[2023-05-02T19:41:32.550+0000] {processor.py:175} INFO - Processing /home/airflow/.local/lib/python3.7/site-packages/airflow/example_dags/tutorial_dag.py took 0.048 seconds
[2023-05-02T19:42:03.281+0000] {processor.py:153} INFO - Started process (PID=847) to work on /home/airflow/.local/lib/python3.7/site-packages/airflow/example_dags/tutorial_dag.py
[2023-05-02T19:42:03.281+0000] {processor.py:743} INFO - Processing file /home/airflow/.local/lib/python3.7/site-packages/airflow/example_dags/tutorial_dag.py for tasks to queue
[2023-05-02T19:42:03.282+0000] {logging_mixin.py:137} INFO - [2023-05-02T19:42:03.282+0000] {dagbag.py:532} INFO - Filling up the DagBag from /home/airflow/.local/lib/python3.7/site-packages/airflow/example_dags/tutorial_dag.py
[2023-05-02T19:42:03.288+0000] {processor.py:753} INFO - DAG(s) dict_keys(['tutorial_dag']) retrieved from /home/airflow/.local/lib/python3.7/site-packages/airflow/example_dags/tutorial_dag.py
[2023-05-02T19:42:03.303+0000] {logging_mixin.py:137} INFO - [2023-05-02T19:42:03.303+0000] {dag.py:2705} INFO - Sync 1 DAGs
[2023-05-02T19:42:03.318+0000] {logging_mixin.py:137} INFO - [2023-05-02T19:42:03.318+0000] {dag.py:3456} INFO - Setting next_dagrun for tutorial_dag to None, run_after=None
[2023-05-02T19:42:03.330+0000] {processor.py:175} INFO - Processing /home/airflow/.local/lib/python3.7/site-packages/airflow/example_dags/tutorial_dag.py took 0.051 seconds
[2023-05-02T19:42:34.212+0000] {processor.py:153} INFO - Started process (PID=899) to work on /home/airflow/.local/lib/python3.7/site-packages/airflow/example_dags/tutorial_dag.py
[2023-05-02T19:42:34.213+0000] {processor.py:743} INFO - Processing file /home/airflow/.local/lib/python3.7/site-packages/airflow/example_dags/tutorial_dag.py for tasks to queue
[2023-05-02T19:42:34.213+0000] {logging_mixin.py:137} INFO - [2023-05-02T19:42:34.213+0000] {dagbag.py:532} INFO - Filling up the DagBag from /home/airflow/.local/lib/python3.7/site-packages/airflow/example_dags/tutorial_dag.py
[2023-05-02T19:42:34.220+0000] {processor.py:753} INFO - DAG(s) dict_keys(['tutorial_dag']) retrieved from /home/airflow/.local/lib/python3.7/site-packages/airflow/example_dags/tutorial_dag.py
[2023-05-02T19:42:34.234+0000] {logging_mixin.py:137} INFO - [2023-05-02T19:42:34.234+0000] {dag.py:2705} INFO - Sync 1 DAGs
[2023-05-02T19:42:34.247+0000] {logging_mixin.py:137} INFO - [2023-05-02T19:42:34.247+0000] {dag.py:3456} INFO - Setting next_dagrun for tutorial_dag to None, run_after=None
[2023-05-02T19:42:34.263+0000] {processor.py:175} INFO - Processing /home/airflow/.local/lib/python3.7/site-packages/airflow/example_dags/tutorial_dag.py took 0.052 seconds
[2023-05-02T19:43:05.138+0000] {processor.py:153} INFO - Started process (PID=951) to work on /home/airflow/.local/lib/python3.7/site-packages/airflow/example_dags/tutorial_dag.py
[2023-05-02T19:43:05.138+0000] {processor.py:743} INFO - Processing file /home/airflow/.local/lib/python3.7/site-packages/airflow/example_dags/tutorial_dag.py for tasks to queue
[2023-05-02T19:43:05.139+0000] {logging_mixin.py:137} INFO - [2023-05-02T19:43:05.139+0000] {dagbag.py:532} INFO - Filling up the DagBag from /home/airflow/.local/lib/python3.7/site-packages/airflow/example_dags/tutorial_dag.py
[2023-05-02T19:43:05.146+0000] {processor.py:753} INFO - DAG(s) dict_keys(['tutorial_dag']) retrieved from /home/airflow/.local/lib/python3.7/site-packages/airflow/example_dags/tutorial_dag.py
[2023-05-02T19:43:05.160+0000] {logging_mixin.py:137} INFO - [2023-05-02T19:43:05.159+0000] {dag.py:2705} INFO - Sync 1 DAGs
[2023-05-02T19:43:05.173+0000] {logging_mixin.py:137} INFO - [2023-05-02T19:43:05.173+0000] {dag.py:3456} INFO - Setting next_dagrun for tutorial_dag to None, run_after=None
[2023-05-02T19:43:05.185+0000] {processor.py:175} INFO - Processing /home/airflow/.local/lib/python3.7/site-packages/airflow/example_dags/tutorial_dag.py took 0.048 seconds
[2023-05-02T19:43:36.193+0000] {processor.py:153} INFO - Started process (PID=1003) to work on /home/airflow/.local/lib/python3.7/site-packages/airflow/example_dags/tutorial_dag.py
[2023-05-02T19:43:36.193+0000] {processor.py:743} INFO - Processing file /home/airflow/.local/lib/python3.7/site-packages/airflow/example_dags/tutorial_dag.py for tasks to queue
[2023-05-02T19:43:36.193+0000] {logging_mixin.py:137} INFO - [2023-05-02T19:43:36.193+0000] {dagbag.py:532} INFO - Filling up the DagBag from /home/airflow/.local/lib/python3.7/site-packages/airflow/example_dags/tutorial_dag.py
[2023-05-02T19:43:36.200+0000] {processor.py:753} INFO - DAG(s) dict_keys(['tutorial_dag']) retrieved from /home/airflow/.local/lib/python3.7/site-packages/airflow/example_dags/tutorial_dag.py
[2023-05-02T19:43:36.214+0000] {logging_mixin.py:137} INFO - [2023-05-02T19:43:36.214+0000] {dag.py:2705} INFO - Sync 1 DAGs
[2023-05-02T19:43:36.227+0000] {logging_mixin.py:137} INFO - [2023-05-02T19:43:36.227+0000] {dag.py:3456} INFO - Setting next_dagrun for tutorial_dag to None, run_after=None
[2023-05-02T19:43:36.239+0000] {processor.py:175} INFO - Processing /home/airflow/.local/lib/python3.7/site-packages/airflow/example_dags/tutorial_dag.py took 0.048 seconds
[2023-05-02T19:44:07.092+0000] {processor.py:153} INFO - Started process (PID=1054) to work on /home/airflow/.local/lib/python3.7/site-packages/airflow/example_dags/tutorial_dag.py
[2023-05-02T19:44:07.092+0000] {processor.py:743} INFO - Processing file /home/airflow/.local/lib/python3.7/site-packages/airflow/example_dags/tutorial_dag.py for tasks to queue
[2023-05-02T19:44:07.093+0000] {logging_mixin.py:137} INFO - [2023-05-02T19:44:07.093+0000] {dagbag.py:532} INFO - Filling up the DagBag from /home/airflow/.local/lib/python3.7/site-packages/airflow/example_dags/tutorial_dag.py
[2023-05-02T19:44:07.101+0000] {processor.py:753} INFO - DAG(s) dict_keys(['tutorial_dag']) retrieved from /home/airflow/.local/lib/python3.7/site-packages/airflow/example_dags/tutorial_dag.py
[2023-05-02T19:44:07.116+0000] {logging_mixin.py:137} INFO - [2023-05-02T19:44:07.115+0000] {dag.py:2705} INFO - Sync 1 DAGs
[2023-05-02T19:44:07.130+0000] {logging_mixin.py:137} INFO - [2023-05-02T19:44:07.129+0000] {dag.py:3456} INFO - Setting next_dagrun for tutorial_dag to None, run_after=None
[2023-05-02T19:44:07.141+0000] {processor.py:175} INFO - Processing /home/airflow/.local/lib/python3.7/site-packages/airflow/example_dags/tutorial_dag.py took 0.051 seconds
[2023-05-02T19:44:37.228+0000] {processor.py:153} INFO - Started process (PID=1106) to work on /home/airflow/.local/lib/python3.7/site-packages/airflow/example_dags/tutorial_dag.py
[2023-05-02T19:44:37.229+0000] {processor.py:743} INFO - Processing file /home/airflow/.local/lib/python3.7/site-packages/airflow/example_dags/tutorial_dag.py for tasks to queue
[2023-05-02T19:44:37.229+0000] {logging_mixin.py:137} INFO - [2023-05-02T19:44:37.229+0000] {dagbag.py:532} INFO - Filling up the DagBag from /home/airflow/.local/lib/python3.7/site-packages/airflow/example_dags/tutorial_dag.py
[2023-05-02T19:44:37.236+0000] {processor.py:753} INFO - DAG(s) dict_keys(['tutorial_dag']) retrieved from /home/airflow/.local/lib/python3.7/site-packages/airflow/example_dags/tutorial_dag.py
[2023-05-02T19:44:37.251+0000] {logging_mixin.py:137} INFO - [2023-05-02T19:44:37.251+0000] {dag.py:2705} INFO - Sync 1 DAGs
[2023-05-02T19:44:37.265+0000] {logging_mixin.py:137} INFO - [2023-05-02T19:44:37.265+0000] {dag.py:3456} INFO - Setting next_dagrun for tutorial_dag to None, run_after=None
[2023-05-02T19:44:37.281+0000] {processor.py:175} INFO - Processing /home/airflow/.local/lib/python3.7/site-packages/airflow/example_dags/tutorial_dag.py took 0.055 seconds
[2023-05-02T19:45:08.249+0000] {processor.py:153} INFO - Started process (PID=1158) to work on /home/airflow/.local/lib/python3.7/site-packages/airflow/example_dags/tutorial_dag.py
[2023-05-02T19:45:08.249+0000] {processor.py:743} INFO - Processing file /home/airflow/.local/lib/python3.7/site-packages/airflow/example_dags/tutorial_dag.py for tasks to queue
[2023-05-02T19:45:08.250+0000] {logging_mixin.py:137} INFO - [2023-05-02T19:45:08.249+0000] {dagbag.py:532} INFO - Filling up the DagBag from /home/airflow/.local/lib/python3.7/site-packages/airflow/example_dags/tutorial_dag.py
[2023-05-02T19:45:08.257+0000] {processor.py:753} INFO - DAG(s) dict_keys(['tutorial_dag']) retrieved from /home/airflow/.local/lib/python3.7/site-packages/airflow/example_dags/tutorial_dag.py
[2023-05-02T19:45:08.271+0000] {logging_mixin.py:137} INFO - [2023-05-02T19:45:08.271+0000] {dag.py:2705} INFO - Sync 1 DAGs
[2023-05-02T19:45:08.286+0000] {logging_mixin.py:137} INFO - [2023-05-02T19:45:08.285+0000] {dag.py:3456} INFO - Setting next_dagrun for tutorial_dag to None, run_after=None
[2023-05-02T19:45:08.298+0000] {processor.py:175} INFO - Processing /home/airflow/.local/lib/python3.7/site-packages/airflow/example_dags/tutorial_dag.py took 0.051 seconds
[2023-05-02T19:45:39.261+0000] {processor.py:153} INFO - Started process (PID=1210) to work on /home/airflow/.local/lib/python3.7/site-packages/airflow/example_dags/tutorial_dag.py
[2023-05-02T19:45:39.261+0000] {processor.py:743} INFO - Processing file /home/airflow/.local/lib/python3.7/site-packages/airflow/example_dags/tutorial_dag.py for tasks to queue
[2023-05-02T19:45:39.262+0000] {logging_mixin.py:137} INFO - [2023-05-02T19:45:39.261+0000] {dagbag.py:532} INFO - Filling up the DagBag from /home/airflow/.local/lib/python3.7/site-packages/airflow/example_dags/tutorial_dag.py
[2023-05-02T19:45:39.268+0000] {processor.py:753} INFO - DAG(s) dict_keys(['tutorial_dag']) retrieved from /home/airflow/.local/lib/python3.7/site-packages/airflow/example_dags/tutorial_dag.py
[2023-05-02T19:45:39.283+0000] {logging_mixin.py:137} INFO - [2023-05-02T19:45:39.283+0000] {dag.py:2705} INFO - Sync 1 DAGs
[2023-05-02T19:45:39.298+0000] {logging_mixin.py:137} INFO - [2023-05-02T19:45:39.298+0000] {dag.py:3456} INFO - Setting next_dagrun for tutorial_dag to None, run_after=None
[2023-05-02T19:45:39.317+0000] {processor.py:175} INFO - Processing /home/airflow/.local/lib/python3.7/site-packages/airflow/example_dags/tutorial_dag.py took 0.058 seconds
[2023-05-02T19:46:10.313+0000] {processor.py:153} INFO - Started process (PID=1262) to work on /home/airflow/.local/lib/python3.7/site-packages/airflow/example_dags/tutorial_dag.py
[2023-05-02T19:46:10.313+0000] {processor.py:743} INFO - Processing file /home/airflow/.local/lib/python3.7/site-packages/airflow/example_dags/tutorial_dag.py for tasks to queue
[2023-05-02T19:46:10.313+0000] {logging_mixin.py:137} INFO - [2023-05-02T19:46:10.313+0000] {dagbag.py:532} INFO - Filling up the DagBag from /home/airflow/.local/lib/python3.7/site-packages/airflow/example_dags/tutorial_dag.py
[2023-05-02T19:46:10.320+0000] {processor.py:753} INFO - DAG(s) dict_keys(['tutorial_dag']) retrieved from /home/airflow/.local/lib/python3.7/site-packages/airflow/example_dags/tutorial_dag.py
[2023-05-02T19:46:10.335+0000] {logging_mixin.py:137} INFO - [2023-05-02T19:46:10.335+0000] {dag.py:2705} INFO - Sync 1 DAGs
[2023-05-02T19:46:10.349+0000] {logging_mixin.py:137} INFO - [2023-05-02T19:46:10.348+0000] {dag.py:3456} INFO - Setting next_dagrun for tutorial_dag to None, run_after=None
[2023-05-02T19:46:10.362+0000] {processor.py:175} INFO - Processing /home/airflow/.local/lib/python3.7/site-packages/airflow/example_dags/tutorial_dag.py took 0.051 seconds
[2023-05-02T19:46:41.244+0000] {processor.py:153} INFO - Started process (PID=1314) to work on /home/airflow/.local/lib/python3.7/site-packages/airflow/example_dags/tutorial_dag.py
[2023-05-02T19:46:41.245+0000] {processor.py:743} INFO - Processing file /home/airflow/.local/lib/python3.7/site-packages/airflow/example_dags/tutorial_dag.py for tasks to queue
[2023-05-02T19:46:41.245+0000] {logging_mixin.py:137} INFO - [2023-05-02T19:46:41.245+0000] {dagbag.py:532} INFO - Filling up the DagBag from /home/airflow/.local/lib/python3.7/site-packages/airflow/example_dags/tutorial_dag.py
[2023-05-02T19:46:41.252+0000] {processor.py:753} INFO - DAG(s) dict_keys(['tutorial_dag']) retrieved from /home/airflow/.local/lib/python3.7/site-packages/airflow/example_dags/tutorial_dag.py
[2023-05-02T19:46:41.267+0000] {logging_mixin.py:137} INFO - [2023-05-02T19:46:41.267+0000] {dag.py:2705} INFO - Sync 1 DAGs
[2023-05-02T19:46:41.281+0000] {logging_mixin.py:137} INFO - [2023-05-02T19:46:41.281+0000] {dag.py:3456} INFO - Setting next_dagrun for tutorial_dag to None, run_after=None
[2023-05-02T19:46:41.294+0000] {processor.py:175} INFO - Processing /home/airflow/.local/lib/python3.7/site-packages/airflow/example_dags/tutorial_dag.py took 0.051 seconds
[2023-05-02T19:47:12.026+0000] {processor.py:153} INFO - Started process (PID=1366) to work on /home/airflow/.local/lib/python3.7/site-packages/airflow/example_dags/tutorial_dag.py
[2023-05-02T19:47:12.027+0000] {processor.py:743} INFO - Processing file /home/airflow/.local/lib/python3.7/site-packages/airflow/example_dags/tutorial_dag.py for tasks to queue
[2023-05-02T19:47:12.027+0000] {logging_mixin.py:137} INFO - [2023-05-02T19:47:12.027+0000] {dagbag.py:532} INFO - Filling up the DagBag from /home/airflow/.local/lib/python3.7/site-packages/airflow/example_dags/tutorial_dag.py
[2023-05-02T19:47:12.034+0000] {processor.py:753} INFO - DAG(s) dict_keys(['tutorial_dag']) retrieved from /home/airflow/.local/lib/python3.7/site-packages/airflow/example_dags/tutorial_dag.py
[2023-05-02T19:47:12.048+0000] {logging_mixin.py:137} INFO - [2023-05-02T19:47:12.048+0000] {dag.py:2705} INFO - Sync 1 DAGs
[2023-05-02T19:47:12.063+0000] {logging_mixin.py:137} INFO - [2023-05-02T19:47:12.063+0000] {dag.py:3456} INFO - Setting next_dagrun for tutorial_dag to None, run_after=None
[2023-05-02T19:47:12.076+0000] {processor.py:175} INFO - Processing /home/airflow/.local/lib/python3.7/site-packages/airflow/example_dags/tutorial_dag.py took 0.051 seconds
[2023-05-02T19:47:42.994+0000] {processor.py:153} INFO - Started process (PID=1418) to work on /home/airflow/.local/lib/python3.7/site-packages/airflow/example_dags/tutorial_dag.py
[2023-05-02T19:47:42.995+0000] {processor.py:743} INFO - Processing file /home/airflow/.local/lib/python3.7/site-packages/airflow/example_dags/tutorial_dag.py for tasks to queue
[2023-05-02T19:47:42.995+0000] {logging_mixin.py:137} INFO - [2023-05-02T19:47:42.995+0000] {dagbag.py:532} INFO - Filling up the DagBag from /home/airflow/.local/lib/python3.7/site-packages/airflow/example_dags/tutorial_dag.py
[2023-05-02T19:47:43.002+0000] {processor.py:753} INFO - DAG(s) dict_keys(['tutorial_dag']) retrieved from /home/airflow/.local/lib/python3.7/site-packages/airflow/example_dags/tutorial_dag.py
[2023-05-02T19:47:43.018+0000] {logging_mixin.py:137} INFO - [2023-05-02T19:47:43.018+0000] {dag.py:2705} INFO - Sync 1 DAGs
[2023-05-02T19:47:43.032+0000] {logging_mixin.py:137} INFO - [2023-05-02T19:47:43.032+0000] {dag.py:3456} INFO - Setting next_dagrun for tutorial_dag to None, run_after=None
[2023-05-02T19:47:43.046+0000] {processor.py:175} INFO - Processing /home/airflow/.local/lib/python3.7/site-packages/airflow/example_dags/tutorial_dag.py took 0.053 seconds
[2023-05-02T19:48:13.060+0000] {processor.py:153} INFO - Started process (PID=1468) to work on /home/airflow/.local/lib/python3.7/site-packages/airflow/example_dags/tutorial_dag.py
[2023-05-02T19:48:13.061+0000] {processor.py:743} INFO - Processing file /home/airflow/.local/lib/python3.7/site-packages/airflow/example_dags/tutorial_dag.py for tasks to queue
[2023-05-02T19:48:13.061+0000] {logging_mixin.py:137} INFO - [2023-05-02T19:48:13.061+0000] {dagbag.py:532} INFO - Filling up the DagBag from /home/airflow/.local/lib/python3.7/site-packages/airflow/example_dags/tutorial_dag.py
[2023-05-02T19:48:13.067+0000] {processor.py:753} INFO - DAG(s) dict_keys(['tutorial_dag']) retrieved from /home/airflow/.local/lib/python3.7/site-packages/airflow/example_dags/tutorial_dag.py
[2023-05-02T19:48:13.081+0000] {logging_mixin.py:137} INFO - [2023-05-02T19:48:13.081+0000] {dag.py:2705} INFO - Sync 1 DAGs
[2023-05-02T19:48:13.094+0000] {logging_mixin.py:137} INFO - [2023-05-02T19:48:13.094+0000] {dag.py:3456} INFO - Setting next_dagrun for tutorial_dag to None, run_after=None
[2023-05-02T19:48:13.106+0000] {processor.py:175} INFO - Processing /home/airflow/.local/lib/python3.7/site-packages/airflow/example_dags/tutorial_dag.py took 0.047 seconds
[2023-05-02T19:48:43.847+0000] {processor.py:153} INFO - Started process (PID=1519) to work on /home/airflow/.local/lib/python3.7/site-packages/airflow/example_dags/tutorial_dag.py
[2023-05-02T19:48:43.847+0000] {processor.py:743} INFO - Processing file /home/airflow/.local/lib/python3.7/site-packages/airflow/example_dags/tutorial_dag.py for tasks to queue
[2023-05-02T19:48:43.848+0000] {logging_mixin.py:137} INFO - [2023-05-02T19:48:43.848+0000] {dagbag.py:532} INFO - Filling up the DagBag from /home/airflow/.local/lib/python3.7/site-packages/airflow/example_dags/tutorial_dag.py
[2023-05-02T19:48:43.854+0000] {processor.py:753} INFO - DAG(s) dict_keys(['tutorial_dag']) retrieved from /home/airflow/.local/lib/python3.7/site-packages/airflow/example_dags/tutorial_dag.py
[2023-05-02T19:48:43.868+0000] {logging_mixin.py:137} INFO - [2023-05-02T19:48:43.868+0000] {dag.py:2705} INFO - Sync 1 DAGs
[2023-05-02T19:48:43.881+0000] {logging_mixin.py:137} INFO - [2023-05-02T19:48:43.881+0000] {dag.py:3456} INFO - Setting next_dagrun for tutorial_dag to None, run_after=None
[2023-05-02T19:48:43.893+0000] {processor.py:175} INFO - Processing /home/airflow/.local/lib/python3.7/site-packages/airflow/example_dags/tutorial_dag.py took 0.047 seconds
[2023-05-02T19:49:14.606+0000] {processor.py:153} INFO - Started process (PID=1571) to work on /home/airflow/.local/lib/python3.7/site-packages/airflow/example_dags/tutorial_dag.py
[2023-05-02T19:49:14.606+0000] {processor.py:743} INFO - Processing file /home/airflow/.local/lib/python3.7/site-packages/airflow/example_dags/tutorial_dag.py for tasks to queue
[2023-05-02T19:49:14.607+0000] {logging_mixin.py:137} INFO - [2023-05-02T19:49:14.607+0000] {dagbag.py:532} INFO - Filling up the DagBag from /home/airflow/.local/lib/python3.7/site-packages/airflow/example_dags/tutorial_dag.py
[2023-05-02T19:49:14.613+0000] {processor.py:753} INFO - DAG(s) dict_keys(['tutorial_dag']) retrieved from /home/airflow/.local/lib/python3.7/site-packages/airflow/example_dags/tutorial_dag.py
[2023-05-02T19:49:14.627+0000] {logging_mixin.py:137} INFO - [2023-05-02T19:49:14.627+0000] {dag.py:2705} INFO - Sync 1 DAGs
[2023-05-02T19:49:14.640+0000] {logging_mixin.py:137} INFO - [2023-05-02T19:49:14.640+0000] {dag.py:3456} INFO - Setting next_dagrun for tutorial_dag to None, run_after=None
[2023-05-02T19:49:14.651+0000] {processor.py:175} INFO - Processing /home/airflow/.local/lib/python3.7/site-packages/airflow/example_dags/tutorial_dag.py took 0.047 seconds
[2023-05-02T19:49:45.430+0000] {processor.py:153} INFO - Started process (PID=1622) to work on /home/airflow/.local/lib/python3.7/site-packages/airflow/example_dags/tutorial_dag.py
[2023-05-02T19:49:45.430+0000] {processor.py:743} INFO - Processing file /home/airflow/.local/lib/python3.7/site-packages/airflow/example_dags/tutorial_dag.py for tasks to queue
[2023-05-02T19:49:45.431+0000] {logging_mixin.py:137} INFO - [2023-05-02T19:49:45.431+0000] {dagbag.py:532} INFO - Filling up the DagBag from /home/airflow/.local/lib/python3.7/site-packages/airflow/example_dags/tutorial_dag.py
[2023-05-02T19:49:45.437+0000] {processor.py:753} INFO - DAG(s) dict_keys(['tutorial_dag']) retrieved from /home/airflow/.local/lib/python3.7/site-packages/airflow/example_dags/tutorial_dag.py
[2023-05-02T19:49:45.451+0000] {logging_mixin.py:137} INFO - [2023-05-02T19:49:45.451+0000] {dag.py:2705} INFO - Sync 1 DAGs
[2023-05-02T19:49:45.464+0000] {logging_mixin.py:137} INFO - [2023-05-02T19:49:45.464+0000] {dag.py:3456} INFO - Setting next_dagrun for tutorial_dag to None, run_after=None
[2023-05-02T19:49:45.479+0000] {processor.py:175} INFO - Processing /home/airflow/.local/lib/python3.7/site-packages/airflow/example_dags/tutorial_dag.py took 0.051 seconds
[2023-05-02T19:50:16.217+0000] {processor.py:153} INFO - Started process (PID=1674) to work on /home/airflow/.local/lib/python3.7/site-packages/airflow/example_dags/tutorial_dag.py
[2023-05-02T19:50:16.217+0000] {processor.py:743} INFO - Processing file /home/airflow/.local/lib/python3.7/site-packages/airflow/example_dags/tutorial_dag.py for tasks to queue
[2023-05-02T19:50:16.217+0000] {logging_mixin.py:137} INFO - [2023-05-02T19:50:16.217+0000] {dagbag.py:532} INFO - Filling up the DagBag from /home/airflow/.local/lib/python3.7/site-packages/airflow/example_dags/tutorial_dag.py
[2023-05-02T19:50:16.224+0000] {processor.py:753} INFO - DAG(s) dict_keys(['tutorial_dag']) retrieved from /home/airflow/.local/lib/python3.7/site-packages/airflow/example_dags/tutorial_dag.py
[2023-05-02T19:50:16.237+0000] {logging_mixin.py:137} INFO - [2023-05-02T19:50:16.237+0000] {dag.py:2705} INFO - Sync 1 DAGs
[2023-05-02T19:50:16.250+0000] {logging_mixin.py:137} INFO - [2023-05-02T19:50:16.250+0000] {dag.py:3456} INFO - Setting next_dagrun for tutorial_dag to None, run_after=None
[2023-05-02T19:50:16.262+0000] {processor.py:175} INFO - Processing /home/airflow/.local/lib/python3.7/site-packages/airflow/example_dags/tutorial_dag.py took 0.046 seconds
[2023-05-02T19:50:47.072+0000] {processor.py:153} INFO - Started process (PID=1725) to work on /home/airflow/.local/lib/python3.7/site-packages/airflow/example_dags/tutorial_dag.py
[2023-05-02T19:50:47.072+0000] {processor.py:743} INFO - Processing file /home/airflow/.local/lib/python3.7/site-packages/airflow/example_dags/tutorial_dag.py for tasks to queue
[2023-05-02T19:50:47.073+0000] {logging_mixin.py:137} INFO - [2023-05-02T19:50:47.073+0000] {dagbag.py:532} INFO - Filling up the DagBag from /home/airflow/.local/lib/python3.7/site-packages/airflow/example_dags/tutorial_dag.py
[2023-05-02T19:50:47.079+0000] {processor.py:753} INFO - DAG(s) dict_keys(['tutorial_dag']) retrieved from /home/airflow/.local/lib/python3.7/site-packages/airflow/example_dags/tutorial_dag.py
[2023-05-02T19:50:47.093+0000] {logging_mixin.py:137} INFO - [2023-05-02T19:50:47.093+0000] {dag.py:2705} INFO - Sync 1 DAGs
[2023-05-02T19:50:47.107+0000] {logging_mixin.py:137} INFO - [2023-05-02T19:50:47.107+0000] {dag.py:3456} INFO - Setting next_dagrun for tutorial_dag to None, run_after=None
[2023-05-02T19:50:47.121+0000] {processor.py:175} INFO - Processing /home/airflow/.local/lib/python3.7/site-packages/airflow/example_dags/tutorial_dag.py took 0.051 seconds
[2023-05-02T19:51:17.746+0000] {processor.py:153} INFO - Started process (PID=1783) to work on /home/airflow/.local/lib/python3.7/site-packages/airflow/example_dags/tutorial_dag.py
[2023-05-02T19:51:17.746+0000] {processor.py:743} INFO - Processing file /home/airflow/.local/lib/python3.7/site-packages/airflow/example_dags/tutorial_dag.py for tasks to queue
[2023-05-02T19:51:17.746+0000] {logging_mixin.py:137} INFO - [2023-05-02T19:51:17.746+0000] {dagbag.py:532} INFO - Filling up the DagBag from /home/airflow/.local/lib/python3.7/site-packages/airflow/example_dags/tutorial_dag.py
[2023-05-02T19:51:17.753+0000] {processor.py:753} INFO - DAG(s) dict_keys(['tutorial_dag']) retrieved from /home/airflow/.local/lib/python3.7/site-packages/airflow/example_dags/tutorial_dag.py
[2023-05-02T19:51:17.767+0000] {logging_mixin.py:137} INFO - [2023-05-02T19:51:17.767+0000] {dag.py:2705} INFO - Sync 1 DAGs
[2023-05-02T19:51:17.780+0000] {logging_mixin.py:137} INFO - [2023-05-02T19:51:17.780+0000] {dag.py:3456} INFO - Setting next_dagrun for tutorial_dag to None, run_after=None
[2023-05-02T19:51:17.791+0000] {processor.py:175} INFO - Processing /home/airflow/.local/lib/python3.7/site-packages/airflow/example_dags/tutorial_dag.py took 0.047 seconds
[2023-05-02T19:51:48.738+0000] {processor.py:153} INFO - Started process (PID=1834) to work on /home/airflow/.local/lib/python3.7/site-packages/airflow/example_dags/tutorial_dag.py
[2023-05-02T19:51:48.739+0000] {processor.py:743} INFO - Processing file /home/airflow/.local/lib/python3.7/site-packages/airflow/example_dags/tutorial_dag.py for tasks to queue
[2023-05-02T19:51:48.739+0000] {logging_mixin.py:137} INFO - [2023-05-02T19:51:48.739+0000] {dagbag.py:532} INFO - Filling up the DagBag from /home/airflow/.local/lib/python3.7/site-packages/airflow/example_dags/tutorial_dag.py
[2023-05-02T19:51:48.746+0000] {processor.py:753} INFO - DAG(s) dict_keys(['tutorial_dag']) retrieved from /home/airflow/.local/lib/python3.7/site-packages/airflow/example_dags/tutorial_dag.py
[2023-05-02T19:51:48.758+0000] {logging_mixin.py:137} INFO - [2023-05-02T19:51:48.758+0000] {dag.py:2705} INFO - Sync 1 DAGs
[2023-05-02T19:51:48.772+0000] {logging_mixin.py:137} INFO - [2023-05-02T19:51:48.772+0000] {dag.py:3456} INFO - Setting next_dagrun for tutorial_dag to None, run_after=None
[2023-05-02T19:51:48.783+0000] {processor.py:175} INFO - Processing /home/airflow/.local/lib/python3.7/site-packages/airflow/example_dags/tutorial_dag.py took 0.046 seconds
[2023-05-02T19:52:19.507+0000] {processor.py:153} INFO - Started process (PID=1886) to work on /home/airflow/.local/lib/python3.7/site-packages/airflow/example_dags/tutorial_dag.py
[2023-05-02T19:52:19.507+0000] {processor.py:743} INFO - Processing file /home/airflow/.local/lib/python3.7/site-packages/airflow/example_dags/tutorial_dag.py for tasks to queue
[2023-05-02T19:52:19.507+0000] {logging_mixin.py:137} INFO - [2023-05-02T19:52:19.507+0000] {dagbag.py:532} INFO - Filling up the DagBag from /home/airflow/.local/lib/python3.7/site-packages/airflow/example_dags/tutorial_dag.py
[2023-05-02T19:52:19.514+0000] {processor.py:753} INFO - DAG(s) dict_keys(['tutorial_dag']) retrieved from /home/airflow/.local/lib/python3.7/site-packages/airflow/example_dags/tutorial_dag.py
[2023-05-02T19:52:19.527+0000] {logging_mixin.py:137} INFO - [2023-05-02T19:52:19.527+0000] {dag.py:2705} INFO - Sync 1 DAGs
[2023-05-02T19:52:19.541+0000] {logging_mixin.py:137} INFO - [2023-05-02T19:52:19.541+0000] {dag.py:3456} INFO - Setting next_dagrun for tutorial_dag to None, run_after=None
[2023-05-02T19:52:19.552+0000] {processor.py:175} INFO - Processing /home/airflow/.local/lib/python3.7/site-packages/airflow/example_dags/tutorial_dag.py took 0.047 seconds
[2023-05-02T19:52:50.311+0000] {processor.py:153} INFO - Started process (PID=1938) to work on /home/airflow/.local/lib/python3.7/site-packages/airflow/example_dags/tutorial_dag.py
[2023-05-02T19:52:50.311+0000] {processor.py:743} INFO - Processing file /home/airflow/.local/lib/python3.7/site-packages/airflow/example_dags/tutorial_dag.py for tasks to queue
[2023-05-02T19:52:50.312+0000] {logging_mixin.py:137} INFO - [2023-05-02T19:52:50.312+0000] {dagbag.py:532} INFO - Filling up the DagBag from /home/airflow/.local/lib/python3.7/site-packages/airflow/example_dags/tutorial_dag.py
[2023-05-02T19:52:50.318+0000] {processor.py:753} INFO - DAG(s) dict_keys(['tutorial_dag']) retrieved from /home/airflow/.local/lib/python3.7/site-packages/airflow/example_dags/tutorial_dag.py
[2023-05-02T19:52:50.331+0000] {logging_mixin.py:137} INFO - [2023-05-02T19:52:50.331+0000] {dag.py:2705} INFO - Sync 1 DAGs
[2023-05-02T19:52:50.345+0000] {logging_mixin.py:137} INFO - [2023-05-02T19:52:50.345+0000] {dag.py:3456} INFO - Setting next_dagrun for tutorial_dag to None, run_after=None
[2023-05-02T19:52:50.356+0000] {processor.py:175} INFO - Processing /home/airflow/.local/lib/python3.7/site-packages/airflow/example_dags/tutorial_dag.py took 0.046 seconds
[2023-05-02T19:53:21.094+0000] {processor.py:153} INFO - Started process (PID=1990) to work on /home/airflow/.local/lib/python3.7/site-packages/airflow/example_dags/tutorial_dag.py
[2023-05-02T19:53:21.094+0000] {processor.py:743} INFO - Processing file /home/airflow/.local/lib/python3.7/site-packages/airflow/example_dags/tutorial_dag.py for tasks to queue
[2023-05-02T19:53:21.095+0000] {logging_mixin.py:137} INFO - [2023-05-02T19:53:21.095+0000] {dagbag.py:532} INFO - Filling up the DagBag from /home/airflow/.local/lib/python3.7/site-packages/airflow/example_dags/tutorial_dag.py
[2023-05-02T19:53:21.101+0000] {processor.py:753} INFO - DAG(s) dict_keys(['tutorial_dag']) retrieved from /home/airflow/.local/lib/python3.7/site-packages/airflow/example_dags/tutorial_dag.py
[2023-05-02T19:53:21.115+0000] {logging_mixin.py:137} INFO - [2023-05-02T19:53:21.115+0000] {dag.py:2705} INFO - Sync 1 DAGs
[2023-05-02T19:53:21.128+0000] {logging_mixin.py:137} INFO - [2023-05-02T19:53:21.128+0000] {dag.py:3456} INFO - Setting next_dagrun for tutorial_dag to None, run_after=None
[2023-05-02T19:53:21.139+0000] {processor.py:175} INFO - Processing /home/airflow/.local/lib/python3.7/site-packages/airflow/example_dags/tutorial_dag.py took 0.047 seconds
[2023-05-02T19:53:51.901+0000] {processor.py:153} INFO - Started process (PID=2042) to work on /home/airflow/.local/lib/python3.7/site-packages/airflow/example_dags/tutorial_dag.py
[2023-05-02T19:53:51.901+0000] {processor.py:743} INFO - Processing file /home/airflow/.local/lib/python3.7/site-packages/airflow/example_dags/tutorial_dag.py for tasks to queue
[2023-05-02T19:53:51.902+0000] {logging_mixin.py:137} INFO - [2023-05-02T19:53:51.902+0000] {dagbag.py:532} INFO - Filling up the DagBag from /home/airflow/.local/lib/python3.7/site-packages/airflow/example_dags/tutorial_dag.py
[2023-05-02T19:53:51.908+0000] {processor.py:753} INFO - DAG(s) dict_keys(['tutorial_dag']) retrieved from /home/airflow/.local/lib/python3.7/site-packages/airflow/example_dags/tutorial_dag.py
[2023-05-02T19:53:51.921+0000] {logging_mixin.py:137} INFO - [2023-05-02T19:53:51.921+0000] {dag.py:2705} INFO - Sync 1 DAGs
[2023-05-02T19:53:51.934+0000] {logging_mixin.py:137} INFO - [2023-05-02T19:53:51.934+0000] {dag.py:3456} INFO - Setting next_dagrun for tutorial_dag to None, run_after=None
[2023-05-02T19:53:51.945+0000] {processor.py:175} INFO - Processing /home/airflow/.local/lib/python3.7/site-packages/airflow/example_dags/tutorial_dag.py took 0.046 seconds
[2023-05-02T19:54:22.052+0000] {processor.py:153} INFO - Started process (PID=2094) to work on /home/airflow/.local/lib/python3.7/site-packages/airflow/example_dags/tutorial_dag.py
[2023-05-02T19:54:22.053+0000] {processor.py:743} INFO - Processing file /home/airflow/.local/lib/python3.7/site-packages/airflow/example_dags/tutorial_dag.py for tasks to queue
[2023-05-02T19:54:22.053+0000] {logging_mixin.py:137} INFO - [2023-05-02T19:54:22.053+0000] {dagbag.py:532} INFO - Filling up the DagBag from /home/airflow/.local/lib/python3.7/site-packages/airflow/example_dags/tutorial_dag.py
[2023-05-02T19:54:22.060+0000] {processor.py:753} INFO - DAG(s) dict_keys(['tutorial_dag']) retrieved from /home/airflow/.local/lib/python3.7/site-packages/airflow/example_dags/tutorial_dag.py
[2023-05-02T19:54:22.074+0000] {logging_mixin.py:137} INFO - [2023-05-02T19:54:22.074+0000] {dag.py:2705} INFO - Sync 1 DAGs
[2023-05-02T19:54:22.088+0000] {logging_mixin.py:137} INFO - [2023-05-02T19:54:22.088+0000] {dag.py:3456} INFO - Setting next_dagrun for tutorial_dag to None, run_after=None
[2023-05-02T19:54:22.099+0000] {processor.py:175} INFO - Processing /home/airflow/.local/lib/python3.7/site-packages/airflow/example_dags/tutorial_dag.py took 0.048 seconds
[2023-05-02T19:54:52.970+0000] {processor.py:153} INFO - Started process (PID=2146) to work on /home/airflow/.local/lib/python3.7/site-packages/airflow/example_dags/tutorial_dag.py
[2023-05-02T19:54:52.970+0000] {processor.py:743} INFO - Processing file /home/airflow/.local/lib/python3.7/site-packages/airflow/example_dags/tutorial_dag.py for tasks to queue
[2023-05-02T19:54:52.971+0000] {logging_mixin.py:137} INFO - [2023-05-02T19:54:52.971+0000] {dagbag.py:532} INFO - Filling up the DagBag from /home/airflow/.local/lib/python3.7/site-packages/airflow/example_dags/tutorial_dag.py
[2023-05-02T19:54:52.977+0000] {processor.py:753} INFO - DAG(s) dict_keys(['tutorial_dag']) retrieved from /home/airflow/.local/lib/python3.7/site-packages/airflow/example_dags/tutorial_dag.py
[2023-05-02T19:54:52.991+0000] {logging_mixin.py:137} INFO - [2023-05-02T19:54:52.991+0000] {dag.py:2705} INFO - Sync 1 DAGs
[2023-05-02T19:54:53.004+0000] {logging_mixin.py:137} INFO - [2023-05-02T19:54:53.004+0000] {dag.py:3456} INFO - Setting next_dagrun for tutorial_dag to None, run_after=None
[2023-05-02T19:54:53.021+0000] {processor.py:175} INFO - Processing /home/airflow/.local/lib/python3.7/site-packages/airflow/example_dags/tutorial_dag.py took 0.053 seconds
[2023-05-02T19:55:23.065+0000] {processor.py:153} INFO - Started process (PID=2198) to work on /home/airflow/.local/lib/python3.7/site-packages/airflow/example_dags/tutorial_dag.py
[2023-05-02T19:55:23.065+0000] {processor.py:743} INFO - Processing file /home/airflow/.local/lib/python3.7/site-packages/airflow/example_dags/tutorial_dag.py for tasks to queue
[2023-05-02T19:55:23.066+0000] {logging_mixin.py:137} INFO - [2023-05-02T19:55:23.066+0000] {dagbag.py:532} INFO - Filling up the DagBag from /home/airflow/.local/lib/python3.7/site-packages/airflow/example_dags/tutorial_dag.py
[2023-05-02T19:55:23.072+0000] {processor.py:753} INFO - DAG(s) dict_keys(['tutorial_dag']) retrieved from /home/airflow/.local/lib/python3.7/site-packages/airflow/example_dags/tutorial_dag.py
[2023-05-02T19:55:23.085+0000] {logging_mixin.py:137} INFO - [2023-05-02T19:55:23.085+0000] {dag.py:2705} INFO - Sync 1 DAGs
[2023-05-02T19:55:23.098+0000] {logging_mixin.py:137} INFO - [2023-05-02T19:55:23.098+0000] {dag.py:3456} INFO - Setting next_dagrun for tutorial_dag to None, run_after=None
[2023-05-02T19:55:23.109+0000] {processor.py:175} INFO - Processing /home/airflow/.local/lib/python3.7/site-packages/airflow/example_dags/tutorial_dag.py took 0.045 seconds
[2023-05-02T19:55:53.155+0000] {processor.py:153} INFO - Started process (PID=2250) to work on /home/airflow/.local/lib/python3.7/site-packages/airflow/example_dags/tutorial_dag.py
[2023-05-02T19:55:53.156+0000] {processor.py:743} INFO - Processing file /home/airflow/.local/lib/python3.7/site-packages/airflow/example_dags/tutorial_dag.py for tasks to queue
[2023-05-02T19:55:53.156+0000] {logging_mixin.py:137} INFO - [2023-05-02T19:55:53.156+0000] {dagbag.py:532} INFO - Filling up the DagBag from /home/airflow/.local/lib/python3.7/site-packages/airflow/example_dags/tutorial_dag.py
[2023-05-02T19:55:53.163+0000] {processor.py:753} INFO - DAG(s) dict_keys(['tutorial_dag']) retrieved from /home/airflow/.local/lib/python3.7/site-packages/airflow/example_dags/tutorial_dag.py
[2023-05-02T19:55:53.176+0000] {logging_mixin.py:137} INFO - [2023-05-02T19:55:53.176+0000] {dag.py:2705} INFO - Sync 1 DAGs
[2023-05-02T19:55:53.190+0000] {logging_mixin.py:137} INFO - [2023-05-02T19:55:53.190+0000] {dag.py:3456} INFO - Setting next_dagrun for tutorial_dag to None, run_after=None
[2023-05-02T19:55:53.201+0000] {processor.py:175} INFO - Processing /home/airflow/.local/lib/python3.7/site-packages/airflow/example_dags/tutorial_dag.py took 0.047 seconds
[2023-05-02T19:56:23.383+0000] {processor.py:153} INFO - Started process (PID=2302) to work on /home/airflow/.local/lib/python3.7/site-packages/airflow/example_dags/tutorial_dag.py
[2023-05-02T19:56:23.383+0000] {processor.py:743} INFO - Processing file /home/airflow/.local/lib/python3.7/site-packages/airflow/example_dags/tutorial_dag.py for tasks to queue
[2023-05-02T19:56:23.384+0000] {logging_mixin.py:137} INFO - [2023-05-02T19:56:23.383+0000] {dagbag.py:532} INFO - Filling up the DagBag from /home/airflow/.local/lib/python3.7/site-packages/airflow/example_dags/tutorial_dag.py
[2023-05-02T19:56:23.390+0000] {processor.py:753} INFO - DAG(s) dict_keys(['tutorial_dag']) retrieved from /home/airflow/.local/lib/python3.7/site-packages/airflow/example_dags/tutorial_dag.py
[2023-05-02T19:56:23.403+0000] {logging_mixin.py:137} INFO - [2023-05-02T19:56:23.403+0000] {dag.py:2705} INFO - Sync 1 DAGs
[2023-05-02T19:56:23.416+0000] {logging_mixin.py:137} INFO - [2023-05-02T19:56:23.416+0000] {dag.py:3456} INFO - Setting next_dagrun for tutorial_dag to None, run_after=None
[2023-05-02T19:56:23.427+0000] {processor.py:175} INFO - Processing /home/airflow/.local/lib/python3.7/site-packages/airflow/example_dags/tutorial_dag.py took 0.046 seconds
[2023-05-02T19:56:53.505+0000] {processor.py:153} INFO - Started process (PID=2354) to work on /home/airflow/.local/lib/python3.7/site-packages/airflow/example_dags/tutorial_dag.py
[2023-05-02T19:56:53.506+0000] {processor.py:743} INFO - Processing file /home/airflow/.local/lib/python3.7/site-packages/airflow/example_dags/tutorial_dag.py for tasks to queue
[2023-05-02T19:56:53.506+0000] {logging_mixin.py:137} INFO - [2023-05-02T19:56:53.506+0000] {dagbag.py:532} INFO - Filling up the DagBag from /home/airflow/.local/lib/python3.7/site-packages/airflow/example_dags/tutorial_dag.py
[2023-05-02T19:56:53.512+0000] {processor.py:753} INFO - DAG(s) dict_keys(['tutorial_dag']) retrieved from /home/airflow/.local/lib/python3.7/site-packages/airflow/example_dags/tutorial_dag.py
[2023-05-02T19:56:53.528+0000] {logging_mixin.py:137} INFO - [2023-05-02T19:56:53.528+0000] {dag.py:2705} INFO - Sync 1 DAGs
[2023-05-02T19:56:53.542+0000] {logging_mixin.py:137} INFO - [2023-05-02T19:56:53.541+0000] {dag.py:3456} INFO - Setting next_dagrun for tutorial_dag to None, run_after=None
[2023-05-02T19:56:53.554+0000] {processor.py:175} INFO - Processing /home/airflow/.local/lib/python3.7/site-packages/airflow/example_dags/tutorial_dag.py took 0.050 seconds
[2023-05-02T19:57:24.525+0000] {processor.py:153} INFO - Started process (PID=2406) to work on /home/airflow/.local/lib/python3.7/site-packages/airflow/example_dags/tutorial_dag.py
[2023-05-02T19:57:24.526+0000] {processor.py:743} INFO - Processing file /home/airflow/.local/lib/python3.7/site-packages/airflow/example_dags/tutorial_dag.py for tasks to queue
[2023-05-02T19:57:24.526+0000] {logging_mixin.py:137} INFO - [2023-05-02T19:57:24.526+0000] {dagbag.py:532} INFO - Filling up the DagBag from /home/airflow/.local/lib/python3.7/site-packages/airflow/example_dags/tutorial_dag.py
[2023-05-02T19:57:24.533+0000] {processor.py:753} INFO - DAG(s) dict_keys(['tutorial_dag']) retrieved from /home/airflow/.local/lib/python3.7/site-packages/airflow/example_dags/tutorial_dag.py
[2023-05-02T19:57:24.549+0000] {logging_mixin.py:137} INFO - [2023-05-02T19:57:24.549+0000] {dag.py:2705} INFO - Sync 1 DAGs
[2023-05-02T19:57:24.563+0000] {logging_mixin.py:137} INFO - [2023-05-02T19:57:24.563+0000] {dag.py:3456} INFO - Setting next_dagrun for tutorial_dag to None, run_after=None
[2023-05-02T19:57:24.582+0000] {processor.py:175} INFO - Processing /home/airflow/.local/lib/python3.7/site-packages/airflow/example_dags/tutorial_dag.py took 0.058 seconds
[2023-05-02T19:57:54.667+0000] {processor.py:153} INFO - Started process (PID=2458) to work on /home/airflow/.local/lib/python3.7/site-packages/airflow/example_dags/tutorial_dag.py
[2023-05-02T19:57:54.668+0000] {processor.py:743} INFO - Processing file /home/airflow/.local/lib/python3.7/site-packages/airflow/example_dags/tutorial_dag.py for tasks to queue
[2023-05-02T19:57:54.668+0000] {logging_mixin.py:137} INFO - [2023-05-02T19:57:54.668+0000] {dagbag.py:532} INFO - Filling up the DagBag from /home/airflow/.local/lib/python3.7/site-packages/airflow/example_dags/tutorial_dag.py
[2023-05-02T19:57:54.675+0000] {processor.py:753} INFO - DAG(s) dict_keys(['tutorial_dag']) retrieved from /home/airflow/.local/lib/python3.7/site-packages/airflow/example_dags/tutorial_dag.py
[2023-05-02T19:57:54.688+0000] {logging_mixin.py:137} INFO - [2023-05-02T19:57:54.688+0000] {dag.py:2705} INFO - Sync 1 DAGs
[2023-05-02T19:57:54.702+0000] {logging_mixin.py:137} INFO - [2023-05-02T19:57:54.702+0000] {dag.py:3456} INFO - Setting next_dagrun for tutorial_dag to None, run_after=None
[2023-05-02T19:57:54.717+0000] {processor.py:175} INFO - Processing /home/airflow/.local/lib/python3.7/site-packages/airflow/example_dags/tutorial_dag.py took 0.052 seconds
[2023-05-02T19:58:25.649+0000] {processor.py:153} INFO - Started process (PID=2510) to work on /home/airflow/.local/lib/python3.7/site-packages/airflow/example_dags/tutorial_dag.py
[2023-05-02T19:58:25.650+0000] {processor.py:743} INFO - Processing file /home/airflow/.local/lib/python3.7/site-packages/airflow/example_dags/tutorial_dag.py for tasks to queue
[2023-05-02T19:58:25.650+0000] {logging_mixin.py:137} INFO - [2023-05-02T19:58:25.650+0000] {dagbag.py:532} INFO - Filling up the DagBag from /home/airflow/.local/lib/python3.7/site-packages/airflow/example_dags/tutorial_dag.py
[2023-05-02T19:58:25.657+0000] {processor.py:753} INFO - DAG(s) dict_keys(['tutorial_dag']) retrieved from /home/airflow/.local/lib/python3.7/site-packages/airflow/example_dags/tutorial_dag.py
[2023-05-02T19:58:25.670+0000] {logging_mixin.py:137} INFO - [2023-05-02T19:58:25.670+0000] {dag.py:2705} INFO - Sync 1 DAGs
[2023-05-02T19:58:25.683+0000] {logging_mixin.py:137} INFO - [2023-05-02T19:58:25.683+0000] {dag.py:3456} INFO - Setting next_dagrun for tutorial_dag to None, run_after=None
[2023-05-02T19:58:25.695+0000] {processor.py:175} INFO - Processing /home/airflow/.local/lib/python3.7/site-packages/airflow/example_dags/tutorial_dag.py took 0.047 seconds
[2023-05-02T19:58:56.406+0000] {processor.py:153} INFO - Started process (PID=2562) to work on /home/airflow/.local/lib/python3.7/site-packages/airflow/example_dags/tutorial_dag.py
[2023-05-02T19:58:56.406+0000] {processor.py:743} INFO - Processing file /home/airflow/.local/lib/python3.7/site-packages/airflow/example_dags/tutorial_dag.py for tasks to queue
[2023-05-02T19:58:56.407+0000] {logging_mixin.py:137} INFO - [2023-05-02T19:58:56.407+0000] {dagbag.py:532} INFO - Filling up the DagBag from /home/airflow/.local/lib/python3.7/site-packages/airflow/example_dags/tutorial_dag.py
[2023-05-02T19:58:56.413+0000] {processor.py:753} INFO - DAG(s) dict_keys(['tutorial_dag']) retrieved from /home/airflow/.local/lib/python3.7/site-packages/airflow/example_dags/tutorial_dag.py
[2023-05-02T19:58:56.435+0000] {logging_mixin.py:137} INFO - [2023-05-02T19:58:56.435+0000] {dag.py:2705} INFO - Sync 1 DAGs
[2023-05-02T19:58:56.459+0000] {logging_mixin.py:137} INFO - [2023-05-02T19:58:56.458+0000] {dag.py:3456} INFO - Setting next_dagrun for tutorial_dag to None, run_after=None
[2023-05-02T19:58:56.475+0000] {processor.py:175} INFO - Processing /home/airflow/.local/lib/python3.7/site-packages/airflow/example_dags/tutorial_dag.py took 0.071 seconds
[2023-05-02T19:59:27.216+0000] {processor.py:153} INFO - Started process (PID=2614) to work on /home/airflow/.local/lib/python3.7/site-packages/airflow/example_dags/tutorial_dag.py
[2023-05-02T19:59:27.216+0000] {processor.py:743} INFO - Processing file /home/airflow/.local/lib/python3.7/site-packages/airflow/example_dags/tutorial_dag.py for tasks to queue
[2023-05-02T19:59:27.217+0000] {logging_mixin.py:137} INFO - [2023-05-02T19:59:27.217+0000] {dagbag.py:532} INFO - Filling up the DagBag from /home/airflow/.local/lib/python3.7/site-packages/airflow/example_dags/tutorial_dag.py
[2023-05-02T19:59:27.223+0000] {processor.py:753} INFO - DAG(s) dict_keys(['tutorial_dag']) retrieved from /home/airflow/.local/lib/python3.7/site-packages/airflow/example_dags/tutorial_dag.py
[2023-05-02T19:59:27.237+0000] {logging_mixin.py:137} INFO - [2023-05-02T19:59:27.237+0000] {dag.py:2705} INFO - Sync 1 DAGs
[2023-05-02T19:59:27.251+0000] {logging_mixin.py:137} INFO - [2023-05-02T19:59:27.251+0000] {dag.py:3456} INFO - Setting next_dagrun for tutorial_dag to None, run_after=None
[2023-05-02T19:59:27.262+0000] {processor.py:175} INFO - Processing /home/airflow/.local/lib/python3.7/site-packages/airflow/example_dags/tutorial_dag.py took 0.047 seconds
[2023-05-02T19:59:58.105+0000] {processor.py:153} INFO - Started process (PID=2666) to work on /home/airflow/.local/lib/python3.7/site-packages/airflow/example_dags/tutorial_dag.py
[2023-05-02T19:59:58.106+0000] {processor.py:743} INFO - Processing file /home/airflow/.local/lib/python3.7/site-packages/airflow/example_dags/tutorial_dag.py for tasks to queue
[2023-05-02T19:59:58.106+0000] {logging_mixin.py:137} INFO - [2023-05-02T19:59:58.106+0000] {dagbag.py:532} INFO - Filling up the DagBag from /home/airflow/.local/lib/python3.7/site-packages/airflow/example_dags/tutorial_dag.py
[2023-05-02T19:59:58.113+0000] {processor.py:753} INFO - DAG(s) dict_keys(['tutorial_dag']) retrieved from /home/airflow/.local/lib/python3.7/site-packages/airflow/example_dags/tutorial_dag.py
[2023-05-02T19:59:58.126+0000] {logging_mixin.py:137} INFO - [2023-05-02T19:59:58.126+0000] {dag.py:2705} INFO - Sync 1 DAGs
[2023-05-02T19:59:58.139+0000] {logging_mixin.py:137} INFO - [2023-05-02T19:59:58.139+0000] {dag.py:3456} INFO - Setting next_dagrun for tutorial_dag to None, run_after=None
[2023-05-02T19:59:58.150+0000] {processor.py:175} INFO - Processing /home/airflow/.local/lib/python3.7/site-packages/airflow/example_dags/tutorial_dag.py took 0.046 seconds
[2023-05-02T20:00:28.879+0000] {processor.py:153} INFO - Started process (PID=2717) to work on /home/airflow/.local/lib/python3.7/site-packages/airflow/example_dags/tutorial_dag.py
[2023-05-02T20:00:28.880+0000] {processor.py:743} INFO - Processing file /home/airflow/.local/lib/python3.7/site-packages/airflow/example_dags/tutorial_dag.py for tasks to queue
[2023-05-02T20:00:28.880+0000] {logging_mixin.py:137} INFO - [2023-05-02T20:00:28.880+0000] {dagbag.py:532} INFO - Filling up the DagBag from /home/airflow/.local/lib/python3.7/site-packages/airflow/example_dags/tutorial_dag.py
[2023-05-02T20:00:28.888+0000] {processor.py:753} INFO - DAG(s) dict_keys(['tutorial_dag']) retrieved from /home/airflow/.local/lib/python3.7/site-packages/airflow/example_dags/tutorial_dag.py
[2023-05-02T20:00:28.903+0000] {logging_mixin.py:137} INFO - [2023-05-02T20:00:28.903+0000] {dag.py:2705} INFO - Sync 1 DAGs
[2023-05-02T20:00:28.918+0000] {logging_mixin.py:137} INFO - [2023-05-02T20:00:28.918+0000] {dag.py:3456} INFO - Setting next_dagrun for tutorial_dag to None, run_after=None
[2023-05-02T20:00:28.930+0000] {processor.py:175} INFO - Processing /home/airflow/.local/lib/python3.7/site-packages/airflow/example_dags/tutorial_dag.py took 0.053 seconds
[2023-05-02T20:00:59.643+0000] {processor.py:153} INFO - Started process (PID=2769) to work on /home/airflow/.local/lib/python3.7/site-packages/airflow/example_dags/tutorial_dag.py
[2023-05-02T20:00:59.644+0000] {processor.py:743} INFO - Processing file /home/airflow/.local/lib/python3.7/site-packages/airflow/example_dags/tutorial_dag.py for tasks to queue
[2023-05-02T20:00:59.644+0000] {logging_mixin.py:137} INFO - [2023-05-02T20:00:59.644+0000] {dagbag.py:532} INFO - Filling up the DagBag from /home/airflow/.local/lib/python3.7/site-packages/airflow/example_dags/tutorial_dag.py
[2023-05-02T20:00:59.651+0000] {processor.py:753} INFO - DAG(s) dict_keys(['tutorial_dag']) retrieved from /home/airflow/.local/lib/python3.7/site-packages/airflow/example_dags/tutorial_dag.py
[2023-05-02T20:00:59.664+0000] {logging_mixin.py:137} INFO - [2023-05-02T20:00:59.664+0000] {dag.py:2705} INFO - Sync 1 DAGs
[2023-05-02T20:00:59.678+0000] {logging_mixin.py:137} INFO - [2023-05-02T20:00:59.678+0000] {dag.py:3456} INFO - Setting next_dagrun for tutorial_dag to None, run_after=None
[2023-05-02T20:00:59.689+0000] {processor.py:175} INFO - Processing /home/airflow/.local/lib/python3.7/site-packages/airflow/example_dags/tutorial_dag.py took 0.048 seconds
[2023-05-02T20:01:30.418+0000] {processor.py:153} INFO - Started process (PID=2821) to work on /home/airflow/.local/lib/python3.7/site-packages/airflow/example_dags/tutorial_dag.py
[2023-05-02T20:01:30.419+0000] {processor.py:743} INFO - Processing file /home/airflow/.local/lib/python3.7/site-packages/airflow/example_dags/tutorial_dag.py for tasks to queue
[2023-05-02T20:01:30.419+0000] {logging_mixin.py:137} INFO - [2023-05-02T20:01:30.419+0000] {dagbag.py:532} INFO - Filling up the DagBag from /home/airflow/.local/lib/python3.7/site-packages/airflow/example_dags/tutorial_dag.py
[2023-05-02T20:01:30.425+0000] {processor.py:753} INFO - DAG(s) dict_keys(['tutorial_dag']) retrieved from /home/airflow/.local/lib/python3.7/site-packages/airflow/example_dags/tutorial_dag.py
[2023-05-02T20:01:30.439+0000] {logging_mixin.py:137} INFO - [2023-05-02T20:01:30.439+0000] {dag.py:2705} INFO - Sync 1 DAGs
[2023-05-02T20:01:30.452+0000] {logging_mixin.py:137} INFO - [2023-05-02T20:01:30.452+0000] {dag.py:3456} INFO - Setting next_dagrun for tutorial_dag to None, run_after=None
[2023-05-02T20:01:30.465+0000] {processor.py:175} INFO - Processing /home/airflow/.local/lib/python3.7/site-packages/airflow/example_dags/tutorial_dag.py took 0.049 seconds
[2023-05-02T20:02:01.239+0000] {processor.py:153} INFO - Started process (PID=2873) to work on /home/airflow/.local/lib/python3.7/site-packages/airflow/example_dags/tutorial_dag.py
[2023-05-02T20:02:01.239+0000] {processor.py:743} INFO - Processing file /home/airflow/.local/lib/python3.7/site-packages/airflow/example_dags/tutorial_dag.py for tasks to queue
[2023-05-02T20:02:01.240+0000] {logging_mixin.py:137} INFO - [2023-05-02T20:02:01.239+0000] {dagbag.py:532} INFO - Filling up the DagBag from /home/airflow/.local/lib/python3.7/site-packages/airflow/example_dags/tutorial_dag.py
[2023-05-02T20:02:01.246+0000] {processor.py:753} INFO - DAG(s) dict_keys(['tutorial_dag']) retrieved from /home/airflow/.local/lib/python3.7/site-packages/airflow/example_dags/tutorial_dag.py
[2023-05-02T20:02:01.260+0000] {logging_mixin.py:137} INFO - [2023-05-02T20:02:01.260+0000] {dag.py:2705} INFO - Sync 1 DAGs
[2023-05-02T20:02:01.274+0000] {logging_mixin.py:137} INFO - [2023-05-02T20:02:01.273+0000] {dag.py:3456} INFO - Setting next_dagrun for tutorial_dag to None, run_after=None
[2023-05-02T20:02:01.284+0000] {processor.py:175} INFO - Processing /home/airflow/.local/lib/python3.7/site-packages/airflow/example_dags/tutorial_dag.py took 0.047 seconds
[2023-05-02T20:02:32.083+0000] {processor.py:153} INFO - Started process (PID=2924) to work on /home/airflow/.local/lib/python3.7/site-packages/airflow/example_dags/tutorial_dag.py
[2023-05-02T20:02:32.083+0000] {processor.py:743} INFO - Processing file /home/airflow/.local/lib/python3.7/site-packages/airflow/example_dags/tutorial_dag.py for tasks to queue
[2023-05-02T20:02:32.084+0000] {logging_mixin.py:137} INFO - [2023-05-02T20:02:32.084+0000] {dagbag.py:532} INFO - Filling up the DagBag from /home/airflow/.local/lib/python3.7/site-packages/airflow/example_dags/tutorial_dag.py
[2023-05-02T20:02:32.090+0000] {processor.py:753} INFO - DAG(s) dict_keys(['tutorial_dag']) retrieved from /home/airflow/.local/lib/python3.7/site-packages/airflow/example_dags/tutorial_dag.py
[2023-05-02T20:02:32.108+0000] {logging_mixin.py:137} INFO - [2023-05-02T20:02:32.108+0000] {dag.py:2705} INFO - Sync 1 DAGs
[2023-05-02T20:02:32.122+0000] {logging_mixin.py:137} INFO - [2023-05-02T20:02:32.122+0000] {dag.py:3456} INFO - Setting next_dagrun for tutorial_dag to None, run_after=None
[2023-05-02T20:02:32.135+0000] {processor.py:175} INFO - Processing /home/airflow/.local/lib/python3.7/site-packages/airflow/example_dags/tutorial_dag.py took 0.053 seconds
[2023-05-02T20:03:02.941+0000] {processor.py:153} INFO - Started process (PID=2976) to work on /home/airflow/.local/lib/python3.7/site-packages/airflow/example_dags/tutorial_dag.py
[2023-05-02T20:03:02.942+0000] {processor.py:743} INFO - Processing file /home/airflow/.local/lib/python3.7/site-packages/airflow/example_dags/tutorial_dag.py for tasks to queue
[2023-05-02T20:03:02.942+0000] {logging_mixin.py:137} INFO - [2023-05-02T20:03:02.942+0000] {dagbag.py:532} INFO - Filling up the DagBag from /home/airflow/.local/lib/python3.7/site-packages/airflow/example_dags/tutorial_dag.py
[2023-05-02T20:03:02.949+0000] {processor.py:753} INFO - DAG(s) dict_keys(['tutorial_dag']) retrieved from /home/airflow/.local/lib/python3.7/site-packages/airflow/example_dags/tutorial_dag.py
[2023-05-02T20:03:02.962+0000] {logging_mixin.py:137} INFO - [2023-05-02T20:03:02.962+0000] {dag.py:2705} INFO - Sync 1 DAGs
[2023-05-02T20:03:02.976+0000] {logging_mixin.py:137} INFO - [2023-05-02T20:03:02.976+0000] {dag.py:3456} INFO - Setting next_dagrun for tutorial_dag to None, run_after=None
[2023-05-02T20:03:02.987+0000] {processor.py:175} INFO - Processing /home/airflow/.local/lib/python3.7/site-packages/airflow/example_dags/tutorial_dag.py took 0.048 seconds
[2023-05-02T20:03:33.753+0000] {processor.py:153} INFO - Started process (PID=3028) to work on /home/airflow/.local/lib/python3.7/site-packages/airflow/example_dags/tutorial_dag.py
[2023-05-02T20:03:33.754+0000] {processor.py:743} INFO - Processing file /home/airflow/.local/lib/python3.7/site-packages/airflow/example_dags/tutorial_dag.py for tasks to queue
[2023-05-02T20:03:33.754+0000] {logging_mixin.py:137} INFO - [2023-05-02T20:03:33.754+0000] {dagbag.py:532} INFO - Filling up the DagBag from /home/airflow/.local/lib/python3.7/site-packages/airflow/example_dags/tutorial_dag.py
[2023-05-02T20:03:33.760+0000] {processor.py:753} INFO - DAG(s) dict_keys(['tutorial_dag']) retrieved from /home/airflow/.local/lib/python3.7/site-packages/airflow/example_dags/tutorial_dag.py
[2023-05-02T20:03:33.774+0000] {logging_mixin.py:137} INFO - [2023-05-02T20:03:33.774+0000] {dag.py:2705} INFO - Sync 1 DAGs
[2023-05-02T20:03:33.788+0000] {logging_mixin.py:137} INFO - [2023-05-02T20:03:33.787+0000] {dag.py:3456} INFO - Setting next_dagrun for tutorial_dag to None, run_after=None
[2023-05-02T20:03:33.799+0000] {processor.py:175} INFO - Processing /home/airflow/.local/lib/python3.7/site-packages/airflow/example_dags/tutorial_dag.py took 0.047 seconds
[2023-05-02T20:04:04.520+0000] {processor.py:153} INFO - Started process (PID=3080) to work on /home/airflow/.local/lib/python3.7/site-packages/airflow/example_dags/tutorial_dag.py
[2023-05-02T20:04:04.520+0000] {processor.py:743} INFO - Processing file /home/airflow/.local/lib/python3.7/site-packages/airflow/example_dags/tutorial_dag.py for tasks to queue
[2023-05-02T20:04:04.521+0000] {logging_mixin.py:137} INFO - [2023-05-02T20:04:04.521+0000] {dagbag.py:532} INFO - Filling up the DagBag from /home/airflow/.local/lib/python3.7/site-packages/airflow/example_dags/tutorial_dag.py
[2023-05-02T20:04:04.528+0000] {processor.py:753} INFO - DAG(s) dict_keys(['tutorial_dag']) retrieved from /home/airflow/.local/lib/python3.7/site-packages/airflow/example_dags/tutorial_dag.py
[2023-05-02T20:04:04.542+0000] {logging_mixin.py:137} INFO - [2023-05-02T20:04:04.541+0000] {dag.py:2705} INFO - Sync 1 DAGs
[2023-05-02T20:04:04.555+0000] {logging_mixin.py:137} INFO - [2023-05-02T20:04:04.555+0000] {dag.py:3456} INFO - Setting next_dagrun for tutorial_dag to None, run_after=None
[2023-05-02T20:04:04.566+0000] {processor.py:175} INFO - Processing /home/airflow/.local/lib/python3.7/site-packages/airflow/example_dags/tutorial_dag.py took 0.048 seconds
[2023-05-02T20:04:35.284+0000] {processor.py:153} INFO - Started process (PID=3132) to work on /home/airflow/.local/lib/python3.7/site-packages/airflow/example_dags/tutorial_dag.py
[2023-05-02T20:04:35.285+0000] {processor.py:743} INFO - Processing file /home/airflow/.local/lib/python3.7/site-packages/airflow/example_dags/tutorial_dag.py for tasks to queue
[2023-05-02T20:04:35.285+0000] {logging_mixin.py:137} INFO - [2023-05-02T20:04:35.285+0000] {dagbag.py:532} INFO - Filling up the DagBag from /home/airflow/.local/lib/python3.7/site-packages/airflow/example_dags/tutorial_dag.py
[2023-05-02T20:04:35.292+0000] {processor.py:753} INFO - DAG(s) dict_keys(['tutorial_dag']) retrieved from /home/airflow/.local/lib/python3.7/site-packages/airflow/example_dags/tutorial_dag.py
[2023-05-02T20:04:35.305+0000] {logging_mixin.py:137} INFO - [2023-05-02T20:04:35.305+0000] {dag.py:2705} INFO - Sync 1 DAGs
[2023-05-02T20:04:35.318+0000] {logging_mixin.py:137} INFO - [2023-05-02T20:04:35.318+0000] {dag.py:3456} INFO - Setting next_dagrun for tutorial_dag to None, run_after=None
[2023-05-02T20:04:35.330+0000] {processor.py:175} INFO - Processing /home/airflow/.local/lib/python3.7/site-packages/airflow/example_dags/tutorial_dag.py took 0.048 seconds
[2023-05-02T20:05:06.044+0000] {processor.py:153} INFO - Started process (PID=3184) to work on /home/airflow/.local/lib/python3.7/site-packages/airflow/example_dags/tutorial_dag.py
[2023-05-02T20:05:06.044+0000] {processor.py:743} INFO - Processing file /home/airflow/.local/lib/python3.7/site-packages/airflow/example_dags/tutorial_dag.py for tasks to queue
[2023-05-02T20:05:06.044+0000] {logging_mixin.py:137} INFO - [2023-05-02T20:05:06.044+0000] {dagbag.py:532} INFO - Filling up the DagBag from /home/airflow/.local/lib/python3.7/site-packages/airflow/example_dags/tutorial_dag.py
[2023-05-02T20:05:06.051+0000] {processor.py:753} INFO - DAG(s) dict_keys(['tutorial_dag']) retrieved from /home/airflow/.local/lib/python3.7/site-packages/airflow/example_dags/tutorial_dag.py
[2023-05-02T20:05:06.064+0000] {logging_mixin.py:137} INFO - [2023-05-02T20:05:06.064+0000] {dag.py:2705} INFO - Sync 1 DAGs
[2023-05-02T20:05:06.078+0000] {logging_mixin.py:137} INFO - [2023-05-02T20:05:06.078+0000] {dag.py:3456} INFO - Setting next_dagrun for tutorial_dag to None, run_after=None
[2023-05-02T20:05:06.091+0000] {processor.py:175} INFO - Processing /home/airflow/.local/lib/python3.7/site-packages/airflow/example_dags/tutorial_dag.py took 0.049 seconds
[2023-05-02T20:05:36.854+0000] {processor.py:153} INFO - Started process (PID=3236) to work on /home/airflow/.local/lib/python3.7/site-packages/airflow/example_dags/tutorial_dag.py
[2023-05-02T20:05:36.855+0000] {processor.py:743} INFO - Processing file /home/airflow/.local/lib/python3.7/site-packages/airflow/example_dags/tutorial_dag.py for tasks to queue
[2023-05-02T20:05:36.855+0000] {logging_mixin.py:137} INFO - [2023-05-02T20:05:36.855+0000] {dagbag.py:532} INFO - Filling up the DagBag from /home/airflow/.local/lib/python3.7/site-packages/airflow/example_dags/tutorial_dag.py
[2023-05-02T20:05:36.861+0000] {processor.py:753} INFO - DAG(s) dict_keys(['tutorial_dag']) retrieved from /home/airflow/.local/lib/python3.7/site-packages/airflow/example_dags/tutorial_dag.py
[2023-05-02T20:05:36.875+0000] {logging_mixin.py:137} INFO - [2023-05-02T20:05:36.875+0000] {dag.py:2705} INFO - Sync 1 DAGs
[2023-05-02T20:05:36.888+0000] {logging_mixin.py:137} INFO - [2023-05-02T20:05:36.888+0000] {dag.py:3456} INFO - Setting next_dagrun for tutorial_dag to None, run_after=None
[2023-05-02T20:05:36.899+0000] {processor.py:175} INFO - Processing /home/airflow/.local/lib/python3.7/site-packages/airflow/example_dags/tutorial_dag.py took 0.047 seconds
[2023-05-02T20:06:07.757+0000] {processor.py:153} INFO - Started process (PID=3288) to work on /home/airflow/.local/lib/python3.7/site-packages/airflow/example_dags/tutorial_dag.py
[2023-05-02T20:06:07.757+0000] {processor.py:743} INFO - Processing file /home/airflow/.local/lib/python3.7/site-packages/airflow/example_dags/tutorial_dag.py for tasks to queue
[2023-05-02T20:06:07.758+0000] {logging_mixin.py:137} INFO - [2023-05-02T20:06:07.758+0000] {dagbag.py:532} INFO - Filling up the DagBag from /home/airflow/.local/lib/python3.7/site-packages/airflow/example_dags/tutorial_dag.py
[2023-05-02T20:06:07.765+0000] {processor.py:753} INFO - DAG(s) dict_keys(['tutorial_dag']) retrieved from /home/airflow/.local/lib/python3.7/site-packages/airflow/example_dags/tutorial_dag.py
[2023-05-02T20:06:07.779+0000] {logging_mixin.py:137} INFO - [2023-05-02T20:06:07.779+0000] {dag.py:2705} INFO - Sync 1 DAGs
[2023-05-02T20:06:07.792+0000] {logging_mixin.py:137} INFO - [2023-05-02T20:06:07.792+0000] {dag.py:3456} INFO - Setting next_dagrun for tutorial_dag to None, run_after=None
[2023-05-02T20:06:07.803+0000] {processor.py:175} INFO - Processing /home/airflow/.local/lib/python3.7/site-packages/airflow/example_dags/tutorial_dag.py took 0.048 seconds
[2023-05-02T20:06:38.592+0000] {processor.py:153} INFO - Started process (PID=3340) to work on /home/airflow/.local/lib/python3.7/site-packages/airflow/example_dags/tutorial_dag.py
[2023-05-02T20:06:38.592+0000] {processor.py:743} INFO - Processing file /home/airflow/.local/lib/python3.7/site-packages/airflow/example_dags/tutorial_dag.py for tasks to queue
[2023-05-02T20:06:38.592+0000] {logging_mixin.py:137} INFO - [2023-05-02T20:06:38.592+0000] {dagbag.py:532} INFO - Filling up the DagBag from /home/airflow/.local/lib/python3.7/site-packages/airflow/example_dags/tutorial_dag.py
[2023-05-02T20:06:38.599+0000] {processor.py:753} INFO - DAG(s) dict_keys(['tutorial_dag']) retrieved from /home/airflow/.local/lib/python3.7/site-packages/airflow/example_dags/tutorial_dag.py
[2023-05-02T20:06:38.612+0000] {logging_mixin.py:137} INFO - [2023-05-02T20:06:38.612+0000] {dag.py:2705} INFO - Sync 1 DAGs
[2023-05-02T20:06:38.626+0000] {logging_mixin.py:137} INFO - [2023-05-02T20:06:38.626+0000] {dag.py:3456} INFO - Setting next_dagrun for tutorial_dag to None, run_after=None
[2023-05-02T20:06:38.637+0000] {processor.py:175} INFO - Processing /home/airflow/.local/lib/python3.7/site-packages/airflow/example_dags/tutorial_dag.py took 0.047 seconds
[2023-05-02T20:07:09.459+0000] {processor.py:153} INFO - Started process (PID=3393) to work on /home/airflow/.local/lib/python3.7/site-packages/airflow/example_dags/tutorial_dag.py
[2023-05-02T20:07:09.459+0000] {processor.py:743} INFO - Processing file /home/airflow/.local/lib/python3.7/site-packages/airflow/example_dags/tutorial_dag.py for tasks to queue
[2023-05-02T20:07:09.459+0000] {logging_mixin.py:137} INFO - [2023-05-02T20:07:09.459+0000] {dagbag.py:532} INFO - Filling up the DagBag from /home/airflow/.local/lib/python3.7/site-packages/airflow/example_dags/tutorial_dag.py
[2023-05-02T20:07:09.466+0000] {processor.py:753} INFO - DAG(s) dict_keys(['tutorial_dag']) retrieved from /home/airflow/.local/lib/python3.7/site-packages/airflow/example_dags/tutorial_dag.py
[2023-05-02T20:07:09.479+0000] {logging_mixin.py:137} INFO - [2023-05-02T20:07:09.479+0000] {dag.py:2705} INFO - Sync 1 DAGs
[2023-05-02T20:07:09.493+0000] {logging_mixin.py:137} INFO - [2023-05-02T20:07:09.493+0000] {dag.py:3456} INFO - Setting next_dagrun for tutorial_dag to None, run_after=None
[2023-05-02T20:07:09.505+0000] {processor.py:175} INFO - Processing /home/airflow/.local/lib/python3.7/site-packages/airflow/example_dags/tutorial_dag.py took 0.048 seconds
[2023-05-02T20:07:40.270+0000] {processor.py:153} INFO - Started process (PID=3444) to work on /home/airflow/.local/lib/python3.7/site-packages/airflow/example_dags/tutorial_dag.py
[2023-05-02T20:07:40.271+0000] {processor.py:743} INFO - Processing file /home/airflow/.local/lib/python3.7/site-packages/airflow/example_dags/tutorial_dag.py for tasks to queue
[2023-05-02T20:07:40.271+0000] {logging_mixin.py:137} INFO - [2023-05-02T20:07:40.271+0000] {dagbag.py:532} INFO - Filling up the DagBag from /home/airflow/.local/lib/python3.7/site-packages/airflow/example_dags/tutorial_dag.py
[2023-05-02T20:07:40.278+0000] {processor.py:753} INFO - DAG(s) dict_keys(['tutorial_dag']) retrieved from /home/airflow/.local/lib/python3.7/site-packages/airflow/example_dags/tutorial_dag.py
[2023-05-02T20:07:40.291+0000] {logging_mixin.py:137} INFO - [2023-05-02T20:07:40.291+0000] {dag.py:2705} INFO - Sync 1 DAGs
[2023-05-02T20:07:40.305+0000] {logging_mixin.py:137} INFO - [2023-05-02T20:07:40.305+0000] {dag.py:3456} INFO - Setting next_dagrun for tutorial_dag to None, run_after=None
[2023-05-02T20:07:40.316+0000] {processor.py:175} INFO - Processing /home/airflow/.local/lib/python3.7/site-packages/airflow/example_dags/tutorial_dag.py took 0.048 seconds
[2023-05-02T20:08:11.189+0000] {processor.py:153} INFO - Started process (PID=3496) to work on /home/airflow/.local/lib/python3.7/site-packages/airflow/example_dags/tutorial_dag.py
[2023-05-02T20:08:11.189+0000] {processor.py:743} INFO - Processing file /home/airflow/.local/lib/python3.7/site-packages/airflow/example_dags/tutorial_dag.py for tasks to queue
[2023-05-02T20:08:11.189+0000] {logging_mixin.py:137} INFO - [2023-05-02T20:08:11.189+0000] {dagbag.py:532} INFO - Filling up the DagBag from /home/airflow/.local/lib/python3.7/site-packages/airflow/example_dags/tutorial_dag.py
[2023-05-02T20:08:11.196+0000] {processor.py:753} INFO - DAG(s) dict_keys(['tutorial_dag']) retrieved from /home/airflow/.local/lib/python3.7/site-packages/airflow/example_dags/tutorial_dag.py
[2023-05-02T20:08:11.209+0000] {logging_mixin.py:137} INFO - [2023-05-02T20:08:11.209+0000] {dag.py:2705} INFO - Sync 1 DAGs
[2023-05-02T20:08:11.223+0000] {logging_mixin.py:137} INFO - [2023-05-02T20:08:11.223+0000] {dag.py:3456} INFO - Setting next_dagrun for tutorial_dag to None, run_after=None
[2023-05-02T20:08:11.234+0000] {processor.py:175} INFO - Processing /home/airflow/.local/lib/python3.7/site-packages/airflow/example_dags/tutorial_dag.py took 0.047 seconds
[2023-05-02T20:08:42.033+0000] {processor.py:153} INFO - Started process (PID=3548) to work on /home/airflow/.local/lib/python3.7/site-packages/airflow/example_dags/tutorial_dag.py
[2023-05-02T20:08:42.033+0000] {processor.py:743} INFO - Processing file /home/airflow/.local/lib/python3.7/site-packages/airflow/example_dags/tutorial_dag.py for tasks to queue
[2023-05-02T20:08:42.034+0000] {logging_mixin.py:137} INFO - [2023-05-02T20:08:42.034+0000] {dagbag.py:532} INFO - Filling up the DagBag from /home/airflow/.local/lib/python3.7/site-packages/airflow/example_dags/tutorial_dag.py
[2023-05-02T20:08:42.040+0000] {processor.py:753} INFO - DAG(s) dict_keys(['tutorial_dag']) retrieved from /home/airflow/.local/lib/python3.7/site-packages/airflow/example_dags/tutorial_dag.py
[2023-05-02T20:08:42.054+0000] {logging_mixin.py:137} INFO - [2023-05-02T20:08:42.054+0000] {dag.py:2705} INFO - Sync 1 DAGs
[2023-05-02T20:08:42.068+0000] {logging_mixin.py:137} INFO - [2023-05-02T20:08:42.067+0000] {dag.py:3456} INFO - Setting next_dagrun for tutorial_dag to None, run_after=None
[2023-05-02T20:08:42.078+0000] {processor.py:175} INFO - Processing /home/airflow/.local/lib/python3.7/site-packages/airflow/example_dags/tutorial_dag.py took 0.047 seconds
[2023-05-02T20:09:12.913+0000] {processor.py:153} INFO - Started process (PID=3600) to work on /home/airflow/.local/lib/python3.7/site-packages/airflow/example_dags/tutorial_dag.py
[2023-05-02T20:09:12.913+0000] {processor.py:743} INFO - Processing file /home/airflow/.local/lib/python3.7/site-packages/airflow/example_dags/tutorial_dag.py for tasks to queue
[2023-05-02T20:09:12.914+0000] {logging_mixin.py:137} INFO - [2023-05-02T20:09:12.914+0000] {dagbag.py:532} INFO - Filling up the DagBag from /home/airflow/.local/lib/python3.7/site-packages/airflow/example_dags/tutorial_dag.py
[2023-05-02T20:09:12.920+0000] {processor.py:753} INFO - DAG(s) dict_keys(['tutorial_dag']) retrieved from /home/airflow/.local/lib/python3.7/site-packages/airflow/example_dags/tutorial_dag.py
[2023-05-02T20:09:12.934+0000] {logging_mixin.py:137} INFO - [2023-05-02T20:09:12.934+0000] {dag.py:2705} INFO - Sync 1 DAGs
[2023-05-02T20:09:12.947+0000] {logging_mixin.py:137} INFO - [2023-05-02T20:09:12.947+0000] {dag.py:3456} INFO - Setting next_dagrun for tutorial_dag to None, run_after=None
[2023-05-02T20:09:12.963+0000] {processor.py:175} INFO - Processing /home/airflow/.local/lib/python3.7/site-packages/airflow/example_dags/tutorial_dag.py took 0.052 seconds
[2023-05-02T20:09:43.816+0000] {processor.py:153} INFO - Started process (PID=3652) to work on /home/airflow/.local/lib/python3.7/site-packages/airflow/example_dags/tutorial_dag.py
[2023-05-02T20:09:43.816+0000] {processor.py:743} INFO - Processing file /home/airflow/.local/lib/python3.7/site-packages/airflow/example_dags/tutorial_dag.py for tasks to queue
[2023-05-02T20:09:43.817+0000] {logging_mixin.py:137} INFO - [2023-05-02T20:09:43.817+0000] {dagbag.py:532} INFO - Filling up the DagBag from /home/airflow/.local/lib/python3.7/site-packages/airflow/example_dags/tutorial_dag.py
[2023-05-02T20:09:43.823+0000] {processor.py:753} INFO - DAG(s) dict_keys(['tutorial_dag']) retrieved from /home/airflow/.local/lib/python3.7/site-packages/airflow/example_dags/tutorial_dag.py
[2023-05-02T20:09:43.837+0000] {logging_mixin.py:137} INFO - [2023-05-02T20:09:43.837+0000] {dag.py:2705} INFO - Sync 1 DAGs
[2023-05-02T20:09:43.850+0000] {logging_mixin.py:137} INFO - [2023-05-02T20:09:43.850+0000] {dag.py:3456} INFO - Setting next_dagrun for tutorial_dag to None, run_after=None
[2023-05-02T20:09:43.863+0000] {processor.py:175} INFO - Processing /home/airflow/.local/lib/python3.7/site-packages/airflow/example_dags/tutorial_dag.py took 0.049 seconds
