[2023-05-01T14:37:52.101+0000] {taskinstance.py:1090} INFO - Dependencies all met for dep_context=non-requeueable deps ti=<TaskInstance: space_missions_launches_to_gcp_dag.space_missions_launches_from_gcs_to_bq_task manual__2023-05-01T14:37:48.266641+00:00 [queued]>
[2023-05-01T14:37:52.105+0000] {taskinstance.py:1090} INFO - Dependencies all met for dep_context=requeueable deps ti=<TaskInstance: space_missions_launches_to_gcp_dag.space_missions_launches_from_gcs_to_bq_task manual__2023-05-01T14:37:48.266641+00:00 [queued]>
[2023-05-01T14:37:52.105+0000] {taskinstance.py:1288} INFO - 
--------------------------------------------------------------------------------
[2023-05-01T14:37:52.105+0000] {taskinstance.py:1289} INFO - Starting attempt 1 of 1
[2023-05-01T14:37:52.105+0000] {taskinstance.py:1290} INFO - 
--------------------------------------------------------------------------------
[2023-05-01T14:37:52.115+0000] {taskinstance.py:1309} INFO - Executing <Task(GCSToBigQueryOperator): space_missions_launches_from_gcs_to_bq_task> on 2023-05-01 14:37:48.266641+00:00
[2023-05-01T14:37:52.119+0000] {standard_task_runner.py:55} INFO - Started process 11274 to run task
[2023-05-01T14:37:52.121+0000] {standard_task_runner.py:82} INFO - Running: ['***', 'tasks', 'run', 'space_missions_launches_to_gcp_dag', 'space_missions_launches_from_gcs_to_bq_task', 'manual__2023-05-01T14:37:48.266641+00:00', '--job-id', '66', '--raw', '--subdir', 'DAGS_FOLDER/space_missions_launches_to_gcp.py', '--cfg-path', '/tmp/tmp23xiotto']
[2023-05-01T14:37:52.121+0000] {standard_task_runner.py:83} INFO - Job 66: Subtask space_missions_launches_from_gcs_to_bq_task
[2023-05-01T14:37:52.155+0000] {task_command.py:389} INFO - Running <TaskInstance: space_missions_launches_to_gcp_dag.space_missions_launches_from_gcs_to_bq_task manual__2023-05-01T14:37:48.266641+00:00 [running]> on host e47d5c97588c
[2023-05-01T14:37:52.194+0000] {taskinstance.py:1518} INFO - Exporting the following env vars:
AIRFLOW_CTX_DAG_OWNER=viktoria.k
AIRFLOW_CTX_DAG_ID=space_missions_launches_to_gcp_dag
AIRFLOW_CTX_TASK_ID=space_missions_launches_from_gcs_to_bq_task
AIRFLOW_CTX_EXECUTION_DATE=2023-05-01T14:37:48.266641+00:00
AIRFLOW_CTX_TRY_NUMBER=1
AIRFLOW_CTX_DAG_RUN_ID=manual__2023-05-01T14:37:48.266641+00:00
[2023-05-01T14:37:52.199+0000] {base.py:73} INFO - Using connection ID 'google_cloud_default' for task execution.
[2023-05-01T14:37:52.203+0000] {gcs_to_bigquery.py:382} INFO - Using existing BigQuery table for storing data...
[2023-05-01T14:37:52.234+0000] {gcs_to_bigquery.py:636} INFO - Adding experimental 'schemaUpdateOptions': ['ALLOW_FIELD_ADDITION', 'ALLOW_FIELD_RELAXATION']
[2023-05-01T14:37:52.234+0000] {gcs_to_bigquery.py:386} INFO - Executing: {'load': {'autodetect': True, 'createDisposition': 'CREATE_IF_NEEDED', 'destinationTable': {'projectId': 'de-camp-v1', 'datasetId': 'space_mission_launches', 'tableId': 'mission_launches'}, 'sourceFormat': 'CSV', 'sourceUris': ['gs://de-camp-v1_dl/mission_launches.csv'], 'writeDisposition': 'WRITE_APPEND', 'ignoreUnknownValues': False, 'schemaUpdateOptions': ['ALLOW_FIELD_ADDITION', 'ALLOW_FIELD_RELAXATION'], 'skipLeadingRows': None, 'fieldDelimiter': ',', 'quote': None, 'allowQuotedNewlines': False, 'encoding': 'UTF-8'}}
[2023-05-01T14:37:52.234+0000] {bigquery.py:1546} INFO - Inserting job ***_space_missions_launches_to_gcp_dag_space_missions_launches_from_gcs_to_bq_task_2023_05_01T14_37_48_266641_00_00_097b4337c4b284c8e3ea7622cdd4494e
[2023-05-01T14:37:54.978+0000] {taskinstance.py:1332} INFO - Marking task as SUCCESS. dag_id=space_missions_launches_to_gcp_dag, task_id=space_missions_launches_from_gcs_to_bq_task, execution_date=20230501T143748, start_date=20230501T143752, end_date=20230501T143754
[2023-05-01T14:37:55.024+0000] {local_task_job.py:212} INFO - Task exited with return code 0
[2023-05-01T14:37:55.052+0000] {taskinstance.py:2596} INFO - 0 downstream tasks scheduled from follow-on schedule check
