[2023-05-01T16:15:48.729+0000] {taskinstance.py:1090} INFO - Dependencies all met for dep_context=non-requeueable deps ti=<TaskInstance: space_missions_launches_to_gcp_dag.space_missions_launches_to_gcp_task manual__2023-05-01T16:15:47.269796+00:00 [queued]>
[2023-05-01T16:15:48.734+0000] {taskinstance.py:1090} INFO - Dependencies all met for dep_context=requeueable deps ti=<TaskInstance: space_missions_launches_to_gcp_dag.space_missions_launches_to_gcp_task manual__2023-05-01T16:15:47.269796+00:00 [queued]>
[2023-05-01T16:15:48.734+0000] {taskinstance.py:1288} INFO - 
--------------------------------------------------------------------------------
[2023-05-01T16:15:48.734+0000] {taskinstance.py:1289} INFO - Starting attempt 1 of 1
[2023-05-01T16:15:48.734+0000] {taskinstance.py:1290} INFO - 
--------------------------------------------------------------------------------
[2023-05-01T16:15:48.743+0000] {taskinstance.py:1309} INFO - Executing <Task(PythonOperator): space_missions_launches_to_gcp_task> on 2023-05-01 16:15:47.269796+00:00
[2023-05-01T16:15:48.748+0000] {standard_task_runner.py:55} INFO - Started process 15865 to run task
[2023-05-01T16:15:48.750+0000] {standard_task_runner.py:82} INFO - Running: ['***', 'tasks', 'run', 'space_missions_launches_to_gcp_dag', 'space_missions_launches_to_gcp_task', 'manual__2023-05-01T16:15:47.269796+00:00', '--job-id', '107', '--raw', '--subdir', 'DAGS_FOLDER/space_missions_launches_to_gcp.py', '--cfg-path', '/tmp/tmp9cc7ur3l']
[2023-05-01T16:15:48.750+0000] {standard_task_runner.py:83} INFO - Job 107: Subtask space_missions_launches_to_gcp_task
[2023-05-01T16:15:48.785+0000] {task_command.py:389} INFO - Running <TaskInstance: space_missions_launches_to_gcp_dag.space_missions_launches_to_gcp_task manual__2023-05-01T16:15:47.269796+00:00 [running]> on host e47d5c97588c
[2023-05-01T16:15:48.826+0000] {taskinstance.py:1518} INFO - Exporting the following env vars:
AIRFLOW_CTX_DAG_OWNER=viktoria.k
AIRFLOW_CTX_DAG_ID=space_missions_launches_to_gcp_dag
AIRFLOW_CTX_TASK_ID=space_missions_launches_to_gcp_task
AIRFLOW_CTX_EXECUTION_DATE=2023-05-01T16:15:47.269796+00:00
AIRFLOW_CTX_TRY_NUMBER=1
AIRFLOW_CTX_DAG_RUN_ID=manual__2023-05-01T16:15:47.269796+00:00
[2023-05-01T16:15:48.832+0000] {base.py:73} INFO - Using connection ID 'google_cloud_default' for task execution.
[2023-05-01T16:15:49.790+0000] {space_missions_launches_to_gcp.py:39} WARNING - !!!!!!!!!!['mission_launches_2023-05-01.csv']
[2023-05-01T16:15:50.295+0000] {logging_mixin.py:137} INFO - <class 'pandas.core.frame.DataFrame'>
Int64Index: 0 entries
Data columns (total 8 columns):
 #   Column          Non-Null Count  Dtype 
---  ------          --------------  ----- 
 0   organisation    0 non-null      object
 1   location        0 non-null      object
 2   date            0 non-null      object
 3   detail          0 non-null      object
 4   rocket_status   0 non-null      object
 5   price           0 non-null      object
 6   mission_status  0 non-null      object
 7   country         0 non-null      object
dtypes: object(8)
memory usage: 0.0+ bytes
[2023-05-01T16:15:50.296+0000] {space_missions_launches_to_gcp.py:42} WARNING - ex rows Index(['organisation', 'location', 'date', 'detail', 'rocket_status', 'price',
       'mission_status', 'country'],
      dtype='object'),
 None ,
 Unnamed: 0                                                        1
Unnamed: 0.1                                                      1
Organisation                                                   CASC
Location          Site 9401 (SLS-2), Jiuquan Satellite Launch Ce...
Date                                     Thu Aug 06, 2020 04:01 UTC
Detail                          Long March 2D | Gaofen-9 04 & Q-SAT
Rocket_Status                                          StatusActive
Price                                                         29.75
Mission_Status                                              Success
Name: 1, dtype: object
[2023-05-01T16:15:50.296+0000] {python.py:177} INFO - Done. Returned value was: continue
[2023-05-01T16:15:50.312+0000] {taskinstance.py:1332} INFO - Marking task as SUCCESS. dag_id=space_missions_launches_to_gcp_dag, task_id=space_missions_launches_to_gcp_task, execution_date=20230501T161547, start_date=20230501T161548, end_date=20230501T161550
[2023-05-01T16:15:50.366+0000] {local_task_job.py:212} INFO - Task exited with return code 0
[2023-05-01T16:15:50.381+0000] {taskinstance.py:2596} INFO - 1 downstream tasks scheduled from follow-on schedule check
