[2023-05-01T15:59:30.942+0000] {taskinstance.py:1090} INFO - Dependencies all met for dep_context=non-requeueable deps ti=<TaskInstance: space_missions_launches_to_gcp_dag.space_missions_launches_to_gcp_task manual__2023-05-01T15:59:29.844135+00:00 [queued]>
[2023-05-01T15:59:30.947+0000] {taskinstance.py:1090} INFO - Dependencies all met for dep_context=requeueable deps ti=<TaskInstance: space_missions_launches_to_gcp_dag.space_missions_launches_to_gcp_task manual__2023-05-01T15:59:29.844135+00:00 [queued]>
[2023-05-01T15:59:30.947+0000] {taskinstance.py:1288} INFO - 
--------------------------------------------------------------------------------
[2023-05-01T15:59:30.947+0000] {taskinstance.py:1289} INFO - Starting attempt 1 of 1
[2023-05-01T15:59:30.947+0000] {taskinstance.py:1290} INFO - 
--------------------------------------------------------------------------------
[2023-05-01T15:59:30.957+0000] {taskinstance.py:1309} INFO - Executing <Task(PythonOperator): space_missions_launches_to_gcp_task> on 2023-05-01 15:59:29.844135+00:00
[2023-05-01T15:59:30.961+0000] {standard_task_runner.py:55} INFO - Started process 15090 to run task
[2023-05-01T15:59:30.964+0000] {standard_task_runner.py:82} INFO - Running: ['***', 'tasks', 'run', 'space_missions_launches_to_gcp_dag', 'space_missions_launches_to_gcp_task', 'manual__2023-05-01T15:59:29.844135+00:00', '--job-id', '95', '--raw', '--subdir', 'DAGS_FOLDER/space_missions_launches_to_gcp.py', '--cfg-path', '/tmp/tmpf2x9s0vp']
[2023-05-01T15:59:30.964+0000] {standard_task_runner.py:83} INFO - Job 95: Subtask space_missions_launches_to_gcp_task
[2023-05-01T15:59:30.999+0000] {task_command.py:389} INFO - Running <TaskInstance: space_missions_launches_to_gcp_dag.space_missions_launches_to_gcp_task manual__2023-05-01T15:59:29.844135+00:00 [running]> on host e47d5c97588c
[2023-05-01T15:59:31.040+0000] {taskinstance.py:1518} INFO - Exporting the following env vars:
AIRFLOW_CTX_DAG_OWNER=viktoria.k
AIRFLOW_CTX_DAG_ID=space_missions_launches_to_gcp_dag
AIRFLOW_CTX_TASK_ID=space_missions_launches_to_gcp_task
AIRFLOW_CTX_EXECUTION_DATE=2023-05-01T15:59:29.844135+00:00
AIRFLOW_CTX_TRY_NUMBER=1
AIRFLOW_CTX_DAG_RUN_ID=manual__2023-05-01T15:59:29.844135+00:00
[2023-05-01T15:59:31.045+0000] {base.py:73} INFO - Using connection ID 'google_cloud_default' for task execution.
[2023-05-01T15:59:32.255+0000] {space_missions_launches_to_gcp.py:44} WARNING - ml      organisation  ...             country
0          SpaceX  ...                 USA
1            CASC  ...               China
2       Roscosmos  ...  Russian Federation
3             ULA  ...                 USA
4            CASC  ...               China
..            ...  ...                 ...
958  US Air Force  ...                 USA
959  US Air Force  ...                 USA
960  US Air Force  ...                 USA
961  US Air Force  ...                 USA
962  US Air Force  ...                 USA

[963 rows x 8 columns]
[2023-05-01T15:59:32.255+0000] {python.py:177} INFO - Done. Returned value was: None
[2023-05-01T15:59:32.261+0000] {taskinstance.py:1332} INFO - Marking task as SUCCESS. dag_id=space_missions_launches_to_gcp_dag, task_id=space_missions_launches_to_gcp_task, execution_date=20230501T155929, start_date=20230501T155930, end_date=20230501T155932
[2023-05-01T15:59:32.299+0000] {local_task_job.py:212} INFO - Task exited with return code 0
[2023-05-01T15:59:32.331+0000] {taskinstance.py:2596} INFO - 1 downstream tasks scheduled from follow-on schedule check
