[2023-05-01T16:01:56.385+0000] {taskinstance.py:1090} INFO - Dependencies all met for dep_context=non-requeueable deps ti=<TaskInstance: space_missions_launches_to_gcp_dag.space_missions_launches_to_gcp_task manual__2023-05-01T16:01:55.041669+00:00 [queued]>
[2023-05-01T16:01:56.390+0000] {taskinstance.py:1090} INFO - Dependencies all met for dep_context=requeueable deps ti=<TaskInstance: space_missions_launches_to_gcp_dag.space_missions_launches_to_gcp_task manual__2023-05-01T16:01:55.041669+00:00 [queued]>
[2023-05-01T16:01:56.390+0000] {taskinstance.py:1288} INFO - 
--------------------------------------------------------------------------------
[2023-05-01T16:01:56.390+0000] {taskinstance.py:1289} INFO - Starting attempt 1 of 1
[2023-05-01T16:01:56.390+0000] {taskinstance.py:1290} INFO - 
--------------------------------------------------------------------------------
[2023-05-01T16:01:56.399+0000] {taskinstance.py:1309} INFO - Executing <Task(PythonOperator): space_missions_launches_to_gcp_task> on 2023-05-01 16:01:55.041669+00:00
[2023-05-01T16:01:56.405+0000] {standard_task_runner.py:55} INFO - Started process 15198 to run task
[2023-05-01T16:01:56.407+0000] {standard_task_runner.py:82} INFO - Running: ['***', 'tasks', 'run', 'space_missions_launches_to_gcp_dag', 'space_missions_launches_to_gcp_task', 'manual__2023-05-01T16:01:55.041669+00:00', '--job-id', '99', '--raw', '--subdir', 'DAGS_FOLDER/space_missions_launches_to_gcp.py', '--cfg-path', '/tmp/tmppad2e5lu']
[2023-05-01T16:01:56.407+0000] {standard_task_runner.py:83} INFO - Job 99: Subtask space_missions_launches_to_gcp_task
[2023-05-01T16:01:56.446+0000] {task_command.py:389} INFO - Running <TaskInstance: space_missions_launches_to_gcp_dag.space_missions_launches_to_gcp_task manual__2023-05-01T16:01:55.041669+00:00 [running]> on host e47d5c97588c
[2023-05-01T16:01:56.493+0000] {taskinstance.py:1518} INFO - Exporting the following env vars:
AIRFLOW_CTX_DAG_OWNER=viktoria.k
AIRFLOW_CTX_DAG_ID=space_missions_launches_to_gcp_dag
AIRFLOW_CTX_TASK_ID=space_missions_launches_to_gcp_task
AIRFLOW_CTX_EXECUTION_DATE=2023-05-01T16:01:55.041669+00:00
AIRFLOW_CTX_TRY_NUMBER=1
AIRFLOW_CTX_DAG_RUN_ID=manual__2023-05-01T16:01:55.041669+00:00
[2023-05-01T16:01:56.499+0000] {base.py:73} INFO - Using connection ID 'google_cloud_default' for task execution.
[2023-05-01T16:01:57.374+0000] {space_missions_launches_to_gcp.py:39} WARNING - !!!!!!!!!!['mission_launches_2023-05-01.csv']
[2023-05-01T16:01:58.200+0000] {space_missions_launches_to_gcp.py:44} WARNING - ml      organisation  ...             country
0          SpaceX  ...                 USA
1            CASC  ...               China
2       Roscosmos  ...  Russian Federation
3             ULA  ...                 USA
4            CASC  ...               China
..            ...  ...                 ...
958  US Air Force  ...                 USA
959  US Air Force  ...                 USA
960  US Air Force  ...                 USA
961  US Air Force  ...                 USA
962  US Air Force  ...                 USA

[1926 rows x 8 columns]
[2023-05-01T16:01:58.815+0000] {gcs.py:538} INFO - File /tmp/tmp3e4d8t5t uploaded to mission_launches_2023-05-01.csv in de-camp-v1_dl bucket
[2023-05-01T16:01:58.817+0000] {python.py:177} INFO - Done. Returned value was: continue
[2023-05-01T16:01:58.860+0000] {taskinstance.py:1332} INFO - Marking task as SUCCESS. dag_id=space_missions_launches_to_gcp_dag, task_id=space_missions_launches_to_gcp_task, execution_date=20230501T160155, start_date=20230501T160156, end_date=20230501T160158
[2023-05-01T16:01:58.906+0000] {local_task_job.py:212} INFO - Task exited with return code 0
[2023-05-01T16:01:58.940+0000] {taskinstance.py:2596} INFO - 1 downstream tasks scheduled from follow-on schedule check
