[2023-04-27T04:59:15.724+0000] {processor.py:153} INFO - Started process (PID=85) to work on /home/airflow/.local/lib/python3.7/site-packages/airflow/example_dags/plugins/listener_plugin.py
[2023-04-27T04:59:15.725+0000] {processor.py:743} INFO - Processing file /home/airflow/.local/lib/python3.7/site-packages/airflow/example_dags/plugins/listener_plugin.py for tasks to queue
[2023-04-27T04:59:15.725+0000] {logging_mixin.py:137} INFO - [2023-04-27T04:59:15.725+0000] {dagbag.py:532} INFO - Filling up the DagBag from /home/airflow/.local/lib/python3.7/site-packages/airflow/example_dags/plugins/listener_plugin.py
[2023-04-27T04:59:15.728+0000] {processor.py:755} WARNING - No viable dags retrieved from /home/airflow/.local/lib/python3.7/site-packages/airflow/example_dags/plugins/listener_plugin.py
[2023-04-27T04:59:15.740+0000] {processor.py:175} INFO - Processing /home/airflow/.local/lib/python3.7/site-packages/airflow/example_dags/plugins/listener_plugin.py took 0.019 seconds
[2023-04-27T04:59:46.566+0000] {processor.py:153} INFO - Started process (PID=134) to work on /home/airflow/.local/lib/python3.7/site-packages/airflow/example_dags/plugins/listener_plugin.py
[2023-04-27T04:59:46.567+0000] {processor.py:743} INFO - Processing file /home/airflow/.local/lib/python3.7/site-packages/airflow/example_dags/plugins/listener_plugin.py for tasks to queue
[2023-04-27T04:59:46.567+0000] {logging_mixin.py:137} INFO - [2023-04-27T04:59:46.567+0000] {dagbag.py:532} INFO - Filling up the DagBag from /home/airflow/.local/lib/python3.7/site-packages/airflow/example_dags/plugins/listener_plugin.py
[2023-04-27T04:59:46.568+0000] {processor.py:755} WARNING - No viable dags retrieved from /home/airflow/.local/lib/python3.7/site-packages/airflow/example_dags/plugins/listener_plugin.py
[2023-04-27T04:59:46.577+0000] {processor.py:175} INFO - Processing /home/airflow/.local/lib/python3.7/site-packages/airflow/example_dags/plugins/listener_plugin.py took 0.013 seconds
[2023-04-27T05:00:17.630+0000] {processor.py:153} INFO - Started process (PID=184) to work on /home/airflow/.local/lib/python3.7/site-packages/airflow/example_dags/plugins/listener_plugin.py
[2023-04-27T05:00:17.631+0000] {processor.py:743} INFO - Processing file /home/airflow/.local/lib/python3.7/site-packages/airflow/example_dags/plugins/listener_plugin.py for tasks to queue
[2023-04-27T05:00:17.631+0000] {logging_mixin.py:137} INFO - [2023-04-27T05:00:17.631+0000] {dagbag.py:532} INFO - Filling up the DagBag from /home/airflow/.local/lib/python3.7/site-packages/airflow/example_dags/plugins/listener_plugin.py
[2023-04-27T05:00:17.632+0000] {processor.py:755} WARNING - No viable dags retrieved from /home/airflow/.local/lib/python3.7/site-packages/airflow/example_dags/plugins/listener_plugin.py
[2023-04-27T05:00:17.641+0000] {processor.py:175} INFO - Processing /home/airflow/.local/lib/python3.7/site-packages/airflow/example_dags/plugins/listener_plugin.py took 0.013 seconds
[2023-04-27T05:00:47.973+0000] {processor.py:153} INFO - Started process (PID=234) to work on /home/airflow/.local/lib/python3.7/site-packages/airflow/example_dags/plugins/listener_plugin.py
[2023-04-27T05:00:47.973+0000] {processor.py:743} INFO - Processing file /home/airflow/.local/lib/python3.7/site-packages/airflow/example_dags/plugins/listener_plugin.py for tasks to queue
[2023-04-27T05:00:47.974+0000] {logging_mixin.py:137} INFO - [2023-04-27T05:00:47.974+0000] {dagbag.py:532} INFO - Filling up the DagBag from /home/airflow/.local/lib/python3.7/site-packages/airflow/example_dags/plugins/listener_plugin.py
[2023-04-27T05:00:47.975+0000] {processor.py:755} WARNING - No viable dags retrieved from /home/airflow/.local/lib/python3.7/site-packages/airflow/example_dags/plugins/listener_plugin.py
[2023-04-27T05:00:47.984+0000] {processor.py:175} INFO - Processing /home/airflow/.local/lib/python3.7/site-packages/airflow/example_dags/plugins/listener_plugin.py took 0.013 seconds
[2023-04-27T05:01:18.206+0000] {processor.py:153} INFO - Started process (PID=284) to work on /home/airflow/.local/lib/python3.7/site-packages/airflow/example_dags/plugins/listener_plugin.py
[2023-04-27T05:01:18.207+0000] {processor.py:743} INFO - Processing file /home/airflow/.local/lib/python3.7/site-packages/airflow/example_dags/plugins/listener_plugin.py for tasks to queue
[2023-04-27T05:01:18.208+0000] {logging_mixin.py:137} INFO - [2023-04-27T05:01:18.208+0000] {dagbag.py:532} INFO - Filling up the DagBag from /home/airflow/.local/lib/python3.7/site-packages/airflow/example_dags/plugins/listener_plugin.py
[2023-04-27T05:01:18.213+0000] {processor.py:755} WARNING - No viable dags retrieved from /home/airflow/.local/lib/python3.7/site-packages/airflow/example_dags/plugins/listener_plugin.py
[2023-04-27T05:01:18.240+0000] {processor.py:175} INFO - Processing /home/airflow/.local/lib/python3.7/site-packages/airflow/example_dags/plugins/listener_plugin.py took 0.036 seconds
[2023-04-27T05:01:48.370+0000] {processor.py:153} INFO - Started process (PID=333) to work on /home/airflow/.local/lib/python3.7/site-packages/airflow/example_dags/plugins/listener_plugin.py
[2023-04-27T05:01:48.371+0000] {processor.py:743} INFO - Processing file /home/airflow/.local/lib/python3.7/site-packages/airflow/example_dags/plugins/listener_plugin.py for tasks to queue
[2023-04-27T05:01:48.371+0000] {logging_mixin.py:137} INFO - [2023-04-27T05:01:48.371+0000] {dagbag.py:532} INFO - Filling up the DagBag from /home/airflow/.local/lib/python3.7/site-packages/airflow/example_dags/plugins/listener_plugin.py
[2023-04-27T05:01:48.373+0000] {processor.py:755} WARNING - No viable dags retrieved from /home/airflow/.local/lib/python3.7/site-packages/airflow/example_dags/plugins/listener_plugin.py
[2023-04-27T05:01:48.382+0000] {processor.py:175} INFO - Processing /home/airflow/.local/lib/python3.7/site-packages/airflow/example_dags/plugins/listener_plugin.py took 0.014 seconds
[2023-04-27T05:02:18.934+0000] {processor.py:153} INFO - Started process (PID=383) to work on /home/airflow/.local/lib/python3.7/site-packages/airflow/example_dags/plugins/listener_plugin.py
[2023-04-27T05:02:18.935+0000] {processor.py:743} INFO - Processing file /home/airflow/.local/lib/python3.7/site-packages/airflow/example_dags/plugins/listener_plugin.py for tasks to queue
[2023-04-27T05:02:18.935+0000] {logging_mixin.py:137} INFO - [2023-04-27T05:02:18.935+0000] {dagbag.py:532} INFO - Filling up the DagBag from /home/airflow/.local/lib/python3.7/site-packages/airflow/example_dags/plugins/listener_plugin.py
[2023-04-27T05:02:18.936+0000] {processor.py:755} WARNING - No viable dags retrieved from /home/airflow/.local/lib/python3.7/site-packages/airflow/example_dags/plugins/listener_plugin.py
[2023-04-27T05:02:18.947+0000] {processor.py:175} INFO - Processing /home/airflow/.local/lib/python3.7/site-packages/airflow/example_dags/plugins/listener_plugin.py took 0.015 seconds
[2023-04-27T05:02:49.635+0000] {processor.py:153} INFO - Started process (PID=433) to work on /home/airflow/.local/lib/python3.7/site-packages/airflow/example_dags/plugins/listener_plugin.py
[2023-04-27T05:02:49.636+0000] {processor.py:743} INFO - Processing file /home/airflow/.local/lib/python3.7/site-packages/airflow/example_dags/plugins/listener_plugin.py for tasks to queue
[2023-04-27T05:02:49.637+0000] {logging_mixin.py:137} INFO - [2023-04-27T05:02:49.636+0000] {dagbag.py:532} INFO - Filling up the DagBag from /home/airflow/.local/lib/python3.7/site-packages/airflow/example_dags/plugins/listener_plugin.py
[2023-04-27T05:02:49.638+0000] {processor.py:755} WARNING - No viable dags retrieved from /home/airflow/.local/lib/python3.7/site-packages/airflow/example_dags/plugins/listener_plugin.py
[2023-04-27T05:02:49.648+0000] {processor.py:175} INFO - Processing /home/airflow/.local/lib/python3.7/site-packages/airflow/example_dags/plugins/listener_plugin.py took 0.015 seconds
[2023-04-27T05:03:20.095+0000] {processor.py:153} INFO - Started process (PID=483) to work on /home/airflow/.local/lib/python3.7/site-packages/airflow/example_dags/plugins/listener_plugin.py
[2023-04-27T05:03:20.095+0000] {processor.py:743} INFO - Processing file /home/airflow/.local/lib/python3.7/site-packages/airflow/example_dags/plugins/listener_plugin.py for tasks to queue
[2023-04-27T05:03:20.096+0000] {logging_mixin.py:137} INFO - [2023-04-27T05:03:20.096+0000] {dagbag.py:532} INFO - Filling up the DagBag from /home/airflow/.local/lib/python3.7/site-packages/airflow/example_dags/plugins/listener_plugin.py
[2023-04-27T05:03:20.097+0000] {processor.py:755} WARNING - No viable dags retrieved from /home/airflow/.local/lib/python3.7/site-packages/airflow/example_dags/plugins/listener_plugin.py
[2023-04-27T05:03:20.108+0000] {processor.py:175} INFO - Processing /home/airflow/.local/lib/python3.7/site-packages/airflow/example_dags/plugins/listener_plugin.py took 0.015 seconds
[2023-04-27T05:03:50.428+0000] {processor.py:153} INFO - Started process (PID=533) to work on /home/airflow/.local/lib/python3.7/site-packages/airflow/example_dags/plugins/listener_plugin.py
[2023-04-27T05:03:50.428+0000] {processor.py:743} INFO - Processing file /home/airflow/.local/lib/python3.7/site-packages/airflow/example_dags/plugins/listener_plugin.py for tasks to queue
[2023-04-27T05:03:50.429+0000] {logging_mixin.py:137} INFO - [2023-04-27T05:03:50.429+0000] {dagbag.py:532} INFO - Filling up the DagBag from /home/airflow/.local/lib/python3.7/site-packages/airflow/example_dags/plugins/listener_plugin.py
[2023-04-27T05:03:50.430+0000] {processor.py:755} WARNING - No viable dags retrieved from /home/airflow/.local/lib/python3.7/site-packages/airflow/example_dags/plugins/listener_plugin.py
[2023-04-27T05:03:50.441+0000] {processor.py:175} INFO - Processing /home/airflow/.local/lib/python3.7/site-packages/airflow/example_dags/plugins/listener_plugin.py took 0.016 seconds
[2023-04-27T05:04:20.644+0000] {processor.py:153} INFO - Started process (PID=582) to work on /home/airflow/.local/lib/python3.7/site-packages/airflow/example_dags/plugins/listener_plugin.py
[2023-04-27T05:04:20.644+0000] {processor.py:743} INFO - Processing file /home/airflow/.local/lib/python3.7/site-packages/airflow/example_dags/plugins/listener_plugin.py for tasks to queue
[2023-04-27T05:04:20.645+0000] {logging_mixin.py:137} INFO - [2023-04-27T05:04:20.645+0000] {dagbag.py:532} INFO - Filling up the DagBag from /home/airflow/.local/lib/python3.7/site-packages/airflow/example_dags/plugins/listener_plugin.py
[2023-04-27T05:04:20.646+0000] {processor.py:755} WARNING - No viable dags retrieved from /home/airflow/.local/lib/python3.7/site-packages/airflow/example_dags/plugins/listener_plugin.py
[2023-04-27T05:04:20.653+0000] {processor.py:175} INFO - Processing /home/airflow/.local/lib/python3.7/site-packages/airflow/example_dags/plugins/listener_plugin.py took 0.011 seconds
[2023-04-27T05:04:50.781+0000] {processor.py:153} INFO - Started process (PID=632) to work on /home/airflow/.local/lib/python3.7/site-packages/airflow/example_dags/plugins/listener_plugin.py
[2023-04-27T05:04:50.782+0000] {processor.py:743} INFO - Processing file /home/airflow/.local/lib/python3.7/site-packages/airflow/example_dags/plugins/listener_plugin.py for tasks to queue
[2023-04-27T05:04:50.782+0000] {logging_mixin.py:137} INFO - [2023-04-27T05:04:50.782+0000] {dagbag.py:532} INFO - Filling up the DagBag from /home/airflow/.local/lib/python3.7/site-packages/airflow/example_dags/plugins/listener_plugin.py
[2023-04-27T05:04:50.784+0000] {processor.py:755} WARNING - No viable dags retrieved from /home/airflow/.local/lib/python3.7/site-packages/airflow/example_dags/plugins/listener_plugin.py
[2023-04-27T05:04:50.793+0000] {processor.py:175} INFO - Processing /home/airflow/.local/lib/python3.7/site-packages/airflow/example_dags/plugins/listener_plugin.py took 0.014 seconds
[2023-04-27T05:05:21.027+0000] {processor.py:153} INFO - Started process (PID=682) to work on /home/airflow/.local/lib/python3.7/site-packages/airflow/example_dags/plugins/listener_plugin.py
[2023-04-27T05:05:21.028+0000] {processor.py:743} INFO - Processing file /home/airflow/.local/lib/python3.7/site-packages/airflow/example_dags/plugins/listener_plugin.py for tasks to queue
[2023-04-27T05:05:21.028+0000] {logging_mixin.py:137} INFO - [2023-04-27T05:05:21.028+0000] {dagbag.py:532} INFO - Filling up the DagBag from /home/airflow/.local/lib/python3.7/site-packages/airflow/example_dags/plugins/listener_plugin.py
[2023-04-27T05:05:21.030+0000] {processor.py:755} WARNING - No viable dags retrieved from /home/airflow/.local/lib/python3.7/site-packages/airflow/example_dags/plugins/listener_plugin.py
[2023-04-27T05:05:21.039+0000] {processor.py:175} INFO - Processing /home/airflow/.local/lib/python3.7/site-packages/airflow/example_dags/plugins/listener_plugin.py took 0.014 seconds
[2023-04-27T05:05:51.252+0000] {processor.py:153} INFO - Started process (PID=732) to work on /home/airflow/.local/lib/python3.7/site-packages/airflow/example_dags/plugins/listener_plugin.py
[2023-04-27T05:05:51.252+0000] {processor.py:743} INFO - Processing file /home/airflow/.local/lib/python3.7/site-packages/airflow/example_dags/plugins/listener_plugin.py for tasks to queue
[2023-04-27T05:05:51.253+0000] {logging_mixin.py:137} INFO - [2023-04-27T05:05:51.253+0000] {dagbag.py:532} INFO - Filling up the DagBag from /home/airflow/.local/lib/python3.7/site-packages/airflow/example_dags/plugins/listener_plugin.py
[2023-04-27T05:05:51.254+0000] {processor.py:755} WARNING - No viable dags retrieved from /home/airflow/.local/lib/python3.7/site-packages/airflow/example_dags/plugins/listener_plugin.py
[2023-04-27T05:05:51.263+0000] {processor.py:175} INFO - Processing /home/airflow/.local/lib/python3.7/site-packages/airflow/example_dags/plugins/listener_plugin.py took 0.014 seconds
[2023-04-27T05:06:22.313+0000] {processor.py:153} INFO - Started process (PID=782) to work on /home/airflow/.local/lib/python3.7/site-packages/airflow/example_dags/plugins/listener_plugin.py
[2023-04-27T05:06:22.314+0000] {processor.py:743} INFO - Processing file /home/airflow/.local/lib/python3.7/site-packages/airflow/example_dags/plugins/listener_plugin.py for tasks to queue
[2023-04-27T05:06:22.314+0000] {logging_mixin.py:137} INFO - [2023-04-27T05:06:22.314+0000] {dagbag.py:532} INFO - Filling up the DagBag from /home/airflow/.local/lib/python3.7/site-packages/airflow/example_dags/plugins/listener_plugin.py
[2023-04-27T05:06:22.315+0000] {processor.py:755} WARNING - No viable dags retrieved from /home/airflow/.local/lib/python3.7/site-packages/airflow/example_dags/plugins/listener_plugin.py
[2023-04-27T05:06:22.324+0000] {processor.py:175} INFO - Processing /home/airflow/.local/lib/python3.7/site-packages/airflow/example_dags/plugins/listener_plugin.py took 0.013 seconds
[2023-04-27T05:06:52.479+0000] {processor.py:153} INFO - Started process (PID=832) to work on /home/airflow/.local/lib/python3.7/site-packages/airflow/example_dags/plugins/listener_plugin.py
[2023-04-27T05:06:52.480+0000] {processor.py:743} INFO - Processing file /home/airflow/.local/lib/python3.7/site-packages/airflow/example_dags/plugins/listener_plugin.py for tasks to queue
[2023-04-27T05:06:52.480+0000] {logging_mixin.py:137} INFO - [2023-04-27T05:06:52.480+0000] {dagbag.py:532} INFO - Filling up the DagBag from /home/airflow/.local/lib/python3.7/site-packages/airflow/example_dags/plugins/listener_plugin.py
[2023-04-27T05:06:52.481+0000] {processor.py:755} WARNING - No viable dags retrieved from /home/airflow/.local/lib/python3.7/site-packages/airflow/example_dags/plugins/listener_plugin.py
[2023-04-27T05:06:52.490+0000] {processor.py:175} INFO - Processing /home/airflow/.local/lib/python3.7/site-packages/airflow/example_dags/plugins/listener_plugin.py took 0.013 seconds
[2023-04-27T05:07:22.854+0000] {processor.py:153} INFO - Started process (PID=882) to work on /home/airflow/.local/lib/python3.7/site-packages/airflow/example_dags/plugins/listener_plugin.py
[2023-04-27T05:07:22.854+0000] {processor.py:743} INFO - Processing file /home/airflow/.local/lib/python3.7/site-packages/airflow/example_dags/plugins/listener_plugin.py for tasks to queue
[2023-04-27T05:07:22.855+0000] {logging_mixin.py:137} INFO - [2023-04-27T05:07:22.855+0000] {dagbag.py:532} INFO - Filling up the DagBag from /home/airflow/.local/lib/python3.7/site-packages/airflow/example_dags/plugins/listener_plugin.py
[2023-04-27T05:07:22.856+0000] {processor.py:755} WARNING - No viable dags retrieved from /home/airflow/.local/lib/python3.7/site-packages/airflow/example_dags/plugins/listener_plugin.py
[2023-04-27T05:07:22.865+0000] {processor.py:175} INFO - Processing /home/airflow/.local/lib/python3.7/site-packages/airflow/example_dags/plugins/listener_plugin.py took 0.013 seconds
[2023-04-27T05:07:53.102+0000] {processor.py:153} INFO - Started process (PID=932) to work on /home/airflow/.local/lib/python3.7/site-packages/airflow/example_dags/plugins/listener_plugin.py
[2023-04-27T05:07:53.103+0000] {processor.py:743} INFO - Processing file /home/airflow/.local/lib/python3.7/site-packages/airflow/example_dags/plugins/listener_plugin.py for tasks to queue
[2023-04-27T05:07:53.103+0000] {logging_mixin.py:137} INFO - [2023-04-27T05:07:53.103+0000] {dagbag.py:532} INFO - Filling up the DagBag from /home/airflow/.local/lib/python3.7/site-packages/airflow/example_dags/plugins/listener_plugin.py
[2023-04-27T05:07:53.104+0000] {processor.py:755} WARNING - No viable dags retrieved from /home/airflow/.local/lib/python3.7/site-packages/airflow/example_dags/plugins/listener_plugin.py
[2023-04-27T05:07:53.114+0000] {processor.py:175} INFO - Processing /home/airflow/.local/lib/python3.7/site-packages/airflow/example_dags/plugins/listener_plugin.py took 0.014 seconds
[2023-04-27T05:08:24.116+0000] {processor.py:153} INFO - Started process (PID=982) to work on /home/airflow/.local/lib/python3.7/site-packages/airflow/example_dags/plugins/listener_plugin.py
[2023-04-27T05:08:24.117+0000] {processor.py:743} INFO - Processing file /home/airflow/.local/lib/python3.7/site-packages/airflow/example_dags/plugins/listener_plugin.py for tasks to queue
[2023-04-27T05:08:24.117+0000] {logging_mixin.py:137} INFO - [2023-04-27T05:08:24.117+0000] {dagbag.py:532} INFO - Filling up the DagBag from /home/airflow/.local/lib/python3.7/site-packages/airflow/example_dags/plugins/listener_plugin.py
[2023-04-27T05:08:24.119+0000] {processor.py:755} WARNING - No viable dags retrieved from /home/airflow/.local/lib/python3.7/site-packages/airflow/example_dags/plugins/listener_plugin.py
[2023-04-27T05:08:24.128+0000] {processor.py:175} INFO - Processing /home/airflow/.local/lib/python3.7/site-packages/airflow/example_dags/plugins/listener_plugin.py took 0.013 seconds
[2023-04-27T05:08:54.370+0000] {processor.py:153} INFO - Started process (PID=1032) to work on /home/airflow/.local/lib/python3.7/site-packages/airflow/example_dags/plugins/listener_plugin.py
[2023-04-27T05:08:54.370+0000] {processor.py:743} INFO - Processing file /home/airflow/.local/lib/python3.7/site-packages/airflow/example_dags/plugins/listener_plugin.py for tasks to queue
[2023-04-27T05:08:54.371+0000] {logging_mixin.py:137} INFO - [2023-04-27T05:08:54.370+0000] {dagbag.py:532} INFO - Filling up the DagBag from /home/airflow/.local/lib/python3.7/site-packages/airflow/example_dags/plugins/listener_plugin.py
[2023-04-27T05:08:54.372+0000] {processor.py:755} WARNING - No viable dags retrieved from /home/airflow/.local/lib/python3.7/site-packages/airflow/example_dags/plugins/listener_plugin.py
[2023-04-27T05:08:54.381+0000] {processor.py:175} INFO - Processing /home/airflow/.local/lib/python3.7/site-packages/airflow/example_dags/plugins/listener_plugin.py took 0.013 seconds
[2023-04-27T05:09:24.679+0000] {processor.py:153} INFO - Started process (PID=1082) to work on /home/airflow/.local/lib/python3.7/site-packages/airflow/example_dags/plugins/listener_plugin.py
[2023-04-27T05:09:24.679+0000] {processor.py:743} INFO - Processing file /home/airflow/.local/lib/python3.7/site-packages/airflow/example_dags/plugins/listener_plugin.py for tasks to queue
[2023-04-27T05:09:24.679+0000] {logging_mixin.py:137} INFO - [2023-04-27T05:09:24.679+0000] {dagbag.py:532} INFO - Filling up the DagBag from /home/airflow/.local/lib/python3.7/site-packages/airflow/example_dags/plugins/listener_plugin.py
[2023-04-27T05:09:24.680+0000] {processor.py:755} WARNING - No viable dags retrieved from /home/airflow/.local/lib/python3.7/site-packages/airflow/example_dags/plugins/listener_plugin.py
[2023-04-27T05:09:24.688+0000] {processor.py:175} INFO - Processing /home/airflow/.local/lib/python3.7/site-packages/airflow/example_dags/plugins/listener_plugin.py took 0.012 seconds
[2023-04-27T05:09:54.831+0000] {processor.py:153} INFO - Started process (PID=1132) to work on /home/airflow/.local/lib/python3.7/site-packages/airflow/example_dags/plugins/listener_plugin.py
[2023-04-27T05:09:54.832+0000] {processor.py:743} INFO - Processing file /home/airflow/.local/lib/python3.7/site-packages/airflow/example_dags/plugins/listener_plugin.py for tasks to queue
[2023-04-27T05:09:54.832+0000] {logging_mixin.py:137} INFO - [2023-04-27T05:09:54.832+0000] {dagbag.py:532} INFO - Filling up the DagBag from /home/airflow/.local/lib/python3.7/site-packages/airflow/example_dags/plugins/listener_plugin.py
[2023-04-27T05:09:54.833+0000] {processor.py:755} WARNING - No viable dags retrieved from /home/airflow/.local/lib/python3.7/site-packages/airflow/example_dags/plugins/listener_plugin.py
[2023-04-27T05:09:54.842+0000] {processor.py:175} INFO - Processing /home/airflow/.local/lib/python3.7/site-packages/airflow/example_dags/plugins/listener_plugin.py took 0.013 seconds
[2023-04-27T05:10:25.067+0000] {processor.py:153} INFO - Started process (PID=1182) to work on /home/airflow/.local/lib/python3.7/site-packages/airflow/example_dags/plugins/listener_plugin.py
[2023-04-27T05:10:25.068+0000] {processor.py:743} INFO - Processing file /home/airflow/.local/lib/python3.7/site-packages/airflow/example_dags/plugins/listener_plugin.py for tasks to queue
[2023-04-27T05:10:25.068+0000] {logging_mixin.py:137} INFO - [2023-04-27T05:10:25.068+0000] {dagbag.py:532} INFO - Filling up the DagBag from /home/airflow/.local/lib/python3.7/site-packages/airflow/example_dags/plugins/listener_plugin.py
[2023-04-27T05:10:25.069+0000] {processor.py:755} WARNING - No viable dags retrieved from /home/airflow/.local/lib/python3.7/site-packages/airflow/example_dags/plugins/listener_plugin.py
[2023-04-27T05:10:25.078+0000] {processor.py:175} INFO - Processing /home/airflow/.local/lib/python3.7/site-packages/airflow/example_dags/plugins/listener_plugin.py took 0.013 seconds
[2023-04-27T05:10:55.366+0000] {processor.py:153} INFO - Started process (PID=1231) to work on /home/airflow/.local/lib/python3.7/site-packages/airflow/example_dags/plugins/listener_plugin.py
[2023-04-27T05:10:55.367+0000] {processor.py:743} INFO - Processing file /home/airflow/.local/lib/python3.7/site-packages/airflow/example_dags/plugins/listener_plugin.py for tasks to queue
[2023-04-27T05:10:55.367+0000] {logging_mixin.py:137} INFO - [2023-04-27T05:10:55.367+0000] {dagbag.py:532} INFO - Filling up the DagBag from /home/airflow/.local/lib/python3.7/site-packages/airflow/example_dags/plugins/listener_plugin.py
[2023-04-27T05:10:55.369+0000] {processor.py:755} WARNING - No viable dags retrieved from /home/airflow/.local/lib/python3.7/site-packages/airflow/example_dags/plugins/listener_plugin.py
[2023-04-27T05:10:55.377+0000] {processor.py:175} INFO - Processing /home/airflow/.local/lib/python3.7/site-packages/airflow/example_dags/plugins/listener_plugin.py took 0.013 seconds
[2023-04-27T05:11:25.587+0000] {processor.py:153} INFO - Started process (PID=1281) to work on /home/airflow/.local/lib/python3.7/site-packages/airflow/example_dags/plugins/listener_plugin.py
[2023-04-27T05:11:25.587+0000] {processor.py:743} INFO - Processing file /home/airflow/.local/lib/python3.7/site-packages/airflow/example_dags/plugins/listener_plugin.py for tasks to queue
[2023-04-27T05:11:25.588+0000] {logging_mixin.py:137} INFO - [2023-04-27T05:11:25.587+0000] {dagbag.py:532} INFO - Filling up the DagBag from /home/airflow/.local/lib/python3.7/site-packages/airflow/example_dags/plugins/listener_plugin.py
[2023-04-27T05:11:25.589+0000] {processor.py:755} WARNING - No viable dags retrieved from /home/airflow/.local/lib/python3.7/site-packages/airflow/example_dags/plugins/listener_plugin.py
[2023-04-27T05:11:25.597+0000] {processor.py:175} INFO - Processing /home/airflow/.local/lib/python3.7/site-packages/airflow/example_dags/plugins/listener_plugin.py took 0.013 seconds
[2023-04-27T05:11:55.824+0000] {processor.py:153} INFO - Started process (PID=1331) to work on /home/airflow/.local/lib/python3.7/site-packages/airflow/example_dags/plugins/listener_plugin.py
[2023-04-27T05:11:55.824+0000] {processor.py:743} INFO - Processing file /home/airflow/.local/lib/python3.7/site-packages/airflow/example_dags/plugins/listener_plugin.py for tasks to queue
[2023-04-27T05:11:55.825+0000] {logging_mixin.py:137} INFO - [2023-04-27T05:11:55.825+0000] {dagbag.py:532} INFO - Filling up the DagBag from /home/airflow/.local/lib/python3.7/site-packages/airflow/example_dags/plugins/listener_plugin.py
[2023-04-27T05:11:55.826+0000] {processor.py:755} WARNING - No viable dags retrieved from /home/airflow/.local/lib/python3.7/site-packages/airflow/example_dags/plugins/listener_plugin.py
[2023-04-27T05:11:55.835+0000] {processor.py:175} INFO - Processing /home/airflow/.local/lib/python3.7/site-packages/airflow/example_dags/plugins/listener_plugin.py took 0.013 seconds
[2023-04-27T05:12:26.009+0000] {processor.py:153} INFO - Started process (PID=1381) to work on /home/airflow/.local/lib/python3.7/site-packages/airflow/example_dags/plugins/listener_plugin.py
[2023-04-27T05:12:26.010+0000] {processor.py:743} INFO - Processing file /home/airflow/.local/lib/python3.7/site-packages/airflow/example_dags/plugins/listener_plugin.py for tasks to queue
[2023-04-27T05:12:26.010+0000] {logging_mixin.py:137} INFO - [2023-04-27T05:12:26.010+0000] {dagbag.py:532} INFO - Filling up the DagBag from /home/airflow/.local/lib/python3.7/site-packages/airflow/example_dags/plugins/listener_plugin.py
[2023-04-27T05:12:26.011+0000] {processor.py:755} WARNING - No viable dags retrieved from /home/airflow/.local/lib/python3.7/site-packages/airflow/example_dags/plugins/listener_plugin.py
[2023-04-27T05:12:26.020+0000] {processor.py:175} INFO - Processing /home/airflow/.local/lib/python3.7/site-packages/airflow/example_dags/plugins/listener_plugin.py took 0.013 seconds
[2023-04-27T05:12:56.289+0000] {processor.py:153} INFO - Started process (PID=1431) to work on /home/airflow/.local/lib/python3.7/site-packages/airflow/example_dags/plugins/listener_plugin.py
[2023-04-27T05:12:56.289+0000] {processor.py:743} INFO - Processing file /home/airflow/.local/lib/python3.7/site-packages/airflow/example_dags/plugins/listener_plugin.py for tasks to queue
[2023-04-27T05:12:56.289+0000] {logging_mixin.py:137} INFO - [2023-04-27T05:12:56.289+0000] {dagbag.py:532} INFO - Filling up the DagBag from /home/airflow/.local/lib/python3.7/site-packages/airflow/example_dags/plugins/listener_plugin.py
[2023-04-27T05:12:56.291+0000] {processor.py:755} WARNING - No viable dags retrieved from /home/airflow/.local/lib/python3.7/site-packages/airflow/example_dags/plugins/listener_plugin.py
[2023-04-27T05:12:56.300+0000] {processor.py:175} INFO - Processing /home/airflow/.local/lib/python3.7/site-packages/airflow/example_dags/plugins/listener_plugin.py took 0.014 seconds
[2023-04-27T05:13:26.726+0000] {processor.py:153} INFO - Started process (PID=1481) to work on /home/airflow/.local/lib/python3.7/site-packages/airflow/example_dags/plugins/listener_plugin.py
[2023-04-27T05:13:26.727+0000] {processor.py:743} INFO - Processing file /home/airflow/.local/lib/python3.7/site-packages/airflow/example_dags/plugins/listener_plugin.py for tasks to queue
[2023-04-27T05:13:26.727+0000] {logging_mixin.py:137} INFO - [2023-04-27T05:13:26.727+0000] {dagbag.py:532} INFO - Filling up the DagBag from /home/airflow/.local/lib/python3.7/site-packages/airflow/example_dags/plugins/listener_plugin.py
[2023-04-27T05:13:26.728+0000] {processor.py:755} WARNING - No viable dags retrieved from /home/airflow/.local/lib/python3.7/site-packages/airflow/example_dags/plugins/listener_plugin.py
[2023-04-27T05:13:26.737+0000] {processor.py:175} INFO - Processing /home/airflow/.local/lib/python3.7/site-packages/airflow/example_dags/plugins/listener_plugin.py took 0.013 seconds
[2023-04-27T05:13:56.921+0000] {processor.py:153} INFO - Started process (PID=1531) to work on /home/airflow/.local/lib/python3.7/site-packages/airflow/example_dags/plugins/listener_plugin.py
[2023-04-27T05:13:56.921+0000] {processor.py:743} INFO - Processing file /home/airflow/.local/lib/python3.7/site-packages/airflow/example_dags/plugins/listener_plugin.py for tasks to queue
[2023-04-27T05:13:56.922+0000] {logging_mixin.py:137} INFO - [2023-04-27T05:13:56.922+0000] {dagbag.py:532} INFO - Filling up the DagBag from /home/airflow/.local/lib/python3.7/site-packages/airflow/example_dags/plugins/listener_plugin.py
[2023-04-27T05:13:56.923+0000] {processor.py:755} WARNING - No viable dags retrieved from /home/airflow/.local/lib/python3.7/site-packages/airflow/example_dags/plugins/listener_plugin.py
[2023-04-27T05:13:56.932+0000] {processor.py:175} INFO - Processing /home/airflow/.local/lib/python3.7/site-packages/airflow/example_dags/plugins/listener_plugin.py took 0.013 seconds
[2023-04-27T05:14:27.199+0000] {processor.py:153} INFO - Started process (PID=1581) to work on /home/airflow/.local/lib/python3.7/site-packages/airflow/example_dags/plugins/listener_plugin.py
[2023-04-27T05:14:27.200+0000] {processor.py:743} INFO - Processing file /home/airflow/.local/lib/python3.7/site-packages/airflow/example_dags/plugins/listener_plugin.py for tasks to queue
[2023-04-27T05:14:27.201+0000] {logging_mixin.py:137} INFO - [2023-04-27T05:14:27.201+0000] {dagbag.py:532} INFO - Filling up the DagBag from /home/airflow/.local/lib/python3.7/site-packages/airflow/example_dags/plugins/listener_plugin.py
[2023-04-27T05:14:27.202+0000] {processor.py:755} WARNING - No viable dags retrieved from /home/airflow/.local/lib/python3.7/site-packages/airflow/example_dags/plugins/listener_plugin.py
[2023-04-27T05:14:27.211+0000] {processor.py:175} INFO - Processing /home/airflow/.local/lib/python3.7/site-packages/airflow/example_dags/plugins/listener_plugin.py took 0.015 seconds
[2023-04-27T05:14:57.324+0000] {processor.py:153} INFO - Started process (PID=1629) to work on /home/airflow/.local/lib/python3.7/site-packages/airflow/example_dags/plugins/listener_plugin.py
[2023-04-27T05:14:57.324+0000] {processor.py:743} INFO - Processing file /home/airflow/.local/lib/python3.7/site-packages/airflow/example_dags/plugins/listener_plugin.py for tasks to queue
[2023-04-27T05:14:57.325+0000] {logging_mixin.py:137} INFO - [2023-04-27T05:14:57.325+0000] {dagbag.py:532} INFO - Filling up the DagBag from /home/airflow/.local/lib/python3.7/site-packages/airflow/example_dags/plugins/listener_plugin.py
[2023-04-27T05:14:57.326+0000] {processor.py:755} WARNING - No viable dags retrieved from /home/airflow/.local/lib/python3.7/site-packages/airflow/example_dags/plugins/listener_plugin.py
[2023-04-27T05:14:57.338+0000] {processor.py:175} INFO - Processing /home/airflow/.local/lib/python3.7/site-packages/airflow/example_dags/plugins/listener_plugin.py took 0.016 seconds
