[2023-05-02T19:07:28.348+0000] {processor.py:153} INFO - Started process (PID=46) to work on /opt/airflow/dags/space_missions_launches_to_gcp.py
[2023-05-02T19:07:28.348+0000] {processor.py:743} INFO - Processing file /opt/airflow/dags/space_missions_launches_to_gcp.py for tasks to queue
[2023-05-02T19:07:28.349+0000] {logging_mixin.py:137} INFO - [2023-05-02T19:07:28.349+0000] {dagbag.py:532} INFO - Filling up the DagBag from /opt/airflow/dags/space_missions_launches_to_gcp.py
[2023-05-02T19:07:29.013+0000] {processor.py:753} INFO - DAG(s) dict_keys(['space_missions_launches_to_gcp_dag']) retrieved from /opt/airflow/dags/space_missions_launches_to_gcp.py
[2023-05-02T19:07:29.064+0000] {logging_mixin.py:137} INFO - [2023-05-02T19:07:29.064+0000] {dag.py:2705} INFO - Sync 1 DAGs
[2023-05-02T19:07:29.084+0000] {logging_mixin.py:137} INFO - [2023-05-02T19:07:29.084+0000] {dag.py:3456} INFO - Setting next_dagrun for space_missions_launches_to_gcp_dag to None, run_after=None
[2023-05-02T19:07:29.101+0000] {processor.py:175} INFO - Processing /opt/airflow/dags/space_missions_launches_to_gcp.py took 0.756 seconds
[2023-05-02T19:34:19.299+0000] {processor.py:153} INFO - Started process (PID=46) to work on /opt/airflow/dags/space_missions_launches_to_gcp.py
[2023-05-02T19:34:19.300+0000] {processor.py:743} INFO - Processing file /opt/airflow/dags/space_missions_launches_to_gcp.py for tasks to queue
[2023-05-02T19:34:19.300+0000] {logging_mixin.py:137} INFO - [2023-05-02T19:34:19.300+0000] {dagbag.py:532} INFO - Filling up the DagBag from /opt/airflow/dags/space_missions_launches_to_gcp.py
[2023-05-02T19:34:19.742+0000] {processor.py:753} INFO - DAG(s) dict_keys(['space_missions_launches_to_gcp_dag']) retrieved from /opt/airflow/dags/space_missions_launches_to_gcp.py
[2023-05-02T19:34:19.780+0000] {logging_mixin.py:137} INFO - [2023-05-02T19:34:19.779+0000] {dag.py:2705} INFO - Sync 1 DAGs
[2023-05-02T19:34:19.795+0000] {logging_mixin.py:137} INFO - [2023-05-02T19:34:19.795+0000] {dag.py:3456} INFO - Setting next_dagrun for space_missions_launches_to_gcp_dag to None, run_after=None
[2023-05-02T19:34:19.808+0000] {processor.py:175} INFO - Processing /opt/airflow/dags/space_missions_launches_to_gcp.py took 0.511 seconds
[2023-05-02T19:34:50.183+0000] {processor.py:153} INFO - Started process (PID=98) to work on /opt/airflow/dags/space_missions_launches_to_gcp.py
[2023-05-02T19:34:50.184+0000] {processor.py:743} INFO - Processing file /opt/airflow/dags/space_missions_launches_to_gcp.py for tasks to queue
[2023-05-02T19:34:50.184+0000] {logging_mixin.py:137} INFO - [2023-05-02T19:34:50.184+0000] {dagbag.py:532} INFO - Filling up the DagBag from /opt/airflow/dags/space_missions_launches_to_gcp.py
[2023-05-02T19:34:50.520+0000] {processor.py:753} INFO - DAG(s) dict_keys(['space_missions_launches_to_gcp_dag']) retrieved from /opt/airflow/dags/space_missions_launches_to_gcp.py
[2023-05-02T19:34:50.532+0000] {logging_mixin.py:137} INFO - [2023-05-02T19:34:50.532+0000] {dag.py:2705} INFO - Sync 1 DAGs
[2023-05-02T19:34:50.545+0000] {logging_mixin.py:137} INFO - [2023-05-02T19:34:50.544+0000] {dag.py:3456} INFO - Setting next_dagrun for space_missions_launches_to_gcp_dag to None, run_after=None
[2023-05-02T19:34:50.564+0000] {processor.py:175} INFO - Processing /opt/airflow/dags/space_missions_launches_to_gcp.py took 0.384 seconds
[2023-05-02T19:35:21.056+0000] {processor.py:153} INFO - Started process (PID=150) to work on /opt/airflow/dags/space_missions_launches_to_gcp.py
[2023-05-02T19:35:21.066+0000] {processor.py:743} INFO - Processing file /opt/airflow/dags/space_missions_launches_to_gcp.py for tasks to queue
[2023-05-02T19:35:21.066+0000] {logging_mixin.py:137} INFO - [2023-05-02T19:35:21.066+0000] {dagbag.py:532} INFO - Filling up the DagBag from /opt/airflow/dags/space_missions_launches_to_gcp.py
[2023-05-02T19:35:21.446+0000] {processor.py:753} INFO - DAG(s) dict_keys(['space_missions_launches_to_gcp_dag']) retrieved from /opt/airflow/dags/space_missions_launches_to_gcp.py
[2023-05-02T19:35:21.459+0000] {logging_mixin.py:137} INFO - [2023-05-02T19:35:21.459+0000] {dag.py:2705} INFO - Sync 1 DAGs
[2023-05-02T19:35:21.485+0000] {processor.py:175} INFO - Processing /opt/airflow/dags/space_missions_launches_to_gcp.py took 0.430 seconds
[2023-05-02T19:35:52.278+0000] {processor.py:153} INFO - Started process (PID=205) to work on /opt/airflow/dags/space_missions_launches_to_gcp.py
[2023-05-02T19:35:52.287+0000] {processor.py:743} INFO - Processing file /opt/airflow/dags/space_missions_launches_to_gcp.py for tasks to queue
[2023-05-02T19:35:52.288+0000] {logging_mixin.py:137} INFO - [2023-05-02T19:35:52.288+0000] {dagbag.py:532} INFO - Filling up the DagBag from /opt/airflow/dags/space_missions_launches_to_gcp.py
[2023-05-02T19:35:52.651+0000] {processor.py:753} INFO - DAG(s) dict_keys(['space_missions_launches_to_gcp_dag']) retrieved from /opt/airflow/dags/space_missions_launches_to_gcp.py
[2023-05-02T19:35:52.664+0000] {logging_mixin.py:137} INFO - [2023-05-02T19:35:52.663+0000] {dag.py:2705} INFO - Sync 1 DAGs
[2023-05-02T19:35:52.676+0000] {logging_mixin.py:137} INFO - [2023-05-02T19:35:52.676+0000] {dag.py:3456} INFO - Setting next_dagrun for space_missions_launches_to_gcp_dag to None, run_after=None
[2023-05-02T19:35:52.686+0000] {processor.py:175} INFO - Processing /opt/airflow/dags/space_missions_launches_to_gcp.py took 0.411 seconds
[2023-05-02T19:36:23.083+0000] {processor.py:153} INFO - Started process (PID=257) to work on /opt/airflow/dags/space_missions_launches_to_gcp.py
[2023-05-02T19:36:23.092+0000] {processor.py:743} INFO - Processing file /opt/airflow/dags/space_missions_launches_to_gcp.py for tasks to queue
[2023-05-02T19:36:23.093+0000] {logging_mixin.py:137} INFO - [2023-05-02T19:36:23.093+0000] {dagbag.py:532} INFO - Filling up the DagBag from /opt/airflow/dags/space_missions_launches_to_gcp.py
[2023-05-02T19:36:23.453+0000] {processor.py:753} INFO - DAG(s) dict_keys(['space_missions_launches_to_gcp_dag']) retrieved from /opt/airflow/dags/space_missions_launches_to_gcp.py
[2023-05-02T19:36:23.464+0000] {logging_mixin.py:137} INFO - [2023-05-02T19:36:23.464+0000] {dag.py:2705} INFO - Sync 1 DAGs
[2023-05-02T19:36:23.477+0000] {logging_mixin.py:137} INFO - [2023-05-02T19:36:23.477+0000] {dag.py:3456} INFO - Setting next_dagrun for space_missions_launches_to_gcp_dag to None, run_after=None
[2023-05-02T19:36:23.488+0000] {processor.py:175} INFO - Processing /opt/airflow/dags/space_missions_launches_to_gcp.py took 0.407 seconds
[2023-05-02T19:36:53.918+0000] {processor.py:153} INFO - Started process (PID=309) to work on /opt/airflow/dags/space_missions_launches_to_gcp.py
[2023-05-02T19:36:53.927+0000] {processor.py:743} INFO - Processing file /opt/airflow/dags/space_missions_launches_to_gcp.py for tasks to queue
[2023-05-02T19:36:53.928+0000] {logging_mixin.py:137} INFO - [2023-05-02T19:36:53.928+0000] {dagbag.py:532} INFO - Filling up the DagBag from /opt/airflow/dags/space_missions_launches_to_gcp.py
[2023-05-02T19:36:54.290+0000] {processor.py:753} INFO - DAG(s) dict_keys(['space_missions_launches_to_gcp_dag']) retrieved from /opt/airflow/dags/space_missions_launches_to_gcp.py
[2023-05-02T19:36:54.303+0000] {logging_mixin.py:137} INFO - [2023-05-02T19:36:54.302+0000] {dag.py:2705} INFO - Sync 1 DAGs
[2023-05-02T19:36:54.316+0000] {logging_mixin.py:137} INFO - [2023-05-02T19:36:54.316+0000] {dag.py:3456} INFO - Setting next_dagrun for space_missions_launches_to_gcp_dag to None, run_after=None
[2023-05-02T19:36:54.328+0000] {processor.py:175} INFO - Processing /opt/airflow/dags/space_missions_launches_to_gcp.py took 0.411 seconds
[2023-05-02T19:37:24.707+0000] {processor.py:153} INFO - Started process (PID=361) to work on /opt/airflow/dags/space_missions_launches_to_gcp.py
[2023-05-02T19:37:24.708+0000] {processor.py:743} INFO - Processing file /opt/airflow/dags/space_missions_launches_to_gcp.py for tasks to queue
[2023-05-02T19:37:24.708+0000] {logging_mixin.py:137} INFO - [2023-05-02T19:37:24.708+0000] {dagbag.py:532} INFO - Filling up the DagBag from /opt/airflow/dags/space_missions_launches_to_gcp.py
[2023-05-02T19:37:25.086+0000] {processor.py:753} INFO - DAG(s) dict_keys(['space_missions_launches_to_gcp_dag']) retrieved from /opt/airflow/dags/space_missions_launches_to_gcp.py
[2023-05-02T19:37:25.100+0000] {logging_mixin.py:137} INFO - [2023-05-02T19:37:25.100+0000] {dag.py:2705} INFO - Sync 1 DAGs
[2023-05-02T19:37:25.114+0000] {logging_mixin.py:137} INFO - [2023-05-02T19:37:25.113+0000] {dag.py:3456} INFO - Setting next_dagrun for space_missions_launches_to_gcp_dag to None, run_after=None
[2023-05-02T19:37:25.126+0000] {processor.py:175} INFO - Processing /opt/airflow/dags/space_missions_launches_to_gcp.py took 0.421 seconds
[2023-05-02T19:37:55.531+0000] {processor.py:153} INFO - Started process (PID=413) to work on /opt/airflow/dags/space_missions_launches_to_gcp.py
[2023-05-02T19:37:55.532+0000] {processor.py:743} INFO - Processing file /opt/airflow/dags/space_missions_launches_to_gcp.py for tasks to queue
[2023-05-02T19:37:55.533+0000] {logging_mixin.py:137} INFO - [2023-05-02T19:37:55.533+0000] {dagbag.py:532} INFO - Filling up the DagBag from /opt/airflow/dags/space_missions_launches_to_gcp.py
[2023-05-02T19:37:55.985+0000] {processor.py:753} INFO - DAG(s) dict_keys(['space_missions_launches_to_gcp_dag']) retrieved from /opt/airflow/dags/space_missions_launches_to_gcp.py
[2023-05-02T19:37:55.998+0000] {logging_mixin.py:137} INFO - [2023-05-02T19:37:55.998+0000] {dag.py:2705} INFO - Sync 1 DAGs
[2023-05-02T19:37:56.012+0000] {logging_mixin.py:137} INFO - [2023-05-02T19:37:56.012+0000] {dag.py:3456} INFO - Setting next_dagrun for space_missions_launches_to_gcp_dag to None, run_after=None
[2023-05-02T19:37:56.026+0000] {processor.py:175} INFO - Processing /opt/airflow/dags/space_missions_launches_to_gcp.py took 0.497 seconds
[2023-05-02T19:38:26.714+0000] {processor.py:153} INFO - Started process (PID=466) to work on /opt/airflow/dags/space_missions_launches_to_gcp.py
[2023-05-02T19:38:26.714+0000] {processor.py:743} INFO - Processing file /opt/airflow/dags/space_missions_launches_to_gcp.py for tasks to queue
[2023-05-02T19:38:26.715+0000] {logging_mixin.py:137} INFO - [2023-05-02T19:38:26.715+0000] {dagbag.py:532} INFO - Filling up the DagBag from /opt/airflow/dags/space_missions_launches_to_gcp.py
[2023-05-02T19:38:27.142+0000] {processor.py:753} INFO - DAG(s) dict_keys(['space_missions_launches_to_gcp_dag']) retrieved from /opt/airflow/dags/space_missions_launches_to_gcp.py
[2023-05-02T19:38:27.156+0000] {logging_mixin.py:137} INFO - [2023-05-02T19:38:27.156+0000] {dag.py:2705} INFO - Sync 1 DAGs
[2023-05-02T19:38:27.172+0000] {logging_mixin.py:137} INFO - [2023-05-02T19:38:27.171+0000] {dag.py:3456} INFO - Setting next_dagrun for space_missions_launches_to_gcp_dag to None, run_after=None
[2023-05-02T19:38:27.184+0000] {processor.py:175} INFO - Processing /opt/airflow/dags/space_missions_launches_to_gcp.py took 0.472 seconds
[2023-05-02T19:38:57.244+0000] {processor.py:153} INFO - Started process (PID=523) to work on /opt/airflow/dags/space_missions_launches_to_gcp.py
[2023-05-02T19:38:57.244+0000] {processor.py:743} INFO - Processing file /opt/airflow/dags/space_missions_launches_to_gcp.py for tasks to queue
[2023-05-02T19:38:57.244+0000] {logging_mixin.py:137} INFO - [2023-05-02T19:38:57.244+0000] {dagbag.py:532} INFO - Filling up the DagBag from /opt/airflow/dags/space_missions_launches_to_gcp.py
[2023-05-02T19:38:57.650+0000] {processor.py:753} INFO - DAG(s) dict_keys(['space_missions_launches_to_gcp_dag']) retrieved from /opt/airflow/dags/space_missions_launches_to_gcp.py
[2023-05-02T19:38:57.664+0000] {logging_mixin.py:137} INFO - [2023-05-02T19:38:57.662+0000] {dag.py:2705} INFO - Sync 1 DAGs
[2023-05-02T19:38:57.677+0000] {logging_mixin.py:137} INFO - [2023-05-02T19:38:57.677+0000] {dag.py:3456} INFO - Setting next_dagrun for space_missions_launches_to_gcp_dag to None, run_after=None
[2023-05-02T19:38:57.689+0000] {processor.py:175} INFO - Processing /opt/airflow/dags/space_missions_launches_to_gcp.py took 0.447 seconds
[2023-05-02T19:39:28.622+0000] {processor.py:153} INFO - Started process (PID=578) to work on /opt/airflow/dags/space_missions_launches_to_gcp.py
[2023-05-02T19:39:28.622+0000] {processor.py:743} INFO - Processing file /opt/airflow/dags/space_missions_launches_to_gcp.py for tasks to queue
[2023-05-02T19:39:28.622+0000] {logging_mixin.py:137} INFO - [2023-05-02T19:39:28.622+0000] {dagbag.py:532} INFO - Filling up the DagBag from /opt/airflow/dags/space_missions_launches_to_gcp.py
[2023-05-02T19:39:28.999+0000] {processor.py:753} INFO - DAG(s) dict_keys(['space_missions_launches_to_gcp_dag']) retrieved from /opt/airflow/dags/space_missions_launches_to_gcp.py
[2023-05-02T19:39:29.012+0000] {logging_mixin.py:137} INFO - [2023-05-02T19:39:29.011+0000] {dag.py:2705} INFO - Sync 1 DAGs
[2023-05-02T19:39:29.025+0000] {logging_mixin.py:137} INFO - [2023-05-02T19:39:29.025+0000] {dag.py:3456} INFO - Setting next_dagrun for space_missions_launches_to_gcp_dag to None, run_after=None
[2023-05-02T19:39:29.037+0000] {processor.py:175} INFO - Processing /opt/airflow/dags/space_missions_launches_to_gcp.py took 0.417 seconds
[2023-05-02T19:39:59.584+0000] {processor.py:153} INFO - Started process (PID=629) to work on /opt/airflow/dags/space_missions_launches_to_gcp.py
[2023-05-02T19:39:59.585+0000] {processor.py:743} INFO - Processing file /opt/airflow/dags/space_missions_launches_to_gcp.py for tasks to queue
[2023-05-02T19:39:59.586+0000] {logging_mixin.py:137} INFO - [2023-05-02T19:39:59.586+0000] {dagbag.py:532} INFO - Filling up the DagBag from /opt/airflow/dags/space_missions_launches_to_gcp.py
[2023-05-02T19:39:59.937+0000] {processor.py:753} INFO - DAG(s) dict_keys(['space_missions_launches_to_gcp_dag']) retrieved from /opt/airflow/dags/space_missions_launches_to_gcp.py
[2023-05-02T19:39:59.948+0000] {logging_mixin.py:137} INFO - [2023-05-02T19:39:59.948+0000] {dag.py:2705} INFO - Sync 1 DAGs
[2023-05-02T19:39:59.961+0000] {logging_mixin.py:137} INFO - [2023-05-02T19:39:59.961+0000] {dag.py:3456} INFO - Setting next_dagrun for space_missions_launches_to_gcp_dag to None, run_after=None
[2023-05-02T19:39:59.971+0000] {processor.py:175} INFO - Processing /opt/airflow/dags/space_missions_launches_to_gcp.py took 0.390 seconds
[2023-05-02T19:40:30.331+0000] {processor.py:153} INFO - Started process (PID=681) to work on /opt/airflow/dags/space_missions_launches_to_gcp.py
[2023-05-02T19:40:30.340+0000] {processor.py:743} INFO - Processing file /opt/airflow/dags/space_missions_launches_to_gcp.py for tasks to queue
[2023-05-02T19:40:30.340+0000] {logging_mixin.py:137} INFO - [2023-05-02T19:40:30.340+0000] {dagbag.py:532} INFO - Filling up the DagBag from /opt/airflow/dags/space_missions_launches_to_gcp.py
[2023-05-02T19:40:30.694+0000] {processor.py:753} INFO - DAG(s) dict_keys(['space_missions_launches_to_gcp_dag']) retrieved from /opt/airflow/dags/space_missions_launches_to_gcp.py
[2023-05-02T19:40:30.706+0000] {logging_mixin.py:137} INFO - [2023-05-02T19:40:30.705+0000] {dag.py:2705} INFO - Sync 1 DAGs
[2023-05-02T19:40:30.719+0000] {logging_mixin.py:137} INFO - [2023-05-02T19:40:30.719+0000] {dag.py:3456} INFO - Setting next_dagrun for space_missions_launches_to_gcp_dag to None, run_after=None
[2023-05-02T19:40:30.730+0000] {processor.py:175} INFO - Processing /opt/airflow/dags/space_missions_launches_to_gcp.py took 0.401 seconds
[2023-05-02T19:41:01.019+0000] {processor.py:153} INFO - Started process (PID=733) to work on /opt/airflow/dags/space_missions_launches_to_gcp.py
[2023-05-02T19:41:01.029+0000] {processor.py:743} INFO - Processing file /opt/airflow/dags/space_missions_launches_to_gcp.py for tasks to queue
[2023-05-02T19:41:01.030+0000] {logging_mixin.py:137} INFO - [2023-05-02T19:41:01.029+0000] {dagbag.py:532} INFO - Filling up the DagBag from /opt/airflow/dags/space_missions_launches_to_gcp.py
[2023-05-02T19:41:01.380+0000] {processor.py:753} INFO - DAG(s) dict_keys(['space_missions_launches_to_gcp_dag']) retrieved from /opt/airflow/dags/space_missions_launches_to_gcp.py
[2023-05-02T19:41:01.393+0000] {logging_mixin.py:137} INFO - [2023-05-02T19:41:01.392+0000] {dag.py:2705} INFO - Sync 1 DAGs
[2023-05-02T19:41:01.405+0000] {logging_mixin.py:137} INFO - [2023-05-02T19:41:01.405+0000] {dag.py:3456} INFO - Setting next_dagrun for space_missions_launches_to_gcp_dag to None, run_after=None
[2023-05-02T19:41:01.415+0000] {processor.py:175} INFO - Processing /opt/airflow/dags/space_missions_launches_to_gcp.py took 0.398 seconds
[2023-05-02T19:41:32.020+0000] {processor.py:153} INFO - Started process (PID=785) to work on /opt/airflow/dags/space_missions_launches_to_gcp.py
[2023-05-02T19:41:32.021+0000] {processor.py:743} INFO - Processing file /opt/airflow/dags/space_missions_launches_to_gcp.py for tasks to queue
[2023-05-02T19:41:32.021+0000] {logging_mixin.py:137} INFO - [2023-05-02T19:41:32.021+0000] {dagbag.py:532} INFO - Filling up the DagBag from /opt/airflow/dags/space_missions_launches_to_gcp.py
[2023-05-02T19:41:32.392+0000] {processor.py:753} INFO - DAG(s) dict_keys(['space_missions_launches_to_gcp_dag']) retrieved from /opt/airflow/dags/space_missions_launches_to_gcp.py
[2023-05-02T19:41:32.403+0000] {logging_mixin.py:137} INFO - [2023-05-02T19:41:32.403+0000] {dag.py:2705} INFO - Sync 1 DAGs
[2023-05-02T19:41:32.416+0000] {logging_mixin.py:137} INFO - [2023-05-02T19:41:32.415+0000] {dag.py:3456} INFO - Setting next_dagrun for space_missions_launches_to_gcp_dag to None, run_after=None
[2023-05-02T19:41:32.427+0000] {processor.py:175} INFO - Processing /opt/airflow/dags/space_missions_launches_to_gcp.py took 0.408 seconds
[2023-05-02T19:42:02.775+0000] {processor.py:153} INFO - Started process (PID=837) to work on /opt/airflow/dags/space_missions_launches_to_gcp.py
[2023-05-02T19:42:02.775+0000] {processor.py:743} INFO - Processing file /opt/airflow/dags/space_missions_launches_to_gcp.py for tasks to queue
[2023-05-02T19:42:02.776+0000] {logging_mixin.py:137} INFO - [2023-05-02T19:42:02.776+0000] {dagbag.py:532} INFO - Filling up the DagBag from /opt/airflow/dags/space_missions_launches_to_gcp.py
[2023-05-02T19:42:03.158+0000] {processor.py:753} INFO - DAG(s) dict_keys(['space_missions_launches_to_gcp_dag']) retrieved from /opt/airflow/dags/space_missions_launches_to_gcp.py
[2023-05-02T19:42:03.170+0000] {logging_mixin.py:137} INFO - [2023-05-02T19:42:03.170+0000] {dag.py:2705} INFO - Sync 1 DAGs
[2023-05-02T19:42:03.186+0000] {logging_mixin.py:137} INFO - [2023-05-02T19:42:03.186+0000] {dag.py:3456} INFO - Setting next_dagrun for space_missions_launches_to_gcp_dag to None, run_after=None
[2023-05-02T19:42:03.197+0000] {processor.py:175} INFO - Processing /opt/airflow/dags/space_missions_launches_to_gcp.py took 0.424 seconds
[2023-05-02T19:42:33.723+0000] {processor.py:153} INFO - Started process (PID=889) to work on /opt/airflow/dags/space_missions_launches_to_gcp.py
[2023-05-02T19:42:33.733+0000] {processor.py:743} INFO - Processing file /opt/airflow/dags/space_missions_launches_to_gcp.py for tasks to queue
[2023-05-02T19:42:33.734+0000] {logging_mixin.py:137} INFO - [2023-05-02T19:42:33.734+0000] {dagbag.py:532} INFO - Filling up the DagBag from /opt/airflow/dags/space_missions_launches_to_gcp.py
[2023-05-02T19:42:34.091+0000] {processor.py:753} INFO - DAG(s) dict_keys(['space_missions_launches_to_gcp_dag']) retrieved from /opt/airflow/dags/space_missions_launches_to_gcp.py
[2023-05-02T19:42:34.104+0000] {logging_mixin.py:137} INFO - [2023-05-02T19:42:34.103+0000] {dag.py:2705} INFO - Sync 1 DAGs
[2023-05-02T19:42:34.116+0000] {logging_mixin.py:137} INFO - [2023-05-02T19:42:34.116+0000] {dag.py:3456} INFO - Setting next_dagrun for space_missions_launches_to_gcp_dag to None, run_after=None
[2023-05-02T19:42:34.127+0000] {processor.py:175} INFO - Processing /opt/airflow/dags/space_missions_launches_to_gcp.py took 0.406 seconds
[2023-05-02T19:43:04.637+0000] {processor.py:153} INFO - Started process (PID=941) to work on /opt/airflow/dags/space_missions_launches_to_gcp.py
[2023-05-02T19:43:04.644+0000] {processor.py:743} INFO - Processing file /opt/airflow/dags/space_missions_launches_to_gcp.py for tasks to queue
[2023-05-02T19:43:04.645+0000] {logging_mixin.py:137} INFO - [2023-05-02T19:43:04.645+0000] {dagbag.py:532} INFO - Filling up the DagBag from /opt/airflow/dags/space_missions_launches_to_gcp.py
[2023-05-02T19:43:05.009+0000] {processor.py:753} INFO - DAG(s) dict_keys(['space_missions_launches_to_gcp_dag']) retrieved from /opt/airflow/dags/space_missions_launches_to_gcp.py
[2023-05-02T19:43:05.021+0000] {logging_mixin.py:137} INFO - [2023-05-02T19:43:05.020+0000] {dag.py:2705} INFO - Sync 1 DAGs
[2023-05-02T19:43:05.034+0000] {logging_mixin.py:137} INFO - [2023-05-02T19:43:05.034+0000] {dag.py:3456} INFO - Setting next_dagrun for space_missions_launches_to_gcp_dag to None, run_after=None
[2023-05-02T19:43:05.049+0000] {processor.py:175} INFO - Processing /opt/airflow/dags/space_missions_launches_to_gcp.py took 0.414 seconds
[2023-05-02T19:43:35.769+0000] {processor.py:153} INFO - Started process (PID=994) to work on /opt/airflow/dags/space_missions_launches_to_gcp.py
[2023-05-02T19:43:35.779+0000] {processor.py:743} INFO - Processing file /opt/airflow/dags/space_missions_launches_to_gcp.py for tasks to queue
[2023-05-02T19:43:35.780+0000] {logging_mixin.py:137} INFO - [2023-05-02T19:43:35.780+0000] {dagbag.py:532} INFO - Filling up the DagBag from /opt/airflow/dags/space_missions_launches_to_gcp.py
[2023-05-02T19:43:36.140+0000] {processor.py:753} INFO - DAG(s) dict_keys(['space_missions_launches_to_gcp_dag']) retrieved from /opt/airflow/dags/space_missions_launches_to_gcp.py
[2023-05-02T19:43:36.152+0000] {logging_mixin.py:137} INFO - [2023-05-02T19:43:36.151+0000] {dag.py:2705} INFO - Sync 1 DAGs
[2023-05-02T19:43:36.164+0000] {logging_mixin.py:137} INFO - [2023-05-02T19:43:36.164+0000] {dag.py:3456} INFO - Setting next_dagrun for space_missions_launches_to_gcp_dag to None, run_after=None
[2023-05-02T19:43:36.176+0000] {processor.py:175} INFO - Processing /opt/airflow/dags/space_missions_launches_to_gcp.py took 0.408 seconds
[2023-05-02T19:44:06.623+0000] {processor.py:153} INFO - Started process (PID=1045) to work on /opt/airflow/dags/space_missions_launches_to_gcp.py
[2023-05-02T19:44:06.632+0000] {processor.py:743} INFO - Processing file /opt/airflow/dags/space_missions_launches_to_gcp.py for tasks to queue
[2023-05-02T19:44:06.633+0000] {logging_mixin.py:137} INFO - [2023-05-02T19:44:06.633+0000] {dagbag.py:532} INFO - Filling up the DagBag from /opt/airflow/dags/space_missions_launches_to_gcp.py
[2023-05-02T19:44:06.985+0000] {processor.py:753} INFO - DAG(s) dict_keys(['space_missions_launches_to_gcp_dag']) retrieved from /opt/airflow/dags/space_missions_launches_to_gcp.py
[2023-05-02T19:44:06.996+0000] {logging_mixin.py:137} INFO - [2023-05-02T19:44:06.996+0000] {dag.py:2705} INFO - Sync 1 DAGs
[2023-05-02T19:44:07.010+0000] {logging_mixin.py:137} INFO - [2023-05-02T19:44:07.010+0000] {dag.py:3456} INFO - Setting next_dagrun for space_missions_launches_to_gcp_dag to None, run_after=None
[2023-05-02T19:44:07.020+0000] {processor.py:175} INFO - Processing /opt/airflow/dags/space_missions_launches_to_gcp.py took 0.402 seconds
[2023-05-02T19:44:37.085+0000] {processor.py:153} INFO - Started process (PID=1102) to work on /opt/airflow/dags/space_missions_launches_to_gcp.py
[2023-05-02T19:44:37.086+0000] {processor.py:743} INFO - Processing file /opt/airflow/dags/space_missions_launches_to_gcp.py for tasks to queue
[2023-05-02T19:44:37.087+0000] {logging_mixin.py:137} INFO - [2023-05-02T19:44:37.086+0000] {dagbag.py:532} INFO - Filling up the DagBag from /opt/airflow/dags/space_missions_launches_to_gcp.py
[2023-05-02T19:44:37.440+0000] {processor.py:753} INFO - DAG(s) dict_keys(['space_missions_launches_to_gcp_dag']) retrieved from /opt/airflow/dags/space_missions_launches_to_gcp.py
[2023-05-02T19:44:37.452+0000] {logging_mixin.py:137} INFO - [2023-05-02T19:44:37.451+0000] {dag.py:2705} INFO - Sync 1 DAGs
[2023-05-02T19:44:37.464+0000] {logging_mixin.py:137} INFO - [2023-05-02T19:44:37.464+0000] {dag.py:3456} INFO - Setting next_dagrun for space_missions_launches_to_gcp_dag to None, run_after=None
[2023-05-02T19:44:37.481+0000] {processor.py:175} INFO - Processing /opt/airflow/dags/space_missions_launches_to_gcp.py took 0.398 seconds
[2023-05-02T19:45:08.110+0000] {processor.py:153} INFO - Started process (PID=1154) to work on /opt/airflow/dags/space_missions_launches_to_gcp.py
[2023-05-02T19:45:08.120+0000] {processor.py:743} INFO - Processing file /opt/airflow/dags/space_missions_launches_to_gcp.py for tasks to queue
[2023-05-02T19:45:08.121+0000] {logging_mixin.py:137} INFO - [2023-05-02T19:45:08.120+0000] {dagbag.py:532} INFO - Filling up the DagBag from /opt/airflow/dags/space_missions_launches_to_gcp.py
[2023-05-02T19:45:08.474+0000] {processor.py:753} INFO - DAG(s) dict_keys(['space_missions_launches_to_gcp_dag']) retrieved from /opt/airflow/dags/space_missions_launches_to_gcp.py
[2023-05-02T19:45:08.486+0000] {logging_mixin.py:137} INFO - [2023-05-02T19:45:08.485+0000] {dag.py:2705} INFO - Sync 1 DAGs
[2023-05-02T19:45:08.498+0000] {logging_mixin.py:137} INFO - [2023-05-02T19:45:08.498+0000] {dag.py:3456} INFO - Setting next_dagrun for space_missions_launches_to_gcp_dag to None, run_after=None
[2023-05-02T19:45:08.507+0000] {processor.py:175} INFO - Processing /opt/airflow/dags/space_missions_launches_to_gcp.py took 0.399 seconds
[2023-05-02T19:45:39.113+0000] {processor.py:153} INFO - Started process (PID=1206) to work on /opt/airflow/dags/space_missions_launches_to_gcp.py
[2023-05-02T19:45:39.123+0000] {processor.py:743} INFO - Processing file /opt/airflow/dags/space_missions_launches_to_gcp.py for tasks to queue
[2023-05-02T19:45:39.124+0000] {logging_mixin.py:137} INFO - [2023-05-02T19:45:39.123+0000] {dagbag.py:532} INFO - Filling up the DagBag from /opt/airflow/dags/space_missions_launches_to_gcp.py
[2023-05-02T19:45:39.484+0000] {processor.py:753} INFO - DAG(s) dict_keys(['space_missions_launches_to_gcp_dag']) retrieved from /opt/airflow/dags/space_missions_launches_to_gcp.py
[2023-05-02T19:45:39.497+0000] {logging_mixin.py:137} INFO - [2023-05-02T19:45:39.496+0000] {dag.py:2705} INFO - Sync 1 DAGs
[2023-05-02T19:45:39.510+0000] {logging_mixin.py:137} INFO - [2023-05-02T19:45:39.510+0000] {dag.py:3456} INFO - Setting next_dagrun for space_missions_launches_to_gcp_dag to None, run_after=None
[2023-05-02T19:45:39.525+0000] {processor.py:175} INFO - Processing /opt/airflow/dags/space_missions_launches_to_gcp.py took 0.416 seconds
[2023-05-02T19:46:10.178+0000] {processor.py:153} INFO - Started process (PID=1258) to work on /opt/airflow/dags/space_missions_launches_to_gcp.py
[2023-05-02T19:46:10.187+0000] {processor.py:743} INFO - Processing file /opt/airflow/dags/space_missions_launches_to_gcp.py for tasks to queue
[2023-05-02T19:46:10.188+0000] {logging_mixin.py:137} INFO - [2023-05-02T19:46:10.188+0000] {dagbag.py:532} INFO - Filling up the DagBag from /opt/airflow/dags/space_missions_launches_to_gcp.py
[2023-05-02T19:46:10.538+0000] {processor.py:753} INFO - DAG(s) dict_keys(['space_missions_launches_to_gcp_dag']) retrieved from /opt/airflow/dags/space_missions_launches_to_gcp.py
[2023-05-02T19:46:10.550+0000] {logging_mixin.py:137} INFO - [2023-05-02T19:46:10.549+0000] {dag.py:2705} INFO - Sync 1 DAGs
[2023-05-02T19:46:10.562+0000] {logging_mixin.py:137} INFO - [2023-05-02T19:46:10.562+0000] {dag.py:3456} INFO - Setting next_dagrun for space_missions_launches_to_gcp_dag to None, run_after=None
[2023-05-02T19:46:10.574+0000] {processor.py:175} INFO - Processing /opt/airflow/dags/space_missions_launches_to_gcp.py took 0.398 seconds
[2023-05-02T19:46:41.108+0000] {processor.py:153} INFO - Started process (PID=1310) to work on /opt/airflow/dags/space_missions_launches_to_gcp.py
[2023-05-02T19:46:41.117+0000] {processor.py:743} INFO - Processing file /opt/airflow/dags/space_missions_launches_to_gcp.py for tasks to queue
[2023-05-02T19:46:41.118+0000] {logging_mixin.py:137} INFO - [2023-05-02T19:46:41.118+0000] {dagbag.py:532} INFO - Filling up the DagBag from /opt/airflow/dags/space_missions_launches_to_gcp.py
[2023-05-02T19:46:41.475+0000] {processor.py:753} INFO - DAG(s) dict_keys(['space_missions_launches_to_gcp_dag']) retrieved from /opt/airflow/dags/space_missions_launches_to_gcp.py
[2023-05-02T19:46:41.488+0000] {logging_mixin.py:137} INFO - [2023-05-02T19:46:41.487+0000] {dag.py:2705} INFO - Sync 1 DAGs
[2023-05-02T19:46:41.500+0000] {logging_mixin.py:137} INFO - [2023-05-02T19:46:41.500+0000] {dag.py:3456} INFO - Setting next_dagrun for space_missions_launches_to_gcp_dag to None, run_after=None
[2023-05-02T19:46:41.511+0000] {processor.py:175} INFO - Processing /opt/airflow/dags/space_missions_launches_to_gcp.py took 0.405 seconds
[2023-05-02T19:47:11.900+0000] {processor.py:153} INFO - Started process (PID=1362) to work on /opt/airflow/dags/space_missions_launches_to_gcp.py
[2023-05-02T19:47:11.901+0000] {processor.py:743} INFO - Processing file /opt/airflow/dags/space_missions_launches_to_gcp.py for tasks to queue
[2023-05-02T19:47:11.901+0000] {logging_mixin.py:137} INFO - [2023-05-02T19:47:11.901+0000] {dagbag.py:532} INFO - Filling up the DagBag from /opt/airflow/dags/space_missions_launches_to_gcp.py
[2023-05-02T19:47:12.249+0000] {processor.py:753} INFO - DAG(s) dict_keys(['space_missions_launches_to_gcp_dag']) retrieved from /opt/airflow/dags/space_missions_launches_to_gcp.py
[2023-05-02T19:47:12.261+0000] {logging_mixin.py:137} INFO - [2023-05-02T19:47:12.261+0000] {dag.py:2705} INFO - Sync 1 DAGs
[2023-05-02T19:47:12.273+0000] {logging_mixin.py:137} INFO - [2023-05-02T19:47:12.273+0000] {dag.py:3456} INFO - Setting next_dagrun for space_missions_launches_to_gcp_dag to None, run_after=None
[2023-05-02T19:47:12.284+0000] {processor.py:175} INFO - Processing /opt/airflow/dags/space_missions_launches_to_gcp.py took 0.388 seconds
[2023-05-02T19:47:42.856+0000] {processor.py:153} INFO - Started process (PID=1414) to work on /opt/airflow/dags/space_missions_launches_to_gcp.py
[2023-05-02T19:47:42.865+0000] {processor.py:743} INFO - Processing file /opt/airflow/dags/space_missions_launches_to_gcp.py for tasks to queue
[2023-05-02T19:47:42.866+0000] {logging_mixin.py:137} INFO - [2023-05-02T19:47:42.866+0000] {dagbag.py:532} INFO - Filling up the DagBag from /opt/airflow/dags/space_missions_launches_to_gcp.py
[2023-05-02T19:47:43.220+0000] {processor.py:753} INFO - DAG(s) dict_keys(['space_missions_launches_to_gcp_dag']) retrieved from /opt/airflow/dags/space_missions_launches_to_gcp.py
[2023-05-02T19:47:43.232+0000] {logging_mixin.py:137} INFO - [2023-05-02T19:47:43.232+0000] {dag.py:2705} INFO - Sync 1 DAGs
[2023-05-02T19:47:43.245+0000] {logging_mixin.py:137} INFO - [2023-05-02T19:47:43.245+0000] {dag.py:3456} INFO - Setting next_dagrun for space_missions_launches_to_gcp_dag to None, run_after=None
[2023-05-02T19:47:43.256+0000] {processor.py:175} INFO - Processing /opt/airflow/dags/space_missions_launches_to_gcp.py took 0.402 seconds
[2023-05-02T19:48:14.072+0000] {processor.py:153} INFO - Started process (PID=1469) to work on /opt/airflow/dags/space_missions_launches_to_gcp.py
[2023-05-02T19:48:14.082+0000] {processor.py:743} INFO - Processing file /opt/airflow/dags/space_missions_launches_to_gcp.py for tasks to queue
[2023-05-02T19:48:14.083+0000] {logging_mixin.py:137} INFO - [2023-05-02T19:48:14.083+0000] {dagbag.py:532} INFO - Filling up the DagBag from /opt/airflow/dags/space_missions_launches_to_gcp.py
[2023-05-02T19:48:14.435+0000] {processor.py:753} INFO - DAG(s) dict_keys(['space_missions_launches_to_gcp_dag']) retrieved from /opt/airflow/dags/space_missions_launches_to_gcp.py
[2023-05-02T19:48:14.448+0000] {logging_mixin.py:137} INFO - [2023-05-02T19:48:14.448+0000] {dag.py:2705} INFO - Sync 1 DAGs
[2023-05-02T19:48:14.461+0000] {logging_mixin.py:137} INFO - [2023-05-02T19:48:14.461+0000] {dag.py:3456} INFO - Setting next_dagrun for space_missions_launches_to_gcp_dag to None, run_after=None
[2023-05-02T19:48:14.472+0000] {processor.py:175} INFO - Processing /opt/airflow/dags/space_missions_launches_to_gcp.py took 0.401 seconds
[2023-05-02T19:48:44.860+0000] {processor.py:153} INFO - Started process (PID=1520) to work on /opt/airflow/dags/space_missions_launches_to_gcp.py
[2023-05-02T19:48:44.870+0000] {processor.py:743} INFO - Processing file /opt/airflow/dags/space_missions_launches_to_gcp.py for tasks to queue
[2023-05-02T19:48:44.871+0000] {logging_mixin.py:137} INFO - [2023-05-02T19:48:44.871+0000] {dagbag.py:532} INFO - Filling up the DagBag from /opt/airflow/dags/space_missions_launches_to_gcp.py
[2023-05-02T19:48:45.221+0000] {processor.py:753} INFO - DAG(s) dict_keys(['space_missions_launches_to_gcp_dag']) retrieved from /opt/airflow/dags/space_missions_launches_to_gcp.py
[2023-05-02T19:48:45.233+0000] {logging_mixin.py:137} INFO - [2023-05-02T19:48:45.232+0000] {dag.py:2705} INFO - Sync 1 DAGs
[2023-05-02T19:48:45.245+0000] {logging_mixin.py:137} INFO - [2023-05-02T19:48:45.245+0000] {dag.py:3456} INFO - Setting next_dagrun for space_missions_launches_to_gcp_dag to None, run_after=None
[2023-05-02T19:48:45.256+0000] {processor.py:175} INFO - Processing /opt/airflow/dags/space_missions_launches_to_gcp.py took 0.398 seconds
[2023-05-02T19:49:15.619+0000] {processor.py:153} INFO - Started process (PID=1572) to work on /opt/airflow/dags/space_missions_launches_to_gcp.py
[2023-05-02T19:49:15.629+0000] {processor.py:743} INFO - Processing file /opt/airflow/dags/space_missions_launches_to_gcp.py for tasks to queue
[2023-05-02T19:49:15.630+0000] {logging_mixin.py:137} INFO - [2023-05-02T19:49:15.629+0000] {dagbag.py:532} INFO - Filling up the DagBag from /opt/airflow/dags/space_missions_launches_to_gcp.py
[2023-05-02T19:49:15.979+0000] {processor.py:753} INFO - DAG(s) dict_keys(['space_missions_launches_to_gcp_dag']) retrieved from /opt/airflow/dags/space_missions_launches_to_gcp.py
[2023-05-02T19:49:15.991+0000] {logging_mixin.py:137} INFO - [2023-05-02T19:49:15.991+0000] {dag.py:2705} INFO - Sync 1 DAGs
[2023-05-02T19:49:16.005+0000] {logging_mixin.py:137} INFO - [2023-05-02T19:49:16.005+0000] {dag.py:3456} INFO - Setting next_dagrun for space_missions_launches_to_gcp_dag to None, run_after=None
[2023-05-02T19:49:16.015+0000] {processor.py:175} INFO - Processing /opt/airflow/dags/space_missions_launches_to_gcp.py took 0.398 seconds
[2023-05-02T19:49:46.450+0000] {processor.py:153} INFO - Started process (PID=1623) to work on /opt/airflow/dags/space_missions_launches_to_gcp.py
[2023-05-02T19:49:46.460+0000] {processor.py:743} INFO - Processing file /opt/airflow/dags/space_missions_launches_to_gcp.py for tasks to queue
[2023-05-02T19:49:46.461+0000] {logging_mixin.py:137} INFO - [2023-05-02T19:49:46.461+0000] {dagbag.py:532} INFO - Filling up the DagBag from /opt/airflow/dags/space_missions_launches_to_gcp.py
[2023-05-02T19:49:46.815+0000] {processor.py:753} INFO - DAG(s) dict_keys(['space_missions_launches_to_gcp_dag']) retrieved from /opt/airflow/dags/space_missions_launches_to_gcp.py
[2023-05-02T19:49:46.827+0000] {logging_mixin.py:137} INFO - [2023-05-02T19:49:46.827+0000] {dag.py:2705} INFO - Sync 1 DAGs
[2023-05-02T19:49:46.840+0000] {logging_mixin.py:137} INFO - [2023-05-02T19:49:46.840+0000] {dag.py:3456} INFO - Setting next_dagrun for space_missions_launches_to_gcp_dag to None, run_after=None
[2023-05-02T19:49:46.851+0000] {processor.py:175} INFO - Processing /opt/airflow/dags/space_missions_launches_to_gcp.py took 0.403 seconds
[2023-05-02T19:50:17.232+0000] {processor.py:153} INFO - Started process (PID=1675) to work on /opt/airflow/dags/space_missions_launches_to_gcp.py
[2023-05-02T19:50:17.232+0000] {processor.py:743} INFO - Processing file /opt/airflow/dags/space_missions_launches_to_gcp.py for tasks to queue
[2023-05-02T19:50:17.233+0000] {logging_mixin.py:137} INFO - [2023-05-02T19:50:17.233+0000] {dagbag.py:532} INFO - Filling up the DagBag from /opt/airflow/dags/space_missions_launches_to_gcp.py
[2023-05-02T19:50:17.589+0000] {processor.py:753} INFO - DAG(s) dict_keys(['space_missions_launches_to_gcp_dag']) retrieved from /opt/airflow/dags/space_missions_launches_to_gcp.py
[2023-05-02T19:50:17.601+0000] {logging_mixin.py:137} INFO - [2023-05-02T19:50:17.600+0000] {dag.py:2705} INFO - Sync 1 DAGs
[2023-05-02T19:50:17.613+0000] {logging_mixin.py:137} INFO - [2023-05-02T19:50:17.613+0000] {dag.py:3456} INFO - Setting next_dagrun for space_missions_launches_to_gcp_dag to None, run_after=None
[2023-05-02T19:50:17.625+0000] {processor.py:175} INFO - Processing /opt/airflow/dags/space_missions_launches_to_gcp.py took 0.394 seconds
[2023-05-02T19:50:48.090+0000] {processor.py:153} INFO - Started process (PID=1732) to work on /opt/airflow/dags/space_missions_launches_to_gcp.py
[2023-05-02T19:50:48.099+0000] {processor.py:743} INFO - Processing file /opt/airflow/dags/space_missions_launches_to_gcp.py for tasks to queue
[2023-05-02T19:50:48.100+0000] {logging_mixin.py:137} INFO - [2023-05-02T19:50:48.100+0000] {dagbag.py:532} INFO - Filling up the DagBag from /opt/airflow/dags/space_missions_launches_to_gcp.py
[2023-05-02T19:50:48.453+0000] {processor.py:753} INFO - DAG(s) dict_keys(['space_missions_launches_to_gcp_dag']) retrieved from /opt/airflow/dags/space_missions_launches_to_gcp.py
[2023-05-02T19:50:48.465+0000] {logging_mixin.py:137} INFO - [2023-05-02T19:50:48.464+0000] {dag.py:2705} INFO - Sync 1 DAGs
[2023-05-02T19:50:48.477+0000] {logging_mixin.py:137} INFO - [2023-05-02T19:50:48.477+0000] {dag.py:3456} INFO - Setting next_dagrun for space_missions_launches_to_gcp_dag to None, run_after=None
[2023-05-02T19:50:48.488+0000] {processor.py:175} INFO - Processing /opt/airflow/dags/space_missions_launches_to_gcp.py took 0.400 seconds
[2023-05-02T19:51:18.765+0000] {processor.py:153} INFO - Started process (PID=1784) to work on /opt/airflow/dags/space_missions_launches_to_gcp.py
[2023-05-02T19:51:18.765+0000] {processor.py:743} INFO - Processing file /opt/airflow/dags/space_missions_launches_to_gcp.py for tasks to queue
[2023-05-02T19:51:18.766+0000] {logging_mixin.py:137} INFO - [2023-05-02T19:51:18.766+0000] {dagbag.py:532} INFO - Filling up the DagBag from /opt/airflow/dags/space_missions_launches_to_gcp.py
[2023-05-02T19:51:19.112+0000] {processor.py:753} INFO - DAG(s) dict_keys(['space_missions_launches_to_gcp_dag']) retrieved from /opt/airflow/dags/space_missions_launches_to_gcp.py
[2023-05-02T19:51:19.125+0000] {logging_mixin.py:137} INFO - [2023-05-02T19:51:19.124+0000] {dag.py:2705} INFO - Sync 1 DAGs
[2023-05-02T19:51:19.138+0000] {logging_mixin.py:137} INFO - [2023-05-02T19:51:19.138+0000] {dag.py:3456} INFO - Setting next_dagrun for space_missions_launches_to_gcp_dag to None, run_after=None
[2023-05-02T19:51:19.149+0000] {processor.py:175} INFO - Processing /opt/airflow/dags/space_missions_launches_to_gcp.py took 0.386 seconds
[2023-05-02T19:51:49.757+0000] {processor.py:153} INFO - Started process (PID=1835) to work on /opt/airflow/dags/space_missions_launches_to_gcp.py
[2023-05-02T19:51:49.757+0000] {processor.py:743} INFO - Processing file /opt/airflow/dags/space_missions_launches_to_gcp.py for tasks to queue
[2023-05-02T19:51:49.757+0000] {logging_mixin.py:137} INFO - [2023-05-02T19:51:49.757+0000] {dagbag.py:532} INFO - Filling up the DagBag from /opt/airflow/dags/space_missions_launches_to_gcp.py
[2023-05-02T19:51:50.104+0000] {processor.py:753} INFO - DAG(s) dict_keys(['space_missions_launches_to_gcp_dag']) retrieved from /opt/airflow/dags/space_missions_launches_to_gcp.py
[2023-05-02T19:51:50.116+0000] {logging_mixin.py:137} INFO - [2023-05-02T19:51:50.116+0000] {dag.py:2705} INFO - Sync 1 DAGs
[2023-05-02T19:51:50.129+0000] {logging_mixin.py:137} INFO - [2023-05-02T19:51:50.129+0000] {dag.py:3456} INFO - Setting next_dagrun for space_missions_launches_to_gcp_dag to None, run_after=None
[2023-05-02T19:51:50.140+0000] {processor.py:175} INFO - Processing /opt/airflow/dags/space_missions_launches_to_gcp.py took 0.385 seconds
[2023-05-02T19:52:20.519+0000] {processor.py:153} INFO - Started process (PID=1887) to work on /opt/airflow/dags/space_missions_launches_to_gcp.py
[2023-05-02T19:52:20.528+0000] {processor.py:743} INFO - Processing file /opt/airflow/dags/space_missions_launches_to_gcp.py for tasks to queue
[2023-05-02T19:52:20.529+0000] {logging_mixin.py:137} INFO - [2023-05-02T19:52:20.529+0000] {dagbag.py:532} INFO - Filling up the DagBag from /opt/airflow/dags/space_missions_launches_to_gcp.py
[2023-05-02T19:52:20.875+0000] {processor.py:753} INFO - DAG(s) dict_keys(['space_missions_launches_to_gcp_dag']) retrieved from /opt/airflow/dags/space_missions_launches_to_gcp.py
[2023-05-02T19:52:20.887+0000] {logging_mixin.py:137} INFO - [2023-05-02T19:52:20.887+0000] {dag.py:2705} INFO - Sync 1 DAGs
[2023-05-02T19:52:20.900+0000] {logging_mixin.py:137} INFO - [2023-05-02T19:52:20.900+0000] {dag.py:3456} INFO - Setting next_dagrun for space_missions_launches_to_gcp_dag to None, run_after=None
[2023-05-02T19:52:20.912+0000] {processor.py:175} INFO - Processing /opt/airflow/dags/space_missions_launches_to_gcp.py took 0.394 seconds
[2023-05-02T19:52:51.326+0000] {processor.py:153} INFO - Started process (PID=1939) to work on /opt/airflow/dags/space_missions_launches_to_gcp.py
[2023-05-02T19:52:51.336+0000] {processor.py:743} INFO - Processing file /opt/airflow/dags/space_missions_launches_to_gcp.py for tasks to queue
[2023-05-02T19:52:51.337+0000] {logging_mixin.py:137} INFO - [2023-05-02T19:52:51.337+0000] {dagbag.py:532} INFO - Filling up the DagBag from /opt/airflow/dags/space_missions_launches_to_gcp.py
[2023-05-02T19:52:51.686+0000] {processor.py:753} INFO - DAG(s) dict_keys(['space_missions_launches_to_gcp_dag']) retrieved from /opt/airflow/dags/space_missions_launches_to_gcp.py
[2023-05-02T19:52:51.699+0000] {logging_mixin.py:137} INFO - [2023-05-02T19:52:51.699+0000] {dag.py:2705} INFO - Sync 1 DAGs
[2023-05-02T19:52:51.712+0000] {logging_mixin.py:137} INFO - [2023-05-02T19:52:51.712+0000] {dag.py:3456} INFO - Setting next_dagrun for space_missions_launches_to_gcp_dag to None, run_after=None
[2023-05-02T19:52:51.724+0000] {processor.py:175} INFO - Processing /opt/airflow/dags/space_missions_launches_to_gcp.py took 0.399 seconds
[2023-05-02T19:53:22.109+0000] {processor.py:153} INFO - Started process (PID=1991) to work on /opt/airflow/dags/space_missions_launches_to_gcp.py
[2023-05-02T19:53:22.119+0000] {processor.py:743} INFO - Processing file /opt/airflow/dags/space_missions_launches_to_gcp.py for tasks to queue
[2023-05-02T19:53:22.120+0000] {logging_mixin.py:137} INFO - [2023-05-02T19:53:22.120+0000] {dagbag.py:532} INFO - Filling up the DagBag from /opt/airflow/dags/space_missions_launches_to_gcp.py
[2023-05-02T19:53:22.471+0000] {processor.py:753} INFO - DAG(s) dict_keys(['space_missions_launches_to_gcp_dag']) retrieved from /opt/airflow/dags/space_missions_launches_to_gcp.py
[2023-05-02T19:53:22.484+0000] {logging_mixin.py:137} INFO - [2023-05-02T19:53:22.483+0000] {dag.py:2705} INFO - Sync 1 DAGs
[2023-05-02T19:53:22.497+0000] {logging_mixin.py:137} INFO - [2023-05-02T19:53:22.497+0000] {dag.py:3456} INFO - Setting next_dagrun for space_missions_launches_to_gcp_dag to None, run_after=None
[2023-05-02T19:53:22.508+0000] {processor.py:175} INFO - Processing /opt/airflow/dags/space_missions_launches_to_gcp.py took 0.400 seconds
[2023-05-02T19:53:52.918+0000] {processor.py:153} INFO - Started process (PID=2043) to work on /opt/airflow/dags/space_missions_launches_to_gcp.py
[2023-05-02T19:53:52.928+0000] {processor.py:743} INFO - Processing file /opt/airflow/dags/space_missions_launches_to_gcp.py for tasks to queue
[2023-05-02T19:53:52.929+0000] {logging_mixin.py:137} INFO - [2023-05-02T19:53:52.929+0000] {dagbag.py:532} INFO - Filling up the DagBag from /opt/airflow/dags/space_missions_launches_to_gcp.py
[2023-05-02T19:53:53.295+0000] {processor.py:753} INFO - DAG(s) dict_keys(['space_missions_launches_to_gcp_dag']) retrieved from /opt/airflow/dags/space_missions_launches_to_gcp.py
[2023-05-02T19:53:53.309+0000] {logging_mixin.py:137} INFO - [2023-05-02T19:53:53.309+0000] {dag.py:2705} INFO - Sync 1 DAGs
[2023-05-02T19:53:53.323+0000] {logging_mixin.py:137} INFO - [2023-05-02T19:53:53.323+0000] {dag.py:3456} INFO - Setting next_dagrun for space_missions_launches_to_gcp_dag to None, run_after=None
[2023-05-02T19:53:53.333+0000] {processor.py:175} INFO - Processing /opt/airflow/dags/space_missions_launches_to_gcp.py took 0.417 seconds
[2023-05-02T19:54:24.152+0000] {processor.py:153} INFO - Started process (PID=2097) to work on /opt/airflow/dags/space_missions_launches_to_gcp.py
[2023-05-02T19:54:24.162+0000] {processor.py:743} INFO - Processing file /opt/airflow/dags/space_missions_launches_to_gcp.py for tasks to queue
[2023-05-02T19:54:24.162+0000] {logging_mixin.py:137} INFO - [2023-05-02T19:54:24.162+0000] {dagbag.py:532} INFO - Filling up the DagBag from /opt/airflow/dags/space_missions_launches_to_gcp.py
[2023-05-02T19:54:24.507+0000] {processor.py:753} INFO - DAG(s) dict_keys(['space_missions_launches_to_gcp_dag']) retrieved from /opt/airflow/dags/space_missions_launches_to_gcp.py
[2023-05-02T19:54:24.519+0000] {logging_mixin.py:137} INFO - [2023-05-02T19:54:24.519+0000] {dag.py:2705} INFO - Sync 1 DAGs
[2023-05-02T19:54:24.533+0000] {logging_mixin.py:137} INFO - [2023-05-02T19:54:24.533+0000] {dag.py:3456} INFO - Setting next_dagrun for space_missions_launches_to_gcp_dag to None, run_after=None
[2023-05-02T19:54:24.543+0000] {processor.py:175} INFO - Processing /opt/airflow/dags/space_missions_launches_to_gcp.py took 0.393 seconds
[2023-05-02T19:54:55.090+0000] {processor.py:153} INFO - Started process (PID=2149) to work on /opt/airflow/dags/space_missions_launches_to_gcp.py
[2023-05-02T19:54:55.091+0000] {processor.py:743} INFO - Processing file /opt/airflow/dags/space_missions_launches_to_gcp.py for tasks to queue
[2023-05-02T19:54:55.091+0000] {logging_mixin.py:137} INFO - [2023-05-02T19:54:55.091+0000] {dagbag.py:532} INFO - Filling up the DagBag from /opt/airflow/dags/space_missions_launches_to_gcp.py
[2023-05-02T19:54:55.439+0000] {processor.py:753} INFO - DAG(s) dict_keys(['space_missions_launches_to_gcp_dag']) retrieved from /opt/airflow/dags/space_missions_launches_to_gcp.py
[2023-05-02T19:54:55.450+0000] {logging_mixin.py:137} INFO - [2023-05-02T19:54:55.450+0000] {dag.py:2705} INFO - Sync 1 DAGs
[2023-05-02T19:54:55.463+0000] {logging_mixin.py:137} INFO - [2023-05-02T19:54:55.463+0000] {dag.py:3456} INFO - Setting next_dagrun for space_missions_launches_to_gcp_dag to None, run_after=None
[2023-05-02T19:54:55.476+0000] {processor.py:175} INFO - Processing /opt/airflow/dags/space_missions_launches_to_gcp.py took 0.389 seconds
[2023-05-02T19:55:26.159+0000] {processor.py:153} INFO - Started process (PID=2201) to work on /opt/airflow/dags/space_missions_launches_to_gcp.py
[2023-05-02T19:55:26.169+0000] {processor.py:743} INFO - Processing file /opt/airflow/dags/space_missions_launches_to_gcp.py for tasks to queue
[2023-05-02T19:55:26.169+0000] {logging_mixin.py:137} INFO - [2023-05-02T19:55:26.169+0000] {dagbag.py:532} INFO - Filling up the DagBag from /opt/airflow/dags/space_missions_launches_to_gcp.py
[2023-05-02T19:55:26.516+0000] {processor.py:753} INFO - DAG(s) dict_keys(['space_missions_launches_to_gcp_dag']) retrieved from /opt/airflow/dags/space_missions_launches_to_gcp.py
[2023-05-02T19:55:26.528+0000] {logging_mixin.py:137} INFO - [2023-05-02T19:55:26.528+0000] {dag.py:2705} INFO - Sync 1 DAGs
[2023-05-02T19:55:26.541+0000] {logging_mixin.py:137} INFO - [2023-05-02T19:55:26.541+0000] {dag.py:3456} INFO - Setting next_dagrun for space_missions_launches_to_gcp_dag to None, run_after=None
[2023-05-02T19:55:26.552+0000] {processor.py:175} INFO - Processing /opt/airflow/dags/space_missions_launches_to_gcp.py took 0.394 seconds
[2023-05-02T19:55:56.589+0000] {processor.py:153} INFO - Started process (PID=2257) to work on /opt/airflow/dags/space_missions_launches_to_gcp.py
[2023-05-02T19:55:56.590+0000] {processor.py:743} INFO - Processing file /opt/airflow/dags/space_missions_launches_to_gcp.py for tasks to queue
[2023-05-02T19:55:56.590+0000] {logging_mixin.py:137} INFO - [2023-05-02T19:55:56.590+0000] {dagbag.py:532} INFO - Filling up the DagBag from /opt/airflow/dags/space_missions_launches_to_gcp.py
[2023-05-02T19:55:56.939+0000] {processor.py:753} INFO - DAG(s) dict_keys(['space_missions_launches_to_gcp_dag']) retrieved from /opt/airflow/dags/space_missions_launches_to_gcp.py
[2023-05-02T19:55:56.951+0000] {logging_mixin.py:137} INFO - [2023-05-02T19:55:56.951+0000] {dag.py:2705} INFO - Sync 1 DAGs
[2023-05-02T19:55:56.964+0000] {logging_mixin.py:137} INFO - [2023-05-02T19:55:56.964+0000] {dag.py:3456} INFO - Setting next_dagrun for space_missions_launches_to_gcp_dag to None, run_after=None
[2023-05-02T19:55:56.979+0000] {processor.py:175} INFO - Processing /opt/airflow/dags/space_missions_launches_to_gcp.py took 0.391 seconds
[2023-05-02T19:56:27.011+0000] {processor.py:153} INFO - Started process (PID=2314) to work on /opt/airflow/dags/space_missions_launches_to_gcp.py
[2023-05-02T19:56:27.011+0000] {processor.py:743} INFO - Processing file /opt/airflow/dags/space_missions_launches_to_gcp.py for tasks to queue
[2023-05-02T19:56:27.011+0000] {logging_mixin.py:137} INFO - [2023-05-02T19:56:27.011+0000] {dagbag.py:532} INFO - Filling up the DagBag from /opt/airflow/dags/space_missions_launches_to_gcp.py
[2023-05-02T19:56:27.353+0000] {processor.py:753} INFO - DAG(s) dict_keys(['space_missions_launches_to_gcp_dag']) retrieved from /opt/airflow/dags/space_missions_launches_to_gcp.py
[2023-05-02T19:56:27.364+0000] {logging_mixin.py:137} INFO - [2023-05-02T19:56:27.364+0000] {dag.py:2705} INFO - Sync 1 DAGs
[2023-05-02T19:56:27.378+0000] {logging_mixin.py:137} INFO - [2023-05-02T19:56:27.378+0000] {dag.py:3456} INFO - Setting next_dagrun for space_missions_launches_to_gcp_dag to None, run_after=None
[2023-05-02T19:56:27.388+0000] {processor.py:175} INFO - Processing /opt/airflow/dags/space_missions_launches_to_gcp.py took 0.379 seconds
[2023-05-02T19:56:58.172+0000] {processor.py:153} INFO - Started process (PID=2368) to work on /opt/airflow/dags/space_missions_launches_to_gcp.py
[2023-05-02T19:56:58.182+0000] {processor.py:743} INFO - Processing file /opt/airflow/dags/space_missions_launches_to_gcp.py for tasks to queue
[2023-05-02T19:56:58.183+0000] {logging_mixin.py:137} INFO - [2023-05-02T19:56:58.183+0000] {dagbag.py:532} INFO - Filling up the DagBag from /opt/airflow/dags/space_missions_launches_to_gcp.py
[2023-05-02T19:56:58.529+0000] {processor.py:753} INFO - DAG(s) dict_keys(['space_missions_launches_to_gcp_dag']) retrieved from /opt/airflow/dags/space_missions_launches_to_gcp.py
[2023-05-02T19:56:58.542+0000] {logging_mixin.py:137} INFO - [2023-05-02T19:56:58.542+0000] {dag.py:2705} INFO - Sync 1 DAGs
[2023-05-02T19:56:58.554+0000] {logging_mixin.py:137} INFO - [2023-05-02T19:56:58.554+0000] {dag.py:3456} INFO - Setting next_dagrun for space_missions_launches_to_gcp_dag to None, run_after=None
[2023-05-02T19:56:58.565+0000] {processor.py:175} INFO - Processing /opt/airflow/dags/space_missions_launches_to_gcp.py took 0.394 seconds
[2023-05-02T19:57:29.116+0000] {processor.py:153} INFO - Started process (PID=2420) to work on /opt/airflow/dags/space_missions_launches_to_gcp.py
[2023-05-02T19:57:29.126+0000] {processor.py:743} INFO - Processing file /opt/airflow/dags/space_missions_launches_to_gcp.py for tasks to queue
[2023-05-02T19:57:29.126+0000] {logging_mixin.py:137} INFO - [2023-05-02T19:57:29.126+0000] {dagbag.py:532} INFO - Filling up the DagBag from /opt/airflow/dags/space_missions_launches_to_gcp.py
[2023-05-02T19:57:29.476+0000] {processor.py:753} INFO - DAG(s) dict_keys(['space_missions_launches_to_gcp_dag']) retrieved from /opt/airflow/dags/space_missions_launches_to_gcp.py
[2023-05-02T19:57:29.488+0000] {logging_mixin.py:137} INFO - [2023-05-02T19:57:29.488+0000] {dag.py:2705} INFO - Sync 1 DAGs
[2023-05-02T19:57:29.500+0000] {logging_mixin.py:137} INFO - [2023-05-02T19:57:29.500+0000] {dag.py:3456} INFO - Setting next_dagrun for space_missions_launches_to_gcp_dag to None, run_after=None
[2023-05-02T19:57:29.511+0000] {processor.py:175} INFO - Processing /opt/airflow/dags/space_missions_launches_to_gcp.py took 0.396 seconds
[2023-05-02T19:58:00.502+0000] {processor.py:153} INFO - Started process (PID=2477) to work on /opt/airflow/dags/space_missions_launches_to_gcp.py
[2023-05-02T19:58:00.512+0000] {processor.py:743} INFO - Processing file /opt/airflow/dags/space_missions_launches_to_gcp.py for tasks to queue
[2023-05-02T19:58:00.512+0000] {logging_mixin.py:137} INFO - [2023-05-02T19:58:00.512+0000] {dagbag.py:532} INFO - Filling up the DagBag from /opt/airflow/dags/space_missions_launches_to_gcp.py
[2023-05-02T19:58:00.858+0000] {processor.py:753} INFO - DAG(s) dict_keys(['space_missions_launches_to_gcp_dag']) retrieved from /opt/airflow/dags/space_missions_launches_to_gcp.py
[2023-05-02T19:58:00.870+0000] {logging_mixin.py:137} INFO - [2023-05-02T19:58:00.870+0000] {dag.py:2705} INFO - Sync 1 DAGs
[2023-05-02T19:58:00.883+0000] {logging_mixin.py:137} INFO - [2023-05-02T19:58:00.883+0000] {dag.py:3456} INFO - Setting next_dagrun for space_missions_launches_to_gcp_dag to None, run_after=None
[2023-05-02T19:58:00.904+0000] {processor.py:175} INFO - Processing /opt/airflow/dags/space_missions_launches_to_gcp.py took 0.403 seconds
[2023-05-02T19:58:31.299+0000] {processor.py:153} INFO - Started process (PID=2529) to work on /opt/airflow/dags/space_missions_launches_to_gcp.py
[2023-05-02T19:58:31.300+0000] {processor.py:743} INFO - Processing file /opt/airflow/dags/space_missions_launches_to_gcp.py for tasks to queue
[2023-05-02T19:58:31.300+0000] {logging_mixin.py:137} INFO - [2023-05-02T19:58:31.300+0000] {dagbag.py:532} INFO - Filling up the DagBag from /opt/airflow/dags/space_missions_launches_to_gcp.py
[2023-05-02T19:58:31.643+0000] {processor.py:753} INFO - DAG(s) dict_keys(['space_missions_launches_to_gcp_dag']) retrieved from /opt/airflow/dags/space_missions_launches_to_gcp.py
[2023-05-02T19:58:31.654+0000] {logging_mixin.py:137} INFO - [2023-05-02T19:58:31.654+0000] {dag.py:2705} INFO - Sync 1 DAGs
[2023-05-02T19:58:31.667+0000] {logging_mixin.py:137} INFO - [2023-05-02T19:58:31.667+0000] {dag.py:3456} INFO - Setting next_dagrun for space_missions_launches_to_gcp_dag to None, run_after=None
[2023-05-02T19:58:31.678+0000] {processor.py:175} INFO - Processing /opt/airflow/dags/space_missions_launches_to_gcp.py took 0.380 seconds
[2023-05-02T19:59:02.090+0000] {processor.py:153} INFO - Started process (PID=2581) to work on /opt/airflow/dags/space_missions_launches_to_gcp.py
[2023-05-02T19:59:02.090+0000] {processor.py:743} INFO - Processing file /opt/airflow/dags/space_missions_launches_to_gcp.py for tasks to queue
[2023-05-02T19:59:02.090+0000] {logging_mixin.py:137} INFO - [2023-05-02T19:59:02.090+0000] {dagbag.py:532} INFO - Filling up the DagBag from /opt/airflow/dags/space_missions_launches_to_gcp.py
[2023-05-02T19:59:02.434+0000] {processor.py:753} INFO - DAG(s) dict_keys(['space_missions_launches_to_gcp_dag']) retrieved from /opt/airflow/dags/space_missions_launches_to_gcp.py
[2023-05-02T19:59:02.447+0000] {logging_mixin.py:137} INFO - [2023-05-02T19:59:02.447+0000] {dag.py:2705} INFO - Sync 1 DAGs
[2023-05-02T19:59:02.459+0000] {logging_mixin.py:137} INFO - [2023-05-02T19:59:02.459+0000] {dag.py:3456} INFO - Setting next_dagrun for space_missions_launches_to_gcp_dag to None, run_after=None
[2023-05-02T19:59:02.481+0000] {processor.py:175} INFO - Processing /opt/airflow/dags/space_missions_launches_to_gcp.py took 0.393 seconds
[2023-05-02T19:59:32.871+0000] {processor.py:153} INFO - Started process (PID=2633) to work on /opt/airflow/dags/space_missions_launches_to_gcp.py
[2023-05-02T19:59:32.881+0000] {processor.py:743} INFO - Processing file /opt/airflow/dags/space_missions_launches_to_gcp.py for tasks to queue
[2023-05-02T19:59:32.881+0000] {logging_mixin.py:137} INFO - [2023-05-02T19:59:32.881+0000] {dagbag.py:532} INFO - Filling up the DagBag from /opt/airflow/dags/space_missions_launches_to_gcp.py
[2023-05-02T19:59:33.227+0000] {processor.py:753} INFO - DAG(s) dict_keys(['space_missions_launches_to_gcp_dag']) retrieved from /opt/airflow/dags/space_missions_launches_to_gcp.py
[2023-05-02T19:59:33.239+0000] {logging_mixin.py:137} INFO - [2023-05-02T19:59:33.239+0000] {dag.py:2705} INFO - Sync 1 DAGs
[2023-05-02T19:59:33.252+0000] {logging_mixin.py:137} INFO - [2023-05-02T19:59:33.252+0000] {dag.py:3456} INFO - Setting next_dagrun for space_missions_launches_to_gcp_dag to None, run_after=None
[2023-05-02T19:59:33.274+0000] {processor.py:175} INFO - Processing /opt/airflow/dags/space_missions_launches_to_gcp.py took 0.404 seconds
[2023-05-02T20:00:03.712+0000] {processor.py:153} INFO - Started process (PID=2685) to work on /opt/airflow/dags/space_missions_launches_to_gcp.py
[2023-05-02T20:00:03.721+0000] {processor.py:743} INFO - Processing file /opt/airflow/dags/space_missions_launches_to_gcp.py for tasks to queue
[2023-05-02T20:00:03.722+0000] {logging_mixin.py:137} INFO - [2023-05-02T20:00:03.722+0000] {dagbag.py:532} INFO - Filling up the DagBag from /opt/airflow/dags/space_missions_launches_to_gcp.py
[2023-05-02T20:00:04.080+0000] {processor.py:753} INFO - DAG(s) dict_keys(['space_missions_launches_to_gcp_dag']) retrieved from /opt/airflow/dags/space_missions_launches_to_gcp.py
[2023-05-02T20:00:04.092+0000] {logging_mixin.py:137} INFO - [2023-05-02T20:00:04.092+0000] {dag.py:2705} INFO - Sync 1 DAGs
[2023-05-02T20:00:04.105+0000] {logging_mixin.py:137} INFO - [2023-05-02T20:00:04.105+0000] {dag.py:3456} INFO - Setting next_dagrun for space_missions_launches_to_gcp_dag to None, run_after=None
[2023-05-02T20:00:04.116+0000] {processor.py:175} INFO - Processing /opt/airflow/dags/space_missions_launches_to_gcp.py took 0.405 seconds
[2023-05-02T20:00:34.509+0000] {processor.py:153} INFO - Started process (PID=2736) to work on /opt/airflow/dags/space_missions_launches_to_gcp.py
[2023-05-02T20:00:34.518+0000] {processor.py:743} INFO - Processing file /opt/airflow/dags/space_missions_launches_to_gcp.py for tasks to queue
[2023-05-02T20:00:34.519+0000] {logging_mixin.py:137} INFO - [2023-05-02T20:00:34.519+0000] {dagbag.py:532} INFO - Filling up the DagBag from /opt/airflow/dags/space_missions_launches_to_gcp.py
[2023-05-02T20:00:34.896+0000] {processor.py:753} INFO - DAG(s) dict_keys(['space_missions_launches_to_gcp_dag']) retrieved from /opt/airflow/dags/space_missions_launches_to_gcp.py
[2023-05-02T20:00:34.908+0000] {logging_mixin.py:137} INFO - [2023-05-02T20:00:34.908+0000] {dag.py:2705} INFO - Sync 1 DAGs
[2023-05-02T20:00:34.921+0000] {logging_mixin.py:137} INFO - [2023-05-02T20:00:34.921+0000] {dag.py:3456} INFO - Setting next_dagrun for space_missions_launches_to_gcp_dag to None, run_after=None
[2023-05-02T20:00:34.942+0000] {processor.py:175} INFO - Processing /opt/airflow/dags/space_missions_launches_to_gcp.py took 0.434 seconds
[2023-05-02T20:01:05.314+0000] {processor.py:153} INFO - Started process (PID=2788) to work on /opt/airflow/dags/space_missions_launches_to_gcp.py
[2023-05-02T20:01:05.324+0000] {processor.py:743} INFO - Processing file /opt/airflow/dags/space_missions_launches_to_gcp.py for tasks to queue
[2023-05-02T20:01:05.324+0000] {logging_mixin.py:137} INFO - [2023-05-02T20:01:05.324+0000] {dagbag.py:532} INFO - Filling up the DagBag from /opt/airflow/dags/space_missions_launches_to_gcp.py
[2023-05-02T20:01:05.672+0000] {processor.py:753} INFO - DAG(s) dict_keys(['space_missions_launches_to_gcp_dag']) retrieved from /opt/airflow/dags/space_missions_launches_to_gcp.py
[2023-05-02T20:01:05.684+0000] {logging_mixin.py:137} INFO - [2023-05-02T20:01:05.684+0000] {dag.py:2705} INFO - Sync 1 DAGs
[2023-05-02T20:01:05.696+0000] {logging_mixin.py:137} INFO - [2023-05-02T20:01:05.696+0000] {dag.py:3456} INFO - Setting next_dagrun for space_missions_launches_to_gcp_dag to None, run_after=None
[2023-05-02T20:01:05.717+0000] {processor.py:175} INFO - Processing /opt/airflow/dags/space_missions_launches_to_gcp.py took 0.405 seconds
[2023-05-02T20:01:36.076+0000] {processor.py:153} INFO - Started process (PID=2840) to work on /opt/airflow/dags/space_missions_launches_to_gcp.py
[2023-05-02T20:01:36.086+0000] {processor.py:743} INFO - Processing file /opt/airflow/dags/space_missions_launches_to_gcp.py for tasks to queue
[2023-05-02T20:01:36.086+0000] {logging_mixin.py:137} INFO - [2023-05-02T20:01:36.086+0000] {dagbag.py:532} INFO - Filling up the DagBag from /opt/airflow/dags/space_missions_launches_to_gcp.py
[2023-05-02T20:01:36.432+0000] {processor.py:753} INFO - DAG(s) dict_keys(['space_missions_launches_to_gcp_dag']) retrieved from /opt/airflow/dags/space_missions_launches_to_gcp.py
[2023-05-02T20:01:36.444+0000] {logging_mixin.py:137} INFO - [2023-05-02T20:01:36.444+0000] {dag.py:2705} INFO - Sync 1 DAGs
[2023-05-02T20:01:36.457+0000] {logging_mixin.py:137} INFO - [2023-05-02T20:01:36.457+0000] {dag.py:3456} INFO - Setting next_dagrun for space_missions_launches_to_gcp_dag to None, run_after=None
[2023-05-02T20:01:36.478+0000] {processor.py:175} INFO - Processing /opt/airflow/dags/space_missions_launches_to_gcp.py took 0.404 seconds
[2023-05-02T20:02:06.905+0000] {processor.py:153} INFO - Started process (PID=2892) to work on /opt/airflow/dags/space_missions_launches_to_gcp.py
[2023-05-02T20:02:06.914+0000] {processor.py:743} INFO - Processing file /opt/airflow/dags/space_missions_launches_to_gcp.py for tasks to queue
[2023-05-02T20:02:06.914+0000] {logging_mixin.py:137} INFO - [2023-05-02T20:02:06.914+0000] {dagbag.py:532} INFO - Filling up the DagBag from /opt/airflow/dags/space_missions_launches_to_gcp.py
[2023-05-02T20:02:07.272+0000] {processor.py:753} INFO - DAG(s) dict_keys(['space_missions_launches_to_gcp_dag']) retrieved from /opt/airflow/dags/space_missions_launches_to_gcp.py
[2023-05-02T20:02:07.284+0000] {logging_mixin.py:137} INFO - [2023-05-02T20:02:07.283+0000] {dag.py:2705} INFO - Sync 1 DAGs
[2023-05-02T20:02:07.297+0000] {logging_mixin.py:137} INFO - [2023-05-02T20:02:07.297+0000] {dag.py:3456} INFO - Setting next_dagrun for space_missions_launches_to_gcp_dag to None, run_after=None
[2023-05-02T20:02:07.307+0000] {processor.py:175} INFO - Processing /opt/airflow/dags/space_missions_launches_to_gcp.py took 0.404 seconds
[2023-05-02T20:02:37.815+0000] {processor.py:153} INFO - Started process (PID=2943) to work on /opt/airflow/dags/space_missions_launches_to_gcp.py
[2023-05-02T20:02:37.815+0000] {processor.py:743} INFO - Processing file /opt/airflow/dags/space_missions_launches_to_gcp.py for tasks to queue
[2023-05-02T20:02:37.816+0000] {logging_mixin.py:137} INFO - [2023-05-02T20:02:37.816+0000] {dagbag.py:532} INFO - Filling up the DagBag from /opt/airflow/dags/space_missions_launches_to_gcp.py
[2023-05-02T20:02:38.158+0000] {processor.py:753} INFO - DAG(s) dict_keys(['space_missions_launches_to_gcp_dag']) retrieved from /opt/airflow/dags/space_missions_launches_to_gcp.py
[2023-05-02T20:02:38.171+0000] {logging_mixin.py:137} INFO - [2023-05-02T20:02:38.170+0000] {dag.py:2705} INFO - Sync 1 DAGs
[2023-05-02T20:02:38.183+0000] {logging_mixin.py:137} INFO - [2023-05-02T20:02:38.183+0000] {dag.py:3456} INFO - Setting next_dagrun for space_missions_launches_to_gcp_dag to None, run_after=None
[2023-05-02T20:02:38.209+0000] {processor.py:175} INFO - Processing /opt/airflow/dags/space_missions_launches_to_gcp.py took 0.396 seconds
[2023-05-02T20:03:08.583+0000] {processor.py:153} INFO - Started process (PID=2995) to work on /opt/airflow/dags/space_missions_launches_to_gcp.py
[2023-05-02T20:03:08.592+0000] {processor.py:743} INFO - Processing file /opt/airflow/dags/space_missions_launches_to_gcp.py for tasks to queue
[2023-05-02T20:03:08.592+0000] {logging_mixin.py:137} INFO - [2023-05-02T20:03:08.592+0000] {dagbag.py:532} INFO - Filling up the DagBag from /opt/airflow/dags/space_missions_launches_to_gcp.py
[2023-05-02T20:03:08.994+0000] {processor.py:753} INFO - DAG(s) dict_keys(['space_missions_launches_to_gcp_dag']) retrieved from /opt/airflow/dags/space_missions_launches_to_gcp.py
[2023-05-02T20:03:09.006+0000] {logging_mixin.py:137} INFO - [2023-05-02T20:03:09.006+0000] {dag.py:2705} INFO - Sync 1 DAGs
[2023-05-02T20:03:09.018+0000] {logging_mixin.py:137} INFO - [2023-05-02T20:03:09.018+0000] {dag.py:3456} INFO - Setting next_dagrun for space_missions_launches_to_gcp_dag to None, run_after=None
[2023-05-02T20:03:09.039+0000] {processor.py:175} INFO - Processing /opt/airflow/dags/space_missions_launches_to_gcp.py took 0.458 seconds
[2023-05-02T20:03:39.396+0000] {processor.py:153} INFO - Started process (PID=3047) to work on /opt/airflow/dags/space_missions_launches_to_gcp.py
[2023-05-02T20:03:39.396+0000] {processor.py:743} INFO - Processing file /opt/airflow/dags/space_missions_launches_to_gcp.py for tasks to queue
[2023-05-02T20:03:39.397+0000] {logging_mixin.py:137} INFO - [2023-05-02T20:03:39.397+0000] {dagbag.py:532} INFO - Filling up the DagBag from /opt/airflow/dags/space_missions_launches_to_gcp.py
[2023-05-02T20:03:39.747+0000] {processor.py:753} INFO - DAG(s) dict_keys(['space_missions_launches_to_gcp_dag']) retrieved from /opt/airflow/dags/space_missions_launches_to_gcp.py
[2023-05-02T20:03:39.759+0000] {logging_mixin.py:137} INFO - [2023-05-02T20:03:39.759+0000] {dag.py:2705} INFO - Sync 1 DAGs
[2023-05-02T20:03:39.773+0000] {logging_mixin.py:137} INFO - [2023-05-02T20:03:39.772+0000] {dag.py:3456} INFO - Setting next_dagrun for space_missions_launches_to_gcp_dag to None, run_after=None
[2023-05-02T20:03:39.793+0000] {processor.py:175} INFO - Processing /opt/airflow/dags/space_missions_launches_to_gcp.py took 0.399 seconds
[2023-05-02T20:04:10.121+0000] {processor.py:153} INFO - Started process (PID=3099) to work on /opt/airflow/dags/space_missions_launches_to_gcp.py
[2023-05-02T20:04:10.121+0000] {processor.py:743} INFO - Processing file /opt/airflow/dags/space_missions_launches_to_gcp.py for tasks to queue
[2023-05-02T20:04:10.122+0000] {logging_mixin.py:137} INFO - [2023-05-02T20:04:10.122+0000] {dagbag.py:532} INFO - Filling up the DagBag from /opt/airflow/dags/space_missions_launches_to_gcp.py
[2023-05-02T20:04:10.466+0000] {processor.py:753} INFO - DAG(s) dict_keys(['space_missions_launches_to_gcp_dag']) retrieved from /opt/airflow/dags/space_missions_launches_to_gcp.py
[2023-05-02T20:04:10.479+0000] {logging_mixin.py:137} INFO - [2023-05-02T20:04:10.479+0000] {dag.py:2705} INFO - Sync 1 DAGs
[2023-05-02T20:04:10.491+0000] {logging_mixin.py:137} INFO - [2023-05-02T20:04:10.491+0000] {dag.py:3456} INFO - Setting next_dagrun for space_missions_launches_to_gcp_dag to None, run_after=None
[2023-05-02T20:04:10.504+0000] {processor.py:175} INFO - Processing /opt/airflow/dags/space_missions_launches_to_gcp.py took 0.384 seconds
[2023-05-02T20:04:40.933+0000] {processor.py:153} INFO - Started process (PID=3151) to work on /opt/airflow/dags/space_missions_launches_to_gcp.py
[2023-05-02T20:04:40.942+0000] {processor.py:743} INFO - Processing file /opt/airflow/dags/space_missions_launches_to_gcp.py for tasks to queue
[2023-05-02T20:04:40.943+0000] {logging_mixin.py:137} INFO - [2023-05-02T20:04:40.943+0000] {dagbag.py:532} INFO - Filling up the DagBag from /opt/airflow/dags/space_missions_launches_to_gcp.py
[2023-05-02T20:04:41.288+0000] {processor.py:753} INFO - DAG(s) dict_keys(['space_missions_launches_to_gcp_dag']) retrieved from /opt/airflow/dags/space_missions_launches_to_gcp.py
[2023-05-02T20:04:41.300+0000] {logging_mixin.py:137} INFO - [2023-05-02T20:04:41.299+0000] {dag.py:2705} INFO - Sync 1 DAGs
[2023-05-02T20:04:41.312+0000] {logging_mixin.py:137} INFO - [2023-05-02T20:04:41.312+0000] {dag.py:3456} INFO - Setting next_dagrun for space_missions_launches_to_gcp_dag to None, run_after=None
[2023-05-02T20:04:41.333+0000] {processor.py:175} INFO - Processing /opt/airflow/dags/space_missions_launches_to_gcp.py took 0.402 seconds
[2023-05-02T20:05:11.713+0000] {processor.py:153} INFO - Started process (PID=3203) to work on /opt/airflow/dags/space_missions_launches_to_gcp.py
[2023-05-02T20:05:11.714+0000] {processor.py:743} INFO - Processing file /opt/airflow/dags/space_missions_launches_to_gcp.py for tasks to queue
[2023-05-02T20:05:11.715+0000] {logging_mixin.py:137} INFO - [2023-05-02T20:05:11.715+0000] {dagbag.py:532} INFO - Filling up the DagBag from /opt/airflow/dags/space_missions_launches_to_gcp.py
[2023-05-02T20:05:12.060+0000] {processor.py:753} INFO - DAG(s) dict_keys(['space_missions_launches_to_gcp_dag']) retrieved from /opt/airflow/dags/space_missions_launches_to_gcp.py
[2023-05-02T20:05:12.073+0000] {logging_mixin.py:137} INFO - [2023-05-02T20:05:12.072+0000] {dag.py:2705} INFO - Sync 1 DAGs
[2023-05-02T20:05:12.087+0000] {logging_mixin.py:137} INFO - [2023-05-02T20:05:12.087+0000] {dag.py:3456} INFO - Setting next_dagrun for space_missions_launches_to_gcp_dag to None, run_after=None
[2023-05-02T20:05:12.110+0000] {processor.py:175} INFO - Processing /opt/airflow/dags/space_missions_launches_to_gcp.py took 0.399 seconds
[2023-05-02T20:05:42.525+0000] {processor.py:153} INFO - Started process (PID=3255) to work on /opt/airflow/dags/space_missions_launches_to_gcp.py
[2023-05-02T20:05:42.534+0000] {processor.py:743} INFO - Processing file /opt/airflow/dags/space_missions_launches_to_gcp.py for tasks to queue
[2023-05-02T20:05:42.534+0000] {logging_mixin.py:137} INFO - [2023-05-02T20:05:42.534+0000] {dagbag.py:532} INFO - Filling up the DagBag from /opt/airflow/dags/space_missions_launches_to_gcp.py
[2023-05-02T20:05:42.879+0000] {processor.py:753} INFO - DAG(s) dict_keys(['space_missions_launches_to_gcp_dag']) retrieved from /opt/airflow/dags/space_missions_launches_to_gcp.py
[2023-05-02T20:05:42.891+0000] {logging_mixin.py:137} INFO - [2023-05-02T20:05:42.891+0000] {dag.py:2705} INFO - Sync 1 DAGs
[2023-05-02T20:05:42.904+0000] {logging_mixin.py:137} INFO - [2023-05-02T20:05:42.904+0000] {dag.py:3456} INFO - Setting next_dagrun for space_missions_launches_to_gcp_dag to None, run_after=None
[2023-05-02T20:05:42.926+0000] {processor.py:175} INFO - Processing /opt/airflow/dags/space_missions_launches_to_gcp.py took 0.403 seconds
[2023-05-02T20:06:13.437+0000] {processor.py:153} INFO - Started process (PID=3307) to work on /opt/airflow/dags/space_missions_launches_to_gcp.py
[2023-05-02T20:06:13.447+0000] {processor.py:743} INFO - Processing file /opt/airflow/dags/space_missions_launches_to_gcp.py for tasks to queue
[2023-05-02T20:06:13.447+0000] {logging_mixin.py:137} INFO - [2023-05-02T20:06:13.447+0000] {dagbag.py:532} INFO - Filling up the DagBag from /opt/airflow/dags/space_missions_launches_to_gcp.py
[2023-05-02T20:06:13.793+0000] {processor.py:753} INFO - DAG(s) dict_keys(['space_missions_launches_to_gcp_dag']) retrieved from /opt/airflow/dags/space_missions_launches_to_gcp.py
[2023-05-02T20:06:13.805+0000] {logging_mixin.py:137} INFO - [2023-05-02T20:06:13.805+0000] {dag.py:2705} INFO - Sync 1 DAGs
[2023-05-02T20:06:13.817+0000] {logging_mixin.py:137} INFO - [2023-05-02T20:06:13.817+0000] {dag.py:3456} INFO - Setting next_dagrun for space_missions_launches_to_gcp_dag to None, run_after=None
[2023-05-02T20:06:13.837+0000] {processor.py:175} INFO - Processing /opt/airflow/dags/space_missions_launches_to_gcp.py took 0.402 seconds
[2023-05-02T20:06:44.272+0000] {processor.py:153} INFO - Started process (PID=3359) to work on /opt/airflow/dags/space_missions_launches_to_gcp.py
[2023-05-02T20:06:44.282+0000] {processor.py:743} INFO - Processing file /opt/airflow/dags/space_missions_launches_to_gcp.py for tasks to queue
[2023-05-02T20:06:44.283+0000] {logging_mixin.py:137} INFO - [2023-05-02T20:06:44.282+0000] {dagbag.py:532} INFO - Filling up the DagBag from /opt/airflow/dags/space_missions_launches_to_gcp.py
[2023-05-02T20:06:44.637+0000] {processor.py:753} INFO - DAG(s) dict_keys(['space_missions_launches_to_gcp_dag']) retrieved from /opt/airflow/dags/space_missions_launches_to_gcp.py
[2023-05-02T20:06:44.648+0000] {logging_mixin.py:137} INFO - [2023-05-02T20:06:44.648+0000] {dag.py:2705} INFO - Sync 1 DAGs
[2023-05-02T20:06:44.661+0000] {logging_mixin.py:137} INFO - [2023-05-02T20:06:44.660+0000] {dag.py:3456} INFO - Setting next_dagrun for space_missions_launches_to_gcp_dag to None, run_after=None
[2023-05-02T20:06:44.682+0000] {processor.py:175} INFO - Processing /opt/airflow/dags/space_missions_launches_to_gcp.py took 0.411 seconds
[2023-05-02T20:07:15.095+0000] {processor.py:153} INFO - Started process (PID=3412) to work on /opt/airflow/dags/space_missions_launches_to_gcp.py
[2023-05-02T20:07:15.105+0000] {processor.py:743} INFO - Processing file /opt/airflow/dags/space_missions_launches_to_gcp.py for tasks to queue
[2023-05-02T20:07:15.105+0000] {logging_mixin.py:137} INFO - [2023-05-02T20:07:15.105+0000] {dagbag.py:532} INFO - Filling up the DagBag from /opt/airflow/dags/space_missions_launches_to_gcp.py
[2023-05-02T20:07:15.450+0000] {processor.py:753} INFO - DAG(s) dict_keys(['space_missions_launches_to_gcp_dag']) retrieved from /opt/airflow/dags/space_missions_launches_to_gcp.py
[2023-05-02T20:07:15.461+0000] {logging_mixin.py:137} INFO - [2023-05-02T20:07:15.461+0000] {dag.py:2705} INFO - Sync 1 DAGs
[2023-05-02T20:07:15.474+0000] {logging_mixin.py:137} INFO - [2023-05-02T20:07:15.474+0000] {dag.py:3456} INFO - Setting next_dagrun for space_missions_launches_to_gcp_dag to None, run_after=None
[2023-05-02T20:07:15.495+0000] {processor.py:175} INFO - Processing /opt/airflow/dags/space_missions_launches_to_gcp.py took 0.401 seconds
[2023-05-02T20:07:46.020+0000] {processor.py:153} INFO - Started process (PID=3463) to work on /opt/airflow/dags/space_missions_launches_to_gcp.py
[2023-05-02T20:07:46.030+0000] {processor.py:743} INFO - Processing file /opt/airflow/dags/space_missions_launches_to_gcp.py for tasks to queue
[2023-05-02T20:07:46.030+0000] {logging_mixin.py:137} INFO - [2023-05-02T20:07:46.030+0000] {dagbag.py:532} INFO - Filling up the DagBag from /opt/airflow/dags/space_missions_launches_to_gcp.py
[2023-05-02T20:07:46.378+0000] {processor.py:753} INFO - DAG(s) dict_keys(['space_missions_launches_to_gcp_dag']) retrieved from /opt/airflow/dags/space_missions_launches_to_gcp.py
[2023-05-02T20:07:46.390+0000] {logging_mixin.py:137} INFO - [2023-05-02T20:07:46.390+0000] {dag.py:2705} INFO - Sync 1 DAGs
[2023-05-02T20:07:46.403+0000] {logging_mixin.py:137} INFO - [2023-05-02T20:07:46.403+0000] {dag.py:3456} INFO - Setting next_dagrun for space_missions_launches_to_gcp_dag to None, run_after=None
[2023-05-02T20:07:46.427+0000] {processor.py:175} INFO - Processing /opt/airflow/dags/space_missions_launches_to_gcp.py took 0.409 seconds
[2023-05-02T20:08:16.873+0000] {processor.py:153} INFO - Started process (PID=3515) to work on /opt/airflow/dags/space_missions_launches_to_gcp.py
[2023-05-02T20:08:16.883+0000] {processor.py:743} INFO - Processing file /opt/airflow/dags/space_missions_launches_to_gcp.py for tasks to queue
[2023-05-02T20:08:16.883+0000] {logging_mixin.py:137} INFO - [2023-05-02T20:08:16.883+0000] {dagbag.py:532} INFO - Filling up the DagBag from /opt/airflow/dags/space_missions_launches_to_gcp.py
[2023-05-02T20:08:17.229+0000] {processor.py:753} INFO - DAG(s) dict_keys(['space_missions_launches_to_gcp_dag']) retrieved from /opt/airflow/dags/space_missions_launches_to_gcp.py
[2023-05-02T20:08:17.241+0000] {logging_mixin.py:137} INFO - [2023-05-02T20:08:17.241+0000] {dag.py:2705} INFO - Sync 1 DAGs
[2023-05-02T20:08:17.253+0000] {logging_mixin.py:137} INFO - [2023-05-02T20:08:17.253+0000] {dag.py:3456} INFO - Setting next_dagrun for space_missions_launches_to_gcp_dag to None, run_after=None
[2023-05-02T20:08:17.274+0000] {processor.py:175} INFO - Processing /opt/airflow/dags/space_missions_launches_to_gcp.py took 0.403 seconds
[2023-05-02T20:08:47.774+0000] {processor.py:153} INFO - Started process (PID=3567) to work on /opt/airflow/dags/space_missions_launches_to_gcp.py
[2023-05-02T20:08:47.774+0000] {processor.py:743} INFO - Processing file /opt/airflow/dags/space_missions_launches_to_gcp.py for tasks to queue
[2023-05-02T20:08:47.775+0000] {logging_mixin.py:137} INFO - [2023-05-02T20:08:47.775+0000] {dagbag.py:532} INFO - Filling up the DagBag from /opt/airflow/dags/space_missions_launches_to_gcp.py
[2023-05-02T20:08:48.118+0000] {processor.py:753} INFO - DAG(s) dict_keys(['space_missions_launches_to_gcp_dag']) retrieved from /opt/airflow/dags/space_missions_launches_to_gcp.py
[2023-05-02T20:08:48.129+0000] {logging_mixin.py:137} INFO - [2023-05-02T20:08:48.129+0000] {dag.py:2705} INFO - Sync 1 DAGs
[2023-05-02T20:08:48.142+0000] {logging_mixin.py:137} INFO - [2023-05-02T20:08:48.142+0000] {dag.py:3456} INFO - Setting next_dagrun for space_missions_launches_to_gcp_dag to None, run_after=None
[2023-05-02T20:08:48.164+0000] {processor.py:175} INFO - Processing /opt/airflow/dags/space_missions_launches_to_gcp.py took 0.391 seconds
[2023-05-02T20:09:18.664+0000] {processor.py:153} INFO - Started process (PID=3619) to work on /opt/airflow/dags/space_missions_launches_to_gcp.py
[2023-05-02T20:09:18.674+0000] {processor.py:743} INFO - Processing file /opt/airflow/dags/space_missions_launches_to_gcp.py for tasks to queue
[2023-05-02T20:09:18.674+0000] {logging_mixin.py:137} INFO - [2023-05-02T20:09:18.674+0000] {dagbag.py:532} INFO - Filling up the DagBag from /opt/airflow/dags/space_missions_launches_to_gcp.py
[2023-05-02T20:09:19.028+0000] {processor.py:753} INFO - DAG(s) dict_keys(['space_missions_launches_to_gcp_dag']) retrieved from /opt/airflow/dags/space_missions_launches_to_gcp.py
[2023-05-02T20:09:19.040+0000] {logging_mixin.py:137} INFO - [2023-05-02T20:09:19.040+0000] {dag.py:2705} INFO - Sync 1 DAGs
[2023-05-02T20:09:19.053+0000] {logging_mixin.py:137} INFO - [2023-05-02T20:09:19.053+0000] {dag.py:3456} INFO - Setting next_dagrun for space_missions_launches_to_gcp_dag to None, run_after=None
[2023-05-02T20:09:19.076+0000] {processor.py:175} INFO - Processing /opt/airflow/dags/space_missions_launches_to_gcp.py took 0.416 seconds
