[2023-05-01T15:43:29.419+0000] {taskinstance.py:1090} INFO - Dependencies all met for dep_context=non-requeueable deps ti=<TaskInstance: space_missions_launches_to_gcp_dag.branch_task manual__2023-05-01T15:43:24.178630+00:00 [queued]>
[2023-05-01T15:43:29.424+0000] {taskinstance.py:1090} INFO - Dependencies all met for dep_context=requeueable deps ti=<TaskInstance: space_missions_launches_to_gcp_dag.branch_task manual__2023-05-01T15:43:24.178630+00:00 [queued]>
[2023-05-01T15:43:29.424+0000] {taskinstance.py:1288} INFO - 
--------------------------------------------------------------------------------
[2023-05-01T15:43:29.424+0000] {taskinstance.py:1289} INFO - Starting attempt 1 of 1
[2023-05-01T15:43:29.424+0000] {taskinstance.py:1290} INFO - 
--------------------------------------------------------------------------------
[2023-05-01T15:43:29.433+0000] {taskinstance.py:1309} INFO - Executing <Task(_BranchPythonDecoratedOperator): branch_task> on 2023-05-01 15:43:24.178630+00:00
[2023-05-01T15:43:29.437+0000] {standard_task_runner.py:55} INFO - Started process 14324 to run task
[2023-05-01T15:43:29.439+0000] {standard_task_runner.py:82} INFO - Running: ['***', 'tasks', 'run', 'space_missions_launches_to_gcp_dag', 'branch_task', 'manual__2023-05-01T15:43:24.178630+00:00', '--job-id', '87', '--raw', '--subdir', 'DAGS_FOLDER/space_missions_launches_to_gcp.py', '--cfg-path', '/tmp/tmpgzd2hzft']
[2023-05-01T15:43:29.440+0000] {standard_task_runner.py:83} INFO - Job 87: Subtask branch_task
[2023-05-01T15:43:29.474+0000] {task_command.py:389} INFO - Running <TaskInstance: space_missions_launches_to_gcp_dag.branch_task manual__2023-05-01T15:43:24.178630+00:00 [running]> on host e47d5c97588c
[2023-05-01T15:43:29.514+0000] {taskinstance.py:1518} INFO - Exporting the following env vars:
AIRFLOW_CTX_DAG_OWNER=***
AIRFLOW_CTX_DAG_ID=space_missions_launches_to_gcp_dag
AIRFLOW_CTX_TASK_ID=branch_task
AIRFLOW_CTX_EXECUTION_DATE=2023-05-01T15:43:24.178630+00:00
AIRFLOW_CTX_TRY_NUMBER=1
AIRFLOW_CTX_DAG_RUN_ID=manual__2023-05-01T15:43:24.178630+00:00
[2023-05-01T15:43:29.521+0000] {python.py:177} INFO - Done. Returned value was: space_missions_launches_from_gcs_to_bq_task
[2023-05-01T15:43:29.521+0000] {python.py:211} INFO - Branch callable return space_missions_launches_from_gcs_to_bq_task
[2023-05-01T15:43:29.521+0000] {skipmixin.py:155} INFO - Following branch space_missions_launches_from_gcs_to_bq_task
[2023-05-01T15:43:29.521+0000] {skipmixin.py:211} INFO - Skipping tasks ['stop_task']
[2023-05-01T15:43:29.547+0000] {taskinstance.py:1332} INFO - Marking task as SUCCESS. dag_id=space_missions_launches_to_gcp_dag, task_id=branch_task, execution_date=20230501T154324, start_date=20230501T154329, end_date=20230501T154329
[2023-05-01T15:43:29.571+0000] {local_task_job.py:212} INFO - Task exited with return code 0
[2023-05-01T15:43:29.588+0000] {taskinstance.py:2596} INFO - 1 downstream tasks scheduled from follow-on schedule check
